CRITICAL - 2024-04-19 08:20:37 --> Invalid file: Admin/Restok/DetailRestok.php
#0 C:\Users\TU-01\Downloads\niew\system\View\View.php(198): CodeIgniter\Exceptions\FrameworkException::forInvalidFile('Admin/Restok/De...')
#1 C:\Users\TU-01\Downloads\niew\system\Common.php(1089): CodeIgniter\View\View->render('Admin/Restok/De...', Array, true)
#2 C:\Users\TU-01\Downloads\niew\app\Controllers\Admin.php(2652): view('Admin/Restok/De...', Array)
#3 C:\Users\TU-01\Downloads\niew\system\CodeIgniter.php(832): App\Controllers\Admin->detailRestok('RST-20240418052...')
#4 C:\Users\TU-01\Downloads\niew\system\CodeIgniter.php(419): CodeIgniter\CodeIgniter->runController(Object(App\Controllers\Admin))
#5 C:\Users\TU-01\Downloads\niew\system\CodeIgniter.php(326): CodeIgniter\CodeIgniter->handleRequest(NULL, Object(Config\Cache), false)
#6 C:\Users\TU-01\Downloads\niew\public\index.php(37): CodeIgniter\CodeIgniter->run()
#7 C:\Users\TU-01\Downloads\niew\system\Commands\Server\rewrite.php(43): require_once('C:\\Users\\TU-01\\...')
#8 {main}
ERROR - 2024-04-19 08:20:49 --> Unknown column 'master_barang.tipe_barang' in 'field list'
CRITICAL - 2024-04-19 08:20:49 --> Unknown column 'master_barang.tipe_barang' in 'field list'
#0 C:\Users\TU-01\Downloads\niew\system\Database\MySQLi\Connection.php(292): mysqli->query('SELECT `detail_...', 0)
#1 C:\Users\TU-01\Downloads\niew\system\Database\BaseConnection.php(670): CodeIgniter\Database\MySQLi\Connection->execute('SELECT `detail_...')
#2 C:\Users\TU-01\Downloads\niew\system\Database\BaseConnection.php(598): CodeIgniter\Database\BaseConnection->simpleQuery('SELECT `detail_...')
#3 C:\Users\TU-01\Downloads\niew\system\Database\BaseBuilder.php(1455): CodeIgniter\Database\BaseConnection->query('SELECT `detail_...', Array, false)
#4 C:\Users\TU-01\Downloads\niew\system\Model.php(183): CodeIgniter\Database\BaseBuilder->get()
#5 C:\Users\TU-01\Downloads\niew\system\BaseModel.php(584): CodeIgniter\Model->doFindAll(0, 0)
#6 C:\Users\TU-01\Downloads\niew\app\Models\detailRestokModel.php(35): CodeIgniter\BaseModel->findAll()
#7 C:\Users\TU-01\Downloads\niew\app\Views\Admin\Restok\Detail.php(49): App\Models\detailRestokModel->getDetailRestok('RST-20240418052...')
#8 C:\Users\TU-01\Downloads\niew\system\View\View.php(210): include('C:\\Users\\TU-01\\...')
#9 C:\Users\TU-01\Downloads\niew\system\View\View.php(213): CodeIgniter\View\View->CodeIgniter\View\{closure}()
#10 C:\Users\TU-01\Downloads\niew\system\Common.php(1089): CodeIgniter\View\View->render('Admin/Restok/De...', Array, true)
#11 C:\Users\TU-01\Downloads\niew\app\Controllers\Admin.php(2652): view('Admin/Restok/De...', Array)
#12 C:\Users\TU-01\Downloads\niew\system\CodeIgniter.php(832): App\Controllers\Admin->detailRestok('RST-20240418052...')
#13 C:\Users\TU-01\Downloads\niew\system\CodeIgniter.php(419): CodeIgniter\CodeIgniter->runController(Object(App\Controllers\Admin))
#14 C:\Users\TU-01\Downloads\niew\system\CodeIgniter.php(326): CodeIgniter\CodeIgniter->handleRequest(NULL, Object(Config\Cache), false)
#15 C:\Users\TU-01\Downloads\niew\public\index.php(37): CodeIgniter\CodeIgniter->run()
#16 C:\Users\TU-01\Downloads\niew\system\Commands\Server\rewrite.php(43): require_once('C:\\Users\\TU-01\\...')
#17 {main}
CRITICAL - 2024-04-19 08:25:03 --> Undefined array key "nama_brg"
#0 C:\Users\TU-01\Downloads\niew\app\Views\Admin\Restok\Detail.php(55): CodeIgniter\Debug\Exceptions->errorHandler(2, 'Undefined array...', 'C:\\Users\\TU-01\\...', 55)
#1 C:\Users\TU-01\Downloads\niew\system\View\View.php(210): include('C:\\Users\\TU-01\\...')
#2 C:\Users\TU-01\Downloads\niew\system\View\View.php(213): CodeIgniter\View\View->CodeIgniter\View\{closure}()
#3 C:\Users\TU-01\Downloads\niew\system\Common.php(1089): CodeIgniter\View\View->render('Admin/Restok/De...', Array, true)
#4 C:\Users\TU-01\Downloads\niew\app\Controllers\Admin.php(2652): view('Admin/Restok/De...', Array)
#5 C:\Users\TU-01\Downloads\niew\system\CodeIgniter.php(832): App\Controllers\Admin->detailRestok('RST-20240418052...')
#6 C:\Users\TU-01\Downloads\niew\system\CodeIgniter.php(419): CodeIgniter\CodeIgniter->runController(Object(App\Controllers\Admin))
#7 C:\Users\TU-01\Downloads\niew\system\CodeIgniter.php(326): CodeIgniter\CodeIgniter->handleRequest(NULL, Object(Config\Cache), false)
#8 C:\Users\TU-01\Downloads\niew\public\index.php(37): CodeIgniter\CodeIgniter->run()
#9 C:\Users\TU-01\Downloads\niew\system\Commands\Server\rewrite.php(43): require_once('C:\\Users\\TU-01\\...')
#10 {main}
CRITICAL - 2024-04-19 08:42:30 --> Undefined variable $detailRestok
#0 C:\Users\TU-01\Downloads\niew\app\Views\Admin\Restok\Detail.php(50): CodeIgniter\Debug\Exceptions->errorHandler(2, 'Undefined varia...', 'C:\\Users\\TU-01\\...', 50)
#1 C:\Users\TU-01\Downloads\niew\system\View\View.php(210): include('C:\\Users\\TU-01\\...')
#2 C:\Users\TU-01\Downloads\niew\system\View\View.php(213): CodeIgniter\View\View->CodeIgniter\View\{closure}()
#3 C:\Users\TU-01\Downloads\niew\system\Common.php(1089): CodeIgniter\View\View->render('Admin/Restok/De...', Array, true)
#4 C:\Users\TU-01\Downloads\niew\app\Controllers\Admin.php(2652): view('Admin/Restok/De...', Array)
#5 C:\Users\TU-01\Downloads\niew\system\CodeIgniter.php(832): App\Controllers\Admin->detailRestok('RST-20240418053...')
#6 C:\Users\TU-01\Downloads\niew\system\CodeIgniter.php(419): CodeIgniter\CodeIgniter->runController(Object(App\Controllers\Admin))
#7 C:\Users\TU-01\Downloads\niew\system\CodeIgniter.php(326): CodeIgniter\CodeIgniter->handleRequest(NULL, Object(Config\Cache), false)
#8 C:\Users\TU-01\Downloads\niew\public\index.php(37): CodeIgniter\CodeIgniter->run()
#9 C:\Users\TU-01\Downloads\niew\system\Commands\Server\rewrite.php(43): require_once('C:\\Users\\TU-01\\...')
#10 {main}
ERROR - 2024-04-19 08:46:30 --> Unknown column 'master_barang.id_master_barang' in 'field list'
CRITICAL - 2024-04-19 08:46:30 --> Unknown column 'master_barang.id_master_barang' in 'field list'
#0 C:\Users\TU-01\Downloads\niew\system\Database\MySQLi\Connection.php(292): mysqli->query('SELECT `detail_...', 0)
#1 C:\Users\TU-01\Downloads\niew\system\Database\BaseConnection.php(670): CodeIgniter\Database\MySQLi\Connection->execute('SELECT `detail_...')
#2 C:\Users\TU-01\Downloads\niew\system\Database\BaseConnection.php(598): CodeIgniter\Database\BaseConnection->simpleQuery('SELECT `detail_...')
#3 C:\Users\TU-01\Downloads\niew\system\Database\BaseBuilder.php(1455): CodeIgniter\Database\BaseConnection->query('SELECT `detail_...', Array, false)
#4 C:\Users\TU-01\Downloads\niew\system\Model.php(183): CodeIgniter\Database\BaseBuilder->get()
#5 C:\Users\TU-01\Downloads\niew\system\BaseModel.php(584): CodeIgniter\Model->doFindAll(0, 0)
#6 C:\Users\TU-01\Downloads\niew\app\Models\detailRestokModel.php(34): CodeIgniter\BaseModel->findAll()
#7 C:\Users\TU-01\Downloads\niew\app\Controllers\Admin.php(2644): App\Models\detailRestokModel->getDetailRestok('RST-20240418052...')
#8 C:\Users\TU-01\Downloads\niew\system\CodeIgniter.php(832): App\Controllers\Admin->detailRestok('RST-20240418052...')
#9 C:\Users\TU-01\Downloads\niew\system\CodeIgniter.php(419): CodeIgniter\CodeIgniter->runController(Object(App\Controllers\Admin))
#10 C:\Users\TU-01\Downloads\niew\system\CodeIgniter.php(326): CodeIgniter\CodeIgniter->handleRequest(NULL, Object(Config\Cache), false)
#11 C:\Users\TU-01\Downloads\niew\public\index.php(37): CodeIgniter\CodeIgniter->run()
#12 C:\Users\TU-01\Downloads\niew\system\Commands\Server\rewrite.php(43): require_once('C:\\Users\\TU-01\\...')
#13 {main}
CRITICAL - 2024-04-19 08:47:29 --> syntax error, unexpected variable "$data"
#0 C:\Users\TU-01\Downloads\niew\system\Router\Router.php(175): CodeIgniter\Router\Router->autoRoute('Admin/detailRes...')
#1 C:\Users\TU-01\Downloads\niew\system\CodeIgniter.php(726): CodeIgniter\Router\Router->handle('Admin/detailRes...')
#2 C:\Users\TU-01\Downloads\niew\system\CodeIgniter.php(368): CodeIgniter\CodeIgniter->tryToRouteIt(Object(CodeIgniter\Router\RouteCollection))
#3 C:\Users\TU-01\Downloads\niew\system\CodeIgniter.php(326): CodeIgniter\CodeIgniter->handleRequest(NULL, Object(Config\Cache), false)
#4 C:\Users\TU-01\Downloads\niew\public\index.php(37): CodeIgniter\CodeIgniter->run()
#5 C:\Users\TU-01\Downloads\niew\system\Commands\Server\rewrite.php(43): require_once('C:\\Users\\TU-01\\...')
#6 {main}
ERROR - 2024-04-19 08:54:01 --> Unknown column 'restok.restok_ids' in 'on clause'
CRITICAL - 2024-04-19 08:54:01 --> Unknown column 'restok.restok_ids' in 'on clause'
#0 C:\Users\TU-01\Downloads\niew\system\Database\MySQLi\Connection.php(292): mysqli->query('SELECT `detail_...', 0)
#1 C:\Users\TU-01\Downloads\niew\system\Database\BaseConnection.php(670): CodeIgniter\Database\MySQLi\Connection->execute('SELECT `detail_...')
#2 C:\Users\TU-01\Downloads\niew\system\Database\BaseConnection.php(598): CodeIgniter\Database\BaseConnection->simpleQuery('SELECT `detail_...')
#3 C:\Users\TU-01\Downloads\niew\system\Database\BaseBuilder.php(1455): CodeIgniter\Database\BaseConnection->query('SELECT `detail_...', Array, false)
#4 C:\Users\TU-01\Downloads\niew\system\Model.php(183): CodeIgniter\Database\BaseBuilder->get()
#5 C:\Users\TU-01\Downloads\niew\system\BaseModel.php(584): CodeIgniter\Model->doFindAll(0, 0)
#6 C:\Users\TU-01\Downloads\niew\app\Models\detailRestokModel.php(35): CodeIgniter\BaseModel->findAll()
#7 C:\Users\TU-01\Downloads\niew\app\Controllers\Admin.php(2647): App\Models\detailRestokModel->getDetailRestok('RST-20240418053...')
#8 C:\Users\TU-01\Downloads\niew\system\CodeIgniter.php(832): App\Controllers\Admin->detailRestok('RST-20240418053...')
#9 C:\Users\TU-01\Downloads\niew\system\CodeIgniter.php(419): CodeIgniter\CodeIgniter->runController(Object(App\Controllers\Admin))
#10 C:\Users\TU-01\Downloads\niew\system\CodeIgniter.php(326): CodeIgniter\CodeIgniter->handleRequest(NULL, Object(Config\Cache), false)
#11 C:\Users\TU-01\Downloads\niew\public\index.php(37): CodeIgniter\CodeIgniter->run()
#12 C:\Users\TU-01\Downloads\niew\system\Commands\Server\rewrite.php(43): require_once('C:\\Users\\TU-01\\...')
#13 {main}
ERROR - 2024-04-19 08:56:53 --> Unknown column 'master_barang.id_master_barang' in 'on clause'
CRITICAL - 2024-04-19 08:56:53 --> Unknown column 'master_barang.id_master_barang' in 'on clause'
#0 C:\Users\TU-01\Downloads\niew\system\Database\MySQLi\Connection.php(292): mysqli->query('SELECT `detail_...', 0)
#1 C:\Users\TU-01\Downloads\niew\system\Database\BaseConnection.php(670): CodeIgniter\Database\MySQLi\Connection->execute('SELECT `detail_...')
#2 C:\Users\TU-01\Downloads\niew\system\Database\BaseConnection.php(598): CodeIgniter\Database\BaseConnection->simpleQuery('SELECT `detail_...')
#3 C:\Users\TU-01\Downloads\niew\system\Database\BaseBuilder.php(1455): CodeIgniter\Database\BaseConnection->query('SELECT `detail_...', Array, false)
#4 C:\Users\TU-01\Downloads\niew\system\Model.php(183): CodeIgniter\Database\BaseBuilder->get()
#5 C:\Users\TU-01\Downloads\niew\system\BaseModel.php(584): CodeIgniter\Model->doFindAll(0, 0)
#6 C:\Users\TU-01\Downloads\niew\app\Models\detailRestokModel.php(36): CodeIgniter\BaseModel->findAll()
#7 C:\Users\TU-01\Downloads\niew\app\Controllers\Admin.php(2647): App\Models\detailRestokModel->getDetailRestok('RST-20240418053...')
#8 C:\Users\TU-01\Downloads\niew\system\CodeIgniter.php(832): App\Controllers\Admin->detailRestok('RST-20240418053...')
#9 C:\Users\TU-01\Downloads\niew\system\CodeIgniter.php(419): CodeIgniter\CodeIgniter->runController(Object(App\Controllers\Admin))
#10 C:\Users\TU-01\Downloads\niew\system\CodeIgniter.php(326): CodeIgniter\CodeIgniter->handleRequest(NULL, Object(Config\Cache), false)
#11 C:\Users\TU-01\Downloads\niew\public\index.php(37): CodeIgniter\CodeIgniter->run()
#12 C:\Users\TU-01\Downloads\niew\system\Commands\Server\rewrite.php(43): require_once('C:\\Users\\TU-01\\...')
#13 {main}
ERROR - 2024-04-19 08:58:58 --> Unknown column 'master_barang.kode_barang' in 'on clause'
CRITICAL - 2024-04-19 08:58:58 --> Unknown column 'master_barang.kode_barang' in 'on clause'
#0 C:\Users\TU-01\Downloads\niew\system\Database\MySQLi\Connection.php(292): mysqli->query('SELECT `detail_...', 0)
#1 C:\Users\TU-01\Downloads\niew\system\Database\BaseConnection.php(670): CodeIgniter\Database\MySQLi\Connection->execute('SELECT `detail_...')
#2 C:\Users\TU-01\Downloads\niew\system\Database\BaseConnection.php(598): CodeIgniter\Database\BaseConnection->simpleQuery('SELECT `detail_...')
#3 C:\Users\TU-01\Downloads\niew\system\Database\BaseBuilder.php(1455): CodeIgniter\Database\BaseConnection->query('SELECT `detail_...', Array, false)
#4 C:\Users\TU-01\Downloads\niew\system\Model.php(183): CodeIgniter\Database\BaseBuilder->get()
#5 C:\Users\TU-01\Downloads\niew\system\BaseModel.php(584): CodeIgniter\Model->doFindAll(0, 0)
#6 C:\Users\TU-01\Downloads\niew\app\Models\detailRestokModel.php(36): CodeIgniter\BaseModel->findAll()
#7 C:\Users\TU-01\Downloads\niew\app\Controllers\Admin.php(2647): App\Models\detailRestokModel->getDetailRestok('RST-20240418053...')
#8 C:\Users\TU-01\Downloads\niew\system\CodeIgniter.php(832): App\Controllers\Admin->detailRestok('RST-20240418053...')
#9 C:\Users\TU-01\Downloads\niew\system\CodeIgniter.php(419): CodeIgniter\CodeIgniter->runController(Object(App\Controllers\Admin))
#10 C:\Users\TU-01\Downloads\niew\system\CodeIgniter.php(326): CodeIgniter\CodeIgniter->handleRequest(NULL, Object(Config\Cache), false)
#11 C:\Users\TU-01\Downloads\niew\public\index.php(37): CodeIgniter\CodeIgniter->run()
#12 C:\Users\TU-01\Downloads\niew\system\Commands\Server\rewrite.php(43): require_once('C:\\Users\\TU-01\\...')
#13 {main}
ERROR - 2024-04-19 08:59:34 --> Unknown column 'master_barang.kode_barang' in 'on clause'
CRITICAL - 2024-04-19 08:59:34 --> Unknown column 'master_barang.kode_barang' in 'on clause'
#0 C:\Users\TU-01\Downloads\niew\system\Database\MySQLi\Connection.php(292): mysqli->query('SELECT `detail_...', 0)
#1 C:\Users\TU-01\Downloads\niew\system\Database\BaseConnection.php(670): CodeIgniter\Database\MySQLi\Connection->execute('SELECT `detail_...')
#2 C:\Users\TU-01\Downloads\niew\system\Database\BaseConnection.php(598): CodeIgniter\Database\BaseConnection->simpleQuery('SELECT `detail_...')
#3 C:\Users\TU-01\Downloads\niew\system\Database\BaseBuilder.php(1455): CodeIgniter\Database\BaseConnection->query('SELECT `detail_...', Array, false)
#4 C:\Users\TU-01\Downloads\niew\system\Model.php(183): CodeIgniter\Database\BaseBuilder->get()
#5 C:\Users\TU-01\Downloads\niew\system\BaseModel.php(584): CodeIgniter\Model->doFindAll(0, 0)
#6 C:\Users\TU-01\Downloads\niew\app\Models\detailRestokModel.php(37): CodeIgniter\BaseModel->findAll()
#7 C:\Users\TU-01\Downloads\niew\app\Controllers\Admin.php(2647): App\Models\detailRestokModel->getDetailRestok('RST-20240418053...')
#8 C:\Users\TU-01\Downloads\niew\system\CodeIgniter.php(832): App\Controllers\Admin->detailRestok('RST-20240418053...')
#9 C:\Users\TU-01\Downloads\niew\system\CodeIgniter.php(419): CodeIgniter\CodeIgniter->runController(Object(App\Controllers\Admin))
#10 C:\Users\TU-01\Downloads\niew\system\CodeIgniter.php(326): CodeIgniter\CodeIgniter->handleRequest(NULL, Object(Config\Cache), false)
#11 C:\Users\TU-01\Downloads\niew\public\index.php(37): CodeIgniter\CodeIgniter->run()
#12 C:\Users\TU-01\Downloads\niew\system\Commands\Server\rewrite.php(43): require_once('C:\\Users\\TU-01\\...')
#13 {main}
ERROR - 2024-04-19 09:11:36 --> Unknown column 'master_barang.nama_brg' in 'field list'
CRITICAL - 2024-04-19 09:11:36 --> Unknown column 'master_barang.nama_brg' in 'field list'
#0 C:\Users\TU-01\Downloads\niew\system\Database\MySQLi\Connection.php(292): mysqli->query('SELECT `detail_...', 0)
#1 C:\Users\TU-01\Downloads\niew\system\Database\BaseConnection.php(670): CodeIgniter\Database\MySQLi\Connection->execute('SELECT `detail_...')
#2 C:\Users\TU-01\Downloads\niew\system\Database\BaseConnection.php(598): CodeIgniter\Database\BaseConnection->simpleQuery('SELECT `detail_...')
#3 C:\Users\TU-01\Downloads\niew\system\Database\BaseBuilder.php(1455): CodeIgniter\Database\BaseConnection->query('SELECT `detail_...', Array, false)
#4 C:\Users\TU-01\Downloads\niew\system\Model.php(183): CodeIgniter\Database\BaseBuilder->get()
#5 C:\Users\TU-01\Downloads\niew\system\BaseModel.php(584): CodeIgniter\Model->doFindAll(0, 0)
#6 C:\Users\TU-01\Downloads\niew\app\Models\detailRestokModel.php(37): CodeIgniter\BaseModel->findAll()
#7 C:\Users\TU-01\Downloads\niew\app\Controllers\Admin.php(2645): App\Models\detailRestokModel->getDetailRestok('RST-20240418053...')
#8 C:\Users\TU-01\Downloads\niew\system\CodeIgniter.php(832): App\Controllers\Admin->detailRestok('RST-20240418053...')
#9 C:\Users\TU-01\Downloads\niew\system\CodeIgniter.php(419): CodeIgniter\CodeIgniter->runController(Object(App\Controllers\Admin))
#10 C:\Users\TU-01\Downloads\niew\system\CodeIgniter.php(326): CodeIgniter\CodeIgniter->handleRequest(NULL, Object(Config\Cache), false)
#11 C:\Users\TU-01\Downloads\niew\public\index.php(37): CodeIgniter\CodeIgniter->run()
#12 C:\Users\TU-01\Downloads\niew\system\Commands\Server\rewrite.php(43): require_once('C:\\Users\\TU-01\\...')
#13 {main}
ERROR - 2024-04-19 10:01:13 --> Unknown column 'restok.id' in 'where clause'
CRITICAL - 2024-04-19 10:01:13 --> Unknown column 'restok.id' in 'where clause'
#0 C:\Users\TU-01\Downloads\niew\system\Database\MySQLi\Connection.php(292): mysqli->query('SELECT *\nFROM `...', 0)
#1 C:\Users\TU-01\Downloads\niew\system\Database\BaseConnection.php(670): CodeIgniter\Database\MySQLi\Connection->execute('SELECT *\nFROM `...')
#2 C:\Users\TU-01\Downloads\niew\system\Database\BaseConnection.php(598): CodeIgniter\Database\BaseConnection->simpleQuery('SELECT *\nFROM `...')
#3 C:\Users\TU-01\Downloads\niew\system\Database\BaseBuilder.php(1455): CodeIgniter\Database\BaseConnection->query('SELECT *\nFROM `...', Array, false)
#4 C:\Users\TU-01\Downloads\niew\system\Model.php(142): CodeIgniter\Database\BaseBuilder->get()
#5 C:\Users\TU-01\Downloads\niew\system\BaseModel.php(523): CodeIgniter\Model->doFind(true, 'RST-20240418052...')
#6 C:\Users\TU-01\Downloads\niew\app\Controllers\Admin.php(2775): CodeIgniter\BaseModel->find('RST-20240418052...')
#7 C:\Users\TU-01\Downloads\niew\system\CodeIgniter.php(832): App\Controllers\Admin->hapusRestok('RST-20240418052...')
#8 C:\Users\TU-01\Downloads\niew\system\CodeIgniter.php(419): CodeIgniter\CodeIgniter->runController(Object(App\Controllers\Admin))
#9 C:\Users\TU-01\Downloads\niew\system\CodeIgniter.php(326): CodeIgniter\CodeIgniter->handleRequest(NULL, Object(Config\Cache), false)
#10 C:\Users\TU-01\Downloads\niew\public\index.php(37): CodeIgniter\CodeIgniter->run()
#11 C:\Users\TU-01\Downloads\niew\system\Commands\Server\rewrite.php(43): require_once('C:\\Users\\TU-01\\...')
#12 {main}
ERROR - 2024-04-19 10:02:39 --> Unknown column 'restok.id' in 'where clause'
CRITICAL - 2024-04-19 10:02:39 --> Unknown column 'restok.id' in 'where clause'
#0 C:\Users\TU-01\Downloads\niew\system\Database\MySQLi\Connection.php(292): mysqli->query('SELECT *\nFROM `...', 0)
#1 C:\Users\TU-01\Downloads\niew\system\Database\BaseConnection.php(670): CodeIgniter\Database\MySQLi\Connection->execute('SELECT *\nFROM `...')
#2 C:\Users\TU-01\Downloads\niew\system\Database\BaseConnection.php(598): CodeIgniter\Database\BaseConnection->simpleQuery('SELECT *\nFROM `...')
#3 C:\Users\TU-01\Downloads\niew\system\Database\BaseBuilder.php(1455): CodeIgniter\Database\BaseConnection->query('SELECT *\nFROM `...', Array, false)
#4 C:\Users\TU-01\Downloads\niew\system\Model.php(142): CodeIgniter\Database\BaseBuilder->get()
#5 C:\Users\TU-01\Downloads\niew\system\BaseModel.php(523): CodeIgniter\Model->doFind(true, 'RST-20240418052...')
#6 C:\Users\TU-01\Downloads\niew\app\Controllers\Admin.php(2775): CodeIgniter\BaseModel->find('RST-20240418052...')
#7 C:\Users\TU-01\Downloads\niew\system\CodeIgniter.php(832): App\Controllers\Admin->hapusRestok('RST-20240418052...')
#8 C:\Users\TU-01\Downloads\niew\system\CodeIgniter.php(419): CodeIgniter\CodeIgniter->runController(Object(App\Controllers\Admin))
#9 C:\Users\TU-01\Downloads\niew\system\CodeIgniter.php(326): CodeIgniter\CodeIgniter->handleRequest(NULL, Object(Config\Cache), false)
#10 C:\Users\TU-01\Downloads\niew\public\index.php(37): CodeIgniter\CodeIgniter->run()
#11 C:\Users\TU-01\Downloads\niew\system\Commands\Server\rewrite.php(43): require_once('C:\\Users\\TU-01\\...')
#12 {main}
ERROR - 2024-04-19 10:03:33 --> Unknown column 'restok.id' in 'where clause'
CRITICAL - 2024-04-19 10:03:33 --> Unknown column 'restok.id' in 'where clause'
#0 C:\Users\TU-01\Downloads\niew\system\Database\MySQLi\Connection.php(292): mysqli->query('SELECT *\nFROM `...', 0)
#1 C:\Users\TU-01\Downloads\niew\system\Database\BaseConnection.php(670): CodeIgniter\Database\MySQLi\Connection->execute('SELECT *\nFROM `...')
#2 C:\Users\TU-01\Downloads\niew\system\Database\BaseConnection.php(598): CodeIgniter\Database\BaseConnection->simpleQuery('SELECT *\nFROM `...')
#3 C:\Users\TU-01\Downloads\niew\system\Database\BaseBuilder.php(1455): CodeIgniter\Database\BaseConnection->query('SELECT *\nFROM `...', Array, false)
#4 C:\Users\TU-01\Downloads\niew\system\Model.php(142): CodeIgniter\Database\BaseBuilder->get()
#5 C:\Users\TU-01\Downloads\niew\system\BaseModel.php(523): CodeIgniter\Model->doFind(true, 'RST-20240418052...')
#6 C:\Users\TU-01\Downloads\niew\app\Controllers\Admin.php(2775): CodeIgniter\BaseModel->find('RST-20240418052...')
#7 C:\Users\TU-01\Downloads\niew\system\CodeIgniter.php(832): App\Controllers\Admin->hapusRestok('RST-20240418052...')
#8 C:\Users\TU-01\Downloads\niew\system\CodeIgniter.php(419): CodeIgniter\CodeIgniter->runController(Object(App\Controllers\Admin))
#9 C:\Users\TU-01\Downloads\niew\system\CodeIgniter.php(326): CodeIgniter\CodeIgniter->handleRequest(NULL, Object(Config\Cache), false)
#10 C:\Users\TU-01\Downloads\niew\public\index.php(37): CodeIgniter\CodeIgniter->run()
#11 C:\Users\TU-01\Downloads\niew\system\Commands\Server\rewrite.php(43): require_once('C:\\Users\\TU-01\\...')
#12 {main}
ERROR - 2024-04-19 10:03:45 --> Unknown column 'restok.id' in 'where clause'
CRITICAL - 2024-04-19 10:03:45 --> Unknown column 'restok.id' in 'where clause'
#0 C:\Users\TU-01\Downloads\niew\system\Database\MySQLi\Connection.php(292): mysqli->query('SELECT *\nFROM `...', 0)
#1 C:\Users\TU-01\Downloads\niew\system\Database\BaseConnection.php(670): CodeIgniter\Database\MySQLi\Connection->execute('SELECT *\nFROM `...')
#2 C:\Users\TU-01\Downloads\niew\system\Database\BaseConnection.php(598): CodeIgniter\Database\BaseConnection->simpleQuery('SELECT *\nFROM `...')
#3 C:\Users\TU-01\Downloads\niew\system\Database\BaseBuilder.php(1455): CodeIgniter\Database\BaseConnection->query('SELECT *\nFROM `...', Array, false)
#4 C:\Users\TU-01\Downloads\niew\system\Model.php(142): CodeIgniter\Database\BaseBuilder->get()
#5 C:\Users\TU-01\Downloads\niew\system\BaseModel.php(523): CodeIgniter\Model->doFind(true, 'RST-20240418052...')
#6 C:\Users\TU-01\Downloads\niew\app\Controllers\Admin.php(2775): CodeIgniter\BaseModel->find('RST-20240418052...')
#7 C:\Users\TU-01\Downloads\niew\system\CodeIgniter.php(832): App\Controllers\Admin->hapusRestok('RST-20240418052...')
#8 C:\Users\TU-01\Downloads\niew\system\CodeIgniter.php(419): CodeIgniter\CodeIgniter->runController(Object(App\Controllers\Admin))
#9 C:\Users\TU-01\Downloads\niew\system\CodeIgniter.php(326): CodeIgniter\CodeIgniter->handleRequest(NULL, Object(Config\Cache), false)
#10 C:\Users\TU-01\Downloads\niew\public\index.php(37): CodeIgniter\CodeIgniter->run()
#11 C:\Users\TU-01\Downloads\niew\system\Commands\Server\rewrite.php(43): require_once('C:\\Users\\TU-01\\...')
#12 {main}
ERROR - 2024-04-19 10:04:53 --> Unknown column 'id_restok' in 'where clause'
CRITICAL - 2024-04-19 10:04:53 --> Unknown column 'id_restok' in 'where clause'
#0 C:\Users\TU-01\Downloads\niew\system\Database\MySQLi\Connection.php(292): mysqli->query('SELECT *\nFROM `...', 0)
#1 C:\Users\TU-01\Downloads\niew\system\Database\BaseConnection.php(670): CodeIgniter\Database\MySQLi\Connection->execute('SELECT *\nFROM `...')
#2 C:\Users\TU-01\Downloads\niew\system\Database\BaseConnection.php(598): CodeIgniter\Database\BaseConnection->simpleQuery('SELECT *\nFROM `...')
#3 C:\Users\TU-01\Downloads\niew\system\Database\BaseBuilder.php(1455): CodeIgniter\Database\BaseConnection->query('SELECT *\nFROM `...', Array, false)
#4 C:\Users\TU-01\Downloads\niew\system\Model.php(210): CodeIgniter\Database\BaseBuilder->get()
#5 C:\Users\TU-01\Downloads\niew\system\BaseModel.php(622): CodeIgniter\Model->doFirst()
#6 C:\Users\TU-01\Downloads\niew\app\Controllers\Admin.php(2775): CodeIgniter\BaseModel->first()
#7 C:\Users\TU-01\Downloads\niew\system\CodeIgniter.php(832): App\Controllers\Admin->hapusRestok('RST-20240418052...')
#8 C:\Users\TU-01\Downloads\niew\system\CodeIgniter.php(419): CodeIgniter\CodeIgniter->runController(Object(App\Controllers\Admin))
#9 C:\Users\TU-01\Downloads\niew\system\CodeIgniter.php(326): CodeIgniter\CodeIgniter->handleRequest(NULL, Object(Config\Cache), false)
#10 C:\Users\TU-01\Downloads\niew\public\index.php(37): CodeIgniter\CodeIgniter->run()
#11 C:\Users\TU-01\Downloads\niew\system\Commands\Server\rewrite.php(43): require_once('C:\\Users\\TU-01\\...')
#12 {main}
ERROR - 2024-04-19 10:06:24 --> Unknown column 'id' in 'where clause'
CRITICAL - 2024-04-19 10:06:24 --> Unknown column 'id' in 'where clause'
#0 C:\Users\TU-01\Downloads\niew\system\Database\MySQLi\Connection.php(292): mysqli->query('DELETE FROM `re...', 0)
#1 C:\Users\TU-01\Downloads\niew\system\Database\BaseConnection.php(670): CodeIgniter\Database\MySQLi\Connection->execute('DELETE FROM `re...')
#2 C:\Users\TU-01\Downloads\niew\system\Database\BaseConnection.php(598): CodeIgniter\Database\BaseConnection->simpleQuery('DELETE FROM `re...')
#3 C:\Users\TU-01\Downloads\niew\system\Database\BaseBuilder.php(2225): CodeIgniter\Database\BaseConnection->query('DELETE FROM `re...', Array, false)
#4 C:\Users\TU-01\Downloads\niew\system\Model.php(359): CodeIgniter\Database\BaseBuilder->delete()
#5 C:\Users\TU-01\Downloads\niew\system\BaseModel.php(963): CodeIgniter\Model->doDelete(Array, false)
#6 C:\Users\TU-01\Downloads\niew\app\Controllers\Admin.php(2795): CodeIgniter\BaseModel->delete(Array)
#7 C:\Users\TU-01\Downloads\niew\system\CodeIgniter.php(832): App\Controllers\Admin->hapusRestok('RST-20240418052...')
#8 C:\Users\TU-01\Downloads\niew\system\CodeIgniter.php(419): CodeIgniter\CodeIgniter->runController(Object(App\Controllers\Admin))
#9 C:\Users\TU-01\Downloads\niew\system\CodeIgniter.php(326): CodeIgniter\CodeIgniter->handleRequest(NULL, Object(Config\Cache), false)
#10 C:\Users\TU-01\Downloads\niew\public\index.php(37): CodeIgniter\CodeIgniter->run()
#11 C:\Users\TU-01\Downloads\niew\system\Commands\Server\rewrite.php(43): require_once('C:\\Users\\TU-01\\...')
#12 {main}
CRITICAL - 2024-04-19 10:29:05 --> Undefined array key "nama_barang"
#0 C:\Users\TU-01\Downloads\niew\app\Controllers\Admin.php(2755): CodeIgniter\Debug\Exceptions->errorHandler(2, 'Undefined array...', 'C:\\Users\\TU-01\\...', 2755)
#1 C:\Users\TU-01\Downloads\niew\system\CodeIgniter.php(832): App\Controllers\Admin->simpanRestok()
#2 C:\Users\TU-01\Downloads\niew\system\CodeIgniter.php(419): CodeIgniter\CodeIgniter->runController(Object(App\Controllers\Admin))
#3 C:\Users\TU-01\Downloads\niew\system\CodeIgniter.php(326): CodeIgniter\CodeIgniter->handleRequest(NULL, Object(Config\Cache), false)
#4 C:\Users\TU-01\Downloads\niew\public\index.php(37): CodeIgniter\CodeIgniter->run()
#5 C:\Users\TU-01\Downloads\niew\system\Commands\Server\rewrite.php(43): require_once('C:\\Users\\TU-01\\...')
#6 {main}
CRITICAL - 2024-04-19 10:36:08 --> Undefined array key "nama_brg"
#0 C:\Users\TU-01\Downloads\niew\app\Controllers\Admin.php(2795): CodeIgniter\Debug\Exceptions->errorHandler(2, 'Undefined array...', 'C:\\Users\\TU-01\\...', 2795)
#1 C:\Users\TU-01\Downloads\niew\system\CodeIgniter.php(832): App\Controllers\Admin->hapusRestok('RST-20240419103...')
#2 C:\Users\TU-01\Downloads\niew\system\CodeIgniter.php(419): CodeIgniter\CodeIgniter->runController(Object(App\Controllers\Admin))
#3 C:\Users\TU-01\Downloads\niew\system\CodeIgniter.php(326): CodeIgniter\CodeIgniter->handleRequest(NULL, Object(Config\Cache), false)
#4 C:\Users\TU-01\Downloads\niew\public\index.php(37): CodeIgniter\CodeIgniter->run()
#5 C:\Users\TU-01\Downloads\niew\system\Commands\Server\rewrite.php(43): require_once('C:\\Users\\TU-01\\...')
#6 {main}
CRITICAL - 2024-04-19 10:51:03 --> Undefined variable $restok
#0 C:\Users\TU-01\Downloads\niew\app\Views\Admin\Restok\Index.php(72): CodeIgniter\Debug\Exceptions->errorHandler(2, 'Undefined varia...', 'C:\\Users\\TU-01\\...', 72)
#1 C:\Users\TU-01\Downloads\niew\system\View\View.php(210): include('C:\\Users\\TU-01\\...')
#2 C:\Users\TU-01\Downloads\niew\system\View\View.php(213): CodeIgniter\View\View->CodeIgniter\View\{closure}()
#3 C:\Users\TU-01\Downloads\niew\system\Common.php(1089): CodeIgniter\View\View->render('Admin/Restok/In...', Array, true)
#4 C:\Users\TU-01\Downloads\niew\app\Controllers\Admin.php(2635): view('Admin/Restok/In...', Array)
#5 C:\Users\TU-01\Downloads\niew\system\CodeIgniter.php(832): App\Controllers\Admin->restok()
#6 C:\Users\TU-01\Downloads\niew\system\CodeIgniter.php(419): CodeIgniter\CodeIgniter->runController(Object(App\Controllers\Admin))
#7 C:\Users\TU-01\Downloads\niew\system\CodeIgniter.php(326): CodeIgniter\CodeIgniter->handleRequest(NULL, Object(Config\Cache), false)
#8 C:\Users\TU-01\Downloads\niew\public\index.php(37): CodeIgniter\CodeIgniter->run()
#9 C:\Users\TU-01\Downloads\niew\system\Commands\Server\rewrite.php(43): require_once('C:\\Users\\TU-01\\...')
#10 {main}
CRITICAL - 2024-04-19 15:34:37 --> Call to undefined function format_tanggal()
#0 C:\xampp\htdocs\Update Toko\system\View\View.php(210): include()
#1 C:\xampp\htdocs\Update Toko\system\View\View.php(213): CodeIgniter\View\View->CodeIgniter\View\{closure}()
#2 C:\xampp\htdocs\Update Toko\system\Common.php(1089): CodeIgniter\View\View->render('Admin/Restok/Ta...', Array, true)
#3 C:\xampp\htdocs\Update Toko\app\Controllers\Admin.php(2691): view('Admin/Restok/Ta...', Array)
#4 C:\xampp\htdocs\Update Toko\system\CodeIgniter.php(832): App\Controllers\Admin->tambahRestok()
#5 C:\xampp\htdocs\Update Toko\system\CodeIgniter.php(419): CodeIgniter\CodeIgniter->runController(Object(App\Controllers\Admin))
#6 C:\xampp\htdocs\Update Toko\system\CodeIgniter.php(326): CodeIgniter\CodeIgniter->handleRequest(NULL, Object(Config\Cache), false)
#7 C:\xampp\htdocs\Update Toko\public\index.php(37): CodeIgniter\CodeIgniter->run()
#8 C:\xampp\htdocs\Update Toko\system\Commands\Server\rewrite.php(43): require_once('C:\\xampp\\htdocs...')
#9 {main}
CRITICAL - 2024-04-19 17:33:58 --> Maximum execution time of 60 seconds exceeded
#0 [internal function]: CodeIgniter\Debug\Exceptions->shutdownHandler()
#1 {main}
CRITICAL - 2024-04-19 17:37:20 --> Maximum execution time of 60 seconds exceeded
#0 [internal function]: CodeIgniter\Debug\Exceptions->shutdownHandler()
#1 {main}
CRITICAL - 2024-04-19 21:01:36 --> Trying to get property 'fullname' of non-object
#0 C:\xampp\htdocs\Update Toko\app\Views\Admin\Templates\Topbar.php(27): CodeIgniter\Debug\Exceptions->errorHandler(8, 'Trying to get p...', 'C:\\xampp\\htdocs...', 27, Array)
#1 C:\xampp\htdocs\Update Toko\system\View\View.php(210): include('C:\\xampp\\htdocs...')
#2 C:\xampp\htdocs\Update Toko\system\View\View.php(213): CodeIgniter\View\View->CodeIgniter\View\{closure}()
#3 C:\xampp\htdocs\Update Toko\system\View\View.php(424): CodeIgniter\View\View->render('Admin/Templates...', NULL, true)
#4 C:\xampp\htdocs\Update Toko\app\Views\Admin\Templates\Index.php(57): CodeIgniter\View\View->include('Admin/Templates...')
#5 C:\xampp\htdocs\Update Toko\system\View\View.php(210): include('C:\\xampp\\htdocs...')
#6 C:\xampp\htdocs\Update Toko\system\View\View.php(213): CodeIgniter\View\View->CodeIgniter\View\{closure}()
#7 C:\xampp\htdocs\Update Toko\system\View\View.php(226): CodeIgniter\View\View->render('Admin/Templates...', Array, true)
#8 C:\xampp\htdocs\Update Toko\system\Common.php(1089): CodeIgniter\View\View->render('Admin/Restok/Ta...', Array, true)
#9 C:\xampp\htdocs\Update Toko\app\Controllers\Admin.php(2691): view('Admin/Restok/Ta...', Array)
#10 C:\xampp\htdocs\Update Toko\system\CodeIgniter.php(832): App\Controllers\Admin->tambahRestok()
#11 C:\xampp\htdocs\Update Toko\system\CodeIgniter.php(419): CodeIgniter\CodeIgniter->runController(Object(App\Controllers\Admin))
#12 C:\xampp\htdocs\Update Toko\system\CodeIgniter.php(326): CodeIgniter\CodeIgniter->handleRequest(NULL, Object(Config\Cache), false)
#13 C:\xampp\htdocs\Update Toko\public\index.php(37): CodeIgniter\CodeIgniter->run()
#14 C:\xampp\htdocs\Update Toko\system\Commands\Server\rewrite.php(43): require_once('C:\\xampp\\htdocs...')
#15 {main}
ERROR - 2024-04-19 21:42:15 --> Table 'toko_hera.saldo' doesn't exist
CRITICAL - 2024-04-19 21:42:16 --> Table 'toko_hera.saldo' doesn't exist
#0 C:\xampp\htdocs\Update Toko\system\Database\MySQLi\Connection.php(292): mysqli->query('SELECT *\nFROM `...', 0)
#1 C:\xampp\htdocs\Update Toko\system\Database\BaseConnection.php(670): CodeIgniter\Database\MySQLi\Connection->execute('SELECT *\nFROM `...')
#2 C:\xampp\htdocs\Update Toko\system\Database\BaseConnection.php(598): CodeIgniter\Database\BaseConnection->simpleQuery('SELECT *\nFROM `...')
#3 C:\xampp\htdocs\Update Toko\system\Database\BaseBuilder.php(1455): CodeIgniter\Database\BaseConnection->query('SELECT *\nFROM `...', Array, false)
#4 C:\xampp\htdocs\Update Toko\system\Model.php(210): CodeIgniter\Database\BaseBuilder->get()
#5 C:\xampp\htdocs\Update Toko\system\BaseModel.php(622): CodeIgniter\Model->doFirst()
#6 C:\xampp\htdocs\Update Toko\app\Controllers\Admin.php(906): CodeIgniter\BaseModel->first()
#7 C:\xampp\htdocs\Update Toko\system\CodeIgniter.php(832): App\Controllers\Admin->pengeluaran()
#8 C:\xampp\htdocs\Update Toko\system\CodeIgniter.php(419): CodeIgniter\CodeIgniter->runController(Object(App\Controllers\Admin))
#9 C:\xampp\htdocs\Update Toko\system\CodeIgniter.php(326): CodeIgniter\CodeIgniter->handleRequest(NULL, Object(Config\Cache), false)
#10 C:\xampp\htdocs\Update Toko\public\index.php(37): CodeIgniter\CodeIgniter->run()
#11 C:\xampp\htdocs\Update Toko\system\Commands\Server\rewrite.php(43): require_once('C:\\xampp\\htdocs...')
#12 {main}
ERROR - 2024-04-19 21:50:16 --> Table 'toko_hera.saldo' doesn't exist
CRITICAL - 2024-04-19 21:50:17 --> Table 'toko_hera.saldo' doesn't exist
#0 C:\xampp\htdocs\Update Toko\system\Database\MySQLi\Connection.php(292): mysqli->query('SELECT `saldo`\n...', 0)
#1 C:\xampp\htdocs\Update Toko\system\Database\BaseConnection.php(670): CodeIgniter\Database\MySQLi\Connection->execute('SELECT `saldo`\n...')
#2 C:\xampp\htdocs\Update Toko\system\Database\BaseConnection.php(598): CodeIgniter\Database\BaseConnection->simpleQuery('SELECT `saldo`\n...')
#3 C:\xampp\htdocs\Update Toko\system\Database\BaseBuilder.php(1455): CodeIgniter\Database\BaseConnection->query('SELECT `saldo`\n...', Array, false)
#4 C:\xampp\htdocs\Update Toko\system\Model.php(728): CodeIgniter\Database\BaseBuilder->get()
#5 C:\xampp\htdocs\Update Toko\app\Models\SaldoModel.php(29): CodeIgniter\Model->__call('get', Array)
#6 C:\xampp\htdocs\Update Toko\app\Controllers\Admin.php(926): App\Models\SaldoModel->getLastBalance()
#7 C:\xampp\htdocs\Update Toko\system\CodeIgniter.php(832): App\Controllers\Admin->tambah_pengeluaran()
#8 C:\xampp\htdocs\Update Toko\system\CodeIgniter.php(419): CodeIgniter\CodeIgniter->runController(Object(App\Controllers\Admin))
#9 C:\xampp\htdocs\Update Toko\system\CodeIgniter.php(326): CodeIgniter\CodeIgniter->handleRequest(NULL, Object(Config\Cache), false)
#10 C:\xampp\htdocs\Update Toko\public\index.php(37): CodeIgniter\CodeIgniter->run()
#11 C:\xampp\htdocs\Update Toko\system\Commands\Server\rewrite.php(43): require_once('C:\\xampp\\htdocs...')
#12 {main}
ERROR - 2024-04-19 22:13:51 --> Table 'toko_hera.saldo' doesn't exist
CRITICAL - 2024-04-19 22:13:51 --> Table 'toko_hera.saldo' doesn't exist
#0 C:\xampp\htdocs\Update Toko\system\Database\MySQLi\Connection.php(292): mysqli->query('SELECT `saldo`\n...', 0)
#1 C:\xampp\htdocs\Update Toko\system\Database\BaseConnection.php(670): CodeIgniter\Database\MySQLi\Connection->execute('SELECT `saldo`\n...')
#2 C:\xampp\htdocs\Update Toko\system\Database\BaseConnection.php(598): CodeIgniter\Database\BaseConnection->simpleQuery('SELECT `saldo`\n...')
#3 C:\xampp\htdocs\Update Toko\system\Database\BaseBuilder.php(1455): CodeIgniter\Database\BaseConnection->query('SELECT `saldo`\n...', Array, false)
#4 C:\xampp\htdocs\Update Toko\system\Model.php(728): CodeIgniter\Database\BaseBuilder->get()
#5 C:\xampp\htdocs\Update Toko\app\Models\SaldoModel.php(29): CodeIgniter\Model->__call('get', Array)
#6 C:\xampp\htdocs\Update Toko\app\Controllers\Admin.php(926): App\Models\SaldoModel->getLastBalance()
#7 C:\xampp\htdocs\Update Toko\system\CodeIgniter.php(832): App\Controllers\Admin->tambah_pengeluaran()
#8 C:\xampp\htdocs\Update Toko\system\CodeIgniter.php(419): CodeIgniter\CodeIgniter->runController(Object(App\Controllers\Admin))
#9 C:\xampp\htdocs\Update Toko\system\CodeIgniter.php(326): CodeIgniter\CodeIgniter->handleRequest(NULL, Object(Config\Cache), false)
#10 C:\xampp\htdocs\Update Toko\public\index.php(37): CodeIgniter\CodeIgniter->run()
#11 C:\xampp\htdocs\Update Toko\system\Commands\Server\rewrite.php(43): require_once('C:\\xampp\\htdocs...')
#12 {main}
ERROR - 2024-04-19 22:25:14 --> Table 'toko_hera.saldo' doesn't exist
CRITICAL - 2024-04-19 22:25:14 --> Table 'toko_hera.saldo' doesn't exist
#0 C:\xampp\htdocs\Update Toko\system\Database\MySQLi\Connection.php(292): mysqli->query('SELECT `saldo`\n...', 0)
#1 C:\xampp\htdocs\Update Toko\system\Database\BaseConnection.php(670): CodeIgniter\Database\MySQLi\Connection->execute('SELECT `saldo`\n...')
#2 C:\xampp\htdocs\Update Toko\system\Database\BaseConnection.php(598): CodeIgniter\Database\BaseConnection->simpleQuery('SELECT `saldo`\n...')
#3 C:\xampp\htdocs\Update Toko\system\Database\BaseBuilder.php(1455): CodeIgniter\Database\BaseConnection->query('SELECT `saldo`\n...', Array, false)
#4 C:\xampp\htdocs\Update Toko\system\Model.php(728): CodeIgniter\Database\BaseBuilder->get()
#5 C:\xampp\htdocs\Update Toko\app\Models\SaldoModel.php(29): CodeIgniter\Model->__call('get', Array)
#6 C:\xampp\htdocs\Update Toko\app\Controllers\Admin.php(926): App\Models\SaldoModel->getLastBalance()
#7 C:\xampp\htdocs\Update Toko\system\CodeIgniter.php(832): App\Controllers\Admin->tambah_pengeluaran()
#8 C:\xampp\htdocs\Update Toko\system\CodeIgniter.php(419): CodeIgniter\CodeIgniter->runController(Object(App\Controllers\Admin))
#9 C:\xampp\htdocs\Update Toko\system\CodeIgniter.php(326): CodeIgniter\CodeIgniter->handleRequest(NULL, Object(Config\Cache), false)
#10 C:\xampp\htdocs\Update Toko\public\index.php(37): CodeIgniter\CodeIgniter->run()
#11 C:\xampp\htdocs\Update Toko\system\Commands\Server\rewrite.php(43): require_once('C:\\xampp\\htdocs...')
#12 {main}
ERROR - 2024-04-19 22:26:24 --> Table 'toko_hera.saldo' doesn't exist
CRITICAL - 2024-04-19 22:26:24 --> Table 'toko_hera.saldo' doesn't exist
#0 C:\xampp\htdocs\Update Toko\system\Database\MySQLi\Connection.php(292): mysqli->query('SELECT `saldo`\n...', 0)
#1 C:\xampp\htdocs\Update Toko\system\Database\BaseConnection.php(670): CodeIgniter\Database\MySQLi\Connection->execute('SELECT `saldo`\n...')
#2 C:\xampp\htdocs\Update Toko\system\Database\BaseConnection.php(598): CodeIgniter\Database\BaseConnection->simpleQuery('SELECT `saldo`\n...')
#3 C:\xampp\htdocs\Update Toko\system\Database\BaseBuilder.php(1455): CodeIgniter\Database\BaseConnection->query('SELECT `saldo`\n...', Array, false)
#4 C:\xampp\htdocs\Update Toko\system\Model.php(728): CodeIgniter\Database\BaseBuilder->get()
#5 C:\xampp\htdocs\Update Toko\app\Models\SaldoModel.php(29): CodeIgniter\Model->__call('get', Array)
#6 C:\xampp\htdocs\Update Toko\app\Views\Admin\Pengeluaran\Tambah_Pengeluaran.php(10): App\Models\SaldoModel->getLastBalance()
#7 C:\xampp\htdocs\Update Toko\system\View\View.php(210): include('C:\\xampp\\htdocs...')
#8 C:\xampp\htdocs\Update Toko\system\View\View.php(213): CodeIgniter\View\View->CodeIgniter\View\{closure}()
#9 C:\xampp\htdocs\Update Toko\system\Common.php(1089): CodeIgniter\View\View->render('Admin/Pengeluar...', Array, true)
#10 C:\xampp\htdocs\Update Toko\app\Controllers\Admin.php(930): view('Admin/Pengeluar...', Array)
#11 C:\xampp\htdocs\Update Toko\system\CodeIgniter.php(832): App\Controllers\Admin->tambah_pengeluaran()
#12 C:\xampp\htdocs\Update Toko\system\CodeIgniter.php(419): CodeIgniter\CodeIgniter->runController(Object(App\Controllers\Admin))
#13 C:\xampp\htdocs\Update Toko\system\CodeIgniter.php(326): CodeIgniter\CodeIgniter->handleRequest(NULL, Object(Config\Cache), false)
#14 C:\xampp\htdocs\Update Toko\public\index.php(37): CodeIgniter\CodeIgniter->run()
#15 C:\xampp\htdocs\Update Toko\system\Commands\Server\rewrite.php(43): require_once('C:\\xampp\\htdocs...')
#16 {main}
