ERROR - 2024-06-11 00:47:21 --> Unknown column 'barang.id_master_barang' in 'on clause'
CRITICAL - 2024-06-11 00:47:21 --> Unknown column 'barang.id_master_barang' in 'on clause'
#0 C:\Users\ganda\Documents\GitHub\hera\system\Database\MySQLi\Connection.php(292): mysqli->query('SELECT *\nFROM `...', 0)
#1 C:\Users\ganda\Documents\GitHub\hera\system\Database\BaseConnection.php(670): CodeIgniter\Database\MySQLi\Connection->execute('SELECT *\nFROM `...')
#2 C:\Users\ganda\Documents\GitHub\hera\system\Database\BaseConnection.php(598): CodeIgniter\Database\BaseConnection->simpleQuery('SELECT *\nFROM `...')
#3 C:\Users\ganda\Documents\GitHub\hera\system\Database\BaseBuilder.php(1455): CodeIgniter\Database\BaseConnection->query('SELECT *\nFROM `...', Array, false)
#4 C:\Users\ganda\Documents\GitHub\hera\system\Model.php(183): CodeIgniter\Database\BaseBuilder->get()
#5 C:\Users\ganda\Documents\GitHub\hera\system\BaseModel.php(584): CodeIgniter\Model->doFindAll(0, 0)
#6 C:\Users\ganda\Documents\GitHub\hera\app\Controllers\Admin.php(853): CodeIgniter\BaseModel->findAll()
#7 C:\Users\ganda\Documents\GitHub\hera\system\CodeIgniter.php(832): App\Controllers\Admin->Barang()
#8 C:\Users\ganda\Documents\GitHub\hera\system\CodeIgniter.php(419): CodeIgniter\CodeIgniter->runController(Object(App\Controllers\Admin))
#9 C:\Users\ganda\Documents\GitHub\hera\system\CodeIgniter.php(326): CodeIgniter\CodeIgniter->handleRequest(NULL, Object(Config\Cache), false)
#10 C:\Users\ganda\Documents\GitHub\hera\public\index.php(37): CodeIgniter\CodeIgniter->run()
#11 C:\Users\ganda\Documents\GitHub\hera\system\Commands\Server\rewrite.php(43): require_once('C:\\Users\\ganda\\...')
#12 {main}
ERROR - 2024-06-11 18:23:55 --> Duplicate entry '0' for key 'PRIMARY'
CRITICAL - 2024-06-11 18:23:55 --> Duplicate entry '0' for key 'PRIMARY'
#0 C:\Users\ganda\Documents\GitHub\hera\system\Database\MySQLi\Connection.php(292): mysqli->query('INSERT INTO `su...', 0)
#1 C:\Users\ganda\Documents\GitHub\hera\system\Database\BaseConnection.php(670): CodeIgniter\Database\MySQLi\Connection->execute('INSERT INTO `su...')
#2 C:\Users\ganda\Documents\GitHub\hera\system\Database\BaseConnection.php(598): CodeIgniter\Database\BaseConnection->simpleQuery('INSERT INTO `su...')
#3 C:\Users\ganda\Documents\GitHub\hera\system\Database\BaseBuilder.php(1771): CodeIgniter\Database\BaseConnection->query('INSERT INTO `su...', Array, false)
#4 C:\Users\ganda\Documents\GitHub\hera\system\Model.php(239): CodeIgniter\Database\BaseBuilder->insert()
#5 C:\Users\ganda\Documents\GitHub\hera\system\BaseModel.php(738): CodeIgniter\Model->doInsert(Array)
#6 C:\Users\ganda\Documents\GitHub\hera\system\Model.php(625): CodeIgniter\BaseModel->insert(Array, true)
#7 C:\Users\ganda\Documents\GitHub\hera\app\Controllers\Admin.php(2594): CodeIgniter\Model->insert(Array)
#8 C:\Users\ganda\Documents\GitHub\hera\system\CodeIgniter.php(832): App\Controllers\Admin->saveSupplier()
#9 C:\Users\ganda\Documents\GitHub\hera\system\CodeIgniter.php(419): CodeIgniter\CodeIgniter->runController(Object(App\Controllers\Admin))
#10 C:\Users\ganda\Documents\GitHub\hera\system\CodeIgniter.php(326): CodeIgniter\CodeIgniter->handleRequest(NULL, Object(Config\Cache), false)
#11 C:\Users\ganda\Documents\GitHub\hera\public\index.php(37): CodeIgniter\CodeIgniter->run()
#12 C:\Users\ganda\Documents\GitHub\hera\system\Commands\Server\rewrite.php(43): require_once('C:\\Users\\ganda\\...')
#13 {main}
CRITICAL - 2024-06-11 18:26:34 --> Undefined index: id
#0 C:\Users\ganda\Documents\GitHub\hera\app\Views\Admin\Pelanggan\Index.php(68): CodeIgniter\Debug\Exceptions->errorHandler(8, 'Undefined index...', 'C:\\Users\\ganda\\...', 68, Array)
#1 C:\Users\ganda\Documents\GitHub\hera\system\View\View.php(210): include('C:\\Users\\ganda\\...')
#2 C:\Users\ganda\Documents\GitHub\hera\system\View\View.php(213): CodeIgniter\View\View->CodeIgniter\View\{closure}()
#3 C:\Users\ganda\Documents\GitHub\hera\system\Common.php(1089): CodeIgniter\View\View->render('Admin/Pelanggan...', Array, true)
#4 C:\Users\ganda\Documents\GitHub\hera\app\Controllers\Admin.php(344): view('Admin/Pelanggan...', Array)
#5 C:\Users\ganda\Documents\GitHub\hera\system\CodeIgniter.php(832): App\Controllers\Admin->pelanggan()
#6 C:\Users\ganda\Documents\GitHub\hera\system\CodeIgniter.php(419): CodeIgniter\CodeIgniter->runController(Object(App\Controllers\Admin))
#7 C:\Users\ganda\Documents\GitHub\hera\system\CodeIgniter.php(326): CodeIgniter\CodeIgniter->handleRequest(NULL, Object(Config\Cache), false)
#8 C:\Users\ganda\Documents\GitHub\hera\public\index.php(37): CodeIgniter\CodeIgniter->run()
#9 C:\Users\ganda\Documents\GitHub\hera\system\Commands\Server\rewrite.php(43): require_once('C:\\Users\\ganda\\...')
#10 {main}
CRITICAL - 2024-06-11 18:27:59 --> Undefined index: id
#0 C:\Users\ganda\Documents\GitHub\hera\app\Views\Admin\Pelanggan\Index.php(73): CodeIgniter\Debug\Exceptions->errorHandler(8, 'Undefined index...', 'C:\\Users\\ganda\\...', 73, Array)
#1 C:\Users\ganda\Documents\GitHub\hera\system\View\View.php(210): include('C:\\Users\\ganda\\...')
#2 C:\Users\ganda\Documents\GitHub\hera\system\View\View.php(213): CodeIgniter\View\View->CodeIgniter\View\{closure}()
#3 C:\Users\ganda\Documents\GitHub\hera\system\Common.php(1089): CodeIgniter\View\View->render('Admin/Pelanggan...', Array, true)
#4 C:\Users\ganda\Documents\GitHub\hera\app\Controllers\Admin.php(344): view('Admin/Pelanggan...', Array)
#5 C:\Users\ganda\Documents\GitHub\hera\system\CodeIgniter.php(832): App\Controllers\Admin->pelanggan()
#6 C:\Users\ganda\Documents\GitHub\hera\system\CodeIgniter.php(419): CodeIgniter\CodeIgniter->runController(Object(App\Controllers\Admin))
#7 C:\Users\ganda\Documents\GitHub\hera\system\CodeIgniter.php(326): CodeIgniter\CodeIgniter->handleRequest(NULL, Object(Config\Cache), false)
#8 C:\Users\ganda\Documents\GitHub\hera\public\index.php(37): CodeIgniter\CodeIgniter->run()
#9 C:\Users\ganda\Documents\GitHub\hera\system\Commands\Server\rewrite.php(43): require_once('C:\\Users\\ganda\\...')
#10 {main}
CRITICAL - 2024-06-11 18:29:05 --> Undefined index: id
#0 C:\Users\ganda\Documents\GitHub\hera\app\Views\Admin\Pelanggan\Edit_pelanggan.php(28): CodeIgniter\Debug\Exceptions->errorHandler(8, 'Undefined index...', 'C:\\Users\\ganda\\...', 28, Array)
#1 C:\Users\ganda\Documents\GitHub\hera\system\View\View.php(210): include('C:\\Users\\ganda\\...')
#2 C:\Users\ganda\Documents\GitHub\hera\system\View\View.php(213): CodeIgniter\View\View->CodeIgniter\View\{closure}()
#3 C:\Users\ganda\Documents\GitHub\hera\system\Common.php(1089): CodeIgniter\View\View->render('Admin/Pelanggan...', Array, true)
#4 C:\Users\ganda\Documents\GitHub\hera\app\Controllers\Admin.php(387): view('Admin/Pelanggan...', Array)
#5 C:\Users\ganda\Documents\GitHub\hera\system\CodeIgniter.php(832): App\Controllers\Admin->pelanggan_edit('4')
#6 C:\Users\ganda\Documents\GitHub\hera\system\CodeIgniter.php(419): CodeIgniter\CodeIgniter->runController(Object(App\Controllers\Admin))
#7 C:\Users\ganda\Documents\GitHub\hera\system\CodeIgniter.php(326): CodeIgniter\CodeIgniter->handleRequest(NULL, Object(Config\Cache), false)
#8 C:\Users\ganda\Documents\GitHub\hera\public\index.php(37): CodeIgniter\CodeIgniter->run()
#9 C:\Users\ganda\Documents\GitHub\hera\system\Commands\Server\rewrite.php(43): require_once('C:\\Users\\ganda\\...')
#10 {main}
CRITICAL - 2024-06-11 22:02:09 --> Too few arguments to function App\Controllers\Admin::updateSatuan(), 0 passed in C:\Users\ganda\Documents\GitHub\hera\system\CodeIgniter.php on line 832 and exactly 1 expected
#0 C:\Users\ganda\Documents\GitHub\hera\system\CodeIgniter.php(832): App\Controllers\Admin->updateSatuan()
#1 C:\Users\ganda\Documents\GitHub\hera\system\CodeIgniter.php(419): CodeIgniter\CodeIgniter->runController(Object(App\Controllers\Admin))
#2 C:\Users\ganda\Documents\GitHub\hera\system\CodeIgniter.php(326): CodeIgniter\CodeIgniter->handleRequest(NULL, Object(Config\Cache), false)
#3 C:\Users\ganda\Documents\GitHub\hera\public\index.php(37): CodeIgniter\CodeIgniter->run()
#4 C:\Users\ganda\Documents\GitHub\hera\system\Commands\Server\rewrite.php(43): require_once('C:\\Users\\ganda\\...')
#5 {main}
CRITICAL - 2024-06-11 22:05:35 --> Too few arguments to function App\Controllers\Admin::updateSatuan(), 0 passed in C:\Users\ganda\Documents\GitHub\hera\system\CodeIgniter.php on line 832 and exactly 1 expected
#0 C:\Users\ganda\Documents\GitHub\hera\system\CodeIgniter.php(832): App\Controllers\Admin->updateSatuan()
#1 C:\Users\ganda\Documents\GitHub\hera\system\CodeIgniter.php(419): CodeIgniter\CodeIgniter->runController(Object(App\Controllers\Admin))
#2 C:\Users\ganda\Documents\GitHub\hera\system\CodeIgniter.php(326): CodeIgniter\CodeIgniter->handleRequest(NULL, Object(Config\Cache), false)
#3 C:\Users\ganda\Documents\GitHub\hera\public\index.php(37): CodeIgniter\CodeIgniter->run()
#4 C:\Users\ganda\Documents\GitHub\hera\system\Commands\Server\rewrite.php(43): require_once('C:\\Users\\ganda\\...')
#5 {main}
CRITICAL - 2024-06-11 22:08:20 --> Too few arguments to function App\Controllers\Admin::updateSatuan(), 0 passed in C:\Users\ganda\Documents\GitHub\hera\system\CodeIgniter.php on line 832 and exactly 1 expected
#0 C:\Users\ganda\Documents\GitHub\hera\system\CodeIgniter.php(832): App\Controllers\Admin->updateSatuan()
#1 C:\Users\ganda\Documents\GitHub\hera\system\CodeIgniter.php(419): CodeIgniter\CodeIgniter->runController(Object(App\Controllers\Admin))
#2 C:\Users\ganda\Documents\GitHub\hera\system\CodeIgniter.php(326): CodeIgniter\CodeIgniter->handleRequest(NULL, Object(Config\Cache), false)
#3 C:\Users\ganda\Documents\GitHub\hera\public\index.php(37): CodeIgniter\CodeIgniter->run()
#4 C:\Users\ganda\Documents\GitHub\hera\system\Commands\Server\rewrite.php(43): require_once('C:\\Users\\ganda\\...')
#5 {main}
CRITICAL - 2024-06-11 22:08:51 --> Too few arguments to function App\Controllers\Admin::updateSatuan(), 0 passed in C:\Users\ganda\Documents\GitHub\hera\system\CodeIgniter.php on line 832 and exactly 1 expected
#0 C:\Users\ganda\Documents\GitHub\hera\system\CodeIgniter.php(832): App\Controllers\Admin->updateSatuan()
#1 C:\Users\ganda\Documents\GitHub\hera\system\CodeIgniter.php(419): CodeIgniter\CodeIgniter->runController(Object(App\Controllers\Admin))
#2 C:\Users\ganda\Documents\GitHub\hera\system\CodeIgniter.php(326): CodeIgniter\CodeIgniter->handleRequest(NULL, Object(Config\Cache), false)
#3 C:\Users\ganda\Documents\GitHub\hera\public\index.php(37): CodeIgniter\CodeIgniter->run()
#4 C:\Users\ganda\Documents\GitHub\hera\system\Commands\Server\rewrite.php(43): require_once('C:\\Users\\ganda\\...')
#5 {main}
CRITICAL - 2024-06-11 22:09:22 --> Too few arguments to function App\Controllers\Admin::updateSatuan(), 0 passed in C:\Users\ganda\Documents\GitHub\hera\system\CodeIgniter.php on line 832 and exactly 1 expected
#0 C:\Users\ganda\Documents\GitHub\hera\system\CodeIgniter.php(832): App\Controllers\Admin->updateSatuan()
#1 C:\Users\ganda\Documents\GitHub\hera\system\CodeIgniter.php(419): CodeIgniter\CodeIgniter->runController(Object(App\Controllers\Admin))
#2 C:\Users\ganda\Documents\GitHub\hera\system\CodeIgniter.php(326): CodeIgniter\CodeIgniter->handleRequest(NULL, Object(Config\Cache), false)
#3 C:\Users\ganda\Documents\GitHub\hera\public\index.php(37): CodeIgniter\CodeIgniter->run()
#4 C:\Users\ganda\Documents\GitHub\hera\system\Commands\Server\rewrite.php(43): require_once('C:\\Users\\ganda\\...')
#5 {main}
CRITICAL - 2024-06-11 22:10:43 --> Too few arguments to function App\Controllers\Admin::updateSatuan(), 0 passed in C:\Users\ganda\Documents\GitHub\hera\system\CodeIgniter.php on line 832 and exactly 1 expected
#0 C:\Users\ganda\Documents\GitHub\hera\system\CodeIgniter.php(832): App\Controllers\Admin->updateSatuan()
#1 C:\Users\ganda\Documents\GitHub\hera\system\CodeIgniter.php(419): CodeIgniter\CodeIgniter->runController(Object(App\Controllers\Admin))
#2 C:\Users\ganda\Documents\GitHub\hera\system\CodeIgniter.php(326): CodeIgniter\CodeIgniter->handleRequest(NULL, Object(Config\Cache), false)
#3 C:\Users\ganda\Documents\GitHub\hera\public\index.php(37): CodeIgniter\CodeIgniter->run()
#4 C:\Users\ganda\Documents\GitHub\hera\system\Commands\Server\rewrite.php(43): require_once('C:\\Users\\ganda\\...')
#5 {main}
CRITICAL - 2024-06-11 22:11:00 --> Too few arguments to function App\Controllers\Admin::updateSatuan(), 0 passed in C:\Users\ganda\Documents\GitHub\hera\system\CodeIgniter.php on line 832 and exactly 1 expected
#0 C:\Users\ganda\Documents\GitHub\hera\system\CodeIgniter.php(832): App\Controllers\Admin->updateSatuan()
#1 C:\Users\ganda\Documents\GitHub\hera\system\CodeIgniter.php(419): CodeIgniter\CodeIgniter->runController(Object(App\Controllers\Admin))
#2 C:\Users\ganda\Documents\GitHub\hera\system\CodeIgniter.php(326): CodeIgniter\CodeIgniter->handleRequest(NULL, Object(Config\Cache), false)
#3 C:\Users\ganda\Documents\GitHub\hera\public\index.php(37): CodeIgniter\CodeIgniter->run()
#4 C:\Users\ganda\Documents\GitHub\hera\system\Commands\Server\rewrite.php(43): require_once('C:\\Users\\ganda\\...')
#5 {main}
