CRITICAL - 2024-09-25 05:38:37 --> Class 'App\Models\DataBalitaDetailModel' not found
#0 C:\Users\ganda\Documents\GitHub\e-Posyandu\system\CodeIgniter.php(809): App\Controllers\User->__construct()
#1 C:\Users\ganda\Documents\GitHub\e-Posyandu\system\CodeIgniter.php(410): CodeIgniter\CodeIgniter->createController()
#2 C:\Users\ganda\Documents\GitHub\e-Posyandu\system\CodeIgniter.php(326): CodeIgniter\CodeIgniter->handleRequest(NULL, Object(Config\Cache), false)
#3 C:\Users\ganda\Documents\GitHub\e-Posyandu\public\index.php(37): CodeIgniter\CodeIgniter->run()
#4 C:\Users\ganda\Documents\GitHub\e-Posyandu\system\Commands\Server\rewrite.php(43): require_once('C:\\Users\\ganda\\...')
#5 {main}
CRITICAL - 2024-09-25 05:39:21 --> Class 'App\Models\DataBalitaDetailModel' not found
#0 C:\Users\ganda\Documents\GitHub\e-Posyandu\system\CodeIgniter.php(809): App\Controllers\User->__construct()
#1 C:\Users\ganda\Documents\GitHub\e-Posyandu\system\CodeIgniter.php(410): CodeIgniter\CodeIgniter->createController()
#2 C:\Users\ganda\Documents\GitHub\e-Posyandu\system\CodeIgniter.php(326): CodeIgniter\CodeIgniter->handleRequest(NULL, Object(Config\Cache), false)
#3 C:\Users\ganda\Documents\GitHub\e-Posyandu\public\index.php(37): CodeIgniter\CodeIgniter->run()
#4 C:\Users\ganda\Documents\GitHub\e-Posyandu\system\Commands\Server\rewrite.php(43): require_once('C:\\Users\\ganda\\...')
#5 {main}
CRITICAL - 2024-09-25 05:39:53 --> Trying to get property 'posyandu_id' of non-object
#0 C:\Users\ganda\Documents\GitHub\e-Posyandu\app\Controllers\User.php(310): CodeIgniter\Debug\Exceptions->errorHandler(8, 'Trying to get p...', 'C:\\Users\\ganda\\...', 310, Array)
#1 C:\Users\ganda\Documents\GitHub\e-Posyandu\system\CodeIgniter.php(832): App\Controllers\User->balita()
#2 C:\Users\ganda\Documents\GitHub\e-Posyandu\system\CodeIgniter.php(419): CodeIgniter\CodeIgniter->runController(Object(App\Controllers\User))
#3 C:\Users\ganda\Documents\GitHub\e-Posyandu\system\CodeIgniter.php(326): CodeIgniter\CodeIgniter->handleRequest(NULL, Object(Config\Cache), false)
#4 C:\Users\ganda\Documents\GitHub\e-Posyandu\public\index.php(37): CodeIgniter\CodeIgniter->run()
#5 C:\Users\ganda\Documents\GitHub\e-Posyandu\system\Commands\Server\rewrite.php(43): require_once('C:\\Users\\ganda\\...')
#6 {main}
ERROR - 2024-09-25 05:40:27 --> Not unique table/alias: 'data_balita_detail'
CRITICAL - 2024-09-25 05:40:27 --> Not unique table/alias: 'data_balita_detail'
#0 C:\Users\ganda\Documents\GitHub\e-Posyandu\system\Database\MySQLi\Connection.php(292): mysqli->query('SELECT *\nFROM `...', 0)
#1 C:\Users\ganda\Documents\GitHub\e-Posyandu\system\Database\BaseConnection.php(670): CodeIgniter\Database\MySQLi\Connection->execute('SELECT *\nFROM `...')
#2 C:\Users\ganda\Documents\GitHub\e-Posyandu\system\Database\BaseConnection.php(598): CodeIgniter\Database\BaseConnection->simpleQuery('SELECT *\nFROM `...')
#3 C:\Users\ganda\Documents\GitHub\e-Posyandu\system\Database\BaseBuilder.php(1455): CodeIgniter\Database\BaseConnection->query('SELECT *\nFROM `...', Array, false)
#4 C:\Users\ganda\Documents\GitHub\e-Posyandu\system\Model.php(183): CodeIgniter\Database\BaseBuilder->get()
#5 C:\Users\ganda\Documents\GitHub\e-Posyandu\system\BaseModel.php(584): CodeIgniter\Model->doFindAll(0, 0)
#6 C:\Users\ganda\Documents\GitHub\e-Posyandu\app\Models\DataBalitaDetailModel.php(32): CodeIgniter\BaseModel->findAll()
#7 C:\Users\ganda\Documents\GitHub\e-Posyandu\app\Controllers\User.php(316): App\Models\DataBalitaDetailModel->getPengecekan()
#8 C:\Users\ganda\Documents\GitHub\e-Posyandu\system\CodeIgniter.php(832): App\Controllers\User->balita()
#9 C:\Users\ganda\Documents\GitHub\e-Posyandu\system\CodeIgniter.php(419): CodeIgniter\CodeIgniter->runController(Object(App\Controllers\User))
#10 C:\Users\ganda\Documents\GitHub\e-Posyandu\system\CodeIgniter.php(326): CodeIgniter\CodeIgniter->handleRequest(NULL, Object(Config\Cache), false)
#11 C:\Users\ganda\Documents\GitHub\e-Posyandu\public\index.php(37): CodeIgniter\CodeIgniter->run()
#12 C:\Users\ganda\Documents\GitHub\e-Posyandu\system\Commands\Server\rewrite.php(43): require_once('C:\\Users\\ganda\\...')
#13 {main}
ERROR - 2024-09-25 05:41:35 --> Not unique table/alias: 'data_balita_detail'
CRITICAL - 2024-09-25 05:41:35 --> Not unique table/alias: 'data_balita_detail'
#0 C:\Users\ganda\Documents\GitHub\e-Posyandu\system\Database\MySQLi\Connection.php(292): mysqli->query('SELECT *\nFROM `...', 0)
#1 C:\Users\ganda\Documents\GitHub\e-Posyandu\system\Database\BaseConnection.php(670): CodeIgniter\Database\MySQLi\Connection->execute('SELECT *\nFROM `...')
#2 C:\Users\ganda\Documents\GitHub\e-Posyandu\system\Database\BaseConnection.php(598): CodeIgniter\Database\BaseConnection->simpleQuery('SELECT *\nFROM `...')
#3 C:\Users\ganda\Documents\GitHub\e-Posyandu\system\Database\BaseBuilder.php(1455): CodeIgniter\Database\BaseConnection->query('SELECT *\nFROM `...', Array, false)
#4 C:\Users\ganda\Documents\GitHub\e-Posyandu\system\Model.php(183): CodeIgniter\Database\BaseBuilder->get()
#5 C:\Users\ganda\Documents\GitHub\e-Posyandu\system\BaseModel.php(584): CodeIgniter\Model->doFindAll(0, 0)
#6 C:\Users\ganda\Documents\GitHub\e-Posyandu\app\Models\DataBalitaDetailModel.php(32): CodeIgniter\BaseModel->findAll()
#7 C:\Users\ganda\Documents\GitHub\e-Posyandu\app\Controllers\User.php(316): App\Models\DataBalitaDetailModel->getPengecekan()
#8 C:\Users\ganda\Documents\GitHub\e-Posyandu\system\CodeIgniter.php(832): App\Controllers\User->balita()
#9 C:\Users\ganda\Documents\GitHub\e-Posyandu\system\CodeIgniter.php(419): CodeIgniter\CodeIgniter->runController(Object(App\Controllers\User))
#10 C:\Users\ganda\Documents\GitHub\e-Posyandu\system\CodeIgniter.php(326): CodeIgniter\CodeIgniter->handleRequest(NULL, Object(Config\Cache), false)
#11 C:\Users\ganda\Documents\GitHub\e-Posyandu\public\index.php(37): CodeIgniter\CodeIgniter->run()
#12 C:\Users\ganda\Documents\GitHub\e-Posyandu\system\Commands\Server\rewrite.php(43): require_once('C:\\Users\\ganda\\...')
#13 {main}
ERROR - 2024-09-25 05:41:51 --> Not unique table/alias: 'data_balita_detail'
CRITICAL - 2024-09-25 05:41:51 --> Not unique table/alias: 'data_balita_detail'
#0 C:\Users\ganda\Documents\GitHub\e-Posyandu\system\Database\MySQLi\Connection.php(292): mysqli->query('SELECT *\nFROM `...', 0)
#1 C:\Users\ganda\Documents\GitHub\e-Posyandu\system\Database\BaseConnection.php(670): CodeIgniter\Database\MySQLi\Connection->execute('SELECT *\nFROM `...')
#2 C:\Users\ganda\Documents\GitHub\e-Posyandu\system\Database\BaseConnection.php(598): CodeIgniter\Database\BaseConnection->simpleQuery('SELECT *\nFROM `...')
#3 C:\Users\ganda\Documents\GitHub\e-Posyandu\system\Database\BaseBuilder.php(1455): CodeIgniter\Database\BaseConnection->query('SELECT *\nFROM `...', Array, false)
#4 C:\Users\ganda\Documents\GitHub\e-Posyandu\system\Model.php(183): CodeIgniter\Database\BaseBuilder->get()
#5 C:\Users\ganda\Documents\GitHub\e-Posyandu\system\BaseModel.php(584): CodeIgniter\Model->doFindAll(0, 0)
#6 C:\Users\ganda\Documents\GitHub\e-Posyandu\app\Models\DataBalitaDetailModel.php(32): CodeIgniter\BaseModel->findAll()
#7 C:\Users\ganda\Documents\GitHub\e-Posyandu\app\Controllers\User.php(316): App\Models\DataBalitaDetailModel->getPengecekan()
#8 C:\Users\ganda\Documents\GitHub\e-Posyandu\system\CodeIgniter.php(832): App\Controllers\User->balita()
#9 C:\Users\ganda\Documents\GitHub\e-Posyandu\system\CodeIgniter.php(419): CodeIgniter\CodeIgniter->runController(Object(App\Controllers\User))
#10 C:\Users\ganda\Documents\GitHub\e-Posyandu\system\CodeIgniter.php(326): CodeIgniter\CodeIgniter->handleRequest(NULL, Object(Config\Cache), false)
#11 C:\Users\ganda\Documents\GitHub\e-Posyandu\public\index.php(37): CodeIgniter\CodeIgniter->run()
#12 C:\Users\ganda\Documents\GitHub\e-Posyandu\system\Commands\Server\rewrite.php(43): require_once('C:\\Users\\ganda\\...')
#13 {main}
CRITICAL - 2024-09-25 05:43:25 --> Undefined index: tgl_perolehan
#0 C:\Users\ganda\Documents\GitHub\e-Posyandu\app\Views\User\Balita\Index.php(97): CodeIgniter\Debug\Exceptions->errorHandler(8, 'Undefined index...', 'C:\\Users\\ganda\\...', 97, Array)
#1 C:\Users\ganda\Documents\GitHub\e-Posyandu\system\View\View.php(210): include('C:\\Users\\ganda\\...')
#2 C:\Users\ganda\Documents\GitHub\e-Posyandu\system\View\View.php(213): CodeIgniter\View\View->CodeIgniter\View\{closure}()
#3 C:\Users\ganda\Documents\GitHub\e-Posyandu\system\Common.php(1089): CodeIgniter\View\View->render('user/Balita/Ind...', Array, true)
#4 C:\Users\ganda\Documents\GitHub\e-Posyandu\app\Controllers\User.php(321): view('user/Balita/Ind...', Array)
#5 C:\Users\ganda\Documents\GitHub\e-Posyandu\system\CodeIgniter.php(832): App\Controllers\User->balita()
#6 C:\Users\ganda\Documents\GitHub\e-Posyandu\system\CodeIgniter.php(419): CodeIgniter\CodeIgniter->runController(Object(App\Controllers\User))
#7 C:\Users\ganda\Documents\GitHub\e-Posyandu\system\CodeIgniter.php(326): CodeIgniter\CodeIgniter->handleRequest(NULL, Object(Config\Cache), false)
#8 C:\Users\ganda\Documents\GitHub\e-Posyandu\public\index.php(37): CodeIgniter\CodeIgniter->run()
#9 C:\Users\ganda\Documents\GitHub\e-Posyandu\system\Commands\Server\rewrite.php(43): require_once('C:\\Users\\ganda\\...')
#10 {main}
CRITICAL - 2024-09-25 05:43:49 --> Undefined index: tgl
#0 C:\Users\ganda\Documents\GitHub\e-Posyandu\app\Views\User\Balita\Index.php(97): CodeIgniter\Debug\Exceptions->errorHandler(8, 'Undefined index...', 'C:\\Users\\ganda\\...', 97, Array)
#1 C:\Users\ganda\Documents\GitHub\e-Posyandu\system\View\View.php(210): include('C:\\Users\\ganda\\...')
#2 C:\Users\ganda\Documents\GitHub\e-Posyandu\system\View\View.php(213): CodeIgniter\View\View->CodeIgniter\View\{closure}()
#3 C:\Users\ganda\Documents\GitHub\e-Posyandu\system\Common.php(1089): CodeIgniter\View\View->render('user/Balita/Ind...', Array, true)
#4 C:\Users\ganda\Documents\GitHub\e-Posyandu\app\Controllers\User.php(321): view('user/Balita/Ind...', Array)
#5 C:\Users\ganda\Documents\GitHub\e-Posyandu\system\CodeIgniter.php(832): App\Controllers\User->balita()
#6 C:\Users\ganda\Documents\GitHub\e-Posyandu\system\CodeIgniter.php(419): CodeIgniter\CodeIgniter->runController(Object(App\Controllers\User))
#7 C:\Users\ganda\Documents\GitHub\e-Posyandu\system\CodeIgniter.php(326): CodeIgniter\CodeIgniter->handleRequest(NULL, Object(Config\Cache), false)
#8 C:\Users\ganda\Documents\GitHub\e-Posyandu\public\index.php(37): CodeIgniter\CodeIgniter->run()
#9 C:\Users\ganda\Documents\GitHub\e-Posyandu\system\Commands\Server\rewrite.php(43): require_once('C:\\Users\\ganda\\...')
#10 {main}
CRITICAL - 2024-09-25 05:44:18 --> Undefined index: balita_id
#0 C:\Users\ganda\Documents\GitHub\e-Posyandu\app\Views\User\Balita\Index.php(118): CodeIgniter\Debug\Exceptions->errorHandler(8, 'Undefined index...', 'C:\\Users\\ganda\\...', 118, Array)
#1 C:\Users\ganda\Documents\GitHub\e-Posyandu\system\View\View.php(210): include('C:\\Users\\ganda\\...')
#2 C:\Users\ganda\Documents\GitHub\e-Posyandu\system\View\View.php(213): CodeIgniter\View\View->CodeIgniter\View\{closure}()
#3 C:\Users\ganda\Documents\GitHub\e-Posyandu\system\Common.php(1089): CodeIgniter\View\View->render('user/Balita/Ind...', Array, true)
#4 C:\Users\ganda\Documents\GitHub\e-Posyandu\app\Controllers\User.php(321): view('user/Balita/Ind...', Array)
#5 C:\Users\ganda\Documents\GitHub\e-Posyandu\system\CodeIgniter.php(832): App\Controllers\User->balita()
#6 C:\Users\ganda\Documents\GitHub\e-Posyandu\system\CodeIgniter.php(419): CodeIgniter\CodeIgniter->runController(Object(App\Controllers\User))
#7 C:\Users\ganda\Documents\GitHub\e-Posyandu\system\CodeIgniter.php(326): CodeIgniter\CodeIgniter->handleRequest(NULL, Object(Config\Cache), false)
#8 C:\Users\ganda\Documents\GitHub\e-Posyandu\public\index.php(37): CodeIgniter\CodeIgniter->run()
#9 C:\Users\ganda\Documents\GitHub\e-Posyandu\system\Commands\Server\rewrite.php(43): require_once('C:\\Users\\ganda\\...')
#10 {main}
CRITICAL - 2024-09-25 10:31:18 --> Undefined variable $pengecekanModel
#0 C:\Users\E-RM7\Documents\GitHub\e-Posyandu\app\Views\User\Balita\Index.php(59): CodeIgniter\Debug\Exceptions->errorHandler(2, 'Undefined varia...', 'C:\\Users\\E-RM7\\...', 59)
#1 C:\Users\E-RM7\Documents\GitHub\e-Posyandu\system\View\View.php(210): include('C:\\Users\\E-RM7\\...')
#2 C:\Users\E-RM7\Documents\GitHub\e-Posyandu\system\View\View.php(213): CodeIgniter\View\View->CodeIgniter\View\{closure}()
#3 C:\Users\E-RM7\Documents\GitHub\e-Posyandu\system\Common.php(1089): CodeIgniter\View\View->render('user/Balita/Ind...', Array, true)
#4 C:\Users\E-RM7\Documents\GitHub\e-Posyandu\app\Controllers\User.php(321): view('user/Balita/Ind...', Array)
#5 C:\Users\E-RM7\Documents\GitHub\e-Posyandu\system\CodeIgniter.php(832): App\Controllers\User->balita()
#6 C:\Users\E-RM7\Documents\GitHub\e-Posyandu\system\CodeIgniter.php(419): CodeIgniter\CodeIgniter->runController(Object(App\Controllers\User))
#7 C:\Users\E-RM7\Documents\GitHub\e-Posyandu\system\CodeIgniter.php(326): CodeIgniter\CodeIgniter->handleRequest(NULL, Object(Config\Cache), false)
#8 C:\Users\E-RM7\Documents\GitHub\e-Posyandu\public\index.php(37): CodeIgniter\CodeIgniter->run()
#9 C:\Users\E-RM7\Documents\GitHub\e-Posyandu\system\Commands\Server\rewrite.php(43): require_once('C:\\Users\\E-RM7\\...')
#10 {main}
ERROR - 2024-09-25 10:31:52 --> Unknown column 'balita_id_detail' in 'where clause'
CRITICAL - 2024-09-25 10:31:52 --> Unknown column 'balita_id_detail' in 'where clause'
#0 C:\Users\E-RM7\Documents\GitHub\e-Posyandu\system\Database\MySQLi\Connection.php(292): mysqli->query('SELECT *\nFROM `...', 0)
#1 C:\Users\E-RM7\Documents\GitHub\e-Posyandu\system\Database\BaseConnection.php(670): CodeIgniter\Database\MySQLi\Connection->execute('SELECT *\nFROM `...')
#2 C:\Users\E-RM7\Documents\GitHub\e-Posyandu\system\Database\BaseConnection.php(598): CodeIgniter\Database\BaseConnection->simpleQuery('SELECT *\nFROM `...')
#3 C:\Users\E-RM7\Documents\GitHub\e-Posyandu\system\Database\BaseBuilder.php(1455): CodeIgniter\Database\BaseConnection->query('SELECT *\nFROM `...', Array, false)
#4 C:\Users\E-RM7\Documents\GitHub\e-Posyandu\system\Model.php(210): CodeIgniter\Database\BaseBuilder->get()
#5 C:\Users\E-RM7\Documents\GitHub\e-Posyandu\system\BaseModel.php(622): CodeIgniter\Model->doFirst()
#6 C:\Users\E-RM7\Documents\GitHub\e-Posyandu\app\Views\User\Balita\Index.php(66): CodeIgniter\BaseModel->first()
#7 C:\Users\E-RM7\Documents\GitHub\e-Posyandu\system\View\View.php(210): include('C:\\Users\\E-RM7\\...')
#8 C:\Users\E-RM7\Documents\GitHub\e-Posyandu\system\View\View.php(213): CodeIgniter\View\View->CodeIgniter\View\{closure}()
#9 C:\Users\E-RM7\Documents\GitHub\e-Posyandu\system\Common.php(1089): CodeIgniter\View\View->render('user/Balita/Ind...', Array, true)
#10 C:\Users\E-RM7\Documents\GitHub\e-Posyandu\app\Controllers\User.php(321): view('user/Balita/Ind...', Array)
#11 C:\Users\E-RM7\Documents\GitHub\e-Posyandu\system\CodeIgniter.php(832): App\Controllers\User->balita()
#12 C:\Users\E-RM7\Documents\GitHub\e-Posyandu\system\CodeIgniter.php(419): CodeIgniter\CodeIgniter->runController(Object(App\Controllers\User))
#13 C:\Users\E-RM7\Documents\GitHub\e-Posyandu\system\CodeIgniter.php(326): CodeIgniter\CodeIgniter->handleRequest(NULL, Object(Config\Cache), false)
#14 C:\Users\E-RM7\Documents\GitHub\e-Posyandu\public\index.php(37): CodeIgniter\CodeIgniter->run()
#15 C:\Users\E-RM7\Documents\GitHub\e-Posyandu\system\Commands\Server\rewrite.php(43): require_once('C:\\Users\\E-RM7\\...')
#16 {main}
ERROR - 2024-09-25 10:33:06 --> Unknown column 'balita_id_detail' in 'where clause'
CRITICAL - 2024-09-25 10:33:06 --> Unknown column 'balita_id_detail' in 'where clause'
#0 C:\Users\E-RM7\Documents\GitHub\e-Posyandu\system\Database\MySQLi\Connection.php(292): mysqli->query('SELECT *\nFROM `...', 0)
#1 C:\Users\E-RM7\Documents\GitHub\e-Posyandu\system\Database\BaseConnection.php(670): CodeIgniter\Database\MySQLi\Connection->execute('SELECT *\nFROM `...')
#2 C:\Users\E-RM7\Documents\GitHub\e-Posyandu\system\Database\BaseConnection.php(598): CodeIgniter\Database\BaseConnection->simpleQuery('SELECT *\nFROM `...')
#3 C:\Users\E-RM7\Documents\GitHub\e-Posyandu\system\Database\BaseBuilder.php(1455): CodeIgniter\Database\BaseConnection->query('SELECT *\nFROM `...', Array, false)
#4 C:\Users\E-RM7\Documents\GitHub\e-Posyandu\system\Model.php(210): CodeIgniter\Database\BaseBuilder->get()
#5 C:\Users\E-RM7\Documents\GitHub\e-Posyandu\system\BaseModel.php(622): CodeIgniter\Model->doFirst()
#6 C:\Users\E-RM7\Documents\GitHub\e-Posyandu\app\Views\User\Balita\Index.php(66): CodeIgniter\BaseModel->first()
#7 C:\Users\E-RM7\Documents\GitHub\e-Posyandu\system\View\View.php(210): include('C:\\Users\\E-RM7\\...')
#8 C:\Users\E-RM7\Documents\GitHub\e-Posyandu\system\View\View.php(213): CodeIgniter\View\View->CodeIgniter\View\{closure}()
#9 C:\Users\E-RM7\Documents\GitHub\e-Posyandu\system\Common.php(1089): CodeIgniter\View\View->render('user/Balita/Ind...', Array, true)
#10 C:\Users\E-RM7\Documents\GitHub\e-Posyandu\app\Controllers\User.php(321): view('user/Balita/Ind...', Array)
#11 C:\Users\E-RM7\Documents\GitHub\e-Posyandu\system\CodeIgniter.php(832): App\Controllers\User->balita()
#12 C:\Users\E-RM7\Documents\GitHub\e-Posyandu\system\CodeIgniter.php(419): CodeIgniter\CodeIgniter->runController(Object(App\Controllers\User))
#13 C:\Users\E-RM7\Documents\GitHub\e-Posyandu\system\CodeIgniter.php(326): CodeIgniter\CodeIgniter->handleRequest(NULL, Object(Config\Cache), false)
#14 C:\Users\E-RM7\Documents\GitHub\e-Posyandu\public\index.php(37): CodeIgniter\CodeIgniter->run()
#15 C:\Users\E-RM7\Documents\GitHub\e-Posyandu\system\Commands\Server\rewrite.php(43): require_once('C:\\Users\\E-RM7\\...')
#16 {main}
ERROR - 2024-09-25 10:33:14 --> Unknown column 'balita_id_detail' in 'where clause'
CRITICAL - 2024-09-25 10:33:14 --> Unknown column 'balita_id_detail' in 'where clause'
#0 C:\Users\E-RM7\Documents\GitHub\e-Posyandu\system\Database\MySQLi\Connection.php(292): mysqli->query('SELECT *\nFROM `...', 0)
#1 C:\Users\E-RM7\Documents\GitHub\e-Posyandu\system\Database\BaseConnection.php(670): CodeIgniter\Database\MySQLi\Connection->execute('SELECT *\nFROM `...')
#2 C:\Users\E-RM7\Documents\GitHub\e-Posyandu\system\Database\BaseConnection.php(598): CodeIgniter\Database\BaseConnection->simpleQuery('SELECT *\nFROM `...')
#3 C:\Users\E-RM7\Documents\GitHub\e-Posyandu\system\Database\BaseBuilder.php(1455): CodeIgniter\Database\BaseConnection->query('SELECT *\nFROM `...', Array, false)
#4 C:\Users\E-RM7\Documents\GitHub\e-Posyandu\system\Model.php(210): CodeIgniter\Database\BaseBuilder->get()
#5 C:\Users\E-RM7\Documents\GitHub\e-Posyandu\system\BaseModel.php(622): CodeIgniter\Model->doFirst()
#6 C:\Users\E-RM7\Documents\GitHub\e-Posyandu\app\Views\User\Balita\Index.php(66): CodeIgniter\BaseModel->first()
#7 C:\Users\E-RM7\Documents\GitHub\e-Posyandu\system\View\View.php(210): include('C:\\Users\\E-RM7\\...')
#8 C:\Users\E-RM7\Documents\GitHub\e-Posyandu\system\View\View.php(213): CodeIgniter\View\View->CodeIgniter\View\{closure}()
#9 C:\Users\E-RM7\Documents\GitHub\e-Posyandu\system\Common.php(1089): CodeIgniter\View\View->render('user/Balita/Ind...', Array, true)
#10 C:\Users\E-RM7\Documents\GitHub\e-Posyandu\app\Controllers\User.php(321): view('user/Balita/Ind...', Array)
#11 C:\Users\E-RM7\Documents\GitHub\e-Posyandu\system\CodeIgniter.php(832): App\Controllers\User->balita()
#12 C:\Users\E-RM7\Documents\GitHub\e-Posyandu\system\CodeIgniter.php(419): CodeIgniter\CodeIgniter->runController(Object(App\Controllers\User))
#13 C:\Users\E-RM7\Documents\GitHub\e-Posyandu\system\CodeIgniter.php(326): CodeIgniter\CodeIgniter->handleRequest(NULL, Object(Config\Cache), false)
#14 C:\Users\E-RM7\Documents\GitHub\e-Posyandu\public\index.php(37): CodeIgniter\CodeIgniter->run()
#15 C:\Users\E-RM7\Documents\GitHub\e-Posyandu\system\Commands\Server\rewrite.php(43): require_once('C:\\Users\\E-RM7\\...')
#16 {main}
ERROR - 2024-09-25 10:33:55 --> Unknown column 'balita_id_detail' in 'where clause'
CRITICAL - 2024-09-25 10:33:55 --> Unknown column 'balita_id_detail' in 'where clause'
#0 C:\Users\E-RM7\Documents\GitHub\e-Posyandu\system\Database\MySQLi\Connection.php(292): mysqli->query('SELECT *\nFROM `...', 0)
#1 C:\Users\E-RM7\Documents\GitHub\e-Posyandu\system\Database\BaseConnection.php(670): CodeIgniter\Database\MySQLi\Connection->execute('SELECT *\nFROM `...')
#2 C:\Users\E-RM7\Documents\GitHub\e-Posyandu\system\Database\BaseConnection.php(598): CodeIgniter\Database\BaseConnection->simpleQuery('SELECT *\nFROM `...')
#3 C:\Users\E-RM7\Documents\GitHub\e-Posyandu\system\Database\BaseBuilder.php(1455): CodeIgniter\Database\BaseConnection->query('SELECT *\nFROM `...', Array, false)
#4 C:\Users\E-RM7\Documents\GitHub\e-Posyandu\system\Model.php(210): CodeIgniter\Database\BaseBuilder->get()
#5 C:\Users\E-RM7\Documents\GitHub\e-Posyandu\system\BaseModel.php(622): CodeIgniter\Model->doFirst()
#6 C:\Users\E-RM7\Documents\GitHub\e-Posyandu\app\Views\User\Balita\Index.php(66): CodeIgniter\BaseModel->first()
#7 C:\Users\E-RM7\Documents\GitHub\e-Posyandu\system\View\View.php(210): include('C:\\Users\\E-RM7\\...')
#8 C:\Users\E-RM7\Documents\GitHub\e-Posyandu\system\View\View.php(213): CodeIgniter\View\View->CodeIgniter\View\{closure}()
#9 C:\Users\E-RM7\Documents\GitHub\e-Posyandu\system\Common.php(1089): CodeIgniter\View\View->render('user/Balita/Ind...', Array, true)
#10 C:\Users\E-RM7\Documents\GitHub\e-Posyandu\app\Controllers\User.php(321): view('user/Balita/Ind...', Array)
#11 C:\Users\E-RM7\Documents\GitHub\e-Posyandu\system\CodeIgniter.php(832): App\Controllers\User->balita()
#12 C:\Users\E-RM7\Documents\GitHub\e-Posyandu\system\CodeIgniter.php(419): CodeIgniter\CodeIgniter->runController(Object(App\Controllers\User))
#13 C:\Users\E-RM7\Documents\GitHub\e-Posyandu\system\CodeIgniter.php(326): CodeIgniter\CodeIgniter->handleRequest(NULL, Object(Config\Cache), false)
#14 C:\Users\E-RM7\Documents\GitHub\e-Posyandu\public\index.php(37): CodeIgniter\CodeIgniter->run()
#15 C:\Users\E-RM7\Documents\GitHub\e-Posyandu\system\Commands\Server\rewrite.php(43): require_once('C:\\Users\\E-RM7\\...')
#16 {main}
ERROR - 2024-09-25 10:34:02 --> Unknown column 'id_detail' in 'where clause'
CRITICAL - 2024-09-25 10:34:02 --> Unknown column 'id_detail' in 'where clause'
#0 C:\Users\E-RM7\Documents\GitHub\e-Posyandu\system\Database\MySQLi\Connection.php(292): mysqli->query('SELECT *\nFROM `...', 0)
#1 C:\Users\E-RM7\Documents\GitHub\e-Posyandu\system\Database\BaseConnection.php(670): CodeIgniter\Database\MySQLi\Connection->execute('SELECT *\nFROM `...')
#2 C:\Users\E-RM7\Documents\GitHub\e-Posyandu\system\Database\BaseConnection.php(598): CodeIgniter\Database\BaseConnection->simpleQuery('SELECT *\nFROM `...')
#3 C:\Users\E-RM7\Documents\GitHub\e-Posyandu\system\Database\BaseBuilder.php(1455): CodeIgniter\Database\BaseConnection->query('SELECT *\nFROM `...', Array, false)
#4 C:\Users\E-RM7\Documents\GitHub\e-Posyandu\system\Model.php(210): CodeIgniter\Database\BaseBuilder->get()
#5 C:\Users\E-RM7\Documents\GitHub\e-Posyandu\system\BaseModel.php(622): CodeIgniter\Model->doFirst()
#6 C:\Users\E-RM7\Documents\GitHub\e-Posyandu\app\Views\User\Balita\Index.php(66): CodeIgniter\BaseModel->first()
#7 C:\Users\E-RM7\Documents\GitHub\e-Posyandu\system\View\View.php(210): include('C:\\Users\\E-RM7\\...')
#8 C:\Users\E-RM7\Documents\GitHub\e-Posyandu\system\View\View.php(213): CodeIgniter\View\View->CodeIgniter\View\{closure}()
#9 C:\Users\E-RM7\Documents\GitHub\e-Posyandu\system\Common.php(1089): CodeIgniter\View\View->render('user/Balita/Ind...', Array, true)
#10 C:\Users\E-RM7\Documents\GitHub\e-Posyandu\app\Controllers\User.php(321): view('user/Balita/Ind...', Array)
#11 C:\Users\E-RM7\Documents\GitHub\e-Posyandu\system\CodeIgniter.php(832): App\Controllers\User->balita()
#12 C:\Users\E-RM7\Documents\GitHub\e-Posyandu\system\CodeIgniter.php(419): CodeIgniter\CodeIgniter->runController(Object(App\Controllers\User))
#13 C:\Users\E-RM7\Documents\GitHub\e-Posyandu\system\CodeIgniter.php(326): CodeIgniter\CodeIgniter->handleRequest(NULL, Object(Config\Cache), false)
#14 C:\Users\E-RM7\Documents\GitHub\e-Posyandu\public\index.php(37): CodeIgniter\CodeIgniter->run()
#15 C:\Users\E-RM7\Documents\GitHub\e-Posyandu\system\Commands\Server\rewrite.php(43): require_once('C:\\Users\\E-RM7\\...')
#16 {main}
ERROR - 2024-09-25 10:34:04 --> Unknown column 'id_detail' in 'where clause'
CRITICAL - 2024-09-25 10:34:04 --> Unknown column 'id_detail' in 'where clause'
#0 C:\Users\E-RM7\Documents\GitHub\e-Posyandu\system\Database\MySQLi\Connection.php(292): mysqli->query('SELECT *\nFROM `...', 0)
#1 C:\Users\E-RM7\Documents\GitHub\e-Posyandu\system\Database\BaseConnection.php(670): CodeIgniter\Database\MySQLi\Connection->execute('SELECT *\nFROM `...')
#2 C:\Users\E-RM7\Documents\GitHub\e-Posyandu\system\Database\BaseConnection.php(598): CodeIgniter\Database\BaseConnection->simpleQuery('SELECT *\nFROM `...')
#3 C:\Users\E-RM7\Documents\GitHub\e-Posyandu\system\Database\BaseBuilder.php(1455): CodeIgniter\Database\BaseConnection->query('SELECT *\nFROM `...', Array, false)
#4 C:\Users\E-RM7\Documents\GitHub\e-Posyandu\system\Model.php(210): CodeIgniter\Database\BaseBuilder->get()
#5 C:\Users\E-RM7\Documents\GitHub\e-Posyandu\system\BaseModel.php(622): CodeIgniter\Model->doFirst()
#6 C:\Users\E-RM7\Documents\GitHub\e-Posyandu\app\Views\User\Balita\Index.php(66): CodeIgniter\BaseModel->first()
#7 C:\Users\E-RM7\Documents\GitHub\e-Posyandu\system\View\View.php(210): include('C:\\Users\\E-RM7\\...')
#8 C:\Users\E-RM7\Documents\GitHub\e-Posyandu\system\View\View.php(213): CodeIgniter\View\View->CodeIgniter\View\{closure}()
#9 C:\Users\E-RM7\Documents\GitHub\e-Posyandu\system\Common.php(1089): CodeIgniter\View\View->render('user/Balita/Ind...', Array, true)
#10 C:\Users\E-RM7\Documents\GitHub\e-Posyandu\app\Controllers\User.php(321): view('user/Balita/Ind...', Array)
#11 C:\Users\E-RM7\Documents\GitHub\e-Posyandu\system\CodeIgniter.php(832): App\Controllers\User->balita()
#12 C:\Users\E-RM7\Documents\GitHub\e-Posyandu\system\CodeIgniter.php(419): CodeIgniter\CodeIgniter->runController(Object(App\Controllers\User))
#13 C:\Users\E-RM7\Documents\GitHub\e-Posyandu\system\CodeIgniter.php(326): CodeIgniter\CodeIgniter->handleRequest(NULL, Object(Config\Cache), false)
#14 C:\Users\E-RM7\Documents\GitHub\e-Posyandu\public\index.php(37): CodeIgniter\CodeIgniter->run()
#15 C:\Users\E-RM7\Documents\GitHub\e-Posyandu\system\Commands\Server\rewrite.php(43): require_once('C:\\Users\\E-RM7\\...')
#16 {main}
