CRITICAL - 2024-04-21 13:28:31 --> Undefined property: App\Controllers\Admin::$HutangModel
#0 C:\xampp\htdocs\Update Toko\app\Controllers\Admin.php(2591): CodeIgniter\Debug\Exceptions->errorHandler(8, 'Undefined prope...', 'C:\\xampp\\htdocs...', 2591, Array)
#1 C:\xampp\htdocs\Update Toko\system\CodeIgniter.php(832): App\Controllers\Admin->bayarHutang('1')
#2 C:\xampp\htdocs\Update Toko\system\CodeIgniter.php(419): CodeIgniter\CodeIgniter->runController(Object(App\Controllers\Admin))
#3 C:\xampp\htdocs\Update Toko\system\CodeIgniter.php(326): CodeIgniter\CodeIgniter->handleRequest(NULL, Object(Config\Cache), false)
#4 C:\xampp\htdocs\Update Toko\public\index.php(37): CodeIgniter\CodeIgniter->run()
#5 C:\xampp\htdocs\Update Toko\system\Commands\Server\rewrite.php(43): require_once('C:\\xampp\\htdocs...')
#6 {main}
CRITICAL - 2024-04-21 13:29:37 --> Undefined property: App\Controllers\Admin::$HutangModel
#0 C:\xampp\htdocs\Update Toko\app\Controllers\Admin.php(2630): CodeIgniter\Debug\Exceptions->errorHandler(8, 'Undefined prope...', 'C:\\xampp\\htdocs...', 2630, Array)
#1 C:\xampp\htdocs\Update Toko\system\CodeIgniter.php(832): App\Controllers\Admin->bayarHutang('1')
#2 C:\xampp\htdocs\Update Toko\system\CodeIgniter.php(419): CodeIgniter\CodeIgniter->runController(Object(App\Controllers\Admin))
#3 C:\xampp\htdocs\Update Toko\system\CodeIgniter.php(326): CodeIgniter\CodeIgniter->handleRequest(NULL, Object(Config\Cache), false)
#4 C:\xampp\htdocs\Update Toko\public\index.php(37): CodeIgniter\CodeIgniter->run()
#5 C:\xampp\htdocs\Update Toko\system\Commands\Server\rewrite.php(43): require_once('C:\\xampp\\htdocs...')
#6 {main}
CRITICAL - 2024-04-21 13:33:56 --> Undefined variable: PengeluaranModel
#0 C:\xampp\htdocs\Update Toko\app\Controllers\Admin.php(2641): CodeIgniter\Debug\Exceptions->errorHandler(8, 'Undefined varia...', 'C:\\xampp\\htdocs...', 2641, Array)
#1 C:\xampp\htdocs\Update Toko\system\CodeIgniter.php(832): App\Controllers\Admin->bayarHutang('8')
#2 C:\xampp\htdocs\Update Toko\system\CodeIgniter.php(419): CodeIgniter\CodeIgniter->runController(Object(App\Controllers\Admin))
#3 C:\xampp\htdocs\Update Toko\system\CodeIgniter.php(326): CodeIgniter\CodeIgniter->handleRequest(NULL, Object(Config\Cache), false)
#4 C:\xampp\htdocs\Update Toko\public\index.php(37): CodeIgniter\CodeIgniter->run()
#5 C:\xampp\htdocs\Update Toko\system\Commands\Server\rewrite.php(43): require_once('C:\\xampp\\htdocs...')
#6 {main}
CRITICAL - 2024-04-21 14:26:47 --> Maximum execution time of 60 seconds exceeded
#0 [internal function]: CodeIgniter\Debug\Exceptions->shutdownHandler()
#1 {main}
CRITICAL - 2024-04-21 14:27:24 --> Undefined variable: jumlah_sisa
#0 C:\xampp\htdocs\Update Toko\app\Views\Admin\Hutang\Index.php(69): CodeIgniter\Debug\Exceptions->errorHandler(8, 'Undefined varia...', 'C:\\xampp\\htdocs...', 69, Array)
#1 C:\xampp\htdocs\Update Toko\system\View\View.php(210): include('C:\\xampp\\htdocs...')
#2 C:\xampp\htdocs\Update Toko\system\View\View.php(213): CodeIgniter\View\View->CodeIgniter\View\{closure}()
#3 C:\xampp\htdocs\Update Toko\system\Common.php(1089): CodeIgniter\View\View->render('Admin/Hutang/In...', Array, true)
#4 C:\xampp\htdocs\Update Toko\app\Controllers\Admin.php(2554): view('Admin/Hutang/In...', Array)
#5 C:\xampp\htdocs\Update Toko\system\CodeIgniter.php(832): App\Controllers\Admin->hutang()
#6 C:\xampp\htdocs\Update Toko\system\CodeIgniter.php(419): CodeIgniter\CodeIgniter->runController(Object(App\Controllers\Admin))
#7 C:\xampp\htdocs\Update Toko\system\CodeIgniter.php(326): CodeIgniter\CodeIgniter->handleRequest(NULL, Object(Config\Cache), false)
#8 C:\xampp\htdocs\Update Toko\public\index.php(37): CodeIgniter\CodeIgniter->run()
#9 C:\xampp\htdocs\Update Toko\system\Commands\Server\rewrite.php(43): require_once('C:\\xampp\\htdocs...')
#10 {main}
CRITICAL - 2024-04-21 17:27:35 --> Maximum execution time of 60 seconds exceeded
#0 [internal function]: CodeIgniter\Debug\Exceptions->shutdownHandler()
#1 {main}
CRITICAL - 2024-04-21 17:55:36 --> Undefined variable: jumlah_sisa
#0 C:\xampp\htdocs\Update Toko\app\Views\Admin\Hutang\Index.php(69): CodeIgniter\Debug\Exceptions->errorHandler(8, 'Undefined varia...', 'C:\\xampp\\htdocs...', 69, Array)
#1 C:\xampp\htdocs\Update Toko\system\View\View.php(210): include('C:\\xampp\\htdocs...')
#2 C:\xampp\htdocs\Update Toko\system\View\View.php(213): CodeIgniter\View\View->CodeIgniter\View\{closure}()
#3 C:\xampp\htdocs\Update Toko\system\Common.php(1089): CodeIgniter\View\View->render('Admin/Hutang/In...', Array, true)
#4 C:\xampp\htdocs\Update Toko\app\Controllers\Admin.php(2554): view('Admin/Hutang/In...', Array)
#5 C:\xampp\htdocs\Update Toko\system\CodeIgniter.php(832): App\Controllers\Admin->hutang()
#6 C:\xampp\htdocs\Update Toko\system\CodeIgniter.php(419): CodeIgniter\CodeIgniter->runController(Object(App\Controllers\Admin))
#7 C:\xampp\htdocs\Update Toko\system\CodeIgniter.php(326): CodeIgniter\CodeIgniter->handleRequest(NULL, Object(Config\Cache), false)
#8 C:\xampp\htdocs\Update Toko\public\index.php(37): CodeIgniter\CodeIgniter->run()
#9 C:\xampp\htdocs\Update Toko\system\Commands\Server\rewrite.php(43): require_once('C:\\xampp\\htdocs...')
#10 {main}
CRITICAL - 2024-04-21 19:55:26 --> Undefined variable: jumlah_sisa
#0 C:\xampp\htdocs\Update Toko\app\Views\Admin\Hutang\Index.php(69): CodeIgniter\Debug\Exceptions->errorHandler(8, 'Undefined varia...', 'C:\\xampp\\htdocs...', 69, Array)
#1 C:\xampp\htdocs\Update Toko\system\View\View.php(210): include('C:\\xampp\\htdocs...')
#2 C:\xampp\htdocs\Update Toko\system\View\View.php(213): CodeIgniter\View\View->CodeIgniter\View\{closure}()
#3 C:\xampp\htdocs\Update Toko\system\Common.php(1089): CodeIgniter\View\View->render('Admin/Hutang/In...', Array, true)
#4 C:\xampp\htdocs\Update Toko\app\Controllers\Admin.php(2554): view('Admin/Hutang/In...', Array)
#5 C:\xampp\htdocs\Update Toko\system\CodeIgniter.php(832): App\Controllers\Admin->hutang()
#6 C:\xampp\htdocs\Update Toko\system\CodeIgniter.php(419): CodeIgniter\CodeIgniter->runController(Object(App\Controllers\Admin))
#7 C:\xampp\htdocs\Update Toko\system\CodeIgniter.php(326): CodeIgniter\CodeIgniter->handleRequest(NULL, Object(Config\Cache), false)
#8 C:\xampp\htdocs\Update Toko\public\index.php(37): CodeIgniter\CodeIgniter->run()
#9 C:\xampp\htdocs\Update Toko\system\Commands\Server\rewrite.php(43): require_once('C:\\xampp\\htdocs...')
#10 {main}
CRITICAL - 2024-04-21 19:58:32 --> Trying to get property 'fullname' of non-object
#0 C:\xampp\htdocs\Update Toko\app\Views\Admin\Templates\Topbar.php(27): CodeIgniter\Debug\Exceptions->errorHandler(8, 'Trying to get p...', 'C:\\xampp\\htdocs...', 27, Array)
#1 C:\xampp\htdocs\Update Toko\system\View\View.php(210): include('C:\\xampp\\htdocs...')
#2 C:\xampp\htdocs\Update Toko\system\View\View.php(213): CodeIgniter\View\View->CodeIgniter\View\{closure}()
#3 C:\xampp\htdocs\Update Toko\system\View\View.php(424): CodeIgniter\View\View->render('Admin/Templates...', NULL, true)
#4 C:\xampp\htdocs\Update Toko\app\Views\Admin\Templates\Index.php(57): CodeIgniter\View\View->include('Admin/Templates...')
#5 C:\xampp\htdocs\Update Toko\system\View\View.php(210): include('C:\\xampp\\htdocs...')
#6 C:\xampp\htdocs\Update Toko\system\View\View.php(213): CodeIgniter\View\View->CodeIgniter\View\{closure}()
#7 C:\xampp\htdocs\Update Toko\system\View\View.php(226): CodeIgniter\View\View->render('Admin/Templates...', Array, true)
#8 C:\xampp\htdocs\Update Toko\system\Common.php(1089): CodeIgniter\View\View->render('Admin/Hutang/In...', Array, true)
#9 C:\xampp\htdocs\Update Toko\app\Controllers\Admin.php(2567): view('Admin/Hutang/In...', Array)
#10 C:\xampp\htdocs\Update Toko\system\CodeIgniter.php(832): App\Controllers\Admin->hutang()
#11 C:\xampp\htdocs\Update Toko\system\CodeIgniter.php(419): CodeIgniter\CodeIgniter->runController(Object(App\Controllers\Admin))
#12 C:\xampp\htdocs\Update Toko\system\CodeIgniter.php(326): CodeIgniter\CodeIgniter->handleRequest(NULL, Object(Config\Cache), false)
#13 C:\xampp\htdocs\Update Toko\public\index.php(37): CodeIgniter\CodeIgniter->run()
#14 C:\xampp\htdocs\Update Toko\system\Commands\Server\rewrite.php(43): require_once('C:\\xampp\\htdocs...')
#15 {main}
CRITICAL - 2024-04-21 20:38:15 --> Undefined index: jumlah
#0 C:\xampp\htdocs\Update Toko\app\Controllers\Admin.php(2651): CodeIgniter\Debug\Exceptions->errorHandler(8, 'Undefined index...', 'C:\\xampp\\htdocs...', 2651, Array)
#1 C:\xampp\htdocs\Update Toko\system\CodeIgniter.php(832): App\Controllers\Admin->bayarHutang('9')
#2 C:\xampp\htdocs\Update Toko\system\CodeIgniter.php(419): CodeIgniter\CodeIgniter->runController(Object(App\Controllers\Admin))
#3 C:\xampp\htdocs\Update Toko\system\CodeIgniter.php(326): CodeIgniter\CodeIgniter->handleRequest(NULL, Object(Config\Cache), false)
#4 C:\xampp\htdocs\Update Toko\public\index.php(37): CodeIgniter\CodeIgniter->run()
#5 C:\xampp\htdocs\Update Toko\system\Commands\Server\rewrite.php(43): require_once('C:\\xampp\\htdocs...')
#6 {main}
ERROR - 2024-04-21 21:15:22 --> Table 'toko_hera.saldo' doesn't exist
CRITICAL - 2024-04-21 21:15:22 --> Table 'toko_hera.saldo' doesn't exist
#0 C:\xampp\htdocs\Update Toko\system\Database\MySQLi\Connection.php(292): mysqli->query('SELECT `saldo`\n...', 0)
#1 C:\xampp\htdocs\Update Toko\system\Database\BaseConnection.php(670): CodeIgniter\Database\MySQLi\Connection->execute('SELECT `saldo`\n...')
#2 C:\xampp\htdocs\Update Toko\system\Database\BaseConnection.php(598): CodeIgniter\Database\BaseConnection->simpleQuery('SELECT `saldo`\n...')
#3 C:\xampp\htdocs\Update Toko\system\Database\BaseBuilder.php(1455): CodeIgniter\Database\BaseConnection->query('SELECT `saldo`\n...', Array, false)
#4 C:\xampp\htdocs\Update Toko\system\Model.php(728): CodeIgniter\Database\BaseBuilder->get()
#5 C:\xampp\htdocs\Update Toko\app\Models\SaldoModel.php(29): CodeIgniter\Model->__call('get', Array)
#6 C:\xampp\htdocs\Update Toko\app\Controllers\Admin.php(771): App\Models\SaldoModel->getLastBalance()
#7 C:\xampp\htdocs\Update Toko\system\CodeIgniter.php(832): App\Controllers\Admin->simpanPenjualanBrg()
#8 C:\xampp\htdocs\Update Toko\system\CodeIgniter.php(419): CodeIgniter\CodeIgniter->runController(Object(App\Controllers\Admin))
#9 C:\xampp\htdocs\Update Toko\system\CodeIgniter.php(326): CodeIgniter\CodeIgniter->handleRequest(NULL, Object(Config\Cache), false)
#10 C:\xampp\htdocs\Update Toko\public\index.php(37): CodeIgniter\CodeIgniter->run()
#11 C:\xampp\htdocs\Update Toko\system\Commands\Server\rewrite.php(43): require_once('C:\\xampp\\htdocs...')
#12 {main}
CRITICAL - 2024-04-21 21:42:21 --> Cannot redeclare App\Controllers\Admin::simpanPenjualanBrg()
#0 [internal function]: CodeIgniter\Debug\Exceptions->shutdownHandler()
#1 {main}
CRITICAL - 2024-04-21 21:43:01 --> Undefined index: nama_barang
#0 C:\xampp\htdocs\Update Toko\app\Controllers\Admin.php(751): CodeIgniter\Debug\Exceptions->errorHandler(8, 'Undefined index...', 'C:\\xampp\\htdocs...', 751, Array)
#1 C:\xampp\htdocs\Update Toko\system\CodeIgniter.php(832): App\Controllers\Admin->simpanPenjualanBrg()
#2 C:\xampp\htdocs\Update Toko\system\CodeIgniter.php(419): CodeIgniter\CodeIgniter->runController(Object(App\Controllers\Admin))
#3 C:\xampp\htdocs\Update Toko\system\CodeIgniter.php(326): CodeIgniter\CodeIgniter->handleRequest(NULL, Object(Config\Cache), false)
#4 C:\xampp\htdocs\Update Toko\public\index.php(37): CodeIgniter\CodeIgniter->run()
#5 C:\xampp\htdocs\Update Toko\system\Commands\Server\rewrite.php(43): require_once('C:\\xampp\\htdocs...')
#6 {main}
CRITICAL - 2024-04-21 22:35:47 --> Maximum execution time of 60 seconds exceeded
#0 [internal function]: CodeIgniter\Debug\Exceptions->shutdownHandler()
#1 {main}
CRITICAL - 2024-04-21 22:42:34 --> Undefined property: App\Controllers\Admin::$profil
#0 C:\xampp\htdocs\Update Toko\app\Controllers\Admin.php(225): CodeIgniter\Debug\Exceptions->errorHandler(8, 'Undefined prope...', 'C:\\xampp\\htdocs...', 225, Array)
#1 C:\xampp\htdocs\Update Toko\system\CodeIgniter.php(832): App\Controllers\Admin->simpanProfile('1')
#2 C:\xampp\htdocs\Update Toko\system\CodeIgniter.php(419): CodeIgniter\CodeIgniter->runController(Object(App\Controllers\Admin))
#3 C:\xampp\htdocs\Update Toko\system\CodeIgniter.php(326): CodeIgniter\CodeIgniter->handleRequest(NULL, Object(Config\Cache), false)
#4 C:\xampp\htdocs\Update Toko\public\index.php(37): CodeIgniter\CodeIgniter->run()
#5 C:\xampp\htdocs\Update Toko\system\Commands\Server\rewrite.php(43): require_once('C:\\xampp\\htdocs...')
#6 {main}
CRITICAL - 2024-04-21 22:43:31 --> unlink(uploads/profile/AdminFOTOadmin.png): No such file or directory
#0 [internal function]: CodeIgniter\Debug\Exceptions->errorHandler(2, 'unlink(uploads/...', 'C:\\xampp\\htdocs...', 221, Array)
#1 C:\xampp\htdocs\Update Toko\app\Controllers\Admin.php(221): unlink('uploads/profile...')
#2 C:\xampp\htdocs\Update Toko\system\CodeIgniter.php(832): App\Controllers\Admin->simpanProfile('1')
#3 C:\xampp\htdocs\Update Toko\system\CodeIgniter.php(419): CodeIgniter\CodeIgniter->runController(Object(App\Controllers\Admin))
#4 C:\xampp\htdocs\Update Toko\system\CodeIgniter.php(326): CodeIgniter\CodeIgniter->handleRequest(NULL, Object(Config\Cache), false)
#5 C:\xampp\htdocs\Update Toko\public\index.php(37): CodeIgniter\CodeIgniter->run()
#6 C:\xampp\htdocs\Update Toko\system\Commands\Server\rewrite.php(43): require_once('C:\\xampp\\htdocs...')
#7 {main}
CRITICAL - 2024-04-21 22:54:49 --> Undefined property: stdClass::$saldo
#0 C:\xampp\htdocs\Update Toko\app\Controllers\Admin.php(106): CodeIgniter\Debug\Exceptions->errorHandler(8, 'Undefined prope...', 'C:\\xampp\\htdocs...', 106, Array)
#1 C:\xampp\htdocs\Update Toko\system\CodeIgniter.php(832): App\Controllers\Admin->index()
#2 C:\xampp\htdocs\Update Toko\system\CodeIgniter.php(419): CodeIgniter\CodeIgniter->runController(Object(App\Controllers\Admin))
#3 C:\xampp\htdocs\Update Toko\system\CodeIgniter.php(326): CodeIgniter\CodeIgniter->handleRequest(NULL, Object(Config\Cache), false)
#4 C:\xampp\htdocs\Update Toko\public\index.php(37): CodeIgniter\CodeIgniter->run()
#5 C:\xampp\htdocs\Update Toko\system\Commands\Server\rewrite.php(43): require_once('C:\\xampp\\htdocs...')
#6 {main}
CRITICAL - 2024-04-21 22:56:43 --> Undefined property: stdClass::$saldo
#0 C:\xampp\htdocs\Update Toko\app\Controllers\Admin.php(106): CodeIgniter\Debug\Exceptions->errorHandler(8, 'Undefined prope...', 'C:\\xampp\\htdocs...', 106, Array)
#1 C:\xampp\htdocs\Update Toko\system\CodeIgniter.php(832): App\Controllers\Admin->index()
#2 C:\xampp\htdocs\Update Toko\system\CodeIgniter.php(419): CodeIgniter\CodeIgniter->runController(Object(App\Controllers\Admin))
#3 C:\xampp\htdocs\Update Toko\system\CodeIgniter.php(326): CodeIgniter\CodeIgniter->handleRequest(NULL, Object(Config\Cache), false)
#4 C:\xampp\htdocs\Update Toko\public\index.php(37): CodeIgniter\CodeIgniter->run()
#5 C:\xampp\htdocs\Update Toko\system\Commands\Server\rewrite.php(43): require_once('C:\\xampp\\htdocs...')
#6 {main}
CRITICAL - 2024-04-21 22:57:17 --> Undefined variable: saldo
#0 C:\xampp\htdocs\Update Toko\app\Controllers\Admin.php(116): CodeIgniter\Debug\Exceptions->errorHandler(8, 'Undefined varia...', 'C:\\xampp\\htdocs...', 116, Array)
#1 C:\xampp\htdocs\Update Toko\system\CodeIgniter.php(832): App\Controllers\Admin->index()
#2 C:\xampp\htdocs\Update Toko\system\CodeIgniter.php(419): CodeIgniter\CodeIgniter->runController(Object(App\Controllers\Admin))
#3 C:\xampp\htdocs\Update Toko\system\CodeIgniter.php(326): CodeIgniter\CodeIgniter->handleRequest(NULL, Object(Config\Cache), false)
#4 C:\xampp\htdocs\Update Toko\public\index.php(37): CodeIgniter\CodeIgniter->run()
#5 C:\xampp\htdocs\Update Toko\system\Commands\Server\rewrite.php(43): require_once('C:\\xampp\\htdocs...')
#6 {main}
CRITICAL - 2024-04-21 23:36:28 --> Call to undefined method App\Models\KasModel::getPenerimaan
#0 C:\xampp\htdocs\Update Toko\app\Controllers\Admin.php(1964): CodeIgniter\Model->__call('getPenerimaan', Array)
#1 C:\xampp\htdocs\Update Toko\system\CodeIgniter.php(832): App\Controllers\Admin->cetakArusKas()
#2 C:\xampp\htdocs\Update Toko\system\CodeIgniter.php(419): CodeIgniter\CodeIgniter->runController(Object(App\Controllers\Admin))
#3 C:\xampp\htdocs\Update Toko\system\CodeIgniter.php(326): CodeIgniter\CodeIgniter->handleRequest(NULL, Object(Config\Cache), false)
#4 C:\xampp\htdocs\Update Toko\public\index.php(37): CodeIgniter\CodeIgniter->run()
#5 C:\xampp\htdocs\Update Toko\system\Commands\Server\rewrite.php(43): require_once('C:\\xampp\\htdocs...')
#6 {main}
ERROR - 2024-04-21 23:37:38 --> You have an error in your SQL syntax; check the manual that corresponds to your MariaDB server version for the right syntax to use near 'IS NULL
AND `tanggal` < IS NULL' at line 4
CRITICAL - 2024-04-21 23:37:38 --> You have an error in your SQL syntax; check the manual that corresponds to your MariaDB server version for the right syntax to use near 'IS NULL
AND `tanggal` < IS NULL' at line 4
#0 C:\xampp\htdocs\Update Toko\system\Database\MySQLi\Connection.php(292): mysqli->query('SELECT *\nFROM `...', 0)
#1 C:\xampp\htdocs\Update Toko\system\Database\BaseConnection.php(670): CodeIgniter\Database\MySQLi\Connection->execute('SELECT *\nFROM `...')
#2 C:\xampp\htdocs\Update Toko\system\Database\BaseConnection.php(598): CodeIgniter\Database\BaseConnection->simpleQuery('SELECT *\nFROM `...')
#3 C:\xampp\htdocs\Update Toko\system\Database\BaseBuilder.php(1455): CodeIgniter\Database\BaseConnection->query('SELECT *\nFROM `...', Array, false)
#4 C:\xampp\htdocs\Update Toko\system\Model.php(183): CodeIgniter\Database\BaseBuilder->get()
#5 C:\xampp\htdocs\Update Toko\system\BaseModel.php(584): CodeIgniter\Model->doFindAll(0, 0)
#6 C:\xampp\htdocs\Update Toko\app\Models\KasModel.php(64): CodeIgniter\BaseModel->findAll()
#7 C:\xampp\htdocs\Update Toko\app\Controllers\Admin.php(1964): App\Models\KasModel->getPenerimaan(NULL, NULL)
#8 C:\xampp\htdocs\Update Toko\system\CodeIgniter.php(832): App\Controllers\Admin->cetakArusKas()
#9 C:\xampp\htdocs\Update Toko\system\CodeIgniter.php(419): CodeIgniter\CodeIgniter->runController(Object(App\Controllers\Admin))
#10 C:\xampp\htdocs\Update Toko\system\CodeIgniter.php(326): CodeIgniter\CodeIgniter->handleRequest(NULL, Object(Config\Cache), false)
#11 C:\xampp\htdocs\Update Toko\public\index.php(37): CodeIgniter\CodeIgniter->run()
#12 C:\xampp\htdocs\Update Toko\system\Commands\Server\rewrite.php(43): require_once('C:\\xampp\\htdocs...')
#13 {main}
ERROR - 2024-04-21 23:41:10 --> You have an error in your SQL syntax; check the manual that corresponds to your MariaDB server version for the right syntax to use near 'IS NULL
AND `tanggal` < IS NULL' at line 4
CRITICAL - 2024-04-21 23:41:10 --> You have an error in your SQL syntax; check the manual that corresponds to your MariaDB server version for the right syntax to use near 'IS NULL
AND `tanggal` < IS NULL' at line 4
#0 C:\xampp\htdocs\Update Toko\system\Database\MySQLi\Connection.php(292): mysqli->query('SELECT *\nFROM `...', 0)
#1 C:\xampp\htdocs\Update Toko\system\Database\BaseConnection.php(670): CodeIgniter\Database\MySQLi\Connection->execute('SELECT *\nFROM `...')
#2 C:\xampp\htdocs\Update Toko\system\Database\BaseConnection.php(598): CodeIgniter\Database\BaseConnection->simpleQuery('SELECT *\nFROM `...')
#3 C:\xampp\htdocs\Update Toko\system\Database\BaseBuilder.php(1455): CodeIgniter\Database\BaseConnection->query('SELECT *\nFROM `...', Array, false)
#4 C:\xampp\htdocs\Update Toko\system\Model.php(183): CodeIgniter\Database\BaseBuilder->get()
#5 C:\xampp\htdocs\Update Toko\system\BaseModel.php(584): CodeIgniter\Model->doFindAll(0, 0)
#6 C:\xampp\htdocs\Update Toko\app\Models\KasModel.php(64): CodeIgniter\BaseModel->findAll()
#7 C:\xampp\htdocs\Update Toko\app\Controllers\Admin.php(1964): App\Models\KasModel->getPenerimaan(NULL, NULL)
#8 C:\xampp\htdocs\Update Toko\system\CodeIgniter.php(832): App\Controllers\Admin->cetakArusKas()
#9 C:\xampp\htdocs\Update Toko\system\CodeIgniter.php(419): CodeIgniter\CodeIgniter->runController(Object(App\Controllers\Admin))
#10 C:\xampp\htdocs\Update Toko\system\CodeIgniter.php(326): CodeIgniter\CodeIgniter->handleRequest(NULL, Object(Config\Cache), false)
#11 C:\xampp\htdocs\Update Toko\public\index.php(37): CodeIgniter\CodeIgniter->run()
#12 C:\xampp\htdocs\Update Toko\system\Commands\Server\rewrite.php(43): require_once('C:\\xampp\\htdocs...')
#13 {main}
