ERROR - 2024-09-19 10:11:28 --> Unknown column 'posyandu.kader_posyandu' in 'on clause'
CRITICAL - 2024-09-19 10:11:28 --> Unknown column 'posyandu.kader_posyandu' in 'on clause'
#0 C:\Users\E-RM7\Documents\GitHub\Ceria\system\Database\MySQLi\Connection.php(292): mysqli->query('SELECT `posyand...', 0)
#1 C:\Users\E-RM7\Documents\GitHub\Ceria\system\Database\BaseConnection.php(670): CodeIgniter\Database\MySQLi\Connection->execute('SELECT `posyand...')
#2 C:\Users\E-RM7\Documents\GitHub\Ceria\system\Database\BaseConnection.php(598): CodeIgniter\Database\BaseConnection->simpleQuery('SELECT `posyand...')
#3 C:\Users\E-RM7\Documents\GitHub\Ceria\system\Database\BaseBuilder.php(1455): CodeIgniter\Database\BaseConnection->query('SELECT `posyand...', Array, false)
#4 C:\Users\E-RM7\Documents\GitHub\Ceria\system\Model.php(183): CodeIgniter\Database\BaseBuilder->get()
#5 C:\Users\E-RM7\Documents\GitHub\Ceria\system\BaseModel.php(584): CodeIgniter\Model->doFindAll(0, 0)
#6 C:\Users\E-RM7\Documents\GitHub\Ceria\app\Models\posyanduModel.php(27): CodeIgniter\BaseModel->findAll()
#7 C:\Users\E-RM7\Documents\GitHub\Ceria\app\Controllers\Admin.php(2043): App\Models\PosyanduModel->getPosyanduWithKader()
#8 C:\Users\E-RM7\Documents\GitHub\Ceria\system\CodeIgniter.php(832): App\Controllers\Admin->posyandu()
#9 C:\Users\E-RM7\Documents\GitHub\Ceria\system\CodeIgniter.php(419): CodeIgniter\CodeIgniter->runController(Object(App\Controllers\Admin))
#10 C:\Users\E-RM7\Documents\GitHub\Ceria\system\CodeIgniter.php(326): CodeIgniter\CodeIgniter->handleRequest(NULL, Object(Config\Cache), false)
#11 C:\Users\E-RM7\Documents\GitHub\Ceria\public\index.php(37): CodeIgniter\CodeIgniter->run()
#12 C:\Users\E-RM7\Documents\GitHub\Ceria\system\Commands\Server\rewrite.php(43): require_once('C:\\Users\\E-RM7\\...')
#13 {main}
CRITICAL - 2024-09-19 10:13:31 --> Invalid file: Admin/Template/Index.php
#0 C:\Users\E-RM7\Documents\GitHub\Ceria\system\View\View.php(198): CodeIgniter\Exceptions\FrameworkException::forInvalidFile('Admin/Template/...')
#1 C:\Users\E-RM7\Documents\GitHub\Ceria\system\View\View.php(226): CodeIgniter\View\View->render('Admin/Template/...', Array, true)
#2 C:\Users\E-RM7\Documents\GitHub\Ceria\system\Common.php(1089): CodeIgniter\View\View->render('Admin/Posyandu/...', Array, true)
#3 C:\Users\E-RM7\Documents\GitHub\Ceria\app\Controllers\Admin.php(2046): view('Admin/Posyandu/...', Array)
#4 C:\Users\E-RM7\Documents\GitHub\Ceria\system\CodeIgniter.php(832): App\Controllers\Admin->posyandu()
#5 C:\Users\E-RM7\Documents\GitHub\Ceria\system\CodeIgniter.php(419): CodeIgniter\CodeIgniter->runController(Object(App\Controllers\Admin))
#6 C:\Users\E-RM7\Documents\GitHub\Ceria\system\CodeIgniter.php(326): CodeIgniter\CodeIgniter->handleRequest(NULL, Object(Config\Cache), false)
#7 C:\Users\E-RM7\Documents\GitHub\Ceria\public\index.php(37): CodeIgniter\CodeIgniter->run()
#8 C:\Users\E-RM7\Documents\GitHub\Ceria\system\Commands\Server\rewrite.php(43): require_once('C:\\Users\\E-RM7\\...')
#9 {main}
CRITICAL - 2024-09-19 10:33:35 --> Invalid file: Admin/Template/Index.php
#0 C:\Users\E-RM7\Documents\GitHub\Ceria\system\View\View.php(198): CodeIgniter\Exceptions\FrameworkException::forInvalidFile('Admin/Template/...')
#1 C:\Users\E-RM7\Documents\GitHub\Ceria\system\View\View.php(226): CodeIgniter\View\View->render('Admin/Template/...', Array, true)
#2 C:\Users\E-RM7\Documents\GitHub\Ceria\system\Common.php(1089): CodeIgniter\View\View->render('Admin/Barang/In...', Array, true)
#3 C:\Users\E-RM7\Documents\GitHub\Ceria\app\Controllers\BarangCont.php(74): view('Admin/Barang/In...', Array)
#4 C:\Users\E-RM7\Documents\GitHub\Ceria\system\CodeIgniter.php(832): App\Controllers\BarangCont->index()
#5 C:\Users\E-RM7\Documents\GitHub\Ceria\system\CodeIgniter.php(419): CodeIgniter\CodeIgniter->runController(Object(App\Controllers\BarangCont))
#6 C:\Users\E-RM7\Documents\GitHub\Ceria\system\CodeIgniter.php(326): CodeIgniter\CodeIgniter->handleRequest(NULL, Object(Config\Cache), false)
#7 C:\Users\E-RM7\Documents\GitHub\Ceria\public\index.php(37): CodeIgniter\CodeIgniter->run()
#8 C:\Users\E-RM7\Documents\GitHub\Ceria\system\Commands\Server\rewrite.php(43): require_once('C:\\Users\\E-RM7\\...')
#9 {main}
CRITICAL - 2024-09-19 11:12:37 --> syntax error, unexpected token "}", expecting ";"
#0 C:\Users\E-RM7\Documents\GitHub\Ceria\system\Router\Router.php(175): CodeIgniter\Router\Router->autoRoute('Admin/posyandu')
#1 C:\Users\E-RM7\Documents\GitHub\Ceria\system\CodeIgniter.php(726): CodeIgniter\Router\Router->handle('Admin/posyandu')
#2 C:\Users\E-RM7\Documents\GitHub\Ceria\system\CodeIgniter.php(368): CodeIgniter\CodeIgniter->tryToRouteIt(Object(CodeIgniter\Router\RouteCollection))
#3 C:\Users\E-RM7\Documents\GitHub\Ceria\system\CodeIgniter.php(326): CodeIgniter\CodeIgniter->handleRequest(NULL, Object(Config\Cache), false)
#4 C:\Users\E-RM7\Documents\GitHub\Ceria\public\index.php(37): CodeIgniter\CodeIgniter->run()
#5 C:\Users\E-RM7\Documents\GitHub\Ceria\system\Commands\Server\rewrite.php(43): require_once('C:\\Users\\E-RM7\\...')
#6 {main}
CRITICAL - 2024-09-19 11:16:04 --> Undefined variable $validation
#0 C:\Users\E-RM7\Documents\GitHub\Ceria\app\Views\Admin\Posyandu\EditPosyandu.php(41): CodeIgniter\Debug\Exceptions->errorHandler(2, 'Undefined varia...', 'C:\\Users\\E-RM7\\...', 41)
#1 C:\Users\E-RM7\Documents\GitHub\Ceria\system\View\View.php(210): include('C:\\Users\\E-RM7\\...')
#2 C:\Users\E-RM7\Documents\GitHub\Ceria\system\View\View.php(213): CodeIgniter\View\View->CodeIgniter\View\{closure}()
#3 C:\Users\E-RM7\Documents\GitHub\Ceria\system\Common.php(1089): CodeIgniter\View\View->render('admin/posyandu/...', Array, true)
#4 C:\Users\E-RM7\Documents\GitHub\Ceria\app\Controllers\Admin.php(2106): view('admin/posyandu/...', Array)
#5 C:\Users\E-RM7\Documents\GitHub\Ceria\system\CodeIgniter.php(832): App\Controllers\Admin->editPosyandu('1')
#6 C:\Users\E-RM7\Documents\GitHub\Ceria\system\CodeIgniter.php(419): CodeIgniter\CodeIgniter->runController(Object(App\Controllers\Admin))
#7 C:\Users\E-RM7\Documents\GitHub\Ceria\system\CodeIgniter.php(326): CodeIgniter\CodeIgniter->handleRequest(NULL, Object(Config\Cache), false)
#8 C:\Users\E-RM7\Documents\GitHub\Ceria\public\index.php(37): CodeIgniter\CodeIgniter->run()
#9 C:\Users\E-RM7\Documents\GitHub\Ceria\system\Commands\Server\rewrite.php(43): require_once('C:\\Users\\E-RM7\\...')
#10 {main}
CRITICAL - 2024-09-19 11:16:42 --> Undefined array key "kecamatan"
#0 C:\Users\E-RM7\Documents\GitHub\Ceria\app\Views\Admin\Posyandu\EditPosyandu.php(69): CodeIgniter\Debug\Exceptions->errorHandler(2, 'Undefined array...', 'C:\\Users\\E-RM7\\...', 69)
#1 C:\Users\E-RM7\Documents\GitHub\Ceria\system\View\View.php(210): include('C:\\Users\\E-RM7\\...')
#2 C:\Users\E-RM7\Documents\GitHub\Ceria\system\View\View.php(213): CodeIgniter\View\View->CodeIgniter\View\{closure}()
#3 C:\Users\E-RM7\Documents\GitHub\Ceria\system\Common.php(1089): CodeIgniter\View\View->render('admin/posyandu/...', Array, true)
#4 C:\Users\E-RM7\Documents\GitHub\Ceria\app\Controllers\Admin.php(2110): view('admin/posyandu/...', Array)
#5 C:\Users\E-RM7\Documents\GitHub\Ceria\system\CodeIgniter.php(832): App\Controllers\Admin->editPosyandu('1')
#6 C:\Users\E-RM7\Documents\GitHub\Ceria\system\CodeIgniter.php(419): CodeIgniter\CodeIgniter->runController(Object(App\Controllers\Admin))
#7 C:\Users\E-RM7\Documents\GitHub\Ceria\system\CodeIgniter.php(326): CodeIgniter\CodeIgniter->handleRequest(NULL, Object(Config\Cache), false)
#8 C:\Users\E-RM7\Documents\GitHub\Ceria\public\index.php(37): CodeIgniter\CodeIgniter->run()
#9 C:\Users\E-RM7\Documents\GitHub\Ceria\system\Commands\Server\rewrite.php(43): require_once('C:\\Users\\E-RM7\\...')
#10 {main}
CRITICAL - 2024-09-19 11:17:14 --> Undefined variable $users
#0 C:\Users\E-RM7\Documents\GitHub\Ceria\app\Views\Admin\Posyandu\EditPosyandu.php(73): CodeIgniter\Debug\Exceptions->errorHandler(2, 'Undefined varia...', 'C:\\Users\\E-RM7\\...', 73)
#1 C:\Users\E-RM7\Documents\GitHub\Ceria\system\View\View.php(210): include('C:\\Users\\E-RM7\\...')
#2 C:\Users\E-RM7\Documents\GitHub\Ceria\system\View\View.php(213): CodeIgniter\View\View->CodeIgniter\View\{closure}()
#3 C:\Users\E-RM7\Documents\GitHub\Ceria\system\Common.php(1089): CodeIgniter\View\View->render('admin/posyandu/...', Array, true)
#4 C:\Users\E-RM7\Documents\GitHub\Ceria\app\Controllers\Admin.php(2110): view('admin/posyandu/...', Array)
#5 C:\Users\E-RM7\Documents\GitHub\Ceria\system\CodeIgniter.php(832): App\Controllers\Admin->editPosyandu('1')
#6 C:\Users\E-RM7\Documents\GitHub\Ceria\system\CodeIgniter.php(419): CodeIgniter\CodeIgniter->runController(Object(App\Controllers\Admin))
#7 C:\Users\E-RM7\Documents\GitHub\Ceria\system\CodeIgniter.php(326): CodeIgniter\CodeIgniter->handleRequest(NULL, Object(Config\Cache), false)
#8 C:\Users\E-RM7\Documents\GitHub\Ceria\public\index.php(37): CodeIgniter\CodeIgniter->run()
#9 C:\Users\E-RM7\Documents\GitHub\Ceria\system\Commands\Server\rewrite.php(43): require_once('C:\\Users\\E-RM7\\...')
#10 {main}
CRITICAL - 2024-09-19 14:29:40 --> Undefined variable $posyandu
#0 C:\Users\E-RM7\Documents\GitHub\Ceria\app\Views\Admin\Balita\Tambah.php(41): CodeIgniter\Debug\Exceptions->errorHandler(2, 'Undefined varia...', 'C:\\Users\\E-RM7\\...', 41)
#1 C:\Users\E-RM7\Documents\GitHub\Ceria\system\View\View.php(210): include('C:\\Users\\E-RM7\\...')
#2 C:\Users\E-RM7\Documents\GitHub\Ceria\system\View\View.php(213): CodeIgniter\View\View->CodeIgniter\View\{closure}()
#3 C:\Users\E-RM7\Documents\GitHub\Ceria\system\Common.php(1089): CodeIgniter\View\View->render('Admin/Balita/Ta...', Array, true)
#4 C:\Users\E-RM7\Documents\GitHub\Ceria\app\Controllers\Admin.php(2189): view('Admin/Balita/Ta...', Array)
#5 C:\Users\E-RM7\Documents\GitHub\Ceria\system\CodeIgniter.php(832): App\Controllers\Admin->tambahBalita()
#6 C:\Users\E-RM7\Documents\GitHub\Ceria\system\CodeIgniter.php(419): CodeIgniter\CodeIgniter->runController(Object(App\Controllers\Admin))
#7 C:\Users\E-RM7\Documents\GitHub\Ceria\system\CodeIgniter.php(326): CodeIgniter\CodeIgniter->handleRequest(NULL, Object(Config\Cache), false)
#8 C:\Users\E-RM7\Documents\GitHub\Ceria\public\index.php(37): CodeIgniter\CodeIgniter->run()
#9 C:\Users\E-RM7\Documents\GitHub\Ceria\system\Commands\Server\rewrite.php(43): require_once('C:\\Users\\E-RM7\\...')
#10 {main}
CRITICAL - 2024-09-19 14:31:08 --> Invalid file: admin/balita/EditBalita.php
#0 C:\Users\E-RM7\Documents\GitHub\Ceria\system\View\View.php(198): CodeIgniter\Exceptions\FrameworkException::forInvalidFile('admin/balita/Ed...')
#1 C:\Users\E-RM7\Documents\GitHub\Ceria\system\Common.php(1089): CodeIgniter\View\View->render('admin/balita/Ed...', Array, true)
#2 C:\Users\E-RM7\Documents\GitHub\Ceria\app\Controllers\Admin.php(2268): view('admin/balita/Ed...', Array)
#3 C:\Users\E-RM7\Documents\GitHub\Ceria\system\CodeIgniter.php(832): App\Controllers\Admin->editBalita('1')
#4 C:\Users\E-RM7\Documents\GitHub\Ceria\system\CodeIgniter.php(419): CodeIgniter\CodeIgniter->runController(Object(App\Controllers\Admin))
#5 C:\Users\E-RM7\Documents\GitHub\Ceria\system\CodeIgniter.php(326): CodeIgniter\CodeIgniter->handleRequest(NULL, Object(Config\Cache), false)
#6 C:\Users\E-RM7\Documents\GitHub\Ceria\public\index.php(37): CodeIgniter\CodeIgniter->run()
#7 C:\Users\E-RM7\Documents\GitHub\Ceria\system\Commands\Server\rewrite.php(43): require_once('C:\\Users\\E-RM7\\...')
#8 {main}
CRITICAL - 2024-09-19 21:14:59 --> Invalid file: admin/jenis_imunisasi/tambah.php
#0 C:\Users\ganda\Documents\GitHub\ePos\system\View\View.php(198): CodeIgniter\Exceptions\FrameworkException::forInvalidFile('admin/jenis_imu...')
#1 C:\Users\ganda\Documents\GitHub\ePos\system\Common.php(1089): CodeIgniter\View\View->render('admin/jenis_imu...', Array, true)
#2 C:\Users\ganda\Documents\GitHub\ePos\app\Controllers\Admin.php(2357): view('admin/jenis_imu...', Array)
#3 C:\Users\ganda\Documents\GitHub\ePos\system\CodeIgniter.php(832): App\Controllers\Admin->tambahJenisImun()
#4 C:\Users\ganda\Documents\GitHub\ePos\system\CodeIgniter.php(419): CodeIgniter\CodeIgniter->runController(Object(App\Controllers\Admin))
#5 C:\Users\ganda\Documents\GitHub\ePos\system\CodeIgniter.php(326): CodeIgniter\CodeIgniter->handleRequest(NULL, Object(Config\Cache), false)
#6 C:\Users\ganda\Documents\GitHub\ePos\public\index.php(37): CodeIgniter\CodeIgniter->run()
#7 C:\Users\ganda\Documents\GitHub\ePos\system\Commands\Server\rewrite.php(43): require_once('C:\\Users\\ganda\\...')
#8 {main}
