CRITICAL - 2024-07-22 11:39:42 --> Trying to get property 'fullname' of non-object
#0 C:\Users\Lenovo\Documents\GitHub\hera\app\Views\Admin\Templates\Topbar.php(48): CodeIgniter\Debug\Exceptions->errorHandler(8, 'Trying to get p...', 'C:\\Users\\Lenovo...', 48, Array)
#1 C:\Users\Lenovo\Documents\GitHub\hera\system\View\View.php(210): include('C:\\Users\\Lenovo...')
#2 C:\Users\Lenovo\Documents\GitHub\hera\system\View\View.php(213): CodeIgniter\View\View->CodeIgniter\View\{closure}()
#3 C:\Users\Lenovo\Documents\GitHub\hera\system\View\View.php(424): CodeIgniter\View\View->render('Admin/Templates...', NULL, true)
#4 C:\Users\Lenovo\Documents\GitHub\hera\app\Views\Admin\Templates\Index.php(104): CodeIgniter\View\View->include('Admin/Templates...')
#5 C:\Users\Lenovo\Documents\GitHub\hera\system\View\View.php(210): include('C:\\Users\\Lenovo...')
#6 C:\Users\Lenovo\Documents\GitHub\hera\system\View\View.php(213): CodeIgniter\View\View->CodeIgniter\View\{closure}()
#7 C:\Users\Lenovo\Documents\GitHub\hera\system\View\View.php(226): CodeIgniter\View\View->render('Admin/Templates...', Array, true)
#8 C:\Users\Lenovo\Documents\GitHub\hera\system\Common.php(1089): CodeIgniter\View\View->render('Admin/Perkiraan...', Array, true)
#9 C:\Users\Lenovo\Documents\GitHub\hera\app\Controllers\Admin.php(1669): view('Admin/Perkiraan...', Array)
#10 C:\Users\Lenovo\Documents\GitHub\hera\system\CodeIgniter.php(832): App\Controllers\Admin->tambah_perkiraan()
#11 C:\Users\Lenovo\Documents\GitHub\hera\system\CodeIgniter.php(419): CodeIgniter\CodeIgniter->runController(Object(App\Controllers\Admin))
#12 C:\Users\Lenovo\Documents\GitHub\hera\system\CodeIgniter.php(326): CodeIgniter\CodeIgniter->handleRequest(NULL, Object(Config\Cache), false)
#13 C:\Users\Lenovo\Documents\GitHub\hera\public\index.php(37): CodeIgniter\CodeIgniter->run()
#14 C:\Users\Lenovo\Documents\GitHub\hera\system\Commands\Server\rewrite.php(43): require_once('C:\\Users\\Lenovo...')
#15 {main}
ERROR - 2024-07-22 12:01:08 --> Unknown column 'satuan.nama_satuan' in 'field list'
CRITICAL - 2024-07-22 12:01:08 --> Unknown column 'satuan.nama_satuan' in 'field list'
#0 C:\Users\Lenovo\Documents\GitHub\hera\system\Database\MySQLi\Connection.php(292): mysqli->query('SELECT `detail_...', 0)
#1 C:\Users\Lenovo\Documents\GitHub\hera\system\Database\BaseConnection.php(670): CodeIgniter\Database\MySQLi\Connection->execute('SELECT `detail_...')
#2 C:\Users\Lenovo\Documents\GitHub\hera\system\Database\BaseConnection.php(598): CodeIgniter\Database\BaseConnection->simpleQuery('SELECT `detail_...')
#3 C:\Users\Lenovo\Documents\GitHub\hera\system\Database\BaseBuilder.php(1455): CodeIgniter\Database\BaseConnection->query('SELECT `detail_...', Array, false)
#4 C:\Users\Lenovo\Documents\GitHub\hera\system\Model.php(183): CodeIgniter\Database\BaseBuilder->get()
#5 C:\Users\Lenovo\Documents\GitHub\hera\system\BaseModel.php(584): CodeIgniter\Model->doFindAll(0, 0)
#6 C:\Users\Lenovo\Documents\GitHub\hera\app\Models\detailPenjualanBarangModel.php(45): CodeIgniter\BaseModel->findAll()
#7 C:\Users\Lenovo\Documents\GitHub\hera\app\Controllers\Admin.php(1846): App\Models\detailPenjualanBarangModel->getHistoricalData('SEM8794', 3)
#8 C:\Users\Lenovo\Documents\GitHub\hera\system\CodeIgniter.php(832): App\Controllers\Admin->save_perkiraan()
#9 C:\Users\Lenovo\Documents\GitHub\hera\system\CodeIgniter.php(419): CodeIgniter\CodeIgniter->runController(Object(App\Controllers\Admin))
#10 C:\Users\Lenovo\Documents\GitHub\hera\system\CodeIgniter.php(326): CodeIgniter\CodeIgniter->handleRequest(NULL, Object(Config\Cache), false)
#11 C:\Users\Lenovo\Documents\GitHub\hera\public\index.php(37): CodeIgniter\CodeIgniter->run()
#12 C:\Users\Lenovo\Documents\GitHub\hera\system\Commands\Server\rewrite.php(43): require_once('C:\\Users\\Lenovo...')
#13 {main}
CRITICAL - 2024-07-22 16:47:38 --> unlink(uploads/profile/pegawaiFOTOpegawai1.png): No such file or directory
#0 [internal function]: CodeIgniter\Debug\Exceptions->errorHandler(2, 'unlink(uploads/...', 'C:\\Users\\Lenovo...', 253, Array)
#1 C:\Users\Lenovo\Documents\GitHub\hera\app\Controllers\Admin.php(253): unlink('uploads/profile...')
#2 C:\Users\Lenovo\Documents\GitHub\hera\system\CodeIgniter.php(832): App\Controllers\Admin->simpanProfile('15')
#3 C:\Users\Lenovo\Documents\GitHub\hera\system\CodeIgniter.php(419): CodeIgniter\CodeIgniter->runController(Object(App\Controllers\Admin))
#4 C:\Users\Lenovo\Documents\GitHub\hera\system\CodeIgniter.php(326): CodeIgniter\CodeIgniter->handleRequest(NULL, Object(Config\Cache), false)
#5 C:\Users\Lenovo\Documents\GitHub\hera\public\index.php(37): CodeIgniter\CodeIgniter->run()
#6 C:\Users\Lenovo\Documents\GitHub\hera\system\Commands\Server\rewrite.php(43): require_once('C:\\Users\\Lenovo...')
#7 {main}
CRITICAL - 2024-07-22 18:49:23 --> Undefined property: stdClass::$fullname
#0 C:\Users\Lenovo\Documents\GitHub\hera\app\Views\Admin\Home\Profil.php(119): CodeIgniter\Debug\Exceptions->errorHandler(8, 'Undefined prope...', 'C:\\Users\\Lenovo...', 119, Array)
#1 C:\Users\Lenovo\Documents\GitHub\hera\system\View\View.php(210): include('C:\\Users\\Lenovo...')
#2 C:\Users\Lenovo\Documents\GitHub\hera\system\View\View.php(213): CodeIgniter\View\View->CodeIgniter\View\{closure}()
#3 C:\Users\Lenovo\Documents\GitHub\hera\system\Common.php(1089): CodeIgniter\View\View->render('Admin/Home/Prof...', Array, true)
#4 C:\Users\Lenovo\Documents\GitHub\hera\app\Controllers\Admin.php(233): view('Admin/Home/Prof...', Array)
#5 C:\Users\Lenovo\Documents\GitHub\hera\system\CodeIgniter.php(832): App\Controllers\Admin->profil()
#6 C:\Users\Lenovo\Documents\GitHub\hera\system\CodeIgniter.php(419): CodeIgniter\CodeIgniter->runController(Object(App\Controllers\Admin))
#7 C:\Users\Lenovo\Documents\GitHub\hera\system\CodeIgniter.php(326): CodeIgniter\CodeIgniter->handleRequest(NULL, Object(Config\Cache), false)
#8 C:\Users\Lenovo\Documents\GitHub\hera\public\index.php(37): CodeIgniter\CodeIgniter->run()
#9 C:\Users\Lenovo\Documents\GitHub\hera\system\Commands\Server\rewrite.php(43): require_once('C:\\Users\\Lenovo...')
#10 {main}
CRITICAL - 2024-07-22 18:49:47 --> Undefined property: stdClass::$fullname
#0 C:\Users\Lenovo\Documents\GitHub\hera\app\Views\Admin\Home\Profil.php(60): CodeIgniter\Debug\Exceptions->errorHandler(8, 'Undefined prope...', 'C:\\Users\\Lenovo...', 60, Array)
#1 C:\Users\Lenovo\Documents\GitHub\hera\system\View\View.php(210): include('C:\\Users\\Lenovo...')
#2 C:\Users\Lenovo\Documents\GitHub\hera\system\View\View.php(213): CodeIgniter\View\View->CodeIgniter\View\{closure}()
#3 C:\Users\Lenovo\Documents\GitHub\hera\system\Common.php(1089): CodeIgniter\View\View->render('Admin/Home/Prof...', Array, true)
#4 C:\Users\Lenovo\Documents\GitHub\hera\app\Controllers\Admin.php(233): view('Admin/Home/Prof...', Array)
#5 C:\Users\Lenovo\Documents\GitHub\hera\system\CodeIgniter.php(832): App\Controllers\Admin->profil()
#6 C:\Users\Lenovo\Documents\GitHub\hera\system\CodeIgniter.php(419): CodeIgniter\CodeIgniter->runController(Object(App\Controllers\Admin))
#7 C:\Users\Lenovo\Documents\GitHub\hera\system\CodeIgniter.php(326): CodeIgniter\CodeIgniter->handleRequest(NULL, Object(Config\Cache), false)
#8 C:\Users\Lenovo\Documents\GitHub\hera\public\index.php(37): CodeIgniter\CodeIgniter->run()
#9 C:\Users\Lenovo\Documents\GitHub\hera\system\Commands\Server\rewrite.php(43): require_once('C:\\Users\\Lenovo...')
#10 {main}
CRITICAL - 2024-07-22 19:02:24 --> Undefined property: stdClass::$fullname
#0 C:\Users\Lenovo\Documents\GitHub\hera\app\Views\Kasir\Home\Profil.php(60): CodeIgniter\Debug\Exceptions->errorHandler(8, 'Undefined prope...', 'C:\\Users\\Lenovo...', 60, Array)
#1 C:\Users\Lenovo\Documents\GitHub\hera\system\View\View.php(210): include('C:\\Users\\Lenovo...')
#2 C:\Users\Lenovo\Documents\GitHub\hera\system\View\View.php(213): CodeIgniter\View\View->CodeIgniter\View\{closure}()
#3 C:\Users\Lenovo\Documents\GitHub\hera\system\Common.php(1089): CodeIgniter\View\View->render('Kasir/Home/Prof...', Array, true)
#4 C:\Users\Lenovo\Documents\GitHub\hera\app\Controllers\Kasir.php(167): view('Kasir/Home/Prof...', Array)
#5 C:\Users\Lenovo\Documents\GitHub\hera\system\CodeIgniter.php(832): App\Controllers\Kasir->profil()
#6 C:\Users\Lenovo\Documents\GitHub\hera\system\CodeIgniter.php(419): CodeIgniter\CodeIgniter->runController(Object(App\Controllers\Kasir))
#7 C:\Users\Lenovo\Documents\GitHub\hera\system\CodeIgniter.php(326): CodeIgniter\CodeIgniter->handleRequest(NULL, Object(Config\Cache), false)
#8 C:\Users\Lenovo\Documents\GitHub\hera\public\index.php(37): CodeIgniter\CodeIgniter->run()
#9 C:\Users\Lenovo\Documents\GitHub\hera\system\Commands\Server\rewrite.php(43): require_once('C:\\Users\\Lenovo...')
#10 {main}
CRITICAL - 2024-07-22 19:03:41 --> Undefined property: stdClass::$fullname
#0 C:\Users\Lenovo\Documents\GitHub\hera\app\Views\Pemilik\Home\Profil.php(60): CodeIgniter\Debug\Exceptions->errorHandler(8, 'Undefined prope...', 'C:\\Users\\Lenovo...', 60, Array)
#1 C:\Users\Lenovo\Documents\GitHub\hera\system\View\View.php(210): include('C:\\Users\\Lenovo...')
#2 C:\Users\Lenovo\Documents\GitHub\hera\system\View\View.php(213): CodeIgniter\View\View->CodeIgniter\View\{closure}()
#3 C:\Users\Lenovo\Documents\GitHub\hera\system\Common.php(1089): CodeIgniter\View\View->render('Pemilik/Home/Pr...', Array, true)
#4 C:\Users\Lenovo\Documents\GitHub\hera\app\Controllers\Pemilik.php(175): view('Pemilik/Home/Pr...', Array)
#5 C:\Users\Lenovo\Documents\GitHub\hera\system\CodeIgniter.php(832): App\Controllers\Pemilik->profil()
#6 C:\Users\Lenovo\Documents\GitHub\hera\system\CodeIgniter.php(419): CodeIgniter\CodeIgniter->runController(Object(App\Controllers\Pemilik))
#7 C:\Users\Lenovo\Documents\GitHub\hera\system\CodeIgniter.php(326): CodeIgniter\CodeIgniter->handleRequest(NULL, Object(Config\Cache), false)
#8 C:\Users\Lenovo\Documents\GitHub\hera\public\index.php(37): CodeIgniter\CodeIgniter->run()
#9 C:\Users\Lenovo\Documents\GitHub\hera\system\Commands\Server\rewrite.php(43): require_once('C:\\Users\\Lenovo...')
#10 {main}
