CRITICAL - 2024-03-05 21:02:26 --> Invalid argument supplied for foreach()
#0 C:\xampp\htdocs\Toko Nolo\app\Controllers\Admin.php(870): CodeIgniter\Debug\Exceptions->errorHandler(2, 'Invalid argumen...', 'C:\\xampp\\htdocs...', 870, Array)
#1 C:\xampp\htdocs\Toko Nolo\system\CodeIgniter.php(832): App\Controllers\Admin->simpanPenjualanBrg()
#2 C:\xampp\htdocs\Toko Nolo\system\CodeIgniter.php(419): CodeIgniter\CodeIgniter->runController(Object(App\Controllers\Admin))
#3 C:\xampp\htdocs\Toko Nolo\system\CodeIgniter.php(326): CodeIgniter\CodeIgniter->handleRequest(NULL, Object(Config\Cache), false)
#4 C:\xampp\htdocs\Toko Nolo\public\index.php(37): CodeIgniter\CodeIgniter->run()
#5 C:\xampp\htdocs\Toko Nolo\system\Commands\Server\rewrite.php(43): require_once('C:\\xampp\\htdocs...')
#6 {main}
CRITICAL - 2024-03-05 21:15:04 --> Trying to access array offset on value of type null
#0 C:\xampp\htdocs\Toko Nolo\app\Controllers\Admin.php(871): CodeIgniter\Debug\Exceptions->errorHandler(8, 'Trying to acces...', 'C:\\xampp\\htdocs...', 871, Array)
#1 C:\xampp\htdocs\Toko Nolo\system\CodeIgniter.php(832): App\Controllers\Admin->simpanPenjualanBrg()
#2 C:\xampp\htdocs\Toko Nolo\system\CodeIgniter.php(419): CodeIgniter\CodeIgniter->runController(Object(App\Controllers\Admin))
#3 C:\xampp\htdocs\Toko Nolo\system\CodeIgniter.php(326): CodeIgniter\CodeIgniter->handleRequest(NULL, Object(Config\Cache), false)
#4 C:\xampp\htdocs\Toko Nolo\public\index.php(37): CodeIgniter\CodeIgniter->run()
#5 C:\xampp\htdocs\Toko Nolo\system\Commands\Server\rewrite.php(43): require_once('C:\\xampp\\htdocs...')
#6 {main}
CRITICAL - 2024-03-05 21:15:46 --> Undefined variable: i
#0 C:\xampp\htdocs\Toko Nolo\app\Controllers\Admin.php(871): CodeIgniter\Debug\Exceptions->errorHandler(8, 'Undefined varia...', 'C:\\xampp\\htdocs...', 871, Array)
#1 C:\xampp\htdocs\Toko Nolo\system\CodeIgniter.php(832): App\Controllers\Admin->simpanPenjualanBrg()
#2 C:\xampp\htdocs\Toko Nolo\system\CodeIgniter.php(419): CodeIgniter\CodeIgniter->runController(Object(App\Controllers\Admin))
#3 C:\xampp\htdocs\Toko Nolo\system\CodeIgniter.php(326): CodeIgniter\CodeIgniter->handleRequest(NULL, Object(Config\Cache), false)
#4 C:\xampp\htdocs\Toko Nolo\public\index.php(37): CodeIgniter\CodeIgniter->run()
#5 C:\xampp\htdocs\Toko Nolo\system\Commands\Server\rewrite.php(43): require_once('C:\\xampp\\htdocs...')
#6 {main}
CRITICAL - 2024-03-05 21:15:59 --> Trying to access array offset on value of type null
#0 C:\xampp\htdocs\Toko Nolo\app\Controllers\Admin.php(871): CodeIgniter\Debug\Exceptions->errorHandler(8, 'Trying to acces...', 'C:\\xampp\\htdocs...', 871, Array)
#1 C:\xampp\htdocs\Toko Nolo\system\CodeIgniter.php(832): App\Controllers\Admin->simpanPenjualanBrg()
#2 C:\xampp\htdocs\Toko Nolo\system\CodeIgniter.php(419): CodeIgniter\CodeIgniter->runController(Object(App\Controllers\Admin))
#3 C:\xampp\htdocs\Toko Nolo\system\CodeIgniter.php(326): CodeIgniter\CodeIgniter->handleRequest(NULL, Object(Config\Cache), false)
#4 C:\xampp\htdocs\Toko Nolo\public\index.php(37): CodeIgniter\CodeIgniter->run()
#5 C:\xampp\htdocs\Toko Nolo\system\Commands\Server\rewrite.php(43): require_once('C:\\xampp\\htdocs...')
#6 {main}
CRITICAL - 2024-03-05 21:16:52 --> Class 'App\Controllers\Exception' not found
#0 C:\xampp\htdocs\Toko Nolo\system\CodeIgniter.php(832): App\Controllers\Admin->simpanPenjualanBrg()
#1 C:\xampp\htdocs\Toko Nolo\system\CodeIgniter.php(419): CodeIgniter\CodeIgniter->runController(Object(App\Controllers\Admin))
#2 C:\xampp\htdocs\Toko Nolo\system\CodeIgniter.php(326): CodeIgniter\CodeIgniter->handleRequest(NULL, Object(Config\Cache), false)
#3 C:\xampp\htdocs\Toko Nolo\public\index.php(37): CodeIgniter\CodeIgniter->run()
#4 C:\xampp\htdocs\Toko Nolo\system\Commands\Server\rewrite.php(43): require_once('C:\\xampp\\htdocs...')
#5 {main}
CRITICAL - 2024-03-05 21:19:47 --> Class 'App\Controllers\Exception' not found
#0 C:\xampp\htdocs\Toko Nolo\system\CodeIgniter.php(832): App\Controllers\Admin->simpanPenjualanBrg()
#1 C:\xampp\htdocs\Toko Nolo\system\CodeIgniter.php(419): CodeIgniter\CodeIgniter->runController(Object(App\Controllers\Admin))
#2 C:\xampp\htdocs\Toko Nolo\system\CodeIgniter.php(326): CodeIgniter\CodeIgniter->handleRequest(NULL, Object(Config\Cache), false)
#3 C:\xampp\htdocs\Toko Nolo\public\index.php(37): CodeIgniter\CodeIgniter->run()
#4 C:\xampp\htdocs\Toko Nolo\system\Commands\Server\rewrite.php(43): require_once('C:\\xampp\\htdocs...')
#5 {main}
ERROR - 2024-03-05 21:21:11 --> Cannot add or update a child row: a foreign key constraint fails (`toko_hera`.`detail_penjualan_barang`, CONSTRAINT `detail_penjualan_barang_ibfk_2` FOREIGN KEY (`id_penjualan_barang`) REFERENCES `penjualan_barang` (`penjualan_barang_id`) ON DELETE CASCADE O)
CRITICAL - 2024-03-05 21:21:11 --> Cannot add or update a child row: a foreign key constraint fails (`toko_hera`.`detail_penjualan_barang`, CONSTRAINT `detail_penjualan_barang_ibfk_2` FOREIGN KEY (`id_penjualan_barang`) REFERENCES `penjualan_barang` (`penjualan_barang_id`) ON DELETE CASCADE O)
#0 C:\xampp\htdocs\Toko Nolo\system\Database\MySQLi\Connection.php(292): mysqli->query('INSERT INTO `de...', 0)
#1 C:\xampp\htdocs\Toko Nolo\system\Database\BaseConnection.php(670): CodeIgniter\Database\MySQLi\Connection->execute('INSERT INTO `de...')
#2 C:\xampp\htdocs\Toko Nolo\system\Database\BaseConnection.php(598): CodeIgniter\Database\BaseConnection->simpleQuery('INSERT INTO `de...')
#3 C:\xampp\htdocs\Toko Nolo\system\Database\BaseBuilder.php(1771): CodeIgniter\Database\BaseConnection->query('INSERT INTO `de...', Array, false)
#4 C:\xampp\htdocs\Toko Nolo\system\Model.php(239): CodeIgniter\Database\BaseBuilder->insert()
#5 C:\xampp\htdocs\Toko Nolo\system\BaseModel.php(738): CodeIgniter\Model->doInsert(Array)
#6 C:\xampp\htdocs\Toko Nolo\system\Model.php(625): CodeIgniter\BaseModel->insert(Array, true)
#7 C:\xampp\htdocs\Toko Nolo\app\Controllers\Admin.php(908): CodeIgniter\Model->insert(Array)
#8 C:\xampp\htdocs\Toko Nolo\system\CodeIgniter.php(832): App\Controllers\Admin->simpanPenjualanBrg()
#9 C:\xampp\htdocs\Toko Nolo\system\CodeIgniter.php(419): CodeIgniter\CodeIgniter->runController(Object(App\Controllers\Admin))
#10 C:\xampp\htdocs\Toko Nolo\system\CodeIgniter.php(326): CodeIgniter\CodeIgniter->handleRequest(NULL, Object(Config\Cache), false)
#11 C:\xampp\htdocs\Toko Nolo\public\index.php(37): CodeIgniter\CodeIgniter->run()
#12 C:\xampp\htdocs\Toko Nolo\system\Commands\Server\rewrite.php(43): require_once('C:\\xampp\\htdocs...')
#13 {main}
ERROR - 2024-03-05 21:22:52 --> Cannot add or update a child row: a foreign key constraint fails (`toko_hera`.`detail_penjualan_barang`, CONSTRAINT `detail_penjualan_barang_ibfk_2` FOREIGN KEY (`id_penjualan_barang`) REFERENCES `penjualan_barang` (`penjualan_barang_id`) ON DELETE CASCADE O)
CRITICAL - 2024-03-05 21:22:52 --> Cannot add or update a child row: a foreign key constraint fails (`toko_hera`.`detail_penjualan_barang`, CONSTRAINT `detail_penjualan_barang_ibfk_2` FOREIGN KEY (`id_penjualan_barang`) REFERENCES `penjualan_barang` (`penjualan_barang_id`) ON DELETE CASCADE O)
#0 C:\xampp\htdocs\Toko Nolo\system\Database\MySQLi\Connection.php(292): mysqli->query('INSERT INTO `de...', 0)
#1 C:\xampp\htdocs\Toko Nolo\system\Database\BaseConnection.php(670): CodeIgniter\Database\MySQLi\Connection->execute('INSERT INTO `de...')
#2 C:\xampp\htdocs\Toko Nolo\system\Database\BaseConnection.php(598): CodeIgniter\Database\BaseConnection->simpleQuery('INSERT INTO `de...')
#3 C:\xampp\htdocs\Toko Nolo\system\Database\BaseBuilder.php(1771): CodeIgniter\Database\BaseConnection->query('INSERT INTO `de...', Array, false)
#4 C:\xampp\htdocs\Toko Nolo\system\Model.php(239): CodeIgniter\Database\BaseBuilder->insert()
#5 C:\xampp\htdocs\Toko Nolo\system\BaseModel.php(738): CodeIgniter\Model->doInsert(Array)
#6 C:\xampp\htdocs\Toko Nolo\system\Model.php(625): CodeIgniter\BaseModel->insert(Array, true)
#7 C:\xampp\htdocs\Toko Nolo\app\Controllers\Admin.php(908): CodeIgniter\Model->insert(Array)
#8 C:\xampp\htdocs\Toko Nolo\system\CodeIgniter.php(832): App\Controllers\Admin->simpanPenjualanBrg()
#9 C:\xampp\htdocs\Toko Nolo\system\CodeIgniter.php(419): CodeIgniter\CodeIgniter->runController(Object(App\Controllers\Admin))
#10 C:\xampp\htdocs\Toko Nolo\system\CodeIgniter.php(326): CodeIgniter\CodeIgniter->handleRequest(NULL, Object(Config\Cache), false)
#11 C:\xampp\htdocs\Toko Nolo\public\index.php(37): CodeIgniter\CodeIgniter->run()
#12 C:\xampp\htdocs\Toko Nolo\system\Commands\Server\rewrite.php(43): require_once('C:\\xampp\\htdocs...')
#13 {main}
