CRITICAL - 2024-02-06 06:25:13 --> Attempt to read property "fullname" on null
#0 C:\Users\Alam\Downloads\rev\app\Views\Admin\Templates\Topbar.php(27): CodeIgniter\Debug\Exceptions->errorHandler(2, 'Attempt to read...', 'C:\\Users\\Alam\\D...', 27)
#1 C:\Users\Alam\Downloads\rev\system\View\View.php(210): include('C:\\Users\\Alam\\D...')
#2 C:\Users\Alam\Downloads\rev\system\View\View.php(213): CodeIgniter\View\View->CodeIgniter\View\{closure}()
#3 C:\Users\Alam\Downloads\rev\system\View\View.php(424): CodeIgniter\View\View->render('Admin/Templates...', NULL, true)
#4 C:\Users\Alam\Downloads\rev\app\Views\Admin\Templates\Index.php(55): CodeIgniter\View\View->include('Admin/Templates...')
#5 C:\Users\Alam\Downloads\rev\system\View\View.php(210): include('C:\\Users\\Alam\\D...')
#6 C:\Users\Alam\Downloads\rev\system\View\View.php(213): CodeIgniter\View\View->CodeIgniter\View\{closure}()
#7 C:\Users\Alam\Downloads\rev\system\View\View.php(226): CodeIgniter\View\View->render('Admin/Templates...', Array, true)
#8 C:\Users\Alam\Downloads\rev\system\Common.php(1089): CodeIgniter\View\View->render('Admin/Master_ba...', Array, true)
#9 C:\Users\Alam\Downloads\rev\app\Controllers\Admin.php(314): view('Admin/Master_ba...', Array)
#10 C:\Users\Alam\Downloads\rev\system\CodeIgniter.php(832): App\Controllers\Admin->detail_master_brg('inv-20240205407')
#11 C:\Users\Alam\Downloads\rev\system\CodeIgniter.php(419): CodeIgniter\CodeIgniter->runController(Object(App\Controllers\Admin))
#12 C:\Users\Alam\Downloads\rev\system\CodeIgniter.php(326): CodeIgniter\CodeIgniter->handleRequest(NULL, Object(Config\Cache), false)
#13 C:\Users\Alam\Downloads\rev\public\index.php(37): CodeIgniter\CodeIgniter->run()
#14 C:\Users\Alam\Downloads\rev\system\Commands\Server\rewrite.php(43): require_once('C:\\Users\\Alam\\D...')
#15 {main}
CRITICAL - 2024-02-06 06:29:55 --> Attempt to read property "fullname" on null
#0 C:\Users\Alam\Downloads\rev\app\Views\Admin\Templates\Topbar.php(27): CodeIgniter\Debug\Exceptions->errorHandler(2, 'Attempt to read...', 'C:\\Users\\Alam\\D...', 27)
#1 C:\Users\Alam\Downloads\rev\system\View\View.php(210): include('C:\\Users\\Alam\\D...')
#2 C:\Users\Alam\Downloads\rev\system\View\View.php(213): CodeIgniter\View\View->CodeIgniter\View\{closure}()
#3 C:\Users\Alam\Downloads\rev\system\View\View.php(424): CodeIgniter\View\View->render('Admin/Templates...', NULL, true)
#4 C:\Users\Alam\Downloads\rev\app\Views\Admin\Templates\Index.php(55): CodeIgniter\View\View->include('Admin/Templates...')
#5 C:\Users\Alam\Downloads\rev\system\View\View.php(210): include('C:\\Users\\Alam\\D...')
#6 C:\Users\Alam\Downloads\rev\system\View\View.php(213): CodeIgniter\View\View->CodeIgniter\View\{closure}()
#7 C:\Users\Alam\Downloads\rev\system\View\View.php(226): CodeIgniter\View\View->render('Admin/Templates...', Array, true)
#8 C:\Users\Alam\Downloads\rev\system\Common.php(1089): CodeIgniter\View\View->render('Admin/Master_ba...', Array, true)
#9 C:\Users\Alam\Downloads\rev\app\Controllers\Admin.php(314): view('Admin/Master_ba...', Array)
#10 C:\Users\Alam\Downloads\rev\system\CodeIgniter.php(832): App\Controllers\Admin->detail_master_brg('inv-20240205407')
#11 C:\Users\Alam\Downloads\rev\system\CodeIgniter.php(419): CodeIgniter\CodeIgniter->runController(Object(App\Controllers\Admin))
#12 C:\Users\Alam\Downloads\rev\system\CodeIgniter.php(326): CodeIgniter\CodeIgniter->handleRequest(NULL, Object(Config\Cache), false)
#13 C:\Users\Alam\Downloads\rev\public\index.php(37): CodeIgniter\CodeIgniter->run()
#14 C:\Users\Alam\Downloads\rev\system\Commands\Server\rewrite.php(43): require_once('C:\\Users\\Alam\\D...')
#15 {main}
CRITICAL - 2024-02-06 17:09:43 --> Attempt to read property "fullname" on null
#0 C:\Users\Alam\Downloads\rev\app\Views\Admin\Templates\Topbar.php(27): CodeIgniter\Debug\Exceptions->errorHandler(2, 'Attempt to read...', 'C:\\Users\\Alam\\D...', 27)
#1 C:\Users\Alam\Downloads\rev\system\View\View.php(210): include('C:\\Users\\Alam\\D...')
#2 C:\Users\Alam\Downloads\rev\system\View\View.php(213): CodeIgniter\View\View->CodeIgniter\View\{closure}()
#3 C:\Users\Alam\Downloads\rev\system\View\View.php(424): CodeIgniter\View\View->render('Admin/Templates...', NULL, true)
#4 C:\Users\Alam\Downloads\rev\app\Views\Admin\Templates\Index.php(55): CodeIgniter\View\View->include('Admin/Templates...')
#5 C:\Users\Alam\Downloads\rev\system\View\View.php(210): include('C:\\Users\\Alam\\D...')
#6 C:\Users\Alam\Downloads\rev\system\View\View.php(213): CodeIgniter\View\View->CodeIgniter\View\{closure}()
#7 C:\Users\Alam\Downloads\rev\system\View\View.php(226): CodeIgniter\View\View->render('Admin/Templates...', Array, true)
#8 C:\Users\Alam\Downloads\rev\system\Common.php(1089): CodeIgniter\View\View->render('Admin/Master_ba...', Array, true)
#9 C:\Users\Alam\Downloads\rev\app\Controllers\Admin.php(259): view('Admin/Master_ba...', Array)
#10 C:\Users\Alam\Downloads\rev\system\CodeIgniter.php(832): App\Controllers\Admin->master_barang()
#11 C:\Users\Alam\Downloads\rev\system\CodeIgniter.php(419): CodeIgniter\CodeIgniter->runController(Object(App\Controllers\Admin))
#12 C:\Users\Alam\Downloads\rev\system\CodeIgniter.php(326): CodeIgniter\CodeIgniter->handleRequest(NULL, Object(Config\Cache), false)
#13 C:\Users\Alam\Downloads\rev\public\index.php(37): CodeIgniter\CodeIgniter->run()
#14 C:\Users\Alam\Downloads\rev\system\Commands\Server\rewrite.php(43): require_once('C:\\Users\\Alam\\D...')
#15 {main}
CRITICAL - 2024-02-06 17:12:23 --> Undefined array key "kode_barang"
#0 C:\Users\Alam\Downloads\rev\app\Views\Admin\Inventaris\Index.php(69): CodeIgniter\Debug\Exceptions->errorHandler(2, 'Undefined array...', 'C:\\Users\\Alam\\D...', 69)
#1 C:\Users\Alam\Downloads\rev\system\View\View.php(210): include('C:\\Users\\Alam\\D...')
#2 C:\Users\Alam\Downloads\rev\system\View\View.php(213): CodeIgniter\View\View->CodeIgniter\View\{closure}()
#3 C:\Users\Alam\Downloads\rev\system\Common.php(1089): CodeIgniter\View\View->render('Admin/Inventari...', Array, true)
#4 C:\Users\Alam\Downloads\rev\app\Controllers\Admin.php(333): view('Admin/Inventari...', Array)
#5 C:\Users\Alam\Downloads\rev\system\CodeIgniter.php(832): App\Controllers\Admin->adm_inventaris()
#6 C:\Users\Alam\Downloads\rev\system\CodeIgniter.php(419): CodeIgniter\CodeIgniter->runController(Object(App\Controllers\Admin))
#7 C:\Users\Alam\Downloads\rev\system\CodeIgniter.php(326): CodeIgniter\CodeIgniter->handleRequest(NULL, Object(Config\Cache), false)
#8 C:\Users\Alam\Downloads\rev\public\index.php(37): CodeIgniter\CodeIgniter->run()
#9 C:\Users\Alam\Downloads\rev\system\Commands\Server\rewrite.php(43): require_once('C:\\Users\\Alam\\D...')
#10 {main}
CRITICAL - 2024-02-06 17:14:48 --> Invalid file: Admin/Master_barang/Ubah_barang.php
#0 C:\Users\Alam\Downloads\rev\system\View\View.php(198): CodeIgniter\Exceptions\FrameworkException::forInvalidFile('Admin/Master_ba...')
#1 C:\Users\Alam\Downloads\rev\system\Common.php(1089): CodeIgniter\View\View->render('Admin/Master_ba...', Array, true)
#2 C:\Users\Alam\Downloads\rev\app\Controllers\Admin.php(324): view('Admin/Master_ba...', Array)
#3 C:\Users\Alam\Downloads\rev\system\CodeIgniter.php(832): App\Controllers\Admin->ubah_master('inv-20240205407')
#4 C:\Users\Alam\Downloads\rev\system\CodeIgniter.php(419): CodeIgniter\CodeIgniter->runController(Object(App\Controllers\Admin))
#5 C:\Users\Alam\Downloads\rev\system\CodeIgniter.php(326): CodeIgniter\CodeIgniter->handleRequest(NULL, Object(Config\Cache), false)
#6 C:\Users\Alam\Downloads\rev\public\index.php(37): CodeIgniter\CodeIgniter->run()
#7 C:\Users\Alam\Downloads\rev\system\Commands\Server\rewrite.php(43): require_once('C:\\Users\\Alam\\D...')
#8 {main}
CRITICAL - 2024-02-06 17:15:11 --> Undefined variable $inventaris
#0 C:\Users\Alam\Downloads\rev\app\Views\Admin\Master_barang\Edit_barang.php(29): CodeIgniter\Debug\Exceptions->errorHandler(2, 'Undefined varia...', 'C:\\Users\\Alam\\D...', 29)
#1 C:\Users\Alam\Downloads\rev\system\View\View.php(210): include('C:\\Users\\Alam\\D...')
#2 C:\Users\Alam\Downloads\rev\system\View\View.php(213): CodeIgniter\View\View->CodeIgniter\View\{closure}()
#3 C:\Users\Alam\Downloads\rev\system\Common.php(1089): CodeIgniter\View\View->render('Admin/Master_ba...', Array, true)
#4 C:\Users\Alam\Downloads\rev\app\Controllers\Admin.php(324): view('Admin/Master_ba...', Array)
#5 C:\Users\Alam\Downloads\rev\system\CodeIgniter.php(832): App\Controllers\Admin->ubah_master('inv-20240205407')
#6 C:\Users\Alam\Downloads\rev\system\CodeIgniter.php(419): CodeIgniter\CodeIgniter->runController(Object(App\Controllers\Admin))
#7 C:\Users\Alam\Downloads\rev\system\CodeIgniter.php(326): CodeIgniter\CodeIgniter->handleRequest(NULL, Object(Config\Cache), false)
#8 C:\Users\Alam\Downloads\rev\public\index.php(37): CodeIgniter\CodeIgniter->run()
#9 C:\Users\Alam\Downloads\rev\system\Commands\Server\rewrite.php(43): require_once('C:\\Users\\Alam\\D...')
#10 {main}
CRITICAL - 2024-02-06 17:17:13 --> Undefined variable $inventaris
#0 C:\Users\Alam\Downloads\rev\app\Views\Admin\Master_barang\Edit_barang.php(28): CodeIgniter\Debug\Exceptions->errorHandler(2, 'Undefined varia...', 'C:\\Users\\Alam\\D...', 28)
#1 C:\Users\Alam\Downloads\rev\system\View\View.php(210): include('C:\\Users\\Alam\\D...')
#2 C:\Users\Alam\Downloads\rev\system\View\View.php(213): CodeIgniter\View\View->CodeIgniter\View\{closure}()
#3 C:\Users\Alam\Downloads\rev\system\Common.php(1089): CodeIgniter\View\View->render('Admin/Master_ba...', Array, true)
#4 C:\Users\Alam\Downloads\rev\app\Controllers\Admin.php(324): view('Admin/Master_ba...', Array)
#5 C:\Users\Alam\Downloads\rev\system\CodeIgniter.php(832): App\Controllers\Admin->ubah_master('inv-20240205407')
#6 C:\Users\Alam\Downloads\rev\system\CodeIgniter.php(419): CodeIgniter\CodeIgniter->runController(Object(App\Controllers\Admin))
#7 C:\Users\Alam\Downloads\rev\system\CodeIgniter.php(326): CodeIgniter\CodeIgniter->handleRequest(NULL, Object(Config\Cache), false)
#8 C:\Users\Alam\Downloads\rev\public\index.php(37): CodeIgniter\CodeIgniter->run()
#9 C:\Users\Alam\Downloads\rev\system\Commands\Server\rewrite.php(43): require_once('C:\\Users\\Alam\\D...')
#10 {main}
CRITICAL - 2024-02-06 17:17:39 --> Undefined array key "jenis_barang"
#0 C:\Users\Alam\Downloads\rev\app\Views\Admin\Master_barang\Edit_barang.php(50): CodeIgniter\Debug\Exceptions->errorHandler(2, 'Undefined array...', 'C:\\Users\\Alam\\D...', 50)
#1 C:\Users\Alam\Downloads\rev\system\View\View.php(210): include('C:\\Users\\Alam\\D...')
#2 C:\Users\Alam\Downloads\rev\system\View\View.php(213): CodeIgniter\View\View->CodeIgniter\View\{closure}()
#3 C:\Users\Alam\Downloads\rev\system\Common.php(1089): CodeIgniter\View\View->render('Admin/Master_ba...', Array, true)
#4 C:\Users\Alam\Downloads\rev\app\Controllers\Admin.php(324): view('Admin/Master_ba...', Array)
#5 C:\Users\Alam\Downloads\rev\system\CodeIgniter.php(832): App\Controllers\Admin->ubah_master('inv-20240205407')
#6 C:\Users\Alam\Downloads\rev\system\CodeIgniter.php(419): CodeIgniter\CodeIgniter->runController(Object(App\Controllers\Admin))
#7 C:\Users\Alam\Downloads\rev\system\CodeIgniter.php(326): CodeIgniter\CodeIgniter->handleRequest(NULL, Object(Config\Cache), false)
#8 C:\Users\Alam\Downloads\rev\public\index.php(37): CodeIgniter\CodeIgniter->run()
#9 C:\Users\Alam\Downloads\rev\system\Commands\Server\rewrite.php(43): require_once('C:\\Users\\Alam\\D...')
#10 {main}
CRITICAL - 2024-02-06 17:17:57 --> Undefined array key "tipe"
#0 C:\Users\Alam\Downloads\rev\app\Views\Admin\Master_barang\Edit_barang.php(74): CodeIgniter\Debug\Exceptions->errorHandler(2, 'Undefined array...', 'C:\\Users\\Alam\\D...', 74)
#1 C:\Users\Alam\Downloads\rev\system\View\View.php(210): include('C:\\Users\\Alam\\D...')
#2 C:\Users\Alam\Downloads\rev\system\View\View.php(213): CodeIgniter\View\View->CodeIgniter\View\{closure}()
#3 C:\Users\Alam\Downloads\rev\system\Common.php(1089): CodeIgniter\View\View->render('Admin/Master_ba...', Array, true)
#4 C:\Users\Alam\Downloads\rev\app\Controllers\Admin.php(324): view('Admin/Master_ba...', Array)
#5 C:\Users\Alam\Downloads\rev\system\CodeIgniter.php(832): App\Controllers\Admin->ubah_master('inv-20240205407')
#6 C:\Users\Alam\Downloads\rev\system\CodeIgniter.php(419): CodeIgniter\CodeIgniter->runController(Object(App\Controllers\Admin))
#7 C:\Users\Alam\Downloads\rev\system\CodeIgniter.php(326): CodeIgniter\CodeIgniter->handleRequest(NULL, Object(Config\Cache), false)
#8 C:\Users\Alam\Downloads\rev\public\index.php(37): CodeIgniter\CodeIgniter->run()
#9 C:\Users\Alam\Downloads\rev\system\Commands\Server\rewrite.php(43): require_once('C:\\Users\\Alam\\D...')
#10 {main}
CRITICAL - 2024-02-06 17:24:23 --> Undefined array key "kode_barang"
#0 C:\Users\Alam\Downloads\rev\app\Views\Admin\Inventaris\Index.php(69): CodeIgniter\Debug\Exceptions->errorHandler(2, 'Undefined array...', 'C:\\Users\\Alam\\D...', 69)
#1 C:\Users\Alam\Downloads\rev\system\View\View.php(210): include('C:\\Users\\Alam\\D...')
#2 C:\Users\Alam\Downloads\rev\system\View\View.php(213): CodeIgniter\View\View->CodeIgniter\View\{closure}()
#3 C:\Users\Alam\Downloads\rev\system\Common.php(1089): CodeIgniter\View\View->render('Admin/Inventari...', Array, true)
#4 C:\Users\Alam\Downloads\rev\app\Controllers\Admin.php(354): view('Admin/Inventari...', Array)
#5 C:\Users\Alam\Downloads\rev\system\CodeIgniter.php(832): App\Controllers\Admin->adm_inventaris()
#6 C:\Users\Alam\Downloads\rev\system\CodeIgniter.php(419): CodeIgniter\CodeIgniter->runController(Object(App\Controllers\Admin))
#7 C:\Users\Alam\Downloads\rev\system\CodeIgniter.php(326): CodeIgniter\CodeIgniter->handleRequest(NULL, Object(Config\Cache), false)
#8 C:\Users\Alam\Downloads\rev\public\index.php(37): CodeIgniter\CodeIgniter->run()
#9 C:\Users\Alam\Downloads\rev\system\Commands\Server\rewrite.php(43): require_once('C:\\Users\\Alam\\D...')
#10 {main}
CRITICAL - 2024-02-06 17:25:06 --> Undefined array key "nama_brh"
#0 C:\Users\Alam\Downloads\rev\app\Views\Admin\Inventaris\Index.php(71): CodeIgniter\Debug\Exceptions->errorHandler(2, 'Undefined array...', 'C:\\Users\\Alam\\D...', 71)
#1 C:\Users\Alam\Downloads\rev\system\View\View.php(210): include('C:\\Users\\Alam\\D...')
#2 C:\Users\Alam\Downloads\rev\system\View\View.php(213): CodeIgniter\View\View->CodeIgniter\View\{closure}()
#3 C:\Users\Alam\Downloads\rev\system\Common.php(1089): CodeIgniter\View\View->render('Admin/Inventari...', Array, true)
#4 C:\Users\Alam\Downloads\rev\app\Controllers\Admin.php(354): view('Admin/Inventari...', Array)
#5 C:\Users\Alam\Downloads\rev\system\CodeIgniter.php(832): App\Controllers\Admin->adm_inventaris()
#6 C:\Users\Alam\Downloads\rev\system\CodeIgniter.php(419): CodeIgniter\CodeIgniter->runController(Object(App\Controllers\Admin))
#7 C:\Users\Alam\Downloads\rev\system\CodeIgniter.php(326): CodeIgniter\CodeIgniter->handleRequest(NULL, Object(Config\Cache), false)
#8 C:\Users\Alam\Downloads\rev\public\index.php(37): CodeIgniter\CodeIgniter->run()
#9 C:\Users\Alam\Downloads\rev\system\Commands\Server\rewrite.php(43): require_once('C:\\Users\\Alam\\D...')
#10 {main}
CRITICAL - 2024-02-06 17:25:13 --> Undefined array key "id"
#0 C:\Users\Alam\Downloads\rev\app\Views\Admin\Inventaris\Index.php(83): CodeIgniter\Debug\Exceptions->errorHandler(2, 'Undefined array...', 'C:\\Users\\Alam\\D...', 83)
#1 C:\Users\Alam\Downloads\rev\system\View\View.php(210): include('C:\\Users\\Alam\\D...')
#2 C:\Users\Alam\Downloads\rev\system\View\View.php(213): CodeIgniter\View\View->CodeIgniter\View\{closure}()
#3 C:\Users\Alam\Downloads\rev\system\Common.php(1089): CodeIgniter\View\View->render('Admin/Inventari...', Array, true)
#4 C:\Users\Alam\Downloads\rev\app\Controllers\Admin.php(354): view('Admin/Inventari...', Array)
#5 C:\Users\Alam\Downloads\rev\system\CodeIgniter.php(832): App\Controllers\Admin->adm_inventaris()
#6 C:\Users\Alam\Downloads\rev\system\CodeIgniter.php(419): CodeIgniter\CodeIgniter->runController(Object(App\Controllers\Admin))
#7 C:\Users\Alam\Downloads\rev\system\CodeIgniter.php(326): CodeIgniter\CodeIgniter->handleRequest(NULL, Object(Config\Cache), false)
#8 C:\Users\Alam\Downloads\rev\public\index.php(37): CodeIgniter\CodeIgniter->run()
#9 C:\Users\Alam\Downloads\rev\system\Commands\Server\rewrite.php(43): require_once('C:\\Users\\Alam\\D...')
#10 {main}
CRITICAL - 2024-02-06 19:13:27 --> syntax error, unexpected token ";", expecting "]"
#0 C:\Users\Alam\Downloads\rev\system\Router\Router.php(175): CodeIgniter\Router\Router->autoRoute('Admin/tambah_in...')
#1 C:\Users\Alam\Downloads\rev\system\CodeIgniter.php(726): CodeIgniter\Router\Router->handle('Admin/tambah_in...')
#2 C:\Users\Alam\Downloads\rev\system\CodeIgniter.php(368): CodeIgniter\CodeIgniter->tryToRouteIt(Object(CodeIgniter\Router\RouteCollection))
#3 C:\Users\Alam\Downloads\rev\system\CodeIgniter.php(326): CodeIgniter\CodeIgniter->handleRequest(NULL, Object(Config\Cache), false)
#4 C:\Users\Alam\Downloads\rev\public\index.php(37): CodeIgniter\CodeIgniter->run()
#5 C:\Users\Alam\Downloads\rev\system\Commands\Server\rewrite.php(43): require_once('C:\\Users\\Alam\\D...')
#6 {main}
CRITICAL - 2024-02-06 19:13:55 --> Undefined variable $barang
#0 C:\Users\Alam\Downloads\rev\app\Views\Admin\Inventaris\Tambah_barang.php(38): CodeIgniter\Debug\Exceptions->errorHandler(2, 'Undefined varia...', 'C:\\Users\\Alam\\D...', 38)
#1 C:\Users\Alam\Downloads\rev\system\View\View.php(210): include('C:\\Users\\Alam\\D...')
#2 C:\Users\Alam\Downloads\rev\system\View\View.php(213): CodeIgniter\View\View->CodeIgniter\View\{closure}()
#3 C:\Users\Alam\Downloads\rev\system\Common.php(1089): CodeIgniter\View\View->render('Admin/Inventari...', Array, true)
#4 C:\Users\Alam\Downloads\rev\app\Controllers\Admin.php(518): view('Admin/Inventari...', Array)
#5 C:\Users\Alam\Downloads\rev\system\CodeIgniter.php(832): App\Controllers\Admin->tambah_inv()
#6 C:\Users\Alam\Downloads\rev\system\CodeIgniter.php(419): CodeIgniter\CodeIgniter->runController(Object(App\Controllers\Admin))
#7 C:\Users\Alam\Downloads\rev\system\CodeIgniter.php(326): CodeIgniter\CodeIgniter->handleRequest(NULL, Object(Config\Cache), false)
#8 C:\Users\Alam\Downloads\rev\public\index.php(37): CodeIgniter\CodeIgniter->run()
#9 C:\Users\Alam\Downloads\rev\system\Commands\Server\rewrite.php(43): require_once('C:\\Users\\Alam\\D...')
#10 {main}
CRITICAL - 2024-02-06 19:23:29 --> Undefined array key "id_inv"
#0 C:\Users\Alam\Downloads\rev\app\Views\Admin\Inventaris\Index.php(69): CodeIgniter\Debug\Exceptions->errorHandler(2, 'Undefined array...', 'C:\\Users\\Alam\\D...', 69)
#1 C:\Users\Alam\Downloads\rev\system\View\View.php(210): include('C:\\Users\\Alam\\D...')
#2 C:\Users\Alam\Downloads\rev\system\View\View.php(213): CodeIgniter\View\View->CodeIgniter\View\{closure}()
#3 C:\Users\Alam\Downloads\rev\system\Common.php(1089): CodeIgniter\View\View->render('Admin/Inventari...', Array, true)
#4 C:\Users\Alam\Downloads\rev\app\Controllers\Admin.php(356): view('Admin/Inventari...', Array)
#5 C:\Users\Alam\Downloads\rev\system\CodeIgniter.php(832): App\Controllers\Admin->adm_inventaris()
#6 C:\Users\Alam\Downloads\rev\system\CodeIgniter.php(419): CodeIgniter\CodeIgniter->runController(Object(App\Controllers\Admin))
#7 C:\Users\Alam\Downloads\rev\system\CodeIgniter.php(326): CodeIgniter\CodeIgniter->handleRequest(NULL, Object(Config\Cache), false)
#8 C:\Users\Alam\Downloads\rev\public\index.php(37): CodeIgniter\CodeIgniter->run()
#9 C:\Users\Alam\Downloads\rev\system\Commands\Server\rewrite.php(43): require_once('C:\\Users\\Alam\\D...')
#10 {main}
CRITICAL - 2024-02-06 19:25:15 --> Undefined array key "unique_barcode"
#0 C:\Users\Alam\Downloads\rev\app\Controllers\Admin.php(751): CodeIgniter\Debug\Exceptions->errorHandler(2, 'Undefined array...', 'C:\\Users\\Alam\\D...', 751)
#1 C:\Users\Alam\Downloads\rev\system\CodeIgniter.php(832): App\Controllers\Admin->add_data()
#2 C:\Users\Alam\Downloads\rev\system\CodeIgniter.php(419): CodeIgniter\CodeIgniter->runController(Object(App\Controllers\Admin))
#3 C:\Users\Alam\Downloads\rev\system\CodeIgniter.php(326): CodeIgniter\CodeIgniter->handleRequest(NULL, Object(Config\Cache), false)
#4 C:\Users\Alam\Downloads\rev\public\index.php(37): CodeIgniter\CodeIgniter->run()
#5 C:\Users\Alam\Downloads\rev\system\Commands\Server\rewrite.php(43): require_once('C:\\Users\\Alam\\D...')
#6 {main}
CRITICAL - 2024-02-06 19:25:43 --> Undefined array key "unique_barcode"
#0 C:\Users\Alam\Downloads\rev\app\Controllers\Admin.php(751): CodeIgniter\Debug\Exceptions->errorHandler(2, 'Undefined array...', 'C:\\Users\\Alam\\D...', 751)
#1 C:\Users\Alam\Downloads\rev\system\CodeIgniter.php(832): App\Controllers\Admin->add_data()
#2 C:\Users\Alam\Downloads\rev\system\CodeIgniter.php(419): CodeIgniter\CodeIgniter->runController(Object(App\Controllers\Admin))
#3 C:\Users\Alam\Downloads\rev\system\CodeIgniter.php(326): CodeIgniter\CodeIgniter->handleRequest(NULL, Object(Config\Cache), false)
#4 C:\Users\Alam\Downloads\rev\public\index.php(37): CodeIgniter\CodeIgniter->run()
#5 C:\Users\Alam\Downloads\rev\system\Commands\Server\rewrite.php(43): require_once('C:\\Users\\Alam\\D...')
#6 {main}
CRITICAL - 2024-02-06 19:26:50 --> Undefined array key "kode_barang"
#0 C:\Users\Alam\Downloads\rev\app\Controllers\Admin.php(751): CodeIgniter\Debug\Exceptions->errorHandler(2, 'Undefined array...', 'C:\\Users\\Alam\\D...', 751)
#1 C:\Users\Alam\Downloads\rev\system\CodeIgniter.php(832): App\Controllers\Admin->add_data()
#2 C:\Users\Alam\Downloads\rev\system\CodeIgniter.php(419): CodeIgniter\CodeIgniter->runController(Object(App\Controllers\Admin))
#3 C:\Users\Alam\Downloads\rev\system\CodeIgniter.php(326): CodeIgniter\CodeIgniter->handleRequest(NULL, Object(Config\Cache), false)
#4 C:\Users\Alam\Downloads\rev\public\index.php(37): CodeIgniter\CodeIgniter->run()
#5 C:\Users\Alam\Downloads\rev\system\Commands\Server\rewrite.php(43): require_once('C:\\Users\\Alam\\D...')
#6 {main}
CRITICAL - 2024-02-06 19:27:35 --> Undefined array key "unique_barcode"
#0 C:\Users\Alam\Downloads\rev\app\Controllers\Admin.php(751): CodeIgniter\Debug\Exceptions->errorHandler(2, 'Undefined array...', 'C:\\Users\\Alam\\D...', 751)
#1 C:\Users\Alam\Downloads\rev\system\CodeIgniter.php(832): App\Controllers\Admin->add_data()
#2 C:\Users\Alam\Downloads\rev\system\CodeIgniter.php(419): CodeIgniter\CodeIgniter->runController(Object(App\Controllers\Admin))
#3 C:\Users\Alam\Downloads\rev\system\CodeIgniter.php(326): CodeIgniter\CodeIgniter->handleRequest(NULL, Object(Config\Cache), false)
#4 C:\Users\Alam\Downloads\rev\public\index.php(37): CodeIgniter\CodeIgniter->run()
#5 C:\Users\Alam\Downloads\rev\system\Commands\Server\rewrite.php(43): require_once('C:\\Users\\Alam\\D...')
#6 {main}
CRITICAL - 2024-02-06 19:28:31 --> Undefined array key "unique_barcode"
#0 C:\Users\Alam\Downloads\rev\app\Controllers\Admin.php(751): CodeIgniter\Debug\Exceptions->errorHandler(2, 'Undefined array...', 'C:\\Users\\Alam\\D...', 751)
#1 C:\Users\Alam\Downloads\rev\system\CodeIgniter.php(832): App\Controllers\Admin->add_data()
#2 C:\Users\Alam\Downloads\rev\system\CodeIgniter.php(419): CodeIgniter\CodeIgniter->runController(Object(App\Controllers\Admin))
#3 C:\Users\Alam\Downloads\rev\system\CodeIgniter.php(326): CodeIgniter\CodeIgniter->handleRequest(NULL, Object(Config\Cache), false)
#4 C:\Users\Alam\Downloads\rev\public\index.php(37): CodeIgniter\CodeIgniter->run()
#5 C:\Users\Alam\Downloads\rev\system\Commands\Server\rewrite.php(43): require_once('C:\\Users\\Alam\\D...')
#6 {main}
ERROR - 2024-02-06 19:37:28 --> Cannot add or update a child row: a foreign key constraint fails (`sidang`.`inventaris`, CONSTRAINT `inventaris_ibfk_1` FOREIGN KEY (`id_master_barang`) REFERENCES `master_barang` (`kode_brg`))
CRITICAL - 2024-02-06 19:37:28 --> Cannot add or update a child row: a foreign key constraint fails (`sidang`.`inventaris`, CONSTRAINT `inventaris_ibfk_1` FOREIGN KEY (`id_master_barang`) REFERENCES `master_barang` (`kode_brg`))
#0 C:\Users\Alam\Downloads\rev\system\Database\MySQLi\Connection.php(292): mysqli->query('INSERT INTO `in...', 0)
#1 C:\Users\Alam\Downloads\rev\system\Database\BaseConnection.php(670): CodeIgniter\Database\MySQLi\Connection->execute('INSERT INTO `in...')
#2 C:\Users\Alam\Downloads\rev\system\Database\BaseConnection.php(598): CodeIgniter\Database\BaseConnection->simpleQuery('INSERT INTO `in...')
#3 C:\Users\Alam\Downloads\rev\system\Database\BaseBuilder.php(1771): CodeIgniter\Database\BaseConnection->query('INSERT INTO `in...', Array, false)
#4 C:\Users\Alam\Downloads\rev\system\Model.php(239): CodeIgniter\Database\BaseBuilder->insert()
#5 C:\Users\Alam\Downloads\rev\system\BaseModel.php(738): CodeIgniter\Model->doInsert(Array)
#6 C:\Users\Alam\Downloads\rev\system\Model.php(625): CodeIgniter\BaseModel->insert(Array, true)
#7 C:\Users\Alam\Downloads\rev\app\Models\InventarisModel.php(95): CodeIgniter\Model->insert(Array)
#8 C:\Users\Alam\Downloads\rev\app\Controllers\Admin.php(756): App\Models\InventarisModel->insert_data(Array)
#9 C:\Users\Alam\Downloads\rev\system\CodeIgniter.php(832): App\Controllers\Admin->add_data()
#10 C:\Users\Alam\Downloads\rev\system\CodeIgniter.php(419): CodeIgniter\CodeIgniter->runController(Object(App\Controllers\Admin))
#11 C:\Users\Alam\Downloads\rev\system\CodeIgniter.php(326): CodeIgniter\CodeIgniter->handleRequest(NULL, Object(Config\Cache), false)
#12 C:\Users\Alam\Downloads\rev\public\index.php(37): CodeIgniter\CodeIgniter->run()
#13 C:\Users\Alam\Downloads\rev\system\Commands\Server\rewrite.php(43): require_once('C:\\Users\\Alam\\D...')
#14 {main}
CRITICAL - 2024-02-06 19:40:42 --> Undefined array key "nama_barang"
#0 C:\Users\Alam\Downloads\rev\app\Controllers\Admin.php(531): CodeIgniter\Debug\Exceptions->errorHandler(2, 'Undefined array...', 'C:\\Users\\Alam\\D...', 531)
#1 C:\Users\Alam\Downloads\rev\app\Controllers\Admin.php(749): App\Controllers\Admin->generate_qrcode(Array)
#2 C:\Users\Alam\Downloads\rev\system\CodeIgniter.php(832): App\Controllers\Admin->add_data()
#3 C:\Users\Alam\Downloads\rev\system\CodeIgniter.php(419): CodeIgniter\CodeIgniter->runController(Object(App\Controllers\Admin))
#4 C:\Users\Alam\Downloads\rev\system\CodeIgniter.php(326): CodeIgniter\CodeIgniter->handleRequest(NULL, Object(Config\Cache), false)
#5 C:\Users\Alam\Downloads\rev\public\index.php(37): CodeIgniter\CodeIgniter->run()
#6 C:\Users\Alam\Downloads\rev\system\Commands\Server\rewrite.php(43): require_once('C:\\Users\\Alam\\D...')
#7 {main}
ERROR - 2024-02-06 19:42:02 --> Cannot add or update a child row: a foreign key constraint fails (`sidang`.`inventaris`, CONSTRAINT `inventaris_ibfk_1` FOREIGN KEY (`id_master_barang`) REFERENCES `master_barang` (`kode_brg`))
CRITICAL - 2024-02-06 19:42:02 --> Cannot add or update a child row: a foreign key constraint fails (`sidang`.`inventaris`, CONSTRAINT `inventaris_ibfk_1` FOREIGN KEY (`id_master_barang`) REFERENCES `master_barang` (`kode_brg`))
#0 C:\Users\Alam\Downloads\rev\system\Database\MySQLi\Connection.php(292): mysqli->query('INSERT INTO `in...', 0)
#1 C:\Users\Alam\Downloads\rev\system\Database\BaseConnection.php(670): CodeIgniter\Database\MySQLi\Connection->execute('INSERT INTO `in...')
#2 C:\Users\Alam\Downloads\rev\system\Database\BaseConnection.php(598): CodeIgniter\Database\BaseConnection->simpleQuery('INSERT INTO `in...')
#3 C:\Users\Alam\Downloads\rev\system\Database\BaseBuilder.php(1771): CodeIgniter\Database\BaseConnection->query('INSERT INTO `in...', Array, false)
#4 C:\Users\Alam\Downloads\rev\system\Model.php(239): CodeIgniter\Database\BaseBuilder->insert()
#5 C:\Users\Alam\Downloads\rev\system\BaseModel.php(738): CodeIgniter\Model->doInsert(Array)
#6 C:\Users\Alam\Downloads\rev\system\Model.php(625): CodeIgniter\BaseModel->insert(Array, true)
#7 C:\Users\Alam\Downloads\rev\app\Models\InventarisModel.php(95): CodeIgniter\Model->insert(Array)
#8 C:\Users\Alam\Downloads\rev\app\Controllers\Admin.php(756): App\Models\InventarisModel->insert_data(Array)
#9 C:\Users\Alam\Downloads\rev\system\CodeIgniter.php(832): App\Controllers\Admin->add_data()
#10 C:\Users\Alam\Downloads\rev\system\CodeIgniter.php(419): CodeIgniter\CodeIgniter->runController(Object(App\Controllers\Admin))
#11 C:\Users\Alam\Downloads\rev\system\CodeIgniter.php(326): CodeIgniter\CodeIgniter->handleRequest(NULL, Object(Config\Cache), false)
#12 C:\Users\Alam\Downloads\rev\public\index.php(37): CodeIgniter\CodeIgniter->run()
#13 C:\Users\Alam\Downloads\rev\system\Commands\Server\rewrite.php(43): require_once('C:\\Users\\Alam\\D...')
#14 {main}
ERROR - 2024-02-06 20:46:30 --> Cannot add or update a child row: a foreign key constraint fails (`sidang`.`inventaris`, CONSTRAINT `inventaris_ibfk_1` FOREIGN KEY (`id_master_barang`) REFERENCES `master_barang` (`kode_brg`) ON DELETE CASCADE ON UPDATE CASCADE)
CRITICAL - 2024-02-06 20:46:30 --> Cannot add or update a child row: a foreign key constraint fails (`sidang`.`inventaris`, CONSTRAINT `inventaris_ibfk_1` FOREIGN KEY (`id_master_barang`) REFERENCES `master_barang` (`kode_brg`) ON DELETE CASCADE ON UPDATE CASCADE)
#0 C:\Users\Alam\Downloads\rev\system\Database\MySQLi\Connection.php(292): mysqli->query('INSERT INTO `in...', 0)
#1 C:\Users\Alam\Downloads\rev\system\Database\BaseConnection.php(670): CodeIgniter\Database\MySQLi\Connection->execute('INSERT INTO `in...')
#2 C:\Users\Alam\Downloads\rev\system\Database\BaseConnection.php(598): CodeIgniter\Database\BaseConnection->simpleQuery('INSERT INTO `in...')
#3 C:\Users\Alam\Downloads\rev\system\Database\BaseBuilder.php(1771): CodeIgniter\Database\BaseConnection->query('INSERT INTO `in...', Array, false)
#4 C:\Users\Alam\Downloads\rev\system\Model.php(239): CodeIgniter\Database\BaseBuilder->insert()
#5 C:\Users\Alam\Downloads\rev\system\BaseModel.php(738): CodeIgniter\Model->doInsert(Array)
#6 C:\Users\Alam\Downloads\rev\system\Model.php(625): CodeIgniter\BaseModel->insert(Array, true)
#7 C:\Users\Alam\Downloads\rev\app\Models\InventarisModel.php(95): CodeIgniter\Model->insert(Array)
#8 C:\Users\Alam\Downloads\rev\app\Controllers\Admin.php(756): App\Models\InventarisModel->insert_data(Array)
#9 C:\Users\Alam\Downloads\rev\system\CodeIgniter.php(832): App\Controllers\Admin->add_data()
#10 C:\Users\Alam\Downloads\rev\system\CodeIgniter.php(419): CodeIgniter\CodeIgniter->runController(Object(App\Controllers\Admin))
#11 C:\Users\Alam\Downloads\rev\system\CodeIgniter.php(326): CodeIgniter\CodeIgniter->handleRequest(NULL, Object(Config\Cache), false)
#12 C:\Users\Alam\Downloads\rev\public\index.php(37): CodeIgniter\CodeIgniter->run()
#13 C:\Users\Alam\Downloads\rev\system\Commands\Server\rewrite.php(43): require_once('C:\\Users\\Alam\\D...')
#14 {main}
ERROR - 2024-02-06 20:49:47 --> Cannot add or update a child row: a foreign key constraint fails (`sidang`.`inventaris`, CONSTRAINT `inventaris_ibfk_1` FOREIGN KEY (`id_master_barang`) REFERENCES `master_barang` (`kode_brg`) ON DELETE CASCADE ON UPDATE CASCADE)
CRITICAL - 2024-02-06 20:49:47 --> Cannot add or update a child row: a foreign key constraint fails (`sidang`.`inventaris`, CONSTRAINT `inventaris_ibfk_1` FOREIGN KEY (`id_master_barang`) REFERENCES `master_barang` (`kode_brg`) ON DELETE CASCADE ON UPDATE CASCADE)
#0 C:\Users\Alam\Downloads\rev\system\Database\MySQLi\Connection.php(292): mysqli->query('INSERT INTO `in...', 0)
#1 C:\Users\Alam\Downloads\rev\system\Database\BaseConnection.php(670): CodeIgniter\Database\MySQLi\Connection->execute('INSERT INTO `in...')
#2 C:\Users\Alam\Downloads\rev\system\Database\BaseConnection.php(598): CodeIgniter\Database\BaseConnection->simpleQuery('INSERT INTO `in...')
#3 C:\Users\Alam\Downloads\rev\system\Database\BaseBuilder.php(1771): CodeIgniter\Database\BaseConnection->query('INSERT INTO `in...', Array, false)
#4 C:\Users\Alam\Downloads\rev\system\Model.php(239): CodeIgniter\Database\BaseBuilder->insert()
#5 C:\Users\Alam\Downloads\rev\system\BaseModel.php(738): CodeIgniter\Model->doInsert(Array)
#6 C:\Users\Alam\Downloads\rev\system\Model.php(625): CodeIgniter\BaseModel->insert(Array, true)
#7 C:\Users\Alam\Downloads\rev\app\Controllers\Admin.php(764): CodeIgniter\Model->insert(Array)
#8 C:\Users\Alam\Downloads\rev\system\CodeIgniter.php(832): App\Controllers\Admin->add_data()
#9 C:\Users\Alam\Downloads\rev\system\CodeIgniter.php(419): CodeIgniter\CodeIgniter->runController(Object(App\Controllers\Admin))
#10 C:\Users\Alam\Downloads\rev\system\CodeIgniter.php(326): CodeIgniter\CodeIgniter->handleRequest(NULL, Object(Config\Cache), false)
#11 C:\Users\Alam\Downloads\rev\public\index.php(37): CodeIgniter\CodeIgniter->run()
#12 C:\Users\Alam\Downloads\rev\system\Commands\Server\rewrite.php(43): require_once('C:\\Users\\Alam\\D...')
#13 {main}
ERROR - 2024-02-06 20:50:28 --> Cannot add or update a child row: a foreign key constraint fails (`sidang`.`inventaris`, CONSTRAINT `inventaris_ibfk_1` FOREIGN KEY (`id_master_barang`) REFERENCES `master_barang` (`kode_brg`) ON DELETE NO ACTION ON UPDATE NO ACTION)
CRITICAL - 2024-02-06 20:50:28 --> Cannot add or update a child row: a foreign key constraint fails (`sidang`.`inventaris`, CONSTRAINT `inventaris_ibfk_1` FOREIGN KEY (`id_master_barang`) REFERENCES `master_barang` (`kode_brg`) ON DELETE NO ACTION ON UPDATE NO ACTION)
#0 C:\Users\Alam\Downloads\rev\system\Database\MySQLi\Connection.php(292): mysqli->query('INSERT INTO `in...', 0)
#1 C:\Users\Alam\Downloads\rev\system\Database\BaseConnection.php(670): CodeIgniter\Database\MySQLi\Connection->execute('INSERT INTO `in...')
#2 C:\Users\Alam\Downloads\rev\system\Database\BaseConnection.php(598): CodeIgniter\Database\BaseConnection->simpleQuery('INSERT INTO `in...')
#3 C:\Users\Alam\Downloads\rev\system\Database\BaseBuilder.php(1771): CodeIgniter\Database\BaseConnection->query('INSERT INTO `in...', Array, false)
#4 C:\Users\Alam\Downloads\rev\system\Model.php(239): CodeIgniter\Database\BaseBuilder->insert()
#5 C:\Users\Alam\Downloads\rev\system\BaseModel.php(738): CodeIgniter\Model->doInsert(Array)
#6 C:\Users\Alam\Downloads\rev\system\Model.php(625): CodeIgniter\BaseModel->insert(Array, true)
#7 C:\Users\Alam\Downloads\rev\app\Controllers\Admin.php(764): CodeIgniter\Model->insert(Array)
#8 C:\Users\Alam\Downloads\rev\system\CodeIgniter.php(832): App\Controllers\Admin->add_data()
#9 C:\Users\Alam\Downloads\rev\system\CodeIgniter.php(419): CodeIgniter\CodeIgniter->runController(Object(App\Controllers\Admin))
#10 C:\Users\Alam\Downloads\rev\system\CodeIgniter.php(326): CodeIgniter\CodeIgniter->handleRequest(NULL, Object(Config\Cache), false)
#11 C:\Users\Alam\Downloads\rev\public\index.php(37): CodeIgniter\CodeIgniter->run()
#12 C:\Users\Alam\Downloads\rev\system\Commands\Server\rewrite.php(43): require_once('C:\\Users\\Alam\\D...')
#13 {main}
CRITICAL - 2024-02-06 20:52:52 --> Trying to access array offset on value of type null
#0 C:\Users\Alam\Downloads\rev\app\Controllers\Admin.php(535): CodeIgniter\Debug\Exceptions->errorHandler(2, 'Trying to acces...', 'C:\\Users\\Alam\\D...', 535)
#1 C:\Users\Alam\Downloads\rev\app\Controllers\Admin.php(749): App\Controllers\Admin->generate_qrcode(Array)
#2 C:\Users\Alam\Downloads\rev\system\CodeIgniter.php(832): App\Controllers\Admin->add_data()
#3 C:\Users\Alam\Downloads\rev\system\CodeIgniter.php(419): CodeIgniter\CodeIgniter->runController(Object(App\Controllers\Admin))
#4 C:\Users\Alam\Downloads\rev\system\CodeIgniter.php(326): CodeIgniter\CodeIgniter->handleRequest(NULL, Object(Config\Cache), false)
#5 C:\Users\Alam\Downloads\rev\public\index.php(37): CodeIgniter\CodeIgniter->run()
#6 C:\Users\Alam\Downloads\rev\system\Commands\Server\rewrite.php(43): require_once('C:\\Users\\Alam\\D...')
#7 {main}
CRITICAL - 2024-02-06 20:56:02 --> Undefined property: stdClass::$id
#0 C:\Users\Alam\Downloads\rev\app\Views\Admin\Inventaris\Detail_inv.php(21): CodeIgniter\Debug\Exceptions->errorHandler(2, 'Undefined prope...', 'C:\\Users\\Alam\\D...', 21)
#1 C:\Users\Alam\Downloads\rev\system\View\View.php(210): include('C:\\Users\\Alam\\D...')
#2 C:\Users\Alam\Downloads\rev\system\View\View.php(213): CodeIgniter\View\View->CodeIgniter\View\{closure}()
#3 C:\Users\Alam\Downloads\rev\system\Common.php(1089): CodeIgniter\View\View->render('Admin/Inventari...', Array, true)
#4 C:\Users\Alam\Downloads\rev\app\Controllers\Admin.php(940): view('Admin/Inventari...', Array)
#5 C:\Users\Alam\Downloads\rev\system\CodeIgniter.php(832): App\Controllers\Admin->detail_inv('KD-202402060852...')
#6 C:\Users\Alam\Downloads\rev\system\CodeIgniter.php(419): CodeIgniter\CodeIgniter->runController(Object(App\Controllers\Admin))
#7 C:\Users\Alam\Downloads\rev\system\CodeIgniter.php(326): CodeIgniter\CodeIgniter->handleRequest(NULL, Object(Config\Cache), false)
#8 C:\Users\Alam\Downloads\rev\public\index.php(37): CodeIgniter\CodeIgniter->run()
#9 C:\Users\Alam\Downloads\rev\system\Commands\Server\rewrite.php(43): require_once('C:\\Users\\Alam\\D...')
#10 {main}
CRITICAL - 2024-02-06 20:56:34 --> Undefined property: stdClass::$nama_barang
#0 C:\Users\Alam\Downloads\rev\app\Views\Admin\Inventaris\Detail_inv.php(27): CodeIgniter\Debug\Exceptions->errorHandler(2, 'Undefined prope...', 'C:\\Users\\Alam\\D...', 27)
#1 C:\Users\Alam\Downloads\rev\system\View\View.php(210): include('C:\\Users\\Alam\\D...')
#2 C:\Users\Alam\Downloads\rev\system\View\View.php(213): CodeIgniter\View\View->CodeIgniter\View\{closure}()
#3 C:\Users\Alam\Downloads\rev\system\Common.php(1089): CodeIgniter\View\View->render('Admin/Inventari...', Array, true)
#4 C:\Users\Alam\Downloads\rev\app\Controllers\Admin.php(940): view('Admin/Inventari...', Array)
#5 C:\Users\Alam\Downloads\rev\system\CodeIgniter.php(832): App\Controllers\Admin->detail_inv('KD-202402060852...')
#6 C:\Users\Alam\Downloads\rev\system\CodeIgniter.php(419): CodeIgniter\CodeIgniter->runController(Object(App\Controllers\Admin))
#7 C:\Users\Alam\Downloads\rev\system\CodeIgniter.php(326): CodeIgniter\CodeIgniter->handleRequest(NULL, Object(Config\Cache), false)
#8 C:\Users\Alam\Downloads\rev\public\index.php(37): CodeIgniter\CodeIgniter->run()
#9 C:\Users\Alam\Downloads\rev\system\Commands\Server\rewrite.php(43): require_once('C:\\Users\\Alam\\D...')
#10 {main}
CRITICAL - 2024-02-06 20:56:44 --> Undefined property: stdClass::$id
#0 C:\Users\Alam\Downloads\rev\app\Views\Admin\Inventaris\Detail_inv.php(39): CodeIgniter\Debug\Exceptions->errorHandler(2, 'Undefined prope...', 'C:\\Users\\Alam\\D...', 39)
#1 C:\Users\Alam\Downloads\rev\system\View\View.php(210): include('C:\\Users\\Alam\\D...')
#2 C:\Users\Alam\Downloads\rev\system\View\View.php(213): CodeIgniter\View\View->CodeIgniter\View\{closure}()
#3 C:\Users\Alam\Downloads\rev\system\Common.php(1089): CodeIgniter\View\View->render('Admin/Inventari...', Array, true)
#4 C:\Users\Alam\Downloads\rev\app\Controllers\Admin.php(940): view('Admin/Inventari...', Array)
#5 C:\Users\Alam\Downloads\rev\system\CodeIgniter.php(832): App\Controllers\Admin->detail_inv('KD-202402060852...')
#6 C:\Users\Alam\Downloads\rev\system\CodeIgniter.php(419): CodeIgniter\CodeIgniter->runController(Object(App\Controllers\Admin))
#7 C:\Users\Alam\Downloads\rev\system\CodeIgniter.php(326): CodeIgniter\CodeIgniter->handleRequest(NULL, Object(Config\Cache), false)
#8 C:\Users\Alam\Downloads\rev\public\index.php(37): CodeIgniter\CodeIgniter->run()
#9 C:\Users\Alam\Downloads\rev\system\Commands\Server\rewrite.php(43): require_once('C:\\Users\\Alam\\D...')
#10 {main}
ERROR - 2024-02-06 20:57:01 --> Unknown column 'id' in 'where clause'
CRITICAL - 2024-02-06 20:57:01 --> Unknown column 'id' in 'where clause'
#0 C:\Users\Alam\Downloads\rev\system\Database\MySQLi\Connection.php(292): mysqli->query('SELECT *\nFROM `...', 0)
#1 C:\Users\Alam\Downloads\rev\system\Database\BaseConnection.php(670): CodeIgniter\Database\MySQLi\Connection->execute('SELECT *\nFROM `...')
#2 C:\Users\Alam\Downloads\rev\system\Database\BaseConnection.php(598): CodeIgniter\Database\BaseConnection->simpleQuery('SELECT *\nFROM `...')
#3 C:\Users\Alam\Downloads\rev\system\Database\BaseBuilder.php(1455): CodeIgniter\Database\BaseConnection->query('SELECT *\nFROM `...', Array, false)
#4 C:\Users\Alam\Downloads\rev\system\Model.php(210): CodeIgniter\Database\BaseBuilder->get()
#5 C:\Users\Alam\Downloads\rev\system\BaseModel.php(622): CodeIgniter\Model->doFirst()
#6 C:\Users\Alam\Downloads\rev\app\Controllers\Admin.php(2235): CodeIgniter\BaseModel->first()
#7 C:\Users\Alam\Downloads\rev\system\CodeIgniter.php(832): App\Controllers\Admin->cetak_qr_id('KD-202402060852...')
#8 C:\Users\Alam\Downloads\rev\system\CodeIgniter.php(419): CodeIgniter\CodeIgniter->runController(Object(App\Controllers\Admin))
#9 C:\Users\Alam\Downloads\rev\system\CodeIgniter.php(326): CodeIgniter\CodeIgniter->handleRequest(NULL, Object(Config\Cache), false)
#10 C:\Users\Alam\Downloads\rev\public\index.php(37): CodeIgniter\CodeIgniter->run()
#11 C:\Users\Alam\Downloads\rev\system\Commands\Server\rewrite.php(43): require_once('C:\\Users\\Alam\\D...')
#12 {main}
CRITICAL - 2024-02-06 21:00:08 --> Undefined array key "id_inv"
#0 C:\Users\Alam\Downloads\rev\app\Views\Admin\Inventaris\Edit_barang.php(28): CodeIgniter\Debug\Exceptions->errorHandler(2, 'Undefined array...', 'C:\\Users\\Alam\\D...', 28)
#1 C:\Users\Alam\Downloads\rev\system\View\View.php(210): include('C:\\Users\\Alam\\D...')
#2 C:\Users\Alam\Downloads\rev\system\View\View.php(213): CodeIgniter\View\View->CodeIgniter\View\{closure}()
#3 C:\Users\Alam\Downloads\rev\system\Common.php(1089): CodeIgniter\View\View->render('Admin/Inventari...', Array, true)
#4 C:\Users\Alam\Downloads\rev\app\Controllers\Admin.php(792): view('Admin/Inventari...', Array)
#5 C:\Users\Alam\Downloads\rev\system\CodeIgniter.php(832): App\Controllers\Admin->ubah('KD-202402060852...')
#6 C:\Users\Alam\Downloads\rev\system\CodeIgniter.php(419): CodeIgniter\CodeIgniter->runController(Object(App\Controllers\Admin))
#7 C:\Users\Alam\Downloads\rev\system\CodeIgniter.php(326): CodeIgniter\CodeIgniter->handleRequest(NULL, Object(Config\Cache), false)
#8 C:\Users\Alam\Downloads\rev\public\index.php(37): CodeIgniter\CodeIgniter->run()
#9 C:\Users\Alam\Downloads\rev\system\Commands\Server\rewrite.php(43): require_once('C:\\Users\\Alam\\D...')
#10 {main}
CRITICAL - 2024-02-06 21:00:52 --> Undefined array key "nama_barang"
#0 C:\Users\Alam\Downloads\rev\app\Views\Admin\Inventaris\Edit_barang.php(41): CodeIgniter\Debug\Exceptions->errorHandler(2, 'Undefined array...', 'C:\\Users\\Alam\\D...', 41)
#1 C:\Users\Alam\Downloads\rev\system\View\View.php(210): include('C:\\Users\\Alam\\D...')
#2 C:\Users\Alam\Downloads\rev\system\View\View.php(213): CodeIgniter\View\View->CodeIgniter\View\{closure}()
#3 C:\Users\Alam\Downloads\rev\system\Common.php(1089): CodeIgniter\View\View->render('Admin/Inventari...', Array, true)
#4 C:\Users\Alam\Downloads\rev\app\Controllers\Admin.php(792): view('Admin/Inventari...', Array)
#5 C:\Users\Alam\Downloads\rev\system\CodeIgniter.php(832): App\Controllers\Admin->ubah('KD-202402060852...')
#6 C:\Users\Alam\Downloads\rev\system\CodeIgniter.php(419): CodeIgniter\CodeIgniter->runController(Object(App\Controllers\Admin))
#7 C:\Users\Alam\Downloads\rev\system\CodeIgniter.php(326): CodeIgniter\CodeIgniter->handleRequest(NULL, Object(Config\Cache), false)
#8 C:\Users\Alam\Downloads\rev\public\index.php(37): CodeIgniter\CodeIgniter->run()
#9 C:\Users\Alam\Downloads\rev\system\Commands\Server\rewrite.php(43): require_once('C:\\Users\\Alam\\D...')
#10 {main}
CRITICAL - 2024-02-06 21:01:28 --> Undefined variable $master_barang
#0 C:\Users\Alam\Downloads\rev\app\Views\Admin\Inventaris\Edit_barang.php(49): CodeIgniter\Debug\Exceptions->errorHandler(2, 'Undefined varia...', 'C:\\Users\\Alam\\D...', 49)
#1 C:\Users\Alam\Downloads\rev\system\View\View.php(210): include('C:\\Users\\Alam\\D...')
#2 C:\Users\Alam\Downloads\rev\system\View\View.php(213): CodeIgniter\View\View->CodeIgniter\View\{closure}()
#3 C:\Users\Alam\Downloads\rev\system\Common.php(1089): CodeIgniter\View\View->render('Admin/Inventari...', Array, true)
#4 C:\Users\Alam\Downloads\rev\app\Controllers\Admin.php(792): view('Admin/Inventari...', Array)
#5 C:\Users\Alam\Downloads\rev\system\CodeIgniter.php(832): App\Controllers\Admin->ubah('KD-202402060852...')
#6 C:\Users\Alam\Downloads\rev\system\CodeIgniter.php(419): CodeIgniter\CodeIgniter->runController(Object(App\Controllers\Admin))
#7 C:\Users\Alam\Downloads\rev\system\CodeIgniter.php(326): CodeIgniter\CodeIgniter->handleRequest(NULL, Object(Config\Cache), false)
#8 C:\Users\Alam\Downloads\rev\public\index.php(37): CodeIgniter\CodeIgniter->run()
#9 C:\Users\Alam\Downloads\rev\system\Commands\Server\rewrite.php(43): require_once('C:\\Users\\Alam\\D...')
#10 {main}
CRITICAL - 2024-02-06 21:04:47 --> Undefined array key "id_master_barang"
#0 C:\Users\Alam\Downloads\rev\app\Controllers\Admin.php(531): CodeIgniter\Debug\Exceptions->errorHandler(2, 'Undefined array...', 'C:\\Users\\Alam\\D...', 531)
#1 C:\Users\Alam\Downloads\rev\app\Controllers\Admin.php(835): App\Controllers\Admin->generate_qrcode(Array)
#2 C:\Users\Alam\Downloads\rev\system\CodeIgniter.php(832): App\Controllers\Admin->update('KD-202402060852...')
#3 C:\Users\Alam\Downloads\rev\system\CodeIgniter.php(419): CodeIgniter\CodeIgniter->runController(Object(App\Controllers\Admin))
#4 C:\Users\Alam\Downloads\rev\system\CodeIgniter.php(326): CodeIgniter\CodeIgniter->handleRequest(NULL, Object(Config\Cache), false)
#5 C:\Users\Alam\Downloads\rev\public\index.php(37): CodeIgniter\CodeIgniter->run()
#6 C:\Users\Alam\Downloads\rev\system\Commands\Server\rewrite.php(43): require_once('C:\\Users\\Alam\\D...')
#7 {main}
ERROR - 2024-02-06 21:08:48 --> Unknown column 'id' in 'field list'
CRITICAL - 2024-02-06 21:08:48 --> Unknown column 'id' in 'field list'
#0 C:\Users\Alam\Downloads\rev\system\Database\MySQLi\Connection.php(292): mysqli->query('SELECT `id`, `k...', 0)
#1 C:\Users\Alam\Downloads\rev\system\Database\BaseConnection.php(670): CodeIgniter\Database\MySQLi\Connection->execute('SELECT `id`, `k...')
#2 C:\Users\Alam\Downloads\rev\system\Database\BaseConnection.php(598): CodeIgniter\Database\BaseConnection->simpleQuery('SELECT `id`, `k...')
#3 C:\Users\Alam\Downloads\rev\system\Database\BaseBuilder.php(1455): CodeIgniter\Database\BaseConnection->query('SELECT `id`, `k...', Array, false)
#4 C:\Users\Alam\Downloads\rev\system\Model.php(183): CodeIgniter\Database\BaseBuilder->get()
#5 C:\Users\Alam\Downloads\rev\system\BaseModel.php(584): CodeIgniter\Model->doFindAll(0, 0)
#6 C:\Users\Alam\Downloads\rev\app\Controllers\Admin.php(2203): CodeIgniter\BaseModel->findAll()
#7 C:\Users\Alam\Downloads\rev\system\CodeIgniter.php(832): App\Controllers\Admin->cetak_qr()
#8 C:\Users\Alam\Downloads\rev\system\CodeIgniter.php(419): CodeIgniter\CodeIgniter->runController(Object(App\Controllers\Admin))
#9 C:\Users\Alam\Downloads\rev\system\CodeIgniter.php(326): CodeIgniter\CodeIgniter->handleRequest(NULL, Object(Config\Cache), false)
#10 C:\Users\Alam\Downloads\rev\public\index.php(37): CodeIgniter\CodeIgniter->run()
#11 C:\Users\Alam\Downloads\rev\system\Commands\Server\rewrite.php(43): require_once('C:\\Users\\Alam\\D...')
#12 {main}
ERROR - 2024-02-06 21:12:39 --> Unknown column 'master_barang.nama_barang' in 'field list'
CRITICAL - 2024-02-06 21:12:39 --> Unknown column 'master_barang.nama_barang' in 'field list'
#0 C:\Users\Alam\Downloads\rev\system\Database\MySQLi\Connection.php(292): mysqli->query('SELECT `inventa...', 0)
#1 C:\Users\Alam\Downloads\rev\system\Database\BaseConnection.php(670): CodeIgniter\Database\MySQLi\Connection->execute('SELECT `inventa...')
#2 C:\Users\Alam\Downloads\rev\system\Database\BaseConnection.php(598): CodeIgniter\Database\BaseConnection->simpleQuery('SELECT `inventa...')
#3 C:\Users\Alam\Downloads\rev\system\Database\BaseBuilder.php(1455): CodeIgniter\Database\BaseConnection->query('SELECT `inventa...', Array, false)
#4 C:\Users\Alam\Downloads\rev\system\Model.php(183): CodeIgniter\Database\BaseBuilder->get()
#5 C:\Users\Alam\Downloads\rev\system\BaseModel.php(584): CodeIgniter\Model->doFindAll(0, 0)
#6 C:\Users\Alam\Downloads\rev\app\Controllers\Admin.php(2204): CodeIgniter\BaseModel->findAll()
#7 C:\Users\Alam\Downloads\rev\system\CodeIgniter.php(832): App\Controllers\Admin->cetak_qr()
#8 C:\Users\Alam\Downloads\rev\system\CodeIgniter.php(419): CodeIgniter\CodeIgniter->runController(Object(App\Controllers\Admin))
#9 C:\Users\Alam\Downloads\rev\system\CodeIgniter.php(326): CodeIgniter\CodeIgniter->handleRequest(NULL, Object(Config\Cache), false)
#10 C:\Users\Alam\Downloads\rev\public\index.php(37): CodeIgniter\CodeIgniter->run()
#11 C:\Users\Alam\Downloads\rev\system\Commands\Server\rewrite.php(43): require_once('C:\\Users\\Alam\\D...')
#12 {main}
ERROR - 2024-02-06 21:13:04 --> Unknown column 'master_barang.nama_barang' in 'field list'
CRITICAL - 2024-02-06 21:13:04 --> Unknown column 'master_barang.nama_barang' in 'field list'
#0 C:\Users\Alam\Downloads\rev\system\Database\MySQLi\Connection.php(292): mysqli->query('SELECT `inventa...', 0)
#1 C:\Users\Alam\Downloads\rev\system\Database\BaseConnection.php(670): CodeIgniter\Database\MySQLi\Connection->execute('SELECT `inventa...')
#2 C:\Users\Alam\Downloads\rev\system\Database\BaseConnection.php(598): CodeIgniter\Database\BaseConnection->simpleQuery('SELECT `inventa...')
#3 C:\Users\Alam\Downloads\rev\system\Database\BaseBuilder.php(1455): CodeIgniter\Database\BaseConnection->query('SELECT `inventa...', Array, false)
#4 C:\Users\Alam\Downloads\rev\system\Model.php(183): CodeIgniter\Database\BaseBuilder->get()
#5 C:\Users\Alam\Downloads\rev\system\BaseModel.php(584): CodeIgniter\Model->doFindAll(0, 0)
#6 C:\Users\Alam\Downloads\rev\app\Controllers\Admin.php(2204): CodeIgniter\BaseModel->findAll()
#7 C:\Users\Alam\Downloads\rev\system\CodeIgniter.php(832): App\Controllers\Admin->cetak_qr()
#8 C:\Users\Alam\Downloads\rev\system\CodeIgniter.php(419): CodeIgniter\CodeIgniter->runController(Object(App\Controllers\Admin))
#9 C:\Users\Alam\Downloads\rev\system\CodeIgniter.php(326): CodeIgniter\CodeIgniter->handleRequest(NULL, Object(Config\Cache), false)
#10 C:\Users\Alam\Downloads\rev\public\index.php(37): CodeIgniter\CodeIgniter->run()
#11 C:\Users\Alam\Downloads\rev\system\Commands\Server\rewrite.php(43): require_once('C:\\Users\\Alam\\D...')
#12 {main}
ERROR - 2024-02-06 21:14:04 --> Unknown column 'master_barang.id' in 'on clause'
CRITICAL - 2024-02-06 21:14:05 --> Unknown column 'master_barang.id' in 'on clause'
#0 C:\Users\Alam\Downloads\rev\system\Database\MySQLi\Connection.php(292): mysqli->query('SELECT `inventa...', 0)
#1 C:\Users\Alam\Downloads\rev\system\Database\BaseConnection.php(670): CodeIgniter\Database\MySQLi\Connection->execute('SELECT `inventa...')
#2 C:\Users\Alam\Downloads\rev\system\Database\BaseConnection.php(598): CodeIgniter\Database\BaseConnection->simpleQuery('SELECT `inventa...')
#3 C:\Users\Alam\Downloads\rev\system\Database\BaseBuilder.php(1455): CodeIgniter\Database\BaseConnection->query('SELECT `inventa...', Array, false)
#4 C:\Users\Alam\Downloads\rev\system\Model.php(183): CodeIgniter\Database\BaseBuilder->get()
#5 C:\Users\Alam\Downloads\rev\system\BaseModel.php(584): CodeIgniter\Model->doFindAll(0, 0)
#6 C:\Users\Alam\Downloads\rev\app\Controllers\Admin.php(2204): CodeIgniter\BaseModel->findAll()
#7 C:\Users\Alam\Downloads\rev\system\CodeIgniter.php(832): App\Controllers\Admin->cetak_qr()
#8 C:\Users\Alam\Downloads\rev\system\CodeIgniter.php(419): CodeIgniter\CodeIgniter->runController(Object(App\Controllers\Admin))
#9 C:\Users\Alam\Downloads\rev\system\CodeIgniter.php(326): CodeIgniter\CodeIgniter->handleRequest(NULL, Object(Config\Cache), false)
#10 C:\Users\Alam\Downloads\rev\public\index.php(37): CodeIgniter\CodeIgniter->run()
#11 C:\Users\Alam\Downloads\rev\system\Commands\Server\rewrite.php(43): require_once('C:\\Users\\Alam\\D...')
#12 {main}
ERROR - 2024-02-06 21:14:43 --> Unknown column 'master_barang.id' in 'on clause'
CRITICAL - 2024-02-06 21:14:44 --> Unknown column 'master_barang.id' in 'on clause'
#0 C:\Users\Alam\Downloads\rev\system\Database\MySQLi\Connection.php(292): mysqli->query('SELECT `inventa...', 0)
#1 C:\Users\Alam\Downloads\rev\system\Database\BaseConnection.php(670): CodeIgniter\Database\MySQLi\Connection->execute('SELECT `inventa...')
#2 C:\Users\Alam\Downloads\rev\system\Database\BaseConnection.php(598): CodeIgniter\Database\BaseConnection->simpleQuery('SELECT `inventa...')
#3 C:\Users\Alam\Downloads\rev\system\Database\BaseBuilder.php(1455): CodeIgniter\Database\BaseConnection->query('SELECT `inventa...', Array, false)
#4 C:\Users\Alam\Downloads\rev\system\Model.php(183): CodeIgniter\Database\BaseBuilder->get()
#5 C:\Users\Alam\Downloads\rev\system\BaseModel.php(584): CodeIgniter\Model->doFindAll(0, 0)
#6 C:\Users\Alam\Downloads\rev\app\Controllers\Admin.php(2204): CodeIgniter\BaseModel->findAll()
#7 C:\Users\Alam\Downloads\rev\system\CodeIgniter.php(832): App\Controllers\Admin->cetak_qr()
#8 C:\Users\Alam\Downloads\rev\system\CodeIgniter.php(419): CodeIgniter\CodeIgniter->runController(Object(App\Controllers\Admin))
#9 C:\Users\Alam\Downloads\rev\system\CodeIgniter.php(326): CodeIgniter\CodeIgniter->handleRequest(NULL, Object(Config\Cache), false)
#10 C:\Users\Alam\Downloads\rev\public\index.php(37): CodeIgniter\CodeIgniter->run()
#11 C:\Users\Alam\Downloads\rev\system\Commands\Server\rewrite.php(43): require_once('C:\\Users\\Alam\\D...')
#12 {main}
ERROR - 2024-02-06 21:16:19 --> Unknown column 'id' in 'where clause'
CRITICAL - 2024-02-06 21:16:19 --> Unknown column 'id' in 'where clause'
#0 C:\Users\Alam\Downloads\rev\system\Database\MySQLi\Connection.php(292): mysqli->query('SELECT *\nFROM `...', 0)
#1 C:\Users\Alam\Downloads\rev\system\Database\BaseConnection.php(670): CodeIgniter\Database\MySQLi\Connection->execute('SELECT *\nFROM `...')
#2 C:\Users\Alam\Downloads\rev\system\Database\BaseConnection.php(598): CodeIgniter\Database\BaseConnection->simpleQuery('SELECT *\nFROM `...')
#3 C:\Users\Alam\Downloads\rev\system\Database\BaseBuilder.php(1455): CodeIgniter\Database\BaseConnection->query('SELECT *\nFROM `...', Array, false)
#4 C:\Users\Alam\Downloads\rev\system\Model.php(210): CodeIgniter\Database\BaseBuilder->get()
#5 C:\Users\Alam\Downloads\rev\system\BaseModel.php(622): CodeIgniter\Model->doFirst()
#6 C:\Users\Alam\Downloads\rev\app\Controllers\Admin.php(2231): CodeIgniter\BaseModel->first()
#7 C:\Users\Alam\Downloads\rev\system\CodeIgniter.php(832): App\Controllers\Admin->cetak_qr_id('KD-202402060852...')
#8 C:\Users\Alam\Downloads\rev\system\CodeIgniter.php(419): CodeIgniter\CodeIgniter->runController(Object(App\Controllers\Admin))
#9 C:\Users\Alam\Downloads\rev\system\CodeIgniter.php(326): CodeIgniter\CodeIgniter->handleRequest(NULL, Object(Config\Cache), false)
#10 C:\Users\Alam\Downloads\rev\public\index.php(37): CodeIgniter\CodeIgniter->run()
#11 C:\Users\Alam\Downloads\rev\system\Commands\Server\rewrite.php(43): require_once('C:\\Users\\Alam\\D...')
#12 {main}
ERROR - 2024-02-06 21:16:50 --> Unknown column 'id' in 'where clause'
CRITICAL - 2024-02-06 21:16:51 --> Unknown column 'id' in 'where clause'
#0 C:\Users\Alam\Downloads\rev\system\Database\MySQLi\Connection.php(292): mysqli->query('SELECT *\nFROM `...', 0)
#1 C:\Users\Alam\Downloads\rev\system\Database\BaseConnection.php(670): CodeIgniter\Database\MySQLi\Connection->execute('SELECT *\nFROM `...')
#2 C:\Users\Alam\Downloads\rev\system\Database\BaseConnection.php(598): CodeIgniter\Database\BaseConnection->simpleQuery('SELECT *\nFROM `...')
#3 C:\Users\Alam\Downloads\rev\system\Database\BaseBuilder.php(1455): CodeIgniter\Database\BaseConnection->query('SELECT *\nFROM `...', Array, false)
#4 C:\Users\Alam\Downloads\rev\system\Model.php(210): CodeIgniter\Database\BaseBuilder->get()
#5 C:\Users\Alam\Downloads\rev\system\BaseModel.php(622): CodeIgniter\Model->doFirst()
#6 C:\Users\Alam\Downloads\rev\app\Controllers\Admin.php(2231): CodeIgniter\BaseModel->first()
#7 C:\Users\Alam\Downloads\rev\system\CodeIgniter.php(832): App\Controllers\Admin->cetak_qr_id('KD-202402060852...')
#8 C:\Users\Alam\Downloads\rev\system\CodeIgniter.php(419): CodeIgniter\CodeIgniter->runController(Object(App\Controllers\Admin))
#9 C:\Users\Alam\Downloads\rev\system\CodeIgniter.php(326): CodeIgniter\CodeIgniter->handleRequest(NULL, Object(Config\Cache), false)
#10 C:\Users\Alam\Downloads\rev\public\index.php(37): CodeIgniter\CodeIgniter->run()
#11 C:\Users\Alam\Downloads\rev\system\Commands\Server\rewrite.php(43): require_once('C:\\Users\\Alam\\D...')
#12 {main}
CRITICAL - 2024-02-06 21:17:20 --> Undefined array key "id"
#0 C:\Users\Alam\Downloads\rev\app\Views\Admin\Laporan\Kode_qr.php(82): CodeIgniter\Debug\Exceptions->errorHandler(2, 'Undefined array...', 'C:\\Users\\Alam\\D...', 82)
#1 C:\Users\Alam\Downloads\rev\system\View\View.php(210): include('C:\\Users\\Alam\\D...')
#2 C:\Users\Alam\Downloads\rev\system\View\View.php(213): CodeIgniter\View\View->CodeIgniter\View\{closure}()
#3 C:\Users\Alam\Downloads\rev\system\Common.php(1089): CodeIgniter\View\View->render('Admin/Laporan/K...', Array, true)
#4 C:\Users\Alam\Downloads\rev\app\Controllers\Admin.php(2240): view('Admin/Laporan/K...', Array)
#5 C:\Users\Alam\Downloads\rev\system\CodeIgniter.php(832): App\Controllers\Admin->cetak_qr_id('KD-202402060852...')
#6 C:\Users\Alam\Downloads\rev\system\CodeIgniter.php(419): CodeIgniter\CodeIgniter->runController(Object(App\Controllers\Admin))
#7 C:\Users\Alam\Downloads\rev\system\CodeIgniter.php(326): CodeIgniter\CodeIgniter->handleRequest(NULL, Object(Config\Cache), false)
#8 C:\Users\Alam\Downloads\rev\public\index.php(37): CodeIgniter\CodeIgniter->run()
#9 C:\Users\Alam\Downloads\rev\system\Commands\Server\rewrite.php(43): require_once('C:\\Users\\Alam\\D...')
#10 {main}
CRITICAL - 2024-02-06 21:18:13 --> Undefined array key "kode_brg"
#0 C:\Users\Alam\Downloads\rev\app\Views\Admin\Laporan\Kode_qr.php(82): CodeIgniter\Debug\Exceptions->errorHandler(2, 'Undefined array...', 'C:\\Users\\Alam\\D...', 82)
#1 C:\Users\Alam\Downloads\rev\system\View\View.php(210): include('C:\\Users\\Alam\\D...')
#2 C:\Users\Alam\Downloads\rev\system\View\View.php(213): CodeIgniter\View\View->CodeIgniter\View\{closure}()
#3 C:\Users\Alam\Downloads\rev\system\Common.php(1089): CodeIgniter\View\View->render('Admin/Laporan/K...', Array, true)
#4 C:\Users\Alam\Downloads\rev\app\Controllers\Admin.php(2240): view('Admin/Laporan/K...', Array)
#5 C:\Users\Alam\Downloads\rev\system\CodeIgniter.php(832): App\Controllers\Admin->cetak_qr_id('KD-202402060852...')
#6 C:\Users\Alam\Downloads\rev\system\CodeIgniter.php(419): CodeIgniter\CodeIgniter->runController(Object(App\Controllers\Admin))
#7 C:\Users\Alam\Downloads\rev\system\CodeIgniter.php(326): CodeIgniter\CodeIgniter->handleRequest(NULL, Object(Config\Cache), false)
#8 C:\Users\Alam\Downloads\rev\public\index.php(37): CodeIgniter\CodeIgniter->run()
#9 C:\Users\Alam\Downloads\rev\system\Commands\Server\rewrite.php(43): require_once('C:\\Users\\Alam\\D...')
#10 {main}
ERROR - 2024-02-06 22:26:50 --> Unknown column 'satuan.id_satuan' in 'where clause'
CRITICAL - 2024-02-06 22:26:50 --> Unknown column 'satuan.id_satuan' in 'where clause'
#0 C:\Users\Alam\Downloads\rev\system\Database\MySQLi\Connection.php(292): mysqli->query('SELECT *\nFROM `...', 0)
#1 C:\Users\Alam\Downloads\rev\system\Database\BaseConnection.php(670): CodeIgniter\Database\MySQLi\Connection->execute('SELECT *\nFROM `...')
#2 C:\Users\Alam\Downloads\rev\system\Database\BaseConnection.php(598): CodeIgniter\Database\BaseConnection->simpleQuery('SELECT *\nFROM `...')
#3 C:\Users\Alam\Downloads\rev\system\Database\BaseBuilder.php(1455): CodeIgniter\Database\BaseConnection->query('SELECT *\nFROM `...', Array, false)
#4 C:\Users\Alam\Downloads\rev\system\Model.php(142): CodeIgniter\Database\BaseBuilder->get()
#5 C:\Users\Alam\Downloads\rev\system\BaseModel.php(523): CodeIgniter\Model->doFind(true, '1')
#6 C:\Users\Alam\Downloads\rev\app\Controllers\Admin.php(304): CodeIgniter\BaseModel->find('1')
#7 C:\Users\Alam\Downloads\rev\system\CodeIgniter.php(832): App\Controllers\Admin->satuan_edit('1')
#8 C:\Users\Alam\Downloads\rev\system\CodeIgniter.php(419): CodeIgniter\CodeIgniter->runController(Object(App\Controllers\Admin))
#9 C:\Users\Alam\Downloads\rev\system\CodeIgniter.php(326): CodeIgniter\CodeIgniter->handleRequest(NULL, Object(Config\Cache), false)
#10 C:\Users\Alam\Downloads\rev\public\index.php(37): CodeIgniter\CodeIgniter->run()
#11 C:\Users\Alam\Downloads\rev\system\Commands\Server\rewrite.php(43): require_once('C:\\Users\\Alam\\D...')
#12 {main}
ERROR - 2024-02-06 22:27:18 --> Unknown column 'satuan.id_satuan' in 'where clause'
CRITICAL - 2024-02-06 22:27:18 --> Unknown column 'satuan.id_satuan' in 'where clause'
#0 C:\Users\Alam\Downloads\rev\system\Database\MySQLi\Connection.php(292): mysqli->query('SELECT *\nFROM `...', 0)
#1 C:\Users\Alam\Downloads\rev\system\Database\BaseConnection.php(670): CodeIgniter\Database\MySQLi\Connection->execute('SELECT *\nFROM `...')
#2 C:\Users\Alam\Downloads\rev\system\Database\BaseConnection.php(598): CodeIgniter\Database\BaseConnection->simpleQuery('SELECT *\nFROM `...')
#3 C:\Users\Alam\Downloads\rev\system\Database\BaseBuilder.php(1455): CodeIgniter\Database\BaseConnection->query('SELECT *\nFROM `...', Array, false)
#4 C:\Users\Alam\Downloads\rev\system\Model.php(142): CodeIgniter\Database\BaseBuilder->get()
#5 C:\Users\Alam\Downloads\rev\system\BaseModel.php(523): CodeIgniter\Model->doFind(true, '1')
#6 C:\Users\Alam\Downloads\rev\app\Controllers\Admin.php(304): CodeIgniter\BaseModel->find('1')
#7 C:\Users\Alam\Downloads\rev\system\CodeIgniter.php(832): App\Controllers\Admin->satuan_edit('1')
#8 C:\Users\Alam\Downloads\rev\system\CodeIgniter.php(419): CodeIgniter\CodeIgniter->runController(Object(App\Controllers\Admin))
#9 C:\Users\Alam\Downloads\rev\system\CodeIgniter.php(326): CodeIgniter\CodeIgniter->handleRequest(NULL, Object(Config\Cache), false)
#10 C:\Users\Alam\Downloads\rev\public\index.php(37): CodeIgniter\CodeIgniter->run()
#11 C:\Users\Alam\Downloads\rev\system\Commands\Server\rewrite.php(43): require_once('C:\\Users\\Alam\\D...')
#12 {main}
CRITICAL - 2024-02-06 23:02:55 --> Undefined array key "id_satuan"
#0 C:\Users\Alam\Downloads\rev\app\Controllers\Admin.php(832): CodeIgniter\Debug\Exceptions->errorHandler(2, 'Undefined array...', 'C:\\Users\\Alam\\D...', 832)
#1 C:\Users\Alam\Downloads\rev\system\CodeIgniter.php(832): App\Controllers\Admin->add_data()
#2 C:\Users\Alam\Downloads\rev\system\CodeIgniter.php(419): CodeIgniter\CodeIgniter->runController(Object(App\Controllers\Admin))
#3 C:\Users\Alam\Downloads\rev\system\CodeIgniter.php(326): CodeIgniter\CodeIgniter->handleRequest(NULL, Object(Config\Cache), false)
#4 C:\Users\Alam\Downloads\rev\public\index.php(37): CodeIgniter\CodeIgniter->run()
#5 C:\Users\Alam\Downloads\rev\system\Commands\Server\rewrite.php(43): require_once('C:\\Users\\Alam\\D...')
#6 {main}
CRITICAL - 2024-02-06 23:09:19 --> Undefined array key "satuan_barang"
#0 C:\Users\Alam\Downloads\rev\app\Controllers\Admin.php(817): CodeIgniter\Debug\Exceptions->errorHandler(2, 'Undefined array...', 'C:\\Users\\Alam\\D...', 817)
#1 C:\Users\Alam\Downloads\rev\system\CodeIgniter.php(832): App\Controllers\Admin->add_data()
#2 C:\Users\Alam\Downloads\rev\system\CodeIgniter.php(419): CodeIgniter\CodeIgniter->runController(Object(App\Controllers\Admin))
#3 C:\Users\Alam\Downloads\rev\system\CodeIgniter.php(326): CodeIgniter\CodeIgniter->handleRequest(NULL, Object(Config\Cache), false)
#4 C:\Users\Alam\Downloads\rev\public\index.php(37): CodeIgniter\CodeIgniter->run()
#5 C:\Users\Alam\Downloads\rev\system\Commands\Server\rewrite.php(43): require_once('C:\\Users\\Alam\\D...')
#6 {main}
CRITICAL - 2024-02-06 23:12:09 --> Undefined array key "satuan_barang"
#0 C:\Users\Alam\Downloads\rev\app\Views\Admin\Inventaris\Index.php(76): CodeIgniter\Debug\Exceptions->errorHandler(2, 'Undefined array...', 'C:\\Users\\Alam\\D...', 76)
#1 C:\Users\Alam\Downloads\rev\system\View\View.php(210): include('C:\\Users\\Alam\\D...')
#2 C:\Users\Alam\Downloads\rev\system\View\View.php(213): CodeIgniter\View\View->CodeIgniter\View\{closure}()
#3 C:\Users\Alam\Downloads\rev\system\Common.php(1089): CodeIgniter\View\View->render('Admin/Inventari...', Array, true)
#4 C:\Users\Alam\Downloads\rev\app\Controllers\Admin.php(428): view('Admin/Inventari...', Array)
#5 C:\Users\Alam\Downloads\rev\system\CodeIgniter.php(832): App\Controllers\Admin->adm_inventaris()
#6 C:\Users\Alam\Downloads\rev\system\CodeIgniter.php(419): CodeIgniter\CodeIgniter->runController(Object(App\Controllers\Admin))
#7 C:\Users\Alam\Downloads\rev\system\CodeIgniter.php(326): CodeIgniter\CodeIgniter->handleRequest(NULL, Object(Config\Cache), false)
#8 C:\Users\Alam\Downloads\rev\public\index.php(37): CodeIgniter\CodeIgniter->run()
#9 C:\Users\Alam\Downloads\rev\system\Commands\Server\rewrite.php(43): require_once('C:\\Users\\Alam\\D...')
#10 {main}
CRITICAL - 2024-02-06 23:12:41 --> Undefined array key "nam_satuan"
#0 C:\Users\Alam\Downloads\rev\app\Views\Admin\Inventaris\Index.php(78): CodeIgniter\Debug\Exceptions->errorHandler(2, 'Undefined array...', 'C:\\Users\\Alam\\D...', 78)
#1 C:\Users\Alam\Downloads\rev\system\View\View.php(210): include('C:\\Users\\Alam\\D...')
#2 C:\Users\Alam\Downloads\rev\system\View\View.php(213): CodeIgniter\View\View->CodeIgniter\View\{closure}()
#3 C:\Users\Alam\Downloads\rev\system\Common.php(1089): CodeIgniter\View\View->render('Admin/Inventari...', Array, true)
#4 C:\Users\Alam\Downloads\rev\app\Controllers\Admin.php(428): view('Admin/Inventari...', Array)
#5 C:\Users\Alam\Downloads\rev\system\CodeIgniter.php(832): App\Controllers\Admin->adm_inventaris()
#6 C:\Users\Alam\Downloads\rev\system\CodeIgniter.php(419): CodeIgniter\CodeIgniter->runController(Object(App\Controllers\Admin))
#7 C:\Users\Alam\Downloads\rev\system\CodeIgniter.php(326): CodeIgniter\CodeIgniter->handleRequest(NULL, Object(Config\Cache), false)
#8 C:\Users\Alam\Downloads\rev\public\index.php(37): CodeIgniter\CodeIgniter->run()
#9 C:\Users\Alam\Downloads\rev\system\Commands\Server\rewrite.php(43): require_once('C:\\Users\\Alam\\D...')
#10 {main}
CRITICAL - 2024-02-06 23:16:02 --> Call to undefined method App\Models\InventarisModel::joint
#0 C:\Users\Alam\Downloads\rev\app\Models\InventarisModel.php(41): CodeIgniter\Model->__call('joint', Array)
#1 C:\Users\Alam\Downloads\rev\app\Controllers\Admin.php(856): App\Models\InventarisModel->getInventaris('KD-202402061112...')
#2 C:\Users\Alam\Downloads\rev\system\CodeIgniter.php(832): App\Controllers\Admin->ubah('KD-202402061112...')
#3 C:\Users\Alam\Downloads\rev\system\CodeIgniter.php(419): CodeIgniter\CodeIgniter->runController(Object(App\Controllers\Admin))
#4 C:\Users\Alam\Downloads\rev\system\CodeIgniter.php(326): CodeIgniter\CodeIgniter->handleRequest(NULL, Object(Config\Cache), false)
#5 C:\Users\Alam\Downloads\rev\public\index.php(37): CodeIgniter\CodeIgniter->run()
#6 C:\Users\Alam\Downloads\rev\system\Commands\Server\rewrite.php(43): require_once('C:\\Users\\Alam\\D...')
#7 {main}
CRITICAL - 2024-02-06 23:17:56 --> Call to undefined method App\Models\InventarisModel::joint
#0 C:\Users\Alam\Downloads\rev\app\Models\InventarisModel.php(41): CodeIgniter\Model->__call('joint', Array)
#1 C:\Users\Alam\Downloads\rev\app\Controllers\Admin.php(856): App\Models\InventarisModel->getInventaris('KD-202402061112...')
#2 C:\Users\Alam\Downloads\rev\system\CodeIgniter.php(832): App\Controllers\Admin->ubah('KD-202402061112...')
#3 C:\Users\Alam\Downloads\rev\system\CodeIgniter.php(419): CodeIgniter\CodeIgniter->runController(Object(App\Controllers\Admin))
#4 C:\Users\Alam\Downloads\rev\system\CodeIgniter.php(326): CodeIgniter\CodeIgniter->handleRequest(NULL, Object(Config\Cache), false)
#5 C:\Users\Alam\Downloads\rev\public\index.php(37): CodeIgniter\CodeIgniter->run()
#6 C:\Users\Alam\Downloads\rev\system\Commands\Server\rewrite.php(43): require_once('C:\\Users\\Alam\\D...')
#7 {main}
