CRITICAL - 2024-10-02 08:05:26 --> Undefined array key "posyandu_id"
#0 C:\Users\E-RM7\Documents\GitHub\e-Posyandu\app\Views\Admin\Jadwal\Tambah.php(44): CodeIgniter\Debug\Exceptions->errorHandler(2, 'Undefined array...', 'C:\\Users\\E-RM7\\...', 44)
#1 C:\Users\E-RM7\Documents\GitHub\e-Posyandu\system\View\View.php(210): include('C:\\Users\\E-RM7\\...')
#2 C:\Users\E-RM7\Documents\GitHub\e-Posyandu\system\View\View.php(213): CodeIgniter\View\View->CodeIgniter\View\{closure}()
#3 C:\Users\E-RM7\Documents\GitHub\e-Posyandu\system\Common.php(1089): CodeIgniter\View\View->render('Admin/jadwal/ta...', Array, true)
#4 C:\Users\E-RM7\Documents\GitHub\e-Posyandu\app\Controllers\Admin.php(2461): view('Admin/jadwal/ta...', Array)
#5 C:\Users\E-RM7\Documents\GitHub\e-Posyandu\system\CodeIgniter.php(832): App\Controllers\Admin->tambahJadwalPosyandu()
#6 C:\Users\E-RM7\Documents\GitHub\e-Posyandu\system\CodeIgniter.php(419): CodeIgniter\CodeIgniter->runController(Object(App\Controllers\Admin))
#7 C:\Users\E-RM7\Documents\GitHub\e-Posyandu\system\CodeIgniter.php(326): CodeIgniter\CodeIgniter->handleRequest(NULL, Object(Config\Cache), false)
#8 C:\Users\E-RM7\Documents\GitHub\e-Posyandu\public\index.php(37): CodeIgniter\CodeIgniter->run()
#9 C:\Users\E-RM7\Documents\GitHub\e-Posyandu\system\Commands\Server\rewrite.php(43): require_once('C:\\Users\\E-RM7\\...')
#10 {main}
ERROR - 2024-10-02 08:15:57 --> Cannot add or update a child row: a foreign key constraint fails (`eposyandu`.`jadwal_imunisasi`, CONSTRAINT `fk_posyandu_jadwal` FOREIGN KEY (`posyandu_id`) REFERENCES `posyandu` (`id`) ON DELETE CASCADE ON UPDATE CASCADE)
CRITICAL - 2024-10-02 08:15:57 --> Cannot add or update a child row: a foreign key constraint fails (`eposyandu`.`jadwal_imunisasi`, CONSTRAINT `fk_posyandu_jadwal` FOREIGN KEY (`posyandu_id`) REFERENCES `posyandu` (`id`) ON DELETE CASCADE ON UPDATE CASCADE)
#0 C:\Users\E-RM7\Documents\GitHub\e-Posyandu\system\Database\MySQLi\Connection.php(292): mysqli->query('INSERT INTO `ja...', 0)
#1 C:\Users\E-RM7\Documents\GitHub\e-Posyandu\system\Database\BaseConnection.php(670): CodeIgniter\Database\MySQLi\Connection->execute('INSERT INTO `ja...')
#2 C:\Users\E-RM7\Documents\GitHub\e-Posyandu\system\Database\BaseConnection.php(598): CodeIgniter\Database\BaseConnection->simpleQuery('INSERT INTO `ja...')
#3 C:\Users\E-RM7\Documents\GitHub\e-Posyandu\system\Database\BaseBuilder.php(1771): CodeIgniter\Database\BaseConnection->query('INSERT INTO `ja...', Array, false)
#4 C:\Users\E-RM7\Documents\GitHub\e-Posyandu\system\Model.php(239): CodeIgniter\Database\BaseBuilder->insert()
#5 C:\Users\E-RM7\Documents\GitHub\e-Posyandu\system\BaseModel.php(738): CodeIgniter\Model->doInsert(Array)
#6 C:\Users\E-RM7\Documents\GitHub\e-Posyandu\system\Model.php(625): CodeIgniter\BaseModel->insert(Array, false)
#7 C:\Users\E-RM7\Documents\GitHub\e-Posyandu\system\BaseModel.php(658): CodeIgniter\Model->insert(Array, false)
#8 C:\Users\E-RM7\Documents\GitHub\e-Posyandu\app\Controllers\Admin.php(2484): CodeIgniter\BaseModel->save(Array)
#9 C:\Users\E-RM7\Documents\GitHub\e-Posyandu\system\CodeIgniter.php(832): App\Controllers\Admin->simpanJadwalPosyandu()
#10 C:\Users\E-RM7\Documents\GitHub\e-Posyandu\system\CodeIgniter.php(419): CodeIgniter\CodeIgniter->runController(Object(App\Controllers\Admin))
#11 C:\Users\E-RM7\Documents\GitHub\e-Posyandu\system\CodeIgniter.php(326): CodeIgniter\CodeIgniter->handleRequest(NULL, Object(Config\Cache), false)
#12 C:\Users\E-RM7\Documents\GitHub\e-Posyandu\public\index.php(37): CodeIgniter\CodeIgniter->run()
#13 C:\Users\E-RM7\Documents\GitHub\e-Posyandu\system\Commands\Server\rewrite.php(43): require_once('C:\\Users\\E-RM7\\...')
#14 {main}
CRITICAL - 2024-10-02 08:16:52 --> Undefined array key "kader_posyandu"
#0 C:\Users\E-RM7\Documents\GitHub\e-Posyandu\app\Controllers\Admin.php(2411): CodeIgniter\Debug\Exceptions->errorHandler(2, 'Undefined array...', 'C:\\Users\\E-RM7\\...', 2411)
#1 C:\Users\E-RM7\Documents\GitHub\e-Posyandu\system\CodeIgniter.php(832): App\Controllers\Admin->Jadwal()
#2 C:\Users\E-RM7\Documents\GitHub\e-Posyandu\system\CodeIgniter.php(419): CodeIgniter\CodeIgniter->runController(Object(App\Controllers\Admin))
#3 C:\Users\E-RM7\Documents\GitHub\e-Posyandu\system\CodeIgniter.php(326): CodeIgniter\CodeIgniter->handleRequest(NULL, Object(Config\Cache), false)
#4 C:\Users\E-RM7\Documents\GitHub\e-Posyandu\public\index.php(37): CodeIgniter\CodeIgniter->run()
#5 C:\Users\E-RM7\Documents\GitHub\e-Posyandu\system\Commands\Server\rewrite.php(43): require_once('C:\\Users\\E-RM7\\...')
#6 {main}
CRITICAL - 2024-10-02 08:17:21 --> Undefined array key "nama_posyandu"
#0 C:\Users\E-RM7\Documents\GitHub\e-Posyandu\app\Views\Admin\Jadwal\Index.php(35): CodeIgniter\Debug\Exceptions->errorHandler(2, 'Undefined array...', 'C:\\Users\\E-RM7\\...', 35)
#1 C:\Users\E-RM7\Documents\GitHub\e-Posyandu\system\View\View.php(210): include('C:\\Users\\E-RM7\\...')
#2 C:\Users\E-RM7\Documents\GitHub\e-Posyandu\system\View\View.php(213): CodeIgniter\View\View->CodeIgniter\View\{closure}()
#3 C:\Users\E-RM7\Documents\GitHub\e-Posyandu\system\Common.php(1089): CodeIgniter\View\View->render('admin/jadwal/in...', Array, true)
#4 C:\Users\E-RM7\Documents\GitHub\e-Posyandu\app\Controllers\Admin.php(2425): view('admin/jadwal/in...', Array)
#5 C:\Users\E-RM7\Documents\GitHub\e-Posyandu\system\CodeIgniter.php(832): App\Controllers\Admin->Jadwal()
#6 C:\Users\E-RM7\Documents\GitHub\e-Posyandu\system\CodeIgniter.php(419): CodeIgniter\CodeIgniter->runController(Object(App\Controllers\Admin))
#7 C:\Users\E-RM7\Documents\GitHub\e-Posyandu\system\CodeIgniter.php(326): CodeIgniter\CodeIgniter->handleRequest(NULL, Object(Config\Cache), false)
#8 C:\Users\E-RM7\Documents\GitHub\e-Posyandu\public\index.php(37): CodeIgniter\CodeIgniter->run()
#9 C:\Users\E-RM7\Documents\GitHub\e-Posyandu\system\Commands\Server\rewrite.php(43): require_once('C:\\Users\\E-RM7\\...')
#10 {main}
CRITICAL - 2024-10-02 08:17:44 --> Undefined array key "nama_posyandu"
#0 C:\Users\E-RM7\Documents\GitHub\e-Posyandu\app\Views\Admin\Jadwal\Index.php(35): CodeIgniter\Debug\Exceptions->errorHandler(2, 'Undefined array...', 'C:\\Users\\E-RM7\\...', 35)
#1 C:\Users\E-RM7\Documents\GitHub\e-Posyandu\system\View\View.php(210): include('C:\\Users\\E-RM7\\...')
#2 C:\Users\E-RM7\Documents\GitHub\e-Posyandu\system\View\View.php(213): CodeIgniter\View\View->CodeIgniter\View\{closure}()
#3 C:\Users\E-RM7\Documents\GitHub\e-Posyandu\system\Common.php(1089): CodeIgniter\View\View->render('admin/jadwal/in...', Array, true)
#4 C:\Users\E-RM7\Documents\GitHub\e-Posyandu\app\Controllers\Admin.php(2425): view('admin/jadwal/in...', Array)
#5 C:\Users\E-RM7\Documents\GitHub\e-Posyandu\system\CodeIgniter.php(832): App\Controllers\Admin->Jadwal()
#6 C:\Users\E-RM7\Documents\GitHub\e-Posyandu\system\CodeIgniter.php(419): CodeIgniter\CodeIgniter->runController(Object(App\Controllers\Admin))
#7 C:\Users\E-RM7\Documents\GitHub\e-Posyandu\system\CodeIgniter.php(326): CodeIgniter\CodeIgniter->handleRequest(NULL, Object(Config\Cache), false)
#8 C:\Users\E-RM7\Documents\GitHub\e-Posyandu\public\index.php(37): CodeIgniter\CodeIgniter->run()
#9 C:\Users\E-RM7\Documents\GitHub\e-Posyandu\system\Commands\Server\rewrite.php(43): require_once('C:\\Users\\E-RM7\\...')
#10 {main}
CRITICAL - 2024-10-02 08:17:50 --> Undefined array key "nama_posyandu"
#0 C:\Users\E-RM7\Documents\GitHub\e-Posyandu\app\Views\Admin\Jadwal\Index.php(35): CodeIgniter\Debug\Exceptions->errorHandler(2, 'Undefined array...', 'C:\\Users\\E-RM7\\...', 35)
#1 C:\Users\E-RM7\Documents\GitHub\e-Posyandu\system\View\View.php(210): include('C:\\Users\\E-RM7\\...')
#2 C:\Users\E-RM7\Documents\GitHub\e-Posyandu\system\View\View.php(213): CodeIgniter\View\View->CodeIgniter\View\{closure}()
#3 C:\Users\E-RM7\Documents\GitHub\e-Posyandu\system\Common.php(1089): CodeIgniter\View\View->render('admin/jadwal/in...', Array, true)
#4 C:\Users\E-RM7\Documents\GitHub\e-Posyandu\app\Controllers\Admin.php(2425): view('admin/jadwal/in...', Array)
#5 C:\Users\E-RM7\Documents\GitHub\e-Posyandu\system\CodeIgniter.php(832): App\Controllers\Admin->Jadwal()
#6 C:\Users\E-RM7\Documents\GitHub\e-Posyandu\system\CodeIgniter.php(419): CodeIgniter\CodeIgniter->runController(Object(App\Controllers\Admin))
#7 C:\Users\E-RM7\Documents\GitHub\e-Posyandu\system\CodeIgniter.php(326): CodeIgniter\CodeIgniter->handleRequest(NULL, Object(Config\Cache), false)
#8 C:\Users\E-RM7\Documents\GitHub\e-Posyandu\public\index.php(37): CodeIgniter\CodeIgniter->run()
#9 C:\Users\E-RM7\Documents\GitHub\e-Posyandu\system\Commands\Server\rewrite.php(43): require_once('C:\\Users\\E-RM7\\...')
#10 {main}
CRITICAL - 2024-10-02 08:20:22 --> Undefined array key "alamat"
#0 C:\Users\E-RM7\Documents\GitHub\e-Posyandu\app\Views\Admin\Jadwal\Index.php(51): CodeIgniter\Debug\Exceptions->errorHandler(2, 'Undefined array...', 'C:\\Users\\E-RM7\\...', 51)
#1 C:\Users\E-RM7\Documents\GitHub\e-Posyandu\system\View\View.php(210): include('C:\\Users\\E-RM7\\...')
#2 C:\Users\E-RM7\Documents\GitHub\e-Posyandu\system\View\View.php(213): CodeIgniter\View\View->CodeIgniter\View\{closure}()
#3 C:\Users\E-RM7\Documents\GitHub\e-Posyandu\system\Common.php(1089): CodeIgniter\View\View->render('admin/jadwal/in...', Array, true)
#4 C:\Users\E-RM7\Documents\GitHub\e-Posyandu\app\Controllers\Admin.php(2417): view('admin/jadwal/in...', Array)
#5 C:\Users\E-RM7\Documents\GitHub\e-Posyandu\system\CodeIgniter.php(832): App\Controllers\Admin->Jadwal()
#6 C:\Users\E-RM7\Documents\GitHub\e-Posyandu\system\CodeIgniter.php(419): CodeIgniter\CodeIgniter->runController(Object(App\Controllers\Admin))
#7 C:\Users\E-RM7\Documents\GitHub\e-Posyandu\system\CodeIgniter.php(326): CodeIgniter\CodeIgniter->handleRequest(NULL, Object(Config\Cache), false)
#8 C:\Users\E-RM7\Documents\GitHub\e-Posyandu\public\index.php(37): CodeIgniter\CodeIgniter->run()
#9 C:\Users\E-RM7\Documents\GitHub\e-Posyandu\system\Commands\Server\rewrite.php(43): require_once('C:\\Users\\E-RM7\\...')
#10 {main}
ERROR - 2024-10-02 08:22:42 --> Unknown table 'jadwal'
CRITICAL - 2024-10-02 08:22:42 --> Unknown table 'jadwal'
#0 C:\Users\E-RM7\Documents\GitHub\e-Posyandu\system\Database\MySQLi\Connection.php(292): mysqli->query('SELECT `jadwal`...', 0)
#1 C:\Users\E-RM7\Documents\GitHub\e-Posyandu\system\Database\BaseConnection.php(670): CodeIgniter\Database\MySQLi\Connection->execute('SELECT `jadwal`...')
#2 C:\Users\E-RM7\Documents\GitHub\e-Posyandu\system\Database\BaseConnection.php(598): CodeIgniter\Database\BaseConnection->simpleQuery('SELECT `jadwal`...')
#3 C:\Users\E-RM7\Documents\GitHub\e-Posyandu\system\Database\BaseBuilder.php(1455): CodeIgniter\Database\BaseConnection->query('SELECT `jadwal`...', Array, false)
#4 C:\Users\E-RM7\Documents\GitHub\e-Posyandu\system\Model.php(183): CodeIgniter\Database\BaseBuilder->get()
#5 C:\Users\E-RM7\Documents\GitHub\e-Posyandu\system\BaseModel.php(584): CodeIgniter\Model->doFindAll(0, 0)
#6 C:\Users\E-RM7\Documents\GitHub\e-Posyandu\app\Controllers\Admin.php(2411): CodeIgniter\BaseModel->findAll()
#7 C:\Users\E-RM7\Documents\GitHub\e-Posyandu\system\CodeIgniter.php(832): App\Controllers\Admin->Jadwal()
#8 C:\Users\E-RM7\Documents\GitHub\e-Posyandu\system\CodeIgniter.php(419): CodeIgniter\CodeIgniter->runController(Object(App\Controllers\Admin))
#9 C:\Users\E-RM7\Documents\GitHub\e-Posyandu\system\CodeIgniter.php(326): CodeIgniter\CodeIgniter->handleRequest(NULL, Object(Config\Cache), false)
#10 C:\Users\E-RM7\Documents\GitHub\e-Posyandu\public\index.php(37): CodeIgniter\CodeIgniter->run()
#11 C:\Users\E-RM7\Documents\GitHub\e-Posyandu\system\Commands\Server\rewrite.php(43): require_once('C:\\Users\\E-RM7\\...')
#12 {main}
ERROR - 2024-10-02 08:22:57 --> Unknown column 'posyandu.alamat' in 'field list'
CRITICAL - 2024-10-02 08:22:57 --> Unknown column 'posyandu.alamat' in 'field list'
#0 C:\Users\E-RM7\Documents\GitHub\e-Posyandu\system\Database\MySQLi\Connection.php(292): mysqli->query('SELECT `jadwal_...', 0)
#1 C:\Users\E-RM7\Documents\GitHub\e-Posyandu\system\Database\BaseConnection.php(670): CodeIgniter\Database\MySQLi\Connection->execute('SELECT `jadwal_...')
#2 C:\Users\E-RM7\Documents\GitHub\e-Posyandu\system\Database\BaseConnection.php(598): CodeIgniter\Database\BaseConnection->simpleQuery('SELECT `jadwal_...')
#3 C:\Users\E-RM7\Documents\GitHub\e-Posyandu\system\Database\BaseBuilder.php(1455): CodeIgniter\Database\BaseConnection->query('SELECT `jadwal_...', Array, false)
#4 C:\Users\E-RM7\Documents\GitHub\e-Posyandu\system\Model.php(183): CodeIgniter\Database\BaseBuilder->get()
#5 C:\Users\E-RM7\Documents\GitHub\e-Posyandu\system\BaseModel.php(584): CodeIgniter\Model->doFindAll(0, 0)
#6 C:\Users\E-RM7\Documents\GitHub\e-Posyandu\app\Controllers\Admin.php(2411): CodeIgniter\BaseModel->findAll()
#7 C:\Users\E-RM7\Documents\GitHub\e-Posyandu\system\CodeIgniter.php(832): App\Controllers\Admin->Jadwal()
#8 C:\Users\E-RM7\Documents\GitHub\e-Posyandu\system\CodeIgniter.php(419): CodeIgniter\CodeIgniter->runController(Object(App\Controllers\Admin))
#9 C:\Users\E-RM7\Documents\GitHub\e-Posyandu\system\CodeIgniter.php(326): CodeIgniter\CodeIgniter->handleRequest(NULL, Object(Config\Cache), false)
#10 C:\Users\E-RM7\Documents\GitHub\e-Posyandu\public\index.php(37): CodeIgniter\CodeIgniter->run()
#11 C:\Users\E-RM7\Documents\GitHub\e-Posyandu\system\Commands\Server\rewrite.php(43): require_once('C:\\Users\\E-RM7\\...')
#12 {main}
ERROR - 2024-10-02 08:23:06 --> Unknown column 'jadwal.kader_id' in 'on clause'
CRITICAL - 2024-10-02 08:23:06 --> Unknown column 'jadwal.kader_id' in 'on clause'
#0 C:\Users\E-RM7\Documents\GitHub\e-Posyandu\system\Database\MySQLi\Connection.php(292): mysqli->query('SELECT `jadwal_...', 0)
#1 C:\Users\E-RM7\Documents\GitHub\e-Posyandu\system\Database\BaseConnection.php(670): CodeIgniter\Database\MySQLi\Connection->execute('SELECT `jadwal_...')
#2 C:\Users\E-RM7\Documents\GitHub\e-Posyandu\system\Database\BaseConnection.php(598): CodeIgniter\Database\BaseConnection->simpleQuery('SELECT `jadwal_...')
#3 C:\Users\E-RM7\Documents\GitHub\e-Posyandu\system\Database\BaseBuilder.php(1455): CodeIgniter\Database\BaseConnection->query('SELECT `jadwal_...', Array, false)
#4 C:\Users\E-RM7\Documents\GitHub\e-Posyandu\system\Model.php(183): CodeIgniter\Database\BaseBuilder->get()
#5 C:\Users\E-RM7\Documents\GitHub\e-Posyandu\system\BaseModel.php(584): CodeIgniter\Model->doFindAll(0, 0)
#6 C:\Users\E-RM7\Documents\GitHub\e-Posyandu\app\Controllers\Admin.php(2411): CodeIgniter\BaseModel->findAll()
#7 C:\Users\E-RM7\Documents\GitHub\e-Posyandu\system\CodeIgniter.php(832): App\Controllers\Admin->Jadwal()
#8 C:\Users\E-RM7\Documents\GitHub\e-Posyandu\system\CodeIgniter.php(419): CodeIgniter\CodeIgniter->runController(Object(App\Controllers\Admin))
#9 C:\Users\E-RM7\Documents\GitHub\e-Posyandu\system\CodeIgniter.php(326): CodeIgniter\CodeIgniter->handleRequest(NULL, Object(Config\Cache), false)
#10 C:\Users\E-RM7\Documents\GitHub\e-Posyandu\public\index.php(37): CodeIgniter\CodeIgniter->run()
#11 C:\Users\E-RM7\Documents\GitHub\e-Posyandu\system\Commands\Server\rewrite.php(43): require_once('C:\\Users\\E-RM7\\...')
#12 {main}
ERROR - 2024-10-02 08:23:15 --> Unknown column 'jadwal.kader_posyandu' in 'on clause'
CRITICAL - 2024-10-02 08:23:15 --> Unknown column 'jadwal.kader_posyandu' in 'on clause'
#0 C:\Users\E-RM7\Documents\GitHub\e-Posyandu\system\Database\MySQLi\Connection.php(292): mysqli->query('SELECT `jadwal_...', 0)
#1 C:\Users\E-RM7\Documents\GitHub\e-Posyandu\system\Database\BaseConnection.php(670): CodeIgniter\Database\MySQLi\Connection->execute('SELECT `jadwal_...')
#2 C:\Users\E-RM7\Documents\GitHub\e-Posyandu\system\Database\BaseConnection.php(598): CodeIgniter\Database\BaseConnection->simpleQuery('SELECT `jadwal_...')
#3 C:\Users\E-RM7\Documents\GitHub\e-Posyandu\system\Database\BaseBuilder.php(1455): CodeIgniter\Database\BaseConnection->query('SELECT `jadwal_...', Array, false)
#4 C:\Users\E-RM7\Documents\GitHub\e-Posyandu\system\Model.php(183): CodeIgniter\Database\BaseBuilder->get()
#5 C:\Users\E-RM7\Documents\GitHub\e-Posyandu\system\BaseModel.php(584): CodeIgniter\Model->doFindAll(0, 0)
#6 C:\Users\E-RM7\Documents\GitHub\e-Posyandu\app\Controllers\Admin.php(2411): CodeIgniter\BaseModel->findAll()
#7 C:\Users\E-RM7\Documents\GitHub\e-Posyandu\system\CodeIgniter.php(832): App\Controllers\Admin->Jadwal()
#8 C:\Users\E-RM7\Documents\GitHub\e-Posyandu\system\CodeIgniter.php(419): CodeIgniter\CodeIgniter->runController(Object(App\Controllers\Admin))
#9 C:\Users\E-RM7\Documents\GitHub\e-Posyandu\system\CodeIgniter.php(326): CodeIgniter\CodeIgniter->handleRequest(NULL, Object(Config\Cache), false)
#10 C:\Users\E-RM7\Documents\GitHub\e-Posyandu\public\index.php(37): CodeIgniter\CodeIgniter->run()
#11 C:\Users\E-RM7\Documents\GitHub\e-Posyandu\system\Commands\Server\rewrite.php(43): require_once('C:\\Users\\E-RM7\\...')
#12 {main}
ERROR - 2024-10-02 08:23:39 --> Unknown column 'jadwal_imunisasi.kader_posyandu' in 'on clause'
CRITICAL - 2024-10-02 08:23:39 --> Unknown column 'jadwal_imunisasi.kader_posyandu' in 'on clause'
#0 C:\Users\E-RM7\Documents\GitHub\e-Posyandu\system\Database\MySQLi\Connection.php(292): mysqli->query('SELECT `jadwal_...', 0)
#1 C:\Users\E-RM7\Documents\GitHub\e-Posyandu\system\Database\BaseConnection.php(670): CodeIgniter\Database\MySQLi\Connection->execute('SELECT `jadwal_...')
#2 C:\Users\E-RM7\Documents\GitHub\e-Posyandu\system\Database\BaseConnection.php(598): CodeIgniter\Database\BaseConnection->simpleQuery('SELECT `jadwal_...')
#3 C:\Users\E-RM7\Documents\GitHub\e-Posyandu\system\Database\BaseBuilder.php(1455): CodeIgniter\Database\BaseConnection->query('SELECT `jadwal_...', Array, false)
#4 C:\Users\E-RM7\Documents\GitHub\e-Posyandu\system\Model.php(183): CodeIgniter\Database\BaseBuilder->get()
#5 C:\Users\E-RM7\Documents\GitHub\e-Posyandu\system\BaseModel.php(584): CodeIgniter\Model->doFindAll(0, 0)
#6 C:\Users\E-RM7\Documents\GitHub\e-Posyandu\app\Controllers\Admin.php(2411): CodeIgniter\BaseModel->findAll()
#7 C:\Users\E-RM7\Documents\GitHub\e-Posyandu\system\CodeIgniter.php(832): App\Controllers\Admin->Jadwal()
#8 C:\Users\E-RM7\Documents\GitHub\e-Posyandu\system\CodeIgniter.php(419): CodeIgniter\CodeIgniter->runController(Object(App\Controllers\Admin))
#9 C:\Users\E-RM7\Documents\GitHub\e-Posyandu\system\CodeIgniter.php(326): CodeIgniter\CodeIgniter->handleRequest(NULL, Object(Config\Cache), false)
#10 C:\Users\E-RM7\Documents\GitHub\e-Posyandu\public\index.php(37): CodeIgniter\CodeIgniter->run()
#11 C:\Users\E-RM7\Documents\GitHub\e-Posyandu\system\Commands\Server\rewrite.php(43): require_once('C:\\Users\\E-RM7\\...')
#12 {main}
CRITICAL - 2024-10-02 08:23:59 --> Undefined array key "alamat"
#0 C:\Users\E-RM7\Documents\GitHub\e-Posyandu\app\Views\Admin\Jadwal\Index.php(36): CodeIgniter\Debug\Exceptions->errorHandler(2, 'Undefined array...', 'C:\\Users\\E-RM7\\...', 36)
#1 C:\Users\E-RM7\Documents\GitHub\e-Posyandu\system\View\View.php(210): include('C:\\Users\\E-RM7\\...')
#2 C:\Users\E-RM7\Documents\GitHub\e-Posyandu\system\View\View.php(213): CodeIgniter\View\View->CodeIgniter\View\{closure}()
#3 C:\Users\E-RM7\Documents\GitHub\e-Posyandu\system\Common.php(1089): CodeIgniter\View\View->render('admin/jadwal/in...', Array, true)
#4 C:\Users\E-RM7\Documents\GitHub\e-Posyandu\app\Controllers\Admin.php(2415): view('admin/jadwal/in...', Array)
#5 C:\Users\E-RM7\Documents\GitHub\e-Posyandu\system\CodeIgniter.php(832): App\Controllers\Admin->Jadwal()
#6 C:\Users\E-RM7\Documents\GitHub\e-Posyandu\system\CodeIgniter.php(419): CodeIgniter\CodeIgniter->runController(Object(App\Controllers\Admin))
#7 C:\Users\E-RM7\Documents\GitHub\e-Posyandu\system\CodeIgniter.php(326): CodeIgniter\CodeIgniter->handleRequest(NULL, Object(Config\Cache), false)
#8 C:\Users\E-RM7\Documents\GitHub\e-Posyandu\public\index.php(37): CodeIgniter\CodeIgniter->run()
#9 C:\Users\E-RM7\Documents\GitHub\e-Posyandu\system\Commands\Server\rewrite.php(43): require_once('C:\\Users\\E-RM7\\...')
#10 {main}
CRITICAL - 2024-10-02 08:28:30 --> Undefined array key "kader_posyandu"
#0 C:\Users\E-RM7\Documents\GitHub\e-Posyandu\app\Controllers\Home.php(32): CodeIgniter\Debug\Exceptions->errorHandler(2, 'Undefined array...', 'C:\\Users\\E-RM7\\...', 32)
#1 C:\Users\E-RM7\Documents\GitHub\e-Posyandu\system\CodeIgniter.php(832): App\Controllers\Home->index()
#2 C:\Users\E-RM7\Documents\GitHub\e-Posyandu\system\CodeIgniter.php(419): CodeIgniter\CodeIgniter->runController(Object(App\Controllers\Home))
#3 C:\Users\E-RM7\Documents\GitHub\e-Posyandu\system\CodeIgniter.php(326): CodeIgniter\CodeIgniter->handleRequest(NULL, Object(Config\Cache), false)
#4 C:\Users\E-RM7\Documents\GitHub\e-Posyandu\public\index.php(37): CodeIgniter\CodeIgniter->run()
#5 C:\Users\E-RM7\Documents\GitHub\e-Posyandu\system\Commands\Server\rewrite.php(43): require_once('C:\\Users\\E-RM7\\...')
#6 {main}
CRITICAL - 2024-10-02 08:29:10 --> Class "App\Controllers\PosyanduModel" not found
#0 C:\Users\E-RM7\Documents\GitHub\e-Posyandu\system\CodeIgniter.php(832): App\Controllers\Home->index()
#1 C:\Users\E-RM7\Documents\GitHub\e-Posyandu\system\CodeIgniter.php(419): CodeIgniter\CodeIgniter->runController(Object(App\Controllers\Home))
#2 C:\Users\E-RM7\Documents\GitHub\e-Posyandu\system\CodeIgniter.php(326): CodeIgniter\CodeIgniter->handleRequest(NULL, Object(Config\Cache), false)
#3 C:\Users\E-RM7\Documents\GitHub\e-Posyandu\public\index.php(37): CodeIgniter\CodeIgniter->run()
#4 C:\Users\E-RM7\Documents\GitHub\e-Posyandu\system\Commands\Server\rewrite.php(43): require_once('C:\\Users\\E-RM7\\...')
#5 {main}
CRITICAL - 2024-10-02 08:29:35 --> Undefined variable $jadwal
#0 C:\Users\E-RM7\Documents\GitHub\e-Posyandu\app\Controllers\Home.php(38): CodeIgniter\Debug\Exceptions->errorHandler(2, 'Undefined varia...', 'C:\\Users\\E-RM7\\...', 38)
#1 C:\Users\E-RM7\Documents\GitHub\e-Posyandu\system\CodeIgniter.php(832): App\Controllers\Home->index()
#2 C:\Users\E-RM7\Documents\GitHub\e-Posyandu\system\CodeIgniter.php(419): CodeIgniter\CodeIgniter->runController(Object(App\Controllers\Home))
#3 C:\Users\E-RM7\Documents\GitHub\e-Posyandu\system\CodeIgniter.php(326): CodeIgniter\CodeIgniter->handleRequest(NULL, Object(Config\Cache), false)
#4 C:\Users\E-RM7\Documents\GitHub\e-Posyandu\public\index.php(37): CodeIgniter\CodeIgniter->run()
#5 C:\Users\E-RM7\Documents\GitHub\e-Posyandu\system\Commands\Server\rewrite.php(43): require_once('C:\\Users\\E-RM7\\...')
#6 {main}
CRITICAL - 2024-10-02 08:29:55 --> Undefined variable $jadwal
#0 C:\Users\E-RM7\Documents\GitHub\e-Posyandu\app\Views\page\templates\content.php(123): CodeIgniter\Debug\Exceptions->errorHandler(2, 'Undefined varia...', 'C:\\Users\\E-RM7\\...', 123)
#1 C:\Users\E-RM7\Documents\GitHub\e-Posyandu\system\View\View.php(210): include('C:\\Users\\E-RM7\\...')
#2 C:\Users\E-RM7\Documents\GitHub\e-Posyandu\system\View\View.php(213): CodeIgniter\View\View->CodeIgniter\View\{closure}()
#3 C:\Users\E-RM7\Documents\GitHub\e-Posyandu\system\Common.php(1089): CodeIgniter\View\View->render('page/templates/...', Array, true)
#4 C:\Users\E-RM7\Documents\GitHub\e-Posyandu\app\Controllers\Home.php(43): view('page/templates/...', Array)
#5 C:\Users\E-RM7\Documents\GitHub\e-Posyandu\system\CodeIgniter.php(832): App\Controllers\Home->index()
#6 C:\Users\E-RM7\Documents\GitHub\e-Posyandu\system\CodeIgniter.php(419): CodeIgniter\CodeIgniter->runController(Object(App\Controllers\Home))
#7 C:\Users\E-RM7\Documents\GitHub\e-Posyandu\system\CodeIgniter.php(326): CodeIgniter\CodeIgniter->handleRequest(NULL, Object(Config\Cache), false)
#8 C:\Users\E-RM7\Documents\GitHub\e-Posyandu\public\index.php(37): CodeIgniter\CodeIgniter->run()
#9 C:\Users\E-RM7\Documents\GitHub\e-Posyandu\system\Commands\Server\rewrite.php(43): require_once('C:\\Users\\E-RM7\\...')
#10 {main}
CRITICAL - 2024-10-02 08:30:31 --> Undefined variable $data
#0 C:\Users\E-RM7\Documents\GitHub\e-Posyandu\app\Views\page\templates\content.php(123): CodeIgniter\Debug\Exceptions->errorHandler(2, 'Undefined varia...', 'C:\\Users\\E-RM7\\...', 123)
#1 C:\Users\E-RM7\Documents\GitHub\e-Posyandu\system\View\View.php(210): include('C:\\Users\\E-RM7\\...')
#2 C:\Users\E-RM7\Documents\GitHub\e-Posyandu\system\View\View.php(213): CodeIgniter\View\View->CodeIgniter\View\{closure}()
#3 C:\Users\E-RM7\Documents\GitHub\e-Posyandu\system\Common.php(1089): CodeIgniter\View\View->render('page/templates/...', Array, true)
#4 C:\Users\E-RM7\Documents\GitHub\e-Posyandu\app\Controllers\Home.php(43): view('page/templates/...', Array)
#5 C:\Users\E-RM7\Documents\GitHub\e-Posyandu\system\CodeIgniter.php(832): App\Controllers\Home->index()
#6 C:\Users\E-RM7\Documents\GitHub\e-Posyandu\system\CodeIgniter.php(419): CodeIgniter\CodeIgniter->runController(Object(App\Controllers\Home))
#7 C:\Users\E-RM7\Documents\GitHub\e-Posyandu\system\CodeIgniter.php(326): CodeIgniter\CodeIgniter->handleRequest(NULL, Object(Config\Cache), false)
#8 C:\Users\E-RM7\Documents\GitHub\e-Posyandu\public\index.php(37): CodeIgniter\CodeIgniter->run()
#9 C:\Users\E-RM7\Documents\GitHub\e-Posyandu\system\Commands\Server\rewrite.php(43): require_once('C:\\Users\\E-RM7\\...')
#10 {main}
CRITICAL - 2024-10-02 08:32:18 --> Undefined array key "bidan"
#0 C:\Users\E-RM7\Documents\GitHub\e-Posyandu\app\Views\page\templates\content.php(136): CodeIgniter\Debug\Exceptions->errorHandler(2, 'Undefined array...', 'C:\\Users\\E-RM7\\...', 136)
#1 C:\Users\E-RM7\Documents\GitHub\e-Posyandu\system\View\View.php(210): include('C:\\Users\\E-RM7\\...')
#2 C:\Users\E-RM7\Documents\GitHub\e-Posyandu\system\View\View.php(213): CodeIgniter\View\View->CodeIgniter\View\{closure}()
#3 C:\Users\E-RM7\Documents\GitHub\e-Posyandu\system\Common.php(1089): CodeIgniter\View\View->render('page/templates/...', Array, true)
#4 C:\Users\E-RM7\Documents\GitHub\e-Posyandu\app\Controllers\Home.php(39): view('page/templates/...', Array)
#5 C:\Users\E-RM7\Documents\GitHub\e-Posyandu\system\CodeIgniter.php(832): App\Controllers\Home->index()
#6 C:\Users\E-RM7\Documents\GitHub\e-Posyandu\system\CodeIgniter.php(419): CodeIgniter\CodeIgniter->runController(Object(App\Controllers\Home))
#7 C:\Users\E-RM7\Documents\GitHub\e-Posyandu\system\CodeIgniter.php(326): CodeIgniter\CodeIgniter->handleRequest(NULL, Object(Config\Cache), false)
#8 C:\Users\E-RM7\Documents\GitHub\e-Posyandu\public\index.php(37): CodeIgniter\CodeIgniter->run()
#9 C:\Users\E-RM7\Documents\GitHub\e-Posyandu\system\Commands\Server\rewrite.php(43): require_once('C:\\Users\\E-RM7\\...')
#10 {main}
