CRITICAL - 2024-04-18 09:53:04 --> Attempt to read property "fullname" on null
#0 C:\Users\TU-01\Downloads\niew\app\Views\Admin\Templates\Topbar.php(27): CodeIgniter\Debug\Exceptions->errorHandler(2, 'Attempt to read...', 'C:\\Users\\TU-01\\...', 27)
#1 C:\Users\TU-01\Downloads\niew\system\View\View.php(210): include('C:\\Users\\TU-01\\...')
#2 C:\Users\TU-01\Downloads\niew\system\View\View.php(213): CodeIgniter\View\View->CodeIgniter\View\{closure}()
#3 C:\Users\TU-01\Downloads\niew\system\View\View.php(424): CodeIgniter\View\View->render('Admin/Templates...', NULL, true)
#4 C:\Users\TU-01\Downloads\niew\app\Views\Admin\Templates\Index.php(57): CodeIgniter\View\View->include('Admin/Templates...')
#5 C:\Users\TU-01\Downloads\niew\system\View\View.php(210): include('C:\\Users\\TU-01\\...')
#6 C:\Users\TU-01\Downloads\niew\system\View\View.php(213): CodeIgniter\View\View->CodeIgniter\View\{closure}()
#7 C:\Users\TU-01\Downloads\niew\system\View\View.php(226): CodeIgniter\View\View->render('Admin/Templates...', Array, true)
#8 C:\Users\TU-01\Downloads\niew\system\Common.php(1089): CodeIgniter\View\View->render('Admin/Restok/Ta...', Array, true)
#9 C:\Users\TU-01\Downloads\niew\app\Controllers\Admin.php(2682): view('Admin/Restok/Ta...', Array)
#10 C:\Users\TU-01\Downloads\niew\system\CodeIgniter.php(832): App\Controllers\Admin->tambahRestok()
#11 C:\Users\TU-01\Downloads\niew\system\CodeIgniter.php(419): CodeIgniter\CodeIgniter->runController(Object(App\Controllers\Admin))
#12 C:\Users\TU-01\Downloads\niew\system\CodeIgniter.php(326): CodeIgniter\CodeIgniter->handleRequest(NULL, Object(Config\Cache), false)
#13 C:\Users\TU-01\Downloads\niew\public\index.php(37): CodeIgniter\CodeIgniter->run()
#14 C:\Users\TU-01\Downloads\niew\system\Commands\Server\rewrite.php(43): require_once('C:\\Users\\TU-01\\...')
#15 {main}
ERROR - 2024-04-18 16:56:05 --> Duplicate entry '' for key 'PRIMARY'
CRITICAL - 2024-04-18 16:56:05 --> Duplicate entry '' for key 'PRIMARY'
#0 C:\Users\TU-01\Downloads\niew\system\Database\MySQLi\Connection.php(292): mysqli->query('INSERT INTO `re...', 0)
#1 C:\Users\TU-01\Downloads\niew\system\Database\BaseConnection.php(670): CodeIgniter\Database\MySQLi\Connection->execute('INSERT INTO `re...')
#2 C:\Users\TU-01\Downloads\niew\system\Database\BaseConnection.php(598): CodeIgniter\Database\BaseConnection->simpleQuery('INSERT INTO `re...')
#3 C:\Users\TU-01\Downloads\niew\system\Database\BaseBuilder.php(1771): CodeIgniter\Database\BaseConnection->query('INSERT INTO `re...', Array, false)
#4 C:\Users\TU-01\Downloads\niew\system\Model.php(239): CodeIgniter\Database\BaseBuilder->insert()
#5 C:\Users\TU-01\Downloads\niew\system\BaseModel.php(738): CodeIgniter\Model->doInsert(Array)
#6 C:\Users\TU-01\Downloads\niew\system\Model.php(625): CodeIgniter\BaseModel->insert(Array, true)
#7 C:\Users\TU-01\Downloads\niew\app\Controllers\Admin.php(2707): CodeIgniter\Model->insert(Array)
#8 C:\Users\TU-01\Downloads\niew\system\CodeIgniter.php(832): App\Controllers\Admin->simpanRestok()
#9 C:\Users\TU-01\Downloads\niew\system\CodeIgniter.php(419): CodeIgniter\CodeIgniter->runController(Object(App\Controllers\Admin))
#10 C:\Users\TU-01\Downloads\niew\system\CodeIgniter.php(326): CodeIgniter\CodeIgniter->handleRequest(NULL, Object(Config\Cache), false)
#11 C:\Users\TU-01\Downloads\niew\public\index.php(37): CodeIgniter\CodeIgniter->run()
#12 C:\Users\TU-01\Downloads\niew\system\Commands\Server\rewrite.php(43): require_once('C:\\Users\\TU-01\\...')
#13 {main}
ERROR - 2024-04-18 17:04:22 --> Cannot add or update a child row: a foreign key constraint fails (`toko_hera`.`detail_restok`, CONSTRAINT `detail_2` FOREIGN KEY (`id_restok`) REFERENCES `restok` (`restok_id`) ON DELETE CASCADE ON UPDATE CASCADE)
CRITICAL - 2024-04-18 17:04:22 --> Cannot add or update a child row: a foreign key constraint fails (`toko_hera`.`detail_restok`, CONSTRAINT `detail_2` FOREIGN KEY (`id_restok`) REFERENCES `restok` (`restok_id`) ON DELETE CASCADE ON UPDATE CASCADE)
#0 C:\Users\TU-01\Downloads\niew\system\Database\MySQLi\Connection.php(292): mysqli->query('INSERT INTO `de...', 0)
#1 C:\Users\TU-01\Downloads\niew\system\Database\BaseConnection.php(670): CodeIgniter\Database\MySQLi\Connection->execute('INSERT INTO `de...')
#2 C:\Users\TU-01\Downloads\niew\system\Database\BaseConnection.php(598): CodeIgniter\Database\BaseConnection->simpleQuery('INSERT INTO `de...')
#3 C:\Users\TU-01\Downloads\niew\system\Database\BaseBuilder.php(1771): CodeIgniter\Database\BaseConnection->query('INSERT INTO `de...', Array, false)
#4 C:\Users\TU-01\Downloads\niew\system\Model.php(239): CodeIgniter\Database\BaseBuilder->insert()
#5 C:\Users\TU-01\Downloads\niew\system\BaseModel.php(738): CodeIgniter\Model->doInsert(Array)
#6 C:\Users\TU-01\Downloads\niew\system\Model.php(625): CodeIgniter\BaseModel->insert(Array, true)
#7 C:\Users\TU-01\Downloads\niew\app\Controllers\Admin.php(2715): CodeIgniter\Model->insert(Array)
#8 C:\Users\TU-01\Downloads\niew\system\CodeIgniter.php(832): App\Controllers\Admin->simpanRestok()
#9 C:\Users\TU-01\Downloads\niew\system\CodeIgniter.php(419): CodeIgniter\CodeIgniter->runController(Object(App\Controllers\Admin))
#10 C:\Users\TU-01\Downloads\niew\system\CodeIgniter.php(326): CodeIgniter\CodeIgniter->handleRequest(NULL, Object(Config\Cache), false)
#11 C:\Users\TU-01\Downloads\niew\public\index.php(37): CodeIgniter\CodeIgniter->run()
#12 C:\Users\TU-01\Downloads\niew\system\Commands\Server\rewrite.php(43): require_once('C:\\Users\\TU-01\\...')
#13 {main}
ERROR - 2024-04-18 17:07:49 --> Table 'toko_hera.saldo' doesn't exist
CRITICAL - 2024-04-18 17:07:49 --> Table 'toko_hera.saldo' doesn't exist
#0 C:\Users\TU-01\Downloads\niew\system\Database\MySQLi\Connection.php(292): mysqli->query('SELECT *\nFROM `...', 0)
#1 C:\Users\TU-01\Downloads\niew\system\Database\BaseConnection.php(670): CodeIgniter\Database\MySQLi\Connection->execute('SELECT *\nFROM `...')
#2 C:\Users\TU-01\Downloads\niew\system\Database\BaseConnection.php(598): CodeIgniter\Database\BaseConnection->simpleQuery('SELECT *\nFROM `...')
#3 C:\Users\TU-01\Downloads\niew\system\Database\BaseBuilder.php(1455): CodeIgniter\Database\BaseConnection->query('SELECT *\nFROM `...', Array, false)
#4 C:\Users\TU-01\Downloads\niew\system\Model.php(210): CodeIgniter\Database\BaseBuilder->get()
#5 C:\Users\TU-01\Downloads\niew\system\BaseModel.php(622): CodeIgniter\Model->doFirst()
#6 C:\Users\TU-01\Downloads\niew\app\Controllers\Admin.php(906): CodeIgniter\BaseModel->first()
#7 C:\Users\TU-01\Downloads\niew\system\CodeIgniter.php(832): App\Controllers\Admin->pengeluaran()
#8 C:\Users\TU-01\Downloads\niew\system\CodeIgniter.php(419): CodeIgniter\CodeIgniter->runController(Object(App\Controllers\Admin))
#9 C:\Users\TU-01\Downloads\niew\system\CodeIgniter.php(326): CodeIgniter\CodeIgniter->handleRequest(NULL, Object(Config\Cache), false)
#10 C:\Users\TU-01\Downloads\niew\public\index.php(37): CodeIgniter\CodeIgniter->run()
#11 C:\Users\TU-01\Downloads\niew\system\Commands\Server\rewrite.php(43): require_once('C:\\Users\\TU-01\\...')
#12 {main}
CRITICAL - 2024-04-18 17:12:18 --> Undefined array key "harga_beli"
#0 C:\Users\TU-01\Downloads\niew\app\Controllers\Admin.php(2716): CodeIgniter\Debug\Exceptions->errorHandler(2, 'Undefined array...', 'C:\\Users\\TU-01\\...', 2716)
#1 C:\Users\TU-01\Downloads\niew\system\CodeIgniter.php(832): App\Controllers\Admin->simpanRestok()
#2 C:\Users\TU-01\Downloads\niew\system\CodeIgniter.php(419): CodeIgniter\CodeIgniter->runController(Object(App\Controllers\Admin))
#3 C:\Users\TU-01\Downloads\niew\system\CodeIgniter.php(326): CodeIgniter\CodeIgniter->handleRequest(NULL, Object(Config\Cache), false)
#4 C:\Users\TU-01\Downloads\niew\public\index.php(37): CodeIgniter\CodeIgniter->run()
#5 C:\Users\TU-01\Downloads\niew\system\Commands\Server\rewrite.php(43): require_once('C:\\Users\\TU-01\\...')
#6 {main}
CRITICAL - 2024-04-18 17:15:53 --> Undefined array key "harga_jual"
#0 C:\Users\TU-01\Downloads\niew\app\Controllers\Admin.php(2719): CodeIgniter\Debug\Exceptions->errorHandler(2, 'Undefined array...', 'C:\\Users\\TU-01\\...', 2719)
#1 C:\Users\TU-01\Downloads\niew\system\CodeIgniter.php(832): App\Controllers\Admin->simpanRestok()
#2 C:\Users\TU-01\Downloads\niew\system\CodeIgniter.php(419): CodeIgniter\CodeIgniter->runController(Object(App\Controllers\Admin))
#3 C:\Users\TU-01\Downloads\niew\system\CodeIgniter.php(326): CodeIgniter\CodeIgniter->handleRequest(NULL, Object(Config\Cache), false)
#4 C:\Users\TU-01\Downloads\niew\public\index.php(37): CodeIgniter\CodeIgniter->run()
#5 C:\Users\TU-01\Downloads\niew\system\Commands\Server\rewrite.php(43): require_once('C:\\Users\\TU-01\\...')
#6 {main}
CRITICAL - 2024-04-18 17:17:06 --> Call to undefined function App\Controllers\fileter_var()
#0 C:\Users\TU-01\Downloads\niew\system\CodeIgniter.php(832): App\Controllers\Admin->simpanRestok()
#1 C:\Users\TU-01\Downloads\niew\system\CodeIgniter.php(419): CodeIgniter\CodeIgniter->runController(Object(App\Controllers\Admin))
#2 C:\Users\TU-01\Downloads\niew\system\CodeIgniter.php(326): CodeIgniter\CodeIgniter->handleRequest(NULL, Object(Config\Cache), false)
#3 C:\Users\TU-01\Downloads\niew\public\index.php(37): CodeIgniter\CodeIgniter->run()
#4 C:\Users\TU-01\Downloads\niew\system\Commands\Server\rewrite.php(43): require_once('C:\\Users\\TU-01\\...')
#5 {main}
ERROR - 2024-04-18 17:19:50 --> Cannot add or update a child row: a foreign key constraint fails (`toko_hera`.`detail_restok`, CONSTRAINT `detail_2` FOREIGN KEY (`id_restok`) REFERENCES `restok` (`restok_id`) ON DELETE CASCADE ON UPDATE CASCADE)
CRITICAL - 2024-04-18 17:19:50 --> Cannot add or update a child row: a foreign key constraint fails (`toko_hera`.`detail_restok`, CONSTRAINT `detail_2` FOREIGN KEY (`id_restok`) REFERENCES `restok` (`restok_id`) ON DELETE CASCADE ON UPDATE CASCADE)
#0 C:\Users\TU-01\Downloads\niew\system\Database\MySQLi\Connection.php(292): mysqli->query('INSERT INTO `de...', 0)
#1 C:\Users\TU-01\Downloads\niew\system\Database\BaseConnection.php(670): CodeIgniter\Database\MySQLi\Connection->execute('INSERT INTO `de...')
#2 C:\Users\TU-01\Downloads\niew\system\Database\BaseConnection.php(598): CodeIgniter\Database\BaseConnection->simpleQuery('INSERT INTO `de...')
#3 C:\Users\TU-01\Downloads\niew\system\Database\BaseBuilder.php(1771): CodeIgniter\Database\BaseConnection->query('INSERT INTO `de...', Array, false)
#4 C:\Users\TU-01\Downloads\niew\system\Model.php(239): CodeIgniter\Database\BaseBuilder->insert()
#5 C:\Users\TU-01\Downloads\niew\system\BaseModel.php(738): CodeIgniter\Model->doInsert(Array)
#6 C:\Users\TU-01\Downloads\niew\system\Model.php(625): CodeIgniter\BaseModel->insert(Array, true)
#7 C:\Users\TU-01\Downloads\niew\app\Controllers\Admin.php(2724): CodeIgniter\Model->insert(Array)
#8 C:\Users\TU-01\Downloads\niew\system\CodeIgniter.php(832): App\Controllers\Admin->simpanRestok()
#9 C:\Users\TU-01\Downloads\niew\system\CodeIgniter.php(419): CodeIgniter\CodeIgniter->runController(Object(App\Controllers\Admin))
#10 C:\Users\TU-01\Downloads\niew\system\CodeIgniter.php(326): CodeIgniter\CodeIgniter->handleRequest(NULL, Object(Config\Cache), false)
#11 C:\Users\TU-01\Downloads\niew\public\index.php(37): CodeIgniter\CodeIgniter->run()
#12 C:\Users\TU-01\Downloads\niew\system\Commands\Server\rewrite.php(43): require_once('C:\\Users\\TU-01\\...')
#13 {main}
ERROR - 2024-04-18 17:26:58 --> Duplicate entry '' for key 'PRIMARY'
CRITICAL - 2024-04-18 17:26:58 --> Duplicate entry '' for key 'PRIMARY'
#0 C:\Users\TU-01\Downloads\niew\system\Database\MySQLi\Connection.php(292): mysqli->query('INSERT INTO `re...', 0)
#1 C:\Users\TU-01\Downloads\niew\system\Database\BaseConnection.php(670): CodeIgniter\Database\MySQLi\Connection->execute('INSERT INTO `re...')
#2 C:\Users\TU-01\Downloads\niew\system\Database\BaseConnection.php(598): CodeIgniter\Database\BaseConnection->simpleQuery('INSERT INTO `re...')
#3 C:\Users\TU-01\Downloads\niew\system\Database\BaseBuilder.php(1771): CodeIgniter\Database\BaseConnection->query('INSERT INTO `re...', Array, false)
#4 C:\Users\TU-01\Downloads\niew\system\Model.php(239): CodeIgniter\Database\BaseBuilder->insert()
#5 C:\Users\TU-01\Downloads\niew\system\BaseModel.php(738): CodeIgniter\Model->doInsert(Array)
#6 C:\Users\TU-01\Downloads\niew\system\Model.php(625): CodeIgniter\BaseModel->insert(Array, true)
#7 C:\Users\TU-01\Downloads\niew\app\Controllers\Admin.php(2709): CodeIgniter\Model->insert(Array)
#8 C:\Users\TU-01\Downloads\niew\system\CodeIgniter.php(832): App\Controllers\Admin->simpanRestok()
#9 C:\Users\TU-01\Downloads\niew\system\CodeIgniter.php(419): CodeIgniter\CodeIgniter->runController(Object(App\Controllers\Admin))
#10 C:\Users\TU-01\Downloads\niew\system\CodeIgniter.php(326): CodeIgniter\CodeIgniter->handleRequest(NULL, Object(Config\Cache), false)
#11 C:\Users\TU-01\Downloads\niew\public\index.php(37): CodeIgniter\CodeIgniter->run()
#12 C:\Users\TU-01\Downloads\niew\system\Commands\Server\rewrite.php(43): require_once('C:\\Users\\TU-01\\...')
#13 {main}
ERROR - 2024-04-18 17:27:23 --> Duplicate entry '' for key 'PRIMARY'
CRITICAL - 2024-04-18 17:27:23 --> Duplicate entry '' for key 'PRIMARY'
#0 C:\Users\TU-01\Downloads\niew\system\Database\MySQLi\Connection.php(292): mysqli->query('INSERT INTO `re...', 0)
#1 C:\Users\TU-01\Downloads\niew\system\Database\BaseConnection.php(670): CodeIgniter\Database\MySQLi\Connection->execute('INSERT INTO `re...')
#2 C:\Users\TU-01\Downloads\niew\system\Database\BaseConnection.php(598): CodeIgniter\Database\BaseConnection->simpleQuery('INSERT INTO `re...')
#3 C:\Users\TU-01\Downloads\niew\system\Database\BaseBuilder.php(1771): CodeIgniter\Database\BaseConnection->query('INSERT INTO `re...', Array, false)
#4 C:\Users\TU-01\Downloads\niew\system\Model.php(239): CodeIgniter\Database\BaseBuilder->insert()
#5 C:\Users\TU-01\Downloads\niew\system\BaseModel.php(738): CodeIgniter\Model->doInsert(Array)
#6 C:\Users\TU-01\Downloads\niew\system\Model.php(625): CodeIgniter\BaseModel->insert(Array, true)
#7 C:\Users\TU-01\Downloads\niew\app\Controllers\Admin.php(2709): CodeIgniter\Model->insert(Array)
#8 C:\Users\TU-01\Downloads\niew\system\CodeIgniter.php(832): App\Controllers\Admin->simpanRestok()
#9 C:\Users\TU-01\Downloads\niew\system\CodeIgniter.php(419): CodeIgniter\CodeIgniter->runController(Object(App\Controllers\Admin))
#10 C:\Users\TU-01\Downloads\niew\system\CodeIgniter.php(326): CodeIgniter\CodeIgniter->handleRequest(NULL, Object(Config\Cache), false)
#11 C:\Users\TU-01\Downloads\niew\public\index.php(37): CodeIgniter\CodeIgniter->run()
#12 C:\Users\TU-01\Downloads\niew\system\Commands\Server\rewrite.php(43): require_once('C:\\Users\\TU-01\\...')
#13 {main}
ERROR - 2024-04-18 17:27:30 --> Duplicate entry '' for key 'PRIMARY'
CRITICAL - 2024-04-18 17:27:30 --> Duplicate entry '' for key 'PRIMARY'
#0 C:\Users\TU-01\Downloads\niew\system\Database\MySQLi\Connection.php(292): mysqli->query('INSERT INTO `re...', 0)
#1 C:\Users\TU-01\Downloads\niew\system\Database\BaseConnection.php(670): CodeIgniter\Database\MySQLi\Connection->execute('INSERT INTO `re...')
#2 C:\Users\TU-01\Downloads\niew\system\Database\BaseConnection.php(598): CodeIgniter\Database\BaseConnection->simpleQuery('INSERT INTO `re...')
#3 C:\Users\TU-01\Downloads\niew\system\Database\BaseBuilder.php(1771): CodeIgniter\Database\BaseConnection->query('INSERT INTO `re...', Array, false)
#4 C:\Users\TU-01\Downloads\niew\system\Model.php(239): CodeIgniter\Database\BaseBuilder->insert()
#5 C:\Users\TU-01\Downloads\niew\system\BaseModel.php(738): CodeIgniter\Model->doInsert(Array)
#6 C:\Users\TU-01\Downloads\niew\system\Model.php(625): CodeIgniter\BaseModel->insert(Array, true)
#7 C:\Users\TU-01\Downloads\niew\app\Controllers\Admin.php(2709): CodeIgniter\Model->insert(Array)
#8 C:\Users\TU-01\Downloads\niew\system\CodeIgniter.php(832): App\Controllers\Admin->simpanRestok()
#9 C:\Users\TU-01\Downloads\niew\system\CodeIgniter.php(419): CodeIgniter\CodeIgniter->runController(Object(App\Controllers\Admin))
#10 C:\Users\TU-01\Downloads\niew\system\CodeIgniter.php(326): CodeIgniter\CodeIgniter->handleRequest(NULL, Object(Config\Cache), false)
#11 C:\Users\TU-01\Downloads\niew\public\index.php(37): CodeIgniter\CodeIgniter->run()
#12 C:\Users\TU-01\Downloads\niew\system\Commands\Server\rewrite.php(43): require_once('C:\\Users\\TU-01\\...')
#13 {main}
CRITICAL - 2024-04-18 17:30:29 --> Undefined array key "nama_barang"
#0 C:\Users\TU-01\Downloads\niew\app\Views\Admin\Restok\Index.php(46): CodeIgniter\Debug\Exceptions->errorHandler(2, 'Undefined array...', 'C:\\Users\\TU-01\\...', 46)
#1 C:\Users\TU-01\Downloads\niew\system\View\View.php(210): include('C:\\Users\\TU-01\\...')
#2 C:\Users\TU-01\Downloads\niew\system\View\View.php(213): CodeIgniter\View\View->CodeIgniter\View\{closure}()
#3 C:\Users\TU-01\Downloads\niew\system\Common.php(1089): CodeIgniter\View\View->render('Admin/Restok/In...', Array, true)
#4 C:\Users\TU-01\Downloads\niew\app\Controllers\Admin.php(2633): view('Admin/Restok/In...', Array)
#5 C:\Users\TU-01\Downloads\niew\system\CodeIgniter.php(832): App\Controllers\Admin->restok()
#6 C:\Users\TU-01\Downloads\niew\system\CodeIgniter.php(419): CodeIgniter\CodeIgniter->runController(Object(App\Controllers\Admin))
#7 C:\Users\TU-01\Downloads\niew\system\CodeIgniter.php(326): CodeIgniter\CodeIgniter->handleRequest(NULL, Object(Config\Cache), false)
#8 C:\Users\TU-01\Downloads\niew\public\index.php(37): CodeIgniter\CodeIgniter->run()
#9 C:\Users\TU-01\Downloads\niew\system\Commands\Server\rewrite.php(43): require_once('C:\\Users\\TU-01\\...')
#10 {main}
ERROR - 2024-04-18 17:39:39 --> Unknown column 'barang.nama_barang' in 'field list'
CRITICAL - 2024-04-18 17:39:39 --> Unknown column 'barang.nama_barang' in 'field list'
#0 C:\Users\TU-01\Downloads\niew\system\Database\MySQLi\Connection.php(292): mysqli->query('SELECT `detail_...', 0)
#1 C:\Users\TU-01\Downloads\niew\system\Database\BaseConnection.php(670): CodeIgniter\Database\MySQLi\Connection->execute('SELECT `detail_...')
#2 C:\Users\TU-01\Downloads\niew\system\Database\BaseConnection.php(598): CodeIgniter\Database\BaseConnection->simpleQuery('SELECT `detail_...')
#3 C:\Users\TU-01\Downloads\niew\system\Database\BaseBuilder.php(1455): CodeIgniter\Database\BaseConnection->query('SELECT `detail_...', Array, false)
#4 C:\Users\TU-01\Downloads\niew\system\Model.php(183): CodeIgniter\Database\BaseBuilder->get()
#5 C:\Users\TU-01\Downloads\niew\system\BaseModel.php(584): CodeIgniter\Model->doFindAll(0, 0)
#6 C:\Users\TU-01\Downloads\niew\app\Models\detailRestokModel.php(22): CodeIgniter\BaseModel->findAll()
#7 C:\Users\TU-01\Downloads\niew\app\Controllers\Admin.php(2630): App\Models\detailRestokModel->getRestok()
#8 C:\Users\TU-01\Downloads\niew\system\CodeIgniter.php(832): App\Controllers\Admin->restok()
#9 C:\Users\TU-01\Downloads\niew\system\CodeIgniter.php(419): CodeIgniter\CodeIgniter->runController(Object(App\Controllers\Admin))
#10 C:\Users\TU-01\Downloads\niew\system\CodeIgniter.php(326): CodeIgniter\CodeIgniter->handleRequest(NULL, Object(Config\Cache), false)
#11 C:\Users\TU-01\Downloads\niew\public\index.php(37): CodeIgniter\CodeIgniter->run()
#12 C:\Users\TU-01\Downloads\niew\system\Commands\Server\rewrite.php(43): require_once('C:\\Users\\TU-01\\...')
#13 {main}
ERROR - 2024-04-18 17:40:52 --> Unknown column 'master_barang.nama_barang' in 'field list'
CRITICAL - 2024-04-18 17:40:52 --> Unknown column 'master_barang.nama_barang' in 'field list'
#0 C:\Users\TU-01\Downloads\niew\system\Database\MySQLi\Connection.php(292): mysqli->query('SELECT `detail_...', 0)
#1 C:\Users\TU-01\Downloads\niew\system\Database\BaseConnection.php(670): CodeIgniter\Database\MySQLi\Connection->execute('SELECT `detail_...')
#2 C:\Users\TU-01\Downloads\niew\system\Database\BaseConnection.php(598): CodeIgniter\Database\BaseConnection->simpleQuery('SELECT `detail_...')
#3 C:\Users\TU-01\Downloads\niew\system\Database\BaseBuilder.php(1455): CodeIgniter\Database\BaseConnection->query('SELECT `detail_...', Array, false)
#4 C:\Users\TU-01\Downloads\niew\system\Model.php(183): CodeIgniter\Database\BaseBuilder->get()
#5 C:\Users\TU-01\Downloads\niew\system\BaseModel.php(584): CodeIgniter\Model->doFindAll(0, 0)
#6 C:\Users\TU-01\Downloads\niew\app\Models\detailRestokModel.php(23): CodeIgniter\BaseModel->findAll()
#7 C:\Users\TU-01\Downloads\niew\app\Controllers\Admin.php(2630): App\Models\detailRestokModel->getRestok()
#8 C:\Users\TU-01\Downloads\niew\system\CodeIgniter.php(832): App\Controllers\Admin->restok()
#9 C:\Users\TU-01\Downloads\niew\system\CodeIgniter.php(419): CodeIgniter\CodeIgniter->runController(Object(App\Controllers\Admin))
#10 C:\Users\TU-01\Downloads\niew\system\CodeIgniter.php(326): CodeIgniter\CodeIgniter->handleRequest(NULL, Object(Config\Cache), false)
#11 C:\Users\TU-01\Downloads\niew\public\index.php(37): CodeIgniter\CodeIgniter->run()
#12 C:\Users\TU-01\Downloads\niew\system\Commands\Server\rewrite.php(43): require_once('C:\\Users\\TU-01\\...')
#13 {main}
ERROR - 2024-04-18 17:41:30 --> Unknown column 'restok.id' in 'on clause'
CRITICAL - 2024-04-18 17:41:30 --> Unknown column 'restok.id' in 'on clause'
#0 C:\Users\TU-01\Downloads\niew\system\Database\MySQLi\Connection.php(292): mysqli->query('SELECT `detail_...', 0)
#1 C:\Users\TU-01\Downloads\niew\system\Database\BaseConnection.php(670): CodeIgniter\Database\MySQLi\Connection->execute('SELECT `detail_...')
#2 C:\Users\TU-01\Downloads\niew\system\Database\BaseConnection.php(598): CodeIgniter\Database\BaseConnection->simpleQuery('SELECT `detail_...')
#3 C:\Users\TU-01\Downloads\niew\system\Database\BaseBuilder.php(1455): CodeIgniter\Database\BaseConnection->query('SELECT `detail_...', Array, false)
#4 C:\Users\TU-01\Downloads\niew\system\Model.php(183): CodeIgniter\Database\BaseBuilder->get()
#5 C:\Users\TU-01\Downloads\niew\system\BaseModel.php(584): CodeIgniter\Model->doFindAll(0, 0)
#6 C:\Users\TU-01\Downloads\niew\app\Models\detailRestokModel.php(23): CodeIgniter\BaseModel->findAll()
#7 C:\Users\TU-01\Downloads\niew\app\Controllers\Admin.php(2630): App\Models\detailRestokModel->getRestok()
#8 C:\Users\TU-01\Downloads\niew\system\CodeIgniter.php(832): App\Controllers\Admin->restok()
#9 C:\Users\TU-01\Downloads\niew\system\CodeIgniter.php(419): CodeIgniter\CodeIgniter->runController(Object(App\Controllers\Admin))
#10 C:\Users\TU-01\Downloads\niew\system\CodeIgniter.php(326): CodeIgniter\CodeIgniter->handleRequest(NULL, Object(Config\Cache), false)
#11 C:\Users\TU-01\Downloads\niew\public\index.php(37): CodeIgniter\CodeIgniter->run()
#12 C:\Users\TU-01\Downloads\niew\system\Commands\Server\rewrite.php(43): require_once('C:\\Users\\TU-01\\...')
#13 {main}
ERROR - 2024-04-18 17:41:51 --> Unknown column 'supplier.id' in 'on clause'
CRITICAL - 2024-04-18 17:41:51 --> Unknown column 'supplier.id' in 'on clause'
#0 C:\Users\TU-01\Downloads\niew\system\Database\MySQLi\Connection.php(292): mysqli->query('SELECT `detail_...', 0)
#1 C:\Users\TU-01\Downloads\niew\system\Database\BaseConnection.php(670): CodeIgniter\Database\MySQLi\Connection->execute('SELECT `detail_...')
#2 C:\Users\TU-01\Downloads\niew\system\Database\BaseConnection.php(598): CodeIgniter\Database\BaseConnection->simpleQuery('SELECT `detail_...')
#3 C:\Users\TU-01\Downloads\niew\system\Database\BaseBuilder.php(1455): CodeIgniter\Database\BaseConnection->query('SELECT `detail_...', Array, false)
#4 C:\Users\TU-01\Downloads\niew\system\Model.php(183): CodeIgniter\Database\BaseBuilder->get()
#5 C:\Users\TU-01\Downloads\niew\system\BaseModel.php(584): CodeIgniter\Model->doFindAll(0, 0)
#6 C:\Users\TU-01\Downloads\niew\app\Models\detailRestokModel.php(23): CodeIgniter\BaseModel->findAll()
#7 C:\Users\TU-01\Downloads\niew\app\Controllers\Admin.php(2630): App\Models\detailRestokModel->getRestok()
#8 C:\Users\TU-01\Downloads\niew\system\CodeIgniter.php(832): App\Controllers\Admin->restok()
#9 C:\Users\TU-01\Downloads\niew\system\CodeIgniter.php(419): CodeIgniter\CodeIgniter->runController(Object(App\Controllers\Admin))
#10 C:\Users\TU-01\Downloads\niew\system\CodeIgniter.php(326): CodeIgniter\CodeIgniter->handleRequest(NULL, Object(Config\Cache), false)
#11 C:\Users\TU-01\Downloads\niew\public\index.php(37): CodeIgniter\CodeIgniter->run()
#12 C:\Users\TU-01\Downloads\niew\system\Commands\Server\rewrite.php(43): require_once('C:\\Users\\TU-01\\...')
#13 {main}
ERROR - 2024-04-18 17:42:11 --> Unknown column 'master_barang.kode_barang' in 'on clause'
CRITICAL - 2024-04-18 17:42:11 --> Unknown column 'master_barang.kode_barang' in 'on clause'
#0 C:\Users\TU-01\Downloads\niew\system\Database\MySQLi\Connection.php(292): mysqli->query('SELECT `detail_...', 0)
#1 C:\Users\TU-01\Downloads\niew\system\Database\BaseConnection.php(670): CodeIgniter\Database\MySQLi\Connection->execute('SELECT `detail_...')
#2 C:\Users\TU-01\Downloads\niew\system\Database\BaseConnection.php(598): CodeIgniter\Database\BaseConnection->simpleQuery('SELECT `detail_...')
#3 C:\Users\TU-01\Downloads\niew\system\Database\BaseBuilder.php(1455): CodeIgniter\Database\BaseConnection->query('SELECT `detail_...', Array, false)
#4 C:\Users\TU-01\Downloads\niew\system\Model.php(183): CodeIgniter\Database\BaseBuilder->get()
#5 C:\Users\TU-01\Downloads\niew\system\BaseModel.php(584): CodeIgniter\Model->doFindAll(0, 0)
#6 C:\Users\TU-01\Downloads\niew\app\Models\detailRestokModel.php(23): CodeIgniter\BaseModel->findAll()
#7 C:\Users\TU-01\Downloads\niew\app\Controllers\Admin.php(2630): App\Models\detailRestokModel->getRestok()
#8 C:\Users\TU-01\Downloads\niew\system\CodeIgniter.php(832): App\Controllers\Admin->restok()
#9 C:\Users\TU-01\Downloads\niew\system\CodeIgniter.php(419): CodeIgniter\CodeIgniter->runController(Object(App\Controllers\Admin))
#10 C:\Users\TU-01\Downloads\niew\system\CodeIgniter.php(326): CodeIgniter\CodeIgniter->handleRequest(NULL, Object(Config\Cache), false)
#11 C:\Users\TU-01\Downloads\niew\public\index.php(37): CodeIgniter\CodeIgniter->run()
#12 C:\Users\TU-01\Downloads\niew\system\Commands\Server\rewrite.php(43): require_once('C:\\Users\\TU-01\\...')
#13 {main}
CRITICAL - 2024-04-18 17:44:02 --> Undefined array key "kode_barang"
#0 C:\Users\TU-01\Downloads\niew\app\Views\Admin\Restok\Index.php(44): CodeIgniter\Debug\Exceptions->errorHandler(2, 'Undefined array...', 'C:\\Users\\TU-01\\...', 44)
#1 C:\Users\TU-01\Downloads\niew\system\View\View.php(210): include('C:\\Users\\TU-01\\...')
#2 C:\Users\TU-01\Downloads\niew\system\View\View.php(213): CodeIgniter\View\View->CodeIgniter\View\{closure}()
#3 C:\Users\TU-01\Downloads\niew\system\Common.php(1089): CodeIgniter\View\View->render('Admin/Restok/In...', Array, true)
#4 C:\Users\TU-01\Downloads\niew\app\Controllers\Admin.php(2635): view('Admin/Restok/In...', Array)
#5 C:\Users\TU-01\Downloads\niew\system\CodeIgniter.php(832): App\Controllers\Admin->restok()
#6 C:\Users\TU-01\Downloads\niew\system\CodeIgniter.php(419): CodeIgniter\CodeIgniter->runController(Object(App\Controllers\Admin))
#7 C:\Users\TU-01\Downloads\niew\system\CodeIgniter.php(326): CodeIgniter\CodeIgniter->handleRequest(NULL, Object(Config\Cache), false)
#8 C:\Users\TU-01\Downloads\niew\public\index.php(37): CodeIgniter\CodeIgniter->run()
#9 C:\Users\TU-01\Downloads\niew\system\Commands\Server\rewrite.php(43): require_once('C:\\Users\\TU-01\\...')
#10 {main}
CRITICAL - 2024-04-18 17:45:32 --> Undefined array key "id_restok"
#0 C:\Users\TU-01\Downloads\niew\app\Views\Admin\Restok\Index.php(43): CodeIgniter\Debug\Exceptions->errorHandler(2, 'Undefined array...', 'C:\\Users\\TU-01\\...', 43)
#1 C:\Users\TU-01\Downloads\niew\system\View\View.php(210): include('C:\\Users\\TU-01\\...')
#2 C:\Users\TU-01\Downloads\niew\system\View\View.php(213): CodeIgniter\View\View->CodeIgniter\View\{closure}()
#3 C:\Users\TU-01\Downloads\niew\system\Common.php(1089): CodeIgniter\View\View->render('Admin/Restok/In...', Array, true)
#4 C:\Users\TU-01\Downloads\niew\app\Controllers\Admin.php(2635): view('Admin/Restok/In...', Array)
#5 C:\Users\TU-01\Downloads\niew\system\CodeIgniter.php(832): App\Controllers\Admin->restok()
#6 C:\Users\TU-01\Downloads\niew\system\CodeIgniter.php(419): CodeIgniter\CodeIgniter->runController(Object(App\Controllers\Admin))
#7 C:\Users\TU-01\Downloads\niew\system\CodeIgniter.php(326): CodeIgniter\CodeIgniter->handleRequest(NULL, Object(Config\Cache), false)
#8 C:\Users\TU-01\Downloads\niew\public\index.php(37): CodeIgniter\CodeIgniter->run()
#9 C:\Users\TU-01\Downloads\niew\system\Commands\Server\rewrite.php(43): require_once('C:\\Users\\TU-01\\...')
#10 {main}
