CRITICAL - 2024-09-13 00:46:33 --> Invalid file: template/sidebar.php
#0 C:\xampp\htdocs\Hera After sidang\system\View\View.php(198): CodeIgniter\Exceptions\FrameworkException::forInvalidFile('template/sideba...')
#1 C:\xampp\htdocs\Hera After sidang\system\View\View.php(424): CodeIgniter\View\View->render('template/sideba...', NULL, true)
#2 C:\xampp\htdocs\Hera After sidang\app\Views\Admin\template\index.php(33): CodeIgniter\View\View->include('template/sideba...')
#3 C:\xampp\htdocs\Hera After sidang\system\View\View.php(210): include('C:\\xampp\\htdocs...')
#4 C:\xampp\htdocs\Hera After sidang\system\View\View.php(213): CodeIgniter\View\View->CodeIgniter\View\{closure}()
#5 C:\xampp\htdocs\Hera After sidang\system\View\View.php(226): CodeIgniter\View\View->render('Admin/template/...', Array, true)
#6 C:\xampp\htdocs\Hera After sidang\system\Common.php(1089): CodeIgniter\View\View->render('Admin/Home/Inde...', Array, true)
#7 C:\xampp\htdocs\Hera After sidang\app\Controllers\Admin.php(176): view('Admin/Home/Inde...', Array)
#8 C:\xampp\htdocs\Hera After sidang\system\CodeIgniter.php(832): App\Controllers\Admin->index()
#9 C:\xampp\htdocs\Hera After sidang\system\CodeIgniter.php(419): CodeIgniter\CodeIgniter->runController(Object(App\Controllers\Admin))
#10 C:\xampp\htdocs\Hera After sidang\system\CodeIgniter.php(326): CodeIgniter\CodeIgniter->handleRequest(NULL, Object(Config\Cache), false)
#11 C:\xampp\htdocs\Hera After sidang\public\index.php(37): CodeIgniter\CodeIgniter->run()
#12 C:\xampp\htdocs\Hera After sidang\system\Commands\Server\rewrite.php(43): require_once('C:\\xampp\\htdocs...')
#13 {main}
ERROR - 2024-09-13 00:57:47 --> Unknown column 'barang.id_master_barang' in 'on clause'
CRITICAL - 2024-09-13 00:57:47 --> Unknown column 'barang.id_master_barang' in 'on clause'
#0 C:\xampp\htdocs\Hera After sidang\system\Database\MySQLi\Connection.php(292): mysqli->query('SELECT *\nFROM `...', 0)
#1 C:\xampp\htdocs\Hera After sidang\system\Database\BaseConnection.php(670): CodeIgniter\Database\MySQLi\Connection->execute('SELECT *\nFROM `...')
#2 C:\xampp\htdocs\Hera After sidang\system\Database\BaseConnection.php(598): CodeIgniter\Database\BaseConnection->simpleQuery('SELECT *\nFROM `...')
#3 C:\xampp\htdocs\Hera After sidang\system\Database\BaseBuilder.php(1455): CodeIgniter\Database\BaseConnection->query('SELECT *\nFROM `...', Array, false)
#4 C:\xampp\htdocs\Hera After sidang\system\Model.php(183): CodeIgniter\Database\BaseBuilder->get()
#5 C:\xampp\htdocs\Hera After sidang\system\BaseModel.php(584): CodeIgniter\Model->doFindAll(0, 0)
#6 C:\xampp\htdocs\Hera After sidang\app\Controllers\Admin.php(936): CodeIgniter\BaseModel->findAll()
#7 C:\xampp\htdocs\Hera After sidang\system\CodeIgniter.php(832): App\Controllers\Admin->Barang()
#8 C:\xampp\htdocs\Hera After sidang\system\CodeIgniter.php(419): CodeIgniter\CodeIgniter->runController(Object(App\Controllers\Admin))
#9 C:\xampp\htdocs\Hera After sidang\system\CodeIgniter.php(326): CodeIgniter\CodeIgniter->handleRequest(NULL, Object(Config\Cache), false)
#10 C:\xampp\htdocs\Hera After sidang\public\index.php(37): CodeIgniter\CodeIgniter->run()
#11 C:\xampp\htdocs\Hera After sidang\system\Commands\Server\rewrite.php(43): require_once('C:\\xampp\\htdocs...')
#12 {main}
CRITICAL - 2024-09-13 17:53:08 --> Invalid file: Landing/Home.php
#0 C:\xampp\htdocs\Hera After sidang\system\View\View.php(198): CodeIgniter\Exceptions\FrameworkException::forInvalidFile('Landing/Home.ph...')
#1 C:\xampp\htdocs\Hera After sidang\system\Common.php(1089): CodeIgniter\View\View->render('Landing/Home', Array, true)
#2 C:\xampp\htdocs\Hera After sidang\app\Controllers\Home.php(12): view('Landing/Home')
#3 C:\xampp\htdocs\Hera After sidang\system\CodeIgniter.php(832): App\Controllers\Home->index()
#4 C:\xampp\htdocs\Hera After sidang\system\CodeIgniter.php(419): CodeIgniter\CodeIgniter->runController(Object(App\Controllers\Home))
#5 C:\xampp\htdocs\Hera After sidang\system\CodeIgniter.php(326): CodeIgniter\CodeIgniter->handleRequest(NULL, Object(Config\Cache), false)
#6 C:\xampp\htdocs\Hera After sidang\public\index.php(37): CodeIgniter\CodeIgniter->run()
#7 C:\xampp\htdocs\Hera After sidang\system\Commands\Server\rewrite.php(43): require_once('C:\\xampp\\htdocs...')
#8 {main}
CRITICAL - 2024-09-13 17:53:27 --> Invalid file: layout/navbar.php
#0 C:\xampp\htdocs\Hera After sidang\system\View\View.php(198): CodeIgniter\Exceptions\FrameworkException::forInvalidFile('layout/navbar.p...')
#1 C:\xampp\htdocs\Hera After sidang\system\View\View.php(424): CodeIgniter\View\View->render('layout/navbar', NULL, true)
#2 C:\xampp\htdocs\Hera After sidang\app\Views\Landing\layout\template1.php(360): CodeIgniter\View\View->include('layout/navbar')
#3 C:\xampp\htdocs\Hera After sidang\system\View\View.php(210): include('C:\\xampp\\htdocs...')
#4 C:\xampp\htdocs\Hera After sidang\system\View\View.php(213): CodeIgniter\View\View->CodeIgniter\View\{closure}()
#5 C:\xampp\htdocs\Hera After sidang\system\View\View.php(226): CodeIgniter\View\View->render('Landing/layout/...', Array, true)
#6 C:\xampp\htdocs\Hera After sidang\system\Common.php(1089): CodeIgniter\View\View->render('Landing/Home/In...', Array, true)
#7 C:\xampp\htdocs\Hera After sidang\app\Controllers\Home.php(12): view('Landing/Home/In...')
#8 C:\xampp\htdocs\Hera After sidang\system\CodeIgniter.php(832): App\Controllers\Home->index()
#9 C:\xampp\htdocs\Hera After sidang\system\CodeIgniter.php(419): CodeIgniter\CodeIgniter->runController(Object(App\Controllers\Home))
#10 C:\xampp\htdocs\Hera After sidang\system\CodeIgniter.php(326): CodeIgniter\CodeIgniter->handleRequest(NULL, Object(Config\Cache), false)
#11 C:\xampp\htdocs\Hera After sidang\public\index.php(37): CodeIgniter\CodeIgniter->run()
#12 C:\xampp\htdocs\Hera After sidang\system\Commands\Server\rewrite.php(43): require_once('C:\\xampp\\htdocs...')
#13 {main}
CRITICAL - 2024-09-13 17:53:30 --> Invalid file: layout/navbar.php
#0 C:\xampp\htdocs\Hera After sidang\system\View\View.php(198): CodeIgniter\Exceptions\FrameworkException::forInvalidFile('layout/navbar.p...')
#1 C:\xampp\htdocs\Hera After sidang\system\View\View.php(424): CodeIgniter\View\View->render('layout/navbar', NULL, true)
#2 C:\xampp\htdocs\Hera After sidang\app\Views\Landing\layout\template1.php(360): CodeIgniter\View\View->include('layout/navbar')
#3 C:\xampp\htdocs\Hera After sidang\system\View\View.php(210): include('C:\\xampp\\htdocs...')
#4 C:\xampp\htdocs\Hera After sidang\system\View\View.php(213): CodeIgniter\View\View->CodeIgniter\View\{closure}()
#5 C:\xampp\htdocs\Hera After sidang\system\View\View.php(226): CodeIgniter\View\View->render('Landing/layout/...', Array, true)
#6 C:\xampp\htdocs\Hera After sidang\system\Common.php(1089): CodeIgniter\View\View->render('Landing/Home/In...', Array, true)
#7 C:\xampp\htdocs\Hera After sidang\app\Controllers\Home.php(12): view('Landing/Home/In...')
#8 C:\xampp\htdocs\Hera After sidang\system\CodeIgniter.php(832): App\Controllers\Home->index()
#9 C:\xampp\htdocs\Hera After sidang\system\CodeIgniter.php(419): CodeIgniter\CodeIgniter->runController(Object(App\Controllers\Home))
#10 C:\xampp\htdocs\Hera After sidang\system\CodeIgniter.php(326): CodeIgniter\CodeIgniter->handleRequest(NULL, Object(Config\Cache), false)
#11 C:\xampp\htdocs\Hera After sidang\public\index.php(37): CodeIgniter\CodeIgniter->run()
#12 C:\xampp\htdocs\Hera After sidang\system\Commands\Server\rewrite.php(43): require_once('C:\\xampp\\htdocs...')
#13 {main}
CRITICAL - 2024-09-13 17:54:38 --> Invalid file: layout/navbar.php
#0 C:\xampp\htdocs\Hera After sidang\system\View\View.php(198): CodeIgniter\Exceptions\FrameworkException::forInvalidFile('layout/navbar.p...')
#1 C:\xampp\htdocs\Hera After sidang\system\View\View.php(424): CodeIgniter\View\View->render('layout/navbar', NULL, true)
#2 C:\xampp\htdocs\Hera After sidang\app\Views\Landing\layout\template1.php(360): CodeIgniter\View\View->include('layout/navbar')
#3 C:\xampp\htdocs\Hera After sidang\system\View\View.php(210): include('C:\\xampp\\htdocs...')
#4 C:\xampp\htdocs\Hera After sidang\system\View\View.php(213): CodeIgniter\View\View->CodeIgniter\View\{closure}()
#5 C:\xampp\htdocs\Hera After sidang\system\View\View.php(226): CodeIgniter\View\View->render('Landing/layout/...', Array, true)
#6 C:\xampp\htdocs\Hera After sidang\system\Common.php(1089): CodeIgniter\View\View->render('Landing/Home/In...', Array, true)
#7 C:\xampp\htdocs\Hera After sidang\app\Controllers\Home.php(12): view('Landing/Home/In...')
#8 C:\xampp\htdocs\Hera After sidang\system\CodeIgniter.php(832): App\Controllers\Home->index()
#9 C:\xampp\htdocs\Hera After sidang\system\CodeIgniter.php(419): CodeIgniter\CodeIgniter->runController(Object(App\Controllers\Home))
#10 C:\xampp\htdocs\Hera After sidang\system\CodeIgniter.php(326): CodeIgniter\CodeIgniter->handleRequest(NULL, Object(Config\Cache), false)
#11 C:\xampp\htdocs\Hera After sidang\public\index.php(37): CodeIgniter\CodeIgniter->run()
#12 C:\xampp\htdocs\Hera After sidang\system\Commands\Server\rewrite.php(43): require_once('C:\\xampp\\htdocs...')
#13 {main}
CRITICAL - 2024-09-13 18:10:19 --> Invalid file: landing/layout/navbar.php
#0 C:\xampp\htdocs\Hera After sidang\system\View\View.php(198): CodeIgniter\Exceptions\FrameworkException::forInvalidFile('landing/layout/...')
#1 C:\xampp\htdocs\Hera After sidang\system\View\View.php(424): CodeIgniter\View\View->render('landing/layout/...', NULL, true)
#2 C:\xampp\htdocs\Hera After sidang\app\Views\Landing\layout\template1.php(360): CodeIgniter\View\View->include('landing/layout/...')
#3 C:\xampp\htdocs\Hera After sidang\system\View\View.php(210): include('C:\\xampp\\htdocs...')
#4 C:\xampp\htdocs\Hera After sidang\system\View\View.php(213): CodeIgniter\View\View->CodeIgniter\View\{closure}()
#5 C:\xampp\htdocs\Hera After sidang\system\View\View.php(226): CodeIgniter\View\View->render('Landing/layout/...', Array, true)
#6 C:\xampp\htdocs\Hera After sidang\system\Common.php(1089): CodeIgniter\View\View->render('Landing/Home/In...', Array, true)
#7 C:\xampp\htdocs\Hera After sidang\app\Controllers\Home.php(12): view('Landing/Home/In...')
#8 C:\xampp\htdocs\Hera After sidang\system\CodeIgniter.php(832): App\Controllers\Home->index()
#9 C:\xampp\htdocs\Hera After sidang\system\CodeIgniter.php(419): CodeIgniter\CodeIgniter->runController(Object(App\Controllers\Home))
#10 C:\xampp\htdocs\Hera After sidang\system\CodeIgniter.php(326): CodeIgniter\CodeIgniter->handleRequest(NULL, Object(Config\Cache), false)
#11 C:\xampp\htdocs\Hera After sidang\public\index.php(37): CodeIgniter\CodeIgniter->run()
#12 C:\xampp\htdocs\Hera After sidang\system\Commands\Server\rewrite.php(43): require_once('C:\\xampp\\htdocs...')
#13 {main}
CRITICAL - 2024-09-13 18:11:24 --> Invalid file: landing/layout/navbar.php
#0 C:\xampp\htdocs\Hera After sidang\system\View\View.php(198): CodeIgniter\Exceptions\FrameworkException::forInvalidFile('landing/layout/...')
#1 C:\xampp\htdocs\Hera After sidang\system\View\View.php(424): CodeIgniter\View\View->render('landing/layout/...', NULL, true)
#2 C:\xampp\htdocs\Hera After sidang\app\Views\Landing\layout\template1.php(370): CodeIgniter\View\View->include('landing/layout/...')
#3 C:\xampp\htdocs\Hera After sidang\system\View\View.php(210): include('C:\\xampp\\htdocs...')
#4 C:\xampp\htdocs\Hera After sidang\system\View\View.php(213): CodeIgniter\View\View->CodeIgniter\View\{closure}()
#5 C:\xampp\htdocs\Hera After sidang\system\View\View.php(226): CodeIgniter\View\View->render('Landing/layout/...', Array, true)
#6 C:\xampp\htdocs\Hera After sidang\system\Common.php(1089): CodeIgniter\View\View->render('Landing/Home/In...', Array, true)
#7 C:\xampp\htdocs\Hera After sidang\app\Controllers\Home.php(12): view('Landing/Home/In...')
#8 C:\xampp\htdocs\Hera After sidang\system\CodeIgniter.php(832): App\Controllers\Home->index()
#9 C:\xampp\htdocs\Hera After sidang\system\CodeIgniter.php(419): CodeIgniter\CodeIgniter->runController(Object(App\Controllers\Home))
#10 C:\xampp\htdocs\Hera After sidang\system\CodeIgniter.php(326): CodeIgniter\CodeIgniter->handleRequest(NULL, Object(Config\Cache), false)
#11 C:\xampp\htdocs\Hera After sidang\public\index.php(37): CodeIgniter\CodeIgniter->run()
#12 C:\xampp\htdocs\Hera After sidang\system\Commands\Server\rewrite.php(43): require_once('C:\\xampp\\htdocs...')
#13 {main}
CRITICAL - 2024-09-13 18:11:26 --> Invalid file: landing/layout/navbar.php
#0 C:\xampp\htdocs\Hera After sidang\system\View\View.php(198): CodeIgniter\Exceptions\FrameworkException::forInvalidFile('landing/layout/...')
#1 C:\xampp\htdocs\Hera After sidang\system\View\View.php(424): CodeIgniter\View\View->render('landing/layout/...', NULL, true)
#2 C:\xampp\htdocs\Hera After sidang\app\Views\Landing\layout\template1.php(370): CodeIgniter\View\View->include('landing/layout/...')
#3 C:\xampp\htdocs\Hera After sidang\system\View\View.php(210): include('C:\\xampp\\htdocs...')
#4 C:\xampp\htdocs\Hera After sidang\system\View\View.php(213): CodeIgniter\View\View->CodeIgniter\View\{closure}()
#5 C:\xampp\htdocs\Hera After sidang\system\View\View.php(226): CodeIgniter\View\View->render('Landing/layout/...', Array, true)
#6 C:\xampp\htdocs\Hera After sidang\system\Common.php(1089): CodeIgniter\View\View->render('Landing/Home/In...', Array, true)
#7 C:\xampp\htdocs\Hera After sidang\app\Controllers\Home.php(12): view('Landing/Home/In...')
#8 C:\xampp\htdocs\Hera After sidang\system\CodeIgniter.php(832): App\Controllers\Home->index()
#9 C:\xampp\htdocs\Hera After sidang\system\CodeIgniter.php(419): CodeIgniter\CodeIgniter->runController(Object(App\Controllers\Home))
#10 C:\xampp\htdocs\Hera After sidang\system\CodeIgniter.php(326): CodeIgniter\CodeIgniter->handleRequest(NULL, Object(Config\Cache), false)
#11 C:\xampp\htdocs\Hera After sidang\public\index.php(37): CodeIgniter\CodeIgniter->run()
#12 C:\xampp\htdocs\Hera After sidang\system\Commands\Server\rewrite.php(43): require_once('C:\\xampp\\htdocs...')
#13 {main}
CRITICAL - 2024-09-13 18:11:45 --> Invalid file: landing/layout/navbar.php
#0 C:\xampp\htdocs\Hera After sidang\system\View\View.php(198): CodeIgniter\Exceptions\FrameworkException::forInvalidFile('landing/layout/...')
#1 C:\xampp\htdocs\Hera After sidang\system\View\View.php(424): CodeIgniter\View\View->render('landing/layout/...', NULL, true)
#2 C:\xampp\htdocs\Hera After sidang\app\Views\Landing\layout\template1.php(370): CodeIgniter\View\View->include('landing/layout/...')
#3 C:\xampp\htdocs\Hera After sidang\system\View\View.php(210): include('C:\\xampp\\htdocs...')
#4 C:\xampp\htdocs\Hera After sidang\system\View\View.php(213): CodeIgniter\View\View->CodeIgniter\View\{closure}()
#5 C:\xampp\htdocs\Hera After sidang\system\View\View.php(226): CodeIgniter\View\View->render('Landing/layout/...', Array, true)
#6 C:\xampp\htdocs\Hera After sidang\system\Common.php(1089): CodeIgniter\View\View->render('Landing/Home/In...', Array, true)
#7 C:\xampp\htdocs\Hera After sidang\app\Controllers\Home.php(12): view('Landing/Home/In...')
#8 C:\xampp\htdocs\Hera After sidang\system\CodeIgniter.php(832): App\Controllers\Home->index()
#9 C:\xampp\htdocs\Hera After sidang\system\CodeIgniter.php(419): CodeIgniter\CodeIgniter->runController(Object(App\Controllers\Home))
#10 C:\xampp\htdocs\Hera After sidang\system\CodeIgniter.php(326): CodeIgniter\CodeIgniter->handleRequest(NULL, Object(Config\Cache), false)
#11 C:\xampp\htdocs\Hera After sidang\public\index.php(37): CodeIgniter\CodeIgniter->run()
#12 C:\xampp\htdocs\Hera After sidang\system\Commands\Server\rewrite.php(43): require_once('C:\\xampp\\htdocs...')
#13 {main}
CRITICAL - 2024-09-13 18:12:13 --> Invalid file: landing/layout/navbar.php
#0 C:\xampp\htdocs\Hera After sidang\system\View\View.php(198): CodeIgniter\Exceptions\FrameworkException::forInvalidFile('landing/layout/...')
#1 C:\xampp\htdocs\Hera After sidang\system\View\View.php(424): CodeIgniter\View\View->render('landing/layout/...', NULL, true)
#2 C:\xampp\htdocs\Hera After sidang\app\Views\Landing\layout\template1.php(370): CodeIgniter\View\View->include('landing/layout/...')
#3 C:\xampp\htdocs\Hera After sidang\system\View\View.php(210): include('C:\\xampp\\htdocs...')
#4 C:\xampp\htdocs\Hera After sidang\system\View\View.php(213): CodeIgniter\View\View->CodeIgniter\View\{closure}()
#5 C:\xampp\htdocs\Hera After sidang\system\View\View.php(226): CodeIgniter\View\View->render('Landing/layout/...', Array, true)
#6 C:\xampp\htdocs\Hera After sidang\system\Common.php(1089): CodeIgniter\View\View->render('Landing/Home/In...', Array, true)
#7 C:\xampp\htdocs\Hera After sidang\app\Controllers\Home.php(12): view('Landing/Home/In...')
#8 C:\xampp\htdocs\Hera After sidang\system\CodeIgniter.php(832): App\Controllers\Home->index()
#9 C:\xampp\htdocs\Hera After sidang\system\CodeIgniter.php(419): CodeIgniter\CodeIgniter->runController(Object(App\Controllers\Home))
#10 C:\xampp\htdocs\Hera After sidang\system\CodeIgniter.php(326): CodeIgniter\CodeIgniter->handleRequest(NULL, Object(Config\Cache), false)
#11 C:\xampp\htdocs\Hera After sidang\public\index.php(37): CodeIgniter\CodeIgniter->run()
#12 C:\xampp\htdocs\Hera After sidang\system\Commands\Server\rewrite.php(43): require_once('C:\\xampp\\htdocs...')
#13 {main}
CRITICAL - 2024-09-13 18:26:24 --> Invalid file: layout/template1.php
#0 C:\xampp\htdocs\Hera After sidang\system\View\View.php(198): CodeIgniter\Exceptions\FrameworkException::forInvalidFile('layout/template...')
#1 C:\xampp\htdocs\Hera After sidang\system\View\View.php(226): CodeIgniter\View\View->render('layout/template...', Array, true)
#2 C:\xampp\htdocs\Hera After sidang\system\Common.php(1089): CodeIgniter\View\View->render('Landing/Home/In...', Array, true)
#3 C:\xampp\htdocs\Hera After sidang\app\Controllers\Home.php(12): view('Landing/Home/In...')
#4 C:\xampp\htdocs\Hera After sidang\system\CodeIgniter.php(832): App\Controllers\Home->index()
#5 C:\xampp\htdocs\Hera After sidang\system\CodeIgniter.php(419): CodeIgniter\CodeIgniter->runController(Object(App\Controllers\Home))
#6 C:\xampp\htdocs\Hera After sidang\system\CodeIgniter.php(326): CodeIgniter\CodeIgniter->handleRequest(NULL, Object(Config\Cache), false)
#7 C:\xampp\htdocs\Hera After sidang\public\index.php(37): CodeIgniter\CodeIgniter->run()
#8 C:\xampp\htdocs\Hera After sidang\system\Commands\Server\rewrite.php(43): require_once('C:\\xampp\\htdocs...')
#9 {main}
CRITICAL - 2024-09-13 18:26:51 --> Invalid file: layout/navbar.php
#0 C:\xampp\htdocs\Hera After sidang\system\View\View.php(198): CodeIgniter\Exceptions\FrameworkException::forInvalidFile('layout/navbar.p...')
#1 C:\xampp\htdocs\Hera After sidang\system\View\View.php(424): CodeIgniter\View\View->render('layout/navbar', NULL, true)
#2 C:\xampp\htdocs\Hera After sidang\app\Views\Landing\layout\template1.php(370): CodeIgniter\View\View->include('layout/navbar')
#3 C:\xampp\htdocs\Hera After sidang\system\View\View.php(210): include('C:\\xampp\\htdocs...')
#4 C:\xampp\htdocs\Hera After sidang\system\View\View.php(213): CodeIgniter\View\View->CodeIgniter\View\{closure}()
#5 C:\xampp\htdocs\Hera After sidang\system\View\View.php(226): CodeIgniter\View\View->render('landing/layout/...', Array, true)
#6 C:\xampp\htdocs\Hera After sidang\system\Common.php(1089): CodeIgniter\View\View->render('Landing/Home/In...', Array, true)
#7 C:\xampp\htdocs\Hera After sidang\app\Controllers\Home.php(12): view('Landing/Home/In...')
#8 C:\xampp\htdocs\Hera After sidang\system\CodeIgniter.php(832): App\Controllers\Home->index()
#9 C:\xampp\htdocs\Hera After sidang\system\CodeIgniter.php(419): CodeIgniter\CodeIgniter->runController(Object(App\Controllers\Home))
#10 C:\xampp\htdocs\Hera After sidang\system\CodeIgniter.php(326): CodeIgniter\CodeIgniter->handleRequest(NULL, Object(Config\Cache), false)
#11 C:\xampp\htdocs\Hera After sidang\public\index.php(37): CodeIgniter\CodeIgniter->run()
#12 C:\xampp\htdocs\Hera After sidang\system\Commands\Server\rewrite.php(43): require_once('C:\\xampp\\htdocs...')
#13 {main}
CRITICAL - 2024-09-13 18:27:10 --> Invalid file: layout/navbar.php
#0 C:\xampp\htdocs\Hera After sidang\system\View\View.php(198): CodeIgniter\Exceptions\FrameworkException::forInvalidFile('layout/navbar.p...')
#1 C:\xampp\htdocs\Hera After sidang\system\View\View.php(424): CodeIgniter\View\View->render('layout/navbar', NULL, true)
#2 C:\xampp\htdocs\Hera After sidang\app\Views\Landing\layout\template1.php(370): CodeIgniter\View\View->include('layout/navbar')
#3 C:\xampp\htdocs\Hera After sidang\system\View\View.php(210): include('C:\\xampp\\htdocs...')
#4 C:\xampp\htdocs\Hera After sidang\system\View\View.php(213): CodeIgniter\View\View->CodeIgniter\View\{closure}()
#5 C:\xampp\htdocs\Hera After sidang\system\View\View.php(226): CodeIgniter\View\View->render('landing/layout/...', Array, true)
#6 C:\xampp\htdocs\Hera After sidang\system\Common.php(1089): CodeIgniter\View\View->render('Landing/Home/In...', Array, true)
#7 C:\xampp\htdocs\Hera After sidang\app\Controllers\Home.php(12): view('Landing/Home/In...')
#8 C:\xampp\htdocs\Hera After sidang\system\CodeIgniter.php(832): App\Controllers\Home->index()
#9 C:\xampp\htdocs\Hera After sidang\system\CodeIgniter.php(419): CodeIgniter\CodeIgniter->runController(Object(App\Controllers\Home))
#10 C:\xampp\htdocs\Hera After sidang\system\CodeIgniter.php(326): CodeIgniter\CodeIgniter->handleRequest(NULL, Object(Config\Cache), false)
#11 C:\xampp\htdocs\Hera After sidang\public\index.php(37): CodeIgniter\CodeIgniter->run()
#12 C:\xampp\htdocs\Hera After sidang\system\Commands\Server\rewrite.php(43): require_once('C:\\xampp\\htdocs...')
#13 {main}
CRITICAL - 2024-09-13 18:27:12 --> Invalid file: layout/navbar.php
#0 C:\xampp\htdocs\Hera After sidang\system\View\View.php(198): CodeIgniter\Exceptions\FrameworkException::forInvalidFile('layout/navbar.p...')
#1 C:\xampp\htdocs\Hera After sidang\system\View\View.php(424): CodeIgniter\View\View->render('layout/navbar', NULL, true)
#2 C:\xampp\htdocs\Hera After sidang\app\Views\Landing\layout\template1.php(370): CodeIgniter\View\View->include('layout/navbar')
#3 C:\xampp\htdocs\Hera After sidang\system\View\View.php(210): include('C:\\xampp\\htdocs...')
#4 C:\xampp\htdocs\Hera After sidang\system\View\View.php(213): CodeIgniter\View\View->CodeIgniter\View\{closure}()
#5 C:\xampp\htdocs\Hera After sidang\system\View\View.php(226): CodeIgniter\View\View->render('landing/layout/...', Array, true)
#6 C:\xampp\htdocs\Hera After sidang\system\Common.php(1089): CodeIgniter\View\View->render('Landing/Home/In...', Array, true)
#7 C:\xampp\htdocs\Hera After sidang\app\Controllers\Home.php(12): view('Landing/Home/In...')
#8 C:\xampp\htdocs\Hera After sidang\system\CodeIgniter.php(832): App\Controllers\Home->index()
#9 C:\xampp\htdocs\Hera After sidang\system\CodeIgniter.php(419): CodeIgniter\CodeIgniter->runController(Object(App\Controllers\Home))
#10 C:\xampp\htdocs\Hera After sidang\system\CodeIgniter.php(326): CodeIgniter\CodeIgniter->handleRequest(NULL, Object(Config\Cache), false)
#11 C:\xampp\htdocs\Hera After sidang\public\index.php(37): CodeIgniter\CodeIgniter->run()
#12 C:\xampp\htdocs\Hera After sidang\system\Commands\Server\rewrite.php(43): require_once('C:\\xampp\\htdocs...')
#13 {main}
CRITICAL - 2024-09-13 18:27:13 --> Invalid file: layout/navbar.php
#0 C:\xampp\htdocs\Hera After sidang\system\View\View.php(198): CodeIgniter\Exceptions\FrameworkException::forInvalidFile('layout/navbar.p...')
#1 C:\xampp\htdocs\Hera After sidang\system\View\View.php(424): CodeIgniter\View\View->render('layout/navbar', NULL, true)
#2 C:\xampp\htdocs\Hera After sidang\app\Views\Landing\layout\template1.php(370): CodeIgniter\View\View->include('layout/navbar')
#3 C:\xampp\htdocs\Hera After sidang\system\View\View.php(210): include('C:\\xampp\\htdocs...')
#4 C:\xampp\htdocs\Hera After sidang\system\View\View.php(213): CodeIgniter\View\View->CodeIgniter\View\{closure}()
#5 C:\xampp\htdocs\Hera After sidang\system\View\View.php(226): CodeIgniter\View\View->render('landing/layout/...', Array, true)
#6 C:\xampp\htdocs\Hera After sidang\system\Common.php(1089): CodeIgniter\View\View->render('Landing/Home/In...', Array, true)
#7 C:\xampp\htdocs\Hera After sidang\app\Controllers\Home.php(12): view('Landing/Home/In...')
#8 C:\xampp\htdocs\Hera After sidang\system\CodeIgniter.php(832): App\Controllers\Home->index()
#9 C:\xampp\htdocs\Hera After sidang\system\CodeIgniter.php(419): CodeIgniter\CodeIgniter->runController(Object(App\Controllers\Home))
#10 C:\xampp\htdocs\Hera After sidang\system\CodeIgniter.php(326): CodeIgniter\CodeIgniter->handleRequest(NULL, Object(Config\Cache), false)
#11 C:\xampp\htdocs\Hera After sidang\public\index.php(37): CodeIgniter\CodeIgniter->run()
#12 C:\xampp\htdocs\Hera After sidang\system\Commands\Server\rewrite.php(43): require_once('C:\\xampp\\htdocs...')
#13 {main}
CRITICAL - 2024-09-13 18:27:55 --> Invalid file: layout/navbar.php
#0 C:\xampp\htdocs\Hera After sidang\system\View\View.php(198): CodeIgniter\Exceptions\FrameworkException::forInvalidFile('layout/navbar.p...')
#1 C:\xampp\htdocs\Hera After sidang\system\View\View.php(424): CodeIgniter\View\View->render('layout/navbar', NULL, true)
#2 C:\xampp\htdocs\Hera After sidang\app\Views\Landing\layout\template1.php(370): CodeIgniter\View\View->include('layout/navbar')
#3 C:\xampp\htdocs\Hera After sidang\system\View\View.php(210): include('C:\\xampp\\htdocs...')
#4 C:\xampp\htdocs\Hera After sidang\system\View\View.php(213): CodeIgniter\View\View->CodeIgniter\View\{closure}()
#5 C:\xampp\htdocs\Hera After sidang\system\View\View.php(226): CodeIgniter\View\View->render('landing/layout/...', Array, true)
#6 C:\xampp\htdocs\Hera After sidang\system\Common.php(1089): CodeIgniter\View\View->render('Landing/Home/In...', Array, true)
#7 C:\xampp\htdocs\Hera After sidang\app\Controllers\Home.php(12): view('Landing/Home/In...')
#8 C:\xampp\htdocs\Hera After sidang\system\CodeIgniter.php(832): App\Controllers\Home->index()
#9 C:\xampp\htdocs\Hera After sidang\system\CodeIgniter.php(419): CodeIgniter\CodeIgniter->runController(Object(App\Controllers\Home))
#10 C:\xampp\htdocs\Hera After sidang\system\CodeIgniter.php(326): CodeIgniter\CodeIgniter->handleRequest(NULL, Object(Config\Cache), false)
#11 C:\xampp\htdocs\Hera After sidang\public\index.php(37): CodeIgniter\CodeIgniter->run()
#12 C:\xampp\htdocs\Hera After sidang\system\Commands\Server\rewrite.php(43): require_once('C:\\xampp\\htdocs...')
#13 {main}
CRITICAL - 2024-09-13 18:27:57 --> Invalid file: layout/navbar.php
#0 C:\xampp\htdocs\Hera After sidang\system\View\View.php(198): CodeIgniter\Exceptions\FrameworkException::forInvalidFile('layout/navbar.p...')
#1 C:\xampp\htdocs\Hera After sidang\system\View\View.php(424): CodeIgniter\View\View->render('layout/navbar', NULL, true)
#2 C:\xampp\htdocs\Hera After sidang\app\Views\Landing\layout\template1.php(370): CodeIgniter\View\View->include('layout/navbar')
#3 C:\xampp\htdocs\Hera After sidang\system\View\View.php(210): include('C:\\xampp\\htdocs...')
#4 C:\xampp\htdocs\Hera After sidang\system\View\View.php(213): CodeIgniter\View\View->CodeIgniter\View\{closure}()
#5 C:\xampp\htdocs\Hera After sidang\system\View\View.php(226): CodeIgniter\View\View->render('landing/layout/...', Array, true)
#6 C:\xampp\htdocs\Hera After sidang\system\Common.php(1089): CodeIgniter\View\View->render('Landing/Home/In...', Array, true)
#7 C:\xampp\htdocs\Hera After sidang\app\Controllers\Home.php(12): view('Landing/Home/In...')
#8 C:\xampp\htdocs\Hera After sidang\system\CodeIgniter.php(832): App\Controllers\Home->index()
#9 C:\xampp\htdocs\Hera After sidang\system\CodeIgniter.php(419): CodeIgniter\CodeIgniter->runController(Object(App\Controllers\Home))
#10 C:\xampp\htdocs\Hera After sidang\system\CodeIgniter.php(326): CodeIgniter\CodeIgniter->handleRequest(NULL, Object(Config\Cache), false)
#11 C:\xampp\htdocs\Hera After sidang\public\index.php(37): CodeIgniter\CodeIgniter->run()
#12 C:\xampp\htdocs\Hera After sidang\system\Commands\Server\rewrite.php(43): require_once('C:\\xampp\\htdocs...')
#13 {main}
CRITICAL - 2024-09-13 18:27:58 --> Invalid file: layout/navbar.php
#0 C:\xampp\htdocs\Hera After sidang\system\View\View.php(198): CodeIgniter\Exceptions\FrameworkException::forInvalidFile('layout/navbar.p...')
#1 C:\xampp\htdocs\Hera After sidang\system\View\View.php(424): CodeIgniter\View\View->render('layout/navbar', NULL, true)
#2 C:\xampp\htdocs\Hera After sidang\app\Views\Landing\layout\template1.php(370): CodeIgniter\View\View->include('layout/navbar')
#3 C:\xampp\htdocs\Hera After sidang\system\View\View.php(210): include('C:\\xampp\\htdocs...')
#4 C:\xampp\htdocs\Hera After sidang\system\View\View.php(213): CodeIgniter\View\View->CodeIgniter\View\{closure}()
#5 C:\xampp\htdocs\Hera After sidang\system\View\View.php(226): CodeIgniter\View\View->render('landing/layout/...', Array, true)
#6 C:\xampp\htdocs\Hera After sidang\system\Common.php(1089): CodeIgniter\View\View->render('Landing/Home/In...', Array, true)
#7 C:\xampp\htdocs\Hera After sidang\app\Controllers\Home.php(12): view('Landing/Home/In...')
#8 C:\xampp\htdocs\Hera After sidang\system\CodeIgniter.php(832): App\Controllers\Home->index()
#9 C:\xampp\htdocs\Hera After sidang\system\CodeIgniter.php(419): CodeIgniter\CodeIgniter->runController(Object(App\Controllers\Home))
#10 C:\xampp\htdocs\Hera After sidang\system\CodeIgniter.php(326): CodeIgniter\CodeIgniter->handleRequest(NULL, Object(Config\Cache), false)
#11 C:\xampp\htdocs\Hera After sidang\public\index.php(37): CodeIgniter\CodeIgniter->run()
#12 C:\xampp\htdocs\Hera After sidang\system\Commands\Server\rewrite.php(43): require_once('C:\\xampp\\htdocs...')
#13 {main}
CRITICAL - 2024-09-13 18:27:59 --> Invalid file: layout/navbar.php
#0 C:\xampp\htdocs\Hera After sidang\system\View\View.php(198): CodeIgniter\Exceptions\FrameworkException::forInvalidFile('layout/navbar.p...')
#1 C:\xampp\htdocs\Hera After sidang\system\View\View.php(424): CodeIgniter\View\View->render('layout/navbar', NULL, true)
#2 C:\xampp\htdocs\Hera After sidang\app\Views\Landing\layout\template1.php(370): CodeIgniter\View\View->include('layout/navbar')
#3 C:\xampp\htdocs\Hera After sidang\system\View\View.php(210): include('C:\\xampp\\htdocs...')
#4 C:\xampp\htdocs\Hera After sidang\system\View\View.php(213): CodeIgniter\View\View->CodeIgniter\View\{closure}()
#5 C:\xampp\htdocs\Hera After sidang\system\View\View.php(226): CodeIgniter\View\View->render('landing/layout/...', Array, true)
#6 C:\xampp\htdocs\Hera After sidang\system\Common.php(1089): CodeIgniter\View\View->render('Landing/Home/In...', Array, true)
#7 C:\xampp\htdocs\Hera After sidang\app\Controllers\Home.php(12): view('Landing/Home/In...')
#8 C:\xampp\htdocs\Hera After sidang\system\CodeIgniter.php(832): App\Controllers\Home->index()
#9 C:\xampp\htdocs\Hera After sidang\system\CodeIgniter.php(419): CodeIgniter\CodeIgniter->runController(Object(App\Controllers\Home))
#10 C:\xampp\htdocs\Hera After sidang\system\CodeIgniter.php(326): CodeIgniter\CodeIgniter->handleRequest(NULL, Object(Config\Cache), false)
#11 C:\xampp\htdocs\Hera After sidang\public\index.php(37): CodeIgniter\CodeIgniter->run()
#12 C:\xampp\htdocs\Hera After sidang\system\Commands\Server\rewrite.php(43): require_once('C:\\xampp\\htdocs...')
#13 {main}
CRITICAL - 2024-09-13 18:28:00 --> Invalid file: layout/navbar.php
#0 C:\xampp\htdocs\Hera After sidang\system\View\View.php(198): CodeIgniter\Exceptions\FrameworkException::forInvalidFile('layout/navbar.p...')
#1 C:\xampp\htdocs\Hera After sidang\system\View\View.php(424): CodeIgniter\View\View->render('layout/navbar', NULL, true)
#2 C:\xampp\htdocs\Hera After sidang\app\Views\Landing\layout\template1.php(370): CodeIgniter\View\View->include('layout/navbar')
#3 C:\xampp\htdocs\Hera After sidang\system\View\View.php(210): include('C:\\xampp\\htdocs...')
#4 C:\xampp\htdocs\Hera After sidang\system\View\View.php(213): CodeIgniter\View\View->CodeIgniter\View\{closure}()
#5 C:\xampp\htdocs\Hera After sidang\system\View\View.php(226): CodeIgniter\View\View->render('landing/layout/...', Array, true)
#6 C:\xampp\htdocs\Hera After sidang\system\Common.php(1089): CodeIgniter\View\View->render('Landing/Home/In...', Array, true)
#7 C:\xampp\htdocs\Hera After sidang\app\Controllers\Home.php(12): view('Landing/Home/In...')
#8 C:\xampp\htdocs\Hera After sidang\system\CodeIgniter.php(832): App\Controllers\Home->index()
#9 C:\xampp\htdocs\Hera After sidang\system\CodeIgniter.php(419): CodeIgniter\CodeIgniter->runController(Object(App\Controllers\Home))
#10 C:\xampp\htdocs\Hera After sidang\system\CodeIgniter.php(326): CodeIgniter\CodeIgniter->handleRequest(NULL, Object(Config\Cache), false)
#11 C:\xampp\htdocs\Hera After sidang\public\index.php(37): CodeIgniter\CodeIgniter->run()
#12 C:\xampp\htdocs\Hera After sidang\system\Commands\Server\rewrite.php(43): require_once('C:\\xampp\\htdocs...')
#13 {main}
CRITICAL - 2024-09-13 18:28:01 --> Invalid file: layout/navbar.php
#0 C:\xampp\htdocs\Hera After sidang\system\View\View.php(198): CodeIgniter\Exceptions\FrameworkException::forInvalidFile('layout/navbar.p...')
#1 C:\xampp\htdocs\Hera After sidang\system\View\View.php(424): CodeIgniter\View\View->render('layout/navbar', NULL, true)
#2 C:\xampp\htdocs\Hera After sidang\app\Views\Landing\layout\template1.php(370): CodeIgniter\View\View->include('layout/navbar')
#3 C:\xampp\htdocs\Hera After sidang\system\View\View.php(210): include('C:\\xampp\\htdocs...')
#4 C:\xampp\htdocs\Hera After sidang\system\View\View.php(213): CodeIgniter\View\View->CodeIgniter\View\{closure}()
#5 C:\xampp\htdocs\Hera After sidang\system\View\View.php(226): CodeIgniter\View\View->render('landing/layout/...', Array, true)
#6 C:\xampp\htdocs\Hera After sidang\system\Common.php(1089): CodeIgniter\View\View->render('Landing/Home/In...', Array, true)
#7 C:\xampp\htdocs\Hera After sidang\app\Controllers\Home.php(12): view('Landing/Home/In...')
#8 C:\xampp\htdocs\Hera After sidang\system\CodeIgniter.php(832): App\Controllers\Home->index()
#9 C:\xampp\htdocs\Hera After sidang\system\CodeIgniter.php(419): CodeIgniter\CodeIgniter->runController(Object(App\Controllers\Home))
#10 C:\xampp\htdocs\Hera After sidang\system\CodeIgniter.php(326): CodeIgniter\CodeIgniter->handleRequest(NULL, Object(Config\Cache), false)
#11 C:\xampp\htdocs\Hera After sidang\public\index.php(37): CodeIgniter\CodeIgniter->run()
#12 C:\xampp\htdocs\Hera After sidang\system\Commands\Server\rewrite.php(43): require_once('C:\\xampp\\htdocs...')
#13 {main}
CRITICAL - 2024-09-13 18:28:03 --> Invalid file: layout/navbar.php
#0 C:\xampp\htdocs\Hera After sidang\system\View\View.php(198): CodeIgniter\Exceptions\FrameworkException::forInvalidFile('layout/navbar.p...')
#1 C:\xampp\htdocs\Hera After sidang\system\View\View.php(424): CodeIgniter\View\View->render('layout/navbar', NULL, true)
#2 C:\xampp\htdocs\Hera After sidang\app\Views\Landing\layout\template1.php(370): CodeIgniter\View\View->include('layout/navbar')
#3 C:\xampp\htdocs\Hera After sidang\system\View\View.php(210): include('C:\\xampp\\htdocs...')
#4 C:\xampp\htdocs\Hera After sidang\system\View\View.php(213): CodeIgniter\View\View->CodeIgniter\View\{closure}()
#5 C:\xampp\htdocs\Hera After sidang\system\View\View.php(226): CodeIgniter\View\View->render('landing/layout/...', Array, true)
#6 C:\xampp\htdocs\Hera After sidang\system\Common.php(1089): CodeIgniter\View\View->render('Landing/Home/In...', Array, true)
#7 C:\xampp\htdocs\Hera After sidang\app\Controllers\Home.php(12): view('Landing/Home/In...')
#8 C:\xampp\htdocs\Hera After sidang\system\CodeIgniter.php(832): App\Controllers\Home->index()
#9 C:\xampp\htdocs\Hera After sidang\system\CodeIgniter.php(419): CodeIgniter\CodeIgniter->runController(Object(App\Controllers\Home))
#10 C:\xampp\htdocs\Hera After sidang\system\CodeIgniter.php(326): CodeIgniter\CodeIgniter->handleRequest(NULL, Object(Config\Cache), false)
#11 C:\xampp\htdocs\Hera After sidang\public\index.php(37): CodeIgniter\CodeIgniter->run()
#12 C:\xampp\htdocs\Hera After sidang\system\Commands\Server\rewrite.php(43): require_once('C:\\xampp\\htdocs...')
#13 {main}
CRITICAL - 2024-09-13 18:28:22 --> Invalid file: landing/layout/navbar.php
#0 C:\xampp\htdocs\Hera After sidang\system\View\View.php(198): CodeIgniter\Exceptions\FrameworkException::forInvalidFile('landing/layout/...')
#1 C:\xampp\htdocs\Hera After sidang\system\View\View.php(424): CodeIgniter\View\View->render('landing/layout/...', NULL, true)
#2 C:\xampp\htdocs\Hera After sidang\app\Views\Landing\layout\template1.php(370): CodeIgniter\View\View->include('landing/layout/...')
#3 C:\xampp\htdocs\Hera After sidang\system\View\View.php(210): include('C:\\xampp\\htdocs...')
#4 C:\xampp\htdocs\Hera After sidang\system\View\View.php(213): CodeIgniter\View\View->CodeIgniter\View\{closure}()
#5 C:\xampp\htdocs\Hera After sidang\system\View\View.php(226): CodeIgniter\View\View->render('landing/layout/...', Array, true)
#6 C:\xampp\htdocs\Hera After sidang\system\Common.php(1089): CodeIgniter\View\View->render('Landing/Home/In...', Array, true)
#7 C:\xampp\htdocs\Hera After sidang\app\Controllers\Home.php(12): view('Landing/Home/In...')
#8 C:\xampp\htdocs\Hera After sidang\system\CodeIgniter.php(832): App\Controllers\Home->index()
#9 C:\xampp\htdocs\Hera After sidang\system\CodeIgniter.php(419): CodeIgniter\CodeIgniter->runController(Object(App\Controllers\Home))
#10 C:\xampp\htdocs\Hera After sidang\system\CodeIgniter.php(326): CodeIgniter\CodeIgniter->handleRequest(NULL, Object(Config\Cache), false)
#11 C:\xampp\htdocs\Hera After sidang\public\index.php(37): CodeIgniter\CodeIgniter->run()
#12 C:\xampp\htdocs\Hera After sidang\system\Commands\Server\rewrite.php(43): require_once('C:\\xampp\\htdocs...')
#13 {main}
