ERROR - 2024-02-20 08:35:09 --> Unknown column 'masster_barang.kode_brg' in 'on clause'
CRITICAL - 2024-02-20 08:35:09 --> Unknown column 'masster_barang.kode_brg' in 'on clause'
#0 C:\xampp\htdocs\niuw rev\system\Database\MySQLi\Connection.php(292): mysqli->query('SELECT `inventa...', 0)
#1 C:\xampp\htdocs\niuw rev\system\Database\BaseConnection.php(670): CodeIgniter\Database\MySQLi\Connection->execute('SELECT `inventa...')
#2 C:\xampp\htdocs\niuw rev\system\Database\BaseConnection.php(598): CodeIgniter\Database\BaseConnection->simpleQuery('SELECT `inventa...')
#3 C:\xampp\htdocs\niuw rev\system\Database\BaseBuilder.php(1455): CodeIgniter\Database\BaseConnection->query('SELECT `inventa...', Array, false)
#4 C:\xampp\htdocs\niuw rev\app\Controllers\Admin.php(2402): CodeIgniter\Database\BaseBuilder->get()
#5 C:\xampp\htdocs\niuw rev\system\CodeIgniter.php(832): App\Controllers\Admin->cetak_qr()
#6 C:\xampp\htdocs\niuw rev\system\CodeIgniter.php(419): CodeIgniter\CodeIgniter->runController(Object(App\Controllers\Admin))
#7 C:\xampp\htdocs\niuw rev\system\CodeIgniter.php(326): CodeIgniter\CodeIgniter->handleRequest(NULL, Object(Config\Cache), false)
#8 C:\xampp\htdocs\niuw rev\public\index.php(37): CodeIgniter\CodeIgniter->run()
#9 C:\xampp\htdocs\niuw rev\system\Commands\Server\rewrite.php(43): require_once('C:\\xampp\\htdocs...')
#10 {main}
CRITICAL - 2024-02-20 08:35:34 --> Cannot use object of type stdClass as array
#0 C:\xampp\htdocs\niuw rev\system\View\View.php(210): include()
#1 C:\xampp\htdocs\niuw rev\system\View\View.php(213): CodeIgniter\View\View->CodeIgniter\View\{closure}()
#2 C:\xampp\htdocs\niuw rev\system\Common.php(1089): CodeIgniter\View\View->render('Admin/Laporan/L...', Array, true)
#3 C:\xampp\htdocs\niuw rev\app\Controllers\Admin.php(2406): view('Admin/Laporan/L...', Array)
#4 C:\xampp\htdocs\niuw rev\system\CodeIgniter.php(832): App\Controllers\Admin->cetak_qr()
#5 C:\xampp\htdocs\niuw rev\system\CodeIgniter.php(419): CodeIgniter\CodeIgniter->runController(Object(App\Controllers\Admin))
#6 C:\xampp\htdocs\niuw rev\system\CodeIgniter.php(326): CodeIgniter\CodeIgniter->handleRequest(NULL, Object(Config\Cache), false)
#7 C:\xampp\htdocs\niuw rev\public\index.php(37): CodeIgniter\CodeIgniter->run()
#8 C:\xampp\htdocs\niuw rev\system\Commands\Server\rewrite.php(43): require_once('C:\\xampp\\htdocs...')
#9 {main}
ERROR - 2024-02-20 09:25:09 --> Error connecting to the database: No connection could be made because the target machine actively refused it.

CRITICAL - 2024-02-20 09:25:09 --> Unable to connect to the database.
Main connection [MySQLi]: No connection could be made because the target machine actively refused it.

#0 C:\xampp\htdocs\niuw rev\system\Database\BaseConnection.php(577): CodeIgniter\Database\BaseConnection->initialize()
#1 C:\xampp\htdocs\niuw rev\system\Database\BaseBuilder.php(1455): CodeIgniter\Database\BaseConnection->query('SELECT *\nFROM `...', Array, false)
#2 C:\xampp\htdocs\niuw rev\system\Model.php(142): CodeIgniter\Database\BaseBuilder->get()
#3 C:\xampp\htdocs\niuw rev\system\BaseModel.php(523): CodeIgniter\Model->doFind(true, '1')
#4 C:\xampp\htdocs\niuw rev\vendor\myth\auth\src\Authentication\AuthenticationBase.php(130): CodeIgniter\BaseModel->find('1')
#5 C:\xampp\htdocs\niuw rev\vendor\myth\auth\src\Authentication\LocalAuthenticator.php(67): Myth\Auth\Authentication\AuthenticationBase->isLoggedIn()
#6 C:\xampp\htdocs\niuw rev\vendor\myth\auth\src\Filters\RoleFilter.php(21): Myth\Auth\Authentication\LocalAuthenticator->check()
#7 C:\xampp\htdocs\niuw rev\system\Filters\Filters.php(173): Myth\Auth\Filters\RoleFilter->before(Object(CodeIgniter\HTTP\IncomingRequest), Array)
#8 C:\xampp\htdocs\niuw rev\system\CodeIgniter.php(393): CodeIgniter\Filters\Filters->run('/', 'before')
#9 C:\xampp\htdocs\niuw rev\system\CodeIgniter.php(326): CodeIgniter\CodeIgniter->handleRequest(NULL, Object(Config\Cache), false)
#10 C:\xampp\htdocs\niuw rev\public\index.php(37): CodeIgniter\CodeIgniter->run()
#11 C:\xampp\htdocs\niuw rev\system\Commands\Server\rewrite.php(43): require_once('C:\\xampp\\htdocs...')
#12 {main}
ERROR - 2024-02-20 10:02:17 --> Error connecting to the database: No connection could be made because the target machine actively refused it.

CRITICAL - 2024-02-20 10:02:17 --> Unable to connect to the database.
Main connection [MySQLi]: No connection could be made because the target machine actively refused it.

#0 C:\xampp\htdocs\niuw rev\system\Database\BaseConnection.php(577): CodeIgniter\Database\BaseConnection->initialize()
#1 C:\xampp\htdocs\niuw rev\system\Database\BaseBuilder.php(1455): CodeIgniter\Database\BaseConnection->query('SELECT *\nFROM `...', Array, false)
#2 C:\xampp\htdocs\niuw rev\system\Model.php(142): CodeIgniter\Database\BaseBuilder->get()
#3 C:\xampp\htdocs\niuw rev\system\BaseModel.php(523): CodeIgniter\Model->doFind(true, '1')
#4 C:\xampp\htdocs\niuw rev\vendor\myth\auth\src\Authentication\AuthenticationBase.php(130): CodeIgniter\BaseModel->find('1')
#5 C:\xampp\htdocs\niuw rev\vendor\myth\auth\src\Authentication\LocalAuthenticator.php(67): Myth\Auth\Authentication\AuthenticationBase->isLoggedIn()
#6 C:\xampp\htdocs\niuw rev\vendor\myth\auth\src\Filters\RoleFilter.php(21): Myth\Auth\Authentication\LocalAuthenticator->check()
#7 C:\xampp\htdocs\niuw rev\system\Filters\Filters.php(173): Myth\Auth\Filters\RoleFilter->before(Object(CodeIgniter\HTTP\IncomingRequest), Array)
#8 C:\xampp\htdocs\niuw rev\system\CodeIgniter.php(393): CodeIgniter\Filters\Filters->run('/', 'before')
#9 C:\xampp\htdocs\niuw rev\system\CodeIgniter.php(326): CodeIgniter\CodeIgniter->handleRequest(NULL, Object(Config\Cache), false)
#10 C:\xampp\htdocs\niuw rev\public\index.php(37): CodeIgniter\CodeIgniter->run()
#11 C:\xampp\htdocs\niuw rev\system\Commands\Server\rewrite.php(43): require_once('C:\\xampp\\htdocs...')
#12 {main}
ERROR - 2024-02-20 12:48:56 --> Unknown column 'id_user' in 'where clause'
CRITICAL - 2024-02-20 12:48:56 --> Unknown column 'id_user' in 'where clause'
#0 C:\xampp\htdocs\niuw rev\system\Database\MySQLi\Connection.php(292): mysqli->query('SELECT *\nFROM `...', 0)
#1 C:\xampp\htdocs\niuw rev\system\Database\BaseConnection.php(670): CodeIgniter\Database\MySQLi\Connection->execute('SELECT *\nFROM `...')
#2 C:\xampp\htdocs\niuw rev\system\Database\BaseConnection.php(598): CodeIgniter\Database\BaseConnection->simpleQuery('SELECT *\nFROM `...')
#3 C:\xampp\htdocs\niuw rev\system\Database\BaseBuilder.php(1455): CodeIgniter\Database\BaseConnection->query('SELECT *\nFROM `...', Array, false)
#4 C:\xampp\htdocs\niuw rev\app\Controllers\Pegawai.php(681): CodeIgniter\Database\BaseBuilder->get()
#5 C:\xampp\htdocs\niuw rev\system\CodeIgniter.php(832): App\Controllers\Pegawai->pengadaan()
#6 C:\xampp\htdocs\niuw rev\system\CodeIgniter.php(419): CodeIgniter\CodeIgniter->runController(Object(App\Controllers\Pegawai))
#7 C:\xampp\htdocs\niuw rev\system\CodeIgniter.php(326): CodeIgniter\CodeIgniter->handleRequest(NULL, Object(Config\Cache), false)
#8 C:\xampp\htdocs\niuw rev\public\index.php(37): CodeIgniter\CodeIgniter->run()
#9 C:\xampp\htdocs\niuw rev\system\Commands\Server\rewrite.php(43): require_once('C:\\xampp\\htdocs...')
#10 {main}
ERROR - 2024-02-20 12:49:01 --> Unknown column 'id_user' in 'where clause'
CRITICAL - 2024-02-20 12:49:01 --> Unknown column 'id_user' in 'where clause'
#0 C:\xampp\htdocs\niuw rev\system\Database\MySQLi\Connection.php(292): mysqli->query('SELECT *\nFROM `...', 0)
#1 C:\xampp\htdocs\niuw rev\system\Database\BaseConnection.php(670): CodeIgniter\Database\MySQLi\Connection->execute('SELECT *\nFROM `...')
#2 C:\xampp\htdocs\niuw rev\system\Database\BaseConnection.php(598): CodeIgniter\Database\BaseConnection->simpleQuery('SELECT *\nFROM `...')
#3 C:\xampp\htdocs\niuw rev\system\Database\BaseBuilder.php(1455): CodeIgniter\Database\BaseConnection->query('SELECT *\nFROM `...', Array, false)
#4 C:\xampp\htdocs\niuw rev\app\Controllers\Pegawai.php(681): CodeIgniter\Database\BaseBuilder->get()
#5 C:\xampp\htdocs\niuw rev\system\CodeIgniter.php(832): App\Controllers\Pegawai->pengadaan()
#6 C:\xampp\htdocs\niuw rev\system\CodeIgniter.php(419): CodeIgniter\CodeIgniter->runController(Object(App\Controllers\Pegawai))
#7 C:\xampp\htdocs\niuw rev\system\CodeIgniter.php(326): CodeIgniter\CodeIgniter->handleRequest(NULL, Object(Config\Cache), false)
#8 C:\xampp\htdocs\niuw rev\public\index.php(37): CodeIgniter\CodeIgniter->run()
#9 C:\xampp\htdocs\niuw rev\system\Commands\Server\rewrite.php(43): require_once('C:\\xampp\\htdocs...')
#10 {main}
ERROR - 2024-02-20 12:49:49 --> Unknown column 'id_user' in 'where clause'
CRITICAL - 2024-02-20 12:49:49 --> Unknown column 'id_user' in 'where clause'
#0 C:\xampp\htdocs\niuw rev\system\Database\MySQLi\Connection.php(292): mysqli->query('SELECT *\nFROM `...', 0)
#1 C:\xampp\htdocs\niuw rev\system\Database\BaseConnection.php(670): CodeIgniter\Database\MySQLi\Connection->execute('SELECT *\nFROM `...')
#2 C:\xampp\htdocs\niuw rev\system\Database\BaseConnection.php(598): CodeIgniter\Database\BaseConnection->simpleQuery('SELECT *\nFROM `...')
#3 C:\xampp\htdocs\niuw rev\system\Database\BaseBuilder.php(1455): CodeIgniter\Database\BaseConnection->query('SELECT *\nFROM `...', Array, false)
#4 C:\xampp\htdocs\niuw rev\app\Controllers\Pegawai.php(681): CodeIgniter\Database\BaseBuilder->get()
#5 C:\xampp\htdocs\niuw rev\system\CodeIgniter.php(832): App\Controllers\Pegawai->pengadaan()
#6 C:\xampp\htdocs\niuw rev\system\CodeIgniter.php(419): CodeIgniter\CodeIgniter->runController(Object(App\Controllers\Pegawai))
#7 C:\xampp\htdocs\niuw rev\system\CodeIgniter.php(326): CodeIgniter\CodeIgniter->handleRequest(NULL, Object(Config\Cache), false)
#8 C:\xampp\htdocs\niuw rev\public\index.php(37): CodeIgniter\CodeIgniter->run()
#9 C:\xampp\htdocs\niuw rev\system\Commands\Server\rewrite.php(43): require_once('C:\\xampp\\htdocs...')
#10 {main}
ERROR - 2024-02-20 12:49:52 --> Unknown column 'id_user' in 'where clause'
CRITICAL - 2024-02-20 12:49:52 --> Unknown column 'id_user' in 'where clause'
#0 C:\xampp\htdocs\niuw rev\system\Database\MySQLi\Connection.php(292): mysqli->query('SELECT *\nFROM `...', 0)
#1 C:\xampp\htdocs\niuw rev\system\Database\BaseConnection.php(670): CodeIgniter\Database\MySQLi\Connection->execute('SELECT *\nFROM `...')
#2 C:\xampp\htdocs\niuw rev\system\Database\BaseConnection.php(598): CodeIgniter\Database\BaseConnection->simpleQuery('SELECT *\nFROM `...')
#3 C:\xampp\htdocs\niuw rev\system\Database\BaseBuilder.php(1455): CodeIgniter\Database\BaseConnection->query('SELECT *\nFROM `...', Array, false)
#4 C:\xampp\htdocs\niuw rev\app\Controllers\Pegawai.php(681): CodeIgniter\Database\BaseBuilder->get()
#5 C:\xampp\htdocs\niuw rev\system\CodeIgniter.php(832): App\Controllers\Pegawai->pengadaan()
#6 C:\xampp\htdocs\niuw rev\system\CodeIgniter.php(419): CodeIgniter\CodeIgniter->runController(Object(App\Controllers\Pegawai))
#7 C:\xampp\htdocs\niuw rev\system\CodeIgniter.php(326): CodeIgniter\CodeIgniter->handleRequest(NULL, Object(Config\Cache), false)
#8 C:\xampp\htdocs\niuw rev\public\index.php(37): CodeIgniter\CodeIgniter->run()
#9 C:\xampp\htdocs\niuw rev\system\Commands\Server\rewrite.php(43): require_once('C:\\xampp\\htdocs...')
#10 {main}
ERROR - 2024-02-20 12:51:05 --> Unknown column 'id_user' in 'where clause'
CRITICAL - 2024-02-20 12:51:05 --> Unknown column 'id_user' in 'where clause'
#0 C:\xampp\htdocs\niuw rev\system\Database\MySQLi\Connection.php(292): mysqli->query('SELECT *\nFROM `...', 0)
#1 C:\xampp\htdocs\niuw rev\system\Database\BaseConnection.php(670): CodeIgniter\Database\MySQLi\Connection->execute('SELECT *\nFROM `...')
#2 C:\xampp\htdocs\niuw rev\system\Database\BaseConnection.php(598): CodeIgniter\Database\BaseConnection->simpleQuery('SELECT *\nFROM `...')
#3 C:\xampp\htdocs\niuw rev\system\Database\BaseBuilder.php(1455): CodeIgniter\Database\BaseConnection->query('SELECT *\nFROM `...', Array, false)
#4 C:\xampp\htdocs\niuw rev\app\Controllers\Pegawai.php(680): CodeIgniter\Database\BaseBuilder->get()
#5 C:\xampp\htdocs\niuw rev\system\CodeIgniter.php(832): App\Controllers\Pegawai->pengadaan()
#6 C:\xampp\htdocs\niuw rev\system\CodeIgniter.php(419): CodeIgniter\CodeIgniter->runController(Object(App\Controllers\Pegawai))
#7 C:\xampp\htdocs\niuw rev\system\CodeIgniter.php(326): CodeIgniter\CodeIgniter->handleRequest(NULL, Object(Config\Cache), false)
#8 C:\xampp\htdocs\niuw rev\public\index.php(37): CodeIgniter\CodeIgniter->run()
#9 C:\xampp\htdocs\niuw rev\system\Commands\Server\rewrite.php(43): require_once('C:\\xampp\\htdocs...')
#10 {main}
ERROR - 2024-02-20 12:51:08 --> Unknown column 'id_user' in 'where clause'
CRITICAL - 2024-02-20 12:51:08 --> Unknown column 'id_user' in 'where clause'
#0 C:\xampp\htdocs\niuw rev\system\Database\MySQLi\Connection.php(292): mysqli->query('SELECT *\nFROM `...', 0)
#1 C:\xampp\htdocs\niuw rev\system\Database\BaseConnection.php(670): CodeIgniter\Database\MySQLi\Connection->execute('SELECT *\nFROM `...')
#2 C:\xampp\htdocs\niuw rev\system\Database\BaseConnection.php(598): CodeIgniter\Database\BaseConnection->simpleQuery('SELECT *\nFROM `...')
#3 C:\xampp\htdocs\niuw rev\system\Database\BaseBuilder.php(1455): CodeIgniter\Database\BaseConnection->query('SELECT *\nFROM `...', Array, false)
#4 C:\xampp\htdocs\niuw rev\app\Controllers\Pegawai.php(680): CodeIgniter\Database\BaseBuilder->get()
#5 C:\xampp\htdocs\niuw rev\system\CodeIgniter.php(832): App\Controllers\Pegawai->pengadaan()
#6 C:\xampp\htdocs\niuw rev\system\CodeIgniter.php(419): CodeIgniter\CodeIgniter->runController(Object(App\Controllers\Pegawai))
#7 C:\xampp\htdocs\niuw rev\system\CodeIgniter.php(326): CodeIgniter\CodeIgniter->handleRequest(NULL, Object(Config\Cache), false)
#8 C:\xampp\htdocs\niuw rev\public\index.php(37): CodeIgniter\CodeIgniter->run()
#9 C:\xampp\htdocs\niuw rev\system\Commands\Server\rewrite.php(43): require_once('C:\\xampp\\htdocs...')
#10 {main}
ERROR - 2024-02-20 13:02:34 --> Unknown column 'id_user' in 'where clause'
CRITICAL - 2024-02-20 13:02:34 --> Unknown column 'id_user' in 'where clause'
#0 C:\xampp\htdocs\niuw rev\system\Database\MySQLi\Connection.php(292): mysqli->query('SELECT *\nFROM `...', 0)
#1 C:\xampp\htdocs\niuw rev\system\Database\BaseConnection.php(670): CodeIgniter\Database\MySQLi\Connection->execute('SELECT *\nFROM `...')
#2 C:\xampp\htdocs\niuw rev\system\Database\BaseConnection.php(598): CodeIgniter\Database\BaseConnection->simpleQuery('SELECT *\nFROM `...')
#3 C:\xampp\htdocs\niuw rev\system\Database\BaseBuilder.php(1455): CodeIgniter\Database\BaseConnection->query('SELECT *\nFROM `...', Array, false)
#4 C:\xampp\htdocs\niuw rev\app\Controllers\Pegawai.php(97): CodeIgniter\Database\BaseBuilder->get()
#5 C:\xampp\htdocs\niuw rev\system\CodeIgniter.php(832): App\Controllers\Pegawai->profil('15')
#6 C:\xampp\htdocs\niuw rev\system\CodeIgniter.php(419): CodeIgniter\CodeIgniter->runController(Object(App\Controllers\Pegawai))
#7 C:\xampp\htdocs\niuw rev\system\CodeIgniter.php(326): CodeIgniter\CodeIgniter->handleRequest(NULL, Object(Config\Cache), false)
#8 C:\xampp\htdocs\niuw rev\public\index.php(37): CodeIgniter\CodeIgniter->run()
#9 C:\xampp\htdocs\niuw rev\system\Commands\Server\rewrite.php(43): require_once('C:\\xampp\\htdocs...')
#10 {main}
ERROR - 2024-02-20 13:03:06 --> Unknown column 'id_user' in 'where clause'
CRITICAL - 2024-02-20 13:03:06 --> Unknown column 'id_user' in 'where clause'
#0 C:\xampp\htdocs\niuw rev\system\Database\MySQLi\Connection.php(292): mysqli->query('SELECT *\nFROM `...', 0)
#1 C:\xampp\htdocs\niuw rev\system\Database\BaseConnection.php(670): CodeIgniter\Database\MySQLi\Connection->execute('SELECT *\nFROM `...')
#2 C:\xampp\htdocs\niuw rev\system\Database\BaseConnection.php(598): CodeIgniter\Database\BaseConnection->simpleQuery('SELECT *\nFROM `...')
#3 C:\xampp\htdocs\niuw rev\system\Database\BaseBuilder.php(1455): CodeIgniter\Database\BaseConnection->query('SELECT *\nFROM `...', Array, false)
#4 C:\xampp\htdocs\niuw rev\app\Controllers\Pegawai.php(97): CodeIgniter\Database\BaseBuilder->get()
#5 C:\xampp\htdocs\niuw rev\system\CodeIgniter.php(832): App\Controllers\Pegawai->profil('15')
#6 C:\xampp\htdocs\niuw rev\system\CodeIgniter.php(419): CodeIgniter\CodeIgniter->runController(Object(App\Controllers\Pegawai))
#7 C:\xampp\htdocs\niuw rev\system\CodeIgniter.php(326): CodeIgniter\CodeIgniter->handleRequest(NULL, Object(Config\Cache), false)
#8 C:\xampp\htdocs\niuw rev\public\index.php(37): CodeIgniter\CodeIgniter->run()
#9 C:\xampp\htdocs\niuw rev\system\Commands\Server\rewrite.php(43): require_once('C:\\xampp\\htdocs...')
#10 {main}
ERROR - 2024-02-20 13:03:25 --> Unknown column 'id_user' in 'where clause'
CRITICAL - 2024-02-20 13:03:25 --> Unknown column 'id_user' in 'where clause'
#0 C:\xampp\htdocs\niuw rev\system\Database\MySQLi\Connection.php(292): mysqli->query('SELECT *\nFROM `...', 0)
#1 C:\xampp\htdocs\niuw rev\system\Database\BaseConnection.php(670): CodeIgniter\Database\MySQLi\Connection->execute('SELECT *\nFROM `...')
#2 C:\xampp\htdocs\niuw rev\system\Database\BaseConnection.php(598): CodeIgniter\Database\BaseConnection->simpleQuery('SELECT *\nFROM `...')
#3 C:\xampp\htdocs\niuw rev\system\Database\BaseBuilder.php(1455): CodeIgniter\Database\BaseConnection->query('SELECT *\nFROM `...', Array, false)
#4 C:\xampp\htdocs\niuw rev\app\Controllers\Pegawai.php(97): CodeIgniter\Database\BaseBuilder->get()
#5 C:\xampp\htdocs\niuw rev\system\CodeIgniter.php(832): App\Controllers\Pegawai->profil('15')
#6 C:\xampp\htdocs\niuw rev\system\CodeIgniter.php(419): CodeIgniter\CodeIgniter->runController(Object(App\Controllers\Pegawai))
#7 C:\xampp\htdocs\niuw rev\system\CodeIgniter.php(326): CodeIgniter\CodeIgniter->handleRequest(NULL, Object(Config\Cache), false)
#8 C:\xampp\htdocs\niuw rev\public\index.php(37): CodeIgniter\CodeIgniter->run()
#9 C:\xampp\htdocs\niuw rev\system\Commands\Server\rewrite.php(43): require_once('C:\\xampp\\htdocs...')
#10 {main}
CRITICAL - 2024-02-20 13:18:58 --> Call to undefined method CodeIgniter\Session\Session::userdata()
#0 C:\xampp\htdocs\niuw rev\system\CodeIgniter.php(832): App\Controllers\Pegawai->pengadaan()
#1 C:\xampp\htdocs\niuw rev\system\CodeIgniter.php(419): CodeIgniter\CodeIgniter->runController(Object(App\Controllers\Pegawai))
#2 C:\xampp\htdocs\niuw rev\system\CodeIgniter.php(326): CodeIgniter\CodeIgniter->handleRequest(NULL, Object(Config\Cache), false)
#3 C:\xampp\htdocs\niuw rev\public\index.php(37): CodeIgniter\CodeIgniter->run()
#4 C:\xampp\htdocs\niuw rev\system\Commands\Server\rewrite.php(43): require_once('C:\\xampp\\htdocs...')
#5 {main}
CRITICAL - 2024-02-20 13:20:45 --> Undefined property: App\Controllers\Pegawai::$detailPengadaanModel
#0 C:\xampp\htdocs\niuw rev\app\Controllers\Pegawai.php(720): CodeIgniter\Debug\Exceptions->errorHandler(8, 'Undefined prope...', 'C:\\xampp\\htdocs...', 720, Array)
#1 C:\xampp\htdocs\niuw rev\system\CodeIgniter.php(832): App\Controllers\Pegawai->simpanPengadaan()
#2 C:\xampp\htdocs\niuw rev\system\CodeIgniter.php(419): CodeIgniter\CodeIgniter->runController(Object(App\Controllers\Pegawai))
#3 C:\xampp\htdocs\niuw rev\system\CodeIgniter.php(326): CodeIgniter\CodeIgniter->handleRequest(NULL, Object(Config\Cache), false)
#4 C:\xampp\htdocs\niuw rev\public\index.php(37): CodeIgniter\CodeIgniter->run()
#5 C:\xampp\htdocs\niuw rev\system\Commands\Server\rewrite.php(43): require_once('C:\\xampp\\htdocs...')
#6 {main}
CRITICAL - 2024-02-20 13:21:44 --> Undefined property: App\Controllers\Pegawai::$detailPengadaanModel
#0 C:\xampp\htdocs\niuw rev\app\Controllers\Pegawai.php(721): CodeIgniter\Debug\Exceptions->errorHandler(8, 'Undefined prope...', 'C:\\xampp\\htdocs...', 721, Array)
#1 C:\xampp\htdocs\niuw rev\system\CodeIgniter.php(832): App\Controllers\Pegawai->simpanPengadaan()
#2 C:\xampp\htdocs\niuw rev\system\CodeIgniter.php(419): CodeIgniter\CodeIgniter->runController(Object(App\Controllers\Pegawai))
#3 C:\xampp\htdocs\niuw rev\system\CodeIgniter.php(326): CodeIgniter\CodeIgniter->handleRequest(NULL, Object(Config\Cache), false)
#4 C:\xampp\htdocs\niuw rev\public\index.php(37): CodeIgniter\CodeIgniter->run()
#5 C:\xampp\htdocs\niuw rev\system\Commands\Server\rewrite.php(43): require_once('C:\\xampp\\htdocs...')
#6 {main}
CRITICAL - 2024-02-20 13:25:43 --> Undefined property: App\Controllers\Pegawai::$user
#0 C:\xampp\htdocs\niuw rev\app\Controllers\Pegawai.php(681): CodeIgniter\Debug\Exceptions->errorHandler(8, 'Undefined prope...', 'C:\\xampp\\htdocs...', 681, Array)
#1 C:\xampp\htdocs\niuw rev\system\CodeIgniter.php(832): App\Controllers\Pegawai->pengadaan()
#2 C:\xampp\htdocs\niuw rev\system\CodeIgniter.php(419): CodeIgniter\CodeIgniter->runController(Object(App\Controllers\Pegawai))
#3 C:\xampp\htdocs\niuw rev\system\CodeIgniter.php(326): CodeIgniter\CodeIgniter->handleRequest(NULL, Object(Config\Cache), false)
#4 C:\xampp\htdocs\niuw rev\public\index.php(37): CodeIgniter\CodeIgniter->run()
#5 C:\xampp\htdocs\niuw rev\system\Commands\Server\rewrite.php(43): require_once('C:\\xampp\\htdocs...')
#6 {main}
CRITICAL - 2024-02-20 16:26:08 --> Undefined variable: id_user
#0 C:\xampp\htdocs\niuw rev\app\Controllers\Pegawai.php(690): CodeIgniter\Debug\Exceptions->errorHandler(8, 'Undefined varia...', 'C:\\xampp\\htdocs...', 690, Array)
#1 C:\xampp\htdocs\niuw rev\system\CodeIgniter.php(832): App\Controllers\Pegawai->pengadaan()
#2 C:\xampp\htdocs\niuw rev\system\CodeIgniter.php(419): CodeIgniter\CodeIgniter->runController(Object(App\Controllers\Pegawai))
#3 C:\xampp\htdocs\niuw rev\system\CodeIgniter.php(326): CodeIgniter\CodeIgniter->handleRequest(NULL, Object(Config\Cache), false)
#4 C:\xampp\htdocs\niuw rev\public\index.php(37): CodeIgniter\CodeIgniter->run()
#5 C:\xampp\htdocs\niuw rev\system\Commands\Server\rewrite.php(43): require_once('C:\\xampp\\htdocs...')
#6 {main}
ERROR - 2024-02-20 16:42:33 --> Unknown column 'id_user' in 'where clause'
CRITICAL - 2024-02-20 16:42:33 --> Unknown column 'id_user' in 'where clause'
#0 C:\xampp\htdocs\niuw rev\system\Database\MySQLi\Connection.php(292): mysqli->query('SELECT *\nFROM `...', 0)
#1 C:\xampp\htdocs\niuw rev\system\Database\BaseConnection.php(670): CodeIgniter\Database\MySQLi\Connection->execute('SELECT *\nFROM `...')
#2 C:\xampp\htdocs\niuw rev\system\Database\BaseConnection.php(598): CodeIgniter\Database\BaseConnection->simpleQuery('SELECT *\nFROM `...')
#3 C:\xampp\htdocs\niuw rev\system\Database\BaseBuilder.php(1455): CodeIgniter\Database\BaseConnection->query('SELECT *\nFROM `...', Array, false)
#4 C:\xampp\htdocs\niuw rev\app\Controllers\Pegawai.php(50): CodeIgniter\Database\BaseBuilder->get()
#5 C:\xampp\htdocs\niuw rev\system\CodeIgniter.php(832): App\Controllers\Pegawai->index()
#6 C:\xampp\htdocs\niuw rev\system\CodeIgniter.php(419): CodeIgniter\CodeIgniter->runController(Object(App\Controllers\Pegawai))
#7 C:\xampp\htdocs\niuw rev\system\CodeIgniter.php(326): CodeIgniter\CodeIgniter->handleRequest(NULL, Object(Config\Cache), false)
#8 C:\xampp\htdocs\niuw rev\public\index.php(37): CodeIgniter\CodeIgniter->run()
#9 C:\xampp\htdocs\niuw rev\system\Commands\Server\rewrite.php(43): require_once('C:\\xampp\\htdocs...')
#10 {main}
ERROR - 2024-02-20 16:42:48 --> Unknown column 'id_user' in 'where clause'
CRITICAL - 2024-02-20 16:42:48 --> Unknown column 'id_user' in 'where clause'
#0 C:\xampp\htdocs\niuw rev\system\Database\MySQLi\Connection.php(292): mysqli->query('SELECT *\nFROM `...', 0)
#1 C:\xampp\htdocs\niuw rev\system\Database\BaseConnection.php(670): CodeIgniter\Database\MySQLi\Connection->execute('SELECT *\nFROM `...')
#2 C:\xampp\htdocs\niuw rev\system\Database\BaseConnection.php(598): CodeIgniter\Database\BaseConnection->simpleQuery('SELECT *\nFROM `...')
#3 C:\xampp\htdocs\niuw rev\system\Database\BaseBuilder.php(1455): CodeIgniter\Database\BaseConnection->query('SELECT *\nFROM `...', Array, false)
#4 C:\xampp\htdocs\niuw rev\app\Controllers\Pegawai.php(50): CodeIgniter\Database\BaseBuilder->get()
#5 C:\xampp\htdocs\niuw rev\system\CodeIgniter.php(832): App\Controllers\Pegawai->index()
#6 C:\xampp\htdocs\niuw rev\system\CodeIgniter.php(419): CodeIgniter\CodeIgniter->runController(Object(App\Controllers\Pegawai))
#7 C:\xampp\htdocs\niuw rev\system\CodeIgniter.php(326): CodeIgniter\CodeIgniter->handleRequest(NULL, Object(Config\Cache), false)
#8 C:\xampp\htdocs\niuw rev\public\index.php(37): CodeIgniter\CodeIgniter->run()
#9 C:\xampp\htdocs\niuw rev\system\Commands\Server\rewrite.php(43): require_once('C:\\xampp\\htdocs...')
#10 {main}
ERROR - 2024-02-20 16:43:27 --> Unknown column 'status' in 'where clause'
CRITICAL - 2024-02-20 16:43:27 --> Unknown column 'status' in 'where clause'
#0 C:\xampp\htdocs\niuw rev\system\Database\MySQLi\Connection.php(292): mysqli->query('SELECT *\nFROM `...', 0)
#1 C:\xampp\htdocs\niuw rev\system\Database\BaseConnection.php(670): CodeIgniter\Database\MySQLi\Connection->execute('SELECT *\nFROM `...')
#2 C:\xampp\htdocs\niuw rev\system\Database\BaseConnection.php(598): CodeIgniter\Database\BaseConnection->simpleQuery('SELECT *\nFROM `...')
#3 C:\xampp\htdocs\niuw rev\system\Database\BaseBuilder.php(1455): CodeIgniter\Database\BaseConnection->query('SELECT *\nFROM `...', Array, false)
#4 C:\xampp\htdocs\niuw rev\app\Controllers\Pegawai.php(51): CodeIgniter\Database\BaseBuilder->get()
#5 C:\xampp\htdocs\niuw rev\system\CodeIgniter.php(832): App\Controllers\Pegawai->index()
#6 C:\xampp\htdocs\niuw rev\system\CodeIgniter.php(419): CodeIgniter\CodeIgniter->runController(Object(App\Controllers\Pegawai))
#7 C:\xampp\htdocs\niuw rev\system\CodeIgniter.php(326): CodeIgniter\CodeIgniter->handleRequest(NULL, Object(Config\Cache), false)
#8 C:\xampp\htdocs\niuw rev\public\index.php(37): CodeIgniter\CodeIgniter->run()
#9 C:\xampp\htdocs\niuw rev\system\Commands\Server\rewrite.php(43): require_once('C:\\xampp\\htdocs...')
#10 {main}
ERROR - 2024-02-20 16:43:34 --> Unknown column 'status' in 'where clause'
CRITICAL - 2024-02-20 16:43:34 --> Unknown column 'status' in 'where clause'
#0 C:\xampp\htdocs\niuw rev\system\Database\MySQLi\Connection.php(292): mysqli->query('SELECT *\nFROM `...', 0)
#1 C:\xampp\htdocs\niuw rev\system\Database\BaseConnection.php(670): CodeIgniter\Database\MySQLi\Connection->execute('SELECT *\nFROM `...')
#2 C:\xampp\htdocs\niuw rev\system\Database\BaseConnection.php(598): CodeIgniter\Database\BaseConnection->simpleQuery('SELECT *\nFROM `...')
#3 C:\xampp\htdocs\niuw rev\system\Database\BaseBuilder.php(1455): CodeIgniter\Database\BaseConnection->query('SELECT *\nFROM `...', Array, false)
#4 C:\xampp\htdocs\niuw rev\app\Controllers\Pegawai.php(51): CodeIgniter\Database\BaseBuilder->get()
#5 C:\xampp\htdocs\niuw rev\system\CodeIgniter.php(832): App\Controllers\Pegawai->index()
#6 C:\xampp\htdocs\niuw rev\system\CodeIgniter.php(419): CodeIgniter\CodeIgniter->runController(Object(App\Controllers\Pegawai))
#7 C:\xampp\htdocs\niuw rev\system\CodeIgniter.php(326): CodeIgniter\CodeIgniter->handleRequest(NULL, Object(Config\Cache), false)
#8 C:\xampp\htdocs\niuw rev\public\index.php(37): CodeIgniter\CodeIgniter->run()
#9 C:\xampp\htdocs\niuw rev\system\Commands\Server\rewrite.php(43): require_once('C:\\xampp\\htdocs...')
#10 {main}
CRITICAL - 2024-02-20 16:44:14 --> Undefined variable: semua
#0 C:\xampp\htdocs\niuw rev\app\Views\Pegawai\Profil\Home.php(51): CodeIgniter\Debug\Exceptions->errorHandler(8, 'Undefined varia...', 'C:\\xampp\\htdocs...', 51, Array)
#1 C:\xampp\htdocs\niuw rev\system\View\View.php(210): include('C:\\xampp\\htdocs...')
#2 C:\xampp\htdocs\niuw rev\system\View\View.php(213): CodeIgniter\View\View->CodeIgniter\View\{closure}()
#3 C:\xampp\htdocs\niuw rev\system\Common.php(1089): CodeIgniter\View\View->render('Pegawai/Profil/...', Array, true)
#4 C:\xampp\htdocs\niuw rev\app\Controllers\Pegawai.php(62): view('Pegawai/Profil/...', Array)
#5 C:\xampp\htdocs\niuw rev\system\CodeIgniter.php(832): App\Controllers\Pegawai->index()
#6 C:\xampp\htdocs\niuw rev\system\CodeIgniter.php(419): CodeIgniter\CodeIgniter->runController(Object(App\Controllers\Pegawai))
#7 C:\xampp\htdocs\niuw rev\system\CodeIgniter.php(326): CodeIgniter\CodeIgniter->handleRequest(NULL, Object(Config\Cache), false)
#8 C:\xampp\htdocs\niuw rev\public\index.php(37): CodeIgniter\CodeIgniter->run()
#9 C:\xampp\htdocs\niuw rev\system\Commands\Server\rewrite.php(43): require_once('C:\\xampp\\htdocs...')
#10 {main}
ERROR - 2024-02-20 16:45:00 --> Unknown column 'status' in 'where clause'
CRITICAL - 2024-02-20 16:45:00 --> Unknown column 'status' in 'where clause'
#0 C:\xampp\htdocs\niuw rev\system\Database\MySQLi\Connection.php(292): mysqli->query('SELECT *\nFROM `...', 0)
#1 C:\xampp\htdocs\niuw rev\system\Database\BaseConnection.php(670): CodeIgniter\Database\MySQLi\Connection->execute('SELECT *\nFROM `...')
#2 C:\xampp\htdocs\niuw rev\system\Database\BaseConnection.php(598): CodeIgniter\Database\BaseConnection->simpleQuery('SELECT *\nFROM `...')
#3 C:\xampp\htdocs\niuw rev\system\Database\BaseBuilder.php(1455): CodeIgniter\Database\BaseConnection->query('SELECT *\nFROM `...', Array, false)
#4 C:\xampp\htdocs\niuw rev\app\Controllers\Pegawai.php(51): CodeIgniter\Database\BaseBuilder->get()
#5 C:\xampp\htdocs\niuw rev\system\CodeIgniter.php(832): App\Controllers\Pegawai->index()
#6 C:\xampp\htdocs\niuw rev\system\CodeIgniter.php(419): CodeIgniter\CodeIgniter->runController(Object(App\Controllers\Pegawai))
#7 C:\xampp\htdocs\niuw rev\system\CodeIgniter.php(326): CodeIgniter\CodeIgniter->handleRequest(NULL, Object(Config\Cache), false)
#8 C:\xampp\htdocs\niuw rev\public\index.php(37): CodeIgniter\CodeIgniter->run()
#9 C:\xampp\htdocs\niuw rev\system\Commands\Server\rewrite.php(43): require_once('C:\\xampp\\htdocs...')
#10 {main}
CRITICAL - 2024-02-20 16:47:54 --> Trying to access array offset on value of type null
#0 C:\xampp\htdocs\niuw rev\app\Views\Admin\Pengadaan\Detail_pengadaan.php(15): CodeIgniter\Debug\Exceptions->errorHandler(8, 'Trying to acces...', 'C:\\xampp\\htdocs...', 15, Array)
#1 C:\xampp\htdocs\niuw rev\system\View\View.php(210): include('C:\\xampp\\htdocs...')
#2 C:\xampp\htdocs\niuw rev\system\View\View.php(213): CodeIgniter\View\View->CodeIgniter\View\{closure}()
#3 C:\xampp\htdocs\niuw rev\system\Common.php(1089): CodeIgniter\View\View->render('Admin/Pengadaan...', Array, true)
#4 C:\xampp\htdocs\niuw rev\app\Controllers\Admin.php(2072): view('Admin/Pengadaan...', Array)
#5 C:\xampp\htdocs\niuw rev\system\CodeIgniter.php(832): App\Controllers\Admin->detailPengadaan('PG-202402200120...')
#6 C:\xampp\htdocs\niuw rev\system\CodeIgniter.php(419): CodeIgniter\CodeIgniter->runController(Object(App\Controllers\Admin))
#7 C:\xampp\htdocs\niuw rev\system\CodeIgniter.php(326): CodeIgniter\CodeIgniter->handleRequest(NULL, Object(Config\Cache), false)
#8 C:\xampp\htdocs\niuw rev\public\index.php(37): CodeIgniter\CodeIgniter->run()
#9 C:\xampp\htdocs\niuw rev\system\Commands\Server\rewrite.php(43): require_once('C:\\xampp\\htdocs...')
#10 {main}
ERROR - 2024-02-20 16:48:05 --> Unknown column 'status' in 'where clause'
CRITICAL - 2024-02-20 16:48:05 --> Unknown column 'status' in 'where clause'
#0 C:\xampp\htdocs\niuw rev\system\Database\MySQLi\Connection.php(292): mysqli->query('SELECT *\nFROM `...', 0)
#1 C:\xampp\htdocs\niuw rev\system\Database\BaseConnection.php(670): CodeIgniter\Database\MySQLi\Connection->execute('SELECT *\nFROM `...')
#2 C:\xampp\htdocs\niuw rev\system\Database\BaseConnection.php(598): CodeIgniter\Database\BaseConnection->simpleQuery('SELECT *\nFROM `...')
#3 C:\xampp\htdocs\niuw rev\system\Database\BaseBuilder.php(1455): CodeIgniter\Database\BaseConnection->query('SELECT *\nFROM `...', Array, false)
#4 C:\xampp\htdocs\niuw rev\app\Controllers\Pegawai.php(49): CodeIgniter\Database\BaseBuilder->get()
#5 C:\xampp\htdocs\niuw rev\system\CodeIgniter.php(832): App\Controllers\Pegawai->index()
#6 C:\xampp\htdocs\niuw rev\system\CodeIgniter.php(419): CodeIgniter\CodeIgniter->runController(Object(App\Controllers\Pegawai))
#7 C:\xampp\htdocs\niuw rev\system\CodeIgniter.php(326): CodeIgniter\CodeIgniter->handleRequest(NULL, Object(Config\Cache), false)
#8 C:\xampp\htdocs\niuw rev\public\index.php(37): CodeIgniter\CodeIgniter->run()
#9 C:\xampp\htdocs\niuw rev\system\Commands\Server\rewrite.php(43): require_once('C:\\xampp\\htdocs...')
#10 {main}
ERROR - 2024-02-20 16:49:50 --> Unknown column 'permintaan_barang.id' in 'on clause'
CRITICAL - 2024-02-20 16:49:50 --> Unknown column 'permintaan_barang.id' in 'on clause'
#0 C:\xampp\htdocs\niuw rev\system\Database\MySQLi\Connection.php(292): mysqli->query('SELECT *\nFROM `...', 0)
#1 C:\xampp\htdocs\niuw rev\system\Database\BaseConnection.php(670): CodeIgniter\Database\MySQLi\Connection->execute('SELECT *\nFROM `...')
#2 C:\xampp\htdocs\niuw rev\system\Database\BaseConnection.php(598): CodeIgniter\Database\BaseConnection->simpleQuery('SELECT *\nFROM `...')
#3 C:\xampp\htdocs\niuw rev\system\Database\BaseBuilder.php(1455): CodeIgniter\Database\BaseConnection->query('SELECT *\nFROM `...', Array, false)
#4 C:\xampp\htdocs\niuw rev\app\Controllers\Pegawai.php(51): CodeIgniter\Database\BaseBuilder->get()
#5 C:\xampp\htdocs\niuw rev\system\CodeIgniter.php(832): App\Controllers\Pegawai->index()
#6 C:\xampp\htdocs\niuw rev\system\CodeIgniter.php(419): CodeIgniter\CodeIgniter->runController(Object(App\Controllers\Pegawai))
#7 C:\xampp\htdocs\niuw rev\system\CodeIgniter.php(326): CodeIgniter\CodeIgniter->handleRequest(NULL, Object(Config\Cache), false)
#8 C:\xampp\htdocs\niuw rev\public\index.php(37): CodeIgniter\CodeIgniter->run()
#9 C:\xampp\htdocs\niuw rev\system\Commands\Server\rewrite.php(43): require_once('C:\\xampp\\htdocs...')
#10 {main}
ERROR - 2024-02-20 16:52:36 --> Unknown column 'detail_permintaan_barang.id_user' in 'where clause'
CRITICAL - 2024-02-20 16:52:36 --> Unknown column 'detail_permintaan_barang.id_user' in 'where clause'
#0 C:\xampp\htdocs\niuw rev\system\Database\MySQLi\Connection.php(292): mysqli->query('SELECT *\nFROM `...', 0)
#1 C:\xampp\htdocs\niuw rev\system\Database\BaseConnection.php(670): CodeIgniter\Database\MySQLi\Connection->execute('SELECT *\nFROM `...')
#2 C:\xampp\htdocs\niuw rev\system\Database\BaseConnection.php(598): CodeIgniter\Database\BaseConnection->simpleQuery('SELECT *\nFROM `...')
#3 C:\xampp\htdocs\niuw rev\system\Database\BaseBuilder.php(1455): CodeIgniter\Database\BaseConnection->query('SELECT *\nFROM `...', Array, false)
#4 C:\xampp\htdocs\niuw rev\app\Controllers\Pegawai.php(52): CodeIgniter\Database\BaseBuilder->get()
#5 C:\xampp\htdocs\niuw rev\system\CodeIgniter.php(832): App\Controllers\Pegawai->index()
#6 C:\xampp\htdocs\niuw rev\system\CodeIgniter.php(419): CodeIgniter\CodeIgniter->runController(Object(App\Controllers\Pegawai))
#7 C:\xampp\htdocs\niuw rev\system\CodeIgniter.php(326): CodeIgniter\CodeIgniter->handleRequest(NULL, Object(Config\Cache), false)
#8 C:\xampp\htdocs\niuw rev\public\index.php(37): CodeIgniter\CodeIgniter->run()
#9 C:\xampp\htdocs\niuw rev\system\Commands\Server\rewrite.php(43): require_once('C:\\xampp\\htdocs...')
#10 {main}
ERROR - 2024-02-20 16:53:45 --> Unknown column 'detail_permintaan_barang.status' in 'where clause'
CRITICAL - 2024-02-20 16:53:45 --> Unknown column 'detail_permintaan_barang.status' in 'where clause'
#0 C:\xampp\htdocs\niuw rev\system\Database\MySQLi\Connection.php(292): mysqli->query('SELECT *\nFROM `...', 0)
#1 C:\xampp\htdocs\niuw rev\system\Database\BaseConnection.php(670): CodeIgniter\Database\MySQLi\Connection->execute('SELECT *\nFROM `...')
#2 C:\xampp\htdocs\niuw rev\system\Database\BaseConnection.php(598): CodeIgniter\Database\BaseConnection->simpleQuery('SELECT *\nFROM `...')
#3 C:\xampp\htdocs\niuw rev\system\Database\BaseBuilder.php(1455): CodeIgniter\Database\BaseConnection->query('SELECT *\nFROM `...', Array, false)
#4 C:\xampp\htdocs\niuw rev\app\Controllers\Pegawai.php(52): CodeIgniter\Database\BaseBuilder->get()
#5 C:\xampp\htdocs\niuw rev\system\CodeIgniter.php(832): App\Controllers\Pegawai->index()
#6 C:\xampp\htdocs\niuw rev\system\CodeIgniter.php(419): CodeIgniter\CodeIgniter->runController(Object(App\Controllers\Pegawai))
#7 C:\xampp\htdocs\niuw rev\system\CodeIgniter.php(326): CodeIgniter\CodeIgniter->handleRequest(NULL, Object(Config\Cache), false)
#8 C:\xampp\htdocs\niuw rev\public\index.php(37): CodeIgniter\CodeIgniter->run()
#9 C:\xampp\htdocs\niuw rev\system\Commands\Server\rewrite.php(43): require_once('C:\\xampp\\htdocs...')
#10 {main}
ERROR - 2024-02-20 16:54:31 --> Unknown column 'detail_permintaan_barang.status' in 'where clause'
CRITICAL - 2024-02-20 16:54:31 --> Unknown column 'detail_permintaan_barang.status' in 'where clause'
#0 C:\xampp\htdocs\niuw rev\system\Database\MySQLi\Connection.php(292): mysqli->query('SELECT *\nFROM `...', 0)
#1 C:\xampp\htdocs\niuw rev\system\Database\BaseConnection.php(670): CodeIgniter\Database\MySQLi\Connection->execute('SELECT *\nFROM `...')
#2 C:\xampp\htdocs\niuw rev\system\Database\BaseConnection.php(598): CodeIgniter\Database\BaseConnection->simpleQuery('SELECT *\nFROM `...')
#3 C:\xampp\htdocs\niuw rev\system\Database\BaseBuilder.php(1455): CodeIgniter\Database\BaseConnection->query('SELECT *\nFROM `...', Array, false)
#4 C:\xampp\htdocs\niuw rev\app\Controllers\Pegawai.php(53): CodeIgniter\Database\BaseBuilder->get()
#5 C:\xampp\htdocs\niuw rev\system\CodeIgniter.php(832): App\Controllers\Pegawai->index()
#6 C:\xampp\htdocs\niuw rev\system\CodeIgniter.php(419): CodeIgniter\CodeIgniter->runController(Object(App\Controllers\Pegawai))
#7 C:\xampp\htdocs\niuw rev\system\CodeIgniter.php(326): CodeIgniter\CodeIgniter->handleRequest(NULL, Object(Config\Cache), false)
#8 C:\xampp\htdocs\niuw rev\public\index.php(37): CodeIgniter\CodeIgniter->run()
#9 C:\xampp\htdocs\niuw rev\system\Commands\Server\rewrite.php(43): require_once('C:\\xampp\\htdocs...')
#10 {main}
ERROR - 2024-02-20 16:56:42 --> Unknown column 'detail_permintaan_barang.status' in 'where clause'
CRITICAL - 2024-02-20 16:56:42 --> Unknown column 'detail_permintaan_barang.status' in 'where clause'
#0 C:\xampp\htdocs\niuw rev\system\Database\MySQLi\Connection.php(292): mysqli->query('SELECT `permint...', 0)
#1 C:\xampp\htdocs\niuw rev\system\Database\BaseConnection.php(670): CodeIgniter\Database\MySQLi\Connection->execute('SELECT `permint...')
#2 C:\xampp\htdocs\niuw rev\system\Database\BaseConnection.php(598): CodeIgniter\Database\BaseConnection->simpleQuery('SELECT `permint...')
#3 C:\xampp\htdocs\niuw rev\system\Database\BaseBuilder.php(1455): CodeIgniter\Database\BaseConnection->query('SELECT `permint...', Array, false)
#4 C:\xampp\htdocs\niuw rev\app\Controllers\Pegawai.php(54): CodeIgniter\Database\BaseBuilder->get()
#5 C:\xampp\htdocs\niuw rev\system\CodeIgniter.php(832): App\Controllers\Pegawai->index()
#6 C:\xampp\htdocs\niuw rev\system\CodeIgniter.php(419): CodeIgniter\CodeIgniter->runController(Object(App\Controllers\Pegawai))
#7 C:\xampp\htdocs\niuw rev\system\CodeIgniter.php(326): CodeIgniter\CodeIgniter->handleRequest(NULL, Object(Config\Cache), false)
#8 C:\xampp\htdocs\niuw rev\public\index.php(37): CodeIgniter\CodeIgniter->run()
#9 C:\xampp\htdocs\niuw rev\system\Commands\Server\rewrite.php(43): require_once('C:\\xampp\\htdocs...')
#10 {main}
CRITICAL - 2024-02-20 17:00:43 --> Undefined variable: userlogin
#0 C:\xampp\htdocs\niuw rev\app\Controllers\Pegawai.php(48): CodeIgniter\Debug\Exceptions->errorHandler(8, 'Undefined varia...', 'C:\\xampp\\htdocs...', 48, Array)
#1 C:\xampp\htdocs\niuw rev\system\CodeIgniter.php(832): App\Controllers\Pegawai->index()
#2 C:\xampp\htdocs\niuw rev\system\CodeIgniter.php(419): CodeIgniter\CodeIgniter->runController(Object(App\Controllers\Pegawai))
#3 C:\xampp\htdocs\niuw rev\system\CodeIgniter.php(326): CodeIgniter\CodeIgniter->handleRequest(NULL, Object(Config\Cache), false)
#4 C:\xampp\htdocs\niuw rev\public\index.php(37): CodeIgniter\CodeIgniter->run()
#5 C:\xampp\htdocs\niuw rev\system\Commands\Server\rewrite.php(43): require_once('C:\\xampp\\htdocs...')
#6 {main}
ERROR - 2024-02-20 17:02:29 --> Unknown column 'detail_permintaan_barang.status' in 'where clause'
CRITICAL - 2024-02-20 17:02:29 --> Unknown column 'detail_permintaan_barang.status' in 'where clause'
#0 C:\xampp\htdocs\niuw rev\system\Database\MySQLi\Connection.php(292): mysqli->query('SELECT `permint...', 0)
#1 C:\xampp\htdocs\niuw rev\system\Database\BaseConnection.php(670): CodeIgniter\Database\MySQLi\Connection->execute('SELECT `permint...')
#2 C:\xampp\htdocs\niuw rev\system\Database\BaseConnection.php(598): CodeIgniter\Database\BaseConnection->simpleQuery('SELECT `permint...')
#3 C:\xampp\htdocs\niuw rev\system\Database\BaseBuilder.php(1455): CodeIgniter\Database\BaseConnection->query('SELECT `permint...', Array, false)
#4 C:\xampp\htdocs\niuw rev\app\Controllers\Pegawai.php(51): CodeIgniter\Database\BaseBuilder->get()
#5 C:\xampp\htdocs\niuw rev\system\CodeIgniter.php(832): App\Controllers\Pegawai->index()
#6 C:\xampp\htdocs\niuw rev\system\CodeIgniter.php(419): CodeIgniter\CodeIgniter->runController(Object(App\Controllers\Pegawai))
#7 C:\xampp\htdocs\niuw rev\system\CodeIgniter.php(326): CodeIgniter\CodeIgniter->handleRequest(NULL, Object(Config\Cache), false)
#8 C:\xampp\htdocs\niuw rev\public\index.php(37): CodeIgniter\CodeIgniter->run()
#9 C:\xampp\htdocs\niuw rev\system\Commands\Server\rewrite.php(43): require_once('C:\\xampp\\htdocs...')
#10 {main}
ERROR - 2024-02-20 17:08:07 --> Unknown column 'detail_permintaan_barang.status' in 'where clause'
CRITICAL - 2024-02-20 17:08:07 --> Unknown column 'detail_permintaan_barang.status' in 'where clause'
#0 C:\xampp\htdocs\niuw rev\system\Database\MySQLi\Connection.php(292): mysqli->query('SELECT `permint...', 0)
#1 C:\xampp\htdocs\niuw rev\system\Database\BaseConnection.php(670): CodeIgniter\Database\MySQLi\Connection->execute('SELECT `permint...')
#2 C:\xampp\htdocs\niuw rev\system\Database\BaseConnection.php(598): CodeIgniter\Database\BaseConnection->simpleQuery('SELECT `permint...')
#3 C:\xampp\htdocs\niuw rev\system\Database\BaseBuilder.php(1455): CodeIgniter\Database\BaseConnection->query('SELECT `permint...', Array, false)
#4 C:\xampp\htdocs\niuw rev\app\Controllers\Pegawai.php(54): CodeIgniter\Database\BaseBuilder->get()
#5 C:\xampp\htdocs\niuw rev\system\CodeIgniter.php(832): App\Controllers\Pegawai->index()
#6 C:\xampp\htdocs\niuw rev\system\CodeIgniter.php(419): CodeIgniter\CodeIgniter->runController(Object(App\Controllers\Pegawai))
#7 C:\xampp\htdocs\niuw rev\system\CodeIgniter.php(326): CodeIgniter\CodeIgniter->handleRequest(NULL, Object(Config\Cache), false)
#8 C:\xampp\htdocs\niuw rev\public\index.php(37): CodeIgniter\CodeIgniter->run()
#9 C:\xampp\htdocs\niuw rev\system\Commands\Server\rewrite.php(43): require_once('C:\\xampp\\htdocs...')
#10 {main}
ERROR - 2024-02-20 17:15:25 --> Unknown column 'detail_permintaan_barang.status' in 'field list'
CRITICAL - 2024-02-20 17:15:25 --> Unknown column 'detail_permintaan_barang.status' in 'field list'
#0 C:\xampp\htdocs\niuw rev\system\Database\MySQLi\Connection.php(292): mysqli->query('SELECT `permint...', 0)
#1 C:\xampp\htdocs\niuw rev\system\Database\BaseConnection.php(670): CodeIgniter\Database\MySQLi\Connection->execute('SELECT `permint...')
#2 C:\xampp\htdocs\niuw rev\system\Database\BaseConnection.php(598): CodeIgniter\Database\BaseConnection->simpleQuery('SELECT `permint...')
#3 C:\xampp\htdocs\niuw rev\system\Database\BaseBuilder.php(1455): CodeIgniter\Database\BaseConnection->query('SELECT `permint...', Array, false)
#4 C:\xampp\htdocs\niuw rev\app\Controllers\Pegawai.php(82): CodeIgniter\Database\BaseBuilder->get()
#5 C:\xampp\htdocs\niuw rev\system\CodeIgniter.php(832): App\Controllers\Pegawai->index()
#6 C:\xampp\htdocs\niuw rev\system\CodeIgniter.php(419): CodeIgniter\CodeIgniter->runController(Object(App\Controllers\Pegawai))
#7 C:\xampp\htdocs\niuw rev\system\CodeIgniter.php(326): CodeIgniter\CodeIgniter->handleRequest(NULL, Object(Config\Cache), false)
#8 C:\xampp\htdocs\niuw rev\public\index.php(37): CodeIgniter\CodeIgniter->run()
#9 C:\xampp\htdocs\niuw rev\system\Commands\Server\rewrite.php(43): require_once('C:\\xampp\\htdocs...')
#10 {main}
ERROR - 2024-02-20 17:16:16 --> Unknown column 'detail_permintaan_barang.status' in 'field list'
CRITICAL - 2024-02-20 17:16:16 --> Unknown column 'detail_permintaan_barang.status' in 'field list'
#0 C:\xampp\htdocs\niuw rev\system\Database\MySQLi\Connection.php(292): mysqli->query('SELECT `permint...', 0)
#1 C:\xampp\htdocs\niuw rev\system\Database\BaseConnection.php(670): CodeIgniter\Database\MySQLi\Connection->execute('SELECT `permint...')
#2 C:\xampp\htdocs\niuw rev\system\Database\BaseConnection.php(598): CodeIgniter\Database\BaseConnection->simpleQuery('SELECT `permint...')
#3 C:\xampp\htdocs\niuw rev\system\Database\BaseBuilder.php(1455): CodeIgniter\Database\BaseConnection->query('SELECT `permint...', Array, false)
#4 C:\xampp\htdocs\niuw rev\app\Controllers\Pegawai.php(82): CodeIgniter\Database\BaseBuilder->get()
#5 C:\xampp\htdocs\niuw rev\system\CodeIgniter.php(832): App\Controllers\Pegawai->index()
#6 C:\xampp\htdocs\niuw rev\system\CodeIgniter.php(419): CodeIgniter\CodeIgniter->runController(Object(App\Controllers\Pegawai))
#7 C:\xampp\htdocs\niuw rev\system\CodeIgniter.php(326): CodeIgniter\CodeIgniter->handleRequest(NULL, Object(Config\Cache), false)
#8 C:\xampp\htdocs\niuw rev\public\index.php(37): CodeIgniter\CodeIgniter->run()
#9 C:\xampp\htdocs\niuw rev\system\Commands\Server\rewrite.php(43): require_once('C:\\xampp\\htdocs...')
#10 {main}
ERROR - 2024-02-20 17:17:13 --> Unknown column 'detail_permintaan_barang.status' in 'field list'
CRITICAL - 2024-02-20 17:17:13 --> Unknown column 'detail_permintaan_barang.status' in 'field list'
#0 C:\xampp\htdocs\niuw rev\system\Database\MySQLi\Connection.php(292): mysqli->query('SELECT `permint...', 0)
#1 C:\xampp\htdocs\niuw rev\system\Database\BaseConnection.php(670): CodeIgniter\Database\MySQLi\Connection->execute('SELECT `permint...')
#2 C:\xampp\htdocs\niuw rev\system\Database\BaseConnection.php(598): CodeIgniter\Database\BaseConnection->simpleQuery('SELECT `permint...')
#3 C:\xampp\htdocs\niuw rev\system\Database\BaseBuilder.php(1455): CodeIgniter\Database\BaseConnection->query('SELECT `permint...', Array, false)
#4 C:\xampp\htdocs\niuw rev\app\Controllers\Pegawai.php(82): CodeIgniter\Database\BaseBuilder->get()
#5 C:\xampp\htdocs\niuw rev\system\CodeIgniter.php(832): App\Controllers\Pegawai->index()
#6 C:\xampp\htdocs\niuw rev\system\CodeIgniter.php(419): CodeIgniter\CodeIgniter->runController(Object(App\Controllers\Pegawai))
#7 C:\xampp\htdocs\niuw rev\system\CodeIgniter.php(326): CodeIgniter\CodeIgniter->handleRequest(NULL, Object(Config\Cache), false)
#8 C:\xampp\htdocs\niuw rev\public\index.php(37): CodeIgniter\CodeIgniter->run()
#9 C:\xampp\htdocs\niuw rev\system\Commands\Server\rewrite.php(43): require_once('C:\\xampp\\htdocs...')
#10 {main}
CRITICAL - 2024-02-20 17:20:50 --> Call to a member function select() on array
#0 C:\xampp\htdocs\niuw rev\system\CodeIgniter.php(832): App\Controllers\Pegawai->index()
#1 C:\xampp\htdocs\niuw rev\system\CodeIgniter.php(419): CodeIgniter\CodeIgniter->runController(Object(App\Controllers\Pegawai))
#2 C:\xampp\htdocs\niuw rev\system\CodeIgniter.php(326): CodeIgniter\CodeIgniter->handleRequest(NULL, Object(Config\Cache), false)
#3 C:\xampp\htdocs\niuw rev\public\index.php(37): CodeIgniter\CodeIgniter->run()
#4 C:\xampp\htdocs\niuw rev\system\Commands\Server\rewrite.php(43): require_once('C:\\xampp\\htdocs...')
#5 {main}
ERROR - 2024-02-20 17:22:21 --> Unknown column 'detail_permintaan_barang.status' in 'field list'
CRITICAL - 2024-02-20 17:22:21 --> Unknown column 'detail_permintaan_barang.status' in 'field list'
#0 C:\xampp\htdocs\niuw rev\system\Database\MySQLi\Connection.php(292): mysqli->query('SELECT `permint...', 0)
#1 C:\xampp\htdocs\niuw rev\system\Database\BaseConnection.php(670): CodeIgniter\Database\MySQLi\Connection->execute('SELECT `permint...')
#2 C:\xampp\htdocs\niuw rev\system\Database\BaseConnection.php(598): CodeIgniter\Database\BaseConnection->simpleQuery('SELECT `permint...')
#3 C:\xampp\htdocs\niuw rev\system\Database\BaseBuilder.php(1455): CodeIgniter\Database\BaseConnection->query('SELECT `permint...', Array, false)
#4 C:\xampp\htdocs\niuw rev\app\Controllers\Pegawai.php(88): CodeIgniter\Database\BaseBuilder->get()
#5 C:\xampp\htdocs\niuw rev\system\CodeIgniter.php(832): App\Controllers\Pegawai->index()
#6 C:\xampp\htdocs\niuw rev\system\CodeIgniter.php(419): CodeIgniter\CodeIgniter->runController(Object(App\Controllers\Pegawai))
#7 C:\xampp\htdocs\niuw rev\system\CodeIgniter.php(326): CodeIgniter\CodeIgniter->handleRequest(NULL, Object(Config\Cache), false)
#8 C:\xampp\htdocs\niuw rev\public\index.php(37): CodeIgniter\CodeIgniter->run()
#9 C:\xampp\htdocs\niuw rev\system\Commands\Server\rewrite.php(43): require_once('C:\\xampp\\htdocs...')
#10 {main}
CRITICAL - 2024-02-20 17:23:23 --> Undefined variable: builder
#0 C:\xampp\htdocs\niuw rev\app\Controllers\Pegawai.php(84): CodeIgniter\Debug\Exceptions->errorHandler(8, 'Undefined varia...', 'C:\\xampp\\htdocs...', 84, Array)
#1 C:\xampp\htdocs\niuw rev\system\CodeIgniter.php(832): App\Controllers\Pegawai->index()
#2 C:\xampp\htdocs\niuw rev\system\CodeIgniter.php(419): CodeIgniter\CodeIgniter->runController(Object(App\Controllers\Pegawai))
#3 C:\xampp\htdocs\niuw rev\system\CodeIgniter.php(326): CodeIgniter\CodeIgniter->handleRequest(NULL, Object(Config\Cache), false)
#4 C:\xampp\htdocs\niuw rev\public\index.php(37): CodeIgniter\CodeIgniter->run()
#5 C:\xampp\htdocs\niuw rev\system\Commands\Server\rewrite.php(43): require_once('C:\\xampp\\htdocs...')
#6 {main}
CRITICAL - 2024-02-20 17:29:43 --> Cannot use object of type stdClass as array
#0 C:\xampp\htdocs\niuw rev\system\View\View.php(210): include()
#1 C:\xampp\htdocs\niuw rev\system\View\View.php(213): CodeIgniter\View\View->CodeIgniter\View\{closure}()
#2 C:\xampp\htdocs\niuw rev\system\Common.php(1089): CodeIgniter\View\View->render('Pegawai/Permint...', Array, true)
#3 C:\xampp\htdocs\niuw rev\app\Controllers\Pegawai.php(274): view('Pegawai/Permint...', Array)
#4 C:\xampp\htdocs\niuw rev\system\CodeIgniter.php(832): App\Controllers\Pegawai->permintaan()
#5 C:\xampp\htdocs\niuw rev\system\CodeIgniter.php(419): CodeIgniter\CodeIgniter->runController(Object(App\Controllers\Pegawai))
#6 C:\xampp\htdocs\niuw rev\system\CodeIgniter.php(326): CodeIgniter\CodeIgniter->handleRequest(NULL, Object(Config\Cache), false)
#7 C:\xampp\htdocs\niuw rev\public\index.php(37): CodeIgniter\CodeIgniter->run()
#8 C:\xampp\htdocs\niuw rev\system\Commands\Server\rewrite.php(43): require_once('C:\\xampp\\htdocs...')
#9 {main}
CRITICAL - 2024-02-20 23:21:55 --> Undefined index: nama_barang
#0 C:\xampp\htdocs\niuw rev\app\Views\Admin\Barang\Soft_deleted.php(73): CodeIgniter\Debug\Exceptions->errorHandler(8, 'Undefined index...', 'C:\\xampp\\htdocs...', 73, Array)
#1 C:\xampp\htdocs\niuw rev\system\View\View.php(210): include('C:\\xampp\\htdocs...')
#2 C:\xampp\htdocs\niuw rev\system\View\View.php(213): CodeIgniter\View\View->CodeIgniter\View\{closure}()
#3 C:\xampp\htdocs\niuw rev\system\Common.php(1089): CodeIgniter\View\View->render('Admin/Barang/So...', Array, true)
#4 C:\xampp\htdocs\niuw rev\app\Controllers\Admin.php(1203): view('Admin/Barang/So...', Array)
#5 C:\xampp\htdocs\niuw rev\system\CodeIgniter.php(832): App\Controllers\Admin->atk_trash()
#6 C:\xampp\htdocs\niuw rev\system\CodeIgniter.php(419): CodeIgniter\CodeIgniter->runController(Object(App\Controllers\Admin))
#7 C:\xampp\htdocs\niuw rev\system\CodeIgniter.php(326): CodeIgniter\CodeIgniter->handleRequest(NULL, Object(Config\Cache), false)
#8 C:\xampp\htdocs\niuw rev\public\index.php(37): CodeIgniter\CodeIgniter->run()
#9 C:\xampp\htdocs\niuw rev\system\Commands\Server\rewrite.php(43): require_once('C:\\xampp\\htdocs...')
#10 {main}
CRITICAL - 2024-02-20 23:25:31 --> Undefined index: nama_brg
#0 C:\xampp\htdocs\niuw rev\app\Views\Admin\Barang\Soft_deleted.php(73): CodeIgniter\Debug\Exceptions->errorHandler(8, 'Undefined index...', 'C:\\xampp\\htdocs...', 73, Array)
#1 C:\xampp\htdocs\niuw rev\system\View\View.php(210): include('C:\\xampp\\htdocs...')
#2 C:\xampp\htdocs\niuw rev\system\View\View.php(213): CodeIgniter\View\View->CodeIgniter\View\{closure}()
#3 C:\xampp\htdocs\niuw rev\system\Common.php(1089): CodeIgniter\View\View->render('Admin/Barang/So...', Array, true)
#4 C:\xampp\htdocs\niuw rev\app\Controllers\Admin.php(1203): view('Admin/Barang/So...', Array)
#5 C:\xampp\htdocs\niuw rev\system\CodeIgniter.php(832): App\Controllers\Admin->atk_trash()
#6 C:\xampp\htdocs\niuw rev\system\CodeIgniter.php(419): CodeIgniter\CodeIgniter->runController(Object(App\Controllers\Admin))
#7 C:\xampp\htdocs\niuw rev\system\CodeIgniter.php(326): CodeIgniter\CodeIgniter->handleRequest(NULL, Object(Config\Cache), false)
#8 C:\xampp\htdocs\niuw rev\public\index.php(37): CodeIgniter\CodeIgniter->run()
#9 C:\xampp\htdocs\niuw rev\system\Commands\Server\rewrite.php(43): require_once('C:\\xampp\\htdocs...')
#10 {main}
CRITICAL - 2024-02-20 23:26:58 --> Illegal string offset 'deleted_at'
#0 C:\xampp\htdocs\niuw rev\app\Controllers\Admin.php(1201): CodeIgniter\Debug\Exceptions->errorHandler(2, 'Illegal string ...', 'C:\\xampp\\htdocs...', 1201, Array)
#1 [internal function]: App\Controllers\Admin->App\Controllers\{closure}('BPS - Barang')
#2 C:\xampp\htdocs\niuw rev\app\Controllers\Admin.php(1202): array_filter(Array, Object(Closure))
#3 C:\xampp\htdocs\niuw rev\system\CodeIgniter.php(832): App\Controllers\Admin->atk_trash()
#4 C:\xampp\htdocs\niuw rev\system\CodeIgniter.php(419): CodeIgniter\CodeIgniter->runController(Object(App\Controllers\Admin))
#5 C:\xampp\htdocs\niuw rev\system\CodeIgniter.php(326): CodeIgniter\CodeIgniter->handleRequest(NULL, Object(Config\Cache), false)
#6 C:\xampp\htdocs\niuw rev\public\index.php(37): CodeIgniter\CodeIgniter->run()
#7 C:\xampp\htdocs\niuw rev\system\Commands\Server\rewrite.php(43): require_once('C:\\xampp\\htdocs...')
#8 {main}
CRITICAL - 2024-02-20 23:32:03 --> Undefined index: nama_brg
#0 C:\xampp\htdocs\niuw rev\app\Views\Admin\Barang\Soft_deleted.php(73): CodeIgniter\Debug\Exceptions->errorHandler(8, 'Undefined index...', 'C:\\xampp\\htdocs...', 73, Array)
#1 C:\xampp\htdocs\niuw rev\system\View\View.php(210): include('C:\\xampp\\htdocs...')
#2 C:\xampp\htdocs\niuw rev\system\View\View.php(213): CodeIgniter\View\View->CodeIgniter\View\{closure}()
#3 C:\xampp\htdocs\niuw rev\system\Common.php(1089): CodeIgniter\View\View->render('Admin/Barang/So...', Array, true)
#4 C:\xampp\htdocs\niuw rev\app\Controllers\Admin.php(1203): view('Admin/Barang/So...', Array)
#5 C:\xampp\htdocs\niuw rev\system\CodeIgniter.php(832): App\Controllers\Admin->atk_trash()
#6 C:\xampp\htdocs\niuw rev\system\CodeIgniter.php(419): CodeIgniter\CodeIgniter->runController(Object(App\Controllers\Admin))
#7 C:\xampp\htdocs\niuw rev\system\CodeIgniter.php(326): CodeIgniter\CodeIgniter->handleRequest(NULL, Object(Config\Cache), false)
#8 C:\xampp\htdocs\niuw rev\public\index.php(37): CodeIgniter\CodeIgniter->run()
#9 C:\xampp\htdocs\niuw rev\system\Commands\Server\rewrite.php(43): require_once('C:\\xampp\\htdocs...')
#10 {main}
CRITICAL - 2024-02-20 23:36:25 --> Undefined index: nama_brg
#0 C:\xampp\htdocs\niuw rev\app\Views\Admin\Barang\Soft_deleted.php(73): CodeIgniter\Debug\Exceptions->errorHandler(8, 'Undefined index...', 'C:\\xampp\\htdocs...', 73, Array)
#1 C:\xampp\htdocs\niuw rev\system\View\View.php(210): include('C:\\xampp\\htdocs...')
#2 C:\xampp\htdocs\niuw rev\system\View\View.php(213): CodeIgniter\View\View->CodeIgniter\View\{closure}()
#3 C:\xampp\htdocs\niuw rev\system\Common.php(1089): CodeIgniter\View\View->render('Admin/Barang/So...', Array, true)
#4 C:\xampp\htdocs\niuw rev\app\Controllers\Admin.php(1203): view('Admin/Barang/So...', Array)
#5 C:\xampp\htdocs\niuw rev\system\CodeIgniter.php(832): App\Controllers\Admin->atk_trash()
#6 C:\xampp\htdocs\niuw rev\system\CodeIgniter.php(419): CodeIgniter\CodeIgniter->runController(Object(App\Controllers\Admin))
#7 C:\xampp\htdocs\niuw rev\system\CodeIgniter.php(326): CodeIgniter\CodeIgniter->handleRequest(NULL, Object(Config\Cache), false)
#8 C:\xampp\htdocs\niuw rev\public\index.php(37): CodeIgniter\CodeIgniter->run()
#9 C:\xampp\htdocs\niuw rev\system\Commands\Server\rewrite.php(43): require_once('C:\\xampp\\htdocs...')
#10 {main}
CRITICAL - 2024-02-20 23:37:01 --> Undefined index: satuan_barang
#0 C:\xampp\htdocs\niuw rev\app\Views\Admin\Barang\Soft_deleted.php(88): CodeIgniter\Debug\Exceptions->errorHandler(8, 'Undefined index...', 'C:\\xampp\\htdocs...', 88, Array)
#1 C:\xampp\htdocs\niuw rev\system\View\View.php(210): include('C:\\xampp\\htdocs...')
#2 C:\xampp\htdocs\niuw rev\system\View\View.php(213): CodeIgniter\View\View->CodeIgniter\View\{closure}()
#3 C:\xampp\htdocs\niuw rev\system\Common.php(1089): CodeIgniter\View\View->render('Admin/Barang/So...', Array, true)
#4 C:\xampp\htdocs\niuw rev\app\Controllers\Admin.php(1203): view('Admin/Barang/So...', Array)
#5 C:\xampp\htdocs\niuw rev\system\CodeIgniter.php(832): App\Controllers\Admin->atk_trash()
#6 C:\xampp\htdocs\niuw rev\system\CodeIgniter.php(419): CodeIgniter\CodeIgniter->runController(Object(App\Controllers\Admin))
#7 C:\xampp\htdocs\niuw rev\system\CodeIgniter.php(326): CodeIgniter\CodeIgniter->handleRequest(NULL, Object(Config\Cache), false)
#8 C:\xampp\htdocs\niuw rev\public\index.php(37): CodeIgniter\CodeIgniter->run()
#9 C:\xampp\htdocs\niuw rev\system\Commands\Server\rewrite.php(43): require_once('C:\\xampp\\htdocs...')
#10 {main}
