CRITICAL - 2024-02-01 05:26:29 --> Trying to get property 'id' of non-object
#0 C:\xampp\htdocs\SIDANG\vendor\myth\auth\src\Models\UserModel.php(77): CodeIgniter\Debug\Exceptions->errorHandler(8, 'Trying to get p...', 'C:\\xampp\\htdocs...', 77, Array)
#1 C:\xampp\htdocs\SIDANG\vendor\myth\auth\src\Controllers\AuthController.php(176): Myth\Auth\Models\UserModel->withGroup('user')
#2 C:\xampp\htdocs\SIDANG\system\CodeIgniter.php(832): Myth\Auth\Controllers\AuthController->attemptRegister()
#3 C:\xampp\htdocs\SIDANG\system\CodeIgniter.php(419): CodeIgniter\CodeIgniter->runController(Object(Myth\Auth\Controllers\AuthController))
#4 C:\xampp\htdocs\SIDANG\system\CodeIgniter.php(326): CodeIgniter\CodeIgniter->handleRequest(NULL, Object(Config\Cache), false)
#5 C:\xampp\htdocs\SIDANG\public\index.php(37): CodeIgniter\CodeIgniter->run()
#6 C:\xampp\htdocs\SIDANG\system\Commands\Server\rewrite.php(43): require_once('C:\\xampp\\htdocs...')
#7 {main}
CRITICAL - 2024-02-01 05:38:16 --> Undefined variable: num
#0 C:\xampp\htdocs\SIDANG\app\Views\Admin\User\Row.php(3): CodeIgniter\Debug\Exceptions->errorHandler(8, 'Undefined varia...', 'C:\\xampp\\htdocs...', 3, Array)
#1 C:\xampp\htdocs\SIDANG\system\View\View.php(210): include('C:\\xampp\\htdocs...')
#2 C:\xampp\htdocs\SIDANG\system\View\View.php(213): CodeIgniter\View\View->CodeIgniter\View\{closure}()
#3 C:\xampp\htdocs\SIDANG\system\Common.php(1089): CodeIgniter\View\View->render('Admin/User/Row', Array, true)
#4 C:\xampp\htdocs\SIDANG\app\Controllers\Admin.php(2305): view('Admin/User/Row', Array)
#5 C:\xampp\htdocs\SIDANG\system\CodeIgniter.php(832): App\Controllers\Admin->kelola_user()
#6 C:\xampp\htdocs\SIDANG\system\CodeIgniter.php(419): CodeIgniter\CodeIgniter->runController(Object(App\Controllers\Admin))
#7 C:\xampp\htdocs\SIDANG\system\CodeIgniter.php(326): CodeIgniter\CodeIgniter->handleRequest(NULL, Object(Config\Cache), false)
#8 C:\xampp\htdocs\SIDANG\public\index.php(37): CodeIgniter\CodeIgniter->run()
#9 C:\xampp\htdocs\SIDANG\system\Commands\Server\rewrite.php(43): require_once('C:\\xampp\\htdocs...')
#10 {main}
CRITICAL - 2024-02-01 05:39:01 --> Undefined variable: rw
#0 C:\xampp\htdocs\SIDANG\app\Views\Admin\User\Row.php(3): CodeIgniter\Debug\Exceptions->errorHandler(8, 'Undefined varia...', 'C:\\xampp\\htdocs...', 3, Array)
#1 C:\xampp\htdocs\SIDANG\system\View\View.php(210): include('C:\\xampp\\htdocs...')
#2 C:\xampp\htdocs\SIDANG\system\View\View.php(213): CodeIgniter\View\View->CodeIgniter\View\{closure}()
#3 C:\xampp\htdocs\SIDANG\system\Common.php(1089): CodeIgniter\View\View->render('Admin/User/Row', Array, true)
#4 C:\xampp\htdocs\SIDANG\app\Controllers\Admin.php(2305): view('Admin/User/Row', Array)
#5 C:\xampp\htdocs\SIDANG\system\CodeIgniter.php(832): App\Controllers\Admin->kelola_user()
#6 C:\xampp\htdocs\SIDANG\system\CodeIgniter.php(419): CodeIgniter\CodeIgniter->runController(Object(App\Controllers\Admin))
#7 C:\xampp\htdocs\SIDANG\system\CodeIgniter.php(326): CodeIgniter\CodeIgniter->handleRequest(NULL, Object(Config\Cache), false)
#8 C:\xampp\htdocs\SIDANG\public\index.php(37): CodeIgniter\CodeIgniter->run()
#9 C:\xampp\htdocs\SIDANG\system\Commands\Server\rewrite.php(43): require_once('C:\\xampp\\htdocs...')
#10 {main}
CRITICAL - 2024-02-01 05:39:11 --> Object of class Myth\Auth\Entities\User could not be converted to number
#0 C:\xampp\htdocs\SIDANG\app\Views\Admin\User\Row.php(3): CodeIgniter\Debug\Exceptions->errorHandler(8, 'Object of class...', 'C:\\xampp\\htdocs...', 3, Array)
#1 C:\xampp\htdocs\SIDANG\system\View\View.php(210): include('C:\\xampp\\htdocs...')
#2 C:\xampp\htdocs\SIDANG\system\View\View.php(213): CodeIgniter\View\View->CodeIgniter\View\{closure}()
#3 C:\xampp\htdocs\SIDANG\system\Common.php(1089): CodeIgniter\View\View->render('Admin/User/Row', Array, true)
#4 C:\xampp\htdocs\SIDANG\app\Controllers\Admin.php(2305): view('Admin/User/Row', Array)
#5 C:\xampp\htdocs\SIDANG\system\CodeIgniter.php(832): App\Controllers\Admin->kelola_user()
#6 C:\xampp\htdocs\SIDANG\system\CodeIgniter.php(419): CodeIgniter\CodeIgniter->runController(Object(App\Controllers\Admin))
#7 C:\xampp\htdocs\SIDANG\system\CodeIgniter.php(326): CodeIgniter\CodeIgniter->handleRequest(NULL, Object(Config\Cache), false)
#8 C:\xampp\htdocs\SIDANG\public\index.php(37): CodeIgniter\CodeIgniter->run()
#9 C:\xampp\htdocs\SIDANG\system\Commands\Server\rewrite.php(43): require_once('C:\\xampp\\htdocs...')
#10 {main}
CRITICAL - 2024-02-01 05:42:35 --> Undefined variable: num
#0 C:\xampp\htdocs\SIDANG\app\Views\Admin\User\Row.php(3): CodeIgniter\Debug\Exceptions->errorHandler(8, 'Undefined varia...', 'C:\\xampp\\htdocs...', 3, Array)
#1 C:\xampp\htdocs\SIDANG\system\View\View.php(210): include('C:\\xampp\\htdocs...')
#2 C:\xampp\htdocs\SIDANG\system\View\View.php(213): CodeIgniter\View\View->CodeIgniter\View\{closure}()
#3 C:\xampp\htdocs\SIDANG\system\Common.php(1089): CodeIgniter\View\View->render('Admin/User/Row', Array, true)
#4 C:\xampp\htdocs\SIDANG\app\Controllers\Admin.php(2305): view('Admin/User/Row', Array)
#5 C:\xampp\htdocs\SIDANG\system\CodeIgniter.php(832): App\Controllers\Admin->kelola_user()
#6 C:\xampp\htdocs\SIDANG\system\CodeIgniter.php(419): CodeIgniter\CodeIgniter->runController(Object(App\Controllers\Admin))
#7 C:\xampp\htdocs\SIDANG\system\CodeIgniter.php(326): CodeIgniter\CodeIgniter->handleRequest(NULL, Object(Config\Cache), false)
#8 C:\xampp\htdocs\SIDANG\public\index.php(37): CodeIgniter\CodeIgniter->run()
#9 C:\xampp\htdocs\SIDANG\system\Commands\Server\rewrite.php(43): require_once('C:\\xampp\\htdocs...')
#10 {main}
CRITICAL - 2024-02-01 05:43:04 --> Undefined variable: num
#0 C:\xampp\htdocs\SIDANG\app\Views\Admin\User\Row.php(3): CodeIgniter\Debug\Exceptions->errorHandler(8, 'Undefined varia...', 'C:\\xampp\\htdocs...', 3, Array)
#1 C:\xampp\htdocs\SIDANG\system\View\View.php(210): include('C:\\xampp\\htdocs...')
#2 C:\xampp\htdocs\SIDANG\system\View\View.php(213): CodeIgniter\View\View->CodeIgniter\View\{closure}()
#3 C:\xampp\htdocs\SIDANG\system\Common.php(1089): CodeIgniter\View\View->render('Admin/User/Row', Array, true)
#4 C:\xampp\htdocs\SIDANG\app\Controllers\Admin.php(2305): view('Admin/User/Row', Array)
#5 C:\xampp\htdocs\SIDANG\system\CodeIgniter.php(832): App\Controllers\Admin->kelola_user()
#6 C:\xampp\htdocs\SIDANG\system\CodeIgniter.php(419): CodeIgniter\CodeIgniter->runController(Object(App\Controllers\Admin))
#7 C:\xampp\htdocs\SIDANG\system\CodeIgniter.php(326): CodeIgniter\CodeIgniter->handleRequest(NULL, Object(Config\Cache), false)
#8 C:\xampp\htdocs\SIDANG\public\index.php(37): CodeIgniter\CodeIgniter->run()
#9 C:\xampp\htdocs\SIDANG\system\Commands\Server\rewrite.php(43): require_once('C:\\xampp\\htdocs...')
#10 {main}
CRITICAL - 2024-02-01 05:43:08 --> Undefined variable: num
#0 C:\xampp\htdocs\SIDANG\app\Views\Admin\User\Row.php(3): CodeIgniter\Debug\Exceptions->errorHandler(8, 'Undefined varia...', 'C:\\xampp\\htdocs...', 3, Array)
#1 C:\xampp\htdocs\SIDANG\system\View\View.php(210): include('C:\\xampp\\htdocs...')
#2 C:\xampp\htdocs\SIDANG\system\View\View.php(213): CodeIgniter\View\View->CodeIgniter\View\{closure}()
#3 C:\xampp\htdocs\SIDANG\system\Common.php(1089): CodeIgniter\View\View->render('Admin/User/Row', Array, true)
#4 C:\xampp\htdocs\SIDANG\app\Controllers\Admin.php(2305): view('Admin/User/Row', Array)
#5 C:\xampp\htdocs\SIDANG\system\CodeIgniter.php(832): App\Controllers\Admin->kelola_user()
#6 C:\xampp\htdocs\SIDANG\system\CodeIgniter.php(419): CodeIgniter\CodeIgniter->runController(Object(App\Controllers\Admin))
#7 C:\xampp\htdocs\SIDANG\system\CodeIgniter.php(326): CodeIgniter\CodeIgniter->handleRequest(NULL, Object(Config\Cache), false)
#8 C:\xampp\htdocs\SIDANG\public\index.php(37): CodeIgniter\CodeIgniter->run()
#9 C:\xampp\htdocs\SIDANG\system\Commands\Server\rewrite.php(43): require_once('C:\\xampp\\htdocs...')
#10 {main}
CRITICAL - 2024-02-01 05:43:26 --> Object of class Myth\Auth\Entities\User could not be converted to number
#0 C:\xampp\htdocs\SIDANG\app\Views\Admin\User\Row.php(3): CodeIgniter\Debug\Exceptions->errorHandler(8, 'Object of class...', 'C:\\xampp\\htdocs...', 3, Array)
#1 C:\xampp\htdocs\SIDANG\system\View\View.php(210): include('C:\\xampp\\htdocs...')
#2 C:\xampp\htdocs\SIDANG\system\View\View.php(213): CodeIgniter\View\View->CodeIgniter\View\{closure}()
#3 C:\xampp\htdocs\SIDANG\system\Common.php(1089): CodeIgniter\View\View->render('Admin/User/Row', Array, true)
#4 C:\xampp\htdocs\SIDANG\app\Controllers\Admin.php(2305): view('Admin/User/Row', Array)
#5 C:\xampp\htdocs\SIDANG\system\CodeIgniter.php(832): App\Controllers\Admin->kelola_user()
#6 C:\xampp\htdocs\SIDANG\system\CodeIgniter.php(419): CodeIgniter\CodeIgniter->runController(Object(App\Controllers\Admin))
#7 C:\xampp\htdocs\SIDANG\system\CodeIgniter.php(326): CodeIgniter\CodeIgniter->handleRequest(NULL, Object(Config\Cache), false)
#8 C:\xampp\htdocs\SIDANG\public\index.php(37): CodeIgniter\CodeIgniter->run()
#9 C:\xampp\htdocs\SIDANG\system\Commands\Server\rewrite.php(43): require_once('C:\\xampp\\htdocs...')
#10 {main}
CRITICAL - 2024-02-01 05:44:38 --> Undefined variable: key
#0 C:\xampp\htdocs\SIDANG\app\Views\Admin\User\Index.php(53): CodeIgniter\Debug\Exceptions->errorHandler(8, 'Undefined varia...', 'C:\\xampp\\htdocs...', 53, Array)
#1 C:\xampp\htdocs\SIDANG\system\View\View.php(210): include('C:\\xampp\\htdocs...')
#2 C:\xampp\htdocs\SIDANG\system\View\View.php(213): CodeIgniter\View\View->CodeIgniter\View\{closure}()
#3 C:\xampp\htdocs\SIDANG\system\Common.php(1089): CodeIgniter\View\View->render('Admin/User/Inde...', Array, true)
#4 C:\xampp\htdocs\SIDANG\app\Controllers\Admin.php(2309): view('Admin/User/Inde...', Array)
#5 C:\xampp\htdocs\SIDANG\system\CodeIgniter.php(832): App\Controllers\Admin->kelola_user()
#6 C:\xampp\htdocs\SIDANG\system\CodeIgniter.php(419): CodeIgniter\CodeIgniter->runController(Object(App\Controllers\Admin))
#7 C:\xampp\htdocs\SIDANG\system\CodeIgniter.php(326): CodeIgniter\CodeIgniter->handleRequest(NULL, Object(Config\Cache), false)
#8 C:\xampp\htdocs\SIDANG\public\index.php(37): CodeIgniter\CodeIgniter->run()
#9 C:\xampp\htdocs\SIDANG\system\Commands\Server\rewrite.php(43): require_once('C:\\xampp\\htdocs...')
#10 {main}
CRITICAL - 2024-02-01 05:44:41 --> Undefined variable: key
#0 C:\xampp\htdocs\SIDANG\app\Views\Admin\User\Index.php(53): CodeIgniter\Debug\Exceptions->errorHandler(8, 'Undefined varia...', 'C:\\xampp\\htdocs...', 53, Array)
#1 C:\xampp\htdocs\SIDANG\system\View\View.php(210): include('C:\\xampp\\htdocs...')
#2 C:\xampp\htdocs\SIDANG\system\View\View.php(213): CodeIgniter\View\View->CodeIgniter\View\{closure}()
#3 C:\xampp\htdocs\SIDANG\system\Common.php(1089): CodeIgniter\View\View->render('Admin/User/Inde...', Array, true)
#4 C:\xampp\htdocs\SIDANG\app\Controllers\Admin.php(2309): view('Admin/User/Inde...', Array)
#5 C:\xampp\htdocs\SIDANG\system\CodeIgniter.php(832): App\Controllers\Admin->kelola_user()
#6 C:\xampp\htdocs\SIDANG\system\CodeIgniter.php(419): CodeIgniter\CodeIgniter->runController(Object(App\Controllers\Admin))
#7 C:\xampp\htdocs\SIDANG\system\CodeIgniter.php(326): CodeIgniter\CodeIgniter->handleRequest(NULL, Object(Config\Cache), false)
#8 C:\xampp\htdocs\SIDANG\public\index.php(37): CodeIgniter\CodeIgniter->run()
#9 C:\xampp\htdocs\SIDANG\system\Commands\Server\rewrite.php(43): require_once('C:\\xampp\\htdocs...')
#10 {main}
CRITICAL - 2024-02-01 05:44:51 --> Undefined variable: key
#0 C:\xampp\htdocs\SIDANG\app\Views\Admin\User\Index.php(53): CodeIgniter\Debug\Exceptions->errorHandler(8, 'Undefined varia...', 'C:\\xampp\\htdocs...', 53, Array)
#1 C:\xampp\htdocs\SIDANG\system\View\View.php(210): include('C:\\xampp\\htdocs...')
#2 C:\xampp\htdocs\SIDANG\system\View\View.php(213): CodeIgniter\View\View->CodeIgniter\View\{closure}()
#3 C:\xampp\htdocs\SIDANG\system\Common.php(1089): CodeIgniter\View\View->render('Admin/User/Inde...', Array, true)
#4 C:\xampp\htdocs\SIDANG\app\Controllers\Admin.php(2309): view('Admin/User/Inde...', Array)
#5 C:\xampp\htdocs\SIDANG\system\CodeIgniter.php(832): App\Controllers\Admin->kelola_user()
#6 C:\xampp\htdocs\SIDANG\system\CodeIgniter.php(419): CodeIgniter\CodeIgniter->runController(Object(App\Controllers\Admin))
#7 C:\xampp\htdocs\SIDANG\system\CodeIgniter.php(326): CodeIgniter\CodeIgniter->handleRequest(NULL, Object(Config\Cache), false)
#8 C:\xampp\htdocs\SIDANG\public\index.php(37): CodeIgniter\CodeIgniter->run()
#9 C:\xampp\htdocs\SIDANG\system\Commands\Server\rewrite.php(43): require_once('C:\\xampp\\htdocs...')
#10 {main}
CRITICAL - 2024-02-01 06:29:07 --> Undefined index: nama_barang
#0 C:\xampp\htdocs\SIDANG\app\Views\Pegawai\Permintaan_barang\Index.php(68): CodeIgniter\Debug\Exceptions->errorHandler(8, 'Undefined index...', 'C:\\xampp\\htdocs...', 68, Array)
#1 C:\xampp\htdocs\SIDANG\system\View\View.php(210): include('C:\\xampp\\htdocs...')
#2 C:\xampp\htdocs\SIDANG\system\View\View.php(213): CodeIgniter\View\View->CodeIgniter\View\{closure}()
#3 C:\xampp\htdocs\SIDANG\system\Common.php(1089): CodeIgniter\View\View->render('Pegawai/Permint...', Array, true)
#4 C:\xampp\htdocs\SIDANG\app\Controllers\Pegawai.php(212): view('Pegawai/Permint...', Array)
#5 C:\xampp\htdocs\SIDANG\system\CodeIgniter.php(832): App\Controllers\Pegawai->permintaan('tambah_perminta...')
#6 C:\xampp\htdocs\SIDANG\system\CodeIgniter.php(419): CodeIgniter\CodeIgniter->runController(Object(App\Controllers\Pegawai))
#7 C:\xampp\htdocs\SIDANG\system\CodeIgniter.php(326): CodeIgniter\CodeIgniter->handleRequest(NULL, Object(Config\Cache), false)
#8 C:\xampp\htdocs\SIDANG\public\index.php(37): CodeIgniter\CodeIgniter->run()
#9 C:\xampp\htdocs\SIDANG\system\Commands\Server\rewrite.php(43): require_once('C:\\xampp\\htdocs...')
#10 {main}
CRITICAL - 2024-02-01 06:29:23 --> Undefined index: nama_barang
#0 C:\xampp\htdocs\SIDANG\app\Views\Pegawai\Permintaan_barang\Index.php(68): CodeIgniter\Debug\Exceptions->errorHandler(8, 'Undefined index...', 'C:\\xampp\\htdocs...', 68, Array)
#1 C:\xampp\htdocs\SIDANG\system\View\View.php(210): include('C:\\xampp\\htdocs...')
#2 C:\xampp\htdocs\SIDANG\system\View\View.php(213): CodeIgniter\View\View->CodeIgniter\View\{closure}()
#3 C:\xampp\htdocs\SIDANG\system\Common.php(1089): CodeIgniter\View\View->render('Pegawai/Permint...', Array, true)
#4 C:\xampp\htdocs\SIDANG\app\Controllers\Pegawai.php(212): view('Pegawai/Permint...', Array)
#5 C:\xampp\htdocs\SIDANG\system\CodeIgniter.php(832): App\Controllers\Pegawai->permintaan('tambah_perminta...')
#6 C:\xampp\htdocs\SIDANG\system\CodeIgniter.php(419): CodeIgniter\CodeIgniter->runController(Object(App\Controllers\Pegawai))
#7 C:\xampp\htdocs\SIDANG\system\CodeIgniter.php(326): CodeIgniter\CodeIgniter->handleRequest(NULL, Object(Config\Cache), false)
#8 C:\xampp\htdocs\SIDANG\public\index.php(37): CodeIgniter\CodeIgniter->run()
#9 C:\xampp\htdocs\SIDANG\system\Commands\Server\rewrite.php(43): require_once('C:\\xampp\\htdocs...')
#10 {main}
CRITICAL - 2024-02-01 06:30:06 --> Undefined index: nama_barang
#0 C:\xampp\htdocs\SIDANG\app\Views\Pegawai\Permintaan_barang\Index.php(68): CodeIgniter\Debug\Exceptions->errorHandler(8, 'Undefined index...', 'C:\\xampp\\htdocs...', 68, Array)
#1 C:\xampp\htdocs\SIDANG\system\View\View.php(210): include('C:\\xampp\\htdocs...')
#2 C:\xampp\htdocs\SIDANG\system\View\View.php(213): CodeIgniter\View\View->CodeIgniter\View\{closure}()
#3 C:\xampp\htdocs\SIDANG\system\Common.php(1089): CodeIgniter\View\View->render('Pegawai/Permint...', Array, true)
#4 C:\xampp\htdocs\SIDANG\app\Controllers\Pegawai.php(212): view('Pegawai/Permint...', Array)
#5 C:\xampp\htdocs\SIDANG\system\CodeIgniter.php(832): App\Controllers\Pegawai->permintaan('tambah_perminta...')
#6 C:\xampp\htdocs\SIDANG\system\CodeIgniter.php(419): CodeIgniter\CodeIgniter->runController(Object(App\Controllers\Pegawai))
#7 C:\xampp\htdocs\SIDANG\system\CodeIgniter.php(326): CodeIgniter\CodeIgniter->handleRequest(NULL, Object(Config\Cache), false)
#8 C:\xampp\htdocs\SIDANG\public\index.php(37): CodeIgniter\CodeIgniter->run()
#9 C:\xampp\htdocs\SIDANG\system\Commands\Server\rewrite.php(43): require_once('C:\\xampp\\htdocs...')
#10 {main}
CRITICAL - 2024-02-01 06:33:22 --> Undefined index: nama_barang
#0 C:\xampp\htdocs\SIDANG\app\Views\Pegawai\Permintaan_barang\Index.php(68): CodeIgniter\Debug\Exceptions->errorHandler(8, 'Undefined index...', 'C:\\xampp\\htdocs...', 68, Array)
#1 C:\xampp\htdocs\SIDANG\system\View\View.php(210): include('C:\\xampp\\htdocs...')
#2 C:\xampp\htdocs\SIDANG\system\View\View.php(213): CodeIgniter\View\View->CodeIgniter\View\{closure}()
#3 C:\xampp\htdocs\SIDANG\system\Common.php(1089): CodeIgniter\View\View->render('Pegawai/Permint...', Array, true)
#4 C:\xampp\htdocs\SIDANG\app\Controllers\Pegawai.php(212): view('Pegawai/Permint...', Array)
#5 C:\xampp\htdocs\SIDANG\system\CodeIgniter.php(832): App\Controllers\Pegawai->permintaan()
#6 C:\xampp\htdocs\SIDANG\system\CodeIgniter.php(419): CodeIgniter\CodeIgniter->runController(Object(App\Controllers\Pegawai))
#7 C:\xampp\htdocs\SIDANG\system\CodeIgniter.php(326): CodeIgniter\CodeIgniter->handleRequest(NULL, Object(Config\Cache), false)
#8 C:\xampp\htdocs\SIDANG\public\index.php(37): CodeIgniter\CodeIgniter->run()
#9 C:\xampp\htdocs\SIDANG\system\Commands\Server\rewrite.php(43): require_once('C:\\xampp\\htdocs...')
#10 {main}
CRITICAL - 2024-02-01 06:33:29 --> Undefined index: nama_barang
#0 C:\xampp\htdocs\SIDANG\app\Views\Pegawai\Permintaan_barang\Index.php(68): CodeIgniter\Debug\Exceptions->errorHandler(8, 'Undefined index...', 'C:\\xampp\\htdocs...', 68, Array)
#1 C:\xampp\htdocs\SIDANG\system\View\View.php(210): include('C:\\xampp\\htdocs...')
#2 C:\xampp\htdocs\SIDANG\system\View\View.php(213): CodeIgniter\View\View->CodeIgniter\View\{closure}()
#3 C:\xampp\htdocs\SIDANG\system\Common.php(1089): CodeIgniter\View\View->render('Pegawai/Permint...', Array, true)
#4 C:\xampp\htdocs\SIDANG\app\Controllers\Pegawai.php(212): view('Pegawai/Permint...', Array)
#5 C:\xampp\htdocs\SIDANG\system\CodeIgniter.php(832): App\Controllers\Pegawai->permintaan()
#6 C:\xampp\htdocs\SIDANG\system\CodeIgniter.php(419): CodeIgniter\CodeIgniter->runController(Object(App\Controllers\Pegawai))
#7 C:\xampp\htdocs\SIDANG\system\CodeIgniter.php(326): CodeIgniter\CodeIgniter->handleRequest(NULL, Object(Config\Cache), false)
#8 C:\xampp\htdocs\SIDANG\public\index.php(37): CodeIgniter\CodeIgniter->run()
#9 C:\xampp\htdocs\SIDANG\system\Commands\Server\rewrite.php(43): require_once('C:\\xampp\\htdocs...')
#10 {main}
CRITICAL - 2024-02-01 06:33:40 --> Undefined index: nama_barang
#0 C:\xampp\htdocs\SIDANG\app\Views\Pegawai\Permintaan_barang\Index.php(68): CodeIgniter\Debug\Exceptions->errorHandler(8, 'Undefined index...', 'C:\\xampp\\htdocs...', 68, Array)
#1 C:\xampp\htdocs\SIDANG\system\View\View.php(210): include('C:\\xampp\\htdocs...')
#2 C:\xampp\htdocs\SIDANG\system\View\View.php(213): CodeIgniter\View\View->CodeIgniter\View\{closure}()
#3 C:\xampp\htdocs\SIDANG\system\Common.php(1089): CodeIgniter\View\View->render('Pegawai/Permint...', Array, true)
#4 C:\xampp\htdocs\SIDANG\app\Controllers\Pegawai.php(212): view('Pegawai/Permint...', Array)
#5 C:\xampp\htdocs\SIDANG\system\CodeIgniter.php(832): App\Controllers\Pegawai->permintaan()
#6 C:\xampp\htdocs\SIDANG\system\CodeIgniter.php(419): CodeIgniter\CodeIgniter->runController(Object(App\Controllers\Pegawai))
#7 C:\xampp\htdocs\SIDANG\system\CodeIgniter.php(326): CodeIgniter\CodeIgniter->handleRequest(NULL, Object(Config\Cache), false)
#8 C:\xampp\htdocs\SIDANG\public\index.php(37): CodeIgniter\CodeIgniter->run()
#9 C:\xampp\htdocs\SIDANG\system\Commands\Server\rewrite.php(43): require_once('C:\\xampp\\htdocs...')
#10 {main}
CRITICAL - 2024-02-01 06:33:51 --> Undefined index: nama_barang
#0 C:\xampp\htdocs\SIDANG\app\Views\Pegawai\Permintaan_barang\Index.php(68): CodeIgniter\Debug\Exceptions->errorHandler(8, 'Undefined index...', 'C:\\xampp\\htdocs...', 68, Array)
#1 C:\xampp\htdocs\SIDANG\system\View\View.php(210): include('C:\\xampp\\htdocs...')
#2 C:\xampp\htdocs\SIDANG\system\View\View.php(213): CodeIgniter\View\View->CodeIgniter\View\{closure}()
#3 C:\xampp\htdocs\SIDANG\system\Common.php(1089): CodeIgniter\View\View->render('Pegawai/Permint...', Array, true)
#4 C:\xampp\htdocs\SIDANG\app\Controllers\Pegawai.php(212): view('Pegawai/Permint...', Array)
#5 C:\xampp\htdocs\SIDANG\system\CodeIgniter.php(832): App\Controllers\Pegawai->permintaan()
#6 C:\xampp\htdocs\SIDANG\system\CodeIgniter.php(419): CodeIgniter\CodeIgniter->runController(Object(App\Controllers\Pegawai))
#7 C:\xampp\htdocs\SIDANG\system\CodeIgniter.php(326): CodeIgniter\CodeIgniter->handleRequest(NULL, Object(Config\Cache), false)
#8 C:\xampp\htdocs\SIDANG\public\index.php(37): CodeIgniter\CodeIgniter->run()
#9 C:\xampp\htdocs\SIDANG\system\Commands\Server\rewrite.php(43): require_once('C:\\xampp\\htdocs...')
#10 {main}
CRITICAL - 2024-02-01 06:35:38 --> Undefined index: satuan_barang
#0 C:\xampp\htdocs\SIDANG\app\Views\Pegawai\Permintaan_barang\Index.php(79): CodeIgniter\Debug\Exceptions->errorHandler(8, 'Undefined index...', 'C:\\xampp\\htdocs...', 79, Array)
#1 C:\xampp\htdocs\SIDANG\system\View\View.php(210): include('C:\\xampp\\htdocs...')
#2 C:\xampp\htdocs\SIDANG\system\View\View.php(213): CodeIgniter\View\View->CodeIgniter\View\{closure}()
#3 C:\xampp\htdocs\SIDANG\system\Common.php(1089): CodeIgniter\View\View->render('Pegawai/Permint...', Array, true)
#4 C:\xampp\htdocs\SIDANG\app\Controllers\Pegawai.php(212): view('Pegawai/Permint...', Array)
#5 C:\xampp\htdocs\SIDANG\system\CodeIgniter.php(832): App\Controllers\Pegawai->permintaan()
#6 C:\xampp\htdocs\SIDANG\system\CodeIgniter.php(419): CodeIgniter\CodeIgniter->runController(Object(App\Controllers\Pegawai))
#7 C:\xampp\htdocs\SIDANG\system\CodeIgniter.php(326): CodeIgniter\CodeIgniter->handleRequest(NULL, Object(Config\Cache), false)
#8 C:\xampp\htdocs\SIDANG\public\index.php(37): CodeIgniter\CodeIgniter->run()
#9 C:\xampp\htdocs\SIDANG\system\Commands\Server\rewrite.php(43): require_once('C:\\xampp\\htdocs...')
#10 {main}
ERROR - 2024-02-01 08:52:47 --> Error connecting to the database: No connection could be made because the target machine actively refused it.

CRITICAL - 2024-02-01 08:52:47 --> Unable to connect to the database.
Main connection [MySQLi]: No connection could be made because the target machine actively refused it.

#0 C:\xampp\htdocs\SIDANG\system\Database\BaseConnection.php(577): CodeIgniter\Database\BaseConnection->initialize()
#1 C:\xampp\htdocs\SIDANG\system\Database\BaseBuilder.php(1455): CodeIgniter\Database\BaseConnection->query('SELECT *\nFROM `...', Array, false)
#2 C:\xampp\htdocs\SIDANG\system\Model.php(210): CodeIgniter\Database\BaseBuilder->get()
#3 C:\xampp\htdocs\SIDANG\system\BaseModel.php(622): CodeIgniter\Model->doFirst()
#4 C:\xampp\htdocs\SIDANG\vendor\myth\auth\src\Authentication\LocalAuthenticator.php(140): CodeIgniter\BaseModel->first()
#5 C:\xampp\htdocs\SIDANG\vendor\myth\auth\src\Authentication\LocalAuthenticator.php(19): Myth\Auth\Authentication\LocalAuthenticator->validate(Array, true)
#6 C:\xampp\htdocs\SIDANG\vendor\myth\auth\src\Controllers\AuthController.php(87): Myth\Auth\Authentication\LocalAuthenticator->attempt(Array, false)
#7 C:\xampp\htdocs\SIDANG\system\CodeIgniter.php(832): Myth\Auth\Controllers\AuthController->attemptLogin()
#8 C:\xampp\htdocs\SIDANG\system\CodeIgniter.php(419): CodeIgniter\CodeIgniter->runController(Object(Myth\Auth\Controllers\AuthController))
#9 C:\xampp\htdocs\SIDANG\system\CodeIgniter.php(326): CodeIgniter\CodeIgniter->handleRequest(NULL, Object(Config\Cache), false)
#10 C:\xampp\htdocs\SIDANG\public\index.php(37): CodeIgniter\CodeIgniter->run()
#11 C:\xampp\htdocs\SIDANG\system\Commands\Server\rewrite.php(43): require_once('C:\\xampp\\htdocs...')
#12 {main}
