CRITICAL - 2024-07-17 19:42:07 --> There is no data to insert.
#0 C:\Users\ganda\Documents\GitHub\hera\system\BaseModel.php(718): CodeIgniter\Database\Exceptions\DataException::forEmptyDataset('insert')
#1 C:\Users\ganda\Documents\GitHub\hera\system\Model.php(625): CodeIgniter\BaseModel->insert(Array, true)
#2 C:\Users\ganda\Documents\GitHub\hera\app\Controllers\Admin.php(3187): CodeIgniter\Model->insert(Array)
#3 C:\Users\ganda\Documents\GitHub\hera\system\CodeIgniter.php(832): App\Controllers\Admin->savePiutang()
#4 C:\Users\ganda\Documents\GitHub\hera\system\CodeIgniter.php(419): CodeIgniter\CodeIgniter->runController(Object(App\Controllers\Admin))
#5 C:\Users\ganda\Documents\GitHub\hera\system\CodeIgniter.php(326): CodeIgniter\CodeIgniter->handleRequest(NULL, Object(Config\Cache), false)
#6 C:\Users\ganda\Documents\GitHub\hera\public\index.php(37): CodeIgniter\CodeIgniter->run()
#7 C:\Users\ganda\Documents\GitHub\hera\system\Commands\Server\rewrite.php(43): require_once('C:\\Users\\ganda\\...')
#8 {main}
CRITICAL - 2024-07-17 19:45:56 --> There is no data to insert.
#0 C:\Users\ganda\Documents\GitHub\hera\system\BaseModel.php(718): CodeIgniter\Database\Exceptions\DataException::forEmptyDataset('insert')
#1 C:\Users\ganda\Documents\GitHub\hera\system\Model.php(625): CodeIgniter\BaseModel->insert(Array, true)
#2 C:\Users\ganda\Documents\GitHub\hera\app\Controllers\Admin.php(3188): CodeIgniter\Model->insert(Array)
#3 C:\Users\ganda\Documents\GitHub\hera\system\CodeIgniter.php(832): App\Controllers\Admin->savePiutang()
#4 C:\Users\ganda\Documents\GitHub\hera\system\CodeIgniter.php(419): CodeIgniter\CodeIgniter->runController(Object(App\Controllers\Admin))
#5 C:\Users\ganda\Documents\GitHub\hera\system\CodeIgniter.php(326): CodeIgniter\CodeIgniter->handleRequest(NULL, Object(Config\Cache), false)
#6 C:\Users\ganda\Documents\GitHub\hera\public\index.php(37): CodeIgniter\CodeIgniter->run()
#7 C:\Users\ganda\Documents\GitHub\hera\system\Commands\Server\rewrite.php(43): require_once('C:\\Users\\ganda\\...')
#8 {main}
CRITICAL - 2024-07-17 19:47:03 --> Undefined variable: piutangModel
#0 C:\Users\ganda\Documents\GitHub\hera\app\Controllers\Admin.php(3188): CodeIgniter\Debug\Exceptions->errorHandler(8, 'Undefined varia...', 'C:\\Users\\ganda\\...', 3188, Array)
#1 C:\Users\ganda\Documents\GitHub\hera\system\CodeIgniter.php(832): App\Controllers\Admin->savePiutang()
#2 C:\Users\ganda\Documents\GitHub\hera\system\CodeIgniter.php(419): CodeIgniter\CodeIgniter->runController(Object(App\Controllers\Admin))
#3 C:\Users\ganda\Documents\GitHub\hera\system\CodeIgniter.php(326): CodeIgniter\CodeIgniter->handleRequest(NULL, Object(Config\Cache), false)
#4 C:\Users\ganda\Documents\GitHub\hera\public\index.php(37): CodeIgniter\CodeIgniter->run()
#5 C:\Users\ganda\Documents\GitHub\hera\system\Commands\Server\rewrite.php(43): require_once('C:\\Users\\ganda\\...')
#6 {main}
CRITICAL - 2024-07-17 19:47:44 --> There is no data to insert.
#0 C:\Users\ganda\Documents\GitHub\hera\system\BaseModel.php(718): CodeIgniter\Database\Exceptions\DataException::forEmptyDataset('insert')
#1 C:\Users\ganda\Documents\GitHub\hera\system\Model.php(625): CodeIgniter\BaseModel->insert(Array, true)
#2 C:\Users\ganda\Documents\GitHub\hera\app\Controllers\Admin.php(3189): CodeIgniter\Model->insert(Array)
#3 C:\Users\ganda\Documents\GitHub\hera\system\CodeIgniter.php(832): App\Controllers\Admin->savePiutang()
#4 C:\Users\ganda\Documents\GitHub\hera\system\CodeIgniter.php(419): CodeIgniter\CodeIgniter->runController(Object(App\Controllers\Admin))
#5 C:\Users\ganda\Documents\GitHub\hera\system\CodeIgniter.php(326): CodeIgniter\CodeIgniter->handleRequest(NULL, Object(Config\Cache), false)
#6 C:\Users\ganda\Documents\GitHub\hera\public\index.php(37): CodeIgniter\CodeIgniter->run()
#7 C:\Users\ganda\Documents\GitHub\hera\system\Commands\Server\rewrite.php(43): require_once('C:\\Users\\ganda\\...')
#8 {main}
ERROR - 2024-07-17 19:50:10 --> Cannot add or update a child row: a foreign key constraint fails (`toko_hera`.`piutang`, CONSTRAINT `piutang_ibfk_2` FOREIGN KEY (`id_pelanggan`) REFERENCES `pelanggan` (`id_pelanggan`) ON DELETE CASCADE)
CRITICAL - 2024-07-17 19:50:10 --> Cannot add or update a child row: a foreign key constraint fails (`toko_hera`.`piutang`, CONSTRAINT `piutang_ibfk_2` FOREIGN KEY (`id_pelanggan`) REFERENCES `pelanggan` (`id_pelanggan`) ON DELETE CASCADE)
#0 C:\Users\ganda\Documents\GitHub\hera\system\Database\MySQLi\Connection.php(292): mysqli->query('INSERT INTO `pi...', 0)
#1 C:\Users\ganda\Documents\GitHub\hera\system\Database\BaseConnection.php(670): CodeIgniter\Database\MySQLi\Connection->execute('INSERT INTO `pi...')
#2 C:\Users\ganda\Documents\GitHub\hera\system\Database\BaseConnection.php(598): CodeIgniter\Database\BaseConnection->simpleQuery('INSERT INTO `pi...')
#3 C:\Users\ganda\Documents\GitHub\hera\system\Database\BaseBuilder.php(1771): CodeIgniter\Database\BaseConnection->query('INSERT INTO `pi...', Array, false)
#4 C:\Users\ganda\Documents\GitHub\hera\system\Model.php(239): CodeIgniter\Database\BaseBuilder->insert()
#5 C:\Users\ganda\Documents\GitHub\hera\system\BaseModel.php(738): CodeIgniter\Model->doInsert(Array)
#6 C:\Users\ganda\Documents\GitHub\hera\system\Model.php(625): CodeIgniter\BaseModel->insert(Array, true)
#7 C:\Users\ganda\Documents\GitHub\hera\app\Controllers\Admin.php(3189): CodeIgniter\Model->insert(Array)
#8 C:\Users\ganda\Documents\GitHub\hera\system\CodeIgniter.php(832): App\Controllers\Admin->savePiutang()
#9 C:\Users\ganda\Documents\GitHub\hera\system\CodeIgniter.php(419): CodeIgniter\CodeIgniter->runController(Object(App\Controllers\Admin))
#10 C:\Users\ganda\Documents\GitHub\hera\system\CodeIgniter.php(326): CodeIgniter\CodeIgniter->handleRequest(NULL, Object(Config\Cache), false)
#11 C:\Users\ganda\Documents\GitHub\hera\public\index.php(37): CodeIgniter\CodeIgniter->run()
#12 C:\Users\ganda\Documents\GitHub\hera\system\Commands\Server\rewrite.php(43): require_once('C:\\Users\\ganda\\...')
#13 {main}
CRITICAL - 2024-07-17 19:53:39 --> Undefined index: piutangs
#0 C:\Users\ganda\Documents\GitHub\hera\app\Controllers\PenjualanBarangCont.php(934): CodeIgniter\Debug\Exceptions->errorHandler(8, 'Undefined index...', 'C:\\Users\\ganda\\...', 934, Array)
#1 C:\Users\ganda\Documents\GitHub\hera\system\CodeIgniter.php(832): App\Controllers\PenjualanBarangCont->piutang()
#2 C:\Users\ganda\Documents\GitHub\hera\system\CodeIgniter.php(419): CodeIgniter\CodeIgniter->runController(Object(App\Controllers\PenjualanBarangCont))
#3 C:\Users\ganda\Documents\GitHub\hera\system\CodeIgniter.php(326): CodeIgniter\CodeIgniter->handleRequest(NULL, Object(Config\Cache), false)
#4 C:\Users\ganda\Documents\GitHub\hera\public\index.php(37): CodeIgniter\CodeIgniter->run()
#5 C:\Users\ganda\Documents\GitHub\hera\system\Commands\Server\rewrite.php(43): require_once('C:\\Users\\ganda\\...')
#6 {main}
CRITICAL - 2024-07-17 19:54:18 --> Undefined variable: pelangganList
#0 C:\Users\ganda\Documents\GitHub\hera\app\Views\Admin\Piutang\Index.php(214): CodeIgniter\Debug\Exceptions->errorHandler(8, 'Undefined varia...', 'C:\\Users\\ganda\\...', 214, Array)
#1 C:\Users\ganda\Documents\GitHub\hera\system\View\View.php(210): include('C:\\Users\\ganda\\...')
#2 C:\Users\ganda\Documents\GitHub\hera\system\View\View.php(213): CodeIgniter\View\View->CodeIgniter\View\{closure}()
#3 C:\Users\ganda\Documents\GitHub\hera\system\Common.php(1089): CodeIgniter\View\View->render('Admin/Piutang/I...', Array, true)
#4 C:\Users\ganda\Documents\GitHub\hera\app\Controllers\PenjualanBarangCont.php(945): view('Admin/Piutang/I...', Array)
#5 C:\Users\ganda\Documents\GitHub\hera\system\CodeIgniter.php(832): App\Controllers\PenjualanBarangCont->piutang()
#6 C:\Users\ganda\Documents\GitHub\hera\system\CodeIgniter.php(419): CodeIgniter\CodeIgniter->runController(Object(App\Controllers\PenjualanBarangCont))
#7 C:\Users\ganda\Documents\GitHub\hera\system\CodeIgniter.php(326): CodeIgniter\CodeIgniter->handleRequest(NULL, Object(Config\Cache), false)
#8 C:\Users\ganda\Documents\GitHub\hera\public\index.php(37): CodeIgniter\CodeIgniter->run()
#9 C:\Users\ganda\Documents\GitHub\hera\system\Commands\Server\rewrite.php(43): require_once('C:\\Users\\ganda\\...')
#10 {main}
CRITICAL - 2024-07-17 19:54:25 --> Undefined variable: pelangganList
#0 C:\Users\ganda\Documents\GitHub\hera\app\Views\Admin\Piutang\Index.php(214): CodeIgniter\Debug\Exceptions->errorHandler(8, 'Undefined varia...', 'C:\\Users\\ganda\\...', 214, Array)
#1 C:\Users\ganda\Documents\GitHub\hera\system\View\View.php(210): include('C:\\Users\\ganda\\...')
#2 C:\Users\ganda\Documents\GitHub\hera\system\View\View.php(213): CodeIgniter\View\View->CodeIgniter\View\{closure}()
#3 C:\Users\ganda\Documents\GitHub\hera\system\Common.php(1089): CodeIgniter\View\View->render('Admin/Piutang/I...', Array, true)
#4 C:\Users\ganda\Documents\GitHub\hera\app\Controllers\PenjualanBarangCont.php(945): view('Admin/Piutang/I...', Array)
#5 C:\Users\ganda\Documents\GitHub\hera\system\CodeIgniter.php(832): App\Controllers\PenjualanBarangCont->piutang()
#6 C:\Users\ganda\Documents\GitHub\hera\system\CodeIgniter.php(419): CodeIgniter\CodeIgniter->runController(Object(App\Controllers\PenjualanBarangCont))
#7 C:\Users\ganda\Documents\GitHub\hera\system\CodeIgniter.php(326): CodeIgniter\CodeIgniter->handleRequest(NULL, Object(Config\Cache), false)
#8 C:\Users\ganda\Documents\GitHub\hera\public\index.php(37): CodeIgniter\CodeIgniter->run()
#9 C:\Users\ganda\Documents\GitHub\hera\system\Commands\Server\rewrite.php(43): require_once('C:\\Users\\ganda\\...')
#10 {main}
CRITICAL - 2024-07-17 19:58:32 --> A non-numeric value encountered
#0 C:\Users\ganda\Documents\GitHub\hera\app\Controllers\PenjualanBarangCont.php(933): CodeIgniter\Debug\Exceptions->errorHandler(2, 'A non-numeric v...', 'C:\\Users\\ganda\\...', 933, Array)
#1 C:\Users\ganda\Documents\GitHub\hera\system\CodeIgniter.php(832): App\Controllers\PenjualanBarangCont->piutang()
#2 C:\Users\ganda\Documents\GitHub\hera\system\CodeIgniter.php(419): CodeIgniter\CodeIgniter->runController(Object(App\Controllers\PenjualanBarangCont))
#3 C:\Users\ganda\Documents\GitHub\hera\system\CodeIgniter.php(326): CodeIgniter\CodeIgniter->handleRequest(NULL, Object(Config\Cache), false)
#4 C:\Users\ganda\Documents\GitHub\hera\public\index.php(37): CodeIgniter\CodeIgniter->run()
#5 C:\Users\ganda\Documents\GitHub\hera\system\Commands\Server\rewrite.php(43): require_once('C:\\Users\\ganda\\...')
#6 {main}
CRITICAL - 2024-07-17 19:58:49 --> A non-numeric value encountered
#0 C:\Users\ganda\Documents\GitHub\hera\app\Controllers\PenjualanBarangCont.php(933): CodeIgniter\Debug\Exceptions->errorHandler(2, 'A non-numeric v...', 'C:\\Users\\ganda\\...', 933, Array)
#1 C:\Users\ganda\Documents\GitHub\hera\system\CodeIgniter.php(832): App\Controllers\PenjualanBarangCont->piutang()
#2 C:\Users\ganda\Documents\GitHub\hera\system\CodeIgniter.php(419): CodeIgniter\CodeIgniter->runController(Object(App\Controllers\PenjualanBarangCont))
#3 C:\Users\ganda\Documents\GitHub\hera\system\CodeIgniter.php(326): CodeIgniter\CodeIgniter->handleRequest(NULL, Object(Config\Cache), false)
#4 C:\Users\ganda\Documents\GitHub\hera\public\index.php(37): CodeIgniter\CodeIgniter->run()
#5 C:\Users\ganda\Documents\GitHub\hera\system\Commands\Server\rewrite.php(43): require_once('C:\\Users\\ganda\\...')
#6 {main}
ERROR - 2024-07-17 20:04:43 --> Column 'jumlah_piutang' cannot be null
CRITICAL - 2024-07-17 20:04:43 --> Column 'jumlah_piutang' cannot be null
#0 C:\Users\ganda\Documents\GitHub\hera\system\Database\MySQLi\Connection.php(292): mysqli->query('INSERT INTO `pi...', 0)
#1 C:\Users\ganda\Documents\GitHub\hera\system\Database\BaseConnection.php(670): CodeIgniter\Database\MySQLi\Connection->execute('INSERT INTO `pi...')
#2 C:\Users\ganda\Documents\GitHub\hera\system\Database\BaseConnection.php(598): CodeIgniter\Database\BaseConnection->simpleQuery('INSERT INTO `pi...')
#3 C:\Users\ganda\Documents\GitHub\hera\system\Database\BaseBuilder.php(1771): CodeIgniter\Database\BaseConnection->query('INSERT INTO `pi...', Array, false)
#4 C:\Users\ganda\Documents\GitHub\hera\system\Model.php(239): CodeIgniter\Database\BaseBuilder->insert()
#5 C:\Users\ganda\Documents\GitHub\hera\system\BaseModel.php(738): CodeIgniter\Model->doInsert(Array)
#6 C:\Users\ganda\Documents\GitHub\hera\system\Model.php(625): CodeIgniter\BaseModel->insert(Array, true)
#7 C:\Users\ganda\Documents\GitHub\hera\app\Controllers\Admin.php(3196): CodeIgniter\Model->insert(Array)
#8 C:\Users\ganda\Documents\GitHub\hera\system\CodeIgniter.php(832): App\Controllers\Admin->savePiutang()
#9 C:\Users\ganda\Documents\GitHub\hera\system\CodeIgniter.php(419): CodeIgniter\CodeIgniter->runController(Object(App\Controllers\Admin))
#10 C:\Users\ganda\Documents\GitHub\hera\system\CodeIgniter.php(326): CodeIgniter\CodeIgniter->handleRequest(NULL, Object(Config\Cache), false)
#11 C:\Users\ganda\Documents\GitHub\hera\public\index.php(37): CodeIgniter\CodeIgniter->run()
#12 C:\Users\ganda\Documents\GitHub\hera\system\Commands\Server\rewrite.php(43): require_once('C:\\Users\\ganda\\...')
#13 {main}
CRITICAL - 2024-07-17 20:05:17 --> Trying to access array offset on value of type null
#0 C:\Users\ganda\Documents\GitHub\hera\app\Controllers\Admin.php(3181): CodeIgniter\Debug\Exceptions->errorHandler(8, 'Trying to acces...', 'C:\\Users\\ganda\\...', 3181, Array)
#1 C:\Users\ganda\Documents\GitHub\hera\system\CodeIgniter.php(832): App\Controllers\Admin->savePiutang()
#2 C:\Users\ganda\Documents\GitHub\hera\system\CodeIgniter.php(419): CodeIgniter\CodeIgniter->runController(Object(App\Controllers\Admin))
#3 C:\Users\ganda\Documents\GitHub\hera\system\CodeIgniter.php(326): CodeIgniter\CodeIgniter->handleRequest(NULL, Object(Config\Cache), false)
#4 C:\Users\ganda\Documents\GitHub\hera\public\index.php(37): CodeIgniter\CodeIgniter->run()
#5 C:\Users\ganda\Documents\GitHub\hera\system\Commands\Server\rewrite.php(43): require_once('C:\\Users\\ganda\\...')
#6 {main}
ERROR - 2024-07-17 20:05:49 --> Column 'jumlah_piutang' cannot be null
CRITICAL - 2024-07-17 20:05:49 --> Column 'jumlah_piutang' cannot be null
#0 C:\Users\ganda\Documents\GitHub\hera\system\Database\MySQLi\Connection.php(292): mysqli->query('INSERT INTO `pi...', 0)
#1 C:\Users\ganda\Documents\GitHub\hera\system\Database\BaseConnection.php(670): CodeIgniter\Database\MySQLi\Connection->execute('INSERT INTO `pi...')
#2 C:\Users\ganda\Documents\GitHub\hera\system\Database\BaseConnection.php(598): CodeIgniter\Database\BaseConnection->simpleQuery('INSERT INTO `pi...')
#3 C:\Users\ganda\Documents\GitHub\hera\system\Database\BaseBuilder.php(1771): CodeIgniter\Database\BaseConnection->query('INSERT INTO `pi...', Array, false)
#4 C:\Users\ganda\Documents\GitHub\hera\system\Model.php(239): CodeIgniter\Database\BaseBuilder->insert()
#5 C:\Users\ganda\Documents\GitHub\hera\system\BaseModel.php(738): CodeIgniter\Model->doInsert(Array)
#6 C:\Users\ganda\Documents\GitHub\hera\system\Model.php(625): CodeIgniter\BaseModel->insert(Array, true)
#7 C:\Users\ganda\Documents\GitHub\hera\app\Controllers\Admin.php(3196): CodeIgniter\Model->insert(Array)
#8 C:\Users\ganda\Documents\GitHub\hera\system\CodeIgniter.php(832): App\Controllers\Admin->savePiutang()
#9 C:\Users\ganda\Documents\GitHub\hera\system\CodeIgniter.php(419): CodeIgniter\CodeIgniter->runController(Object(App\Controllers\Admin))
#10 C:\Users\ganda\Documents\GitHub\hera\system\CodeIgniter.php(326): CodeIgniter\CodeIgniter->handleRequest(NULL, Object(Config\Cache), false)
#11 C:\Users\ganda\Documents\GitHub\hera\public\index.php(37): CodeIgniter\CodeIgniter->run()
#12 C:\Users\ganda\Documents\GitHub\hera\system\Commands\Server\rewrite.php(43): require_once('C:\\Users\\ganda\\...')
#13 {main}
ERROR - 2024-07-17 20:05:55 --> Column 'jumlah_piutang' cannot be null
CRITICAL - 2024-07-17 20:05:55 --> Column 'jumlah_piutang' cannot be null
#0 C:\Users\ganda\Documents\GitHub\hera\system\Database\MySQLi\Connection.php(292): mysqli->query('INSERT INTO `pi...', 0)
#1 C:\Users\ganda\Documents\GitHub\hera\system\Database\BaseConnection.php(670): CodeIgniter\Database\MySQLi\Connection->execute('INSERT INTO `pi...')
#2 C:\Users\ganda\Documents\GitHub\hera\system\Database\BaseConnection.php(598): CodeIgniter\Database\BaseConnection->simpleQuery('INSERT INTO `pi...')
#3 C:\Users\ganda\Documents\GitHub\hera\system\Database\BaseBuilder.php(1771): CodeIgniter\Database\BaseConnection->query('INSERT INTO `pi...', Array, false)
#4 C:\Users\ganda\Documents\GitHub\hera\system\Model.php(239): CodeIgniter\Database\BaseBuilder->insert()
#5 C:\Users\ganda\Documents\GitHub\hera\system\BaseModel.php(738): CodeIgniter\Model->doInsert(Array)
#6 C:\Users\ganda\Documents\GitHub\hera\system\Model.php(625): CodeIgniter\BaseModel->insert(Array, true)
#7 C:\Users\ganda\Documents\GitHub\hera\app\Controllers\Admin.php(3196): CodeIgniter\Model->insert(Array)
#8 C:\Users\ganda\Documents\GitHub\hera\system\CodeIgniter.php(832): App\Controllers\Admin->savePiutang()
#9 C:\Users\ganda\Documents\GitHub\hera\system\CodeIgniter.php(419): CodeIgniter\CodeIgniter->runController(Object(App\Controllers\Admin))
#10 C:\Users\ganda\Documents\GitHub\hera\system\CodeIgniter.php(326): CodeIgniter\CodeIgniter->handleRequest(NULL, Object(Config\Cache), false)
#11 C:\Users\ganda\Documents\GitHub\hera\public\index.php(37): CodeIgniter\CodeIgniter->run()
#12 C:\Users\ganda\Documents\GitHub\hera\system\Commands\Server\rewrite.php(43): require_once('C:\\Users\\ganda\\...')
#13 {main}
ERROR - 2024-07-17 20:13:19 --> Unknown column 'piutang.cretaed_at' in 'order clause'
CRITICAL - 2024-07-17 20:13:19 --> Unknown column 'piutang.cretaed_at' in 'order clause'
#0 C:\Users\ganda\Documents\GitHub\hera\system\Database\MySQLi\Connection.php(292): mysqli->query('SELECT `piutang...', 0)
#1 C:\Users\ganda\Documents\GitHub\hera\system\Database\BaseConnection.php(670): CodeIgniter\Database\MySQLi\Connection->execute('SELECT `piutang...')
#2 C:\Users\ganda\Documents\GitHub\hera\system\Database\BaseConnection.php(598): CodeIgniter\Database\BaseConnection->simpleQuery('SELECT `piutang...')
#3 C:\Users\ganda\Documents\GitHub\hera\system\Database\BaseBuilder.php(1455): CodeIgniter\Database\BaseConnection->query('SELECT `piutang...', Array, false)
#4 C:\Users\ganda\Documents\GitHub\hera\system\Model.php(183): CodeIgniter\Database\BaseBuilder->get()
#5 C:\Users\ganda\Documents\GitHub\hera\system\BaseModel.php(584): CodeIgniter\Model->doFindAll(0, 0)
#6 C:\Users\ganda\Documents\GitHub\hera\app\Controllers\PenjualanBarangCont.php(918): CodeIgniter\BaseModel->findAll()
#7 C:\Users\ganda\Documents\GitHub\hera\system\CodeIgniter.php(832): App\Controllers\PenjualanBarangCont->piutang()
#8 C:\Users\ganda\Documents\GitHub\hera\system\CodeIgniter.php(419): CodeIgniter\CodeIgniter->runController(Object(App\Controllers\PenjualanBarangCont))
#9 C:\Users\ganda\Documents\GitHub\hera\system\CodeIgniter.php(326): CodeIgniter\CodeIgniter->handleRequest(NULL, Object(Config\Cache), false)
#10 C:\Users\ganda\Documents\GitHub\hera\public\index.php(37): CodeIgniter\CodeIgniter->run()
#11 C:\Users\ganda\Documents\GitHub\hera\system\Commands\Server\rewrite.php(43): require_once('C:\\Users\\ganda\\...')
#12 {main}
ERROR - 2024-07-17 20:15:32 --> Unknown column 'piutang.cretaed_at' in 'order clause'
CRITICAL - 2024-07-17 20:15:32 --> Unknown column 'piutang.cretaed_at' in 'order clause'
#0 C:\Users\ganda\Documents\GitHub\hera\system\Database\MySQLi\Connection.php(292): mysqli->query('SELECT `piutang...', 0)
#1 C:\Users\ganda\Documents\GitHub\hera\system\Database\BaseConnection.php(670): CodeIgniter\Database\MySQLi\Connection->execute('SELECT `piutang...')
#2 C:\Users\ganda\Documents\GitHub\hera\system\Database\BaseConnection.php(598): CodeIgniter\Database\BaseConnection->simpleQuery('SELECT `piutang...')
#3 C:\Users\ganda\Documents\GitHub\hera\system\Database\BaseBuilder.php(1455): CodeIgniter\Database\BaseConnection->query('SELECT `piutang...', Array, false)
#4 C:\Users\ganda\Documents\GitHub\hera\system\Model.php(183): CodeIgniter\Database\BaseBuilder->get()
#5 C:\Users\ganda\Documents\GitHub\hera\system\BaseModel.php(584): CodeIgniter\Model->doFindAll(0, 0)
#6 C:\Users\ganda\Documents\GitHub\hera\app\Controllers\PenjualanBarangCont.php(918): CodeIgniter\BaseModel->findAll()
#7 C:\Users\ganda\Documents\GitHub\hera\system\CodeIgniter.php(832): App\Controllers\PenjualanBarangCont->piutang()
#8 C:\Users\ganda\Documents\GitHub\hera\system\CodeIgniter.php(419): CodeIgniter\CodeIgniter->runController(Object(App\Controllers\PenjualanBarangCont))
#9 C:\Users\ganda\Documents\GitHub\hera\system\CodeIgniter.php(326): CodeIgniter\CodeIgniter->handleRequest(NULL, Object(Config\Cache), false)
#10 C:\Users\ganda\Documents\GitHub\hera\public\index.php(37): CodeIgniter\CodeIgniter->run()
#11 C:\Users\ganda\Documents\GitHub\hera\system\Commands\Server\rewrite.php(43): require_once('C:\\Users\\ganda\\...')
#12 {main}
ERROR - 2024-07-17 20:21:19 --> Column 'jumlah_piutang' cannot be null
CRITICAL - 2024-07-17 20:21:19 --> Column 'jumlah_piutang' cannot be null
#0 C:\Users\ganda\Documents\GitHub\hera\system\Database\MySQLi\Connection.php(292): mysqli->query('INSERT INTO `pi...', 0)
#1 C:\Users\ganda\Documents\GitHub\hera\system\Database\BaseConnection.php(670): CodeIgniter\Database\MySQLi\Connection->execute('INSERT INTO `pi...')
#2 C:\Users\ganda\Documents\GitHub\hera\system\Database\BaseConnection.php(598): CodeIgniter\Database\BaseConnection->simpleQuery('INSERT INTO `pi...')
#3 C:\Users\ganda\Documents\GitHub\hera\system\Database\BaseBuilder.php(1771): CodeIgniter\Database\BaseConnection->query('INSERT INTO `pi...', Array, false)
#4 C:\Users\ganda\Documents\GitHub\hera\system\Model.php(239): CodeIgniter\Database\BaseBuilder->insert()
#5 C:\Users\ganda\Documents\GitHub\hera\system\BaseModel.php(738): CodeIgniter\Model->doInsert(Array)
#6 C:\Users\ganda\Documents\GitHub\hera\system\Model.php(625): CodeIgniter\BaseModel->insert(Array, true)
#7 C:\Users\ganda\Documents\GitHub\hera\app\Controllers\Admin.php(3197): CodeIgniter\Model->insert(Array)
#8 C:\Users\ganda\Documents\GitHub\hera\system\CodeIgniter.php(832): App\Controllers\Admin->savePiutang()
#9 C:\Users\ganda\Documents\GitHub\hera\system\CodeIgniter.php(419): CodeIgniter\CodeIgniter->runController(Object(App\Controllers\Admin))
#10 C:\Users\ganda\Documents\GitHub\hera\system\CodeIgniter.php(326): CodeIgniter\CodeIgniter->handleRequest(NULL, Object(Config\Cache), false)
#11 C:\Users\ganda\Documents\GitHub\hera\public\index.php(37): CodeIgniter\CodeIgniter->run()
#12 C:\Users\ganda\Documents\GitHub\hera\system\Commands\Server\rewrite.php(43): require_once('C:\\Users\\ganda\\...')
#13 {main}
CRITICAL - 2024-07-17 20:27:10 --> Argument 1 passed to CodeIgniter\Validation\FormatRules::numeric() must be of the type string or null, array given, called in C:\Users\ganda\Documents\GitHub\hera\system\Validation\Validation.php on line 291
#0 C:\Users\ganda\Documents\GitHub\hera\system\Validation\Validation.php(291): CodeIgniter\Validation\FormatRules->numeric(Array, NULL)
#1 C:\Users\ganda\Documents\GitHub\hera\system\Validation\Validation.php(157): CodeIgniter\Validation\Validation->processRules('id_pelanggan', 'id_pelanggan', Array, Array, Array)
#2 C:\Users\ganda\Documents\GitHub\hera\system\Controller.php(160): CodeIgniter\Validation\Validation->run()
#3 C:\Users\ganda\Documents\GitHub\hera\app\Controllers\Admin.php(3176): CodeIgniter\Controller->validate(Array)
#4 C:\Users\ganda\Documents\GitHub\hera\system\CodeIgniter.php(832): App\Controllers\Admin->savePiutang()
#5 C:\Users\ganda\Documents\GitHub\hera\system\CodeIgniter.php(419): CodeIgniter\CodeIgniter->runController(Object(App\Controllers\Admin))
#6 C:\Users\ganda\Documents\GitHub\hera\system\CodeIgniter.php(326): CodeIgniter\CodeIgniter->handleRequest(NULL, Object(Config\Cache), false)
#7 C:\Users\ganda\Documents\GitHub\hera\public\index.php(37): CodeIgniter\CodeIgniter->run()
#8 C:\Users\ganda\Documents\GitHub\hera\system\Commands\Server\rewrite.php(43): require_once('C:\\Users\\ganda\\...')
#9 {main}
CRITICAL - 2024-07-17 20:27:35 --> Argument 1 passed to CodeIgniter\Validation\FormatRules::numeric() must be of the type string or null, array given, called in C:\Users\ganda\Documents\GitHub\hera\system\Validation\Validation.php on line 291
#0 C:\Users\ganda\Documents\GitHub\hera\system\Validation\Validation.php(291): CodeIgniter\Validation\FormatRules->numeric(Array, NULL)
#1 C:\Users\ganda\Documents\GitHub\hera\system\Validation\Validation.php(157): CodeIgniter\Validation\Validation->processRules('id_pelanggan', 'id_pelanggan', Array, Array, Array)
#2 C:\Users\ganda\Documents\GitHub\hera\system\Controller.php(160): CodeIgniter\Validation\Validation->run()
#3 C:\Users\ganda\Documents\GitHub\hera\app\Controllers\Admin.php(3176): CodeIgniter\Controller->validate(Array)
#4 C:\Users\ganda\Documents\GitHub\hera\system\CodeIgniter.php(832): App\Controllers\Admin->savePiutang()
#5 C:\Users\ganda\Documents\GitHub\hera\system\CodeIgniter.php(419): CodeIgniter\CodeIgniter->runController(Object(App\Controllers\Admin))
#6 C:\Users\ganda\Documents\GitHub\hera\system\CodeIgniter.php(326): CodeIgniter\CodeIgniter->handleRequest(NULL, Object(Config\Cache), false)
#7 C:\Users\ganda\Documents\GitHub\hera\public\index.php(37): CodeIgniter\CodeIgniter->run()
#8 C:\Users\ganda\Documents\GitHub\hera\system\Commands\Server\rewrite.php(43): require_once('C:\\Users\\ganda\\...')
#9 {main}
CRITICAL - 2024-07-17 20:28:40 --> Argument 1 passed to CodeIgniter\Validation\FormatRules::numeric() must be of the type string or null, array given, called in C:\Users\ganda\Documents\GitHub\hera\system\Validation\Validation.php on line 291
#0 C:\Users\ganda\Documents\GitHub\hera\system\Validation\Validation.php(291): CodeIgniter\Validation\FormatRules->numeric(Array, NULL)
#1 C:\Users\ganda\Documents\GitHub\hera\system\Validation\Validation.php(157): CodeIgniter\Validation\Validation->processRules('id_pelanggan', 'id_pelanggan', Array, Array, Array)
#2 C:\Users\ganda\Documents\GitHub\hera\system\Controller.php(160): CodeIgniter\Validation\Validation->run()
#3 C:\Users\ganda\Documents\GitHub\hera\app\Controllers\Admin.php(3176): CodeIgniter\Controller->validate(Array)
#4 C:\Users\ganda\Documents\GitHub\hera\system\CodeIgniter.php(832): App\Controllers\Admin->savePiutang()
#5 C:\Users\ganda\Documents\GitHub\hera\system\CodeIgniter.php(419): CodeIgniter\CodeIgniter->runController(Object(App\Controllers\Admin))
#6 C:\Users\ganda\Documents\GitHub\hera\system\CodeIgniter.php(326): CodeIgniter\CodeIgniter->handleRequest(NULL, Object(Config\Cache), false)
#7 C:\Users\ganda\Documents\GitHub\hera\public\index.php(37): CodeIgniter\CodeIgniter->run()
#8 C:\Users\ganda\Documents\GitHub\hera\system\Commands\Server\rewrite.php(43): require_once('C:\\Users\\ganda\\...')
#9 {main}
CRITICAL - 2024-07-17 20:30:04 --> Argument 1 passed to CodeIgniter\Validation\FormatRules::numeric() must be of the type string or null, array given, called in C:\Users\ganda\Documents\GitHub\hera\system\Validation\Validation.php on line 291
#0 C:\Users\ganda\Documents\GitHub\hera\system\Validation\Validation.php(291): CodeIgniter\Validation\FormatRules->numeric(Array, NULL)
#1 C:\Users\ganda\Documents\GitHub\hera\system\Validation\Validation.php(157): CodeIgniter\Validation\Validation->processRules('id_pelanggan', 'id_pelanggan', Array, Array, Array)
#2 C:\Users\ganda\Documents\GitHub\hera\system\Controller.php(160): CodeIgniter\Validation\Validation->run()
#3 C:\Users\ganda\Documents\GitHub\hera\app\Controllers\Admin.php(3176): CodeIgniter\Controller->validate(Array)
#4 C:\Users\ganda\Documents\GitHub\hera\system\CodeIgniter.php(832): App\Controllers\Admin->savePiutang()
#5 C:\Users\ganda\Documents\GitHub\hera\system\CodeIgniter.php(419): CodeIgniter\CodeIgniter->runController(Object(App\Controllers\Admin))
#6 C:\Users\ganda\Documents\GitHub\hera\system\CodeIgniter.php(326): CodeIgniter\CodeIgniter->handleRequest(NULL, Object(Config\Cache), false)
#7 C:\Users\ganda\Documents\GitHub\hera\public\index.php(37): CodeIgniter\CodeIgniter->run()
#8 C:\Users\ganda\Documents\GitHub\hera\system\Commands\Server\rewrite.php(43): require_once('C:\\Users\\ganda\\...')
#9 {main}
ERROR - 2024-07-17 23:33:50 --> Unknown column 'piutang.created_at' in 'order clause'
CRITICAL - 2024-07-17 23:33:50 --> Unknown column 'piutang.created_at' in 'order clause'
#0 C:\Users\Lenovo\Documents\GitHub\hera\system\Database\MySQLi\Connection.php(292): mysqli->query('SELECT `piutang...', 0)
#1 C:\Users\Lenovo\Documents\GitHub\hera\system\Database\BaseConnection.php(670): CodeIgniter\Database\MySQLi\Connection->execute('SELECT `piutang...')
#2 C:\Users\Lenovo\Documents\GitHub\hera\system\Database\BaseConnection.php(598): CodeIgniter\Database\BaseConnection->simpleQuery('SELECT `piutang...')
#3 C:\Users\Lenovo\Documents\GitHub\hera\system\Database\BaseBuilder.php(1455): CodeIgniter\Database\BaseConnection->query('SELECT `piutang...', Array, false)
#4 C:\Users\Lenovo\Documents\GitHub\hera\system\Model.php(183): CodeIgniter\Database\BaseBuilder->get()
#5 C:\Users\Lenovo\Documents\GitHub\hera\system\BaseModel.php(584): CodeIgniter\Model->doFindAll(0, 0)
#6 C:\Users\Lenovo\Documents\GitHub\hera\app\Controllers\PenjualanBarangCont.php(918): CodeIgniter\BaseModel->findAll()
#7 C:\Users\Lenovo\Documents\GitHub\hera\system\CodeIgniter.php(832): App\Controllers\PenjualanBarangCont->piutang()
#8 C:\Users\Lenovo\Documents\GitHub\hera\system\CodeIgniter.php(419): CodeIgniter\CodeIgniter->runController(Object(App\Controllers\PenjualanBarangCont))
#9 C:\Users\Lenovo\Documents\GitHub\hera\system\CodeIgniter.php(326): CodeIgniter\CodeIgniter->handleRequest(NULL, Object(Config\Cache), false)
#10 C:\Users\Lenovo\Documents\GitHub\hera\public\index.php(37): CodeIgniter\CodeIgniter->run()
#11 C:\Users\Lenovo\Documents\GitHub\hera\system\Commands\Server\rewrite.php(43): require_once('C:\\Users\\Lenovo...')
#12 {main}
