CRITICAL - 2024-01-30 13:04:25 --> Trying to get property 'fullname' of non-object
#0 C:\xampp\htdocs\INVENTARIS_PENGADAAN\app\Views\Admin\Laporan\Lap_inventaris.php(148): CodeIgniter\Debug\Exceptions->errorHandler(8, 'Trying to get p...', 'C:\\xampp\\htdocs...', 148, Array)
#1 C:\xampp\htdocs\INVENTARIS_PENGADAAN\system\View\View.php(210): include('C:\\xampp\\htdocs...')
#2 C:\xampp\htdocs\INVENTARIS_PENGADAAN\system\View\View.php(213): CodeIgniter\View\View->CodeIgniter\View\{closure}()
#3 C:\xampp\htdocs\INVENTARIS_PENGADAAN\system\Common.php(1089): CodeIgniter\View\View->render('Admin/Laporan/L...', Array, true)
#4 C:\xampp\htdocs\INVENTARIS_PENGADAAN\app\Controllers\Admin.php(2176): view('Admin/Laporan/L...', Array)
#5 C:\xampp\htdocs\INVENTARIS_PENGADAAN\system\CodeIgniter.php(832): App\Controllers\Admin->cetak_lap_inv()
#6 C:\xampp\htdocs\INVENTARIS_PENGADAAN\system\CodeIgniter.php(419): CodeIgniter\CodeIgniter->runController(Object(App\Controllers\Admin))
#7 C:\xampp\htdocs\INVENTARIS_PENGADAAN\system\CodeIgniter.php(326): CodeIgniter\CodeIgniter->handleRequest(NULL, Object(Config\Cache), false)
#8 C:\xampp\htdocs\INVENTARIS_PENGADAAN\public\index.php(37): CodeIgniter\CodeIgniter->run()
#9 C:\xampp\htdocs\INVENTARIS_PENGADAAN\system\Commands\Server\rewrite.php(43): require_once('C:\\xampp\\htdocs...')
#10 {main}
CRITICAL - 2024-01-30 14:12:42 --> Undefined offset: -1
#0 C:\xampp\htdocs\INVENTARIS_PENGADAAN\vendor\mpdf\mpdf\src\Tag\BlockTag.php(118): CodeIgniter\Debug\Exceptions->errorHandler(8, 'Undefined offse...', 'C:\\xampp\\htdocs...', 118, Array)
#1 C:\xampp\htdocs\INVENTARIS_PENGADAAN\vendor\mpdf\mpdf\src\Tag.php(240): Mpdf\Tag\BlockTag->open(Array, Array, 7)
#2 C:\xampp\htdocs\INVENTARIS_PENGADAAN\vendor\mpdf\mpdf\src\Mpdf.php(13921): Mpdf\Tag->OpenTag('DIV', Array, Array, 7)
#3 C:\xampp\htdocs\INVENTARIS_PENGADAAN\app\Controllers\Petugas_pengadaan.php(365): Mpdf\Mpdf->WriteHTML(' <h2>Data Penga...')
#4 C:\xampp\htdocs\INVENTARIS_PENGADAAN\system\CodeIgniter.php(832): App\Controllers\Petugas_pengadaan->cetakDataPengadaan()
#5 C:\xampp\htdocs\INVENTARIS_PENGADAAN\system\CodeIgniter.php(419): CodeIgniter\CodeIgniter->runController(Object(App\Controllers\Petugas_pengadaan))
#6 C:\xampp\htdocs\INVENTARIS_PENGADAAN\system\CodeIgniter.php(326): CodeIgniter\CodeIgniter->handleRequest(NULL, Object(Config\Cache), false)
#7 C:\xampp\htdocs\INVENTARIS_PENGADAAN\public\index.php(37): CodeIgniter\CodeIgniter->run()
#8 C:\xampp\htdocs\INVENTARIS_PENGADAAN\system\Commands\Server\rewrite.php(43): require_once('C:\\xampp\\htdocs...')
#9 {main}
CRITICAL - 2024-01-30 17:03:27 --> Maximum execution time of 60 seconds exceeded
#0 [internal function]: CodeIgniter\Debug\Exceptions->shutdownHandler()
#1 {main}
CRITICAL - 2024-01-30 17:04:07 --> Trying to get property 'fullname' of non-object
#0 C:\xampp\htdocs\INVENTARIS_PENGADAAN\app\Views\Admin\Templates\Topbar.php(28): CodeIgniter\Debug\Exceptions->errorHandler(8, 'Trying to get p...', 'C:\\xampp\\htdocs...', 28, Array)
#1 C:\xampp\htdocs\INVENTARIS_PENGADAAN\system\View\View.php(210): include('C:\\xampp\\htdocs...')
#2 C:\xampp\htdocs\INVENTARIS_PENGADAAN\system\View\View.php(213): CodeIgniter\View\View->CodeIgniter\View\{closure}()
#3 C:\xampp\htdocs\INVENTARIS_PENGADAAN\system\View\View.php(424): CodeIgniter\View\View->render('Admin/Templates...', NULL, true)
#4 C:\xampp\htdocs\INVENTARIS_PENGADAAN\app\Views\Admin\Templates\Index.php(55): CodeIgniter\View\View->include('Admin/Templates...')
#5 C:\xampp\htdocs\INVENTARIS_PENGADAAN\system\View\View.php(210): include('C:\\xampp\\htdocs...')
#6 C:\xampp\htdocs\INVENTARIS_PENGADAAN\system\View\View.php(213): CodeIgniter\View\View->CodeIgniter\View\{closure}()
#7 C:\xampp\htdocs\INVENTARIS_PENGADAAN\system\View\View.php(226): CodeIgniter\View\View->render('Admin/Templates...', Array, true)
#8 C:\xampp\htdocs\INVENTARIS_PENGADAAN\system\Common.php(1089): CodeIgniter\View\View->render('Admin/Inventari...', Array, true)
#9 C:\xampp\htdocs\INVENTARIS_PENGADAAN\app\Controllers\Admin.php(235): view('Admin/Inventari...', Array)
#10 C:\xampp\htdocs\INVENTARIS_PENGADAAN\system\CodeIgniter.php(832): App\Controllers\Admin->adm_inventaris()
#11 C:\xampp\htdocs\INVENTARIS_PENGADAAN\system\CodeIgniter.php(419): CodeIgniter\CodeIgniter->runController(Object(App\Controllers\Admin))
#12 C:\xampp\htdocs\INVENTARIS_PENGADAAN\system\CodeIgniter.php(326): CodeIgniter\CodeIgniter->handleRequest(NULL, Object(Config\Cache), false)
#13 C:\xampp\htdocs\INVENTARIS_PENGADAAN\public\index.php(37): CodeIgniter\CodeIgniter->run()
#14 C:\xampp\htdocs\INVENTARIS_PENGADAAN\system\Commands\Server\rewrite.php(43): require_once('C:\\xampp\\htdocs...')
#15 {main}
CRITICAL - 2024-01-30 18:15:19 --> Trying to get property 'username' of non-object
#0 C:\xampp\htdocs\INVENTARIS_PENGADAAN\app\Controllers\Petugas_pengadaan.php(338): CodeIgniter\Debug\Exceptions->errorHandler(8, 'Trying to get p...', 'C:\\xampp\\htdocs...', 338, Array)
#1 C:\xampp\htdocs\INVENTARIS_PENGADAAN\system\CodeIgniter.php(832): App\Controllers\Petugas_pengadaan->cetakDataPengadaan()
#2 C:\xampp\htdocs\INVENTARIS_PENGADAAN\system\CodeIgniter.php(419): CodeIgniter\CodeIgniter->runController(Object(App\Controllers\Petugas_pengadaan))
#3 C:\xampp\htdocs\INVENTARIS_PENGADAAN\system\CodeIgniter.php(326): CodeIgniter\CodeIgniter->handleRequest(NULL, Object(Config\Cache), false)
#4 C:\xampp\htdocs\INVENTARIS_PENGADAAN\public\index.php(37): CodeIgniter\CodeIgniter->run()
#5 C:\xampp\htdocs\INVENTARIS_PENGADAAN\system\Commands\Server\rewrite.php(43): require_once('C:\\xampp\\htdocs...')
#6 {main}
CRITICAL - 2024-01-30 18:15:31 --> Trying to get property 'username' of non-object
#0 C:\xampp\htdocs\INVENTARIS_PENGADAAN\app\Controllers\Petugas_pengadaan.php(338): CodeIgniter\Debug\Exceptions->errorHandler(8, 'Trying to get p...', 'C:\\xampp\\htdocs...', 338, Array)
#1 C:\xampp\htdocs\INVENTARIS_PENGADAAN\system\CodeIgniter.php(832): App\Controllers\Petugas_pengadaan->cetakDataPengadaan()
#2 C:\xampp\htdocs\INVENTARIS_PENGADAAN\system\CodeIgniter.php(419): CodeIgniter\CodeIgniter->runController(Object(App\Controllers\Petugas_pengadaan))
#3 C:\xampp\htdocs\INVENTARIS_PENGADAAN\system\CodeIgniter.php(326): CodeIgniter\CodeIgniter->handleRequest(NULL, Object(Config\Cache), false)
#4 C:\xampp\htdocs\INVENTARIS_PENGADAAN\public\index.php(37): CodeIgniter\CodeIgniter->run()
#5 C:\xampp\htdocs\INVENTARIS_PENGADAAN\system\Commands\Server\rewrite.php(43): require_once('C:\\xampp\\htdocs...')
#6 {main}
CRITICAL - 2024-01-30 18:15:32 --> Trying to get property 'username' of non-object
#0 C:\xampp\htdocs\INVENTARIS_PENGADAAN\app\Views\Petugas_pengadaan\Templates\Topbar.php(45): CodeIgniter\Debug\Exceptions->errorHandler(8, 'Trying to get p...', 'C:\\xampp\\htdocs...', 45, Array)
#1 C:\xampp\htdocs\INVENTARIS_PENGADAAN\system\View\View.php(210): include('C:\\xampp\\htdocs...')
#2 C:\xampp\htdocs\INVENTARIS_PENGADAAN\system\View\View.php(213): CodeIgniter\View\View->CodeIgniter\View\{closure}()
#3 C:\xampp\htdocs\INVENTARIS_PENGADAAN\system\View\View.php(424): CodeIgniter\View\View->render('petugas_pengada...', NULL, true)
#4 C:\xampp\htdocs\INVENTARIS_PENGADAAN\app\Views\Petugas_pengadaan\Templates\Index.php(52): CodeIgniter\View\View->include('petugas_pengada...')
#5 C:\xampp\htdocs\INVENTARIS_PENGADAAN\system\View\View.php(210): include('C:\\xampp\\htdocs...')
#6 C:\xampp\htdocs\INVENTARIS_PENGADAAN\system\View\View.php(213): CodeIgniter\View\View->CodeIgniter\View\{closure}()
#7 C:\xampp\htdocs\INVENTARIS_PENGADAAN\system\View\View.php(226): CodeIgniter\View\View->render('Petugas_pengada...', Array, true)
#8 C:\xampp\htdocs\INVENTARIS_PENGADAAN\system\Common.php(1089): CodeIgniter\View\View->render('Petugas_pengada...', Array, true)
#9 C:\xampp\htdocs\INVENTARIS_PENGADAAN\app\Controllers\Petugas_pengadaan.php(310): view('Petugas_pengada...', Array)
#10 C:\xampp\htdocs\INVENTARIS_PENGADAAN\system\CodeIgniter.php(832): App\Controllers\Petugas_pengadaan->lap_pengadaan()
#11 C:\xampp\htdocs\INVENTARIS_PENGADAAN\system\CodeIgniter.php(419): CodeIgniter\CodeIgniter->runController(Object(App\Controllers\Petugas_pengadaan))
#12 C:\xampp\htdocs\INVENTARIS_PENGADAAN\system\CodeIgniter.php(326): CodeIgniter\CodeIgniter->handleRequest(NULL, Object(Config\Cache), false)
#13 C:\xampp\htdocs\INVENTARIS_PENGADAAN\public\index.php(37): CodeIgniter\CodeIgniter->run()
#14 C:\xampp\htdocs\INVENTARIS_PENGADAAN\system\Commands\Server\rewrite.php(43): require_once('C:\\xampp\\htdocs...')
#15 {main}
CRITICAL - 2024-01-30 18:15:50 --> Undefined index: jumlah_disetujui
#0 C:\xampp\htdocs\INVENTARIS_PENGADAAN\app\Views\Petugas_pengadaan\Laporan\Lap_pengadaan.php(137): CodeIgniter\Debug\Exceptions->errorHandler(8, 'Undefined index...', 'C:\\xampp\\htdocs...', 137, Array)
#1 C:\xampp\htdocs\INVENTARIS_PENGADAAN\system\View\View.php(210): include('C:\\xampp\\htdocs...')
#2 C:\xampp\htdocs\INVENTARIS_PENGADAAN\system\View\View.php(213): CodeIgniter\View\View->CodeIgniter\View\{closure}()
#3 C:\xampp\htdocs\INVENTARIS_PENGADAAN\system\Common.php(1089): CodeIgniter\View\View->render('Petugas_pengada...', Array, true)
#4 C:\xampp\htdocs\INVENTARIS_PENGADAAN\app\Controllers\Petugas_pengadaan.php(351): view('Petugas_pengada...', Array)
#5 C:\xampp\htdocs\INVENTARIS_PENGADAAN\system\CodeIgniter.php(832): App\Controllers\Petugas_pengadaan->cetakDataPengadaan()
#6 C:\xampp\htdocs\INVENTARIS_PENGADAAN\system\CodeIgniter.php(419): CodeIgniter\CodeIgniter->runController(Object(App\Controllers\Petugas_pengadaan))
#7 C:\xampp\htdocs\INVENTARIS_PENGADAAN\system\CodeIgniter.php(326): CodeIgniter\CodeIgniter->handleRequest(NULL, Object(Config\Cache), false)
#8 C:\xampp\htdocs\INVENTARIS_PENGADAAN\public\index.php(37): CodeIgniter\CodeIgniter->run()
#9 C:\xampp\htdocs\INVENTARIS_PENGADAAN\system\Commands\Server\rewrite.php(43): require_once('C:\\xampp\\htdocs...')
#10 {main}
CRITICAL - 2024-01-30 18:16:06 --> Undefined index: jumlah_disetujui
#0 C:\xampp\htdocs\INVENTARIS_PENGADAAN\app\Views\Petugas_pengadaan\Laporan\Lap_pengadaan.php(137): CodeIgniter\Debug\Exceptions->errorHandler(8, 'Undefined index...', 'C:\\xampp\\htdocs...', 137, Array)
#1 C:\xampp\htdocs\INVENTARIS_PENGADAAN\system\View\View.php(210): include('C:\\xampp\\htdocs...')
#2 C:\xampp\htdocs\INVENTARIS_PENGADAAN\system\View\View.php(213): CodeIgniter\View\View->CodeIgniter\View\{closure}()
#3 C:\xampp\htdocs\INVENTARIS_PENGADAAN\system\Common.php(1089): CodeIgniter\View\View->render('Petugas_pengada...', Array, true)
#4 C:\xampp\htdocs\INVENTARIS_PENGADAAN\app\Controllers\Petugas_pengadaan.php(351): view('Petugas_pengada...', Array)
#5 C:\xampp\htdocs\INVENTARIS_PENGADAAN\system\CodeIgniter.php(832): App\Controllers\Petugas_pengadaan->cetakDataPengadaan()
#6 C:\xampp\htdocs\INVENTARIS_PENGADAAN\system\CodeIgniter.php(419): CodeIgniter\CodeIgniter->runController(Object(App\Controllers\Petugas_pengadaan))
#7 C:\xampp\htdocs\INVENTARIS_PENGADAAN\system\CodeIgniter.php(326): CodeIgniter\CodeIgniter->handleRequest(NULL, Object(Config\Cache), false)
#8 C:\xampp\htdocs\INVENTARIS_PENGADAAN\public\index.php(37): CodeIgniter\CodeIgniter->run()
#9 C:\xampp\htdocs\INVENTARIS_PENGADAAN\system\Commands\Server\rewrite.php(43): require_once('C:\\xampp\\htdocs...')
#10 {main}
