ERROR - 2024-09-29 05:26:41 --> Error connecting to the database: No connection could be made because the target machine actively refused it.

CRITICAL - 2024-09-29 05:26:41 --> Unable to connect to the database.
Main connection [MySQLi]: No connection could be made because the target machine actively refused it.

#0 C:\Users\ganda\Documents\GitHub\e-Posyandu\system\Database\BaseConnection.php(577): CodeIgniter\Database\BaseConnection->initialize()
#1 C:\Users\ganda\Documents\GitHub\e-Posyandu\system\Database\BaseBuilder.php(1455): CodeIgniter\Database\BaseConnection->query('SELECT *\nFROM `...', Array, false)
#2 C:\Users\ganda\Documents\GitHub\e-Posyandu\system\Model.php(183): CodeIgniter\Database\BaseBuilder->get()
#3 C:\Users\ganda\Documents\GitHub\e-Posyandu\system\BaseModel.php(584): CodeIgniter\Model->doFindAll(0, 0)
#4 C:\Users\ganda\Documents\GitHub\e-Posyandu\app\Controllers\Home.php(21): CodeIgniter\BaseModel->findAll()
#5 C:\Users\ganda\Documents\GitHub\e-Posyandu\system\CodeIgniter.php(832): App\Controllers\Home->index()
#6 C:\Users\ganda\Documents\GitHub\e-Posyandu\system\CodeIgniter.php(419): CodeIgniter\CodeIgniter->runController(Object(App\Controllers\Home))
#7 C:\Users\ganda\Documents\GitHub\e-Posyandu\system\CodeIgniter.php(326): CodeIgniter\CodeIgniter->handleRequest(NULL, Object(Config\Cache), false)
#8 C:\Users\ganda\Documents\GitHub\e-Posyandu\public\index.php(37): CodeIgniter\CodeIgniter->run()
#9 C:\Users\ganda\Documents\GitHub\e-Posyandu\system\Commands\Server\rewrite.php(43): require_once('C:\\Users\\ganda\\...')
#10 {main}
CRITICAL - 2024-09-29 08:35:55 --> Trying to get property 'posisi' of non-object
#0 C:\Users\ganda\Documents\GitHub\e-Posyandu\app\Views\User\Templates\Sidebar.php(9): CodeIgniter\Debug\Exceptions->errorHandler(8, 'Trying to get p...', 'C:\\Users\\ganda\\...', 9, Array)
#1 C:\Users\ganda\Documents\GitHub\e-Posyandu\system\View\View.php(210): include('C:\\Users\\ganda\\...')
#2 C:\Users\ganda\Documents\GitHub\e-Posyandu\system\View\View.php(213): CodeIgniter\View\View->CodeIgniter\View\{closure}()
#3 C:\Users\ganda\Documents\GitHub\e-Posyandu\system\View\View.php(424): CodeIgniter\View\View->render('User/Templates/...', NULL, true)
#4 C:\Users\ganda\Documents\GitHub\e-Posyandu\app\Views\User\Templates\Index.php(45): CodeIgniter\View\View->include('User/Templates/...')
#5 C:\Users\ganda\Documents\GitHub\e-Posyandu\system\View\View.php(210): include('C:\\Users\\ganda\\...')
#6 C:\Users\ganda\Documents\GitHub\e-Posyandu\system\View\View.php(213): CodeIgniter\View\View->CodeIgniter\View\{closure}()
#7 C:\Users\ganda\Documents\GitHub\e-Posyandu\system\View\View.php(226): CodeIgniter\View\View->render('User/Templates/...', Array, true)
#8 C:\Users\ganda\Documents\GitHub\e-Posyandu\system\Common.php(1089): CodeIgniter\View\View->render('user/Balita/Tam...', Array, true)
#9 C:\Users\ganda\Documents\GitHub\e-Posyandu\app\Controllers\User.php(335): view('user/Balita/Tam...', Array)
#10 C:\Users\ganda\Documents\GitHub\e-Posyandu\system\CodeIgniter.php(832): App\Controllers\User->tambahBalita()
#11 C:\Users\ganda\Documents\GitHub\e-Posyandu\system\CodeIgniter.php(419): CodeIgniter\CodeIgniter->runController(Object(App\Controllers\User))
#12 C:\Users\ganda\Documents\GitHub\e-Posyandu\system\CodeIgniter.php(326): CodeIgniter\CodeIgniter->handleRequest(NULL, Object(Config\Cache), false)
#13 C:\Users\ganda\Documents\GitHub\e-Posyandu\public\index.php(37): CodeIgniter\CodeIgniter->run()
#14 C:\Users\ganda\Documents\GitHub\e-Posyandu\system\Commands\Server\rewrite.php(43): require_once('C:\\Users\\ganda\\...')
#15 {main}
ERROR - 2024-09-29 08:59:26 --> Duplicate entry '0' for key 'PRIMARY'
CRITICAL - 2024-09-29 08:59:26 --> Duplicate entry '0' for key 'PRIMARY'
#0 C:\Users\ganda\Documents\GitHub\e-Posyandu\system\Database\MySQLi\Connection.php(292): mysqli->query('INSERT INTO `da...', 0)
#1 C:\Users\ganda\Documents\GitHub\e-Posyandu\system\Database\BaseConnection.php(670): CodeIgniter\Database\MySQLi\Connection->execute('INSERT INTO `da...')
#2 C:\Users\ganda\Documents\GitHub\e-Posyandu\system\Database\BaseConnection.php(598): CodeIgniter\Database\BaseConnection->simpleQuery('INSERT INTO `da...')
#3 C:\Users\ganda\Documents\GitHub\e-Posyandu\system\Database\BaseBuilder.php(1771): CodeIgniter\Database\BaseConnection->query('INSERT INTO `da...', Array, false)
#4 C:\Users\ganda\Documents\GitHub\e-Posyandu\system\Model.php(239): CodeIgniter\Database\BaseBuilder->insert()
#5 C:\Users\ganda\Documents\GitHub\e-Posyandu\system\BaseModel.php(738): CodeIgniter\Model->doInsert(Array)
#6 C:\Users\ganda\Documents\GitHub\e-Posyandu\system\Model.php(625): CodeIgniter\BaseModel->insert(Array, true)
#7 C:\Users\ganda\Documents\GitHub\e-Posyandu\app\Controllers\User.php(485): CodeIgniter\Model->insert(Array)
#8 C:\Users\ganda\Documents\GitHub\e-Posyandu\system\CodeIgniter.php(832): App\Controllers\User->saveBalita()
#9 C:\Users\ganda\Documents\GitHub\e-Posyandu\system\CodeIgniter.php(419): CodeIgniter\CodeIgniter->runController(Object(App\Controllers\User))
#10 C:\Users\ganda\Documents\GitHub\e-Posyandu\system\CodeIgniter.php(326): CodeIgniter\CodeIgniter->handleRequest(NULL, Object(Config\Cache), false)
#11 C:\Users\ganda\Documents\GitHub\e-Posyandu\public\index.php(37): CodeIgniter\CodeIgniter->run()
#12 C:\Users\ganda\Documents\GitHub\e-Posyandu\system\Commands\Server\rewrite.php(43): require_once('C:\\Users\\ganda\\...')
#13 {main}
ERROR - 2024-09-29 09:00:17 --> Duplicate entry '0' for key 'PRIMARY'
CRITICAL - 2024-09-29 09:00:17 --> Duplicate entry '0' for key 'PRIMARY'
#0 C:\Users\ganda\Documents\GitHub\e-Posyandu\system\Database\MySQLi\Connection.php(292): mysqli->query('INSERT INTO `da...', 0)
#1 C:\Users\ganda\Documents\GitHub\e-Posyandu\system\Database\BaseConnection.php(670): CodeIgniter\Database\MySQLi\Connection->execute('INSERT INTO `da...')
#2 C:\Users\ganda\Documents\GitHub\e-Posyandu\system\Database\BaseConnection.php(598): CodeIgniter\Database\BaseConnection->simpleQuery('INSERT INTO `da...')
#3 C:\Users\ganda\Documents\GitHub\e-Posyandu\system\Database\BaseBuilder.php(1771): CodeIgniter\Database\BaseConnection->query('INSERT INTO `da...', Array, false)
#4 C:\Users\ganda\Documents\GitHub\e-Posyandu\system\Model.php(239): CodeIgniter\Database\BaseBuilder->insert()
#5 C:\Users\ganda\Documents\GitHub\e-Posyandu\system\BaseModel.php(738): CodeIgniter\Model->doInsert(Array)
#6 C:\Users\ganda\Documents\GitHub\e-Posyandu\system\Model.php(625): CodeIgniter\BaseModel->insert(Array, true)
#7 C:\Users\ganda\Documents\GitHub\e-Posyandu\app\Controllers\User.php(485): CodeIgniter\Model->insert(Array)
#8 C:\Users\ganda\Documents\GitHub\e-Posyandu\system\CodeIgniter.php(832): App\Controllers\User->saveBalita()
#9 C:\Users\ganda\Documents\GitHub\e-Posyandu\system\CodeIgniter.php(419): CodeIgniter\CodeIgniter->runController(Object(App\Controllers\User))
#10 C:\Users\ganda\Documents\GitHub\e-Posyandu\system\CodeIgniter.php(326): CodeIgniter\CodeIgniter->handleRequest(NULL, Object(Config\Cache), false)
#11 C:\Users\ganda\Documents\GitHub\e-Posyandu\public\index.php(37): CodeIgniter\CodeIgniter->run()
#12 C:\Users\ganda\Documents\GitHub\e-Posyandu\system\Commands\Server\rewrite.php(43): require_once('C:\\Users\\ganda\\...')
#13 {main}
ERROR - 2024-09-29 09:26:39 --> Duplicate entry '0' for key 'PRIMARY'
CRITICAL - 2024-09-29 09:26:39 --> Duplicate entry '0' for key 'PRIMARY'
#0 C:\Users\ganda\Documents\GitHub\e-Posyandu\system\Database\MySQLi\Connection.php(292): mysqli->query('INSERT INTO `da...', 0)
#1 C:\Users\ganda\Documents\GitHub\e-Posyandu\system\Database\BaseConnection.php(670): CodeIgniter\Database\MySQLi\Connection->execute('INSERT INTO `da...')
#2 C:\Users\ganda\Documents\GitHub\e-Posyandu\system\Database\BaseConnection.php(598): CodeIgniter\Database\BaseConnection->simpleQuery('INSERT INTO `da...')
#3 C:\Users\ganda\Documents\GitHub\e-Posyandu\system\Database\BaseBuilder.php(1771): CodeIgniter\Database\BaseConnection->query('INSERT INTO `da...', Array, false)
#4 C:\Users\ganda\Documents\GitHub\e-Posyandu\system\Model.php(239): CodeIgniter\Database\BaseBuilder->insert()
#5 C:\Users\ganda\Documents\GitHub\e-Posyandu\system\BaseModel.php(738): CodeIgniter\Model->doInsert(Array)
#6 C:\Users\ganda\Documents\GitHub\e-Posyandu\system\Model.php(625): CodeIgniter\BaseModel->insert(Array, true)
#7 C:\Users\ganda\Documents\GitHub\e-Posyandu\app\Controllers\User.php(485): CodeIgniter\Model->insert(Array)
#8 C:\Users\ganda\Documents\GitHub\e-Posyandu\system\CodeIgniter.php(832): App\Controllers\User->saveBalita()
#9 C:\Users\ganda\Documents\GitHub\e-Posyandu\system\CodeIgniter.php(419): CodeIgniter\CodeIgniter->runController(Object(App\Controllers\User))
#10 C:\Users\ganda\Documents\GitHub\e-Posyandu\system\CodeIgniter.php(326): CodeIgniter\CodeIgniter->handleRequest(NULL, Object(Config\Cache), false)
#11 C:\Users\ganda\Documents\GitHub\e-Posyandu\public\index.php(37): CodeIgniter\CodeIgniter->run()
#12 C:\Users\ganda\Documents\GitHub\e-Posyandu\system\Commands\Server\rewrite.php(43): require_once('C:\\Users\\ganda\\...')
#13 {main}
