CRITICAL - 2024-02-21 05:55:12 --> Trying to access array offset on value of type null
#0 C:\xampp\htdocs\niuw rev\app\Views\Admin\Permintaan_barang\Detail_permintaan.php(27): CodeIgniter\Debug\Exceptions->errorHandler(8, 'Trying to acces...', 'C:\\xampp\\htdocs...', 27, Array)
#1 C:\xampp\htdocs\niuw rev\system\View\View.php(210): include('C:\\xampp\\htdocs...')
#2 C:\xampp\htdocs\niuw rev\system\View\View.php(213): CodeIgniter\View\View->CodeIgniter\View\{closure}()
#3 C:\xampp\htdocs\niuw rev\system\Common.php(1089): CodeIgniter\View\View->render('Admin/Permintaa...', Array, true)
#4 C:\xampp\htdocs\niuw rev\app\Controllers\Admin.php(1853): view('Admin/Permintaa...', Array)
#5 C:\xampp\htdocs\niuw rev\system\CodeIgniter.php(832): App\Controllers\Admin->detailpermin('1')
#6 C:\xampp\htdocs\niuw rev\system\CodeIgniter.php(419): CodeIgniter\CodeIgniter->runController(Object(App\Controllers\Admin))
#7 C:\xampp\htdocs\niuw rev\system\CodeIgniter.php(326): CodeIgniter\CodeIgniter->handleRequest(NULL, Object(Config\Cache), false)
#8 C:\xampp\htdocs\niuw rev\public\index.php(37): CodeIgniter\CodeIgniter->run()
#9 C:\xampp\htdocs\niuw rev\system\Commands\Server\rewrite.php(43): require_once('C:\\xampp\\htdocs...')
#10 {main}
CRITICAL - 2024-02-21 05:57:32 --> Trying to access array offset on value of type null
#0 C:\xampp\htdocs\niuw rev\app\Views\Admin\Permintaan_barang\Detail_permintaan.php(29): CodeIgniter\Debug\Exceptions->errorHandler(8, 'Trying to acces...', 'C:\\xampp\\htdocs...', 29, Array)
#1 C:\xampp\htdocs\niuw rev\system\View\View.php(210): include('C:\\xampp\\htdocs...')
#2 C:\xampp\htdocs\niuw rev\system\View\View.php(213): CodeIgniter\View\View->CodeIgniter\View\{closure}()
#3 C:\xampp\htdocs\niuw rev\system\Common.php(1089): CodeIgniter\View\View->render('Admin/Permintaa...', Array, true)
#4 C:\xampp\htdocs\niuw rev\app\Controllers\Admin.php(1853): view('Admin/Permintaa...', Array)
#5 C:\xampp\htdocs\niuw rev\system\CodeIgniter.php(832): App\Controllers\Admin->detailpermin('8')
#6 C:\xampp\htdocs\niuw rev\system\CodeIgniter.php(419): CodeIgniter\CodeIgniter->runController(Object(App\Controllers\Admin))
#7 C:\xampp\htdocs\niuw rev\system\CodeIgniter.php(326): CodeIgniter\CodeIgniter->handleRequest(NULL, Object(Config\Cache), false)
#8 C:\xampp\htdocs\niuw rev\public\index.php(37): CodeIgniter\CodeIgniter->run()
#9 C:\xampp\htdocs\niuw rev\system\Commands\Server\rewrite.php(43): require_once('C:\\xampp\\htdocs...')
#10 {main}
CRITICAL - 2024-02-21 05:58:44 --> Trying to access array offset on value of type null
#0 C:\xampp\htdocs\niuw rev\app\Views\Admin\Permintaan_barang\Detail_permintaan.php(29): CodeIgniter\Debug\Exceptions->errorHandler(8, 'Trying to acces...', 'C:\\xampp\\htdocs...', 29, Array)
#1 C:\xampp\htdocs\niuw rev\system\View\View.php(210): include('C:\\xampp\\htdocs...')
#2 C:\xampp\htdocs\niuw rev\system\View\View.php(213): CodeIgniter\View\View->CodeIgniter\View\{closure}()
#3 C:\xampp\htdocs\niuw rev\system\Common.php(1089): CodeIgniter\View\View->render('Admin/Permintaa...', Array, true)
#4 C:\xampp\htdocs\niuw rev\app\Controllers\Admin.php(1853): view('Admin/Permintaa...', Array)
#5 C:\xampp\htdocs\niuw rev\system\CodeIgniter.php(832): App\Controllers\Admin->detailpermin('8')
#6 C:\xampp\htdocs\niuw rev\system\CodeIgniter.php(419): CodeIgniter\CodeIgniter->runController(Object(App\Controllers\Admin))
#7 C:\xampp\htdocs\niuw rev\system\CodeIgniter.php(326): CodeIgniter\CodeIgniter->handleRequest(NULL, Object(Config\Cache), false)
#8 C:\xampp\htdocs\niuw rev\public\index.php(37): CodeIgniter\CodeIgniter->run()
#9 C:\xampp\htdocs\niuw rev\system\Commands\Server\rewrite.php(43): require_once('C:\\xampp\\htdocs...')
#10 {main}
CRITICAL - 2024-02-21 05:58:48 --> Trying to access array offset on value of type null
#0 C:\xampp\htdocs\niuw rev\app\Views\Admin\Permintaan_barang\Detail_permintaan.php(29): CodeIgniter\Debug\Exceptions->errorHandler(8, 'Trying to acces...', 'C:\\xampp\\htdocs...', 29, Array)
#1 C:\xampp\htdocs\niuw rev\system\View\View.php(210): include('C:\\xampp\\htdocs...')
#2 C:\xampp\htdocs\niuw rev\system\View\View.php(213): CodeIgniter\View\View->CodeIgniter\View\{closure}()
#3 C:\xampp\htdocs\niuw rev\system\Common.php(1089): CodeIgniter\View\View->render('Admin/Permintaa...', Array, true)
#4 C:\xampp\htdocs\niuw rev\app\Controllers\Admin.php(1853): view('Admin/Permintaa...', Array)
#5 C:\xampp\htdocs\niuw rev\system\CodeIgniter.php(832): App\Controllers\Admin->detailpermin('8')
#6 C:\xampp\htdocs\niuw rev\system\CodeIgniter.php(419): CodeIgniter\CodeIgniter->runController(Object(App\Controllers\Admin))
#7 C:\xampp\htdocs\niuw rev\system\CodeIgniter.php(326): CodeIgniter\CodeIgniter->handleRequest(NULL, Object(Config\Cache), false)
#8 C:\xampp\htdocs\niuw rev\public\index.php(37): CodeIgniter\CodeIgniter->run()
#9 C:\xampp\htdocs\niuw rev\system\Commands\Server\rewrite.php(43): require_once('C:\\xampp\\htdocs...')
#10 {main}
CRITICAL - 2024-02-21 05:58:59 --> Trying to access array offset on value of type null
#0 C:\xampp\htdocs\niuw rev\app\Views\Admin\Permintaan_barang\Detail_permintaan.php(29): CodeIgniter\Debug\Exceptions->errorHandler(8, 'Trying to acces...', 'C:\\xampp\\htdocs...', 29, Array)
#1 C:\xampp\htdocs\niuw rev\system\View\View.php(210): include('C:\\xampp\\htdocs...')
#2 C:\xampp\htdocs\niuw rev\system\View\View.php(213): CodeIgniter\View\View->CodeIgniter\View\{closure}()
#3 C:\xampp\htdocs\niuw rev\system\Common.php(1089): CodeIgniter\View\View->render('Admin/Permintaa...', Array, true)
#4 C:\xampp\htdocs\niuw rev\app\Controllers\Admin.php(1853): view('Admin/Permintaa...', Array)
#5 C:\xampp\htdocs\niuw rev\system\CodeIgniter.php(832): App\Controllers\Admin->detailpermin('8')
#6 C:\xampp\htdocs\niuw rev\system\CodeIgniter.php(419): CodeIgniter\CodeIgniter->runController(Object(App\Controllers\Admin))
#7 C:\xampp\htdocs\niuw rev\system\CodeIgniter.php(326): CodeIgniter\CodeIgniter->handleRequest(NULL, Object(Config\Cache), false)
#8 C:\xampp\htdocs\niuw rev\public\index.php(37): CodeIgniter\CodeIgniter->run()
#9 C:\xampp\htdocs\niuw rev\system\Commands\Server\rewrite.php(43): require_once('C:\\xampp\\htdocs...')
#10 {main}
CRITICAL - 2024-02-21 05:59:12 --> Trying to access array offset on value of type null
#0 C:\xampp\htdocs\niuw rev\app\Views\Admin\Permintaan_barang\Detail_permintaan.php(29): CodeIgniter\Debug\Exceptions->errorHandler(8, 'Trying to acces...', 'C:\\xampp\\htdocs...', 29, Array)
#1 C:\xampp\htdocs\niuw rev\system\View\View.php(210): include('C:\\xampp\\htdocs...')
#2 C:\xampp\htdocs\niuw rev\system\View\View.php(213): CodeIgniter\View\View->CodeIgniter\View\{closure}()
#3 C:\xampp\htdocs\niuw rev\system\Common.php(1089): CodeIgniter\View\View->render('Admin/Permintaa...', Array, true)
#4 C:\xampp\htdocs\niuw rev\app\Controllers\Admin.php(1853): view('Admin/Permintaa...', Array)
#5 C:\xampp\htdocs\niuw rev\system\CodeIgniter.php(832): App\Controllers\Admin->detailpermin('8')
#6 C:\xampp\htdocs\niuw rev\system\CodeIgniter.php(419): CodeIgniter\CodeIgniter->runController(Object(App\Controllers\Admin))
#7 C:\xampp\htdocs\niuw rev\system\CodeIgniter.php(326): CodeIgniter\CodeIgniter->handleRequest(NULL, Object(Config\Cache), false)
#8 C:\xampp\htdocs\niuw rev\public\index.php(37): CodeIgniter\CodeIgniter->run()
#9 C:\xampp\htdocs\niuw rev\system\Commands\Server\rewrite.php(43): require_once('C:\\xampp\\htdocs...')
#10 {main}
CRITICAL - 2024-02-21 05:59:16 --> Trying to access array offset on value of type null
#0 C:\xampp\htdocs\niuw rev\app\Views\Admin\Permintaan_barang\Detail_permintaan.php(29): CodeIgniter\Debug\Exceptions->errorHandler(8, 'Trying to acces...', 'C:\\xampp\\htdocs...', 29, Array)
#1 C:\xampp\htdocs\niuw rev\system\View\View.php(210): include('C:\\xampp\\htdocs...')
#2 C:\xampp\htdocs\niuw rev\system\View\View.php(213): CodeIgniter\View\View->CodeIgniter\View\{closure}()
#3 C:\xampp\htdocs\niuw rev\system\Common.php(1089): CodeIgniter\View\View->render('Admin/Permintaa...', Array, true)
#4 C:\xampp\htdocs\niuw rev\app\Controllers\Admin.php(1853): view('Admin/Permintaa...', Array)
#5 C:\xampp\htdocs\niuw rev\system\CodeIgniter.php(832): App\Controllers\Admin->detailpermin('8')
#6 C:\xampp\htdocs\niuw rev\system\CodeIgniter.php(419): CodeIgniter\CodeIgniter->runController(Object(App\Controllers\Admin))
#7 C:\xampp\htdocs\niuw rev\system\CodeIgniter.php(326): CodeIgniter\CodeIgniter->handleRequest(NULL, Object(Config\Cache), false)
#8 C:\xampp\htdocs\niuw rev\public\index.php(37): CodeIgniter\CodeIgniter->run()
#9 C:\xampp\htdocs\niuw rev\system\Commands\Server\rewrite.php(43): require_once('C:\\xampp\\htdocs...')
#10 {main}
CRITICAL - 2024-02-21 06:00:00 --> Trying to access array offset on value of type null
#0 C:\xampp\htdocs\niuw rev\app\Views\Admin\Permintaan_barang\Detail_permintaan.php(27): CodeIgniter\Debug\Exceptions->errorHandler(8, 'Trying to acces...', 'C:\\xampp\\htdocs...', 27, Array)
#1 C:\xampp\htdocs\niuw rev\system\View\View.php(210): include('C:\\xampp\\htdocs...')
#2 C:\xampp\htdocs\niuw rev\system\View\View.php(213): CodeIgniter\View\View->CodeIgniter\View\{closure}()
#3 C:\xampp\htdocs\niuw rev\system\Common.php(1089): CodeIgniter\View\View->render('Admin/Permintaa...', Array, true)
#4 C:\xampp\htdocs\niuw rev\app\Controllers\Admin.php(1837): view('Admin/Permintaa...', Array)
#5 C:\xampp\htdocs\niuw rev\system\CodeIgniter.php(832): App\Controllers\Admin->detailpermin('8')
#6 C:\xampp\htdocs\niuw rev\system\CodeIgniter.php(419): CodeIgniter\CodeIgniter->runController(Object(App\Controllers\Admin))
#7 C:\xampp\htdocs\niuw rev\system\CodeIgniter.php(326): CodeIgniter\CodeIgniter->handleRequest(NULL, Object(Config\Cache), false)
#8 C:\xampp\htdocs\niuw rev\public\index.php(37): CodeIgniter\CodeIgniter->run()
#9 C:\xampp\htdocs\niuw rev\system\Commands\Server\rewrite.php(43): require_once('C:\\xampp\\htdocs...')
#10 {main}
CRITICAL - 2024-02-21 06:00:51 --> Undefined index: tanggal_pengajuan
#0 C:\xampp\htdocs\niuw rev\app\Views\Admin\Permintaan_barang\Index.php(73): CodeIgniter\Debug\Exceptions->errorHandler(8, 'Undefined index...', 'C:\\xampp\\htdocs...', 73, Array)
#1 C:\xampp\htdocs\niuw rev\system\View\View.php(210): include('C:\\xampp\\htdocs...')
#2 C:\xampp\htdocs\niuw rev\system\View\View.php(213): CodeIgniter\View\View->CodeIgniter\View\{closure}()
#3 C:\xampp\htdocs\niuw rev\system\Common.php(1089): CodeIgniter\View\View->render('Admin/Permintaa...', Array, true)
#4 C:\xampp\htdocs\niuw rev\app\Controllers\Admin.php(1723): view('Admin/Permintaa...', Array)
#5 C:\xampp\htdocs\niuw rev\system\CodeIgniter.php(832): App\Controllers\Admin->permintaan()
#6 C:\xampp\htdocs\niuw rev\system\CodeIgniter.php(419): CodeIgniter\CodeIgniter->runController(Object(App\Controllers\Admin))
#7 C:\xampp\htdocs\niuw rev\system\CodeIgniter.php(326): CodeIgniter\CodeIgniter->handleRequest(NULL, Object(Config\Cache), false)
#8 C:\xampp\htdocs\niuw rev\public\index.php(37): CodeIgniter\CodeIgniter->run()
#9 C:\xampp\htdocs\niuw rev\system\Commands\Server\rewrite.php(43): require_once('C:\\xampp\\htdocs...')
#10 {main}
ERROR - 2024-02-21 09:51:20 --> Unknown column 'detail_permintaan_barang.id_user' in 'on clause'
CRITICAL - 2024-02-21 09:51:20 --> Unknown column 'detail_permintaan_barang.id_user' in 'on clause'
#0 C:\xampp\htdocs\niuw rev\system\Database\MySQLi\Connection.php(292): mysqli->query('SELECT `detail_...', 0)
#1 C:\xampp\htdocs\niuw rev\system\Database\BaseConnection.php(670): CodeIgniter\Database\MySQLi\Connection->execute('SELECT `detail_...')
#2 C:\xampp\htdocs\niuw rev\system\Database\BaseConnection.php(598): CodeIgniter\Database\BaseConnection->simpleQuery('SELECT `detail_...')
#3 C:\xampp\htdocs\niuw rev\system\Database\BaseBuilder.php(1455): CodeIgniter\Database\BaseConnection->query('SELECT `detail_...', Array, false)
#4 C:\xampp\htdocs\niuw rev\system\Model.php(183): CodeIgniter\Database\BaseBuilder->get()
#5 C:\xampp\htdocs\niuw rev\system\BaseModel.php(584): CodeIgniter\Model->doFindAll(0, 0)
#6 C:\xampp\htdocs\niuw rev\app\Models\detailPermintaanModel.php(66): CodeIgniter\BaseModel->findAll()
#7 C:\xampp\htdocs\niuw rev\app\Controllers\Admin.php(1728): App\Models\detailPermintaanModel->getPermintaanMasuk()
#8 C:\xampp\htdocs\niuw rev\system\CodeIgniter.php(832): App\Controllers\Admin->permintaan_masuk()
#9 C:\xampp\htdocs\niuw rev\system\CodeIgniter.php(419): CodeIgniter\CodeIgniter->runController(Object(App\Controllers\Admin))
#10 C:\xampp\htdocs\niuw rev\system\CodeIgniter.php(326): CodeIgniter\CodeIgniter->handleRequest(NULL, Object(Config\Cache), false)
#11 C:\xampp\htdocs\niuw rev\public\index.php(37): CodeIgniter\CodeIgniter->run()
#12 C:\xampp\htdocs\niuw rev\system\Commands\Server\rewrite.php(43): require_once('C:\\xampp\\htdocs...')
#13 {main}
ERROR - 2024-02-21 09:51:51 --> Unknown column 'detail_permintaan_barang.id_user' in 'on clause'
CRITICAL - 2024-02-21 09:51:51 --> Unknown column 'detail_permintaan_barang.id_user' in 'on clause'
#0 C:\xampp\htdocs\niuw rev\system\Database\MySQLi\Connection.php(292): mysqli->query('SELECT `detail_...', 0)
#1 C:\xampp\htdocs\niuw rev\system\Database\BaseConnection.php(670): CodeIgniter\Database\MySQLi\Connection->execute('SELECT `detail_...')
#2 C:\xampp\htdocs\niuw rev\system\Database\BaseConnection.php(598): CodeIgniter\Database\BaseConnection->simpleQuery('SELECT `detail_...')
#3 C:\xampp\htdocs\niuw rev\system\Database\BaseBuilder.php(1455): CodeIgniter\Database\BaseConnection->query('SELECT `detail_...', Array, false)
#4 C:\xampp\htdocs\niuw rev\system\Model.php(210): CodeIgniter\Database\BaseBuilder->get()
#5 C:\xampp\htdocs\niuw rev\system\BaseModel.php(622): CodeIgniter\Model->doFirst()
#6 C:\xampp\htdocs\niuw rev\app\Models\detailPermintaanModel.php(38): CodeIgniter\BaseModel->first()
#7 C:\xampp\htdocs\niuw rev\app\Controllers\Pegawai.php(602): App\Models\detailPermintaanModel->getDetailPermintaan('6')
#8 C:\xampp\htdocs\niuw rev\system\CodeIgniter.php(832): App\Controllers\Pegawai->detailpermin('6')
#9 C:\xampp\htdocs\niuw rev\system\CodeIgniter.php(419): CodeIgniter\CodeIgniter->runController(Object(App\Controllers\Pegawai))
#10 C:\xampp\htdocs\niuw rev\system\CodeIgniter.php(326): CodeIgniter\CodeIgniter->handleRequest(NULL, Object(Config\Cache), false)
#11 C:\xampp\htdocs\niuw rev\public\index.php(37): CodeIgniter\CodeIgniter->run()
#12 C:\xampp\htdocs\niuw rev\system\Commands\Server\rewrite.php(43): require_once('C:\\xampp\\htdocs...')
#13 {main}
ERROR - 2024-02-21 09:52:31 --> Unknown column 'detail_permintaan_barang.id_user' in 'on clause'
CRITICAL - 2024-02-21 09:52:31 --> Unknown column 'detail_permintaan_barang.id_user' in 'on clause'
#0 C:\xampp\htdocs\niuw rev\system\Database\MySQLi\Connection.php(292): mysqli->query('SELECT `detail_...', 0)
#1 C:\xampp\htdocs\niuw rev\system\Database\BaseConnection.php(670): CodeIgniter\Database\MySQLi\Connection->execute('SELECT `detail_...')
#2 C:\xampp\htdocs\niuw rev\system\Database\BaseConnection.php(598): CodeIgniter\Database\BaseConnection->simpleQuery('SELECT `detail_...')
#3 C:\xampp\htdocs\niuw rev\system\Database\BaseBuilder.php(1455): CodeIgniter\Database\BaseConnection->query('SELECT `detail_...', Array, false)
#4 C:\xampp\htdocs\niuw rev\system\Model.php(183): CodeIgniter\Database\BaseBuilder->get()
#5 C:\xampp\htdocs\niuw rev\system\BaseModel.php(584): CodeIgniter\Model->doFindAll(0, 0)
#6 C:\xampp\htdocs\niuw rev\app\Models\detailPermintaanModel.php(53): CodeIgniter\BaseModel->findAll()
#7 C:\xampp\htdocs\niuw rev\app\Controllers\Admin.php(1737): App\Models\detailPermintaanModel->getPermintaanProses()
#8 C:\xampp\htdocs\niuw rev\system\CodeIgniter.php(832): App\Controllers\Admin->permintaan_proses()
#9 C:\xampp\htdocs\niuw rev\system\CodeIgniter.php(419): CodeIgniter\CodeIgniter->runController(Object(App\Controllers\Admin))
#10 C:\xampp\htdocs\niuw rev\system\CodeIgniter.php(326): CodeIgniter\CodeIgniter->handleRequest(NULL, Object(Config\Cache), false)
#11 C:\xampp\htdocs\niuw rev\public\index.php(37): CodeIgniter\CodeIgniter->run()
#12 C:\xampp\htdocs\niuw rev\system\Commands\Server\rewrite.php(43): require_once('C:\\xampp\\htdocs...')
#13 {main}
CRITICAL - 2024-02-21 09:54:57 --> Undefined index: tanggal_pengajuan
#0 C:\xampp\htdocs\niuw rev\app\Views\Admin\Permintaan_barang\Index.php(73): CodeIgniter\Debug\Exceptions->errorHandler(8, 'Undefined index...', 'C:\\xampp\\htdocs...', 73, Array)
#1 C:\xampp\htdocs\niuw rev\system\View\View.php(210): include('C:\\xampp\\htdocs...')
#2 C:\xampp\htdocs\niuw rev\system\View\View.php(213): CodeIgniter\View\View->CodeIgniter\View\{closure}()
#3 C:\xampp\htdocs\niuw rev\system\Common.php(1089): CodeIgniter\View\View->render('Admin/Permintaa...', Array, true)
#4 C:\xampp\htdocs\niuw rev\app\Controllers\Admin.php(1723): view('Admin/Permintaa...', Array)
#5 C:\xampp\htdocs\niuw rev\system\CodeIgniter.php(832): App\Controllers\Admin->permintaan()
#6 C:\xampp\htdocs\niuw rev\system\CodeIgniter.php(419): CodeIgniter\CodeIgniter->runController(Object(App\Controllers\Admin))
#7 C:\xampp\htdocs\niuw rev\system\CodeIgniter.php(326): CodeIgniter\CodeIgniter->handleRequest(NULL, Object(Config\Cache), false)
#8 C:\xampp\htdocs\niuw rev\public\index.php(37): CodeIgniter\CodeIgniter->run()
#9 C:\xampp\htdocs\niuw rev\system\Commands\Server\rewrite.php(43): require_once('C:\\xampp\\htdocs...')
#10 {main}
CRITICAL - 2024-02-21 09:55:40 --> Trying to access array offset on value of type null
#0 C:\xampp\htdocs\niuw rev\app\Views\Pegawai\Permintaan_barang\Detail_permintaan.php(19): CodeIgniter\Debug\Exceptions->errorHandler(8, 'Trying to acces...', 'C:\\xampp\\htdocs...', 19, Array)
#1 C:\xampp\htdocs\niuw rev\system\View\View.php(210): include('C:\\xampp\\htdocs...')
#2 C:\xampp\htdocs\niuw rev\system\View\View.php(213): CodeIgniter\View\View->CodeIgniter\View\{closure}()
#3 C:\xampp\htdocs\niuw rev\system\Common.php(1089): CodeIgniter\View\View->render('Pegawai/Permint...', Array, true)
#4 C:\xampp\htdocs\niuw rev\app\Controllers\Pegawai.php(619): view('Pegawai/Permint...', Array)
#5 C:\xampp\htdocs\niuw rev\system\CodeIgniter.php(832): App\Controllers\Pegawai->detailpermin('6')
#6 C:\xampp\htdocs\niuw rev\system\CodeIgniter.php(419): CodeIgniter\CodeIgniter->runController(Object(App\Controllers\Pegawai))
#7 C:\xampp\htdocs\niuw rev\system\CodeIgniter.php(326): CodeIgniter\CodeIgniter->handleRequest(NULL, Object(Config\Cache), false)
#8 C:\xampp\htdocs\niuw rev\public\index.php(37): CodeIgniter\CodeIgniter->run()
#9 C:\xampp\htdocs\niuw rev\system\Commands\Server\rewrite.php(43): require_once('C:\\xampp\\htdocs...')
#10 {main}
