CRITICAL - 2024-08-15 06:28:06 --> Trying to access array offset on value of type null
#0 C:\Users\ganda\Documents\GitHub\Hera After sidang\app\Controllers\Admin.php(3837): CodeIgniter\Debug\Exceptions->errorHandler(8, 'Trying to acces...', 'C:\\Users\\ganda\\...', 3837, Array)
#1 C:\Users\ganda\Documents\GitHub\Hera After sidang\system\CodeIgniter.php(832): App\Controllers\Admin->kas()
#2 C:\Users\ganda\Documents\GitHub\Hera After sidang\system\CodeIgniter.php(419): CodeIgniter\CodeIgniter->runController(Object(App\Controllers\Admin))
#3 C:\Users\ganda\Documents\GitHub\Hera After sidang\system\CodeIgniter.php(326): CodeIgniter\CodeIgniter->handleRequest(NULL, Object(Config\Cache), false)
#4 C:\Users\ganda\Documents\GitHub\Hera After sidang\public\index.php(37): CodeIgniter\CodeIgniter->run()
#5 C:\Users\ganda\Documents\GitHub\Hera After sidang\system\Commands\Server\rewrite.php(43): require_once('C:\\Users\\ganda\\...')
#6 {main}
CRITICAL - 2024-08-15 06:38:51 --> Trying to access array offset on value of type null
#0 C:\Users\ganda\Documents\GitHub\Hera After sidang\app\Controllers\Admin.php(3837): CodeIgniter\Debug\Exceptions->errorHandler(8, 'Trying to acces...', 'C:\\Users\\ganda\\...', 3837, Array)
#1 C:\Users\ganda\Documents\GitHub\Hera After sidang\system\CodeIgniter.php(832): App\Controllers\Admin->kas()
#2 C:\Users\ganda\Documents\GitHub\Hera After sidang\system\CodeIgniter.php(419): CodeIgniter\CodeIgniter->runController(Object(App\Controllers\Admin))
#3 C:\Users\ganda\Documents\GitHub\Hera After sidang\system\CodeIgniter.php(326): CodeIgniter\CodeIgniter->handleRequest(NULL, Object(Config\Cache), false)
#4 C:\Users\ganda\Documents\GitHub\Hera After sidang\public\index.php(37): CodeIgniter\CodeIgniter->run()
#5 C:\Users\ganda\Documents\GitHub\Hera After sidang\system\Commands\Server\rewrite.php(43): require_once('C:\\Users\\ganda\\...')
#6 {main}
CRITICAL - 2024-08-15 06:40:21 --> Undefined variable: data
#0 C:\Users\ganda\Documents\GitHub\Hera After sidang\app\Views\Admin\Kas\Index.php(139): CodeIgniter\Debug\Exceptions->errorHandler(8, 'Undefined varia...', 'C:\\Users\\ganda\\...', 139, Array)
#1 C:\Users\ganda\Documents\GitHub\Hera After sidang\system\View\View.php(210): include('C:\\Users\\ganda\\...')
#2 C:\Users\ganda\Documents\GitHub\Hera After sidang\system\View\View.php(213): CodeIgniter\View\View->CodeIgniter\View\{closure}()
#3 C:\Users\ganda\Documents\GitHub\Hera After sidang\system\Common.php(1089): CodeIgniter\View\View->render('Admin/Kas/Index', Array, true)
#4 C:\Users\ganda\Documents\GitHub\Hera After sidang\app\Controllers\Admin.php(3850): view('Admin/Kas/Index', Array)
#5 C:\Users\ganda\Documents\GitHub\Hera After sidang\system\CodeIgniter.php(832): App\Controllers\Admin->kas()
#6 C:\Users\ganda\Documents\GitHub\Hera After sidang\system\CodeIgniter.php(419): CodeIgniter\CodeIgniter->runController(Object(App\Controllers\Admin))
#7 C:\Users\ganda\Documents\GitHub\Hera After sidang\system\CodeIgniter.php(326): CodeIgniter\CodeIgniter->handleRequest(NULL, Object(Config\Cache), false)
#8 C:\Users\ganda\Documents\GitHub\Hera After sidang\public\index.php(37): CodeIgniter\CodeIgniter->run()
#9 C:\Users\ganda\Documents\GitHub\Hera After sidang\system\Commands\Server\rewrite.php(43): require_once('C:\\Users\\ganda\\...')
#10 {main}
CRITICAL - 2024-08-15 06:41:04 --> Undefined variable: data
#0 C:\Users\ganda\Documents\GitHub\Hera After sidang\app\Views\Admin\Kas\Index.php(139): CodeIgniter\Debug\Exceptions->errorHandler(8, 'Undefined varia...', 'C:\\Users\\ganda\\...', 139, Array)
#1 C:\Users\ganda\Documents\GitHub\Hera After sidang\system\View\View.php(210): include('C:\\Users\\ganda\\...')
#2 C:\Users\ganda\Documents\GitHub\Hera After sidang\system\View\View.php(213): CodeIgniter\View\View->CodeIgniter\View\{closure}()
#3 C:\Users\ganda\Documents\GitHub\Hera After sidang\system\Common.php(1089): CodeIgniter\View\View->render('Admin/Kas/Index', Array, true)
#4 C:\Users\ganda\Documents\GitHub\Hera After sidang\app\Controllers\Admin.php(3850): view('Admin/Kas/Index', Array)
#5 C:\Users\ganda\Documents\GitHub\Hera After sidang\system\CodeIgniter.php(832): App\Controllers\Admin->kas()
#6 C:\Users\ganda\Documents\GitHub\Hera After sidang\system\CodeIgniter.php(419): CodeIgniter\CodeIgniter->runController(Object(App\Controllers\Admin))
#7 C:\Users\ganda\Documents\GitHub\Hera After sidang\system\CodeIgniter.php(326): CodeIgniter\CodeIgniter->handleRequest(NULL, Object(Config\Cache), false)
#8 C:\Users\ganda\Documents\GitHub\Hera After sidang\public\index.php(37): CodeIgniter\CodeIgniter->run()
#9 C:\Users\ganda\Documents\GitHub\Hera After sidang\system\Commands\Server\rewrite.php(43): require_once('C:\\Users\\ganda\\...')
#10 {main}
CRITICAL - 2024-08-15 06:41:12 --> Undefined variable: data
#0 C:\Users\ganda\Documents\GitHub\Hera After sidang\app\Views\Admin\Kas\Index.php(139): CodeIgniter\Debug\Exceptions->errorHandler(8, 'Undefined varia...', 'C:\\Users\\ganda\\...', 139, Array)
#1 C:\Users\ganda\Documents\GitHub\Hera After sidang\system\View\View.php(210): include('C:\\Users\\ganda\\...')
#2 C:\Users\ganda\Documents\GitHub\Hera After sidang\system\View\View.php(213): CodeIgniter\View\View->CodeIgniter\View\{closure}()
#3 C:\Users\ganda\Documents\GitHub\Hera After sidang\system\Common.php(1089): CodeIgniter\View\View->render('Admin/Kas/Index', Array, true)
#4 C:\Users\ganda\Documents\GitHub\Hera After sidang\app\Controllers\Admin.php(3850): view('Admin/Kas/Index', Array)
#5 C:\Users\ganda\Documents\GitHub\Hera After sidang\system\CodeIgniter.php(832): App\Controllers\Admin->kas()
#6 C:\Users\ganda\Documents\GitHub\Hera After sidang\system\CodeIgniter.php(419): CodeIgniter\CodeIgniter->runController(Object(App\Controllers\Admin))
#7 C:\Users\ganda\Documents\GitHub\Hera After sidang\system\CodeIgniter.php(326): CodeIgniter\CodeIgniter->handleRequest(NULL, Object(Config\Cache), false)
#8 C:\Users\ganda\Documents\GitHub\Hera After sidang\public\index.php(37): CodeIgniter\CodeIgniter->run()
#9 C:\Users\ganda\Documents\GitHub\Hera After sidang\system\Commands\Server\rewrite.php(43): require_once('C:\\Users\\ganda\\...')
#10 {main}
CRITICAL - 2024-08-15 08:09:14 --> Undefined variable: data
#0 C:\Users\ganda\Documents\GitHub\Hera After sidang\app\Views\Admin\Kas\Index.php(139): CodeIgniter\Debug\Exceptions->errorHandler(8, 'Undefined varia...', 'C:\\Users\\ganda\\...', 139, Array)
#1 C:\Users\ganda\Documents\GitHub\Hera After sidang\system\View\View.php(210): include('C:\\Users\\ganda\\...')
#2 C:\Users\ganda\Documents\GitHub\Hera After sidang\system\View\View.php(213): CodeIgniter\View\View->CodeIgniter\View\{closure}()
#3 C:\Users\ganda\Documents\GitHub\Hera After sidang\system\Common.php(1089): CodeIgniter\View\View->render('Admin/Kas/Index', Array, true)
#4 C:\Users\ganda\Documents\GitHub\Hera After sidang\app\Controllers\Admin.php(3850): view('Admin/Kas/Index', Array)
#5 C:\Users\ganda\Documents\GitHub\Hera After sidang\system\CodeIgniter.php(832): App\Controllers\Admin->kas()
#6 C:\Users\ganda\Documents\GitHub\Hera After sidang\system\CodeIgniter.php(419): CodeIgniter\CodeIgniter->runController(Object(App\Controllers\Admin))
#7 C:\Users\ganda\Documents\GitHub\Hera After sidang\system\CodeIgniter.php(326): CodeIgniter\CodeIgniter->handleRequest(NULL, Object(Config\Cache), false)
#8 C:\Users\ganda\Documents\GitHub\Hera After sidang\public\index.php(37): CodeIgniter\CodeIgniter->run()
#9 C:\Users\ganda\Documents\GitHub\Hera After sidang\system\Commands\Server\rewrite.php(43): require_once('C:\\Users\\ganda\\...')
#10 {main}
CRITICAL - 2024-08-15 08:11:23 --> Trying to access array offset on value of type null
#0 C:\Users\ganda\Documents\GitHub\Hera After sidang\app\Controllers\Admin.php(3837): CodeIgniter\Debug\Exceptions->errorHandler(8, 'Trying to acces...', 'C:\\Users\\ganda\\...', 3837, Array)
#1 C:\Users\ganda\Documents\GitHub\Hera After sidang\system\CodeIgniter.php(832): App\Controllers\Admin->kas()
#2 C:\Users\ganda\Documents\GitHub\Hera After sidang\system\CodeIgniter.php(419): CodeIgniter\CodeIgniter->runController(Object(App\Controllers\Admin))
#3 C:\Users\ganda\Documents\GitHub\Hera After sidang\system\CodeIgniter.php(326): CodeIgniter\CodeIgniter->handleRequest(NULL, Object(Config\Cache), false)
#4 C:\Users\ganda\Documents\GitHub\Hera After sidang\public\index.php(37): CodeIgniter\CodeIgniter->run()
#5 C:\Users\ganda\Documents\GitHub\Hera After sidang\system\Commands\Server\rewrite.php(43): require_once('C:\\Users\\ganda\\...')
#6 {main}
CRITICAL - 2024-08-15 08:12:01 --> Undefined variable: saldo_terakhir
#0 C:\Users\ganda\Documents\GitHub\Hera After sidang\app\Controllers\Admin.php(3841): CodeIgniter\Debug\Exceptions->errorHandler(8, 'Undefined varia...', 'C:\\Users\\ganda\\...', 3841, Array)
#1 C:\Users\ganda\Documents\GitHub\Hera After sidang\system\CodeIgniter.php(832): App\Controllers\Admin->kas()
#2 C:\Users\ganda\Documents\GitHub\Hera After sidang\system\CodeIgniter.php(419): CodeIgniter\CodeIgniter->runController(Object(App\Controllers\Admin))
#3 C:\Users\ganda\Documents\GitHub\Hera After sidang\system\CodeIgniter.php(326): CodeIgniter\CodeIgniter->handleRequest(NULL, Object(Config\Cache), false)
#4 C:\Users\ganda\Documents\GitHub\Hera After sidang\public\index.php(37): CodeIgniter\CodeIgniter->run()
#5 C:\Users\ganda\Documents\GitHub\Hera After sidang\system\Commands\Server\rewrite.php(43): require_once('C:\\Users\\ganda\\...')
#6 {main}
CRITICAL - 2024-08-15 08:12:05 --> Undefined variable: saldo_terakhir
#0 C:\Users\ganda\Documents\GitHub\Hera After sidang\app\Controllers\Admin.php(3841): CodeIgniter\Debug\Exceptions->errorHandler(8, 'Undefined varia...', 'C:\\Users\\ganda\\...', 3841, Array)
#1 C:\Users\ganda\Documents\GitHub\Hera After sidang\system\CodeIgniter.php(832): App\Controllers\Admin->kas()
#2 C:\Users\ganda\Documents\GitHub\Hera After sidang\system\CodeIgniter.php(419): CodeIgniter\CodeIgniter->runController(Object(App\Controllers\Admin))
#3 C:\Users\ganda\Documents\GitHub\Hera After sidang\system\CodeIgniter.php(326): CodeIgniter\CodeIgniter->handleRequest(NULL, Object(Config\Cache), false)
#4 C:\Users\ganda\Documents\GitHub\Hera After sidang\public\index.php(37): CodeIgniter\CodeIgniter->run()
#5 C:\Users\ganda\Documents\GitHub\Hera After sidang\system\Commands\Server\rewrite.php(43): require_once('C:\\Users\\ganda\\...')
#6 {main}
CRITICAL - 2024-08-15 08:12:31 --> Undefined variable: data
#0 C:\Users\ganda\Documents\GitHub\Hera After sidang\app\Views\Admin\Kas\Index.php(139): CodeIgniter\Debug\Exceptions->errorHandler(8, 'Undefined varia...', 'C:\\Users\\ganda\\...', 139, Array)
#1 C:\Users\ganda\Documents\GitHub\Hera After sidang\system\View\View.php(210): include('C:\\Users\\ganda\\...')
#2 C:\Users\ganda\Documents\GitHub\Hera After sidang\system\View\View.php(213): CodeIgniter\View\View->CodeIgniter\View\{closure}()
#3 C:\Users\ganda\Documents\GitHub\Hera After sidang\system\Common.php(1089): CodeIgniter\View\View->render('Admin/Kas/Index', Array, true)
#4 C:\Users\ganda\Documents\GitHub\Hera After sidang\app\Controllers\Admin.php(3846): view('Admin/Kas/Index', Array)
#5 C:\Users\ganda\Documents\GitHub\Hera After sidang\system\CodeIgniter.php(832): App\Controllers\Admin->kas()
#6 C:\Users\ganda\Documents\GitHub\Hera After sidang\system\CodeIgniter.php(419): CodeIgniter\CodeIgniter->runController(Object(App\Controllers\Admin))
#7 C:\Users\ganda\Documents\GitHub\Hera After sidang\system\CodeIgniter.php(326): CodeIgniter\CodeIgniter->handleRequest(NULL, Object(Config\Cache), false)
#8 C:\Users\ganda\Documents\GitHub\Hera After sidang\public\index.php(37): CodeIgniter\CodeIgniter->run()
#9 C:\Users\ganda\Documents\GitHub\Hera After sidang\system\Commands\Server\rewrite.php(43): require_once('C:\\Users\\ganda\\...')
#10 {main}
CRITICAL - 2024-08-15 08:12:36 --> Undefined variable: data
#0 C:\Users\ganda\Documents\GitHub\Hera After sidang\app\Views\Admin\Kas\Index.php(139): CodeIgniter\Debug\Exceptions->errorHandler(8, 'Undefined varia...', 'C:\\Users\\ganda\\...', 139, Array)
#1 C:\Users\ganda\Documents\GitHub\Hera After sidang\system\View\View.php(210): include('C:\\Users\\ganda\\...')
#2 C:\Users\ganda\Documents\GitHub\Hera After sidang\system\View\View.php(213): CodeIgniter\View\View->CodeIgniter\View\{closure}()
#3 C:\Users\ganda\Documents\GitHub\Hera After sidang\system\Common.php(1089): CodeIgniter\View\View->render('Admin/Kas/Index', Array, true)
#4 C:\Users\ganda\Documents\GitHub\Hera After sidang\app\Controllers\Admin.php(3846): view('Admin/Kas/Index', Array)
#5 C:\Users\ganda\Documents\GitHub\Hera After sidang\system\CodeIgniter.php(832): App\Controllers\Admin->kas()
#6 C:\Users\ganda\Documents\GitHub\Hera After sidang\system\CodeIgniter.php(419): CodeIgniter\CodeIgniter->runController(Object(App\Controllers\Admin))
#7 C:\Users\ganda\Documents\GitHub\Hera After sidang\system\CodeIgniter.php(326): CodeIgniter\CodeIgniter->handleRequest(NULL, Object(Config\Cache), false)
#8 C:\Users\ganda\Documents\GitHub\Hera After sidang\public\index.php(37): CodeIgniter\CodeIgniter->run()
#9 C:\Users\ganda\Documents\GitHub\Hera After sidang\system\Commands\Server\rewrite.php(43): require_once('C:\\Users\\ganda\\...')
#10 {main}
CRITICAL - 2024-08-15 08:15:14 --> Undefined variable: data
#0 C:\Users\ganda\Documents\GitHub\Hera After sidang\app\Views\Admin\Kas\Index.php(139): CodeIgniter\Debug\Exceptions->errorHandler(8, 'Undefined varia...', 'C:\\Users\\ganda\\...', 139, Array)
#1 C:\Users\ganda\Documents\GitHub\Hera After sidang\system\View\View.php(210): include('C:\\Users\\ganda\\...')
#2 C:\Users\ganda\Documents\GitHub\Hera After sidang\system\View\View.php(213): CodeIgniter\View\View->CodeIgniter\View\{closure}()
#3 C:\Users\ganda\Documents\GitHub\Hera After sidang\system\Common.php(1089): CodeIgniter\View\View->render('Admin/Kas/Index', Array, true)
#4 C:\Users\ganda\Documents\GitHub\Hera After sidang\app\Controllers\Admin.php(3852): view('Admin/Kas/Index', Array)
#5 C:\Users\ganda\Documents\GitHub\Hera After sidang\system\CodeIgniter.php(832): App\Controllers\Admin->kas()
#6 C:\Users\ganda\Documents\GitHub\Hera After sidang\system\CodeIgniter.php(419): CodeIgniter\CodeIgniter->runController(Object(App\Controllers\Admin))
#7 C:\Users\ganda\Documents\GitHub\Hera After sidang\system\CodeIgniter.php(326): CodeIgniter\CodeIgniter->handleRequest(NULL, Object(Config\Cache), false)
#8 C:\Users\ganda\Documents\GitHub\Hera After sidang\public\index.php(37): CodeIgniter\CodeIgniter->run()
#9 C:\Users\ganda\Documents\GitHub\Hera After sidang\system\Commands\Server\rewrite.php(43): require_once('C:\\Users\\ganda\\...')
#10 {main}
CRITICAL - 2024-08-15 18:32:19 --> Undefined property: stdClass::$total_masuk
#0 C:\Users\ganda\Documents\GitHub\Hera After sidang\app\Controllers\Admin.php(148): CodeIgniter\Debug\Exceptions->errorHandler(8, 'Undefined prope...', 'C:\\Users\\ganda\\...', 148, Array)
#1 C:\Users\ganda\Documents\GitHub\Hera After sidang\system\CodeIgniter.php(832): App\Controllers\Admin->index()
#2 C:\Users\ganda\Documents\GitHub\Hera After sidang\system\CodeIgniter.php(419): CodeIgniter\CodeIgniter->runController(Object(App\Controllers\Admin))
#3 C:\Users\ganda\Documents\GitHub\Hera After sidang\system\CodeIgniter.php(326): CodeIgniter\CodeIgniter->handleRequest(NULL, Object(Config\Cache), false)
#4 C:\Users\ganda\Documents\GitHub\Hera After sidang\public\index.php(37): CodeIgniter\CodeIgniter->run()
#5 C:\Users\ganda\Documents\GitHub\Hera After sidang\system\Commands\Server\rewrite.php(43): require_once('C:\\Users\\ganda\\...')
#6 {main}
CRITICAL - 2024-08-15 18:33:12 --> syntax error, unexpected '->' (T_OBJECT_OPERATOR)
#0 C:\Users\ganda\Documents\GitHub\Hera After sidang\system\Router\Router.php(175): CodeIgniter\Router\Router->autoRoute('admin')
#1 C:\Users\ganda\Documents\GitHub\Hera After sidang\system\CodeIgniter.php(726): CodeIgniter\Router\Router->handle('admin')
#2 C:\Users\ganda\Documents\GitHub\Hera After sidang\system\CodeIgniter.php(368): CodeIgniter\CodeIgniter->tryToRouteIt(Object(CodeIgniter\Router\RouteCollection))
#3 C:\Users\ganda\Documents\GitHub\Hera After sidang\system\CodeIgniter.php(326): CodeIgniter\CodeIgniter->handleRequest(NULL, Object(Config\Cache), false)
#4 C:\Users\ganda\Documents\GitHub\Hera After sidang\public\index.php(37): CodeIgniter\CodeIgniter->run()
#5 C:\Users\ganda\Documents\GitHub\Hera After sidang\system\Commands\Server\rewrite.php(43): require_once('C:\\Users\\ganda\\...')
#6 {main}
CRITICAL - 2024-08-15 18:33:15 --> syntax error, unexpected '->' (T_OBJECT_OPERATOR)
#0 C:\Users\ganda\Documents\GitHub\Hera After sidang\system\Router\Router.php(175): CodeIgniter\Router\Router->autoRoute('admin')
#1 C:\Users\ganda\Documents\GitHub\Hera After sidang\system\CodeIgniter.php(726): CodeIgniter\Router\Router->handle('admin')
#2 C:\Users\ganda\Documents\GitHub\Hera After sidang\system\CodeIgniter.php(368): CodeIgniter\CodeIgniter->tryToRouteIt(Object(CodeIgniter\Router\RouteCollection))
#3 C:\Users\ganda\Documents\GitHub\Hera After sidang\system\CodeIgniter.php(326): CodeIgniter\CodeIgniter->handleRequest(NULL, Object(Config\Cache), false)
#4 C:\Users\ganda\Documents\GitHub\Hera After sidang\public\index.php(37): CodeIgniter\CodeIgniter->run()
#5 C:\Users\ganda\Documents\GitHub\Hera After sidang\system\Commands\Server\rewrite.php(43): require_once('C:\\Users\\ganda\\...')
#6 {main}
CRITICAL - 2024-08-15 18:33:21 --> syntax error, unexpected '->' (T_OBJECT_OPERATOR)
#0 C:\Users\ganda\Documents\GitHub\Hera After sidang\system\Router\Router.php(175): CodeIgniter\Router\Router->autoRoute('admin')
#1 C:\Users\ganda\Documents\GitHub\Hera After sidang\system\CodeIgniter.php(726): CodeIgniter\Router\Router->handle('admin')
#2 C:\Users\ganda\Documents\GitHub\Hera After sidang\system\CodeIgniter.php(368): CodeIgniter\CodeIgniter->tryToRouteIt(Object(CodeIgniter\Router\RouteCollection))
#3 C:\Users\ganda\Documents\GitHub\Hera After sidang\system\CodeIgniter.php(326): CodeIgniter\CodeIgniter->handleRequest(NULL, Object(Config\Cache), false)
#4 C:\Users\ganda\Documents\GitHub\Hera After sidang\public\index.php(37): CodeIgniter\CodeIgniter->run()
#5 C:\Users\ganda\Documents\GitHub\Hera After sidang\system\Commands\Server\rewrite.php(43): require_once('C:\\Users\\ganda\\...')
#6 {main}
CRITICAL - 2024-08-15 18:33:50 --> syntax error, unexpected 'return' (T_RETURN)
#0 C:\Users\ganda\Documents\GitHub\Hera After sidang\system\Router\Router.php(175): CodeIgniter\Router\Router->autoRoute('admin')
#1 C:\Users\ganda\Documents\GitHub\Hera After sidang\system\CodeIgniter.php(726): CodeIgniter\Router\Router->handle('admin')
#2 C:\Users\ganda\Documents\GitHub\Hera After sidang\system\CodeIgniter.php(368): CodeIgniter\CodeIgniter->tryToRouteIt(Object(CodeIgniter\Router\RouteCollection))
#3 C:\Users\ganda\Documents\GitHub\Hera After sidang\system\CodeIgniter.php(326): CodeIgniter\CodeIgniter->handleRequest(NULL, Object(Config\Cache), false)
#4 C:\Users\ganda\Documents\GitHub\Hera After sidang\public\index.php(37): CodeIgniter\CodeIgniter->run()
#5 C:\Users\ganda\Documents\GitHub\Hera After sidang\system\Commands\Server\rewrite.php(43): require_once('C:\\Users\\ganda\\...')
#6 {main}
CRITICAL - 2024-08-15 18:38:43 --> A non-numeric value encountered
#0 C:\Users\ganda\Documents\GitHub\Hera After sidang\app\Views\Admin\Kas\Index.php(87): CodeIgniter\Debug\Exceptions->errorHandler(2, 'A non-numeric v...', 'C:\\Users\\ganda\\...', 87, Array)
#1 C:\Users\ganda\Documents\GitHub\Hera After sidang\system\View\View.php(210): include('C:\\Users\\ganda\\...')
#2 C:\Users\ganda\Documents\GitHub\Hera After sidang\system\View\View.php(213): CodeIgniter\View\View->CodeIgniter\View\{closure}()
#3 C:\Users\ganda\Documents\GitHub\Hera After sidang\system\Common.php(1089): CodeIgniter\View\View->render('Admin/Kas/Index', Array, true)
#4 C:\Users\ganda\Documents\GitHub\Hera After sidang\app\Controllers\Admin.php(3852): view('Admin/Kas/Index', Array)
#5 C:\Users\ganda\Documents\GitHub\Hera After sidang\system\CodeIgniter.php(832): App\Controllers\Admin->kas()
#6 C:\Users\ganda\Documents\GitHub\Hera After sidang\system\CodeIgniter.php(419): CodeIgniter\CodeIgniter->runController(Object(App\Controllers\Admin))
#7 C:\Users\ganda\Documents\GitHub\Hera After sidang\system\CodeIgniter.php(326): CodeIgniter\CodeIgniter->handleRequest(NULL, Object(Config\Cache), false)
#8 C:\Users\ganda\Documents\GitHub\Hera After sidang\public\index.php(37): CodeIgniter\CodeIgniter->run()
#9 C:\Users\ganda\Documents\GitHub\Hera After sidang\system\Commands\Server\rewrite.php(43): require_once('C:\\Users\\ganda\\...')
#10 {main}
CRITICAL - 2024-08-15 18:38:56 --> A non-numeric value encountered
#0 C:\Users\ganda\Documents\GitHub\Hera After sidang\app\Views\Admin\Kas\Index.php(87): CodeIgniter\Debug\Exceptions->errorHandler(2, 'A non-numeric v...', 'C:\\Users\\ganda\\...', 87, Array)
#1 C:\Users\ganda\Documents\GitHub\Hera After sidang\system\View\View.php(210): include('C:\\Users\\ganda\\...')
#2 C:\Users\ganda\Documents\GitHub\Hera After sidang\system\View\View.php(213): CodeIgniter\View\View->CodeIgniter\View\{closure}()
#3 C:\Users\ganda\Documents\GitHub\Hera After sidang\system\Common.php(1089): CodeIgniter\View\View->render('Admin/Kas/Index', Array, true)
#4 C:\Users\ganda\Documents\GitHub\Hera After sidang\app\Controllers\Admin.php(3852): view('Admin/Kas/Index', Array)
#5 C:\Users\ganda\Documents\GitHub\Hera After sidang\system\CodeIgniter.php(832): App\Controllers\Admin->kas()
#6 C:\Users\ganda\Documents\GitHub\Hera After sidang\system\CodeIgniter.php(419): CodeIgniter\CodeIgniter->runController(Object(App\Controllers\Admin))
#7 C:\Users\ganda\Documents\GitHub\Hera After sidang\system\CodeIgniter.php(326): CodeIgniter\CodeIgniter->handleRequest(NULL, Object(Config\Cache), false)
#8 C:\Users\ganda\Documents\GitHub\Hera After sidang\public\index.php(37): CodeIgniter\CodeIgniter->run()
#9 C:\Users\ganda\Documents\GitHub\Hera After sidang\system\Commands\Server\rewrite.php(43): require_once('C:\\Users\\ganda\\...')
#10 {main}
CRITICAL - 2024-08-15 18:39:17 --> A non-numeric value encountered
#0 C:\Users\ganda\Documents\GitHub\Hera After sidang\app\Views\Admin\Kas\Index.php(87): CodeIgniter\Debug\Exceptions->errorHandler(2, 'A non-numeric v...', 'C:\\Users\\ganda\\...', 87, Array)
#1 C:\Users\ganda\Documents\GitHub\Hera After sidang\system\View\View.php(210): include('C:\\Users\\ganda\\...')
#2 C:\Users\ganda\Documents\GitHub\Hera After sidang\system\View\View.php(213): CodeIgniter\View\View->CodeIgniter\View\{closure}()
#3 C:\Users\ganda\Documents\GitHub\Hera After sidang\system\Common.php(1089): CodeIgniter\View\View->render('Admin/Kas/Index', Array, true)
#4 C:\Users\ganda\Documents\GitHub\Hera After sidang\app\Controllers\Admin.php(3852): view('Admin/Kas/Index', Array)
#5 C:\Users\ganda\Documents\GitHub\Hera After sidang\system\CodeIgniter.php(832): App\Controllers\Admin->kas()
#6 C:\Users\ganda\Documents\GitHub\Hera After sidang\system\CodeIgniter.php(419): CodeIgniter\CodeIgniter->runController(Object(App\Controllers\Admin))
#7 C:\Users\ganda\Documents\GitHub\Hera After sidang\system\CodeIgniter.php(326): CodeIgniter\CodeIgniter->handleRequest(NULL, Object(Config\Cache), false)
#8 C:\Users\ganda\Documents\GitHub\Hera After sidang\public\index.php(37): CodeIgniter\CodeIgniter->run()
#9 C:\Users\ganda\Documents\GitHub\Hera After sidang\system\Commands\Server\rewrite.php(43): require_once('C:\\Users\\ganda\\...')
#10 {main}
CRITICAL - 2024-08-15 18:39:47 --> A non-numeric value encountered
#0 C:\Users\ganda\Documents\GitHub\Hera After sidang\app\Views\Admin\Kas\Index.php(87): CodeIgniter\Debug\Exceptions->errorHandler(2, 'A non-numeric v...', 'C:\\Users\\ganda\\...', 87, Array)
#1 C:\Users\ganda\Documents\GitHub\Hera After sidang\system\View\View.php(210): include('C:\\Users\\ganda\\...')
#2 C:\Users\ganda\Documents\GitHub\Hera After sidang\system\View\View.php(213): CodeIgniter\View\View->CodeIgniter\View\{closure}()
#3 C:\Users\ganda\Documents\GitHub\Hera After sidang\system\Common.php(1089): CodeIgniter\View\View->render('Admin/Kas/Index', Array, true)
#4 C:\Users\ganda\Documents\GitHub\Hera After sidang\app\Controllers\Admin.php(3852): view('Admin/Kas/Index', Array)
#5 C:\Users\ganda\Documents\GitHub\Hera After sidang\system\CodeIgniter.php(832): App\Controllers\Admin->kas()
#6 C:\Users\ganda\Documents\GitHub\Hera After sidang\system\CodeIgniter.php(419): CodeIgniter\CodeIgniter->runController(Object(App\Controllers\Admin))
#7 C:\Users\ganda\Documents\GitHub\Hera After sidang\system\CodeIgniter.php(326): CodeIgniter\CodeIgniter->handleRequest(NULL, Object(Config\Cache), false)
#8 C:\Users\ganda\Documents\GitHub\Hera After sidang\public\index.php(37): CodeIgniter\CodeIgniter->run()
#9 C:\Users\ganda\Documents\GitHub\Hera After sidang\system\Commands\Server\rewrite.php(43): require_once('C:\\Users\\ganda\\...')
#10 {main}
CRITICAL - 2024-08-15 18:43:14 --> Undefined index: saldo_terakhir
#0 C:\Users\ganda\Documents\GitHub\Hera After sidang\app\Controllers\Admin.php(3894): CodeIgniter\Debug\Exceptions->errorHandler(8, 'Undefined index...', 'C:\\Users\\ganda\\...', 3894, Array)
#1 C:\Users\ganda\Documents\GitHub\Hera After sidang\system\CodeIgniter.php(832): App\Controllers\Admin->saveKas()
#2 C:\Users\ganda\Documents\GitHub\Hera After sidang\system\CodeIgniter.php(419): CodeIgniter\CodeIgniter->runController(Object(App\Controllers\Admin))
#3 C:\Users\ganda\Documents\GitHub\Hera After sidang\system\CodeIgniter.php(326): CodeIgniter\CodeIgniter->handleRequest(NULL, Object(Config\Cache), false)
#4 C:\Users\ganda\Documents\GitHub\Hera After sidang\public\index.php(37): CodeIgniter\CodeIgniter->run()
#5 C:\Users\ganda\Documents\GitHub\Hera After sidang\system\Commands\Server\rewrite.php(43): require_once('C:\\Users\\ganda\\...')
#6 {main}
CRITICAL - 2024-08-15 18:43:56 --> Undefined index: saldo_terakhir
#0 C:\Users\ganda\Documents\GitHub\Hera After sidang\app\Controllers\Admin.php(3897): CodeIgniter\Debug\Exceptions->errorHandler(8, 'Undefined index...', 'C:\\Users\\ganda\\...', 3897, Array)
#1 C:\Users\ganda\Documents\GitHub\Hera After sidang\system\CodeIgniter.php(832): App\Controllers\Admin->saveKas()
#2 C:\Users\ganda\Documents\GitHub\Hera After sidang\system\CodeIgniter.php(419): CodeIgniter\CodeIgniter->runController(Object(App\Controllers\Admin))
#3 C:\Users\ganda\Documents\GitHub\Hera After sidang\system\CodeIgniter.php(326): CodeIgniter\CodeIgniter->handleRequest(NULL, Object(Config\Cache), false)
#4 C:\Users\ganda\Documents\GitHub\Hera After sidang\public\index.php(37): CodeIgniter\CodeIgniter->run()
#5 C:\Users\ganda\Documents\GitHub\Hera After sidang\system\Commands\Server\rewrite.php(43): require_once('C:\\Users\\ganda\\...')
#6 {main}
CRITICAL - 2024-08-15 20:21:42 --> syntax error, unexpected ';'
#0 C:\Users\ganda\Documents\GitHub\Hera After sidang\system\Router\Router.php(175): CodeIgniter\Router\Router->autoRoute('BarangCont')
#1 C:\Users\ganda\Documents\GitHub\Hera After sidang\system\CodeIgniter.php(726): CodeIgniter\Router\Router->handle('BarangCont')
#2 C:\Users\ganda\Documents\GitHub\Hera After sidang\system\CodeIgniter.php(368): CodeIgniter\CodeIgniter->tryToRouteIt(Object(CodeIgniter\Router\RouteCollection))
#3 C:\Users\ganda\Documents\GitHub\Hera After sidang\system\CodeIgniter.php(326): CodeIgniter\CodeIgniter->handleRequest(NULL, Object(Config\Cache), false)
#4 C:\Users\ganda\Documents\GitHub\Hera After sidang\public\index.php(37): CodeIgniter\CodeIgniter->run()
#5 C:\Users\ganda\Documents\GitHub\Hera After sidang\system\Commands\Server\rewrite.php(43): require_once('C:\\Users\\ganda\\...')
#6 {main}
CRITICAL - 2024-08-15 20:28:26 --> There is no data to update.
#0 C:\Users\ganda\Documents\GitHub\Hera After sidang\system\BaseModel.php(1574): CodeIgniter\Database\Exceptions\DataException::forEmptyDataset('update')
#1 C:\Users\ganda\Documents\GitHub\Hera After sidang\system\BaseModel.php(832): CodeIgniter\BaseModel->transformDataToArray(NULL, 'update')
#2 C:\Users\ganda\Documents\GitHub\Hera After sidang\system\Model.php(651): CodeIgniter\BaseModel->update(Array, NULL)
#3 C:\Users\ganda\Documents\GitHub\Hera After sidang\app\Controllers\BarangCont.php(210): CodeIgniter\Model->update(Array)
#4 C:\Users\ganda\Documents\GitHub\Hera After sidang\system\CodeIgniter.php(832): App\Controllers\BarangCont->saveBarang()
#5 C:\Users\ganda\Documents\GitHub\Hera After sidang\system\CodeIgniter.php(419): CodeIgniter\CodeIgniter->runController(Object(App\Controllers\BarangCont))
#6 C:\Users\ganda\Documents\GitHub\Hera After sidang\system\CodeIgniter.php(326): CodeIgniter\CodeIgniter->handleRequest(NULL, Object(Config\Cache), false)
#7 C:\Users\ganda\Documents\GitHub\Hera After sidang\public\index.php(37): CodeIgniter\CodeIgniter->run()
#8 C:\Users\ganda\Documents\GitHub\Hera After sidang\system\Commands\Server\rewrite.php(43): require_once('C:\\Users\\ganda\\...')
#9 {main}
