CRITICAL - 2024-01-10 15:34:34 --> Undefined variable: config
#0 C:\xampp\htdocs\INVENTARIS_PENGADAAN\app\Views\auth\login.php(28): CodeIgniter\Debug\Exceptions->errorHandler(8, 'Undefined varia...', 'C:\\xampp\\htdocs...', 28, Array)
#1 C:\xampp\htdocs\INVENTARIS_PENGADAAN\system\View\View.php(210): include('C:\\xampp\\htdocs...')
#2 C:\xampp\htdocs\INVENTARIS_PENGADAAN\system\View\View.php(213): CodeIgniter\View\View->CodeIgniter\View\{closure}()
#3 C:\xampp\htdocs\INVENTARIS_PENGADAAN\system\Common.php(1089): CodeIgniter\View\View->render('auth/login', Array, true)
#4 C:\xampp\htdocs\INVENTARIS_PENGADAAN\app\Controllers\Home.php(9): view('auth/login')
#5 C:\xampp\htdocs\INVENTARIS_PENGADAAN\system\CodeIgniter.php(832): App\Controllers\Home->index()
#6 C:\xampp\htdocs\INVENTARIS_PENGADAAN\system\CodeIgniter.php(419): CodeIgniter\CodeIgniter->runController(Object(App\Controllers\Home))
#7 C:\xampp\htdocs\INVENTARIS_PENGADAAN\system\CodeIgniter.php(326): CodeIgniter\CodeIgniter->handleRequest(NULL, Object(Config\Cache), false)
#8 C:\xampp\htdocs\INVENTARIS_PENGADAAN\public\index.php(37): CodeIgniter\CodeIgniter->run()
#9 C:\xampp\htdocs\INVENTARIS_PENGADAAN\system\Commands\Server\rewrite.php(43): require_once('C:\\xampp\\htdocs...')
#10 {main}
CRITICAL - 2024-01-10 15:35:17 --> Undefined variable: config
#0 C:\xampp\htdocs\INVENTARIS_PENGADAAN\app\Views\auth\login.php(69): CodeIgniter\Debug\Exceptions->errorHandler(8, 'Undefined varia...', 'C:\\xampp\\htdocs...', 69, Array)
#1 C:\xampp\htdocs\INVENTARIS_PENGADAAN\system\View\View.php(210): include('C:\\xampp\\htdocs...')
#2 C:\xampp\htdocs\INVENTARIS_PENGADAAN\system\View\View.php(213): CodeIgniter\View\View->CodeIgniter\View\{closure}()
#3 C:\xampp\htdocs\INVENTARIS_PENGADAAN\system\Common.php(1089): CodeIgniter\View\View->render('auth/login', Array, true)
#4 C:\xampp\htdocs\INVENTARIS_PENGADAAN\app\Controllers\Home.php(9): view('auth/login')
#5 C:\xampp\htdocs\INVENTARIS_PENGADAAN\system\CodeIgniter.php(832): App\Controllers\Home->index()
#6 C:\xampp\htdocs\INVENTARIS_PENGADAAN\system\CodeIgniter.php(419): CodeIgniter\CodeIgniter->runController(Object(App\Controllers\Home))
#7 C:\xampp\htdocs\INVENTARIS_PENGADAAN\system\CodeIgniter.php(326): CodeIgniter\CodeIgniter->handleRequest(NULL, Object(Config\Cache), false)
#8 C:\xampp\htdocs\INVENTARIS_PENGADAAN\public\index.php(37): CodeIgniter\CodeIgniter->run()
#9 C:\xampp\htdocs\INVENTARIS_PENGADAAN\system\Commands\Server\rewrite.php(43): require_once('C:\\xampp\\htdocs...')
#10 {main}
CRITICAL - 2024-01-10 15:35:20 --> Undefined variable: config
#0 C:\xampp\htdocs\INVENTARIS_PENGADAAN\app\Views\auth\login.php(69): CodeIgniter\Debug\Exceptions->errorHandler(8, 'Undefined varia...', 'C:\\xampp\\htdocs...', 69, Array)
#1 C:\xampp\htdocs\INVENTARIS_PENGADAAN\system\View\View.php(210): include('C:\\xampp\\htdocs...')
#2 C:\xampp\htdocs\INVENTARIS_PENGADAAN\system\View\View.php(213): CodeIgniter\View\View->CodeIgniter\View\{closure}()
#3 C:\xampp\htdocs\INVENTARIS_PENGADAAN\system\Common.php(1089): CodeIgniter\View\View->render('auth/login', Array, true)
#4 C:\xampp\htdocs\INVENTARIS_PENGADAAN\app\Controllers\Home.php(9): view('auth/login')
#5 C:\xampp\htdocs\INVENTARIS_PENGADAAN\system\CodeIgniter.php(832): App\Controllers\Home->index()
#6 C:\xampp\htdocs\INVENTARIS_PENGADAAN\system\CodeIgniter.php(419): CodeIgniter\CodeIgniter->runController(Object(App\Controllers\Home))
#7 C:\xampp\htdocs\INVENTARIS_PENGADAAN\system\CodeIgniter.php(326): CodeIgniter\CodeIgniter->handleRequest(NULL, Object(Config\Cache), false)
#8 C:\xampp\htdocs\INVENTARIS_PENGADAAN\public\index.php(37): CodeIgniter\CodeIgniter->run()
#9 C:\xampp\htdocs\INVENTARIS_PENGADAAN\system\Commands\Server\rewrite.php(43): require_once('C:\\xampp\\htdocs...')
#10 {main}
CRITICAL - 2024-01-10 15:35:24 --> Undefined variable: config
#0 C:\xampp\htdocs\INVENTARIS_PENGADAAN\app\Views\auth\login.php(69): CodeIgniter\Debug\Exceptions->errorHandler(8, 'Undefined varia...', 'C:\\xampp\\htdocs...', 69, Array)
#1 C:\xampp\htdocs\INVENTARIS_PENGADAAN\system\View\View.php(210): include('C:\\xampp\\htdocs...')
#2 C:\xampp\htdocs\INVENTARIS_PENGADAAN\system\View\View.php(213): CodeIgniter\View\View->CodeIgniter\View\{closure}()
#3 C:\xampp\htdocs\INVENTARIS_PENGADAAN\system\Common.php(1089): CodeIgniter\View\View->render('auth/login', Array, true)
#4 C:\xampp\htdocs\INVENTARIS_PENGADAAN\app\Controllers\Home.php(9): view('auth/login')
#5 C:\xampp\htdocs\INVENTARIS_PENGADAAN\system\CodeIgniter.php(832): App\Controllers\Home->index()
#6 C:\xampp\htdocs\INVENTARIS_PENGADAAN\system\CodeIgniter.php(419): CodeIgniter\CodeIgniter->runController(Object(App\Controllers\Home))
#7 C:\xampp\htdocs\INVENTARIS_PENGADAAN\system\CodeIgniter.php(326): CodeIgniter\CodeIgniter->handleRequest(NULL, Object(Config\Cache), false)
#8 C:\xampp\htdocs\INVENTARIS_PENGADAAN\public\index.php(37): CodeIgniter\CodeIgniter->run()
#9 C:\xampp\htdocs\INVENTARIS_PENGADAAN\system\Commands\Server\rewrite.php(43): require_once('C:\\xampp\\htdocs...')
#10 {main}
CRITICAL - 2024-01-10 15:36:24 --> Undefined variable: config
#0 C:\xampp\htdocs\INVENTARIS_PENGADAAN\app\Views\login.php(69): CodeIgniter\Debug\Exceptions->errorHandler(8, 'Undefined varia...', 'C:\\xampp\\htdocs...', 69, Array)
#1 C:\xampp\htdocs\INVENTARIS_PENGADAAN\system\View\View.php(210): include('C:\\xampp\\htdocs...')
#2 C:\xampp\htdocs\INVENTARIS_PENGADAAN\system\View\View.php(213): CodeIgniter\View\View->CodeIgniter\View\{closure}()
#3 C:\xampp\htdocs\INVENTARIS_PENGADAAN\system\Common.php(1089): CodeIgniter\View\View->render('login', Array, true)
#4 C:\xampp\htdocs\INVENTARIS_PENGADAAN\app\Controllers\Home.php(12): view('login')
#5 C:\xampp\htdocs\INVENTARIS_PENGADAAN\system\CodeIgniter.php(832): App\Controllers\Home->index()
#6 C:\xampp\htdocs\INVENTARIS_PENGADAAN\system\CodeIgniter.php(419): CodeIgniter\CodeIgniter->runController(Object(App\Controllers\Home))
#7 C:\xampp\htdocs\INVENTARIS_PENGADAAN\system\CodeIgniter.php(326): CodeIgniter\CodeIgniter->handleRequest(NULL, Object(Config\Cache), false)
#8 C:\xampp\htdocs\INVENTARIS_PENGADAAN\public\index.php(37): CodeIgniter\CodeIgniter->run()
#9 C:\xampp\htdocs\INVENTARIS_PENGADAAN\system\Commands\Server\rewrite.php(43): require_once('C:\\xampp\\htdocs...')
#10 {main}
CRITICAL - 2024-01-10 15:36:27 --> Undefined variable: config
#0 C:\xampp\htdocs\INVENTARIS_PENGADAAN\app\Views\login.php(69): CodeIgniter\Debug\Exceptions->errorHandler(8, 'Undefined varia...', 'C:\\xampp\\htdocs...', 69, Array)
#1 C:\xampp\htdocs\INVENTARIS_PENGADAAN\system\View\View.php(210): include('C:\\xampp\\htdocs...')
#2 C:\xampp\htdocs\INVENTARIS_PENGADAAN\system\View\View.php(213): CodeIgniter\View\View->CodeIgniter\View\{closure}()
#3 C:\xampp\htdocs\INVENTARIS_PENGADAAN\system\Common.php(1089): CodeIgniter\View\View->render('login', Array, true)
#4 C:\xampp\htdocs\INVENTARIS_PENGADAAN\app\Controllers\Home.php(12): view('login')
#5 C:\xampp\htdocs\INVENTARIS_PENGADAAN\system\CodeIgniter.php(832): App\Controllers\Home->index()
#6 C:\xampp\htdocs\INVENTARIS_PENGADAAN\system\CodeIgniter.php(419): CodeIgniter\CodeIgniter->runController(Object(App\Controllers\Home))
#7 C:\xampp\htdocs\INVENTARIS_PENGADAAN\system\CodeIgniter.php(326): CodeIgniter\CodeIgniter->handleRequest(NULL, Object(Config\Cache), false)
#8 C:\xampp\htdocs\INVENTARIS_PENGADAAN\public\index.php(37): CodeIgniter\CodeIgniter->run()
#9 C:\xampp\htdocs\INVENTARIS_PENGADAAN\system\Commands\Server\rewrite.php(43): require_once('C:\\xampp\\htdocs...')
#10 {main}
CRITICAL - 2024-01-10 15:41:38 --> Undefined variable: config
#0 C:\xampp\htdocs\INVENTARIS_PENGADAAN\app\Views\auth\login.php(69): CodeIgniter\Debug\Exceptions->errorHandler(8, 'Undefined varia...', 'C:\\xampp\\htdocs...', 69, Array)
#1 C:\xampp\htdocs\INVENTARIS_PENGADAAN\system\View\View.php(210): include('C:\\xampp\\htdocs...')
#2 C:\xampp\htdocs\INVENTARIS_PENGADAAN\system\View\View.php(213): CodeIgniter\View\View->CodeIgniter\View\{closure}()
#3 C:\xampp\htdocs\INVENTARIS_PENGADAAN\system\Common.php(1089): CodeIgniter\View\View->render('auth/login', Array, true)
#4 C:\xampp\htdocs\INVENTARIS_PENGADAAN\app\Controllers\Home.php(9): view('auth/login')
#5 C:\xampp\htdocs\INVENTARIS_PENGADAAN\system\CodeIgniter.php(832): App\Controllers\Home->index()
#6 C:\xampp\htdocs\INVENTARIS_PENGADAAN\system\CodeIgniter.php(419): CodeIgniter\CodeIgniter->runController(Object(App\Controllers\Home))
#7 C:\xampp\htdocs\INVENTARIS_PENGADAAN\system\CodeIgniter.php(326): CodeIgniter\CodeIgniter->handleRequest(NULL, Object(Config\Cache), false)
#8 C:\xampp\htdocs\INVENTARIS_PENGADAAN\public\index.php(37): CodeIgniter\CodeIgniter->run()
#9 C:\xampp\htdocs\INVENTARIS_PENGADAAN\system\Commands\Server\rewrite.php(43): require_once('C:\\xampp\\htdocs...')
#10 {main}
CRITICAL - 2024-01-10 15:51:32 --> Class 'App\Models\InventarisModel' not found
#0 C:\xampp\htdocs\INVENTARIS_PENGADAAN\system\CodeIgniter.php(809): App\Controllers\Admin->__construct()
#1 C:\xampp\htdocs\INVENTARIS_PENGADAAN\system\CodeIgniter.php(410): CodeIgniter\CodeIgniter->createController()
#2 C:\xampp\htdocs\INVENTARIS_PENGADAAN\system\CodeIgniter.php(326): CodeIgniter\CodeIgniter->handleRequest(NULL, Object(Config\Cache), false)
#3 C:\xampp\htdocs\INVENTARIS_PENGADAAN\public\index.php(37): CodeIgniter\CodeIgniter->run()
#4 C:\xampp\htdocs\INVENTARIS_PENGADAAN\system\Commands\Server\rewrite.php(43): require_once('C:\\xampp\\htdocs...')
#5 {main}
CRITICAL - 2024-01-10 15:52:13 --> Class 'App\Models\InventarisModel' not found
#0 C:\xampp\htdocs\INVENTARIS_PENGADAAN\system\CodeIgniter.php(809): App\Controllers\Admin->__construct()
#1 C:\xampp\htdocs\INVENTARIS_PENGADAAN\system\CodeIgniter.php(410): CodeIgniter\CodeIgniter->createController()
#2 C:\xampp\htdocs\INVENTARIS_PENGADAAN\system\CodeIgniter.php(326): CodeIgniter\CodeIgniter->handleRequest(NULL, Object(Config\Cache), false)
#3 C:\xampp\htdocs\INVENTARIS_PENGADAAN\public\index.php(37): CodeIgniter\CodeIgniter->run()
#4 C:\xampp\htdocs\INVENTARIS_PENGADAAN\system\Commands\Server\rewrite.php(43): require_once('C:\\xampp\\htdocs...')
#5 {main}
CRITICAL - 2024-01-10 15:55:17 --> file_put_contents(C:\xampp\htdocs\INVENTARIS_PENGADAAN\public\logs-app/0018972839639-laptop_1704876917.png-errors.txt): failed to open stream: No such file or directory
#0 [internal function]: CodeIgniter\Debug\Exceptions->errorHandler(2, 'file_put_conten...', 'C:\\xampp\\htdocs...', 106, Array)
#1 C:\xampp\htdocs\INVENTARIS_PENGADAAN\app\Libraries\qrcode\qrtools.php(106): file_put_contents('C:\\xampp\\htdocs...', '2024-01-10 15:5...', 8)
#2 C:\xampp\htdocs\INVENTARIS_PENGADAAN\app\Libraries\qrcode\qrencode.php(498): QRtools::log('C:\\xampp\\htdocs...', 'file_put_conten...')
#3 C:\xampp\htdocs\INVENTARIS_PENGADAAN\app\Libraries\qrcode\qrencode.php(286): QRencode->encodePNG('0018972839639,L...', 'C:\\xampp\\htdocs...', false)
#4 C:\xampp\htdocs\INVENTARIS_PENGADAAN\app\Libraries\Ciqrcode.php(114): QRcode::png('0018972839639,L...', 'C:\\xampp\\htdocs...', 'L', 10, 2)
#5 C:\xampp\htdocs\INVENTARIS_PENGADAAN\app\Controllers\Admin.php(450): App\Libraries\Ciqrcode->generate(Array)
#6 C:\xampp\htdocs\INVENTARIS_PENGADAAN\app\Controllers\Admin.php(655): App\Controllers\Admin->generate_qrcode(Array)
#7 C:\xampp\htdocs\INVENTARIS_PENGADAAN\system\CodeIgniter.php(832): App\Controllers\Admin->update('84')
#8 C:\xampp\htdocs\INVENTARIS_PENGADAAN\system\CodeIgniter.php(419): CodeIgniter\CodeIgniter->runController(Object(App\Controllers\Admin))
#9 C:\xampp\htdocs\INVENTARIS_PENGADAAN\system\CodeIgniter.php(326): CodeIgniter\CodeIgniter->handleRequest(NULL, Object(Config\Cache), false)
#10 C:\xampp\htdocs\INVENTARIS_PENGADAAN\public\index.php(37): CodeIgniter\CodeIgniter->run()
#11 C:\xampp\htdocs\INVENTARIS_PENGADAAN\system\Commands\Server\rewrite.php(43): require_once('C:\\xampp\\htdocs...')
#12 {main}
CRITICAL - 2024-01-10 15:57:48 --> file_put_contents(C:\xampp\htdocs\INVENTARIS_PENGADAAN\public\logs-app/0018972839639-laptop_1704877068.png-errors.txt): failed to open stream: No such file or directory
#0 [internal function]: CodeIgniter\Debug\Exceptions->errorHandler(2, 'file_put_conten...', 'C:\\xampp\\htdocs...', 106, Array)
#1 C:\xampp\htdocs\INVENTARIS_PENGADAAN\app\Libraries\qrcode\qrtools.php(106): file_put_contents('C:\\xampp\\htdocs...', '2024-01-10 15:5...', 8)
#2 C:\xampp\htdocs\INVENTARIS_PENGADAAN\app\Libraries\qrcode\qrencode.php(498): QRtools::log('C:\\xampp\\htdocs...', 'file_put_conten...')
#3 C:\xampp\htdocs\INVENTARIS_PENGADAAN\app\Libraries\qrcode\qrencode.php(286): QRencode->encodePNG('0018972839639,L...', 'C:\\xampp\\htdocs...', false)
#4 C:\xampp\htdocs\INVENTARIS_PENGADAAN\app\Libraries\Ciqrcode.php(114): QRcode::png('0018972839639,L...', 'C:\\xampp\\htdocs...', 'L', 10, 2)
#5 C:\xampp\htdocs\INVENTARIS_PENGADAAN\app\Controllers\Admin.php(450): App\Libraries\Ciqrcode->generate(Array)
#6 C:\xampp\htdocs\INVENTARIS_PENGADAAN\app\Controllers\Admin.php(655): App\Controllers\Admin->generate_qrcode(Array)
#7 C:\xampp\htdocs\INVENTARIS_PENGADAAN\system\CodeIgniter.php(832): App\Controllers\Admin->update('84')
#8 C:\xampp\htdocs\INVENTARIS_PENGADAAN\system\CodeIgniter.php(419): CodeIgniter\CodeIgniter->runController(Object(App\Controllers\Admin))
#9 C:\xampp\htdocs\INVENTARIS_PENGADAAN\system\CodeIgniter.php(326): CodeIgniter\CodeIgniter->handleRequest(NULL, Object(Config\Cache), false)
#10 C:\xampp\htdocs\INVENTARIS_PENGADAAN\public\index.php(37): CodeIgniter\CodeIgniter->run()
#11 C:\xampp\htdocs\INVENTARIS_PENGADAAN\system\Commands\Server\rewrite.php(43): require_once('C:\\xampp\\htdocs...')
#12 {main}
CRITICAL - 2024-01-10 15:57:52 --> file_put_contents(C:\xampp\htdocs\INVENTARIS_PENGADAAN\public\logs-app/0018972839639-laptop_1704877072.png-errors.txt): failed to open stream: No such file or directory
#0 [internal function]: CodeIgniter\Debug\Exceptions->errorHandler(2, 'file_put_conten...', 'C:\\xampp\\htdocs...', 106, Array)
#1 C:\xampp\htdocs\INVENTARIS_PENGADAAN\app\Libraries\qrcode\qrtools.php(106): file_put_contents('C:\\xampp\\htdocs...', '2024-01-10 15:5...', 8)
#2 C:\xampp\htdocs\INVENTARIS_PENGADAAN\app\Libraries\qrcode\qrencode.php(498): QRtools::log('C:\\xampp\\htdocs...', 'file_put_conten...')
#3 C:\xampp\htdocs\INVENTARIS_PENGADAAN\app\Libraries\qrcode\qrencode.php(286): QRencode->encodePNG('0018972839639,L...', 'C:\\xampp\\htdocs...', false)
#4 C:\xampp\htdocs\INVENTARIS_PENGADAAN\app\Libraries\Ciqrcode.php(114): QRcode::png('0018972839639,L...', 'C:\\xampp\\htdocs...', 'L', 10, 2)
#5 C:\xampp\htdocs\INVENTARIS_PENGADAAN\app\Controllers\Admin.php(450): App\Libraries\Ciqrcode->generate(Array)
#6 C:\xampp\htdocs\INVENTARIS_PENGADAAN\app\Controllers\Admin.php(655): App\Controllers\Admin->generate_qrcode(Array)
#7 C:\xampp\htdocs\INVENTARIS_PENGADAAN\system\CodeIgniter.php(832): App\Controllers\Admin->update('84')
#8 C:\xampp\htdocs\INVENTARIS_PENGADAAN\system\CodeIgniter.php(419): CodeIgniter\CodeIgniter->runController(Object(App\Controllers\Admin))
#9 C:\xampp\htdocs\INVENTARIS_PENGADAAN\system\CodeIgniter.php(326): CodeIgniter\CodeIgniter->handleRequest(NULL, Object(Config\Cache), false)
#10 C:\xampp\htdocs\INVENTARIS_PENGADAAN\public\index.php(37): CodeIgniter\CodeIgniter->run()
#11 C:\xampp\htdocs\INVENTARIS_PENGADAAN\system\Commands\Server\rewrite.php(43): require_once('C:\\xampp\\htdocs...')
#12 {main}
CRITICAL - 2024-01-10 15:58:08 --> file_put_contents(C:\xampp\htdocs\INVENTARIS_PENGADAAN\public\logs-app/0018972839639-laptop_1704877088.png-errors.txt): failed to open stream: No such file or directory
#0 [internal function]: CodeIgniter\Debug\Exceptions->errorHandler(2, 'file_put_conten...', 'C:\\xampp\\htdocs...', 106, Array)
#1 C:\xampp\htdocs\INVENTARIS_PENGADAAN\app\Libraries\qrcode\qrtools.php(106): file_put_contents('C:\\xampp\\htdocs...', '2024-01-10 15:5...', 8)
#2 C:\xampp\htdocs\INVENTARIS_PENGADAAN\app\Libraries\qrcode\qrencode.php(498): QRtools::log('C:\\xampp\\htdocs...', 'file_put_conten...')
#3 C:\xampp\htdocs\INVENTARIS_PENGADAAN\app\Libraries\qrcode\qrencode.php(286): QRencode->encodePNG('0018972839639,L...', 'C:\\xampp\\htdocs...', false)
#4 C:\xampp\htdocs\INVENTARIS_PENGADAAN\app\Libraries\Ciqrcode.php(114): QRcode::png('0018972839639,L...', 'C:\\xampp\\htdocs...', 'L', 10, 2)
#5 C:\xampp\htdocs\INVENTARIS_PENGADAAN\app\Controllers\Admin.php(450): App\Libraries\Ciqrcode->generate(Array)
#6 C:\xampp\htdocs\INVENTARIS_PENGADAAN\app\Controllers\Admin.php(655): App\Controllers\Admin->generate_qrcode(Array)
#7 C:\xampp\htdocs\INVENTARIS_PENGADAAN\system\CodeIgniter.php(832): App\Controllers\Admin->update('84')
#8 C:\xampp\htdocs\INVENTARIS_PENGADAAN\system\CodeIgniter.php(419): CodeIgniter\CodeIgniter->runController(Object(App\Controllers\Admin))
#9 C:\xampp\htdocs\INVENTARIS_PENGADAAN\system\CodeIgniter.php(326): CodeIgniter\CodeIgniter->handleRequest(NULL, Object(Config\Cache), false)
#10 C:\xampp\htdocs\INVENTARIS_PENGADAAN\public\index.php(37): CodeIgniter\CodeIgniter->run()
#11 C:\xampp\htdocs\INVENTARIS_PENGADAAN\system\Commands\Server\rewrite.php(43): require_once('C:\\xampp\\htdocs...')
#12 {main}
CRITICAL - 2024-01-10 15:59:47 --> file_put_contents(C:\xampp\htdocs\INVENTARIS_PENGADAAN\public\logs-app/090989e87-laptop_1704877187.png-errors.txt): failed to open stream: No such file or directory
#0 [internal function]: CodeIgniter\Debug\Exceptions->errorHandler(2, 'file_put_conten...', 'C:\\xampp\\htdocs...', 106, Array)
#1 C:\xampp\htdocs\INVENTARIS_PENGADAAN\app\Libraries\qrcode\qrtools.php(106): file_put_contents('C:\\xampp\\htdocs...', '2024-01-10 15:5...', 8)
#2 C:\xampp\htdocs\INVENTARIS_PENGADAAN\app\Libraries\qrcode\qrencode.php(498): QRtools::log('C:\\xampp\\htdocs...', 'file_put_conten...')
#3 C:\xampp\htdocs\INVENTARIS_PENGADAAN\app\Libraries\qrcode\qrencode.php(286): QRencode->encodePNG('090989e87,Lapto...', 'C:\\xampp\\htdocs...', false)
#4 C:\xampp\htdocs\INVENTARIS_PENGADAAN\app\Libraries\Ciqrcode.php(114): QRcode::png('090989e87,Lapto...', 'C:\\xampp\\htdocs...', 'L', 10, 2)
#5 C:\xampp\htdocs\INVENTARIS_PENGADAAN\app\Controllers\Admin.php(450): App\Libraries\Ciqrcode->generate(Array)
#6 C:\xampp\htdocs\INVENTARIS_PENGADAAN\app\Controllers\Admin.php(595): App\Controllers\Admin->generate_qrcode(Array)
#7 C:\xampp\htdocs\INVENTARIS_PENGADAAN\system\CodeIgniter.php(832): App\Controllers\Admin->add_data()
#8 C:\xampp\htdocs\INVENTARIS_PENGADAAN\system\CodeIgniter.php(419): CodeIgniter\CodeIgniter->runController(Object(App\Controllers\Admin))
#9 C:\xampp\htdocs\INVENTARIS_PENGADAAN\system\CodeIgniter.php(326): CodeIgniter\CodeIgniter->handleRequest(NULL, Object(Config\Cache), false)
#10 C:\xampp\htdocs\INVENTARIS_PENGADAAN\public\index.php(37): CodeIgniter\CodeIgniter->run()
#11 C:\xampp\htdocs\INVENTARIS_PENGADAAN\system\Commands\Server\rewrite.php(43): require_once('C:\\xampp\\htdocs...')
#12 {main}
CRITICAL - 2024-01-10 18:19:21 --> Trying to get property 'username' of non-object
#0 C:\xampp\htdocs\INVENTARIS_PENGADAAN\app\Views\admin\templates\topbar.php(26): CodeIgniter\Debug\Exceptions->errorHandler(8, 'Trying to get p...', 'C:\\xampp\\htdocs...', 26, Array)
#1 C:\xampp\htdocs\INVENTARIS_PENGADAAN\system\View\View.php(210): include('C:\\xampp\\htdocs...')
#2 C:\xampp\htdocs\INVENTARIS_PENGADAAN\system\View\View.php(213): CodeIgniter\View\View->CodeIgniter\View\{closure}()
#3 C:\xampp\htdocs\INVENTARIS_PENGADAAN\system\View\View.php(424): CodeIgniter\View\View->render('admin/templates...', NULL, true)
#4 C:\xampp\htdocs\INVENTARIS_PENGADAAN\app\Views\admin\templates\index.php(55): CodeIgniter\View\View->include('admin/templates...')
#5 C:\xampp\htdocs\INVENTARIS_PENGADAAN\system\View\View.php(210): include('C:\\xampp\\htdocs...')
#6 C:\xampp\htdocs\INVENTARIS_PENGADAAN\system\View\View.php(213): CodeIgniter\View\View->CodeIgniter\View\{closure}()
#7 C:\xampp\htdocs\INVENTARIS_PENGADAAN\system\View\View.php(226): CodeIgniter\View\View->render('admin/templates...', Array, true)
#8 C:\xampp\htdocs\INVENTARIS_PENGADAAN\system\Common.php(1089): CodeIgniter\View\View->render('admin/inventari...', Array, true)
#9 C:\xampp\htdocs\INVENTARIS_PENGADAAN\app\Controllers\Admin.php(227): view('admin/inventari...', Array)
#10 C:\xampp\htdocs\INVENTARIS_PENGADAAN\system\CodeIgniter.php(832): App\Controllers\Admin->adm_inventaris()
#11 C:\xampp\htdocs\INVENTARIS_PENGADAAN\system\CodeIgniter.php(419): CodeIgniter\CodeIgniter->runController(Object(App\Controllers\Admin))
#12 C:\xampp\htdocs\INVENTARIS_PENGADAAN\system\CodeIgniter.php(326): CodeIgniter\CodeIgniter->handleRequest(NULL, Object(Config\Cache), false)
#13 C:\xampp\htdocs\INVENTARIS_PENGADAAN\public\index.php(37): CodeIgniter\CodeIgniter->run()
#14 C:\xampp\htdocs\INVENTARIS_PENGADAAN\system\Commands\Server\rewrite.php(43): require_once('C:\\xampp\\htdocs...')
#15 {main}
CRITICAL - 2024-01-10 18:19:50 --> Trying to get property 'username' of non-object
#0 C:\xampp\htdocs\INVENTARIS_PENGADAAN\app\Views\admin\templates\topbar.php(26): CodeIgniter\Debug\Exceptions->errorHandler(8, 'Trying to get p...', 'C:\\xampp\\htdocs...', 26, Array)
#1 C:\xampp\htdocs\INVENTARIS_PENGADAAN\system\View\View.php(210): include('C:\\xampp\\htdocs...')
#2 C:\xampp\htdocs\INVENTARIS_PENGADAAN\system\View\View.php(213): CodeIgniter\View\View->CodeIgniter\View\{closure}()
#3 C:\xampp\htdocs\INVENTARIS_PENGADAAN\system\View\View.php(424): CodeIgniter\View\View->render('admin/templates...', NULL, true)
#4 C:\xampp\htdocs\INVENTARIS_PENGADAAN\app\Views\admin\templates\index.php(55): CodeIgniter\View\View->include('admin/templates...')
#5 C:\xampp\htdocs\INVENTARIS_PENGADAAN\system\View\View.php(210): include('C:\\xampp\\htdocs...')
#6 C:\xampp\htdocs\INVENTARIS_PENGADAAN\system\View\View.php(213): CodeIgniter\View\View->CodeIgniter\View\{closure}()
#7 C:\xampp\htdocs\INVENTARIS_PENGADAAN\system\View\View.php(226): CodeIgniter\View\View->render('admin/templates...', Array, true)
#8 C:\xampp\htdocs\INVENTARIS_PENGADAAN\system\Common.php(1089): CodeIgniter\View\View->render('admin/inventari...', Array, true)
#9 C:\xampp\htdocs\INVENTARIS_PENGADAAN\app\Controllers\Admin.php(227): view('admin/inventari...', Array)
#10 C:\xampp\htdocs\INVENTARIS_PENGADAAN\system\CodeIgniter.php(832): App\Controllers\Admin->adm_inventaris()
#11 C:\xampp\htdocs\INVENTARIS_PENGADAAN\system\CodeIgniter.php(419): CodeIgniter\CodeIgniter->runController(Object(App\Controllers\Admin))
#12 C:\xampp\htdocs\INVENTARIS_PENGADAAN\system\CodeIgniter.php(326): CodeIgniter\CodeIgniter->handleRequest(NULL, Object(Config\Cache), false)
#13 C:\xampp\htdocs\INVENTARIS_PENGADAAN\public\index.php(37): CodeIgniter\CodeIgniter->run()
#14 C:\xampp\htdocs\INVENTARIS_PENGADAAN\system\Commands\Server\rewrite.php(43): require_once('C:\\xampp\\htdocs...')
#15 {main}
CRITICAL - 2024-01-10 18:20:44 --> Trying to get property 'username' of non-object
#0 C:\xampp\htdocs\INVENTARIS_PENGADAAN\app\Views\admin\templates\topbar.php(26): CodeIgniter\Debug\Exceptions->errorHandler(8, 'Trying to get p...', 'C:\\xampp\\htdocs...', 26, Array)
#1 C:\xampp\htdocs\INVENTARIS_PENGADAAN\system\View\View.php(210): include('C:\\xampp\\htdocs...')
#2 C:\xampp\htdocs\INVENTARIS_PENGADAAN\system\View\View.php(213): CodeIgniter\View\View->CodeIgniter\View\{closure}()
#3 C:\xampp\htdocs\INVENTARIS_PENGADAAN\system\View\View.php(424): CodeIgniter\View\View->render('admin/templates...', NULL, true)
#4 C:\xampp\htdocs\INVENTARIS_PENGADAAN\app\Views\admin\templates\index.php(55): CodeIgniter\View\View->include('admin/templates...')
#5 C:\xampp\htdocs\INVENTARIS_PENGADAAN\system\View\View.php(210): include('C:\\xampp\\htdocs...')
#6 C:\xampp\htdocs\INVENTARIS_PENGADAAN\system\View\View.php(213): CodeIgniter\View\View->CodeIgniter\View\{closure}()
#7 C:\xampp\htdocs\INVENTARIS_PENGADAAN\system\View\View.php(226): CodeIgniter\View\View->render('admin/templates...', Array, true)
#8 C:\xampp\htdocs\INVENTARIS_PENGADAAN\system\Common.php(1089): CodeIgniter\View\View->render('admin/inventari...', Array, true)
#9 C:\xampp\htdocs\INVENTARIS_PENGADAAN\app\Controllers\Admin.php(227): view('admin/inventari...', Array)
#10 C:\xampp\htdocs\INVENTARIS_PENGADAAN\system\CodeIgniter.php(832): App\Controllers\Admin->adm_inventaris()
#11 C:\xampp\htdocs\INVENTARIS_PENGADAAN\system\CodeIgniter.php(419): CodeIgniter\CodeIgniter->runController(Object(App\Controllers\Admin))
#12 C:\xampp\htdocs\INVENTARIS_PENGADAAN\system\CodeIgniter.php(326): CodeIgniter\CodeIgniter->handleRequest(NULL, Object(Config\Cache), false)
#13 C:\xampp\htdocs\INVENTARIS_PENGADAAN\public\index.php(37): CodeIgniter\CodeIgniter->run()
#14 C:\xampp\htdocs\INVENTARIS_PENGADAAN\system\Commands\Server\rewrite.php(43): require_once('C:\\xampp\\htdocs...')
#15 {main}
CRITICAL - 2024-01-10 18:21:07 --> Trying to get property 'username' of non-object
#0 C:\xampp\htdocs\INVENTARIS_PENGADAAN\app\Views\admin\templates\topbar.php(26): CodeIgniter\Debug\Exceptions->errorHandler(8, 'Trying to get p...', 'C:\\xampp\\htdocs...', 26, Array)
#1 C:\xampp\htdocs\INVENTARIS_PENGADAAN\system\View\View.php(210): include('C:\\xampp\\htdocs...')
#2 C:\xampp\htdocs\INVENTARIS_PENGADAAN\system\View\View.php(213): CodeIgniter\View\View->CodeIgniter\View\{closure}()
#3 C:\xampp\htdocs\INVENTARIS_PENGADAAN\system\View\View.php(424): CodeIgniter\View\View->render('admin/templates...', NULL, true)
#4 C:\xampp\htdocs\INVENTARIS_PENGADAAN\app\Views\admin\templates\index.php(55): CodeIgniter\View\View->include('admin/templates...')
#5 C:\xampp\htdocs\INVENTARIS_PENGADAAN\system\View\View.php(210): include('C:\\xampp\\htdocs...')
#6 C:\xampp\htdocs\INVENTARIS_PENGADAAN\system\View\View.php(213): CodeIgniter\View\View->CodeIgniter\View\{closure}()
#7 C:\xampp\htdocs\INVENTARIS_PENGADAAN\system\View\View.php(226): CodeIgniter\View\View->render('admin/templates...', Array, true)
#8 C:\xampp\htdocs\INVENTARIS_PENGADAAN\system\Common.php(1089): CodeIgniter\View\View->render('admin/inventari...', Array, true)
#9 C:\xampp\htdocs\INVENTARIS_PENGADAAN\app\Controllers\Admin.php(227): view('admin/inventari...', Array)
#10 C:\xampp\htdocs\INVENTARIS_PENGADAAN\system\CodeIgniter.php(832): App\Controllers\Admin->adm_inventaris()
#11 C:\xampp\htdocs\INVENTARIS_PENGADAAN\system\CodeIgniter.php(419): CodeIgniter\CodeIgniter->runController(Object(App\Controllers\Admin))
#12 C:\xampp\htdocs\INVENTARIS_PENGADAAN\system\CodeIgniter.php(326): CodeIgniter\CodeIgniter->handleRequest(NULL, Object(Config\Cache), false)
#13 C:\xampp\htdocs\INVENTARIS_PENGADAAN\public\index.php(37): CodeIgniter\CodeIgniter->run()
#14 C:\xampp\htdocs\INVENTARIS_PENGADAAN\system\Commands\Server\rewrite.php(43): require_once('C:\\xampp\\htdocs...')
#15 {main}
ERROR - 2024-01-10 19:13:49 --> Error connecting to the database: No connection could be made because the target machine actively refused it.

CRITICAL - 2024-01-10 19:13:49 --> Unable to connect to the database.
Main connection [MySQLi]: No connection could be made because the target machine actively refused it.

#0 C:\xampp\htdocs\INVENTARIS_PENGADAAN\system\Database\BaseConnection.php(577): CodeIgniter\Database\BaseConnection->initialize()
#1 C:\xampp\htdocs\INVENTARIS_PENGADAAN\system\Database\BaseBuilder.php(1455): CodeIgniter\Database\BaseConnection->query('SELECT *\nFROM `...', Array, false)
#2 C:\xampp\htdocs\INVENTARIS_PENGADAAN\system\Model.php(142): CodeIgniter\Database\BaseBuilder->get()
#3 C:\xampp\htdocs\INVENTARIS_PENGADAAN\system\BaseModel.php(523): CodeIgniter\Model->doFind(true, '1')
#4 C:\xampp\htdocs\INVENTARIS_PENGADAAN\vendor\myth\auth\src\Authentication\AuthenticationBase.php(130): CodeIgniter\BaseModel->find('1')
#5 C:\xampp\htdocs\INVENTARIS_PENGADAAN\vendor\myth\auth\src\Authentication\LocalAuthenticator.php(67): Myth\Auth\Authentication\AuthenticationBase->isLoggedIn()
#6 C:\xampp\htdocs\INVENTARIS_PENGADAAN\vendor\myth\auth\src\Helpers\auth_helper.php(26): Myth\Auth\Authentication\LocalAuthenticator->check()
#7 C:\xampp\htdocs\INVENTARIS_PENGADAAN\app\Views\admin\templates\topbar.php(26): user()
#8 C:\xampp\htdocs\INVENTARIS_PENGADAAN\system\View\View.php(210): include('C:\\xampp\\htdocs...')
#9 C:\xampp\htdocs\INVENTARIS_PENGADAAN\system\View\View.php(213): CodeIgniter\View\View->CodeIgniter\View\{closure}()
#10 C:\xampp\htdocs\INVENTARIS_PENGADAAN\system\View\View.php(424): CodeIgniter\View\View->render('admin/templates...', NULL, true)
#11 C:\xampp\htdocs\INVENTARIS_PENGADAAN\app\Views\admin\templates\index.php(55): CodeIgniter\View\View->include('admin/templates...')
#12 C:\xampp\htdocs\INVENTARIS_PENGADAAN\system\View\View.php(210): include('C:\\xampp\\htdocs...')
#13 C:\xampp\htdocs\INVENTARIS_PENGADAAN\system\View\View.php(213): CodeIgniter\View\View->CodeIgniter\View\{closure}()
#14 C:\xampp\htdocs\INVENTARIS_PENGADAAN\system\View\View.php(226): CodeIgniter\View\View->render('admin/templates...', Array, true)
#15 C:\xampp\htdocs\INVENTARIS_PENGADAAN\system\Common.php(1089): CodeIgniter\View\View->render('admin/barang/ta...', Array, true)
#16 C:\xampp\htdocs\INVENTARIS_PENGADAAN\app\Controllers\Admin.php(853): view('admin/barang/ta...', Array)
#17 C:\xampp\htdocs\INVENTARIS_PENGADAAN\system\CodeIgniter.php(832): App\Controllers\Admin->tambahForm()
#18 C:\xampp\htdocs\INVENTARIS_PENGADAAN\system\CodeIgniter.php(419): CodeIgniter\CodeIgniter->runController(Object(App\Controllers\Admin))
#19 C:\xampp\htdocs\INVENTARIS_PENGADAAN\system\CodeIgniter.php(326): CodeIgniter\CodeIgniter->handleRequest(NULL, Object(Config\Cache), false)
#20 C:\xampp\htdocs\INVENTARIS_PENGADAAN\public\index.php(37): CodeIgniter\CodeIgniter->run()
#21 C:\xampp\htdocs\INVENTARIS_PENGADAAN\system\Commands\Server\rewrite.php(43): require_once('C:\\xampp\\htdocs...')
#22 {main}
CRITICAL - 2024-01-10 19:29:36 --> Too few arguments to function App\Controllers\Admin::formTambahStok(), 0 passed in C:\xampp\htdocs\INVENTARIS_PENGADAAN\system\CodeIgniter.php on line 832 and exactly 1 expected
#0 C:\xampp\htdocs\INVENTARIS_PENGADAAN\system\CodeIgniter.php(832): App\Controllers\Admin->formTambahStok()
#1 C:\xampp\htdocs\INVENTARIS_PENGADAAN\system\CodeIgniter.php(419): CodeIgniter\CodeIgniter->runController(Object(App\Controllers\Admin))
#2 C:\xampp\htdocs\INVENTARIS_PENGADAAN\system\CodeIgniter.php(326): CodeIgniter\CodeIgniter->handleRequest(NULL, Object(Config\Cache), false)
#3 C:\xampp\htdocs\INVENTARIS_PENGADAAN\public\index.php(37): CodeIgniter\CodeIgniter->run()
#4 C:\xampp\htdocs\INVENTARIS_PENGADAAN\system\Commands\Server\rewrite.php(43): require_once('C:\\xampp\\htdocs...')
#5 {main}
CRITICAL - 2024-01-10 19:31:21 --> Too few arguments to function App\Controllers\Admin::formTambahStok(), 0 passed in C:\xampp\htdocs\INVENTARIS_PENGADAAN\system\CodeIgniter.php on line 832 and exactly 1 expected
#0 C:\xampp\htdocs\INVENTARIS_PENGADAAN\system\CodeIgniter.php(832): App\Controllers\Admin->formTambahStok()
#1 C:\xampp\htdocs\INVENTARIS_PENGADAAN\system\CodeIgniter.php(419): CodeIgniter\CodeIgniter->runController(Object(App\Controllers\Admin))
#2 C:\xampp\htdocs\INVENTARIS_PENGADAAN\system\CodeIgniter.php(326): CodeIgniter\CodeIgniter->handleRequest(NULL, Object(Config\Cache), false)
#3 C:\xampp\htdocs\INVENTARIS_PENGADAAN\public\index.php(37): CodeIgniter\CodeIgniter->run()
#4 C:\xampp\htdocs\INVENTARIS_PENGADAAN\system\Commands\Server\rewrite.php(43): require_once('C:\\xampp\\htdocs...')
#5 {main}
CRITICAL - 2024-01-10 19:31:24 --> Too few arguments to function App\Controllers\Admin::formTambahStok(), 0 passed in C:\xampp\htdocs\INVENTARIS_PENGADAAN\system\CodeIgniter.php on line 832 and exactly 1 expected
#0 C:\xampp\htdocs\INVENTARIS_PENGADAAN\system\CodeIgniter.php(832): App\Controllers\Admin->formTambahStok()
#1 C:\xampp\htdocs\INVENTARIS_PENGADAAN\system\CodeIgniter.php(419): CodeIgniter\CodeIgniter->runController(Object(App\Controllers\Admin))
#2 C:\xampp\htdocs\INVENTARIS_PENGADAAN\system\CodeIgniter.php(326): CodeIgniter\CodeIgniter->handleRequest(NULL, Object(Config\Cache), false)
#3 C:\xampp\htdocs\INVENTARIS_PENGADAAN\public\index.php(37): CodeIgniter\CodeIgniter->run()
#4 C:\xampp\htdocs\INVENTARIS_PENGADAAN\system\Commands\Server\rewrite.php(43): require_once('C:\\xampp\\htdocs...')
#5 {main}
CRITICAL - 2024-01-10 19:32:04 --> Too few arguments to function App\Controllers\Admin::formTambahStok(), 0 passed in C:\xampp\htdocs\INVENTARIS_PENGADAAN\system\CodeIgniter.php on line 832 and exactly 1 expected
#0 C:\xampp\htdocs\INVENTARIS_PENGADAAN\system\CodeIgniter.php(832): App\Controllers\Admin->formTambahStok()
#1 C:\xampp\htdocs\INVENTARIS_PENGADAAN\system\CodeIgniter.php(419): CodeIgniter\CodeIgniter->runController(Object(App\Controllers\Admin))
#2 C:\xampp\htdocs\INVENTARIS_PENGADAAN\system\CodeIgniter.php(326): CodeIgniter\CodeIgniter->handleRequest(NULL, Object(Config\Cache), false)
#3 C:\xampp\htdocs\INVENTARIS_PENGADAAN\public\index.php(37): CodeIgniter\CodeIgniter->run()
#4 C:\xampp\htdocs\INVENTARIS_PENGADAAN\system\Commands\Server\rewrite.php(43): require_once('C:\\xampp\\htdocs...')
#5 {main}
CRITICAL - 2024-01-10 19:32:28 --> Too few arguments to function App\Controllers\Admin::formTambahStok(), 0 passed in C:\xampp\htdocs\INVENTARIS_PENGADAAN\system\CodeIgniter.php on line 832 and exactly 1 expected
#0 C:\xampp\htdocs\INVENTARIS_PENGADAAN\system\CodeIgniter.php(832): App\Controllers\Admin->formTambahStok()
#1 C:\xampp\htdocs\INVENTARIS_PENGADAAN\system\CodeIgniter.php(419): CodeIgniter\CodeIgniter->runController(Object(App\Controllers\Admin))
#2 C:\xampp\htdocs\INVENTARIS_PENGADAAN\system\CodeIgniter.php(326): CodeIgniter\CodeIgniter->handleRequest(NULL, Object(Config\Cache), false)
#3 C:\xampp\htdocs\INVENTARIS_PENGADAAN\public\index.php(37): CodeIgniter\CodeIgniter->run()
#4 C:\xampp\htdocs\INVENTARIS_PENGADAAN\system\Commands\Server\rewrite.php(43): require_once('C:\\xampp\\htdocs...')
#5 {main}
CRITICAL - 2024-01-10 19:35:20 --> Too few arguments to function App\Controllers\Admin::formTambahStok(), 0 passed in C:\xampp\htdocs\INVENTARIS_PENGADAAN\system\CodeIgniter.php on line 832 and exactly 1 expected
#0 C:\xampp\htdocs\INVENTARIS_PENGADAAN\system\CodeIgniter.php(832): App\Controllers\Admin->formTambahStok()
#1 C:\xampp\htdocs\INVENTARIS_PENGADAAN\system\CodeIgniter.php(419): CodeIgniter\CodeIgniter->runController(Object(App\Controllers\Admin))
#2 C:\xampp\htdocs\INVENTARIS_PENGADAAN\system\CodeIgniter.php(326): CodeIgniter\CodeIgniter->handleRequest(NULL, Object(Config\Cache), false)
#3 C:\xampp\htdocs\INVENTARIS_PENGADAAN\public\index.php(37): CodeIgniter\CodeIgniter->run()
#4 C:\xampp\htdocs\INVENTARIS_PENGADAAN\system\Commands\Server\rewrite.php(43): require_once('C:\\xampp\\htdocs...')
#5 {main}
CRITICAL - 2024-01-10 19:39:14 --> Too few arguments to function App\Controllers\Admin::formTambahStok(), 0 passed in C:\xampp\htdocs\INVENTARIS_PENGADAAN\system\CodeIgniter.php on line 832 and exactly 1 expected
#0 C:\xampp\htdocs\INVENTARIS_PENGADAAN\system\CodeIgniter.php(832): App\Controllers\Admin->formTambahStok()
#1 C:\xampp\htdocs\INVENTARIS_PENGADAAN\system\CodeIgniter.php(419): CodeIgniter\CodeIgniter->runController(Object(App\Controllers\Admin))
#2 C:\xampp\htdocs\INVENTARIS_PENGADAAN\system\CodeIgniter.php(326): CodeIgniter\CodeIgniter->handleRequest(NULL, Object(Config\Cache), false)
#3 C:\xampp\htdocs\INVENTARIS_PENGADAAN\public\index.php(37): CodeIgniter\CodeIgniter->run()
#4 C:\xampp\htdocs\INVENTARIS_PENGADAAN\system\Commands\Server\rewrite.php(43): require_once('C:\\xampp\\htdocs...')
#5 {main}
