CRITICAL - 2024-02-12 09:39:01 --> Undefined array key "jumlah_barang"
#0 C:\Users\Alam\Downloads\rev\app\Views\Admin\Master_barang\Detail_brg.php(63): CodeIgniter\Debug\Exceptions->errorHandler(2, 'Undefined array...', 'C:\\Users\\Alam\\D...', 63)
#1 C:\Users\Alam\Downloads\rev\system\View\View.php(210): include('C:\\Users\\Alam\\D...')
#2 C:\Users\Alam\Downloads\rev\system\View\View.php(213): CodeIgniter\View\View->CodeIgniter\View\{closure}()
#3 C:\Users\Alam\Downloads\rev\system\Common.php(1089): CodeIgniter\View\View->render('Admin/Master_ba...', Array, true)
#4 C:\Users\Alam\Downloads\rev\app\Controllers\Admin.php(401): view('Admin/Master_ba...', Array)
#5 C:\Users\Alam\Downloads\rev\system\CodeIgniter.php(832): App\Controllers\Admin->detail_master_brg('inv-20240205407')
#6 C:\Users\Alam\Downloads\rev\system\CodeIgniter.php(419): CodeIgniter\CodeIgniter->runController(Object(App\Controllers\Admin))
#7 C:\Users\Alam\Downloads\rev\system\CodeIgniter.php(326): CodeIgniter\CodeIgniter->handleRequest(NULL, Object(Config\Cache), false)
#8 C:\Users\Alam\Downloads\rev\public\index.php(37): CodeIgniter\CodeIgniter->run()
#9 C:\Users\Alam\Downloads\rev\system\Commands\Server\rewrite.php(43): require_once('C:\\Users\\Alam\\D...')
#10 {main}
CRITICAL - 2024-02-12 09:40:12 --> Undefined array key "jumlah_barang"
#0 C:\Users\Alam\Downloads\rev\app\Views\Admin\Master_barang\Detail_brg.php(63): CodeIgniter\Debug\Exceptions->errorHandler(2, 'Undefined array...', 'C:\\Users\\Alam\\D...', 63)
#1 C:\Users\Alam\Downloads\rev\system\View\View.php(210): include('C:\\Users\\Alam\\D...')
#2 C:\Users\Alam\Downloads\rev\system\View\View.php(213): CodeIgniter\View\View->CodeIgniter\View\{closure}()
#3 C:\Users\Alam\Downloads\rev\system\Common.php(1089): CodeIgniter\View\View->render('Admin/Master_ba...', Array, true)
#4 C:\Users\Alam\Downloads\rev\app\Controllers\Admin.php(401): view('Admin/Master_ba...', Array)
#5 C:\Users\Alam\Downloads\rev\system\CodeIgniter.php(832): App\Controllers\Admin->detail_master_brg('inv-20240205407')
#6 C:\Users\Alam\Downloads\rev\system\CodeIgniter.php(419): CodeIgniter\CodeIgniter->runController(Object(App\Controllers\Admin))
#7 C:\Users\Alam\Downloads\rev\system\CodeIgniter.php(326): CodeIgniter\CodeIgniter->handleRequest(NULL, Object(Config\Cache), false)
#8 C:\Users\Alam\Downloads\rev\public\index.php(37): CodeIgniter\CodeIgniter->run()
#9 C:\Users\Alam\Downloads\rev\system\Commands\Server\rewrite.php(43): require_once('C:\\Users\\Alam\\D...')
#10 {main}
CRITICAL - 2024-02-12 09:40:49 --> Undefined array key "jumlah_barang"
#0 C:\Users\Alam\Downloads\rev\app\Views\Admin\Master_barang\Detail_brg.php(67): CodeIgniter\Debug\Exceptions->errorHandler(2, 'Undefined array...', 'C:\\Users\\Alam\\D...', 67)
#1 C:\Users\Alam\Downloads\rev\system\View\View.php(210): include('C:\\Users\\Alam\\D...')
#2 C:\Users\Alam\Downloads\rev\system\View\View.php(213): CodeIgniter\View\View->CodeIgniter\View\{closure}()
#3 C:\Users\Alam\Downloads\rev\system\Common.php(1089): CodeIgniter\View\View->render('Admin/Master_ba...', Array, true)
#4 C:\Users\Alam\Downloads\rev\app\Controllers\Admin.php(401): view('Admin/Master_ba...', Array)
#5 C:\Users\Alam\Downloads\rev\system\CodeIgniter.php(832): App\Controllers\Admin->detail_master_brg('inv-20240205407')
#6 C:\Users\Alam\Downloads\rev\system\CodeIgniter.php(419): CodeIgniter\CodeIgniter->runController(Object(App\Controllers\Admin))
#7 C:\Users\Alam\Downloads\rev\system\CodeIgniter.php(326): CodeIgniter\CodeIgniter->handleRequest(NULL, Object(Config\Cache), false)
#8 C:\Users\Alam\Downloads\rev\public\index.php(37): CodeIgniter\CodeIgniter->run()
#9 C:\Users\Alam\Downloads\rev\system\Commands\Server\rewrite.php(43): require_once('C:\\Users\\Alam\\D...')
#10 {main}
CRITICAL - 2024-02-12 22:29:05 --> Undefined array key "merk"
#0 C:\Users\Alam\Downloads\rev\app\Views\Admin\Inventaris\Index.php(86): CodeIgniter\Debug\Exceptions->errorHandler(2, 'Undefined array...', 'C:\\Users\\Alam\\D...', 86)
#1 C:\Users\Alam\Downloads\rev\system\View\View.php(210): include('C:\\Users\\Alam\\D...')
#2 C:\Users\Alam\Downloads\rev\system\View\View.php(213): CodeIgniter\View\View->CodeIgniter\View\{closure}()
#3 C:\Users\Alam\Downloads\rev\system\Common.php(1089): CodeIgniter\View\View->render('Admin/Inventari...', Array, true)
#4 C:\Users\Alam\Downloads\rev\app\Controllers\Admin.php(453): view('Admin/Inventari...', Array)
#5 C:\Users\Alam\Downloads\rev\system\CodeIgniter.php(832): App\Controllers\Admin->adm_inventaris()
#6 C:\Users\Alam\Downloads\rev\system\CodeIgniter.php(419): CodeIgniter\CodeIgniter->runController(Object(App\Controllers\Admin))
#7 C:\Users\Alam\Downloads\rev\system\CodeIgniter.php(326): CodeIgniter\CodeIgniter->handleRequest(NULL, Object(Config\Cache), false)
#8 C:\Users\Alam\Downloads\rev\public\index.php(37): CodeIgniter\CodeIgniter->run()
#9 C:\Users\Alam\Downloads\rev\system\Commands\Server\rewrite.php(43): require_once('C:\\Users\\Alam\\D...')
#10 {main}
CRITICAL - 2024-02-12 22:30:07 --> Undefined array key "merk"
#0 C:\Users\Alam\Downloads\rev\app\Views\Admin\Inventaris\Index.php(86): CodeIgniter\Debug\Exceptions->errorHandler(2, 'Undefined array...', 'C:\\Users\\Alam\\D...', 86)
#1 C:\Users\Alam\Downloads\rev\system\View\View.php(210): include('C:\\Users\\Alam\\D...')
#2 C:\Users\Alam\Downloads\rev\system\View\View.php(213): CodeIgniter\View\View->CodeIgniter\View\{closure}()
#3 C:\Users\Alam\Downloads\rev\system\Common.php(1089): CodeIgniter\View\View->render('Admin/Inventari...', Array, true)
#4 C:\Users\Alam\Downloads\rev\app\Controllers\Admin.php(453): view('Admin/Inventari...', Array)
#5 C:\Users\Alam\Downloads\rev\system\CodeIgniter.php(832): App\Controllers\Admin->adm_inventaris()
#6 C:\Users\Alam\Downloads\rev\system\CodeIgniter.php(419): CodeIgniter\CodeIgniter->runController(Object(App\Controllers\Admin))
#7 C:\Users\Alam\Downloads\rev\system\CodeIgniter.php(326): CodeIgniter\CodeIgniter->handleRequest(NULL, Object(Config\Cache), false)
#8 C:\Users\Alam\Downloads\rev\public\index.php(37): CodeIgniter\CodeIgniter->run()
#9 C:\Users\Alam\Downloads\rev\system\Commands\Server\rewrite.php(43): require_once('C:\\Users\\Alam\\D...')
#10 {main}
CRITICAL - 2024-02-12 22:30:47 --> Undefined property: stdClass::$merk
#0 C:\Users\Alam\Downloads\rev\app\Views\Admin\Inventaris\Detail_inv.php(37): CodeIgniter\Debug\Exceptions->errorHandler(2, 'Undefined prope...', 'C:\\Users\\Alam\\D...', 37)
#1 C:\Users\Alam\Downloads\rev\system\View\View.php(210): include('C:\\Users\\Alam\\D...')
#2 C:\Users\Alam\Downloads\rev\system\View\View.php(213): CodeIgniter\View\View->CodeIgniter\View\{closure}()
#3 C:\Users\Alam\Downloads\rev\system\Common.php(1089): CodeIgniter\View\View->render('Admin/Inventari...', Array, true)
#4 C:\Users\Alam\Downloads\rev\app\Controllers\Admin.php(1041): view('Admin/Inventari...', Array)
#5 C:\Users\Alam\Downloads\rev\system\CodeIgniter.php(832): App\Controllers\Admin->detail_inv('KD-202402100943...')
#6 C:\Users\Alam\Downloads\rev\system\CodeIgniter.php(419): CodeIgniter\CodeIgniter->runController(Object(App\Controllers\Admin))
#7 C:\Users\Alam\Downloads\rev\system\CodeIgniter.php(326): CodeIgniter\CodeIgniter->handleRequest(NULL, Object(Config\Cache), false)
#8 C:\Users\Alam\Downloads\rev\public\index.php(37): CodeIgniter\CodeIgniter->run()
#9 C:\Users\Alam\Downloads\rev\system\Commands\Server\rewrite.php(43): require_once('C:\\Users\\Alam\\D...')
#10 {main}
ERROR - 2024-02-12 22:31:11 --> You have an error in your SQL syntax; check the manual that corresponds to your MariaDB server version for the right syntax to use near ')barang.merk
FROM `inventaris`
JOIN `master_barang` ON `master_barang`.`kode_...' at line 1
CRITICAL - 2024-02-12 22:31:11 --> You have an error in your SQL syntax; check the manual that corresponds to your MariaDB server version for the right syntax to use near ')barang.merk
FROM `inventaris`
JOIN `master_barang` ON `master_barang`.`kode_...' at line 1
#0 C:\Users\Alam\Downloads\rev\system\Database\MySQLi\Connection.php(292): mysqli->query('SELECT `inventa...', 0)
#1 C:\Users\Alam\Downloads\rev\system\Database\BaseConnection.php(670): CodeIgniter\Database\MySQLi\Connection->execute('SELECT `inventa...')
#2 C:\Users\Alam\Downloads\rev\system\Database\BaseConnection.php(598): CodeIgniter\Database\BaseConnection->simpleQuery('SELECT `inventa...')
#3 C:\Users\Alam\Downloads\rev\system\Database\BaseBuilder.php(1455): CodeIgniter\Database\BaseConnection->query('SELECT `inventa...', Array, false)
#4 C:\Users\Alam\Downloads\rev\app\Controllers\Admin.php(1034): CodeIgniter\Database\BaseBuilder->get()
#5 C:\Users\Alam\Downloads\rev\system\CodeIgniter.php(832): App\Controllers\Admin->detail_inv('KD-202402100943...')
#6 C:\Users\Alam\Downloads\rev\system\CodeIgniter.php(419): CodeIgniter\CodeIgniter->runController(Object(App\Controllers\Admin))
#7 C:\Users\Alam\Downloads\rev\system\CodeIgniter.php(326): CodeIgniter\CodeIgniter->handleRequest(NULL, Object(Config\Cache), false)
#8 C:\Users\Alam\Downloads\rev\public\index.php(37): CodeIgniter\CodeIgniter->run()
#9 C:\Users\Alam\Downloads\rev\system\Commands\Server\rewrite.php(43): require_once('C:\\Users\\Alam\\D...')
#10 {main}
CRITICAL - 2024-02-12 22:40:15 --> Undefined variable $barang
#0 C:\Users\Alam\Downloads\rev\app\Views\Admin\Inventaris\Edit_barang.php(52): CodeIgniter\Debug\Exceptions->errorHandler(2, 'Undefined varia...', 'C:\\Users\\Alam\\D...', 52)
#1 C:\Users\Alam\Downloads\rev\system\View\View.php(210): include('C:\\Users\\Alam\\D...')
#2 C:\Users\Alam\Downloads\rev\system\View\View.php(213): CodeIgniter\View\View->CodeIgniter\View\{closure}()
#3 C:\Users\Alam\Downloads\rev\system\Common.php(1089): CodeIgniter\View\View->render('Admin/Inventari...', Array, true)
#4 C:\Users\Alam\Downloads\rev\app\Controllers\Admin.php(891): view('Admin/Inventari...', Array)
#5 C:\Users\Alam\Downloads\rev\system\CodeIgniter.php(832): App\Controllers\Admin->ubah('KD-202402100943...')
#6 C:\Users\Alam\Downloads\rev\system\CodeIgniter.php(419): CodeIgniter\CodeIgniter->runController(Object(App\Controllers\Admin))
#7 C:\Users\Alam\Downloads\rev\system\CodeIgniter.php(326): CodeIgniter\CodeIgniter->handleRequest(NULL, Object(Config\Cache), false)
#8 C:\Users\Alam\Downloads\rev\public\index.php(37): CodeIgniter\CodeIgniter->run()
#9 C:\Users\Alam\Downloads\rev\system\Commands\Server\rewrite.php(43): require_once('C:\\Users\\Alam\\D...')
#10 {main}
CRITICAL - 2024-02-12 22:43:22 --> Undefined variable $barang
#0 C:\Users\Alam\Downloads\rev\app\Views\Admin\Inventaris\Tambah_barang.php(42): CodeIgniter\Debug\Exceptions->errorHandler(2, 'Undefined varia...', 'C:\\Users\\Alam\\D...', 42)
#1 C:\Users\Alam\Downloads\rev\system\View\View.php(210): include('C:\\Users\\Alam\\D...')
#2 C:\Users\Alam\Downloads\rev\system\View\View.php(213): CodeIgniter\View\View->CodeIgniter\View\{closure}()
#3 C:\Users\Alam\Downloads\rev\system\Common.php(1089): CodeIgniter\View\View->render('Admin/Inventari...', Array, true)
#4 C:\Users\Alam\Downloads\rev\app\Controllers\Admin.php(616): view('Admin/Inventari...', Array)
#5 C:\Users\Alam\Downloads\rev\system\CodeIgniter.php(832): App\Controllers\Admin->tambah_inv()
#6 C:\Users\Alam\Downloads\rev\system\CodeIgniter.php(419): CodeIgniter\CodeIgniter->runController(Object(App\Controllers\Admin))
#7 C:\Users\Alam\Downloads\rev\system\CodeIgniter.php(326): CodeIgniter\CodeIgniter->handleRequest(NULL, Object(Config\Cache), false)
#8 C:\Users\Alam\Downloads\rev\public\index.php(37): CodeIgniter\CodeIgniter->run()
#9 C:\Users\Alam\Downloads\rev\system\Commands\Server\rewrite.php(43): require_once('C:\\Users\\Alam\\D...')
#10 {main}
CRITICAL - 2024-02-12 22:48:26 --> Undefined array key "merk"
#0 C:\Users\Alam\Downloads\rev\app\Views\Admin\Laporan\Lap_barang.php(127): CodeIgniter\Debug\Exceptions->errorHandler(2, 'Undefined array...', 'C:\\Users\\Alam\\D...', 127)
#1 C:\Users\Alam\Downloads\rev\system\View\View.php(210): include('C:\\Users\\Alam\\D...')
#2 C:\Users\Alam\Downloads\rev\system\View\View.php(213): CodeIgniter\View\View->CodeIgniter\View\{closure}()
#3 C:\Users\Alam\Downloads\rev\system\Common.php(1089): CodeIgniter\View\View->render('Admin/Laporan/L...', Array, true)
#4 C:\Users\Alam\Downloads\rev\app\Controllers\Admin.php(2460): view('Admin/Laporan/L...', Array)
#5 C:\Users\Alam\Downloads\rev\system\CodeIgniter.php(832): App\Controllers\Admin->cetakDataBarang()
#6 C:\Users\Alam\Downloads\rev\system\CodeIgniter.php(419): CodeIgniter\CodeIgniter->runController(Object(App\Controllers\Admin))
#7 C:\Users\Alam\Downloads\rev\system\CodeIgniter.php(326): CodeIgniter\CodeIgniter->handleRequest(NULL, Object(Config\Cache), false)
#8 C:\Users\Alam\Downloads\rev\public\index.php(37): CodeIgniter\CodeIgniter->run()
#9 C:\Users\Alam\Downloads\rev\system\Commands\Server\rewrite.php(43): require_once('C:\\Users\\Alam\\D...')
#10 {main}
CRITICAL - 2024-02-12 22:48:54 --> Undefined array key "merk"
#0 C:\Users\Alam\Downloads\rev\app\Views\Admin\Laporan\Lap_barang.php(127): CodeIgniter\Debug\Exceptions->errorHandler(2, 'Undefined array...', 'C:\\Users\\Alam\\D...', 127)
#1 C:\Users\Alam\Downloads\rev\system\View\View.php(210): include('C:\\Users\\Alam\\D...')
#2 C:\Users\Alam\Downloads\rev\system\View\View.php(213): CodeIgniter\View\View->CodeIgniter\View\{closure}()
#3 C:\Users\Alam\Downloads\rev\system\Common.php(1089): CodeIgniter\View\View->render('Admin/Laporan/L...', Array, true)
#4 C:\Users\Alam\Downloads\rev\app\Controllers\Admin.php(2460): view('Admin/Laporan/L...', Array)
#5 C:\Users\Alam\Downloads\rev\system\CodeIgniter.php(832): App\Controllers\Admin->cetakDataBarang()
#6 C:\Users\Alam\Downloads\rev\system\CodeIgniter.php(419): CodeIgniter\CodeIgniter->runController(Object(App\Controllers\Admin))
#7 C:\Users\Alam\Downloads\rev\system\CodeIgniter.php(326): CodeIgniter\CodeIgniter->handleRequest(NULL, Object(Config\Cache), false)
#8 C:\Users\Alam\Downloads\rev\public\index.php(37): CodeIgniter\CodeIgniter->run()
#9 C:\Users\Alam\Downloads\rev\system\Commands\Server\rewrite.php(43): require_once('C:\\Users\\Alam\\D...')
#10 {main}
ERROR - 2024-02-12 22:50:31 --> Unknown column 'barang.merk' in 'field list'
CRITICAL - 2024-02-12 22:50:31 --> Unknown column 'barang.merk' in 'field list'
#0 C:\Users\Alam\Downloads\rev\system\Database\MySQLi\Connection.php(292): mysqli->query('SELECT `detail_...', 0)
#1 C:\Users\Alam\Downloads\rev\system\Database\BaseConnection.php(670): CodeIgniter\Database\MySQLi\Connection->execute('SELECT `detail_...')
#2 C:\Users\Alam\Downloads\rev\system\Database\BaseConnection.php(598): CodeIgniter\Database\BaseConnection->simpleQuery('SELECT `detail_...')
#3 C:\Users\Alam\Downloads\rev\system\Database\BaseBuilder.php(1455): CodeIgniter\Database\BaseConnection->query('SELECT `detail_...', Array, false)
#4 C:\Users\Alam\Downloads\rev\system\Model.php(183): CodeIgniter\Database\BaseBuilder->get()
#5 C:\Users\Alam\Downloads\rev\system\BaseModel.php(584): CodeIgniter\Model->doFindAll(0, 0)
#6 C:\Users\Alam\Downloads\rev\app\Models\detailPermintaanModel.php(60): CodeIgniter\BaseModel->findAll()
#7 C:\Users\Alam\Downloads\rev\app\Controllers\Admin.php(1626): App\Models\detailPermintaanModel->getPermintaanMasuk()
#8 C:\Users\Alam\Downloads\rev\system\CodeIgniter.php(832): App\Controllers\Admin->permintaan_masuk()
#9 C:\Users\Alam\Downloads\rev\system\CodeIgniter.php(419): CodeIgniter\CodeIgniter->runController(Object(App\Controllers\Admin))
#10 C:\Users\Alam\Downloads\rev\system\CodeIgniter.php(326): CodeIgniter\CodeIgniter->handleRequest(NULL, Object(Config\Cache), false)
#11 C:\Users\Alam\Downloads\rev\public\index.php(37): CodeIgniter\CodeIgniter->run()
#12 C:\Users\Alam\Downloads\rev\system\Commands\Server\rewrite.php(43): require_once('C:\\Users\\Alam\\D...')
#13 {main}
CRITICAL - 2024-02-12 22:56:58 --> Undefined array key "nama_barang"
#0 C:\Users\Alam\Downloads\rev\app\Views\Admin\Master_barang\Detail_brg.php(59): CodeIgniter\Debug\Exceptions->errorHandler(2, 'Undefined array...', 'C:\\Users\\Alam\\D...', 59)
#1 C:\Users\Alam\Downloads\rev\system\View\View.php(210): include('C:\\Users\\Alam\\D...')
#2 C:\Users\Alam\Downloads\rev\system\View\View.php(213): CodeIgniter\View\View->CodeIgniter\View\{closure}()
#3 C:\Users\Alam\Downloads\rev\system\Common.php(1089): CodeIgniter\View\View->render('Admin/Master_ba...', Array, true)
#4 C:\Users\Alam\Downloads\rev\app\Controllers\Admin.php(407): view('Admin/Master_ba...', Array)
#5 C:\Users\Alam\Downloads\rev\system\CodeIgniter.php(832): App\Controllers\Admin->detail_master_brg('inv-20240205407')
#6 C:\Users\Alam\Downloads\rev\system\CodeIgniter.php(419): CodeIgniter\CodeIgniter->runController(Object(App\Controllers\Admin))
#7 C:\Users\Alam\Downloads\rev\system\CodeIgniter.php(326): CodeIgniter\CodeIgniter->handleRequest(NULL, Object(Config\Cache), false)
#8 C:\Users\Alam\Downloads\rev\public\index.php(37): CodeIgniter\CodeIgniter->run()
#9 C:\Users\Alam\Downloads\rev\system\Commands\Server\rewrite.php(43): require_once('C:\\Users\\Alam\\D...')
#10 {main}
CRITICAL - 2024-02-12 22:58:31 --> Undefined array key "merk"
#0 C:\Users\Alam\Downloads\rev\app\Views\Pegawai\Inventaris\Index.php(82): CodeIgniter\Debug\Exceptions->errorHandler(2, 'Undefined array...', 'C:\\Users\\Alam\\D...', 82)
#1 C:\Users\Alam\Downloads\rev\system\View\View.php(210): include('C:\\Users\\Alam\\D...')
#2 C:\Users\Alam\Downloads\rev\system\View\View.php(213): CodeIgniter\View\View->CodeIgniter\View\{closure}()
#3 C:\Users\Alam\Downloads\rev\system\Common.php(1089): CodeIgniter\View\View->render('Pegawai/Inventa...', Array, true)
#4 C:\Users\Alam\Downloads\rev\app\Controllers\Pegawai.php(625): view('Pegawai/Inventa...', Array)
#5 C:\Users\Alam\Downloads\rev\system\CodeIgniter.php(832): App\Controllers\Pegawai->inventaris()
#6 C:\Users\Alam\Downloads\rev\system\CodeIgniter.php(419): CodeIgniter\CodeIgniter->runController(Object(App\Controllers\Pegawai))
#7 C:\Users\Alam\Downloads\rev\system\CodeIgniter.php(326): CodeIgniter\CodeIgniter->handleRequest(NULL, Object(Config\Cache), false)
#8 C:\Users\Alam\Downloads\rev\public\index.php(37): CodeIgniter\CodeIgniter->run()
#9 C:\Users\Alam\Downloads\rev\system\Commands\Server\rewrite.php(43): require_once('C:\\Users\\Alam\\D...')
#10 {main}
CRITICAL - 2024-02-12 22:59:53 --> Undefined array key "merk"
#0 C:\Users\Alam\Downloads\rev\app\Views\Pegawai\Permintaan_barang\Tambah_permintaan.php(50): CodeIgniter\Debug\Exceptions->errorHandler(2, 'Undefined array...', 'C:\\Users\\Alam\\D...', 50)
#1 C:\Users\Alam\Downloads\rev\system\View\View.php(210): include('C:\\Users\\Alam\\D...')
#2 C:\Users\Alam\Downloads\rev\system\View\View.php(213): CodeIgniter\View\View->CodeIgniter\View\{closure}()
#3 C:\Users\Alam\Downloads\rev\system\Common.php(1089): CodeIgniter\View\View->render('Pegawai/Permint...', Array, true)
#4 C:\Users\Alam\Downloads\rev\app\Controllers\Pegawai.php(327): view('Pegawai/Permint...', Array)
#5 C:\Users\Alam\Downloads\rev\system\CodeIgniter.php(832): App\Controllers\Pegawai->tambah_permintaan()
#6 C:\Users\Alam\Downloads\rev\system\CodeIgniter.php(419): CodeIgniter\CodeIgniter->runController(Object(App\Controllers\Pegawai))
#7 C:\Users\Alam\Downloads\rev\system\CodeIgniter.php(326): CodeIgniter\CodeIgniter->handleRequest(NULL, Object(Config\Cache), false)
#8 C:\Users\Alam\Downloads\rev\public\index.php(37): CodeIgniter\CodeIgniter->run()
#9 C:\Users\Alam\Downloads\rev\system\Commands\Server\rewrite.php(43): require_once('C:\\Users\\Alam\\D...')
#10 {main}
