CRITICAL - 2024-09-30 19:33:18 --> Invalid file: data_balita/search_results.php
#0 C:\Users\ganda\Documents\GitHub\e-Posyandu\system\View\View.php(198): CodeIgniter\Exceptions\FrameworkException::forInvalidFile('data_balita/sea...')
#1 C:\Users\ganda\Documents\GitHub\e-Posyandu\system\Common.php(1089): CodeIgniter\View\View->render('data_balita/sea...', Array, true)
#2 C:\Users\ganda\Documents\GitHub\e-Posyandu\app\Controllers\Home.php(100): view('data_balita/sea...', Array)
#3 C:\Users\ganda\Documents\GitHub\e-Posyandu\system\CodeIgniter.php(832): App\Controllers\Home->search()
#4 C:\Users\ganda\Documents\GitHub\e-Posyandu\system\CodeIgniter.php(419): CodeIgniter\CodeIgniter->runController(Object(App\Controllers\Home))
#5 C:\Users\ganda\Documents\GitHub\e-Posyandu\system\CodeIgniter.php(326): CodeIgniter\CodeIgniter->handleRequest(NULL, Object(Config\Cache), false)
#6 C:\Users\ganda\Documents\GitHub\e-Posyandu\public\index.php(37): CodeIgniter\CodeIgniter->run()
#7 C:\Users\ganda\Documents\GitHub\e-Posyandu\system\Commands\Server\rewrite.php(43): require_once('C:\\Users\\ganda\\...')
#8 {main}
CRITICAL - 2024-09-30 19:33:27 --> Invalid file: data_balita/search_results.php
#0 C:\Users\ganda\Documents\GitHub\e-Posyandu\system\View\View.php(198): CodeIgniter\Exceptions\FrameworkException::forInvalidFile('data_balita/sea...')
#1 C:\Users\ganda\Documents\GitHub\e-Posyandu\system\Common.php(1089): CodeIgniter\View\View->render('data_balita/sea...', Array, true)
#2 C:\Users\ganda\Documents\GitHub\e-Posyandu\app\Controllers\Home.php(100): view('data_balita/sea...', Array)
#3 C:\Users\ganda\Documents\GitHub\e-Posyandu\system\CodeIgniter.php(832): App\Controllers\Home->search()
#4 C:\Users\ganda\Documents\GitHub\e-Posyandu\system\CodeIgniter.php(419): CodeIgniter\CodeIgniter->runController(Object(App\Controllers\Home))
#5 C:\Users\ganda\Documents\GitHub\e-Posyandu\system\CodeIgniter.php(326): CodeIgniter\CodeIgniter->handleRequest(NULL, Object(Config\Cache), false)
#6 C:\Users\ganda\Documents\GitHub\e-Posyandu\public\index.php(37): CodeIgniter\CodeIgniter->run()
#7 C:\Users\ganda\Documents\GitHub\e-Posyandu\system\Commands\Server\rewrite.php(43): require_once('C:\\Users\\ganda\\...')
#8 {main}
CRITICAL - 2024-09-30 19:54:16 --> Maximum execution time of 60 seconds exceeded
#0 [internal function]: CodeIgniter\Debug\Exceptions->shutdownHandler()
#1 {main}
CRITICAL - 2024-09-30 22:12:53 --> Invalid file: admin/jenis_imunisasi/edit.php
#0 C:\Users\ganda\Documents\GitHub\e-Posyandu\system\View\View.php(198): CodeIgniter\Exceptions\FrameworkException::forInvalidFile('admin/jenis_imu...')
#1 C:\Users\ganda\Documents\GitHub\e-Posyandu\system\Common.php(1089): CodeIgniter\View\View->render('admin/jenis_imu...', Array, true)
#2 C:\Users\ganda\Documents\GitHub\e-Posyandu\app\Controllers\Admin.php(2376): view('admin/jenis_imu...', Array)
#3 C:\Users\ganda\Documents\GitHub\e-Posyandu\system\CodeIgniter.php(832): App\Controllers\Admin->editJenisImun('2')
#4 C:\Users\ganda\Documents\GitHub\e-Posyandu\system\CodeIgniter.php(419): CodeIgniter\CodeIgniter->runController(Object(App\Controllers\Admin))
#5 C:\Users\ganda\Documents\GitHub\e-Posyandu\system\CodeIgniter.php(326): CodeIgniter\CodeIgniter->handleRequest(NULL, Object(Config\Cache), false)
#6 C:\Users\ganda\Documents\GitHub\e-Posyandu\public\index.php(37): CodeIgniter\CodeIgniter->run()
#7 C:\Users\ganda\Documents\GitHub\e-Posyandu\system\Commands\Server\rewrite.php(43): require_once('C:\\Users\\ganda\\...')
#8 {main}
CRITICAL - 2024-09-30 22:27:57 --> Undefined variable: validation
#0 C:\Users\ganda\Documents\GitHub\e-Posyandu\app\Views\Admin\Jenis_imunisasi\Edit.php(18): CodeIgniter\Debug\Exceptions->errorHandler(8, 'Undefined varia...', 'C:\\Users\\ganda\\...', 18, Array)
#1 C:\Users\ganda\Documents\GitHub\e-Posyandu\system\View\View.php(210): include('C:\\Users\\ganda\\...')
#2 C:\Users\ganda\Documents\GitHub\e-Posyandu\system\View\View.php(213): CodeIgniter\View\View->CodeIgniter\View\{closure}()
#3 C:\Users\ganda\Documents\GitHub\e-Posyandu\system\Common.php(1089): CodeIgniter\View\View->render('admin/jenis_imu...', Array, true)
#4 C:\Users\ganda\Documents\GitHub\e-Posyandu\app\Controllers\Admin.php(2382): view('admin/jenis_imu...', Array)
#5 C:\Users\ganda\Documents\GitHub\e-Posyandu\system\CodeIgniter.php(832): App\Controllers\Admin->editJenisImun('16')
#6 C:\Users\ganda\Documents\GitHub\e-Posyandu\system\CodeIgniter.php(419): CodeIgniter\CodeIgniter->runController(Object(App\Controllers\Admin))
#7 C:\Users\ganda\Documents\GitHub\e-Posyandu\system\CodeIgniter.php(326): CodeIgniter\CodeIgniter->handleRequest(NULL, Object(Config\Cache), false)
#8 C:\Users\ganda\Documents\GitHub\e-Posyandu\public\index.php(37): CodeIgniter\CodeIgniter->run()
#9 C:\Users\ganda\Documents\GitHub\e-Posyandu\system\Commands\Server\rewrite.php(43): require_once('C:\\Users\\ganda\\...')
#10 {main}
