CRITICAL - 2024-07-01 16:18:35 --> Undefined variable: no
#0 C:\Users\ganda\Documents\GitHub\hera\app\Views\Admin\User\Row.php(2): CodeIgniter\Debug\Exceptions->errorHandler(8, 'Undefined varia...', 'C:\\Users\\ganda\\...', 2, Array)
#1 C:\Users\ganda\Documents\GitHub\hera\system\View\View.php(210): include('C:\\Users\\ganda\\...')
#2 C:\Users\ganda\Documents\GitHub\hera\system\View\View.php(213): CodeIgniter\View\View->CodeIgniter\View\{closure}()
#3 C:\Users\ganda\Documents\GitHub\hera\system\Common.php(1089): CodeIgniter\View\View->render('Admin/User/Row', Array, true)
#4 C:\Users\ganda\Documents\GitHub\hera\app\Controllers\Admin.php(2639): view('Admin/User/Row', Array)
#5 C:\Users\ganda\Documents\GitHub\hera\system\CodeIgniter.php(832): App\Controllers\Admin->kelola_user()
#6 C:\Users\ganda\Documents\GitHub\hera\system\CodeIgniter.php(419): CodeIgniter\CodeIgniter->runController(Object(App\Controllers\Admin))
#7 C:\Users\ganda\Documents\GitHub\hera\system\CodeIgniter.php(326): CodeIgniter\CodeIgniter->handleRequest(NULL, Object(Config\Cache), false)
#8 C:\Users\ganda\Documents\GitHub\hera\public\index.php(37): CodeIgniter\CodeIgniter->run()
#9 C:\Users\ganda\Documents\GitHub\hera\system\Commands\Server\rewrite.php(43): require_once('C:\\Users\\ganda\\...')
#10 {main}
CRITICAL - 2024-07-01 16:27:19 --> Undefined variable: no
#0 C:\Users\ganda\Documents\GitHub\hera\app\Views\Admin\User\Row.php(2): CodeIgniter\Debug\Exceptions->errorHandler(8, 'Undefined varia...', 'C:\\Users\\ganda\\...', 2, Array)
#1 C:\Users\ganda\Documents\GitHub\hera\system\View\View.php(210): include('C:\\Users\\ganda\\...')
#2 C:\Users\ganda\Documents\GitHub\hera\system\View\View.php(213): CodeIgniter\View\View->CodeIgniter\View\{closure}()
#3 C:\Users\ganda\Documents\GitHub\hera\system\Common.php(1089): CodeIgniter\View\View->render('Admin/User/Row', Array, true)
#4 C:\Users\ganda\Documents\GitHub\hera\app\Controllers\Admin.php(2639): view('Admin/User/Row', Array)
#5 C:\Users\ganda\Documents\GitHub\hera\system\CodeIgniter.php(832): App\Controllers\Admin->kelola_user()
#6 C:\Users\ganda\Documents\GitHub\hera\system\CodeIgniter.php(419): CodeIgniter\CodeIgniter->runController(Object(App\Controllers\Admin))
#7 C:\Users\ganda\Documents\GitHub\hera\system\CodeIgniter.php(326): CodeIgniter\CodeIgniter->handleRequest(NULL, Object(Config\Cache), false)
#8 C:\Users\ganda\Documents\GitHub\hera\public\index.php(37): CodeIgniter\CodeIgniter->run()
#9 C:\Users\ganda\Documents\GitHub\hera\system\Commands\Server\rewrite.php(43): require_once('C:\\Users\\ganda\\...')
#10 {main}
CRITICAL - 2024-07-01 16:28:25 --> Undefined variable: no
#0 C:\Users\ganda\Documents\GitHub\hera\app\Views\Admin\User\Row.php(2): CodeIgniter\Debug\Exceptions->errorHandler(8, 'Undefined varia...', 'C:\\Users\\ganda\\...', 2, Array)
#1 C:\Users\ganda\Documents\GitHub\hera\system\View\View.php(210): include('C:\\Users\\ganda\\...')
#2 C:\Users\ganda\Documents\GitHub\hera\system\View\View.php(213): CodeIgniter\View\View->CodeIgniter\View\{closure}()
#3 C:\Users\ganda\Documents\GitHub\hera\system\Common.php(1089): CodeIgniter\View\View->render('Admin/User/Row', Array, true)
#4 C:\Users\ganda\Documents\GitHub\hera\app\Controllers\Admin.php(2640): view('Admin/User/Row', Array)
#5 C:\Users\ganda\Documents\GitHub\hera\system\CodeIgniter.php(832): App\Controllers\Admin->kelola_user()
#6 C:\Users\ganda\Documents\GitHub\hera\system\CodeIgniter.php(419): CodeIgniter\CodeIgniter->runController(Object(App\Controllers\Admin))
#7 C:\Users\ganda\Documents\GitHub\hera\system\CodeIgniter.php(326): CodeIgniter\CodeIgniter->handleRequest(NULL, Object(Config\Cache), false)
#8 C:\Users\ganda\Documents\GitHub\hera\public\index.php(37): CodeIgniter\CodeIgniter->run()
#9 C:\Users\ganda\Documents\GitHub\hera\system\Commands\Server\rewrite.php(43): require_once('C:\\Users\\ganda\\...')
#10 {main}
CRITICAL - 2024-07-01 16:28:29 --> Undefined variable: no
#0 C:\Users\ganda\Documents\GitHub\hera\app\Views\Admin\User\Row.php(2): CodeIgniter\Debug\Exceptions->errorHandler(8, 'Undefined varia...', 'C:\\Users\\ganda\\...', 2, Array)
#1 C:\Users\ganda\Documents\GitHub\hera\system\View\View.php(210): include('C:\\Users\\ganda\\...')
#2 C:\Users\ganda\Documents\GitHub\hera\system\View\View.php(213): CodeIgniter\View\View->CodeIgniter\View\{closure}()
#3 C:\Users\ganda\Documents\GitHub\hera\system\Common.php(1089): CodeIgniter\View\View->render('Admin/User/Row', Array, true)
#4 C:\Users\ganda\Documents\GitHub\hera\app\Controllers\Admin.php(2640): view('Admin/User/Row', Array)
#5 C:\Users\ganda\Documents\GitHub\hera\system\CodeIgniter.php(832): App\Controllers\Admin->kelola_user()
#6 C:\Users\ganda\Documents\GitHub\hera\system\CodeIgniter.php(419): CodeIgniter\CodeIgniter->runController(Object(App\Controllers\Admin))
#7 C:\Users\ganda\Documents\GitHub\hera\system\CodeIgniter.php(326): CodeIgniter\CodeIgniter->handleRequest(NULL, Object(Config\Cache), false)
#8 C:\Users\ganda\Documents\GitHub\hera\public\index.php(37): CodeIgniter\CodeIgniter->run()
#9 C:\Users\ganda\Documents\GitHub\hera\system\Commands\Server\rewrite.php(43): require_once('C:\\Users\\ganda\\...')
#10 {main}
CRITICAL - 2024-07-01 16:28:32 --> Undefined variable: no
#0 C:\Users\ganda\Documents\GitHub\hera\app\Views\Admin\User\Row.php(2): CodeIgniter\Debug\Exceptions->errorHandler(8, 'Undefined varia...', 'C:\\Users\\ganda\\...', 2, Array)
#1 C:\Users\ganda\Documents\GitHub\hera\system\View\View.php(210): include('C:\\Users\\ganda\\...')
#2 C:\Users\ganda\Documents\GitHub\hera\system\View\View.php(213): CodeIgniter\View\View->CodeIgniter\View\{closure}()
#3 C:\Users\ganda\Documents\GitHub\hera\system\Common.php(1089): CodeIgniter\View\View->render('Admin/User/Row', Array, true)
#4 C:\Users\ganda\Documents\GitHub\hera\app\Controllers\Admin.php(2640): view('Admin/User/Row', Array)
#5 C:\Users\ganda\Documents\GitHub\hera\system\CodeIgniter.php(832): App\Controllers\Admin->kelola_user()
#6 C:\Users\ganda\Documents\GitHub\hera\system\CodeIgniter.php(419): CodeIgniter\CodeIgniter->runController(Object(App\Controllers\Admin))
#7 C:\Users\ganda\Documents\GitHub\hera\system\CodeIgniter.php(326): CodeIgniter\CodeIgniter->handleRequest(NULL, Object(Config\Cache), false)
#8 C:\Users\ganda\Documents\GitHub\hera\public\index.php(37): CodeIgniter\CodeIgniter->run()
#9 C:\Users\ganda\Documents\GitHub\hera\system\Commands\Server\rewrite.php(43): require_once('C:\\Users\\ganda\\...')
#10 {main}
ERROR - 2024-07-01 16:55:26 --> Unknown column 'kategori' in 'where clause'
CRITICAL - 2024-07-01 16:55:26 --> Unknown column 'kategori' in 'where clause'
#0 C:\Users\ganda\Documents\GitHub\hera\system\Database\MySQLi\Connection.php(292): mysqli->query('SELECT SUM(`jum...', 0)
#1 C:\Users\ganda\Documents\GitHub\hera\system\Database\BaseConnection.php(670): CodeIgniter\Database\MySQLi\Connection->execute('SELECT SUM(`jum...')
#2 C:\Users\ganda\Documents\GitHub\hera\system\Database\BaseConnection.php(598): CodeIgniter\Database\BaseConnection->simpleQuery('SELECT SUM(`jum...')
#3 C:\Users\ganda\Documents\GitHub\hera\system\Database\BaseBuilder.php(1455): CodeIgniter\Database\BaseConnection->query('SELECT SUM(`jum...', Array, false)
#4 C:\Users\ganda\Documents\GitHub\hera\system\Model.php(210): CodeIgniter\Database\BaseBuilder->get()
#5 C:\Users\ganda\Documents\GitHub\hera\system\BaseModel.php(622): CodeIgniter\Model->doFirst()
#6 C:\Users\ganda\Documents\GitHub\hera\app\Controllers\Admin.php(2283): CodeIgniter\BaseModel->first()
#7 C:\Users\ganda\Documents\GitHub\hera\system\CodeIgniter.php(832): App\Controllers\Admin->cetakArusKas()
#8 C:\Users\ganda\Documents\GitHub\hera\system\CodeIgniter.php(419): CodeIgniter\CodeIgniter->runController(Object(App\Controllers\Admin))
#9 C:\Users\ganda\Documents\GitHub\hera\system\CodeIgniter.php(326): CodeIgniter\CodeIgniter->handleRequest(NULL, Object(Config\Cache), false)
#10 C:\Users\ganda\Documents\GitHub\hera\public\index.php(37): CodeIgniter\CodeIgniter->run()
#11 C:\Users\ganda\Documents\GitHub\hera\system\Commands\Server\rewrite.php(43): require_once('C:\\Users\\ganda\\...')
#12 {main}
