CRITICAL - 2024-06-23 00:01:50 --> Trying to get property 'fullname' of non-object
#0 C:\Users\ganda\Documents\GitHub\hera\app\Views\Admin\Templates\Topbar.php(51): CodeIgniter\Debug\Exceptions->errorHandler(8, 'Trying to get p...', 'C:\\Users\\ganda\\...', 51, Array)
#1 C:\Users\ganda\Documents\GitHub\hera\system\View\View.php(210): include('C:\\Users\\ganda\\...')
#2 C:\Users\ganda\Documents\GitHub\hera\system\View\View.php(213): CodeIgniter\View\View->CodeIgniter\View\{closure}()
#3 C:\Users\ganda\Documents\GitHub\hera\system\View\View.php(424): CodeIgniter\View\View->render('Admin/Templates...', NULL, true)
#4 C:\Users\ganda\Documents\GitHub\hera\app\Views\Admin\Templates\Index.php(129): CodeIgniter\View\View->include('Admin/Templates...')
#5 C:\Users\ganda\Documents\GitHub\hera\system\View\View.php(210): include('C:\\Users\\ganda\\...')
#6 C:\Users\ganda\Documents\GitHub\hera\system\View\View.php(213): CodeIgniter\View\View->CodeIgniter\View\{closure}()
#7 C:\Users\ganda\Documents\GitHub\hera\system\View\View.php(226): CodeIgniter\View\View->render('Admin/Templates...', Array, true)
#8 C:\Users\ganda\Documents\GitHub\hera\system\Common.php(1089): CodeIgniter\View\View->render('Admin/Piutang/I...', Array, true)
#9 C:\Users\ganda\Documents\GitHub\hera\app\Controllers\PenjualanBarangCont.php(926): view('Admin/Piutang/I...', Array)
#10 C:\Users\ganda\Documents\GitHub\hera\system\CodeIgniter.php(832): App\Controllers\PenjualanBarangCont->piutang()
#11 C:\Users\ganda\Documents\GitHub\hera\system\CodeIgniter.php(419): CodeIgniter\CodeIgniter->runController(Object(App\Controllers\PenjualanBarangCont))
#12 C:\Users\ganda\Documents\GitHub\hera\system\CodeIgniter.php(326): CodeIgniter\CodeIgniter->handleRequest(NULL, Object(Config\Cache), false)
#13 C:\Users\ganda\Documents\GitHub\hera\public\index.php(37): CodeIgniter\CodeIgniter->run()
#14 C:\Users\ganda\Documents\GitHub\hera\system\Commands\Server\rewrite.php(43): require_once('C:\\Users\\ganda\\...')
#15 {main}
CRITICAL - 2024-06-23 00:13:04 --> Undefined variable: title
#0 C:\Users\ganda\Documents\GitHub\hera\app\Views\Auth\Templates\Index.php(12): CodeIgniter\Debug\Exceptions->errorHandler(8, 'Undefined varia...', 'C:\\Users\\ganda\\...', 12, Array)
#1 C:\Users\ganda\Documents\GitHub\hera\system\View\View.php(210): include('C:\\Users\\ganda\\...')
#2 C:\Users\ganda\Documents\GitHub\hera\system\View\View.php(213): CodeIgniter\View\View->CodeIgniter\View\{closure}()
#3 C:\Users\ganda\Documents\GitHub\hera\system\View\View.php(226): CodeIgniter\View\View->render('auth/templates/...', Array, true)
#4 C:\Users\ganda\Documents\GitHub\hera\system\Common.php(1089): CodeIgniter\View\View->render('\\App\\Views\\auth...', Array, true)
#5 C:\Users\ganda\Documents\GitHub\hera\vendor\myth\auth\src\Controllers\AuthController.php(412): view('\\App\\Views\\auth...', Array)
#6 C:\Users\ganda\Documents\GitHub\hera\vendor\myth\auth\src\Controllers\AuthController.php(133): Myth\Auth\Controllers\AuthController->_render('\\App\\Views\\auth...', Array)
#7 C:\Users\ganda\Documents\GitHub\hera\system\CodeIgniter.php(832): Myth\Auth\Controllers\AuthController->register()
#8 C:\Users\ganda\Documents\GitHub\hera\system\CodeIgniter.php(419): CodeIgniter\CodeIgniter->runController(Object(Myth\Auth\Controllers\AuthController))
#9 C:\Users\ganda\Documents\GitHub\hera\system\CodeIgniter.php(326): CodeIgniter\CodeIgniter->handleRequest(NULL, Object(Config\Cache), false)
#10 C:\Users\ganda\Documents\GitHub\hera\public\index.php(37): CodeIgniter\CodeIgniter->run()
#11 C:\Users\ganda\Documents\GitHub\hera\system\Commands\Server\rewrite.php(43): require_once('C:\\Users\\ganda\\...')
#12 {main}
CRITICAL - 2024-06-23 00:15:01 --> Undefined variable: title
#0 C:\Users\ganda\Documents\GitHub\hera\app\Views\Auth\Templates\Index.php(12): CodeIgniter\Debug\Exceptions->errorHandler(8, 'Undefined varia...', 'C:\\Users\\ganda\\...', 12, Array)
#1 C:\Users\ganda\Documents\GitHub\hera\system\View\View.php(210): include('C:\\Users\\ganda\\...')
#2 C:\Users\ganda\Documents\GitHub\hera\system\View\View.php(213): CodeIgniter\View\View->CodeIgniter\View\{closure}()
#3 C:\Users\ganda\Documents\GitHub\hera\system\View\View.php(226): CodeIgniter\View\View->render('auth/templates/...', Array, true)
#4 C:\Users\ganda\Documents\GitHub\hera\system\Common.php(1089): CodeIgniter\View\View->render('\\App\\Views\\auth...', Array, true)
#5 C:\Users\ganda\Documents\GitHub\hera\vendor\myth\auth\src\Controllers\AuthController.php(412): view('\\App\\Views\\auth...', Array)
#6 C:\Users\ganda\Documents\GitHub\hera\vendor\myth\auth\src\Controllers\AuthController.php(133): Myth\Auth\Controllers\AuthController->_render('\\App\\Views\\auth...', Array)
#7 C:\Users\ganda\Documents\GitHub\hera\system\CodeIgniter.php(832): Myth\Auth\Controllers\AuthController->register()
#8 C:\Users\ganda\Documents\GitHub\hera\system\CodeIgniter.php(419): CodeIgniter\CodeIgniter->runController(Object(Myth\Auth\Controllers\AuthController))
#9 C:\Users\ganda\Documents\GitHub\hera\system\CodeIgniter.php(326): CodeIgniter\CodeIgniter->handleRequest(NULL, Object(Config\Cache), false)
#10 C:\Users\ganda\Documents\GitHub\hera\public\index.php(37): CodeIgniter\CodeIgniter->run()
#11 C:\Users\ganda\Documents\GitHub\hera\system\Commands\Server\rewrite.php(43): require_once('C:\\Users\\ganda\\...')
#12 {main}
CRITICAL - 2024-06-23 00:32:46 --> auth/reset route cannot be found while reverse-routing.
#0 C:\Users\ganda\Documents\GitHub\hera\system\Helpers\url_helper.php(538): CodeIgniter\Router\Exceptions\RouterException::forInvalidRoute('auth/reset')
#1 C:\Users\ganda\Documents\GitHub\hera\app\Views\Auth\Login.php(86): url_to('auth/reset')
#2 C:\Users\ganda\Documents\GitHub\hera\system\View\View.php(210): include('C:\\Users\\ganda\\...')
#3 C:\Users\ganda\Documents\GitHub\hera\system\View\View.php(213): CodeIgniter\View\View->CodeIgniter\View\{closure}()
#4 C:\Users\ganda\Documents\GitHub\hera\system\Common.php(1089): CodeIgniter\View\View->render('\\App\\Views\\auth...', Array, true)
#5 C:\Users\ganda\Documents\GitHub\hera\vendor\myth\auth\src\Controllers\AuthController.php(412): view('\\App\\Views\\auth...', Array)
#6 C:\Users\ganda\Documents\GitHub\hera\vendor\myth\auth\src\Controllers\AuthController.php(58): Myth\Auth\Controllers\AuthController->_render('\\App\\Views\\auth...', Array)
#7 C:\Users\ganda\Documents\GitHub\hera\system\CodeIgniter.php(832): Myth\Auth\Controllers\AuthController->login()
#8 C:\Users\ganda\Documents\GitHub\hera\system\CodeIgniter.php(419): CodeIgniter\CodeIgniter->runController(Object(Myth\Auth\Controllers\AuthController))
#9 C:\Users\ganda\Documents\GitHub\hera\system\CodeIgniter.php(326): CodeIgniter\CodeIgniter->handleRequest(NULL, Object(Config\Cache), false)
#10 C:\Users\ganda\Documents\GitHub\hera\public\index.php(37): CodeIgniter\CodeIgniter->run()
#11 C:\Users\ganda\Documents\GitHub\hera\system\Commands\Server\rewrite.php(43): require_once('C:\\Users\\ganda\\...')
#12 {main}
ERROR - 2024-06-23 13:08:55 --> Unknown column 'penjualan_barang.id_penjualan_barang' in 'order clause'
CRITICAL - 2024-06-23 13:08:55 --> Unknown column 'penjualan_barang.id_penjualan_barang' in 'order clause'
#0 C:\Users\ganda\Documents\GitHub\hera\system\Database\MySQLi\Connection.php(292): mysqli->query('SELECT `penjual...', 0)
#1 C:\Users\ganda\Documents\GitHub\hera\system\Database\BaseConnection.php(670): CodeIgniter\Database\MySQLi\Connection->execute('SELECT `penjual...')
#2 C:\Users\ganda\Documents\GitHub\hera\system\Database\BaseConnection.php(598): CodeIgniter\Database\BaseConnection->simpleQuery('SELECT `penjual...')
#3 C:\Users\ganda\Documents\GitHub\hera\system\Database\BaseBuilder.php(1455): CodeIgniter\Database\BaseConnection->query('SELECT `penjual...', Array, false)
#4 C:\Users\ganda\Documents\GitHub\hera\system\Model.php(183): CodeIgniter\Database\BaseBuilder->get()
#5 C:\Users\ganda\Documents\GitHub\hera\system\BaseModel.php(584): CodeIgniter\Model->doFindAll(0, 0)
#6 C:\Users\ganda\Documents\GitHub\hera\app\Controllers\PenjualanBarangCont.php(75): CodeIgniter\BaseModel->findAll()
#7 C:\Users\ganda\Documents\GitHub\hera\system\CodeIgniter.php(832): App\Controllers\PenjualanBarangCont->index()
#8 C:\Users\ganda\Documents\GitHub\hera\system\CodeIgniter.php(419): CodeIgniter\CodeIgniter->runController(Object(App\Controllers\PenjualanBarangCont))
#9 C:\Users\ganda\Documents\GitHub\hera\system\CodeIgniter.php(326): CodeIgniter\CodeIgniter->handleRequest(NULL, Object(Config\Cache), false)
#10 C:\Users\ganda\Documents\GitHub\hera\public\index.php(37): CodeIgniter\CodeIgniter->run()
#11 C:\Users\ganda\Documents\GitHub\hera\system\Commands\Server\rewrite.php(43): require_once('C:\\Users\\ganda\\...')
#12 {main}
CRITICAL - 2024-06-23 13:23:43 --> Call to undefined function format_tanggal()
#0 C:\Users\ganda\Documents\GitHub\hera\system\View\View.php(210): include()
#1 C:\Users\ganda\Documents\GitHub\hera\system\View\View.php(213): CodeIgniter\View\View->CodeIgniter\View\{closure}()
#2 C:\Users\ganda\Documents\GitHub\hera\system\Common.php(1089): CodeIgniter\View\View->render('Admin/Kas/Index', Array, true)
#3 C:\Users\ganda\Documents\GitHub\hera\app\Controllers\Admin.php(3492): view('Admin/Kas/Index', Array)
#4 C:\Users\ganda\Documents\GitHub\hera\system\CodeIgniter.php(832): App\Controllers\Admin->kas()
#5 C:\Users\ganda\Documents\GitHub\hera\system\CodeIgniter.php(419): CodeIgniter\CodeIgniter->runController(Object(App\Controllers\Admin))
#6 C:\Users\ganda\Documents\GitHub\hera\system\CodeIgniter.php(326): CodeIgniter\CodeIgniter->handleRequest(NULL, Object(Config\Cache), false)
#7 C:\Users\ganda\Documents\GitHub\hera\public\index.php(37): CodeIgniter\CodeIgniter->run()
#8 C:\Users\ganda\Documents\GitHub\hera\system\Commands\Server\rewrite.php(43): require_once('C:\\Users\\ganda\\...')
#9 {main}
CRITICAL - 2024-06-23 13:23:55 --> Call to undefined function format_tanggal()
#0 C:\Users\ganda\Documents\GitHub\hera\system\View\View.php(210): include()
#1 C:\Users\ganda\Documents\GitHub\hera\system\View\View.php(213): CodeIgniter\View\View->CodeIgniter\View\{closure}()
#2 C:\Users\ganda\Documents\GitHub\hera\system\Common.php(1089): CodeIgniter\View\View->render('Admin/Kas/Index', Array, true)
#3 C:\Users\ganda\Documents\GitHub\hera\app\Controllers\Admin.php(3492): view('Admin/Kas/Index', Array)
#4 C:\Users\ganda\Documents\GitHub\hera\system\CodeIgniter.php(832): App\Controllers\Admin->kas()
#5 C:\Users\ganda\Documents\GitHub\hera\system\CodeIgniter.php(419): CodeIgniter\CodeIgniter->runController(Object(App\Controllers\Admin))
#6 C:\Users\ganda\Documents\GitHub\hera\system\CodeIgniter.php(326): CodeIgniter\CodeIgniter->handleRequest(NULL, Object(Config\Cache), false)
#7 C:\Users\ganda\Documents\GitHub\hera\public\index.php(37): CodeIgniter\CodeIgniter->run()
#8 C:\Users\ganda\Documents\GitHub\hera\system\Commands\Server\rewrite.php(43): require_once('C:\\Users\\ganda\\...')
#9 {main}
CRITICAL - 2024-06-23 13:24:24 --> Call to undefined function format_tanggal()
#0 C:\Users\ganda\Documents\GitHub\hera\system\View\View.php(210): include()
#1 C:\Users\ganda\Documents\GitHub\hera\system\View\View.php(213): CodeIgniter\View\View->CodeIgniter\View\{closure}()
#2 C:\Users\ganda\Documents\GitHub\hera\system\Common.php(1089): CodeIgniter\View\View->render('Admin/Kas/Index', Array, true)
#3 C:\Users\ganda\Documents\GitHub\hera\app\Controllers\Admin.php(3492): view('Admin/Kas/Index', Array)
#4 C:\Users\ganda\Documents\GitHub\hera\system\CodeIgniter.php(832): App\Controllers\Admin->kas()
#5 C:\Users\ganda\Documents\GitHub\hera\system\CodeIgniter.php(419): CodeIgniter\CodeIgniter->runController(Object(App\Controllers\Admin))
#6 C:\Users\ganda\Documents\GitHub\hera\system\CodeIgniter.php(326): CodeIgniter\CodeIgniter->handleRequest(NULL, Object(Config\Cache), false)
#7 C:\Users\ganda\Documents\GitHub\hera\public\index.php(37): CodeIgniter\CodeIgniter->run()
#8 C:\Users\ganda\Documents\GitHub\hera\system\Commands\Server\rewrite.php(43): require_once('C:\\Users\\ganda\\...')
#9 {main}
ERROR - 2024-06-23 14:54:22 --> Unknown column 'barang.id_master_barang' in 'on clause'
CRITICAL - 2024-06-23 14:54:22 --> Unknown column 'barang.id_master_barang' in 'on clause'
#0 C:\Users\ganda\Documents\GitHub\hera\system\Database\MySQLi\Connection.php(292): mysqli->query('SELECT `detail_...', 0)
#1 C:\Users\ganda\Documents\GitHub\hera\system\Database\BaseConnection.php(670): CodeIgniter\Database\MySQLi\Connection->execute('SELECT `detail_...')
#2 C:\Users\ganda\Documents\GitHub\hera\system\Database\BaseConnection.php(598): CodeIgniter\Database\BaseConnection->simpleQuery('SELECT `detail_...')
#3 C:\Users\ganda\Documents\GitHub\hera\system\Database\BaseBuilder.php(1455): CodeIgniter\Database\BaseConnection->query('SELECT `detail_...', Array, false)
#4 C:\Users\ganda\Documents\GitHub\hera\system\Model.php(183): CodeIgniter\Database\BaseBuilder->get()
#5 C:\Users\ganda\Documents\GitHub\hera\system\BaseModel.php(584): CodeIgniter\Model->doFindAll(0, 0)
#6 C:\Users\ganda\Documents\GitHub\hera\app\Models\detailRestokModel.php(38): CodeIgniter\BaseModel->findAll()
#7 C:\Users\ganda\Documents\GitHub\hera\app\Controllers\Admin.php(3121): App\Models\detailRestokModel->getDetailRestok('RST-20240419023...')
#8 C:\Users\ganda\Documents\GitHub\hera\system\CodeIgniter.php(832): App\Controllers\Admin->detailRestok('RST-20240419023...')
#9 C:\Users\ganda\Documents\GitHub\hera\system\CodeIgniter.php(419): CodeIgniter\CodeIgniter->runController(Object(App\Controllers\Admin))
#10 C:\Users\ganda\Documents\GitHub\hera\system\CodeIgniter.php(326): CodeIgniter\CodeIgniter->handleRequest(NULL, Object(Config\Cache), false)
#11 C:\Users\ganda\Documents\GitHub\hera\public\index.php(37): CodeIgniter\CodeIgniter->run()
#12 C:\Users\ganda\Documents\GitHub\hera\system\Commands\Server\rewrite.php(43): require_once('C:\\Users\\ganda\\...')
#13 {main}
CRITICAL - 2024-06-23 15:01:02 --> Trying to access array offset on value of type null
#0 C:\Users\ganda\Documents\GitHub\hera\app\Controllers\Admin.php(3368): CodeIgniter\Debug\Exceptions->errorHandler(8, 'Trying to acces...', 'C:\\Users\\ganda\\...', 3368, Array)
#1 C:\Users\ganda\Documents\GitHub\hera\system\CodeIgniter.php(832): App\Controllers\Admin->deleteRestok('RST-20240419023...')
#2 C:\Users\ganda\Documents\GitHub\hera\system\CodeIgniter.php(419): CodeIgniter\CodeIgniter->runController(Object(App\Controllers\Admin))
#3 C:\Users\ganda\Documents\GitHub\hera\system\CodeIgniter.php(326): CodeIgniter\CodeIgniter->handleRequest(NULL, Object(Config\Cache), false)
#4 C:\Users\ganda\Documents\GitHub\hera\public\index.php(37): CodeIgniter\CodeIgniter->run()
#5 C:\Users\ganda\Documents\GitHub\hera\system\Commands\Server\rewrite.php(43): require_once('C:\\Users\\ganda\\...')
#6 {main}
CRITICAL - 2024-06-23 17:50:27 --> Undefined property: App\Controllers\PenjualanBarangCont::$detailPermintaanModel
#0 C:\Users\ganda\Documents\GitHub\hera\app\Controllers\PenjualanBarangCont.php(773): CodeIgniter\Debug\Exceptions->errorHandler(8, 'Undefined prope...', 'C:\\Users\\ganda\\...', 773, Array)
#1 C:\Users\ganda\Documents\GitHub\hera\system\CodeIgniter.php(832): App\Controllers\PenjualanBarangCont->ubah('NHR-9179')
#2 C:\Users\ganda\Documents\GitHub\hera\system\CodeIgniter.php(419): CodeIgniter\CodeIgniter->runController(Object(App\Controllers\PenjualanBarangCont))
#3 C:\Users\ganda\Documents\GitHub\hera\system\CodeIgniter.php(326): CodeIgniter\CodeIgniter->handleRequest(NULL, Object(Config\Cache), false)
#4 C:\Users\ganda\Documents\GitHub\hera\public\index.php(37): CodeIgniter\CodeIgniter->run()
#5 C:\Users\ganda\Documents\GitHub\hera\system\Commands\Server\rewrite.php(43): require_once('C:\\Users\\ganda\\...')
#6 {main}
CRITICAL - 2024-06-23 17:51:28 --> Undefined property: App\Controllers\PenjualanBarangCont::$detailPermintaanModel
#0 C:\Users\ganda\Documents\GitHub\hera\app\Controllers\PenjualanBarangCont.php(773): CodeIgniter\Debug\Exceptions->errorHandler(8, 'Undefined prope...', 'C:\\Users\\ganda\\...', 773, Array)
#1 C:\Users\ganda\Documents\GitHub\hera\system\CodeIgniter.php(832): App\Controllers\PenjualanBarangCont->ubah('NHR-9179')
#2 C:\Users\ganda\Documents\GitHub\hera\system\CodeIgniter.php(419): CodeIgniter\CodeIgniter->runController(Object(App\Controllers\PenjualanBarangCont))
#3 C:\Users\ganda\Documents\GitHub\hera\system\CodeIgniter.php(326): CodeIgniter\CodeIgniter->handleRequest(NULL, Object(Config\Cache), false)
#4 C:\Users\ganda\Documents\GitHub\hera\public\index.php(37): CodeIgniter\CodeIgniter->run()
#5 C:\Users\ganda\Documents\GitHub\hera\system\Commands\Server\rewrite.php(43): require_once('C:\\Users\\ganda\\...')
#6 {main}
CRITICAL - 2024-06-23 17:52:07 --> Undefined property: App\Controllers\PenjualanBarangCont::$detailPenjualanBaranngModel
#0 C:\Users\ganda\Documents\GitHub\hera\app\Controllers\PenjualanBarangCont.php(773): CodeIgniter\Debug\Exceptions->errorHandler(8, 'Undefined prope...', 'C:\\Users\\ganda\\...', 773, Array)
#1 C:\Users\ganda\Documents\GitHub\hera\system\CodeIgniter.php(832): App\Controllers\PenjualanBarangCont->ubah('NHR-9179')
#2 C:\Users\ganda\Documents\GitHub\hera\system\CodeIgniter.php(419): CodeIgniter\CodeIgniter->runController(Object(App\Controllers\PenjualanBarangCont))
#3 C:\Users\ganda\Documents\GitHub\hera\system\CodeIgniter.php(326): CodeIgniter\CodeIgniter->handleRequest(NULL, Object(Config\Cache), false)
#4 C:\Users\ganda\Documents\GitHub\hera\public\index.php(37): CodeIgniter\CodeIgniter->run()
#5 C:\Users\ganda\Documents\GitHub\hera\system\Commands\Server\rewrite.php(43): require_once('C:\\Users\\ganda\\...')
#6 {main}
ERROR - 2024-06-23 17:52:36 --> Unknown column 'barang.id_master_barang' in 'field list'
CRITICAL - 2024-06-23 17:52:36 --> Unknown column 'barang.id_master_barang' in 'field list'
#0 C:\Users\ganda\Documents\GitHub\hera\system\Database\MySQLi\Connection.php(292): mysqli->query('SELECT `detail_...', 0)
#1 C:\Users\ganda\Documents\GitHub\hera\system\Database\BaseConnection.php(670): CodeIgniter\Database\MySQLi\Connection->execute('SELECT `detail_...')
#2 C:\Users\ganda\Documents\GitHub\hera\system\Database\BaseConnection.php(598): CodeIgniter\Database\BaseConnection->simpleQuery('SELECT `detail_...')
#3 C:\Users\ganda\Documents\GitHub\hera\system\Database\BaseBuilder.php(1455): CodeIgniter\Database\BaseConnection->query('SELECT `detail_...', Array, false)
#4 C:\Users\ganda\Documents\GitHub\hera\system\Model.php(210): CodeIgniter\Database\BaseBuilder->get()
#5 C:\Users\ganda\Documents\GitHub\hera\system\BaseModel.php(622): CodeIgniter\Model->doFirst()
#6 C:\Users\ganda\Documents\GitHub\hera\app\Models\detailPenjualanBarangModel.php(71): CodeIgniter\BaseModel->first()
#7 C:\Users\ganda\Documents\GitHub\hera\app\Controllers\PenjualanBarangCont.php(773): App\Models\detailPenjualanBarangModel->getDetailpenjualan('NHR-9179')
#8 C:\Users\ganda\Documents\GitHub\hera\system\CodeIgniter.php(832): App\Controllers\PenjualanBarangCont->ubah('NHR-9179')
#9 C:\Users\ganda\Documents\GitHub\hera\system\CodeIgniter.php(419): CodeIgniter\CodeIgniter->runController(Object(App\Controllers\PenjualanBarangCont))
#10 C:\Users\ganda\Documents\GitHub\hera\system\CodeIgniter.php(326): CodeIgniter\CodeIgniter->handleRequest(NULL, Object(Config\Cache), false)
#11 C:\Users\ganda\Documents\GitHub\hera\public\index.php(37): CodeIgniter\CodeIgniter->run()
#12 C:\Users\ganda\Documents\GitHub\hera\system\Commands\Server\rewrite.php(43): require_once('C:\\Users\\ganda\\...')
#13 {main}
ERROR - 2024-06-23 17:54:08 --> Unknown column 'barang.id_master_barang' in 'field list'
CRITICAL - 2024-06-23 17:54:08 --> Unknown column 'barang.id_master_barang' in 'field list'
#0 C:\Users\ganda\Documents\GitHub\hera\system\Database\MySQLi\Connection.php(292): mysqli->query('SELECT `detail_...', 0)
#1 C:\Users\ganda\Documents\GitHub\hera\system\Database\BaseConnection.php(670): CodeIgniter\Database\MySQLi\Connection->execute('SELECT `detail_...')
#2 C:\Users\ganda\Documents\GitHub\hera\system\Database\BaseConnection.php(598): CodeIgniter\Database\BaseConnection->simpleQuery('SELECT `detail_...')
#3 C:\Users\ganda\Documents\GitHub\hera\system\Database\BaseBuilder.php(1455): CodeIgniter\Database\BaseConnection->query('SELECT `detail_...', Array, false)
#4 C:\Users\ganda\Documents\GitHub\hera\system\Model.php(210): CodeIgniter\Database\BaseBuilder->get()
#5 C:\Users\ganda\Documents\GitHub\hera\system\BaseModel.php(622): CodeIgniter\Model->doFirst()
#6 C:\Users\ganda\Documents\GitHub\hera\app\Models\detailPenjualanBarangModel.php(71): CodeIgniter\BaseModel->first()
#7 C:\Users\ganda\Documents\GitHub\hera\app\Controllers\PenjualanBarangCont.php(773): App\Models\detailPenjualanBarangModel->getDetailpenjualan('NHR-9179')
#8 C:\Users\ganda\Documents\GitHub\hera\system\CodeIgniter.php(832): App\Controllers\PenjualanBarangCont->ubah('NHR-9179')
#9 C:\Users\ganda\Documents\GitHub\hera\system\CodeIgniter.php(419): CodeIgniter\CodeIgniter->runController(Object(App\Controllers\PenjualanBarangCont))
#10 C:\Users\ganda\Documents\GitHub\hera\system\CodeIgniter.php(326): CodeIgniter\CodeIgniter->handleRequest(NULL, Object(Config\Cache), false)
#11 C:\Users\ganda\Documents\GitHub\hera\public\index.php(37): CodeIgniter\CodeIgniter->run()
#12 C:\Users\ganda\Documents\GitHub\hera\system\Commands\Server\rewrite.php(43): require_once('C:\\Users\\ganda\\...')
#13 {main}
ERROR - 2024-06-23 17:55:06 --> Unknown column 'barang.id_master_barang' in 'field list'
CRITICAL - 2024-06-23 17:55:06 --> Unknown column 'barang.id_master_barang' in 'field list'
#0 C:\Users\ganda\Documents\GitHub\hera\system\Database\MySQLi\Connection.php(292): mysqli->query('SELECT `detail_...', 0)
#1 C:\Users\ganda\Documents\GitHub\hera\system\Database\BaseConnection.php(670): CodeIgniter\Database\MySQLi\Connection->execute('SELECT `detail_...')
#2 C:\Users\ganda\Documents\GitHub\hera\system\Database\BaseConnection.php(598): CodeIgniter\Database\BaseConnection->simpleQuery('SELECT `detail_...')
#3 C:\Users\ganda\Documents\GitHub\hera\system\Database\BaseBuilder.php(1455): CodeIgniter\Database\BaseConnection->query('SELECT `detail_...', Array, false)
#4 C:\Users\ganda\Documents\GitHub\hera\system\Model.php(210): CodeIgniter\Database\BaseBuilder->get()
#5 C:\Users\ganda\Documents\GitHub\hera\system\BaseModel.php(622): CodeIgniter\Model->doFirst()
#6 C:\Users\ganda\Documents\GitHub\hera\app\Models\detailPenjualanBarangModel.php(70): CodeIgniter\BaseModel->first()
#7 C:\Users\ganda\Documents\GitHub\hera\app\Controllers\PenjualanBarangCont.php(773): App\Models\detailPenjualanBarangModel->getDetailpenjualan('NHR-9179')
#8 C:\Users\ganda\Documents\GitHub\hera\system\CodeIgniter.php(832): App\Controllers\PenjualanBarangCont->ubah('NHR-9179')
#9 C:\Users\ganda\Documents\GitHub\hera\system\CodeIgniter.php(419): CodeIgniter\CodeIgniter->runController(Object(App\Controllers\PenjualanBarangCont))
#10 C:\Users\ganda\Documents\GitHub\hera\system\CodeIgniter.php(326): CodeIgniter\CodeIgniter->handleRequest(NULL, Object(Config\Cache), false)
#11 C:\Users\ganda\Documents\GitHub\hera\public\index.php(37): CodeIgniter\CodeIgniter->run()
#12 C:\Users\ganda\Documents\GitHub\hera\system\Commands\Server\rewrite.php(43): require_once('C:\\Users\\ganda\\...')
#13 {main}
ERROR - 2024-06-23 17:56:15 --> Unknown column 'detail_penjualan_barang.id_user' in 'on clause'
CRITICAL - 2024-06-23 17:56:15 --> Unknown column 'detail_penjualan_barang.id_user' in 'on clause'
#0 C:\Users\ganda\Documents\GitHub\hera\system\Database\MySQLi\Connection.php(292): mysqli->query('SELECT `detail_...', 0)
#1 C:\Users\ganda\Documents\GitHub\hera\system\Database\BaseConnection.php(670): CodeIgniter\Database\MySQLi\Connection->execute('SELECT `detail_...')
#2 C:\Users\ganda\Documents\GitHub\hera\system\Database\BaseConnection.php(598): CodeIgniter\Database\BaseConnection->simpleQuery('SELECT `detail_...')
#3 C:\Users\ganda\Documents\GitHub\hera\system\Database\BaseBuilder.php(1455): CodeIgniter\Database\BaseConnection->query('SELECT `detail_...', Array, false)
#4 C:\Users\ganda\Documents\GitHub\hera\system\Model.php(210): CodeIgniter\Database\BaseBuilder->get()
#5 C:\Users\ganda\Documents\GitHub\hera\system\BaseModel.php(622): CodeIgniter\Model->doFirst()
#6 C:\Users\ganda\Documents\GitHub\hera\app\Models\detailPenjualanBarangModel.php(67): CodeIgniter\BaseModel->first()
#7 C:\Users\ganda\Documents\GitHub\hera\app\Controllers\PenjualanBarangCont.php(773): App\Models\detailPenjualanBarangModel->getDetailpenjualan('NHR-9179')
#8 C:\Users\ganda\Documents\GitHub\hera\system\CodeIgniter.php(832): App\Controllers\PenjualanBarangCont->ubah('NHR-9179')
#9 C:\Users\ganda\Documents\GitHub\hera\system\CodeIgniter.php(419): CodeIgniter\CodeIgniter->runController(Object(App\Controllers\PenjualanBarangCont))
#10 C:\Users\ganda\Documents\GitHub\hera\system\CodeIgniter.php(326): CodeIgniter\CodeIgniter->handleRequest(NULL, Object(Config\Cache), false)
#11 C:\Users\ganda\Documents\GitHub\hera\public\index.php(37): CodeIgniter\CodeIgniter->run()
#12 C:\Users\ganda\Documents\GitHub\hera\system\Commands\Server\rewrite.php(43): require_once('C:\\Users\\ganda\\...')
#13 {main}
ERROR - 2024-06-23 17:58:05 --> Unknown column 'detail_penjualan_barang.id_user' in 'on clause'
CRITICAL - 2024-06-23 17:58:05 --> Unknown column 'detail_penjualan_barang.id_user' in 'on clause'
#0 C:\Users\ganda\Documents\GitHub\hera\system\Database\MySQLi\Connection.php(292): mysqli->query('SELECT `detail_...', 0)
#1 C:\Users\ganda\Documents\GitHub\hera\system\Database\BaseConnection.php(670): CodeIgniter\Database\MySQLi\Connection->execute('SELECT `detail_...')
#2 C:\Users\ganda\Documents\GitHub\hera\system\Database\BaseConnection.php(598): CodeIgniter\Database\BaseConnection->simpleQuery('SELECT `detail_...')
#3 C:\Users\ganda\Documents\GitHub\hera\system\Database\BaseBuilder.php(1455): CodeIgniter\Database\BaseConnection->query('SELECT `detail_...', Array, false)
#4 C:\Users\ganda\Documents\GitHub\hera\system\Model.php(210): CodeIgniter\Database\BaseBuilder->get()
#5 C:\Users\ganda\Documents\GitHub\hera\system\BaseModel.php(622): CodeIgniter\Model->doFirst()
#6 C:\Users\ganda\Documents\GitHub\hera\app\Models\detailPenjualanBarangModel.php(65): CodeIgniter\BaseModel->first()
#7 C:\Users\ganda\Documents\GitHub\hera\app\Controllers\PenjualanBarangCont.php(773): App\Models\detailPenjualanBarangModel->getDetailpenjualan('NHR-9179')
#8 C:\Users\ganda\Documents\GitHub\hera\system\CodeIgniter.php(832): App\Controllers\PenjualanBarangCont->ubah('NHR-9179')
#9 C:\Users\ganda\Documents\GitHub\hera\system\CodeIgniter.php(419): CodeIgniter\CodeIgniter->runController(Object(App\Controllers\PenjualanBarangCont))
#10 C:\Users\ganda\Documents\GitHub\hera\system\CodeIgniter.php(326): CodeIgniter\CodeIgniter->handleRequest(NULL, Object(Config\Cache), false)
#11 C:\Users\ganda\Documents\GitHub\hera\public\index.php(37): CodeIgniter\CodeIgniter->run()
#12 C:\Users\ganda\Documents\GitHub\hera\system\Commands\Server\rewrite.php(43): require_once('C:\\Users\\ganda\\...')
#13 {main}
ERROR - 2024-06-23 17:58:23 --> Unknown column 'detail_penjualan_barang.id_pelanggan' in 'on clause'
CRITICAL - 2024-06-23 17:58:23 --> Unknown column 'detail_penjualan_barang.id_pelanggan' in 'on clause'
#0 C:\Users\ganda\Documents\GitHub\hera\system\Database\MySQLi\Connection.php(292): mysqli->query('SELECT `detail_...', 0)
#1 C:\Users\ganda\Documents\GitHub\hera\system\Database\BaseConnection.php(670): CodeIgniter\Database\MySQLi\Connection->execute('SELECT `detail_...')
#2 C:\Users\ganda\Documents\GitHub\hera\system\Database\BaseConnection.php(598): CodeIgniter\Database\BaseConnection->simpleQuery('SELECT `detail_...')
#3 C:\Users\ganda\Documents\GitHub\hera\system\Database\BaseBuilder.php(1455): CodeIgniter\Database\BaseConnection->query('SELECT `detail_...', Array, false)
#4 C:\Users\ganda\Documents\GitHub\hera\system\Model.php(210): CodeIgniter\Database\BaseBuilder->get()
#5 C:\Users\ganda\Documents\GitHub\hera\system\BaseModel.php(622): CodeIgniter\Model->doFirst()
#6 C:\Users\ganda\Documents\GitHub\hera\app\Models\detailPenjualanBarangModel.php(65): CodeIgniter\BaseModel->first()
#7 C:\Users\ganda\Documents\GitHub\hera\app\Controllers\PenjualanBarangCont.php(773): App\Models\detailPenjualanBarangModel->getDetailpenjualan('NHR-9179')
#8 C:\Users\ganda\Documents\GitHub\hera\system\CodeIgniter.php(832): App\Controllers\PenjualanBarangCont->ubah('NHR-9179')
#9 C:\Users\ganda\Documents\GitHub\hera\system\CodeIgniter.php(419): CodeIgniter\CodeIgniter->runController(Object(App\Controllers\PenjualanBarangCont))
#10 C:\Users\ganda\Documents\GitHub\hera\system\CodeIgniter.php(326): CodeIgniter\CodeIgniter->handleRequest(NULL, Object(Config\Cache), false)
#11 C:\Users\ganda\Documents\GitHub\hera\public\index.php(37): CodeIgniter\CodeIgniter->run()
#12 C:\Users\ganda\Documents\GitHub\hera\system\Commands\Server\rewrite.php(43): require_once('C:\\Users\\ganda\\...')
#13 {main}
ERROR - 2024-06-23 18:00:13 --> Unknown column 'penjualan_barang.id_pelanggan' in 'on clause'
CRITICAL - 2024-06-23 18:00:13 --> Unknown column 'penjualan_barang.id_pelanggan' in 'on clause'
#0 C:\Users\ganda\Documents\GitHub\hera\system\Database\MySQLi\Connection.php(292): mysqli->query('SELECT `detail_...', 0)
#1 C:\Users\ganda\Documents\GitHub\hera\system\Database\BaseConnection.php(670): CodeIgniter\Database\MySQLi\Connection->execute('SELECT `detail_...')
#2 C:\Users\ganda\Documents\GitHub\hera\system\Database\BaseConnection.php(598): CodeIgniter\Database\BaseConnection->simpleQuery('SELECT `detail_...')
#3 C:\Users\ganda\Documents\GitHub\hera\system\Database\BaseBuilder.php(1455): CodeIgniter\Database\BaseConnection->query('SELECT `detail_...', Array, false)
#4 C:\Users\ganda\Documents\GitHub\hera\system\Model.php(210): CodeIgniter\Database\BaseBuilder->get()
#5 C:\Users\ganda\Documents\GitHub\hera\system\BaseModel.php(622): CodeIgniter\Model->doFirst()
#6 C:\Users\ganda\Documents\GitHub\hera\app\Models\detailPenjualanBarangModel.php(65): CodeIgniter\BaseModel->first()
#7 C:\Users\ganda\Documents\GitHub\hera\app\Controllers\PenjualanBarangCont.php(773): App\Models\detailPenjualanBarangModel->getDetailpenjualan('NHR-9179')
#8 C:\Users\ganda\Documents\GitHub\hera\system\CodeIgniter.php(832): App\Controllers\PenjualanBarangCont->ubah('NHR-9179')
#9 C:\Users\ganda\Documents\GitHub\hera\system\CodeIgniter.php(419): CodeIgniter\CodeIgniter->runController(Object(App\Controllers\PenjualanBarangCont))
#10 C:\Users\ganda\Documents\GitHub\hera\system\CodeIgniter.php(326): CodeIgniter\CodeIgniter->handleRequest(NULL, Object(Config\Cache), false)
#11 C:\Users\ganda\Documents\GitHub\hera\public\index.php(37): CodeIgniter\CodeIgniter->run()
#12 C:\Users\ganda\Documents\GitHub\hera\system\Commands\Server\rewrite.php(43): require_once('C:\\Users\\ganda\\...')
#13 {main}
CRITICAL - 2024-06-23 18:01:52 --> Invalid file: Pegawai/Permintaan_barang/Edit_permintaan.php
#0 C:\Users\ganda\Documents\GitHub\hera\system\View\View.php(198): CodeIgniter\Exceptions\FrameworkException::forInvalidFile('Pegawai/Permint...')
#1 C:\Users\ganda\Documents\GitHub\hera\system\Common.php(1089): CodeIgniter\View\View->render('Pegawai/Permint...', Array, true)
#2 C:\Users\ganda\Documents\GitHub\hera\app\Controllers\PenjualanBarangCont.php(776): view('Pegawai/Permint...', Array)
#3 C:\Users\ganda\Documents\GitHub\hera\system\CodeIgniter.php(832): App\Controllers\PenjualanBarangCont->ubah('NHR-9179')
#4 C:\Users\ganda\Documents\GitHub\hera\system\CodeIgniter.php(419): CodeIgniter\CodeIgniter->runController(Object(App\Controllers\PenjualanBarangCont))
#5 C:\Users\ganda\Documents\GitHub\hera\system\CodeIgniter.php(326): CodeIgniter\CodeIgniter->handleRequest(NULL, Object(Config\Cache), false)
#6 C:\Users\ganda\Documents\GitHub\hera\public\index.php(37): CodeIgniter\CodeIgniter->run()
#7 C:\Users\ganda\Documents\GitHub\hera\system\Commands\Server\rewrite.php(43): require_once('C:\\Users\\ganda\\...')
#8 {main}
CRITICAL - 2024-06-23 18:02:22 --> Trying to access array offset on value of type null
#0 C:\Users\ganda\Documents\GitHub\hera\app\Views\Admin\Penjualan_barang\Edit_permintaan.php(22): CodeIgniter\Debug\Exceptions->errorHandler(8, 'Trying to acces...', 'C:\\Users\\ganda\\...', 22, Array)
#1 C:\Users\ganda\Documents\GitHub\hera\system\View\View.php(210): include('C:\\Users\\ganda\\...')
#2 C:\Users\ganda\Documents\GitHub\hera\system\View\View.php(213): CodeIgniter\View\View->CodeIgniter\View\{closure}()
#3 C:\Users\ganda\Documents\GitHub\hera\system\Common.php(1089): CodeIgniter\View\View->render('Admin/Penjualan...', Array, true)
#4 C:\Users\ganda\Documents\GitHub\hera\app\Controllers\PenjualanBarangCont.php(776): view('Admin/Penjualan...', Array)
#5 C:\Users\ganda\Documents\GitHub\hera\system\CodeIgniter.php(832): App\Controllers\PenjualanBarangCont->ubah('NHR-9179')
#6 C:\Users\ganda\Documents\GitHub\hera\system\CodeIgniter.php(419): CodeIgniter\CodeIgniter->runController(Object(App\Controllers\PenjualanBarangCont))
#7 C:\Users\ganda\Documents\GitHub\hera\system\CodeIgniter.php(326): CodeIgniter\CodeIgniter->handleRequest(NULL, Object(Config\Cache), false)
#8 C:\Users\ganda\Documents\GitHub\hera\public\index.php(37): CodeIgniter\CodeIgniter->run()
#9 C:\Users\ganda\Documents\GitHub\hera\system\Commands\Server\rewrite.php(43): require_once('C:\\Users\\ganda\\...')
#10 {main}
CRITICAL - 2024-06-23 18:11:33 --> Cannot use object of type stdClass as array
#0 C:\Users\ganda\Documents\GitHub\hera\system\View\View.php(210): include()
#1 C:\Users\ganda\Documents\GitHub\hera\system\View\View.php(213): CodeIgniter\View\View->CodeIgniter\View\{closure}()
#2 C:\Users\ganda\Documents\GitHub\hera\system\Common.php(1089): CodeIgniter\View\View->render('Admin/Penjualan...', Array, true)
#3 C:\Users\ganda\Documents\GitHub\hera\app\Controllers\PenjualanBarangCont.php(790): view('Admin/Penjualan...', Array)
#4 C:\Users\ganda\Documents\GitHub\hera\system\CodeIgniter.php(832): App\Controllers\PenjualanBarangCont->ubah('NHR-9179')
#5 C:\Users\ganda\Documents\GitHub\hera\system\CodeIgniter.php(419): CodeIgniter\CodeIgniter->runController(Object(App\Controllers\PenjualanBarangCont))
#6 C:\Users\ganda\Documents\GitHub\hera\system\CodeIgniter.php(326): CodeIgniter\CodeIgniter->handleRequest(NULL, Object(Config\Cache), false)
#7 C:\Users\ganda\Documents\GitHub\hera\public\index.php(37): CodeIgniter\CodeIgniter->run()
#8 C:\Users\ganda\Documents\GitHub\hera\system\Commands\Server\rewrite.php(43): require_once('C:\\Users\\ganda\\...')
#9 {main}
CRITICAL - 2024-06-23 18:12:25 --> Undefined index: id_permintaan_barang
#0 C:\Users\ganda\Documents\GitHub\hera\app\Views\Admin\Penjualan_barang\Edit_permintaan.php(22): CodeIgniter\Debug\Exceptions->errorHandler(8, 'Undefined index...', 'C:\\Users\\ganda\\...', 22, Array)
#1 C:\Users\ganda\Documents\GitHub\hera\system\View\View.php(210): include('C:\\Users\\ganda\\...')
#2 C:\Users\ganda\Documents\GitHub\hera\system\View\View.php(213): CodeIgniter\View\View->CodeIgniter\View\{closure}()
#3 C:\Users\ganda\Documents\GitHub\hera\system\Common.php(1089): CodeIgniter\View\View->render('Admin/Penjualan...', Array, true)
#4 C:\Users\ganda\Documents\GitHub\hera\app\Controllers\PenjualanBarangCont.php(792): view('Admin/Penjualan...', Array)
#5 C:\Users\ganda\Documents\GitHub\hera\system\CodeIgniter.php(832): App\Controllers\PenjualanBarangCont->ubah('NHR-9179')
#6 C:\Users\ganda\Documents\GitHub\hera\system\CodeIgniter.php(419): CodeIgniter\CodeIgniter->runController(Object(App\Controllers\PenjualanBarangCont))
#7 C:\Users\ganda\Documents\GitHub\hera\system\CodeIgniter.php(326): CodeIgniter\CodeIgniter->handleRequest(NULL, Object(Config\Cache), false)
#8 C:\Users\ganda\Documents\GitHub\hera\public\index.php(37): CodeIgniter\CodeIgniter->run()
#9 C:\Users\ganda\Documents\GitHub\hera\system\Commands\Server\rewrite.php(43): require_once('C:\\Users\\ganda\\...')
#10 {main}
CRITICAL - 2024-06-23 18:13:17 --> Call to undefined method stdClass::getResultArray()
#0 C:\Users\ganda\Documents\GitHub\hera\system\CodeIgniter.php(832): App\Controllers\PenjualanBarangCont->ubah('NHR-9179')
#1 C:\Users\ganda\Documents\GitHub\hera\system\CodeIgniter.php(419): CodeIgniter\CodeIgniter->runController(Object(App\Controllers\PenjualanBarangCont))
#2 C:\Users\ganda\Documents\GitHub\hera\system\CodeIgniter.php(326): CodeIgniter\CodeIgniter->handleRequest(NULL, Object(Config\Cache), false)
#3 C:\Users\ganda\Documents\GitHub\hera\public\index.php(37): CodeIgniter\CodeIgniter->run()
#4 C:\Users\ganda\Documents\GitHub\hera\system\Commands\Server\rewrite.php(43): require_once('C:\\Users\\ganda\\...')
#5 {main}
CRITICAL - 2024-06-23 18:13:24 --> Cannot use object of type stdClass as array
#0 C:\Users\ganda\Documents\GitHub\hera\system\View\View.php(210): include()
#1 C:\Users\ganda\Documents\GitHub\hera\system\View\View.php(213): CodeIgniter\View\View->CodeIgniter\View\{closure}()
#2 C:\Users\ganda\Documents\GitHub\hera\system\Common.php(1089): CodeIgniter\View\View->render('Admin/Penjualan...', Array, true)
#3 C:\Users\ganda\Documents\GitHub\hera\app\Controllers\PenjualanBarangCont.php(790): view('Admin/Penjualan...', Array)
#4 C:\Users\ganda\Documents\GitHub\hera\system\CodeIgniter.php(832): App\Controllers\PenjualanBarangCont->ubah('NHR-9179')
#5 C:\Users\ganda\Documents\GitHub\hera\system\CodeIgniter.php(419): CodeIgniter\CodeIgniter->runController(Object(App\Controllers\PenjualanBarangCont))
#6 C:\Users\ganda\Documents\GitHub\hera\system\CodeIgniter.php(326): CodeIgniter\CodeIgniter->handleRequest(NULL, Object(Config\Cache), false)
#7 C:\Users\ganda\Documents\GitHub\hera\public\index.php(37): CodeIgniter\CodeIgniter->run()
#8 C:\Users\ganda\Documents\GitHub\hera\system\Commands\Server\rewrite.php(43): require_once('C:\\Users\\ganda\\...')
#9 {main}
CRITICAL - 2024-06-23 18:13:50 --> Call to undefined method stdClass::getResultArray()
#0 C:\Users\ganda\Documents\GitHub\hera\system\CodeIgniter.php(832): App\Controllers\PenjualanBarangCont->ubah('NHR-9179')
#1 C:\Users\ganda\Documents\GitHub\hera\system\CodeIgniter.php(419): CodeIgniter\CodeIgniter->runController(Object(App\Controllers\PenjualanBarangCont))
#2 C:\Users\ganda\Documents\GitHub\hera\system\CodeIgniter.php(326): CodeIgniter\CodeIgniter->handleRequest(NULL, Object(Config\Cache), false)
#3 C:\Users\ganda\Documents\GitHub\hera\public\index.php(37): CodeIgniter\CodeIgniter->run()
#4 C:\Users\ganda\Documents\GitHub\hera\system\Commands\Server\rewrite.php(43): require_once('C:\\Users\\ganda\\...')
#5 {main}
CRITICAL - 2024-06-23 18:13:54 --> Call to undefined method stdClass::getResultArray()
#0 C:\Users\ganda\Documents\GitHub\hera\system\CodeIgniter.php(832): App\Controllers\PenjualanBarangCont->ubah('NHR-9179')
#1 C:\Users\ganda\Documents\GitHub\hera\system\CodeIgniter.php(419): CodeIgniter\CodeIgniter->runController(Object(App\Controllers\PenjualanBarangCont))
#2 C:\Users\ganda\Documents\GitHub\hera\system\CodeIgniter.php(326): CodeIgniter\CodeIgniter->handleRequest(NULL, Object(Config\Cache), false)
#3 C:\Users\ganda\Documents\GitHub\hera\public\index.php(37): CodeIgniter\CodeIgniter->run()
#4 C:\Users\ganda\Documents\GitHub\hera\system\Commands\Server\rewrite.php(43): require_once('C:\\Users\\ganda\\...')
#5 {main}
CRITICAL - 2024-06-23 18:14:11 --> Undefined index: id_permintaan_barang
#0 C:\Users\ganda\Documents\GitHub\hera\app\Views\Admin\Penjualan_barang\Edit_permintaan.php(22): CodeIgniter\Debug\Exceptions->errorHandler(8, 'Undefined index...', 'C:\\Users\\ganda\\...', 22, Array)
#1 C:\Users\ganda\Documents\GitHub\hera\system\View\View.php(210): include('C:\\Users\\ganda\\...')
#2 C:\Users\ganda\Documents\GitHub\hera\system\View\View.php(213): CodeIgniter\View\View->CodeIgniter\View\{closure}()
#3 C:\Users\ganda\Documents\GitHub\hera\system\Common.php(1089): CodeIgniter\View\View->render('Admin/Penjualan...', Array, true)
#4 C:\Users\ganda\Documents\GitHub\hera\app\Controllers\PenjualanBarangCont.php(792): view('Admin/Penjualan...', Array)
#5 C:\Users\ganda\Documents\GitHub\hera\system\CodeIgniter.php(832): App\Controllers\PenjualanBarangCont->ubah('NHR-9179')
#6 C:\Users\ganda\Documents\GitHub\hera\system\CodeIgniter.php(419): CodeIgniter\CodeIgniter->runController(Object(App\Controllers\PenjualanBarangCont))
#7 C:\Users\ganda\Documents\GitHub\hera\system\CodeIgniter.php(326): CodeIgniter\CodeIgniter->handleRequest(NULL, Object(Config\Cache), false)
#8 C:\Users\ganda\Documents\GitHub\hera\public\index.php(37): CodeIgniter\CodeIgniter->run()
#9 C:\Users\ganda\Documents\GitHub\hera\system\Commands\Server\rewrite.php(43): require_once('C:\\Users\\ganda\\...')
#10 {main}
CRITICAL - 2024-06-23 18:14:28 --> Undefined variable: permintaan
#0 C:\Users\ganda\Documents\GitHub\hera\app\Views\Admin\Penjualan_barang\Edit_permintaan.php(22): CodeIgniter\Debug\Exceptions->errorHandler(8, 'Undefined varia...', 'C:\\Users\\ganda\\...', 22, Array)
#1 C:\Users\ganda\Documents\GitHub\hera\system\View\View.php(210): include('C:\\Users\\ganda\\...')
#2 C:\Users\ganda\Documents\GitHub\hera\system\View\View.php(213): CodeIgniter\View\View->CodeIgniter\View\{closure}()
#3 C:\Users\ganda\Documents\GitHub\hera\system\Common.php(1089): CodeIgniter\View\View->render('Admin/Penjualan...', Array, true)
#4 C:\Users\ganda\Documents\GitHub\hera\app\Controllers\PenjualanBarangCont.php(792): view('Admin/Penjualan...', Array)
#5 C:\Users\ganda\Documents\GitHub\hera\system\CodeIgniter.php(832): App\Controllers\PenjualanBarangCont->ubah('NHR-9179')
#6 C:\Users\ganda\Documents\GitHub\hera\system\CodeIgniter.php(419): CodeIgniter\CodeIgniter->runController(Object(App\Controllers\PenjualanBarangCont))
#7 C:\Users\ganda\Documents\GitHub\hera\system\CodeIgniter.php(326): CodeIgniter\CodeIgniter->handleRequest(NULL, Object(Config\Cache), false)
#8 C:\Users\ganda\Documents\GitHub\hera\public\index.php(37): CodeIgniter\CodeIgniter->run()
#9 C:\Users\ganda\Documents\GitHub\hera\system\Commands\Server\rewrite.php(43): require_once('C:\\Users\\ganda\\...')
#10 {main}
CRITICAL - 2024-06-23 18:15:23 --> Undefined index: tipe_barang
#0 C:\Users\ganda\Documents\GitHub\hera\app\Views\Admin\Penjualan_barang\Edit_penjualan.php(49): CodeIgniter\Debug\Exceptions->errorHandler(8, 'Undefined index...', 'C:\\Users\\ganda\\...', 49, Array)
#1 C:\Users\ganda\Documents\GitHub\hera\system\View\View.php(210): include('C:\\Users\\ganda\\...')
#2 C:\Users\ganda\Documents\GitHub\hera\system\View\View.php(213): CodeIgniter\View\View->CodeIgniter\View\{closure}()
#3 C:\Users\ganda\Documents\GitHub\hera\system\Common.php(1089): CodeIgniter\View\View->render('Admin/Penjualan...', Array, true)
#4 C:\Users\ganda\Documents\GitHub\hera\app\Controllers\PenjualanBarangCont.php(792): view('Admin/Penjualan...', Array)
#5 C:\Users\ganda\Documents\GitHub\hera\system\CodeIgniter.php(832): App\Controllers\PenjualanBarangCont->ubah('NHR-9179')
#6 C:\Users\ganda\Documents\GitHub\hera\system\CodeIgniter.php(419): CodeIgniter\CodeIgniter->runController(Object(App\Controllers\PenjualanBarangCont))
#7 C:\Users\ganda\Documents\GitHub\hera\system\CodeIgniter.php(326): CodeIgniter\CodeIgniter->handleRequest(NULL, Object(Config\Cache), false)
#8 C:\Users\ganda\Documents\GitHub\hera\public\index.php(37): CodeIgniter\CodeIgniter->run()
#9 C:\Users\ganda\Documents\GitHub\hera\system\Commands\Server\rewrite.php(43): require_once('C:\\Users\\ganda\\...')
#10 {main}
CRITICAL - 2024-06-23 18:15:31 --> Undefined index: id_permintaan_barang
#0 C:\Users\ganda\Documents\GitHub\hera\app\Views\Admin\Penjualan_barang\Edit_penjualan.php(56): CodeIgniter\Debug\Exceptions->errorHandler(8, 'Undefined index...', 'C:\\Users\\ganda\\...', 56, Array)
#1 C:\Users\ganda\Documents\GitHub\hera\system\View\View.php(210): include('C:\\Users\\ganda\\...')
#2 C:\Users\ganda\Documents\GitHub\hera\system\View\View.php(213): CodeIgniter\View\View->CodeIgniter\View\{closure}()
#3 C:\Users\ganda\Documents\GitHub\hera\system\Common.php(1089): CodeIgniter\View\View->render('Admin/Penjualan...', Array, true)
#4 C:\Users\ganda\Documents\GitHub\hera\app\Controllers\PenjualanBarangCont.php(792): view('Admin/Penjualan...', Array)
#5 C:\Users\ganda\Documents\GitHub\hera\system\CodeIgniter.php(832): App\Controllers\PenjualanBarangCont->ubah('NHR-9179')
#6 C:\Users\ganda\Documents\GitHub\hera\system\CodeIgniter.php(419): CodeIgniter\CodeIgniter->runController(Object(App\Controllers\PenjualanBarangCont))
#7 C:\Users\ganda\Documents\GitHub\hera\system\CodeIgniter.php(326): CodeIgniter\CodeIgniter->handleRequest(NULL, Object(Config\Cache), false)
#8 C:\Users\ganda\Documents\GitHub\hera\public\index.php(37): CodeIgniter\CodeIgniter->run()
#9 C:\Users\ganda\Documents\GitHub\hera\system\Commands\Server\rewrite.php(43): require_once('C:\\Users\\ganda\\...')
#10 {main}
CRITICAL - 2024-06-23 18:15:53 --> Invalid file: Pegawai/Templates/Index.php
#0 C:\Users\ganda\Documents\GitHub\hera\system\View\View.php(198): CodeIgniter\Exceptions\FrameworkException::forInvalidFile('Pegawai/Templat...')
#1 C:\Users\ganda\Documents\GitHub\hera\system\View\View.php(226): CodeIgniter\View\View->render('Pegawai/Templat...', Array, true)
#2 C:\Users\ganda\Documents\GitHub\hera\system\Common.php(1089): CodeIgniter\View\View->render('Admin/Penjualan...', Array, true)
#3 C:\Users\ganda\Documents\GitHub\hera\app\Controllers\PenjualanBarangCont.php(792): view('Admin/Penjualan...', Array)
#4 C:\Users\ganda\Documents\GitHub\hera\system\CodeIgniter.php(832): App\Controllers\PenjualanBarangCont->ubah('NHR-9179')
#5 C:\Users\ganda\Documents\GitHub\hera\system\CodeIgniter.php(419): CodeIgniter\CodeIgniter->runController(Object(App\Controllers\PenjualanBarangCont))
#6 C:\Users\ganda\Documents\GitHub\hera\system\CodeIgniter.php(326): CodeIgniter\CodeIgniter->handleRequest(NULL, Object(Config\Cache), false)
#7 C:\Users\ganda\Documents\GitHub\hera\public\index.php(37): CodeIgniter\CodeIgniter->run()
#8 C:\Users\ganda\Documents\GitHub\hera\system\Commands\Server\rewrite.php(43): require_once('C:\\Users\\ganda\\...')
#9 {main}
ERROR - 2024-06-23 18:17:15 --> Unknown column 'barang.id_master_barang' in 'on clause'
CRITICAL - 2024-06-23 18:17:15 --> Unknown column 'barang.id_master_barang' in 'on clause'
#0 C:\Users\ganda\Documents\GitHub\hera\system\Database\MySQLi\Connection.php(292): mysqli->query('SELECT `detail_...', 0)
#1 C:\Users\ganda\Documents\GitHub\hera\system\Database\BaseConnection.php(670): CodeIgniter\Database\MySQLi\Connection->execute('SELECT `detail_...')
#2 C:\Users\ganda\Documents\GitHub\hera\system\Database\BaseConnection.php(598): CodeIgniter\Database\BaseConnection->simpleQuery('SELECT `detail_...')
#3 C:\Users\ganda\Documents\GitHub\hera\system\Database\BaseBuilder.php(1455): CodeIgniter\Database\BaseConnection->query('SELECT `detail_...', Array, false)
#4 C:\Users\ganda\Documents\GitHub\hera\system\Model.php(183): CodeIgniter\Database\BaseBuilder->get()
#5 C:\Users\ganda\Documents\GitHub\hera\system\BaseModel.php(584): CodeIgniter\Model->doFindAll(0, 0)
#6 C:\Users\ganda\Documents\GitHub\hera\app\Controllers\Admin.php(690): CodeIgniter\BaseModel->findAll()
#7 C:\Users\ganda\Documents\GitHub\hera\system\CodeIgniter.php(832): App\Controllers\Admin->list_penjualan('NHR-2063')
#8 C:\Users\ganda\Documents\GitHub\hera\system\CodeIgniter.php(419): CodeIgniter\CodeIgniter->runController(Object(App\Controllers\Admin))
#9 C:\Users\ganda\Documents\GitHub\hera\system\CodeIgniter.php(326): CodeIgniter\CodeIgniter->handleRequest(NULL, Object(Config\Cache), false)
#10 C:\Users\ganda\Documents\GitHub\hera\public\index.php(37): CodeIgniter\CodeIgniter->run()
#11 C:\Users\ganda\Documents\GitHub\hera\system\Commands\Server\rewrite.php(43): require_once('C:\\Users\\ganda\\...')
#12 {main}
CRITICAL - 2024-06-23 18:20:58 --> Undefined variable: pelangganList
#0 C:\Users\ganda\Documents\GitHub\hera\app\Views\Admin\Penjualan_barang\Edit_penjualan.php(114): CodeIgniter\Debug\Exceptions->errorHandler(8, 'Undefined varia...', 'C:\\Users\\ganda\\...', 114, Array)
#1 C:\Users\ganda\Documents\GitHub\hera\system\View\View.php(210): include('C:\\Users\\ganda\\...')
#2 C:\Users\ganda\Documents\GitHub\hera\system\View\View.php(213): CodeIgniter\View\View->CodeIgniter\View\{closure}()
#3 C:\Users\ganda\Documents\GitHub\hera\system\Common.php(1089): CodeIgniter\View\View->render('Admin/Penjualan...', Array, true)
#4 C:\Users\ganda\Documents\GitHub\hera\app\Controllers\PenjualanBarangCont.php(792): view('Admin/Penjualan...', Array)
#5 C:\Users\ganda\Documents\GitHub\hera\system\CodeIgniter.php(832): App\Controllers\PenjualanBarangCont->ubah('NHR-2063')
#6 C:\Users\ganda\Documents\GitHub\hera\system\CodeIgniter.php(419): CodeIgniter\CodeIgniter->runController(Object(App\Controllers\PenjualanBarangCont))
#7 C:\Users\ganda\Documents\GitHub\hera\system\CodeIgniter.php(326): CodeIgniter\CodeIgniter->handleRequest(NULL, Object(Config\Cache), false)
#8 C:\Users\ganda\Documents\GitHub\hera\public\index.php(37): CodeIgniter\CodeIgniter->run()
#9 C:\Users\ganda\Documents\GitHub\hera\system\Commands\Server\rewrite.php(43): require_once('C:\\Users\\ganda\\...')
#10 {main}
CRITICAL - 2024-06-23 21:32:13 --> Undefined variable: rows
#0 C:\Users\ganda\Documents\GitHub\hera\app\Views\Admin\User\Row.php(4): CodeIgniter\Debug\Exceptions->errorHandler(8, 'Undefined varia...', 'C:\\Users\\ganda\\...', 4, Array)
#1 C:\Users\ganda\Documents\GitHub\hera\system\View\View.php(210): include('C:\\Users\\ganda\\...')
#2 C:\Users\ganda\Documents\GitHub\hera\system\View\View.php(213): CodeIgniter\View\View->CodeIgniter\View\{closure}()
#3 C:\Users\ganda\Documents\GitHub\hera\system\Common.php(1089): CodeIgniter\View\View->render('Admin/User/Row', Array, true)
#4 C:\Users\ganda\Documents\GitHub\hera\app\Controllers\Admin.php(2639): view('Admin/User/Row', Array)
#5 C:\Users\ganda\Documents\GitHub\hera\system\CodeIgniter.php(832): App\Controllers\Admin->kelola_user()
#6 C:\Users\ganda\Documents\GitHub\hera\system\CodeIgniter.php(419): CodeIgniter\CodeIgniter->runController(Object(App\Controllers\Admin))
#7 C:\Users\ganda\Documents\GitHub\hera\system\CodeIgniter.php(326): CodeIgniter\CodeIgniter->handleRequest(NULL, Object(Config\Cache), false)
#8 C:\Users\ganda\Documents\GitHub\hera\public\index.php(37): CodeIgniter\CodeIgniter->run()
#9 C:\Users\ganda\Documents\GitHub\hera\system\Commands\Server\rewrite.php(43): require_once('C:\\Users\\ganda\\...')
#10 {main}
CRITICAL - 2024-06-23 21:32:54 --> Undefined variable: users
#0 C:\Users\ganda\Documents\GitHub\hera\app\Views\Admin\User\Row.php(4): CodeIgniter\Debug\Exceptions->errorHandler(8, 'Undefined varia...', 'C:\\Users\\ganda\\...', 4, Array)
#1 C:\Users\ganda\Documents\GitHub\hera\system\View\View.php(210): include('C:\\Users\\ganda\\...')
#2 C:\Users\ganda\Documents\GitHub\hera\system\View\View.php(213): CodeIgniter\View\View->CodeIgniter\View\{closure}()
#3 C:\Users\ganda\Documents\GitHub\hera\system\Common.php(1089): CodeIgniter\View\View->render('Admin/User/Row', Array, true)
#4 C:\Users\ganda\Documents\GitHub\hera\app\Controllers\Admin.php(2639): view('Admin/User/Row', Array)
#5 C:\Users\ganda\Documents\GitHub\hera\system\CodeIgniter.php(832): App\Controllers\Admin->kelola_user()
#6 C:\Users\ganda\Documents\GitHub\hera\system\CodeIgniter.php(419): CodeIgniter\CodeIgniter->runController(Object(App\Controllers\Admin))
#7 C:\Users\ganda\Documents\GitHub\hera\system\CodeIgniter.php(326): CodeIgniter\CodeIgniter->handleRequest(NULL, Object(Config\Cache), false)
#8 C:\Users\ganda\Documents\GitHub\hera\public\index.php(37): CodeIgniter\CodeIgniter->run()
#9 C:\Users\ganda\Documents\GitHub\hera\system\Commands\Server\rewrite.php(43): require_once('C:\\Users\\ganda\\...')
#10 {main}
CRITICAL - 2024-06-23 21:33:15 --> Undefined variable: rw
#0 C:\Users\ganda\Documents\GitHub\hera\app\Views\Admin\User\Row.php(4): CodeIgniter\Debug\Exceptions->errorHandler(8, 'Undefined varia...', 'C:\\Users\\ganda\\...', 4, Array)
#1 C:\Users\ganda\Documents\GitHub\hera\system\View\View.php(210): include('C:\\Users\\ganda\\...')
#2 C:\Users\ganda\Documents\GitHub\hera\system\View\View.php(213): CodeIgniter\View\View->CodeIgniter\View\{closure}()
#3 C:\Users\ganda\Documents\GitHub\hera\system\Common.php(1089): CodeIgniter\View\View->render('Admin/User/Row', Array, true)
#4 C:\Users\ganda\Documents\GitHub\hera\app\Controllers\Admin.php(2639): view('Admin/User/Row', Array)
#5 C:\Users\ganda\Documents\GitHub\hera\system\CodeIgniter.php(832): App\Controllers\Admin->kelola_user()
#6 C:\Users\ganda\Documents\GitHub\hera\system\CodeIgniter.php(419): CodeIgniter\CodeIgniter->runController(Object(App\Controllers\Admin))
#7 C:\Users\ganda\Documents\GitHub\hera\system\CodeIgniter.php(326): CodeIgniter\CodeIgniter->handleRequest(NULL, Object(Config\Cache), false)
#8 C:\Users\ganda\Documents\GitHub\hera\public\index.php(37): CodeIgniter\CodeIgniter->run()
#9 C:\Users\ganda\Documents\GitHub\hera\system\Commands\Server\rewrite.php(43): require_once('C:\\Users\\ganda\\...')
#10 {main}
CRITICAL - 2024-06-23 21:34:56 --> Undefined variable: i
#0 C:\Users\ganda\Documents\GitHub\hera\app\Views\Admin\User\Row.php(2): CodeIgniter\Debug\Exceptions->errorHandler(8, 'Undefined varia...', 'C:\\Users\\ganda\\...', 2, Array)
#1 C:\Users\ganda\Documents\GitHub\hera\system\View\View.php(210): include('C:\\Users\\ganda\\...')
#2 C:\Users\ganda\Documents\GitHub\hera\system\View\View.php(213): CodeIgniter\View\View->CodeIgniter\View\{closure}()
#3 C:\Users\ganda\Documents\GitHub\hera\system\Common.php(1089): CodeIgniter\View\View->render('Admin/User/Row', Array, true)
#4 C:\Users\ganda\Documents\GitHub\hera\app\Controllers\Admin.php(2639): view('Admin/User/Row', Array)
#5 C:\Users\ganda\Documents\GitHub\hera\system\CodeIgniter.php(832): App\Controllers\Admin->kelola_user()
#6 C:\Users\ganda\Documents\GitHub\hera\system\CodeIgniter.php(419): CodeIgniter\CodeIgniter->runController(Object(App\Controllers\Admin))
#7 C:\Users\ganda\Documents\GitHub\hera\system\CodeIgniter.php(326): CodeIgniter\CodeIgniter->handleRequest(NULL, Object(Config\Cache), false)
#8 C:\Users\ganda\Documents\GitHub\hera\public\index.php(37): CodeIgniter\CodeIgniter->run()
#9 C:\Users\ganda\Documents\GitHub\hera\system\Commands\Server\rewrite.php(43): require_once('C:\\Users\\ganda\\...')
#10 {main}
CRITICAL - 2024-06-23 21:36:33 --> Undefined variable: result
#0 C:\Users\ganda\Documents\GitHub\hera\app\Views\Admin\User\Row.php(6): CodeIgniter\Debug\Exceptions->errorHandler(8, 'Undefined varia...', 'C:\\Users\\ganda\\...', 6, Array)
#1 C:\Users\ganda\Documents\GitHub\hera\system\View\View.php(210): include('C:\\Users\\ganda\\...')
#2 C:\Users\ganda\Documents\GitHub\hera\system\View\View.php(213): CodeIgniter\View\View->CodeIgniter\View\{closure}()
#3 C:\Users\ganda\Documents\GitHub\hera\system\Common.php(1089): CodeIgniter\View\View->render('Admin/User/Row', Array, true)
#4 C:\Users\ganda\Documents\GitHub\hera\app\Controllers\Admin.php(2639): view('Admin/User/Row', Array)
#5 C:\Users\ganda\Documents\GitHub\hera\system\CodeIgniter.php(832): App\Controllers\Admin->kelola_user()
#6 C:\Users\ganda\Documents\GitHub\hera\system\CodeIgniter.php(419): CodeIgniter\CodeIgniter->runController(Object(App\Controllers\Admin))
#7 C:\Users\ganda\Documents\GitHub\hera\system\CodeIgniter.php(326): CodeIgniter\CodeIgniter->handleRequest(NULL, Object(Config\Cache), false)
#8 C:\Users\ganda\Documents\GitHub\hera\public\index.php(37): CodeIgniter\CodeIgniter->run()
#9 C:\Users\ganda\Documents\GitHub\hera\system\Commands\Server\rewrite.php(43): require_once('C:\\Users\\ganda\\...')
#10 {main}
CRITICAL - 2024-06-23 21:47:23 --> Trying to access array offset on value of type null
#0 C:\Users\ganda\Documents\GitHub\hera\app\Controllers\Admin.php(2868): CodeIgniter\Debug\Exceptions->errorHandler(8, 'Trying to acces...', 'C:\\Users\\ganda\\...', 2868, Array)
#1 C:\Users\ganda\Documents\GitHub\hera\system\CodeIgniter.php(832): App\Controllers\Admin->hutang()
#2 C:\Users\ganda\Documents\GitHub\hera\system\CodeIgniter.php(419): CodeIgniter\CodeIgniter->runController(Object(App\Controllers\Admin))
#3 C:\Users\ganda\Documents\GitHub\hera\system\CodeIgniter.php(326): CodeIgniter\CodeIgniter->handleRequest(NULL, Object(Config\Cache), false)
#4 C:\Users\ganda\Documents\GitHub\hera\public\index.php(37): CodeIgniter\CodeIgniter->run()
#5 C:\Users\ganda\Documents\GitHub\hera\system\Commands\Server\rewrite.php(43): require_once('C:\\Users\\ganda\\...')
#6 {main}
CRITICAL - 2024-06-23 21:51:23 --> Trying to access array offset on value of type null
#0 C:\Users\ganda\Documents\GitHub\hera\app\Controllers\Admin.php(3516): CodeIgniter\Debug\Exceptions->errorHandler(8, 'Trying to acces...', 'C:\\Users\\ganda\\...', 3516, Array)
#1 C:\Users\ganda\Documents\GitHub\hera\system\CodeIgniter.php(832): App\Controllers\Admin->kas()
#2 C:\Users\ganda\Documents\GitHub\hera\system\CodeIgniter.php(419): CodeIgniter\CodeIgniter->runController(Object(App\Controllers\Admin))
#3 C:\Users\ganda\Documents\GitHub\hera\system\CodeIgniter.php(326): CodeIgniter\CodeIgniter->handleRequest(NULL, Object(Config\Cache), false)
#4 C:\Users\ganda\Documents\GitHub\hera\public\index.php(37): CodeIgniter\CodeIgniter->run()
#5 C:\Users\ganda\Documents\GitHub\hera\system\Commands\Server\rewrite.php(43): require_once('C:\\Users\\ganda\\...')
#6 {main}
CRITICAL - 2024-06-23 21:52:23 --> Undefined variable: data
#0 C:\Users\ganda\Documents\GitHub\hera\app\Views\Admin\Kas\Index.php(139): CodeIgniter\Debug\Exceptions->errorHandler(8, 'Undefined varia...', 'C:\\Users\\ganda\\...', 139, Array)
#1 C:\Users\ganda\Documents\GitHub\hera\system\View\View.php(210): include('C:\\Users\\ganda\\...')
#2 C:\Users\ganda\Documents\GitHub\hera\system\View\View.php(213): CodeIgniter\View\View->CodeIgniter\View\{closure}()
#3 C:\Users\ganda\Documents\GitHub\hera\system\Common.php(1089): CodeIgniter\View\View->render('Admin/Kas/Index', Array, true)
#4 C:\Users\ganda\Documents\GitHub\hera\app\Controllers\Admin.php(3529): view('Admin/Kas/Index', Array)
#5 C:\Users\ganda\Documents\GitHub\hera\system\CodeIgniter.php(832): App\Controllers\Admin->kas()
#6 C:\Users\ganda\Documents\GitHub\hera\system\CodeIgniter.php(419): CodeIgniter\CodeIgniter->runController(Object(App\Controllers\Admin))
#7 C:\Users\ganda\Documents\GitHub\hera\system\CodeIgniter.php(326): CodeIgniter\CodeIgniter->handleRequest(NULL, Object(Config\Cache), false)
#8 C:\Users\ganda\Documents\GitHub\hera\public\index.php(37): CodeIgniter\CodeIgniter->run()
#9 C:\Users\ganda\Documents\GitHub\hera\system\Commands\Server\rewrite.php(43): require_once('C:\\Users\\ganda\\...')
#10 {main}
CRITICAL - 2024-06-23 21:52:36 --> Undefined variable: data
#0 C:\Users\ganda\Documents\GitHub\hera\app\Views\Admin\Kas\Index.php(139): CodeIgniter\Debug\Exceptions->errorHandler(8, 'Undefined varia...', 'C:\\Users\\ganda\\...', 139, Array)
#1 C:\Users\ganda\Documents\GitHub\hera\system\View\View.php(210): include('C:\\Users\\ganda\\...')
#2 C:\Users\ganda\Documents\GitHub\hera\system\View\View.php(213): CodeIgniter\View\View->CodeIgniter\View\{closure}()
#3 C:\Users\ganda\Documents\GitHub\hera\system\Common.php(1089): CodeIgniter\View\View->render('Admin/Kas/Index', Array, true)
#4 C:\Users\ganda\Documents\GitHub\hera\app\Controllers\Admin.php(3529): view('Admin/Kas/Index', Array)
#5 C:\Users\ganda\Documents\GitHub\hera\system\CodeIgniter.php(832): App\Controllers\Admin->kas()
#6 C:\Users\ganda\Documents\GitHub\hera\system\CodeIgniter.php(419): CodeIgniter\CodeIgniter->runController(Object(App\Controllers\Admin))
#7 C:\Users\ganda\Documents\GitHub\hera\system\CodeIgniter.php(326): CodeIgniter\CodeIgniter->handleRequest(NULL, Object(Config\Cache), false)
#8 C:\Users\ganda\Documents\GitHub\hera\public\index.php(37): CodeIgniter\CodeIgniter->run()
#9 C:\Users\ganda\Documents\GitHub\hera\system\Commands\Server\rewrite.php(43): require_once('C:\\Users\\ganda\\...')
#10 {main}
CRITICAL - 2024-06-23 22:30:02 --> Undefined variable: data
#0 C:\Users\ganda\Documents\GitHub\hera\app\Views\Admin\Kas\Index.php(139): CodeIgniter\Debug\Exceptions->errorHandler(8, 'Undefined varia...', 'C:\\Users\\ganda\\...', 139, Array)
#1 C:\Users\ganda\Documents\GitHub\hera\system\View\View.php(210): include('C:\\Users\\ganda\\...')
#2 C:\Users\ganda\Documents\GitHub\hera\system\View\View.php(213): CodeIgniter\View\View->CodeIgniter\View\{closure}()
#3 C:\Users\ganda\Documents\GitHub\hera\system\Common.php(1089): CodeIgniter\View\View->render('Admin/Kas/Index', Array, true)
#4 C:\Users\ganda\Documents\GitHub\hera\app\Controllers\Admin.php(3552): view('Admin/Kas/Index', Array)
#5 C:\Users\ganda\Documents\GitHub\hera\system\CodeIgniter.php(832): App\Controllers\Admin->kas()
#6 C:\Users\ganda\Documents\GitHub\hera\system\CodeIgniter.php(419): CodeIgniter\CodeIgniter->runController(Object(App\Controllers\Admin))
#7 C:\Users\ganda\Documents\GitHub\hera\system\CodeIgniter.php(326): CodeIgniter\CodeIgniter->handleRequest(NULL, Object(Config\Cache), false)
#8 C:\Users\ganda\Documents\GitHub\hera\public\index.php(37): CodeIgniter\CodeIgniter->run()
#9 C:\Users\ganda\Documents\GitHub\hera\system\Commands\Server\rewrite.php(43): require_once('C:\\Users\\ganda\\...')
#10 {main}
CRITICAL - 2024-06-23 22:30:06 --> Undefined variable: data
#0 C:\Users\ganda\Documents\GitHub\hera\app\Views\Admin\Kas\Index.php(139): CodeIgniter\Debug\Exceptions->errorHandler(8, 'Undefined varia...', 'C:\\Users\\ganda\\...', 139, Array)
#1 C:\Users\ganda\Documents\GitHub\hera\system\View\View.php(210): include('C:\\Users\\ganda\\...')
#2 C:\Users\ganda\Documents\GitHub\hera\system\View\View.php(213): CodeIgniter\View\View->CodeIgniter\View\{closure}()
#3 C:\Users\ganda\Documents\GitHub\hera\system\Common.php(1089): CodeIgniter\View\View->render('Admin/Kas/Index', Array, true)
#4 C:\Users\ganda\Documents\GitHub\hera\app\Controllers\Admin.php(3552): view('Admin/Kas/Index', Array)
#5 C:\Users\ganda\Documents\GitHub\hera\system\CodeIgniter.php(832): App\Controllers\Admin->kas()
#6 C:\Users\ganda\Documents\GitHub\hera\system\CodeIgniter.php(419): CodeIgniter\CodeIgniter->runController(Object(App\Controllers\Admin))
#7 C:\Users\ganda\Documents\GitHub\hera\system\CodeIgniter.php(326): CodeIgniter\CodeIgniter->handleRequest(NULL, Object(Config\Cache), false)
#8 C:\Users\ganda\Documents\GitHub\hera\public\index.php(37): CodeIgniter\CodeIgniter->run()
#9 C:\Users\ganda\Documents\GitHub\hera\system\Commands\Server\rewrite.php(43): require_once('C:\\Users\\ganda\\...')
#10 {main}
