CRITICAL - 2024-08-20 08:32:29 --> Trying to get property 'username' of non-object
#0 C:\Users\ganda\Documents\GitHub\Hera After sidang\app\Views\Kasir\Templates\Topbar.php(44): CodeIgniter\Debug\Exceptions->errorHandler(8, 'Trying to get p...', 'C:\\Users\\ganda\\...', 44, Array)
#1 C:\Users\ganda\Documents\GitHub\Hera After sidang\system\View\View.php(210): include('C:\\Users\\ganda\\...')
#2 C:\Users\ganda\Documents\GitHub\Hera After sidang\system\View\View.php(213): CodeIgniter\View\View->CodeIgniter\View\{closure}()
#3 C:\Users\ganda\Documents\GitHub\Hera After sidang\system\View\View.php(424): CodeIgniter\View\View->render('Kasir/Templates...', NULL, true)
#4 C:\Users\ganda\Documents\GitHub\Hera After sidang\app\Views\Kasir\Templates\Index.php(107): CodeIgniter\View\View->include('Kasir/Templates...')
#5 C:\Users\ganda\Documents\GitHub\Hera After sidang\system\View\View.php(210): include('C:\\Users\\ganda\\...')
#6 C:\Users\ganda\Documents\GitHub\Hera After sidang\system\View\View.php(213): CodeIgniter\View\View->CodeIgniter\View\{closure}()
#7 C:\Users\ganda\Documents\GitHub\Hera After sidang\system\View\View.php(226): CodeIgniter\View\View->render('Kasir/Templates...', Array, true)
#8 C:\Users\ganda\Documents\GitHub\Hera After sidang\system\Common.php(1089): CodeIgniter\View\View->render('Kasir/Aset/Inde...', Array, true)
#9 C:\Users\ganda\Documents\GitHub\Hera After sidang\app\Controllers\Kasir.php(253): view('Kasir/Aset/Inde...', Array)
#10 C:\Users\ganda\Documents\GitHub\Hera After sidang\system\CodeIgniter.php(832): App\Controllers\Kasir->aset()
#11 C:\Users\ganda\Documents\GitHub\Hera After sidang\system\CodeIgniter.php(419): CodeIgniter\CodeIgniter->runController(Object(App\Controllers\Kasir))
#12 C:\Users\ganda\Documents\GitHub\Hera After sidang\system\CodeIgniter.php(326): CodeIgniter\CodeIgniter->handleRequest(NULL, Object(Config\Cache), false)
#13 C:\Users\ganda\Documents\GitHub\Hera After sidang\public\index.php(37): CodeIgniter\CodeIgniter->run()
#14 C:\Users\ganda\Documents\GitHub\Hera After sidang\system\Commands\Server\rewrite.php(43): require_once('C:\\Users\\ganda\\...')
#15 {main}
CRITICAL - 2024-08-20 08:42:48 --> Undefined variable: totalKasMasuk
#0 C:\Users\ganda\Documents\GitHub\Hera After sidang\app\Views\Pemilik\Laporan\Lap_arusKas.php(133): CodeIgniter\Debug\Exceptions->errorHandler(8, 'Undefined varia...', 'C:\\Users\\ganda\\...', 133, Array)
#1 C:\Users\ganda\Documents\GitHub\Hera After sidang\system\View\View.php(210): include('C:\\Users\\ganda\\...')
#2 C:\Users\ganda\Documents\GitHub\Hera After sidang\system\View\View.php(213): CodeIgniter\View\View->CodeIgniter\View\{closure}()
#3 C:\Users\ganda\Documents\GitHub\Hera After sidang\system\Common.php(1089): CodeIgniter\View\View->render('Pemilik/Laporan...', Array, true)
#4 C:\Users\ganda\Documents\GitHub\Hera After sidang\app\Controllers\Pemilik.php(703): view('Pemilik/Laporan...', Array)
#5 C:\Users\ganda\Documents\GitHub\Hera After sidang\system\CodeIgniter.php(832): App\Controllers\Pemilik->cetakArusKas()
#6 C:\Users\ganda\Documents\GitHub\Hera After sidang\system\CodeIgniter.php(419): CodeIgniter\CodeIgniter->runController(Object(App\Controllers\Pemilik))
#7 C:\Users\ganda\Documents\GitHub\Hera After sidang\system\CodeIgniter.php(326): CodeIgniter\CodeIgniter->handleRequest(NULL, Object(Config\Cache), false)
#8 C:\Users\ganda\Documents\GitHub\Hera After sidang\public\index.php(37): CodeIgniter\CodeIgniter->run()
#9 C:\Users\ganda\Documents\GitHub\Hera After sidang\system\Commands\Server\rewrite.php(43): require_once('C:\\Users\\ganda\\...')
#10 {main}
CRITICAL - 2024-08-20 08:45:52 --> Undefined variable: pemilikName
#0 C:\Users\ganda\Documents\GitHub\Hera After sidang\app\Views\Pemilik\Laporan\Lap_labaRugi.php(210): CodeIgniter\Debug\Exceptions->errorHandler(8, 'Undefined varia...', 'C:\\Users\\ganda\\...', 210, Array)
#1 C:\Users\ganda\Documents\GitHub\Hera After sidang\system\View\View.php(210): include('C:\\Users\\ganda\\...')
#2 C:\Users\ganda\Documents\GitHub\Hera After sidang\system\View\View.php(213): CodeIgniter\View\View->CodeIgniter\View\{closure}()
#3 C:\Users\ganda\Documents\GitHub\Hera After sidang\system\Common.php(1089): CodeIgniter\View\View->render('Pemilik/Laporan...', Array, true)
#4 C:\Users\ganda\Documents\GitHub\Hera After sidang\app\Controllers\Pemilik.php(580): view('Pemilik/Laporan...', Array)
#5 C:\Users\ganda\Documents\GitHub\Hera After sidang\system\CodeIgniter.php(832): App\Controllers\Pemilik->cetakLabaRugi()
#6 C:\Users\ganda\Documents\GitHub\Hera After sidang\system\CodeIgniter.php(419): CodeIgniter\CodeIgniter->runController(Object(App\Controllers\Pemilik))
#7 C:\Users\ganda\Documents\GitHub\Hera After sidang\system\CodeIgniter.php(326): CodeIgniter\CodeIgniter->handleRequest(NULL, Object(Config\Cache), false)
#8 C:\Users\ganda\Documents\GitHub\Hera After sidang\public\index.php(37): CodeIgniter\CodeIgniter->run()
#9 C:\Users\ganda\Documents\GitHub\Hera After sidang\system\Commands\Server\rewrite.php(43): require_once('C:\\Users\\ganda\\...')
#10 {main}
