CRITICAL - 2022-12-02 15:24:27 --> Maximum execution time of 60 seconds exceeded
#0 [internal function]: CodeIgniter\Debug\Exceptions->shutdownHandler()
#1 {main}
CRITICAL - 2022-12-02 15:34:17 --> Maximum execution time of 60 seconds exceeded
#0 [internal function]: CodeIgniter\Debug\Exceptions->shutdownHandler()
#1 {main}
CRITICAL - 2022-12-02 15:35:18 --> Maximum execution time of 60 seconds exceeded
#0 [internal function]: CodeIgniter\Debug\Exceptions->shutdownHandler()
#1 {main}
CRITICAL - 2022-12-02 15:35:19 --> Cannot use object of type CodeIgniter\Database\MySQLi\Builder as array
#0 C:\Users\ganda\Documents\GitHub\SIPM_polda\system\CodeIgniter.php(832): App\Controllers\User->ekspor('58')
#1 C:\Users\ganda\Documents\GitHub\SIPM_polda\system\CodeIgniter.php(419): CodeIgniter\CodeIgniter->runController(Object(App\Controllers\User))
#2 C:\Users\ganda\Documents\GitHub\SIPM_polda\system\CodeIgniter.php(326): CodeIgniter\CodeIgniter->handleRequest(NULL, Object(Config\Cache), false)
#3 C:\Users\ganda\Documents\GitHub\SIPM_polda\public\index.php(37): CodeIgniter\CodeIgniter->run()
#4 C:\Users\ganda\Documents\GitHub\SIPM_polda\system\Commands\Server\rewrite.php(43): require_once('C:\\Users\\ganda\\...')
#5 {main}
CRITICAL - 2022-12-02 15:36:21 --> Cannot use object of type stdClass as array
#0 C:\Users\ganda\Documents\GitHub\SIPM_polda\system\View\View.php(210): include()
#1 C:\Users\ganda\Documents\GitHub\SIPM_polda\system\View\View.php(213): CodeIgniter\View\View->CodeIgniter\View\{closure}()
#2 C:\Users\ganda\Documents\GitHub\SIPM_polda\system\Common.php(1089): CodeIgniter\View\View->render('user/pengaduan/...', Array, true)
#3 C:\Users\ganda\Documents\GitHub\SIPM_polda\app\Controllers\User.php(486): view('user/pengaduan/...', Array)
#4 C:\Users\ganda\Documents\GitHub\SIPM_polda\system\CodeIgniter.php(832): App\Controllers\User->ekspor('58')
#5 C:\Users\ganda\Documents\GitHub\SIPM_polda\system\CodeIgniter.php(419): CodeIgniter\CodeIgniter->runController(Object(App\Controllers\User))
#6 C:\Users\ganda\Documents\GitHub\SIPM_polda\system\CodeIgniter.php(326): CodeIgniter\CodeIgniter->handleRequest(NULL, Object(Config\Cache), false)
#7 C:\Users\ganda\Documents\GitHub\SIPM_polda\public\index.php(37): CodeIgniter\CodeIgniter->run()
#8 C:\Users\ganda\Documents\GitHub\SIPM_polda\system\Commands\Server\rewrite.php(43): require_once('C:\\Users\\ganda\\...')
#9 {main}
CRITICAL - 2022-12-02 15:38:35 --> Maximum execution time of 60 seconds exceeded
#0 [internal function]: CodeIgniter\Debug\Exceptions->shutdownHandler()
#1 {main}
CRITICAL - 2022-12-02 15:39:36 --> Maximum execution time of 60 seconds exceeded
#0 [internal function]: CodeIgniter\Debug\Exceptions->shutdownHandler()
#1 {main}
CRITICAL - 2022-12-02 15:41:22 --> Maximum execution time of 60 seconds exceeded
#0 [internal function]: CodeIgniter\Debug\Exceptions->shutdownHandler()
#1 {main}
CRITICAL - 2022-12-02 15:42:24 --> Maximum execution time of 60 seconds exceeded
#0 [internal function]: CodeIgniter\Debug\Exceptions->shutdownHandler()
#1 {main}
CRITICAL - 2022-12-02 15:47:14 --> Maximum execution time of 60 seconds exceeded
#0 [internal function]: CodeIgniter\Debug\Exceptions->shutdownHandler()
#1 {main}
CRITICAL - 2022-12-02 15:48:16 --> Maximum execution time of 60 seconds exceeded
#0 [internal function]: CodeIgniter\Debug\Exceptions->shutdownHandler()
#1 {main}
CRITICAL - 2022-12-02 15:52:22 --> Maximum execution time of 60 seconds exceeded
#0 [internal function]: CodeIgniter\Debug\Exceptions->shutdownHandler()
#1 {main}
CRITICAL - 2022-12-02 15:55:09 --> Trying to get property 'id' of non-object
#0 C:\Users\ganda\Documents\GitHub\SIPM_polda\app\Views\user\pengaduan\cetak.php(34): CodeIgniter\Debug\Exceptions->errorHandler(8, 'Trying to get p...', 'C:\\Users\\ganda\\...', 34, Array)
#1 C:\Users\ganda\Documents\GitHub\SIPM_polda\system\View\View.php(210): include('C:\\Users\\ganda\\...')
#2 C:\Users\ganda\Documents\GitHub\SIPM_polda\system\View\View.php(213): CodeIgniter\View\View->CodeIgniter\View\{closure}()
#3 C:\Users\ganda\Documents\GitHub\SIPM_polda\system\Common.php(1089): CodeIgniter\View\View->render('user/pengaduan/...', Array, true)
#4 C:\Users\ganda\Documents\GitHub\SIPM_polda\app\Controllers\User.php(473): view('user/pengaduan/...', Array)
#5 C:\Users\ganda\Documents\GitHub\SIPM_polda\system\CodeIgniter.php(832): App\Controllers\User->ekspor('58')
#6 C:\Users\ganda\Documents\GitHub\SIPM_polda\system\CodeIgniter.php(419): CodeIgniter\CodeIgniter->runController(Object(App\Controllers\User))
#7 C:\Users\ganda\Documents\GitHub\SIPM_polda\system\CodeIgniter.php(326): CodeIgniter\CodeIgniter->handleRequest(NULL, Object(Config\Cache), false)
#8 C:\Users\ganda\Documents\GitHub\SIPM_polda\public\index.php(37): CodeIgniter\CodeIgniter->run()
#9 C:\Users\ganda\Documents\GitHub\SIPM_polda\system\Commands\Server\rewrite.php(43): require_once('C:\\Users\\ganda\\...')
#10 {main}
CRITICAL - 2022-12-02 15:59:03 --> Trying to get property 'id' of non-object
#0 C:\Users\ganda\Documents\GitHub\SIPM_polda\app\Views\user\pengaduan\cetak.php(34): CodeIgniter\Debug\Exceptions->errorHandler(8, 'Trying to get p...', 'C:\\Users\\ganda\\...', 34, Array)
#1 C:\Users\ganda\Documents\GitHub\SIPM_polda\system\View\View.php(210): include('C:\\Users\\ganda\\...')
#2 C:\Users\ganda\Documents\GitHub\SIPM_polda\system\View\View.php(213): CodeIgniter\View\View->CodeIgniter\View\{closure}()
#3 C:\Users\ganda\Documents\GitHub\SIPM_polda\system\Common.php(1089): CodeIgniter\View\View->render('user/pengaduan/...', Array, true)
#4 C:\Users\ganda\Documents\GitHub\SIPM_polda\app\Controllers\User.php(473): view('user/pengaduan/...', Array)
#5 C:\Users\ganda\Documents\GitHub\SIPM_polda\system\CodeIgniter.php(832): App\Controllers\User->ekspor('58')
#6 C:\Users\ganda\Documents\GitHub\SIPM_polda\system\CodeIgniter.php(419): CodeIgniter\CodeIgniter->runController(Object(App\Controllers\User))
#7 C:\Users\ganda\Documents\GitHub\SIPM_polda\system\CodeIgniter.php(326): CodeIgniter\CodeIgniter->handleRequest(NULL, Object(Config\Cache), false)
#8 C:\Users\ganda\Documents\GitHub\SIPM_polda\public\index.php(37): CodeIgniter\CodeIgniter->run()
#9 C:\Users\ganda\Documents\GitHub\SIPM_polda\system\Commands\Server\rewrite.php(43): require_once('C:\\Users\\ganda\\...')
#10 {main}
CRITICAL - 2022-12-02 16:00:53 --> Maximum execution time of 60 seconds exceeded
#0 [internal function]: CodeIgniter\Debug\Exceptions->shutdownHandler()
#1 {main}
CRITICAL - 2022-12-02 16:02:00 --> Maximum execution time of 60 seconds exceeded
#0 [internal function]: CodeIgniter\Debug\Exceptions->shutdownHandler()
#1 {main}
CRITICAL - 2022-12-02 16:05:58 --> Maximum execution time of 60 seconds exceeded
#0 [internal function]: CodeIgniter\Debug\Exceptions->shutdownHandler()
#1 {main}
CRITICAL - 2022-12-02 19:14:10 --> Trying to get property 'username' of non-object
#0 C:\Users\ganda\Documents\GitHub\SIPM_polda\app\Views\user\templates\index.php(121): CodeIgniter\Debug\Exceptions->errorHandler(8, 'Trying to get p...', 'C:\\Users\\ganda\\...', 121, Array)
#1 C:\Users\ganda\Documents\GitHub\SIPM_polda\system\View\View.php(210): include('C:\\Users\\ganda\\...')
#2 C:\Users\ganda\Documents\GitHub\SIPM_polda\system\View\View.php(213): CodeIgniter\View\View->CodeIgniter\View\{closure}()
#3 C:\Users\ganda\Documents\GitHub\SIPM_polda\system\View\View.php(226): CodeIgniter\View\View->render('user/templates/...', Array, true)
#4 C:\Users\ganda\Documents\GitHub\SIPM_polda\system\Common.php(1089): CodeIgniter\View\View->render('user/pengaduan/...', Array, true)
#5 C:\Users\ganda\Documents\GitHub\SIPM_polda\app\Controllers\User.php(304): view('user/pengaduan/...', Array)
#6 C:\Users\ganda\Documents\GitHub\SIPM_polda\system\CodeIgniter.php(832): App\Controllers\User->detail('58')
#7 C:\Users\ganda\Documents\GitHub\SIPM_polda\system\CodeIgniter.php(419): CodeIgniter\CodeIgniter->runController(Object(App\Controllers\User))
#8 C:\Users\ganda\Documents\GitHub\SIPM_polda\system\CodeIgniter.php(326): CodeIgniter\CodeIgniter->handleRequest(NULL, Object(Config\Cache), false)
#9 C:\Users\ganda\Documents\GitHub\SIPM_polda\public\index.php(37): CodeIgniter\CodeIgniter->run()
#10 C:\Users\ganda\Documents\GitHub\SIPM_polda\system\Commands\Server\rewrite.php(43): require_once('C:\\Users\\ganda\\...')
#11 {main}
CRITICAL - 2022-12-02 19:17:53 --> Maximum execution time of 60 seconds exceeded
#0 [internal function]: CodeIgniter\Debug\Exceptions->shutdownHandler()
#1 {main}
CRITICAL - 2022-12-02 19:18:54 --> Maximum execution time of 60 seconds exceeded
#0 [internal function]: CodeIgniter\Debug\Exceptions->shutdownHandler()
#1 {main}
CRITICAL - 2022-12-02 19:38:06 --> Undefined variable: pengaduan
#0 C:\Users\ganda\Documents\GitHub\SIPM_polda\app\Views\user\pengaduan\index.php(63): CodeIgniter\Debug\Exceptions->errorHandler(8, 'Undefined varia...', 'C:\\Users\\ganda\\...', 63, Array)
#1 C:\Users\ganda\Documents\GitHub\SIPM_polda\system\View\View.php(210): include('C:\\Users\\ganda\\...')
#2 C:\Users\ganda\Documents\GitHub\SIPM_polda\system\View\View.php(213): CodeIgniter\View\View->CodeIgniter\View\{closure}()
#3 C:\Users\ganda\Documents\GitHub\SIPM_polda\system\Common.php(1089): CodeIgniter\View\View->render('user/pengaduan/...', Array, true)
#4 C:\Users\ganda\Documents\GitHub\SIPM_polda\app\Controllers\User.php(479): view('user/pengaduan/...')
#5 C:\Users\ganda\Documents\GitHub\SIPM_polda\system\CodeIgniter.php(832): App\Controllers\User->ekspor('58')
#6 C:\Users\ganda\Documents\GitHub\SIPM_polda\system\CodeIgniter.php(419): CodeIgniter\CodeIgniter->runController(Object(App\Controllers\User))
#7 C:\Users\ganda\Documents\GitHub\SIPM_polda\system\CodeIgniter.php(326): CodeIgniter\CodeIgniter->handleRequest(NULL, Object(Config\Cache), false)
#8 C:\Users\ganda\Documents\GitHub\SIPM_polda\public\index.php(37): CodeIgniter\CodeIgniter->run()
#9 C:\Users\ganda\Documents\GitHub\SIPM_polda\system\Commands\Server\rewrite.php(43): require_once('C:\\Users\\ganda\\...')
#10 {main}
CRITICAL - 2022-12-02 19:38:30 --> Undefined variable: pengaduan
#0 C:\Users\ganda\Documents\GitHub\SIPM_polda\app\Views\user\pengaduan\index.php(63): CodeIgniter\Debug\Exceptions->errorHandler(8, 'Undefined varia...', 'C:\\Users\\ganda\\...', 63, Array)
#1 C:\Users\ganda\Documents\GitHub\SIPM_polda\system\View\View.php(210): include('C:\\Users\\ganda\\...')
#2 C:\Users\ganda\Documents\GitHub\SIPM_polda\system\View\View.php(213): CodeIgniter\View\View->CodeIgniter\View\{closure}()
#3 C:\Users\ganda\Documents\GitHub\SIPM_polda\system\Common.php(1089): CodeIgniter\View\View->render('user/pengaduan/...', Array, true)
#4 C:\Users\ganda\Documents\GitHub\SIPM_polda\app\Controllers\User.php(479): view('user/pengaduan/...')
#5 C:\Users\ganda\Documents\GitHub\SIPM_polda\system\CodeIgniter.php(832): App\Controllers\User->ekspor('58')
#6 C:\Users\ganda\Documents\GitHub\SIPM_polda\system\CodeIgniter.php(419): CodeIgniter\CodeIgniter->runController(Object(App\Controllers\User))
#7 C:\Users\ganda\Documents\GitHub\SIPM_polda\system\CodeIgniter.php(326): CodeIgniter\CodeIgniter->handleRequest(NULL, Object(Config\Cache), false)
#8 C:\Users\ganda\Documents\GitHub\SIPM_polda\public\index.php(37): CodeIgniter\CodeIgniter->run()
#9 C:\Users\ganda\Documents\GitHub\SIPM_polda\system\Commands\Server\rewrite.php(43): require_once('C:\\Users\\ganda\\...')
#10 {main}
CRITICAL - 2022-12-02 19:44:20 --> Call to undefined method App\Models\Pengaduan::row
#0 C:\Users\ganda\Documents\GitHub\SIPM_polda\app\Controllers\User.php(464): CodeIgniter\Model->__call('row', Array)
#1 C:\Users\ganda\Documents\GitHub\SIPM_polda\system\CodeIgniter.php(832): App\Controllers\User->ekspor('58')
#2 C:\Users\ganda\Documents\GitHub\SIPM_polda\system\CodeIgniter.php(419): CodeIgniter\CodeIgniter->runController(Object(App\Controllers\User))
#3 C:\Users\ganda\Documents\GitHub\SIPM_polda\system\CodeIgniter.php(326): CodeIgniter\CodeIgniter->handleRequest(NULL, Object(Config\Cache), false)
#4 C:\Users\ganda\Documents\GitHub\SIPM_polda\public\index.php(37): CodeIgniter\CodeIgniter->run()
#5 C:\Users\ganda\Documents\GitHub\SIPM_polda\system\Commands\Server\rewrite.php(43): require_once('C:\\Users\\ganda\\...')
#6 {main}
CRITICAL - 2022-12-02 19:44:39 --> Call to undefined method App\Models\Pengaduan::row
#0 C:\Users\ganda\Documents\GitHub\SIPM_polda\app\Controllers\User.php(464): CodeIgniter\Model->__call('row', Array)
#1 C:\Users\ganda\Documents\GitHub\SIPM_polda\system\CodeIgniter.php(832): App\Controllers\User->ekspor('58')
#2 C:\Users\ganda\Documents\GitHub\SIPM_polda\system\CodeIgniter.php(419): CodeIgniter\CodeIgniter->runController(Object(App\Controllers\User))
#3 C:\Users\ganda\Documents\GitHub\SIPM_polda\system\CodeIgniter.php(326): CodeIgniter\CodeIgniter->handleRequest(NULL, Object(Config\Cache), false)
#4 C:\Users\ganda\Documents\GitHub\SIPM_polda\public\index.php(37): CodeIgniter\CodeIgniter->run()
#5 C:\Users\ganda\Documents\GitHub\SIPM_polda\system\Commands\Server\rewrite.php(43): require_once('C:\\Users\\ganda\\...')
#6 {main}
CRITICAL - 2022-12-02 19:45:51 --> Call to undefined method App\Models\Pengaduan::row
#0 C:\Users\ganda\Documents\GitHub\SIPM_polda\app\Controllers\User.php(464): CodeIgniter\Model->__call('row', Array)
#1 C:\Users\ganda\Documents\GitHub\SIPM_polda\system\CodeIgniter.php(832): App\Controllers\User->ekspor('58')
#2 C:\Users\ganda\Documents\GitHub\SIPM_polda\system\CodeIgniter.php(419): CodeIgniter\CodeIgniter->runController(Object(App\Controllers\User))
#3 C:\Users\ganda\Documents\GitHub\SIPM_polda\system\CodeIgniter.php(326): CodeIgniter\CodeIgniter->handleRequest(NULL, Object(Config\Cache), false)
#4 C:\Users\ganda\Documents\GitHub\SIPM_polda\public\index.php(37): CodeIgniter\CodeIgniter->run()
#5 C:\Users\ganda\Documents\GitHub\SIPM_polda\system\Commands\Server\rewrite.php(43): require_once('C:\\Users\\ganda\\...')
#6 {main}
CRITICAL - 2022-12-02 19:46:27 --> Undefined variable: detail
#0 C:\Users\ganda\Documents\GitHub\SIPM_polda\app\Views\user\pengaduan\cetak.php(34): CodeIgniter\Debug\Exceptions->errorHandler(8, 'Undefined varia...', 'C:\\Users\\ganda\\...', 34, Array)
#1 C:\Users\ganda\Documents\GitHub\SIPM_polda\system\View\View.php(210): include('C:\\Users\\ganda\\...')
#2 C:\Users\ganda\Documents\GitHub\SIPM_polda\system\View\View.php(213): CodeIgniter\View\View->CodeIgniter\View\{closure}()
#3 C:\Users\ganda\Documents\GitHub\SIPM_polda\system\Common.php(1089): CodeIgniter\View\View->render('user/pengaduan/...', Array, true)
#4 C:\Users\ganda\Documents\GitHub\SIPM_polda\app\Controllers\User.php(475): view('user/pengaduan/...', Array)
#5 C:\Users\ganda\Documents\GitHub\SIPM_polda\system\CodeIgniter.php(832): App\Controllers\User->ekspor('58')
#6 C:\Users\ganda\Documents\GitHub\SIPM_polda\system\CodeIgniter.php(419): CodeIgniter\CodeIgniter->runController(Object(App\Controllers\User))
#7 C:\Users\ganda\Documents\GitHub\SIPM_polda\system\CodeIgniter.php(326): CodeIgniter\CodeIgniter->handleRequest(NULL, Object(Config\Cache), false)
#8 C:\Users\ganda\Documents\GitHub\SIPM_polda\public\index.php(37): CodeIgniter\CodeIgniter->run()
#9 C:\Users\ganda\Documents\GitHub\SIPM_polda\system\Commands\Server\rewrite.php(43): require_once('C:\\Users\\ganda\\...')
#10 {main}
CRITICAL - 2022-12-02 19:46:43 --> Undefined variable: title
#0 C:\Users\ganda\Documents\GitHub\SIPM_polda\app\Views\user\templates\index.php(12): CodeIgniter\Debug\Exceptions->errorHandler(8, 'Undefined varia...', 'C:\\Users\\ganda\\...', 12, Array)
#1 C:\Users\ganda\Documents\GitHub\SIPM_polda\system\View\View.php(210): include('C:\\Users\\ganda\\...')
#2 C:\Users\ganda\Documents\GitHub\SIPM_polda\system\View\View.php(213): CodeIgniter\View\View->CodeIgniter\View\{closure}()
#3 C:\Users\ganda\Documents\GitHub\SIPM_polda\system\View\View.php(226): CodeIgniter\View\View->render('user/templates/...', Array, true)
#4 C:\Users\ganda\Documents\GitHub\SIPM_polda\system\Common.php(1089): CodeIgniter\View\View->render('user/pengaduan/...', Array, true)
#5 C:\Users\ganda\Documents\GitHub\SIPM_polda\app\Controllers\User.php(475): view('user/pengaduan/...', Array)
#6 C:\Users\ganda\Documents\GitHub\SIPM_polda\system\CodeIgniter.php(832): App\Controllers\User->ekspor('58')
#7 C:\Users\ganda\Documents\GitHub\SIPM_polda\system\CodeIgniter.php(419): CodeIgniter\CodeIgniter->runController(Object(App\Controllers\User))
#8 C:\Users\ganda\Documents\GitHub\SIPM_polda\system\CodeIgniter.php(326): CodeIgniter\CodeIgniter->handleRequest(NULL, Object(Config\Cache), false)
#9 C:\Users\ganda\Documents\GitHub\SIPM_polda\public\index.php(37): CodeIgniter\CodeIgniter->run()
#10 C:\Users\ganda\Documents\GitHub\SIPM_polda\system\Commands\Server\rewrite.php(43): require_once('C:\\Users\\ganda\\...')
#11 {main}
CRITICAL - 2022-12-02 19:48:05 --> Maximum execution time of 60 seconds exceeded
#0 [internal function]: CodeIgniter\Debug\Exceptions->shutdownHandler()
#1 {main}
CRITICAL - 2022-12-02 19:50:59 --> Undefined variable: title
#0 C:\Users\ganda\Documents\GitHub\SIPM_polda\app\Views\user\templates\index.php(12): CodeIgniter\Debug\Exceptions->errorHandler(8, 'Undefined varia...', 'C:\\Users\\ganda\\...', 12, Array)
#1 C:\Users\ganda\Documents\GitHub\SIPM_polda\system\View\View.php(210): include('C:\\Users\\ganda\\...')
#2 C:\Users\ganda\Documents\GitHub\SIPM_polda\system\View\View.php(213): CodeIgniter\View\View->CodeIgniter\View\{closure}()
#3 C:\Users\ganda\Documents\GitHub\SIPM_polda\system\View\View.php(226): CodeIgniter\View\View->render('user/templates/...', Array, true)
#4 C:\Users\ganda\Documents\GitHub\SIPM_polda\system\Common.php(1089): CodeIgniter\View\View->render('user/pengaduan/...', Array, true)
#5 C:\Users\ganda\Documents\GitHub\SIPM_polda\app\Controllers\User.php(475): view('user/pengaduan/...', Array)
#6 C:\Users\ganda\Documents\GitHub\SIPM_polda\system\CodeIgniter.php(832): App\Controllers\User->ekspor('58')
#7 C:\Users\ganda\Documents\GitHub\SIPM_polda\system\CodeIgniter.php(419): CodeIgniter\CodeIgniter->runController(Object(App\Controllers\User))
#8 C:\Users\ganda\Documents\GitHub\SIPM_polda\system\CodeIgniter.php(326): CodeIgniter\CodeIgniter->handleRequest(NULL, Object(Config\Cache), false)
#9 C:\Users\ganda\Documents\GitHub\SIPM_polda\public\index.php(37): CodeIgniter\CodeIgniter->run()
#10 C:\Users\ganda\Documents\GitHub\SIPM_polda\system\Commands\Server\rewrite.php(43): require_once('C:\\Users\\ganda\\...')
#11 {main}
CRITICAL - 2022-12-02 19:52:54 --> Maximum execution time of 60 seconds exceeded
#0 [internal function]: CodeIgniter\Debug\Exceptions->shutdownHandler()
#1 {main}
CRITICAL - 2022-12-02 19:53:56 --> Maximum execution time of 60 seconds exceeded
#0 [internal function]: CodeIgniter\Debug\Exceptions->shutdownHandler()
#1 {main}
CRITICAL - 2022-12-02 20:00:36 --> Undefined variable: pengaduan
#0 C:\Users\ganda\Documents\GitHub\SIPM_polda\app\Views\user\pengaduan\print.php(26): CodeIgniter\Debug\Exceptions->errorHandler(8, 'Undefined varia...', 'C:\\Users\\ganda\\...', 26, Array)
#1 C:\Users\ganda\Documents\GitHub\SIPM_polda\system\View\View.php(210): include('C:\\Users\\ganda\\...')
#2 C:\Users\ganda\Documents\GitHub\SIPM_polda\system\View\View.php(213): CodeIgniter\View\View->CodeIgniter\View\{closure}()
#3 C:\Users\ganda\Documents\GitHub\SIPM_polda\system\Common.php(1089): CodeIgniter\View\View->render('user/pengaduan/...', Array, true)
#4 C:\Users\ganda\Documents\GitHub\SIPM_polda\app\Controllers\User.php(476): view('user/pengaduan/...', Array)
#5 C:\Users\ganda\Documents\GitHub\SIPM_polda\system\CodeIgniter.php(832): App\Controllers\User->ekspor('58')
#6 C:\Users\ganda\Documents\GitHub\SIPM_polda\system\CodeIgniter.php(419): CodeIgniter\CodeIgniter->runController(Object(App\Controllers\User))
#7 C:\Users\ganda\Documents\GitHub\SIPM_polda\system\CodeIgniter.php(326): CodeIgniter\CodeIgniter->handleRequest(NULL, Object(Config\Cache), false)
#8 C:\Users\ganda\Documents\GitHub\SIPM_polda\public\index.php(37): CodeIgniter\CodeIgniter->run()
#9 C:\Users\ganda\Documents\GitHub\SIPM_polda\system\Commands\Server\rewrite.php(43): require_once('C:\\Users\\ganda\\...')
#10 {main}
