CRITICAL - 2024-02-15 22:14:43 --> Undefined array key "tanggal_pengajuan"
#0 C:\Users\Alam\Downloads\rev\app\Views\Admin\Permintaan_barang\Index.php(73): CodeIgniter\Debug\Exceptions->errorHandler(2, 'Undefined array...', 'C:\\Users\\Alam\\D...', 73)
#1 C:\Users\Alam\Downloads\rev\system\View\View.php(210): include('C:\\Users\\Alam\\D...')
#2 C:\Users\Alam\Downloads\rev\system\View\View.php(213): CodeIgniter\View\View->CodeIgniter\View\{closure}()
#3 C:\Users\Alam\Downloads\rev\system\Common.php(1089): CodeIgniter\View\View->render('Admin/Permintaa...', Array, true)
#4 C:\Users\Alam\Downloads\rev\app\Controllers\Admin.php(1620): view('Admin/Permintaa...', Array)
#5 C:\Users\Alam\Downloads\rev\system\CodeIgniter.php(832): App\Controllers\Admin->permintaan()
#6 C:\Users\Alam\Downloads\rev\system\CodeIgniter.php(419): CodeIgniter\CodeIgniter->runController(Object(App\Controllers\Admin))
#7 C:\Users\Alam\Downloads\rev\system\CodeIgniter.php(326): CodeIgniter\CodeIgniter->handleRequest(NULL, Object(Config\Cache), false)
#8 C:\Users\Alam\Downloads\rev\public\index.php(37): CodeIgniter\CodeIgniter->run()
#9 C:\Users\Alam\Downloads\rev\system\Commands\Server\rewrite.php(43): require_once('C:\\Users\\Alam\\D...')
#10 {main}
CRITICAL - 2024-02-15 22:29:22 --> Undefined variable $tanggalMulai
#0 C:\Users\Alam\Downloads\rev\app\Views\Admin\Pengadaan\cetak.php(143): CodeIgniter\Debug\Exceptions->errorHandler(2, 'Undefined varia...', 'C:\\Users\\Alam\\D...', 143)
#1 C:\Users\Alam\Downloads\rev\system\View\View.php(210): include('C:\\Users\\Alam\\D...')
#2 C:\Users\Alam\Downloads\rev\system\View\View.php(213): CodeIgniter\View\View->CodeIgniter\View\{closure}()
#3 C:\Users\Alam\Downloads\rev\system\Common.php(1089): CodeIgniter\View\View->render('Admin/Pengadaan...', Array, true)
#4 C:\Users\Alam\Downloads\rev\app\Controllers\Admin.php(2355): view('Admin/Pengadaan...', Array)
#5 C:\Users\Alam\Downloads\rev\system\CodeIgniter.php(832): App\Controllers\Admin->cetakPengadaan('PG-202402101000...')
#6 C:\Users\Alam\Downloads\rev\system\CodeIgniter.php(419): CodeIgniter\CodeIgniter->runController(Object(App\Controllers\Admin))
#7 C:\Users\Alam\Downloads\rev\system\CodeIgniter.php(326): CodeIgniter\CodeIgniter->handleRequest(NULL, Object(Config\Cache), false)
#8 C:\Users\Alam\Downloads\rev\public\index.php(37): CodeIgniter\CodeIgniter->run()
#9 C:\Users\Alam\Downloads\rev\system\Commands\Server\rewrite.php(43): require_once('C:\\Users\\Alam\\D...')
#10 {main}
CRITICAL - 2024-02-15 22:29:56 --> Undefined array key "tahun_periode"
#0 C:\Users\Alam\Downloads\rev\app\Views\Admin\Pengadaan\cetak.php(182): CodeIgniter\Debug\Exceptions->errorHandler(2, 'Undefined array...', 'C:\\Users\\Alam\\D...', 182)
#1 C:\Users\Alam\Downloads\rev\system\View\View.php(210): include('C:\\Users\\Alam\\D...')
#2 C:\Users\Alam\Downloads\rev\system\View\View.php(213): CodeIgniter\View\View->CodeIgniter\View\{closure}()
#3 C:\Users\Alam\Downloads\rev\system\Common.php(1089): CodeIgniter\View\View->render('Admin/Pengadaan...', Array, true)
#4 C:\Users\Alam\Downloads\rev\app\Controllers\Admin.php(2355): view('Admin/Pengadaan...', Array)
#5 C:\Users\Alam\Downloads\rev\system\CodeIgniter.php(832): App\Controllers\Admin->cetakPengadaan('PG-202402101000...')
#6 C:\Users\Alam\Downloads\rev\system\CodeIgniter.php(419): CodeIgniter\CodeIgniter->runController(Object(App\Controllers\Admin))
#7 C:\Users\Alam\Downloads\rev\system\CodeIgniter.php(326): CodeIgniter\CodeIgniter->handleRequest(NULL, Object(Config\Cache), false)
#8 C:\Users\Alam\Downloads\rev\public\index.php(37): CodeIgniter\CodeIgniter->run()
#9 C:\Users\Alam\Downloads\rev\system\Commands\Server\rewrite.php(43): require_once('C:\\Users\\Alam\\D...')
#10 {main}
CRITICAL - 2024-02-15 22:30:22 --> Undefined array key -1
#0 C:\Users\Alam\Downloads\rev\vendor\mpdf\mpdf\src\Tag\BlockTag.php(118): CodeIgniter\Debug\Exceptions->errorHandler(2, 'Undefined array...', 'C:\\Users\\Alam\\D...', 118)
#1 C:\Users\Alam\Downloads\rev\vendor\mpdf\mpdf\src\Tag.php(240): Mpdf\Tag\BlockTag->open(Array, Array, 7)
#2 C:\Users\Alam\Downloads\rev\vendor\mpdf\mpdf\src\Mpdf.php(13921): Mpdf\Tag->OpenTag('DIV', Array, Array, 7)
#3 C:\Users\Alam\Downloads\rev\app\Controllers\Admin.php(2364): Mpdf\Mpdf->WriteHTML(' <h2>Data Penga...')
#4 C:\Users\Alam\Downloads\rev\system\CodeIgniter.php(832): App\Controllers\Admin->cetakPengadaan('PG-202402101000...')
#5 C:\Users\Alam\Downloads\rev\system\CodeIgniter.php(419): CodeIgniter\CodeIgniter->runController(Object(App\Controllers\Admin))
#6 C:\Users\Alam\Downloads\rev\system\CodeIgniter.php(326): CodeIgniter\CodeIgniter->handleRequest(NULL, Object(Config\Cache), false)
#7 C:\Users\Alam\Downloads\rev\public\index.php(37): CodeIgniter\CodeIgniter->run()
#8 C:\Users\Alam\Downloads\rev\system\Commands\Server\rewrite.php(43): require_once('C:\\Users\\Alam\\D...')
#9 {main}
CRITICAL - 2024-02-15 22:33:10 --> Undefined array key -1
#0 C:\Users\Alam\Downloads\rev\vendor\mpdf\mpdf\src\Tag\BlockTag.php(118): CodeIgniter\Debug\Exceptions->errorHandler(2, 'Undefined array...', 'C:\\Users\\Alam\\D...', 118)
#1 C:\Users\Alam\Downloads\rev\vendor\mpdf\mpdf\src\Tag.php(240): Mpdf\Tag\BlockTag->open(Array, Array, 7)
#2 C:\Users\Alam\Downloads\rev\vendor\mpdf\mpdf\src\Mpdf.php(13921): Mpdf\Tag->OpenTag('DIV', Array, Array, 7)
#3 C:\Users\Alam\Downloads\rev\app\Controllers\Admin.php(2367): Mpdf\Mpdf->WriteHTML(' <h2>Data Penga...')
#4 C:\Users\Alam\Downloads\rev\system\CodeIgniter.php(832): App\Controllers\Admin->cetakPengadaan('PG-202402101000...')
#5 C:\Users\Alam\Downloads\rev\system\CodeIgniter.php(419): CodeIgniter\CodeIgniter->runController(Object(App\Controllers\Admin))
#6 C:\Users\Alam\Downloads\rev\system\CodeIgniter.php(326): CodeIgniter\CodeIgniter->handleRequest(NULL, Object(Config\Cache), false)
#7 C:\Users\Alam\Downloads\rev\public\index.php(37): CodeIgniter\CodeIgniter->run()
#8 C:\Users\Alam\Downloads\rev\system\Commands\Server\rewrite.php(43): require_once('C:\\Users\\Alam\\D...')
#9 {main}
CRITICAL - 2024-02-15 22:33:54 --> Undefined variable $inventaris
#0 C:\Users\Alam\Downloads\rev\app\Views\Admin\Laporan\Kode_qr.php(82): CodeIgniter\Debug\Exceptions->errorHandler(2, 'Undefined varia...', 'C:\\Users\\Alam\\D...', 82)
#1 C:\Users\Alam\Downloads\rev\system\View\View.php(210): include('C:\\Users\\Alam\\D...')
#2 C:\Users\Alam\Downloads\rev\system\View\View.php(213): CodeIgniter\View\View->CodeIgniter\View\{closure}()
#3 C:\Users\Alam\Downloads\rev\system\Common.php(1089): CodeIgniter\View\View->render('Admin/Laporan/K...', Array, true)
#4 C:\Users\Alam\Downloads\rev\app\Controllers\Admin.php(2356): view('Admin/Laporan/K...', Array)
#5 C:\Users\Alam\Downloads\rev\system\CodeIgniter.php(832): App\Controllers\Admin->cetakPengadaan('PG-202402101000...')
#6 C:\Users\Alam\Downloads\rev\system\CodeIgniter.php(419): CodeIgniter\CodeIgniter->runController(Object(App\Controllers\Admin))
#7 C:\Users\Alam\Downloads\rev\system\CodeIgniter.php(326): CodeIgniter\CodeIgniter->handleRequest(NULL, Object(Config\Cache), false)
#8 C:\Users\Alam\Downloads\rev\public\index.php(37): CodeIgniter\CodeIgniter->run()
#9 C:\Users\Alam\Downloads\rev\system\Commands\Server\rewrite.php(43): require_once('C:\\Users\\Alam\\D...')
#10 {main}
CRITICAL - 2024-02-15 22:35:05 --> Undefined array key -1
#0 C:\Users\Alam\Downloads\rev\vendor\mpdf\mpdf\src\Tag\BlockTag.php(118): CodeIgniter\Debug\Exceptions->errorHandler(2, 'Undefined array...', 'C:\\Users\\Alam\\D...', 118)
#1 C:\Users\Alam\Downloads\rev\vendor\mpdf\mpdf\src\Tag.php(240): Mpdf\Tag\BlockTag->open(Array, Array, 7)
#2 C:\Users\Alam\Downloads\rev\vendor\mpdf\mpdf\src\Mpdf.php(13921): Mpdf\Tag->OpenTag('DIV', Array, Array, 7)
#3 C:\Users\Alam\Downloads\rev\app\Controllers\Admin.php(2367): Mpdf\Mpdf->WriteHTML(' <h2>Data Penga...')
#4 C:\Users\Alam\Downloads\rev\system\CodeIgniter.php(832): App\Controllers\Admin->cetakPengadaan('PG-202402101000...')
#5 C:\Users\Alam\Downloads\rev\system\CodeIgniter.php(419): CodeIgniter\CodeIgniter->runController(Object(App\Controllers\Admin))
#6 C:\Users\Alam\Downloads\rev\system\CodeIgniter.php(326): CodeIgniter\CodeIgniter->handleRequest(NULL, Object(Config\Cache), false)
#7 C:\Users\Alam\Downloads\rev\public\index.php(37): CodeIgniter\CodeIgniter->run()
#8 C:\Users\Alam\Downloads\rev\system\Commands\Server\rewrite.php(43): require_once('C:\\Users\\Alam\\D...')
#9 {main}
CRITICAL - 2024-02-15 22:39:11 --> Undefined array key "id"
#0 C:\Users\Alam\Downloads\rev\app\Views\Admin\Laporan\cetak_pengadaan.php(167): CodeIgniter\Debug\Exceptions->errorHandler(2, 'Undefined array...', 'C:\\Users\\Alam\\D...', 167)
#1 C:\Users\Alam\Downloads\rev\system\View\View.php(210): include('C:\\Users\\Alam\\D...')
#2 C:\Users\Alam\Downloads\rev\system\View\View.php(213): CodeIgniter\View\View->CodeIgniter\View\{closure}()
#3 C:\Users\Alam\Downloads\rev\system\Common.php(1089): CodeIgniter\View\View->render('Admin/Laporan/c...', Array, true)
#4 C:\Users\Alam\Downloads\rev\app\Controllers\Admin.php(2360): view('Admin/Laporan/c...', Array)
#5 C:\Users\Alam\Downloads\rev\system\CodeIgniter.php(832): App\Controllers\Admin->cetakPengadaan('PG-202402101000...')
#6 C:\Users\Alam\Downloads\rev\system\CodeIgniter.php(419): CodeIgniter\CodeIgniter->runController(Object(App\Controllers\Admin))
#7 C:\Users\Alam\Downloads\rev\system\CodeIgniter.php(326): CodeIgniter\CodeIgniter->handleRequest(NULL, Object(Config\Cache), false)
#8 C:\Users\Alam\Downloads\rev\public\index.php(37): CodeIgniter\CodeIgniter->run()
#9 C:\Users\Alam\Downloads\rev\system\Commands\Server\rewrite.php(43): require_once('C:\\Users\\Alam\\D...')
#10 {main}
CRITICAL - 2024-02-15 22:39:47 --> Undefined array key "detail_pengadaan_id"
#0 C:\Users\Alam\Downloads\rev\app\Views\Admin\Laporan\cetak_pengadaan.php(168): CodeIgniter\Debug\Exceptions->errorHandler(2, 'Undefined array...', 'C:\\Users\\Alam\\D...', 168)
#1 C:\Users\Alam\Downloads\rev\system\View\View.php(210): include('C:\\Users\\Alam\\D...')
#2 C:\Users\Alam\Downloads\rev\system\View\View.php(213): CodeIgniter\View\View->CodeIgniter\View\{closure}()
#3 C:\Users\Alam\Downloads\rev\system\Common.php(1089): CodeIgniter\View\View->render('Admin/Laporan/c...', Array, true)
#4 C:\Users\Alam\Downloads\rev\app\Controllers\Admin.php(2360): view('Admin/Laporan/c...', Array)
#5 C:\Users\Alam\Downloads\rev\system\CodeIgniter.php(832): App\Controllers\Admin->cetakPengadaan('PG-202402101000...')
#6 C:\Users\Alam\Downloads\rev\system\CodeIgniter.php(419): CodeIgniter\CodeIgniter->runController(Object(App\Controllers\Admin))
#7 C:\Users\Alam\Downloads\rev\system\CodeIgniter.php(326): CodeIgniter\CodeIgniter->handleRequest(NULL, Object(Config\Cache), false)
#8 C:\Users\Alam\Downloads\rev\public\index.php(37): CodeIgniter\CodeIgniter->run()
#9 C:\Users\Alam\Downloads\rev\system\Commands\Server\rewrite.php(43): require_once('C:\\Users\\Alam\\D...')
#10 {main}
CRITICAL - 2024-02-15 22:42:19 --> Undefined array key "tgl_proses"
#0 C:\Users\Alam\Downloads\rev\app\Views\Admin\Laporan\cetak_pengadaan.php(180): CodeIgniter\Debug\Exceptions->errorHandler(2, 'Undefined array...', 'C:\\Users\\Alam\\D...', 180)
#1 C:\Users\Alam\Downloads\rev\system\View\View.php(210): include('C:\\Users\\Alam\\D...')
#2 C:\Users\Alam\Downloads\rev\system\View\View.php(213): CodeIgniter\View\View->CodeIgniter\View\{closure}()
#3 C:\Users\Alam\Downloads\rev\system\Common.php(1089): CodeIgniter\View\View->render('Admin/Laporan/c...', Array, true)
#4 C:\Users\Alam\Downloads\rev\app\Controllers\Admin.php(2360): view('Admin/Laporan/c...', Array)
#5 C:\Users\Alam\Downloads\rev\system\CodeIgniter.php(832): App\Controllers\Admin->cetakPengadaan('PG-202402101000...')
#6 C:\Users\Alam\Downloads\rev\system\CodeIgniter.php(419): CodeIgniter\CodeIgniter->runController(Object(App\Controllers\Admin))
#7 C:\Users\Alam\Downloads\rev\system\CodeIgniter.php(326): CodeIgniter\CodeIgniter->handleRequest(NULL, Object(Config\Cache), false)
#8 C:\Users\Alam\Downloads\rev\public\index.php(37): CodeIgniter\CodeIgniter->run()
#9 C:\Users\Alam\Downloads\rev\system\Commands\Server\rewrite.php(43): require_once('C:\\Users\\Alam\\D...')
#10 {main}
CRITICAL - 2024-02-15 22:44:49 --> Undefined array key -1
#0 C:\Users\Alam\Downloads\rev\vendor\mpdf\mpdf\src\Tag\BlockTag.php(118): CodeIgniter\Debug\Exceptions->errorHandler(2, 'Undefined array...', 'C:\\Users\\Alam\\D...', 118)
#1 C:\Users\Alam\Downloads\rev\vendor\mpdf\mpdf\src\Tag.php(240): Mpdf\Tag\BlockTag->open(Array, Array, 7)
#2 C:\Users\Alam\Downloads\rev\vendor\mpdf\mpdf\src\Mpdf.php(13921): Mpdf\Tag->OpenTag('DIV', Array, Array, 7)
#3 C:\Users\Alam\Downloads\rev\app\Controllers\Admin.php(2371): Mpdf\Mpdf->WriteHTML(' <h2>Data Penga...')
#4 C:\Users\Alam\Downloads\rev\system\CodeIgniter.php(832): App\Controllers\Admin->cetakPengadaan('PG-202402101000...')
#5 C:\Users\Alam\Downloads\rev\system\CodeIgniter.php(419): CodeIgniter\CodeIgniter->runController(Object(App\Controllers\Admin))
#6 C:\Users\Alam\Downloads\rev\system\CodeIgniter.php(326): CodeIgniter\CodeIgniter->handleRequest(NULL, Object(Config\Cache), false)
#7 C:\Users\Alam\Downloads\rev\public\index.php(37): CodeIgniter\CodeIgniter->run()
#8 C:\Users\Alam\Downloads\rev\system\Commands\Server\rewrite.php(43): require_once('C:\\Users\\Alam\\D...')
#9 {main}
CRITICAL - 2024-02-15 22:45:35 --> Undefined array key -1
#0 C:\Users\Alam\Downloads\rev\vendor\mpdf\mpdf\src\Tag\BlockTag.php(118): CodeIgniter\Debug\Exceptions->errorHandler(2, 'Undefined array...', 'C:\\Users\\Alam\\D...', 118)
#1 C:\Users\Alam\Downloads\rev\vendor\mpdf\mpdf\src\Tag.php(240): Mpdf\Tag\BlockTag->open(Array, Array, 7)
#2 C:\Users\Alam\Downloads\rev\vendor\mpdf\mpdf\src\Mpdf.php(13921): Mpdf\Tag->OpenTag('DIV', Array, Array, 7)
#3 C:\Users\Alam\Downloads\rev\app\Controllers\Admin.php(2371): Mpdf\Mpdf->WriteHTML(' <h2>Data Penga...')
#4 C:\Users\Alam\Downloads\rev\system\CodeIgniter.php(832): App\Controllers\Admin->cetakPengadaan('PG-202402101000...')
#5 C:\Users\Alam\Downloads\rev\system\CodeIgniter.php(419): CodeIgniter\CodeIgniter->runController(Object(App\Controllers\Admin))
#6 C:\Users\Alam\Downloads\rev\system\CodeIgniter.php(326): CodeIgniter\CodeIgniter->handleRequest(NULL, Object(Config\Cache), false)
#7 C:\Users\Alam\Downloads\rev\public\index.php(37): CodeIgniter\CodeIgniter->run()
#8 C:\Users\Alam\Downloads\rev\system\Commands\Server\rewrite.php(43): require_once('C:\\Users\\Alam\\D...')
#9 {main}
CRITICAL - 2024-02-15 22:45:57 --> Undefined array key -1
#0 C:\Users\Alam\Downloads\rev\vendor\mpdf\mpdf\src\Tag\BlockTag.php(118): CodeIgniter\Debug\Exceptions->errorHandler(2, 'Undefined array...', 'C:\\Users\\Alam\\D...', 118)
#1 C:\Users\Alam\Downloads\rev\vendor\mpdf\mpdf\src\Tag.php(240): Mpdf\Tag\BlockTag->open(Array, Array, 7)
#2 C:\Users\Alam\Downloads\rev\vendor\mpdf\mpdf\src\Mpdf.php(13921): Mpdf\Tag->OpenTag('DIV', Array, Array, 7)
#3 C:\Users\Alam\Downloads\rev\app\Controllers\Admin.php(2371): Mpdf\Mpdf->WriteHTML(' <h2>Data Penga...')
#4 C:\Users\Alam\Downloads\rev\system\CodeIgniter.php(832): App\Controllers\Admin->cetakPengadaan('PG-202402101000...')
#5 C:\Users\Alam\Downloads\rev\system\CodeIgniter.php(419): CodeIgniter\CodeIgniter->runController(Object(App\Controllers\Admin))
#6 C:\Users\Alam\Downloads\rev\system\CodeIgniter.php(326): CodeIgniter\CodeIgniter->handleRequest(NULL, Object(Config\Cache), false)
#7 C:\Users\Alam\Downloads\rev\public\index.php(37): CodeIgniter\CodeIgniter->run()
#8 C:\Users\Alam\Downloads\rev\system\Commands\Server\rewrite.php(43): require_once('C:\\Users\\Alam\\D...')
#9 {main}
CRITICAL - 2024-02-15 22:47:12 --> Undefined array key -1
#0 C:\Users\Alam\Downloads\rev\vendor\mpdf\mpdf\src\Tag\BlockTag.php(118): CodeIgniter\Debug\Exceptions->errorHandler(2, 'Undefined array...', 'C:\\Users\\Alam\\D...', 118)
#1 C:\Users\Alam\Downloads\rev\vendor\mpdf\mpdf\src\Tag.php(240): Mpdf\Tag\BlockTag->open(Array, Array, 7)
#2 C:\Users\Alam\Downloads\rev\vendor\mpdf\mpdf\src\Mpdf.php(13921): Mpdf\Tag->OpenTag('DIV', Array, Array, 7)
#3 C:\Users\Alam\Downloads\rev\app\Controllers\Admin.php(2371): Mpdf\Mpdf->WriteHTML(' <h2>Data Penga...')
#4 C:\Users\Alam\Downloads\rev\system\CodeIgniter.php(832): App\Controllers\Admin->cetakPengadaan('PG-202402101000...')
#5 C:\Users\Alam\Downloads\rev\system\CodeIgniter.php(419): CodeIgniter\CodeIgniter->runController(Object(App\Controllers\Admin))
#6 C:\Users\Alam\Downloads\rev\system\CodeIgniter.php(326): CodeIgniter\CodeIgniter->handleRequest(NULL, Object(Config\Cache), false)
#7 C:\Users\Alam\Downloads\rev\public\index.php(37): CodeIgniter\CodeIgniter->run()
#8 C:\Users\Alam\Downloads\rev\system\Commands\Server\rewrite.php(43): require_once('C:\\Users\\Alam\\D...')
#9 {main}
CRITICAL - 2024-02-15 22:48:06 --> Undefined array key -1
#0 C:\Users\Alam\Downloads\rev\vendor\mpdf\mpdf\src\Tag\BlockTag.php(118): CodeIgniter\Debug\Exceptions->errorHandler(2, 'Undefined array...', 'C:\\Users\\Alam\\D...', 118)
#1 C:\Users\Alam\Downloads\rev\vendor\mpdf\mpdf\src\Tag.php(240): Mpdf\Tag\BlockTag->open(Array, Array, 7)
#2 C:\Users\Alam\Downloads\rev\vendor\mpdf\mpdf\src\Mpdf.php(13921): Mpdf\Tag->OpenTag('DIV', Array, Array, 7)
#3 C:\Users\Alam\Downloads\rev\app\Controllers\Admin.php(2371): Mpdf\Mpdf->WriteHTML(' <h2>Data Penga...')
#4 C:\Users\Alam\Downloads\rev\system\CodeIgniter.php(832): App\Controllers\Admin->cetakPengadaan('PG-202402101000...')
#5 C:\Users\Alam\Downloads\rev\system\CodeIgniter.php(419): CodeIgniter\CodeIgniter->runController(Object(App\Controllers\Admin))
#6 C:\Users\Alam\Downloads\rev\system\CodeIgniter.php(326): CodeIgniter\CodeIgniter->handleRequest(NULL, Object(Config\Cache), false)
#7 C:\Users\Alam\Downloads\rev\public\index.php(37): CodeIgniter\CodeIgniter->run()
#8 C:\Users\Alam\Downloads\rev\system\Commands\Server\rewrite.php(43): require_once('C:\\Users\\Alam\\D...')
#9 {main}
CRITICAL - 2024-02-15 22:49:52 --> Undefined array key -1
#0 C:\Users\Alam\Downloads\rev\vendor\mpdf\mpdf\src\Tag\BlockTag.php(118): CodeIgniter\Debug\Exceptions->errorHandler(2, 'Undefined array...', 'C:\\Users\\Alam\\D...', 118)
#1 C:\Users\Alam\Downloads\rev\vendor\mpdf\mpdf\src\Tag.php(240): Mpdf\Tag\BlockTag->open(Array, Array, 7)
#2 C:\Users\Alam\Downloads\rev\vendor\mpdf\mpdf\src\Mpdf.php(13921): Mpdf\Tag->OpenTag('DIV', Array, Array, 7)
#3 C:\Users\Alam\Downloads\rev\app\Controllers\Admin.php(2372): Mpdf\Mpdf->WriteHTML(' <h2>Data Penga...')
#4 C:\Users\Alam\Downloads\rev\system\CodeIgniter.php(832): App\Controllers\Admin->cetakPengadaan('PG-202402101000...')
#5 C:\Users\Alam\Downloads\rev\system\CodeIgniter.php(419): CodeIgniter\CodeIgniter->runController(Object(App\Controllers\Admin))
#6 C:\Users\Alam\Downloads\rev\system\CodeIgniter.php(326): CodeIgniter\CodeIgniter->handleRequest(NULL, Object(Config\Cache), false)
#7 C:\Users\Alam\Downloads\rev\public\index.php(37): CodeIgniter\CodeIgniter->run()
#8 C:\Users\Alam\Downloads\rev\system\Commands\Server\rewrite.php(43): require_once('C:\\Users\\Alam\\D...')
#9 {main}
CRITICAL - 2024-02-15 22:50:56 --> Undefined array key -1
#0 C:\Users\Alam\Downloads\rev\vendor\mpdf\mpdf\src\Tag\BlockTag.php(118): CodeIgniter\Debug\Exceptions->errorHandler(2, 'Undefined array...', 'C:\\Users\\Alam\\D...', 118)
#1 C:\Users\Alam\Downloads\rev\vendor\mpdf\mpdf\src\Tag.php(240): Mpdf\Tag\BlockTag->open(Array, Array, 7)
#2 C:\Users\Alam\Downloads\rev\vendor\mpdf\mpdf\src\Mpdf.php(13921): Mpdf\Tag->OpenTag('DIV', Array, Array, 7)
#3 C:\Users\Alam\Downloads\rev\app\Controllers\Admin.php(2375): Mpdf\Mpdf->WriteHTML(' <h2>Data Penga...')
#4 C:\Users\Alam\Downloads\rev\system\CodeIgniter.php(832): App\Controllers\Admin->cetakPengadaan('PG-202402101000...')
#5 C:\Users\Alam\Downloads\rev\system\CodeIgniter.php(419): CodeIgniter\CodeIgniter->runController(Object(App\Controllers\Admin))
#6 C:\Users\Alam\Downloads\rev\system\CodeIgniter.php(326): CodeIgniter\CodeIgniter->handleRequest(NULL, Object(Config\Cache), false)
#7 C:\Users\Alam\Downloads\rev\public\index.php(37): CodeIgniter\CodeIgniter->run()
#8 C:\Users\Alam\Downloads\rev\system\Commands\Server\rewrite.php(43): require_once('C:\\Users\\Alam\\D...')
#9 {main}
CRITICAL - 2024-02-15 22:51:14 --> Undefined array key -1
#0 C:\Users\Alam\Downloads\rev\vendor\mpdf\mpdf\src\Tag\BlockTag.php(118): CodeIgniter\Debug\Exceptions->errorHandler(2, 'Undefined array...', 'C:\\Users\\Alam\\D...', 118)
#1 C:\Users\Alam\Downloads\rev\vendor\mpdf\mpdf\src\Tag.php(240): Mpdf\Tag\BlockTag->open(Array, Array, 7)
#2 C:\Users\Alam\Downloads\rev\vendor\mpdf\mpdf\src\Mpdf.php(13921): Mpdf\Tag->OpenTag('DIV', Array, Array, 7)
#3 C:\Users\Alam\Downloads\rev\app\Controllers\Admin.php(2375): Mpdf\Mpdf->WriteHTML(' <h2>Data Penga...')
#4 C:\Users\Alam\Downloads\rev\system\CodeIgniter.php(832): App\Controllers\Admin->cetakPengadaan('PG-202402101000...')
#5 C:\Users\Alam\Downloads\rev\system\CodeIgniter.php(419): CodeIgniter\CodeIgniter->runController(Object(App\Controllers\Admin))
#6 C:\Users\Alam\Downloads\rev\system\CodeIgniter.php(326): CodeIgniter\CodeIgniter->handleRequest(NULL, Object(Config\Cache), false)
#7 C:\Users\Alam\Downloads\rev\public\index.php(37): CodeIgniter\CodeIgniter->run()
#8 C:\Users\Alam\Downloads\rev\system\Commands\Server\rewrite.php(43): require_once('C:\\Users\\Alam\\D...')
#9 {main}
CRITICAL - 2024-02-15 22:52:12 --> Undefined array key -1
#0 C:\Users\Alam\Downloads\rev\vendor\mpdf\mpdf\src\Tag\BlockTag.php(118): CodeIgniter\Debug\Exceptions->errorHandler(2, 'Undefined array...', 'C:\\Users\\Alam\\D...', 118)
#1 C:\Users\Alam\Downloads\rev\vendor\mpdf\mpdf\src\Tag.php(240): Mpdf\Tag\BlockTag->open(Array, Array, 7)
#2 C:\Users\Alam\Downloads\rev\vendor\mpdf\mpdf\src\Mpdf.php(13921): Mpdf\Tag->OpenTag('DIV', Array, Array, 7)
#3 C:\Users\Alam\Downloads\rev\app\Controllers\Admin.php(2375): Mpdf\Mpdf->WriteHTML(' <h2>Data Penga...')
#4 C:\Users\Alam\Downloads\rev\system\CodeIgniter.php(832): App\Controllers\Admin->cetakPengadaan('PG-202402101000...')
#5 C:\Users\Alam\Downloads\rev\system\CodeIgniter.php(419): CodeIgniter\CodeIgniter->runController(Object(App\Controllers\Admin))
#6 C:\Users\Alam\Downloads\rev\system\CodeIgniter.php(326): CodeIgniter\CodeIgniter->handleRequest(NULL, Object(Config\Cache), false)
#7 C:\Users\Alam\Downloads\rev\public\index.php(37): CodeIgniter\CodeIgniter->run()
#8 C:\Users\Alam\Downloads\rev\system\Commands\Server\rewrite.php(43): require_once('C:\\Users\\Alam\\D...')
#9 {main}
CRITICAL - 2024-02-15 22:57:39 --> Undefined variable $tanggalMulai
#0 C:\Users\Alam\Downloads\rev\app\Views\Admin\Laporan\cetak_pengadaan.php(102): CodeIgniter\Debug\Exceptions->errorHandler(2, 'Undefined varia...', 'C:\\Users\\Alam\\D...', 102)
#1 C:\Users\Alam\Downloads\rev\system\View\View.php(210): include('C:\\Users\\Alam\\D...')
#2 C:\Users\Alam\Downloads\rev\system\View\View.php(213): CodeIgniter\View\View->CodeIgniter\View\{closure}()
#3 C:\Users\Alam\Downloads\rev\system\Common.php(1089): CodeIgniter\View\View->render('Admin/Laporan/c...', Array, true)
#4 C:\Users\Alam\Downloads\rev\app\Controllers\Admin.php(2361): view('Admin/Laporan/c...', Array)
#5 C:\Users\Alam\Downloads\rev\system\CodeIgniter.php(832): App\Controllers\Admin->cetakPengadaan('PG-202402101000...')
#6 C:\Users\Alam\Downloads\rev\system\CodeIgniter.php(419): CodeIgniter\CodeIgniter->runController(Object(App\Controllers\Admin))
#7 C:\Users\Alam\Downloads\rev\system\CodeIgniter.php(326): CodeIgniter\CodeIgniter->handleRequest(NULL, Object(Config\Cache), false)
#8 C:\Users\Alam\Downloads\rev\public\index.php(37): CodeIgniter\CodeIgniter->run()
#9 C:\Users\Alam\Downloads\rev\system\Commands\Server\rewrite.php(43): require_once('C:\\Users\\Alam\\D...')
#10 {main}
CRITICAL - 2024-02-15 23:02:42 --> Undefined variable $tanggalMulai
#0 C:\Users\Alam\Downloads\rev\app\Views\Admin\Laporan\Lap_barang.php(105): CodeIgniter\Debug\Exceptions->errorHandler(2, 'Undefined varia...', 'C:\\Users\\Alam\\D...', 105)
#1 C:\Users\Alam\Downloads\rev\system\View\View.php(210): include('C:\\Users\\Alam\\D...')
#2 C:\Users\Alam\Downloads\rev\system\View\View.php(213): CodeIgniter\View\View->CodeIgniter\View\{closure}()
#3 C:\Users\Alam\Downloads\rev\system\Common.php(1089): CodeIgniter\View\View->render('Admin/Laporan/L...', Array, true)
#4 C:\Users\Alam\Downloads\rev\app\Controllers\Admin.php(2371): view('Admin/Laporan/L...', Array)
#5 C:\Users\Alam\Downloads\rev\system\CodeIgniter.php(832): App\Controllers\Admin->cetakPengadaan('PG-202402101000...')
#6 C:\Users\Alam\Downloads\rev\system\CodeIgniter.php(419): CodeIgniter\CodeIgniter->runController(Object(App\Controllers\Admin))
#7 C:\Users\Alam\Downloads\rev\system\CodeIgniter.php(326): CodeIgniter\CodeIgniter->handleRequest(NULL, Object(Config\Cache), false)
#8 C:\Users\Alam\Downloads\rev\public\index.php(37): CodeIgniter\CodeIgniter->run()
#9 C:\Users\Alam\Downloads\rev\system\Commands\Server\rewrite.php(43): require_once('C:\\Users\\Alam\\D...')
#10 {main}
CRITICAL - 2024-02-15 23:03:23 --> Undefined variable $tanggalMulai
#0 C:\Users\Alam\Downloads\rev\app\Views\Admin\Laporan\Lap_barang.php(105): CodeIgniter\Debug\Exceptions->errorHandler(2, 'Undefined varia...', 'C:\\Users\\Alam\\D...', 105)
#1 C:\Users\Alam\Downloads\rev\system\View\View.php(210): include('C:\\Users\\Alam\\D...')
#2 C:\Users\Alam\Downloads\rev\system\View\View.php(213): CodeIgniter\View\View->CodeIgniter\View\{closure}()
#3 C:\Users\Alam\Downloads\rev\system\Common.php(1089): CodeIgniter\View\View->render('Admin/Laporan/L...', Array, true)
#4 C:\Users\Alam\Downloads\rev\app\Controllers\Admin.php(2371): view('Admin/Laporan/L...', Array)
#5 C:\Users\Alam\Downloads\rev\system\CodeIgniter.php(832): App\Controllers\Admin->cetakPengadaan('PG-202402101000...')
#6 C:\Users\Alam\Downloads\rev\system\CodeIgniter.php(419): CodeIgniter\CodeIgniter->runController(Object(App\Controllers\Admin))
#7 C:\Users\Alam\Downloads\rev\system\CodeIgniter.php(326): CodeIgniter\CodeIgniter->handleRequest(NULL, Object(Config\Cache), false)
#8 C:\Users\Alam\Downloads\rev\public\index.php(37): CodeIgniter\CodeIgniter->run()
#9 C:\Users\Alam\Downloads\rev\system\Commands\Server\rewrite.php(43): require_once('C:\\Users\\Alam\\D...')
#10 {main}
CRITICAL - 2024-02-15 23:10:17 --> Undefined array key "status_barang"
#0 C:\Users\Alam\Downloads\rev\app\Views\Admin\Laporan\cetak_pengadaan.php(126): CodeIgniter\Debug\Exceptions->errorHandler(2, 'Undefined array...', 'C:\\Users\\Alam\\D...', 126)
#1 C:\Users\Alam\Downloads\rev\system\View\View.php(210): include('C:\\Users\\Alam\\D...')
#2 C:\Users\Alam\Downloads\rev\system\View\View.php(213): CodeIgniter\View\View->CodeIgniter\View\{closure}()
#3 C:\Users\Alam\Downloads\rev\system\Common.php(1089): CodeIgniter\View\View->render('Admin/Laporan/c...', Array, true)
#4 C:\Users\Alam\Downloads\rev\app\Controllers\Admin.php(2371): view('Admin/Laporan/c...', Array)
#5 C:\Users\Alam\Downloads\rev\system\CodeIgniter.php(832): App\Controllers\Admin->cetakPengadaan('PG-202402101000...')
#6 C:\Users\Alam\Downloads\rev\system\CodeIgniter.php(419): CodeIgniter\CodeIgniter->runController(Object(App\Controllers\Admin))
#7 C:\Users\Alam\Downloads\rev\system\CodeIgniter.php(326): CodeIgniter\CodeIgniter->handleRequest(NULL, Object(Config\Cache), false)
#8 C:\Users\Alam\Downloads\rev\public\index.php(37): CodeIgniter\CodeIgniter->run()
#9 C:\Users\Alam\Downloads\rev\system\Commands\Server\rewrite.php(43): require_once('C:\\Users\\Alam\\D...')
#10 {main}
CRITICAL - 2024-02-15 23:22:36 --> Undefined array key "id_pengadaan_barang"
#0 C:\Users\Alam\Downloads\rev\app\Views\Petugas_pengadaan\Pengadaan\Index.php(63): CodeIgniter\Debug\Exceptions->errorHandler(2, 'Undefined array...', 'C:\\Users\\Alam\\D...', 63)
#1 C:\Users\Alam\Downloads\rev\system\View\View.php(210): include('C:\\Users\\Alam\\D...')
#2 C:\Users\Alam\Downloads\rev\system\View\View.php(213): CodeIgniter\View\View->CodeIgniter\View\{closure}()
#3 C:\Users\Alam\Downloads\rev\system\Common.php(1089): CodeIgniter\View\View->render('Petugas_pengada...', Array, true)
#4 C:\Users\Alam\Downloads\rev\app\Controllers\Petugas_pengadaan.php(182): view('Petugas_pengada...', Array)
#5 C:\Users\Alam\Downloads\rev\system\CodeIgniter.php(832): App\Controllers\Petugas_pengadaan->pengadaan()
#6 C:\Users\Alam\Downloads\rev\system\CodeIgniter.php(419): CodeIgniter\CodeIgniter->runController(Object(App\Controllers\Petugas_pengadaan))
#7 C:\Users\Alam\Downloads\rev\system\CodeIgniter.php(326): CodeIgniter\CodeIgniter->handleRequest(NULL, Object(Config\Cache), false)
#8 C:\Users\Alam\Downloads\rev\public\index.php(37): CodeIgniter\CodeIgniter->run()
#9 C:\Users\Alam\Downloads\rev\system\Commands\Server\rewrite.php(43): require_once('C:\\Users\\Alam\\D...')
#10 {main}
CRITICAL - 2024-02-15 23:35:32 --> Undefined array key "tanggal_pengajuan"
#0 C:\Users\Alam\Downloads\rev\app\Views\Admin\Permintaan_barang\Index.php(73): CodeIgniter\Debug\Exceptions->errorHandler(2, 'Undefined array...', 'C:\\Users\\Alam\\D...', 73)
#1 C:\Users\Alam\Downloads\rev\system\View\View.php(210): include('C:\\Users\\Alam\\D...')
#2 C:\Users\Alam\Downloads\rev\system\View\View.php(213): CodeIgniter\View\View->CodeIgniter\View\{closure}()
#3 C:\Users\Alam\Downloads\rev\system\Common.php(1089): CodeIgniter\View\View->render('Admin/Permintaa...', Array, true)
#4 C:\Users\Alam\Downloads\rev\app\Controllers\Admin.php(1620): view('Admin/Permintaa...', Array)
#5 C:\Users\Alam\Downloads\rev\system\CodeIgniter.php(832): App\Controllers\Admin->permintaan()
#6 C:\Users\Alam\Downloads\rev\system\CodeIgniter.php(419): CodeIgniter\CodeIgniter->runController(Object(App\Controllers\Admin))
#7 C:\Users\Alam\Downloads\rev\system\CodeIgniter.php(326): CodeIgniter\CodeIgniter->handleRequest(NULL, Object(Config\Cache), false)
#8 C:\Users\Alam\Downloads\rev\public\index.php(37): CodeIgniter\CodeIgniter->run()
#9 C:\Users\Alam\Downloads\rev\system\Commands\Server\rewrite.php(43): require_once('C:\\Users\\Alam\\D...')
#10 {main}
