ERROR - 2024-07-14 21:27:23 --> Cannot delete or update a parent row: a foreign key constraint fails (`toko_hera`.`piutang`, CONSTRAINT `piutang_ibfk_2` FOREIGN KEY (`id_pelanggan`) REFERENCES `pelanggan` (`id_pelanggan`))
CRITICAL - 2024-07-14 21:27:23 --> Cannot delete or update a parent row: a foreign key constraint fails (`toko_hera`.`piutang`, CONSTRAINT `piutang_ibfk_2` FOREIGN KEY (`id_pelanggan`) REFERENCES `pelanggan` (`id_pelanggan`))
#0 C:\Users\ganda\Documents\GitHub\hera\system\Database\MySQLi\Connection.php(292): mysqli->query('DELETE FROM `pe...', 0)
#1 C:\Users\ganda\Documents\GitHub\hera\system\Database\BaseConnection.php(670): CodeIgniter\Database\MySQLi\Connection->execute('DELETE FROM `pe...')
#2 C:\Users\ganda\Documents\GitHub\hera\system\Database\BaseConnection.php(598): CodeIgniter\Database\BaseConnection->simpleQuery('DELETE FROM `pe...')
#3 C:\Users\ganda\Documents\GitHub\hera\system\Database\BaseBuilder.php(2225): CodeIgniter\Database\BaseConnection->query('DELETE FROM `pe...', Array, false)
#4 C:\Users\ganda\Documents\GitHub\hera\system\Model.php(359): CodeIgniter\Database\BaseBuilder->delete()
#5 C:\Users\ganda\Documents\GitHub\hera\system\BaseModel.php(963): CodeIgniter\Model->doDelete(Array, false)
#6 C:\Users\ganda\Documents\GitHub\hera\app\Controllers\Kasir.php(2011): CodeIgniter\BaseModel->delete(Array)
#7 C:\Users\ganda\Documents\GitHub\hera\system\CodeIgniter.php(832): App\Controllers\Kasir->pelanggan_delete('4')
#8 C:\Users\ganda\Documents\GitHub\hera\system\CodeIgniter.php(419): CodeIgniter\CodeIgniter->runController(Object(App\Controllers\Kasir))
#9 C:\Users\ganda\Documents\GitHub\hera\system\CodeIgniter.php(326): CodeIgniter\CodeIgniter->handleRequest(NULL, Object(Config\Cache), false)
#10 C:\Users\ganda\Documents\GitHub\hera\public\index.php(37): CodeIgniter\CodeIgniter->run()
#11 C:\Users\ganda\Documents\GitHub\hera\system\Commands\Server\rewrite.php(43): require_once('C:\\Users\\ganda\\...')
#12 {main}
ERROR - 2024-07-14 21:27:59 --> Cannot delete or update a parent row: a foreign key constraint fails (`toko_hera`.`piutang`, CONSTRAINT `piutang_ibfk_2` FOREIGN KEY (`id_pelanggan`) REFERENCES `pelanggan` (`id_pelanggan`))
CRITICAL - 2024-07-14 21:27:59 --> Cannot delete or update a parent row: a foreign key constraint fails (`toko_hera`.`piutang`, CONSTRAINT `piutang_ibfk_2` FOREIGN KEY (`id_pelanggan`) REFERENCES `pelanggan` (`id_pelanggan`))
#0 C:\Users\ganda\Documents\GitHub\hera\system\Database\MySQLi\Connection.php(292): mysqli->query('DELETE FROM `pe...', 0)
#1 C:\Users\ganda\Documents\GitHub\hera\system\Database\BaseConnection.php(670): CodeIgniter\Database\MySQLi\Connection->execute('DELETE FROM `pe...')
#2 C:\Users\ganda\Documents\GitHub\hera\system\Database\BaseConnection.php(598): CodeIgniter\Database\BaseConnection->simpleQuery('DELETE FROM `pe...')
#3 C:\Users\ganda\Documents\GitHub\hera\system\Database\BaseBuilder.php(2225): CodeIgniter\Database\BaseConnection->query('DELETE FROM `pe...', Array, false)
#4 C:\Users\ganda\Documents\GitHub\hera\system\Model.php(359): CodeIgniter\Database\BaseBuilder->delete()
#5 C:\Users\ganda\Documents\GitHub\hera\system\BaseModel.php(963): CodeIgniter\Model->doDelete(Array, false)
#6 C:\Users\ganda\Documents\GitHub\hera\app\Controllers\Admin.php(441): CodeIgniter\BaseModel->delete(Array)
#7 C:\Users\ganda\Documents\GitHub\hera\system\CodeIgniter.php(832): App\Controllers\Admin->pelanggan_delete('4')
#8 C:\Users\ganda\Documents\GitHub\hera\system\CodeIgniter.php(419): CodeIgniter\CodeIgniter->runController(Object(App\Controllers\Admin))
#9 C:\Users\ganda\Documents\GitHub\hera\system\CodeIgniter.php(326): CodeIgniter\CodeIgniter->handleRequest(NULL, Object(Config\Cache), false)
#10 C:\Users\ganda\Documents\GitHub\hera\public\index.php(37): CodeIgniter\CodeIgniter->run()
#11 C:\Users\ganda\Documents\GitHub\hera\system\Commands\Server\rewrite.php(43): require_once('C:\\Users\\ganda\\...')
#12 {main}
CRITICAL - 2024-07-14 21:44:08 --> Could not move file phpE6FA.tmp to uploads/profile/ ()
#0 C:\Users\ganda\Documents\GitHub\hera\system\HTTP\Files\UploadedFile.php(149): CodeIgniter\HTTP\Exceptions\HTTPException::forMoveFailed('phpE6FA.tmp', 'uploads/profile...', '')
#1 C:\Users\ganda\Documents\GitHub\hera\app\Controllers\Kasir.php(189): CodeIgniter\HTTP\Files\UploadedFile->move('uploads/profile...', 'KasirFOTOkasir.')
#2 C:\Users\ganda\Documents\GitHub\hera\system\CodeIgniter.php(832): App\Controllers\Kasir->simpanProfile('14')
#3 C:\Users\ganda\Documents\GitHub\hera\system\CodeIgniter.php(419): CodeIgniter\CodeIgniter->runController(Object(App\Controllers\Kasir))
#4 C:\Users\ganda\Documents\GitHub\hera\system\CodeIgniter.php(326): CodeIgniter\CodeIgniter->handleRequest(NULL, Object(Config\Cache), false)
#5 C:\Users\ganda\Documents\GitHub\hera\public\index.php(37): CodeIgniter\CodeIgniter->run()
#6 C:\Users\ganda\Documents\GitHub\hera\system\Commands\Server\rewrite.php(43): require_once('C:\\Users\\ganda\\...')
#7 {main}
CRITICAL - 2024-07-14 21:47:01 --> Could not move file php8CA8.tmp to uploads/profile/ ()
#0 C:\Users\ganda\Documents\GitHub\hera\system\HTTP\Files\UploadedFile.php(149): CodeIgniter\HTTP\Exceptions\HTTPException::forMoveFailed('php8CA8.tmp', 'uploads/profile...', '')
#1 C:\Users\ganda\Documents\GitHub\hera\app\Controllers\Kasir.php(189): CodeIgniter\HTTP\Files\UploadedFile->move('uploads/profile...', 'KasirFOTOkasir.')
#2 C:\Users\ganda\Documents\GitHub\hera\system\CodeIgniter.php(832): App\Controllers\Kasir->simpanProfile('14')
#3 C:\Users\ganda\Documents\GitHub\hera\system\CodeIgniter.php(419): CodeIgniter\CodeIgniter->runController(Object(App\Controllers\Kasir))
#4 C:\Users\ganda\Documents\GitHub\hera\system\CodeIgniter.php(326): CodeIgniter\CodeIgniter->handleRequest(NULL, Object(Config\Cache), false)
#5 C:\Users\ganda\Documents\GitHub\hera\public\index.php(37): CodeIgniter\CodeIgniter->run()
#6 C:\Users\ganda\Documents\GitHub\hera\system\Commands\Server\rewrite.php(43): require_once('C:\\Users\\ganda\\...')
#7 {main}
CRITICAL - 2024-07-14 21:47:11 --> unlink(uploads/profile/PetugasFOTOpetugas.png): No such file or directory
#0 [internal function]: CodeIgniter\Debug\Exceptions->errorHandler(2, 'unlink(uploads/...', 'C:\\Users\\ganda\\...', 187, Array)
#1 C:\Users\ganda\Documents\GitHub\hera\app\Controllers\Kasir.php(187): unlink('uploads/profile...')
#2 C:\Users\ganda\Documents\GitHub\hera\system\CodeIgniter.php(832): App\Controllers\Kasir->simpanProfile('14')
#3 C:\Users\ganda\Documents\GitHub\hera\system\CodeIgniter.php(419): CodeIgniter\CodeIgniter->runController(Object(App\Controllers\Kasir))
#4 C:\Users\ganda\Documents\GitHub\hera\system\CodeIgniter.php(326): CodeIgniter\CodeIgniter->handleRequest(NULL, Object(Config\Cache), false)
#5 C:\Users\ganda\Documents\GitHub\hera\public\index.php(37): CodeIgniter\CodeIgniter->run()
#6 C:\Users\ganda\Documents\GitHub\hera\system\Commands\Server\rewrite.php(43): require_once('C:\\Users\\ganda\\...')
#7 {main}
CRITICAL - 2024-07-14 21:47:29 --> Could not move file phpFBEE.tmp to uploads/profile/ ()
#0 C:\Users\ganda\Documents\GitHub\hera\system\HTTP\Files\UploadedFile.php(149): CodeIgniter\HTTP\Exceptions\HTTPException::forMoveFailed('phpFBEE.tmp', 'uploads/profile...', '')
#1 C:\Users\ganda\Documents\GitHub\hera\app\Controllers\Kasir.php(189): CodeIgniter\HTTP\Files\UploadedFile->move('uploads/profile...', 'KasirFOTOkasir.')
#2 C:\Users\ganda\Documents\GitHub\hera\system\CodeIgniter.php(832): App\Controllers\Kasir->simpanProfile('14')
#3 C:\Users\ganda\Documents\GitHub\hera\system\CodeIgniter.php(419): CodeIgniter\CodeIgniter->runController(Object(App\Controllers\Kasir))
#4 C:\Users\ganda\Documents\GitHub\hera\system\CodeIgniter.php(326): CodeIgniter\CodeIgniter->handleRequest(NULL, Object(Config\Cache), false)
#5 C:\Users\ganda\Documents\GitHub\hera\public\index.php(37): CodeIgniter\CodeIgniter->run()
#6 C:\Users\ganda\Documents\GitHub\hera\system\Commands\Server\rewrite.php(43): require_once('C:\\Users\\ganda\\...')
#7 {main}
CRITICAL - 2024-07-14 21:48:18 --> Could not move file phpB9D0.tmp to uploads/profile/ ()
#0 C:\Users\ganda\Documents\GitHub\hera\system\HTTP\Files\UploadedFile.php(149): CodeIgniter\HTTP\Exceptions\HTTPException::forMoveFailed('phpB9D0.tmp', 'uploads/profile...', '')
#1 C:\Users\ganda\Documents\GitHub\hera\app\Controllers\Kasir.php(189): CodeIgniter\HTTP\Files\UploadedFile->move('uploads/profile...', 'KasirFOTOkasir.')
#2 C:\Users\ganda\Documents\GitHub\hera\system\CodeIgniter.php(832): App\Controllers\Kasir->simpanProfile('14')
#3 C:\Users\ganda\Documents\GitHub\hera\system\CodeIgniter.php(419): CodeIgniter\CodeIgniter->runController(Object(App\Controllers\Kasir))
#4 C:\Users\ganda\Documents\GitHub\hera\system\CodeIgniter.php(326): CodeIgniter\CodeIgniter->handleRequest(NULL, Object(Config\Cache), false)
#5 C:\Users\ganda\Documents\GitHub\hera\public\index.php(37): CodeIgniter\CodeIgniter->run()
#6 C:\Users\ganda\Documents\GitHub\hera\system\Commands\Server\rewrite.php(43): require_once('C:\\Users\\ganda\\...')
#7 {main}
CRITICAL - 2024-07-14 21:50:02 --> unlink(uploads/profile/PetugasFOTOpetugas.png): No such file or directory
#0 [internal function]: CodeIgniter\Debug\Exceptions->errorHandler(2, 'unlink(uploads/...', 'C:\\Users\\ganda\\...', 187, Array)
#1 C:\Users\ganda\Documents\GitHub\hera\app\Controllers\Kasir.php(187): unlink('uploads/profile...')
#2 C:\Users\ganda\Documents\GitHub\hera\system\CodeIgniter.php(832): App\Controllers\Kasir->simpanProfile('14')
#3 C:\Users\ganda\Documents\GitHub\hera\system\CodeIgniter.php(419): CodeIgniter\CodeIgniter->runController(Object(App\Controllers\Kasir))
#4 C:\Users\ganda\Documents\GitHub\hera\system\CodeIgniter.php(326): CodeIgniter\CodeIgniter->handleRequest(NULL, Object(Config\Cache), false)
#5 C:\Users\ganda\Documents\GitHub\hera\public\index.php(37): CodeIgniter\CodeIgniter->run()
#6 C:\Users\ganda\Documents\GitHub\hera\system\Commands\Server\rewrite.php(43): require_once('C:\\Users\\ganda\\...')
#7 {main}
CRITICAL - 2024-07-14 21:50:55 --> Could not move file php1E40.tmp to uploads/profile/ ()
#0 C:\Users\ganda\Documents\GitHub\hera\system\HTTP\Files\UploadedFile.php(149): CodeIgniter\HTTP\Exceptions\HTTPException::forMoveFailed('php1E40.tmp', 'uploads/profile...', '')
#1 C:\Users\ganda\Documents\GitHub\hera\app\Controllers\Kasir.php(189): CodeIgniter\HTTP\Files\UploadedFile->move('uploads/profile...', 'KasirFOTOkasir.')
#2 C:\Users\ganda\Documents\GitHub\hera\system\CodeIgniter.php(832): App\Controllers\Kasir->simpanProfile('14')
#3 C:\Users\ganda\Documents\GitHub\hera\system\CodeIgniter.php(419): CodeIgniter\CodeIgniter->runController(Object(App\Controllers\Kasir))
#4 C:\Users\ganda\Documents\GitHub\hera\system\CodeIgniter.php(326): CodeIgniter\CodeIgniter->handleRequest(NULL, Object(Config\Cache), false)
#5 C:\Users\ganda\Documents\GitHub\hera\public\index.php(37): CodeIgniter\CodeIgniter->run()
#6 C:\Users\ganda\Documents\GitHub\hera\system\Commands\Server\rewrite.php(43): require_once('C:\\Users\\ganda\\...')
#7 {main}
CRITICAL - 2024-07-14 21:56:42 --> unlink(uploads/profile/PetugasFOTOpetugas.png): No such file or directory
#0 [internal function]: CodeIgniter\Debug\Exceptions->errorHandler(2, 'unlink(uploads/...', 'C:\\Users\\ganda\\...', 187, Array)
#1 C:\Users\ganda\Documents\GitHub\hera\app\Controllers\Kasir.php(187): unlink('uploads/profile...')
#2 C:\Users\ganda\Documents\GitHub\hera\system\CodeIgniter.php(832): App\Controllers\Kasir->simpanProfile('14')
#3 C:\Users\ganda\Documents\GitHub\hera\system\CodeIgniter.php(419): CodeIgniter\CodeIgniter->runController(Object(App\Controllers\Kasir))
#4 C:\Users\ganda\Documents\GitHub\hera\system\CodeIgniter.php(326): CodeIgniter\CodeIgniter->handleRequest(NULL, Object(Config\Cache), false)
#5 C:\Users\ganda\Documents\GitHub\hera\public\index.php(37): CodeIgniter\CodeIgniter->run()
#6 C:\Users\ganda\Documents\GitHub\hera\system\Commands\Server\rewrite.php(43): require_once('C:\\Users\\ganda\\...')
#7 {main}
CRITICAL - 2024-07-14 22:41:22 --> Undefined variable: kembalian
#0 C:\Users\ganda\Documents\GitHub\hera\app\Controllers\Kasir.php(1766): CodeIgniter\Debug\Exceptions->errorHandler(8, 'Undefined varia...', 'C:\\Users\\ganda\\...', 1766, Array)
#1 C:\Users\ganda\Documents\GitHub\hera\system\CodeIgniter.php(832): App\Controllers\Kasir->simpanRestok()
#2 C:\Users\ganda\Documents\GitHub\hera\system\CodeIgniter.php(419): CodeIgniter\CodeIgniter->runController(Object(App\Controllers\Kasir))
#3 C:\Users\ganda\Documents\GitHub\hera\system\CodeIgniter.php(326): CodeIgniter\CodeIgniter->handleRequest(NULL, Object(Config\Cache), false)
#4 C:\Users\ganda\Documents\GitHub\hera\public\index.php(37): CodeIgniter\CodeIgniter->run()
#5 C:\Users\ganda\Documents\GitHub\hera\system\Commands\Server\rewrite.php(43): require_once('C:\\Users\\ganda\\...')
#6 {main}
CRITICAL - 2024-07-14 22:45:05 --> syntax error, unexpected '$hutangModel' (T_VARIABLE)
#0 C:\Users\ganda\Documents\GitHub\hera\system\Router\Router.php(175): CodeIgniter\Router\Router->autoRoute('Kasir/simpanRes...')
#1 C:\Users\ganda\Documents\GitHub\hera\system\CodeIgniter.php(726): CodeIgniter\Router\Router->handle('Kasir/simpanRes...')
#2 C:\Users\ganda\Documents\GitHub\hera\system\CodeIgniter.php(368): CodeIgniter\CodeIgniter->tryToRouteIt(Object(CodeIgniter\Router\RouteCollection))
#3 C:\Users\ganda\Documents\GitHub\hera\system\CodeIgniter.php(326): CodeIgniter\CodeIgniter->handleRequest(NULL, Object(Config\Cache), false)
#4 C:\Users\ganda\Documents\GitHub\hera\public\index.php(37): CodeIgniter\CodeIgniter->run()
#5 C:\Users\ganda\Documents\GitHub\hera\system\Commands\Server\rewrite.php(43): require_once('C:\\Users\\ganda\\...')
#6 {main}
