CRITICAL - 2024-08-19 21:24:57 --> Undefined variable: db
#0 C:\Users\ganda\Documents\GitHub\Hera After sidang\app\Controllers\Admin.php(2379): CodeIgniter\Debug\Exceptions->errorHandler(8, 'Undefined varia...', 'C:\\Users\\ganda\\...', 2379, Array)
#1 C:\Users\ganda\Documents\GitHub\Hera After sidang\system\CodeIgniter.php(832): App\Controllers\Admin->cetakArusKas()
#2 C:\Users\ganda\Documents\GitHub\Hera After sidang\system\CodeIgniter.php(419): CodeIgniter\CodeIgniter->runController(Object(App\Controllers\Admin))
#3 C:\Users\ganda\Documents\GitHub\Hera After sidang\system\CodeIgniter.php(326): CodeIgniter\CodeIgniter->handleRequest(NULL, Object(Config\Cache), false)
#4 C:\Users\ganda\Documents\GitHub\Hera After sidang\public\index.php(37): CodeIgniter\CodeIgniter->run()
#5 C:\Users\ganda\Documents\GitHub\Hera After sidang\system\Commands\Server\rewrite.php(43): require_once('C:\\Users\\ganda\\...')
#6 {main}
CRITICAL - 2024-08-19 21:40:13 --> Undefined variable: totalKasMasuk
#0 C:\Users\ganda\Documents\GitHub\Hera After sidang\app\Views\Kasir\Laporan\Lap_arusKas.php(133): CodeIgniter\Debug\Exceptions->errorHandler(8, 'Undefined varia...', 'C:\\Users\\ganda\\...', 133, Array)
#1 C:\Users\ganda\Documents\GitHub\Hera After sidang\system\View\View.php(210): include('C:\\Users\\ganda\\...')
#2 C:\Users\ganda\Documents\GitHub\Hera After sidang\system\View\View.php(213): CodeIgniter\View\View->CodeIgniter\View\{closure}()
#3 C:\Users\ganda\Documents\GitHub\Hera After sidang\system\Common.php(1089): CodeIgniter\View\View->render('Kasir/Laporan/L...', Array, true)
#4 C:\Users\ganda\Documents\GitHub\Hera After sidang\app\Controllers\Kasir.php(2464): view('Kasir/Laporan/L...', Array)
#5 C:\Users\ganda\Documents\GitHub\Hera After sidang\system\CodeIgniter.php(832): App\Controllers\Kasir->cetakArusKas()
#6 C:\Users\ganda\Documents\GitHub\Hera After sidang\system\CodeIgniter.php(419): CodeIgniter\CodeIgniter->runController(Object(App\Controllers\Kasir))
#7 C:\Users\ganda\Documents\GitHub\Hera After sidang\system\CodeIgniter.php(326): CodeIgniter\CodeIgniter->handleRequest(NULL, Object(Config\Cache), false)
#8 C:\Users\ganda\Documents\GitHub\Hera After sidang\public\index.php(37): CodeIgniter\CodeIgniter->run()
#9 C:\Users\ganda\Documents\GitHub\Hera After sidang\system\Commands\Server\rewrite.php(43): require_once('C:\\Users\\ganda\\...')
#10 {main}
CRITICAL - 2024-08-19 21:40:40 --> Undefined variable: totalKasMasuk
#0 C:\Users\ganda\Documents\GitHub\Hera After sidang\app\Views\Kasir\Laporan\Lap_arusKas.php(133): CodeIgniter\Debug\Exceptions->errorHandler(8, 'Undefined varia...', 'C:\\Users\\ganda\\...', 133, Array)
#1 C:\Users\ganda\Documents\GitHub\Hera After sidang\system\View\View.php(210): include('C:\\Users\\ganda\\...')
#2 C:\Users\ganda\Documents\GitHub\Hera After sidang\system\View\View.php(213): CodeIgniter\View\View->CodeIgniter\View\{closure}()
#3 C:\Users\ganda\Documents\GitHub\Hera After sidang\system\Common.php(1089): CodeIgniter\View\View->render('Kasir/Laporan/L...', Array, true)
#4 C:\Users\ganda\Documents\GitHub\Hera After sidang\app\Controllers\Kasir.php(2473): view('Kasir/Laporan/L...', Array)
#5 C:\Users\ganda\Documents\GitHub\Hera After sidang\system\CodeIgniter.php(832): App\Controllers\Kasir->cetakArusKas()
#6 C:\Users\ganda\Documents\GitHub\Hera After sidang\system\CodeIgniter.php(419): CodeIgniter\CodeIgniter->runController(Object(App\Controllers\Kasir))
#7 C:\Users\ganda\Documents\GitHub\Hera After sidang\system\CodeIgniter.php(326): CodeIgniter\CodeIgniter->handleRequest(NULL, Object(Config\Cache), false)
#8 C:\Users\ganda\Documents\GitHub\Hera After sidang\public\index.php(37): CodeIgniter\CodeIgniter->run()
#9 C:\Users\ganda\Documents\GitHub\Hera After sidang\system\Commands\Server\rewrite.php(43): require_once('C:\\Users\\ganda\\...')
#10 {main}
CRITICAL - 2024-08-19 21:40:50 --> Undefined variable: totalKasMasuk
#0 C:\Users\ganda\Documents\GitHub\Hera After sidang\app\Views\Kasir\Laporan\Lap_arusKas.php(133): CodeIgniter\Debug\Exceptions->errorHandler(8, 'Undefined varia...', 'C:\\Users\\ganda\\...', 133, Array)
#1 C:\Users\ganda\Documents\GitHub\Hera After sidang\system\View\View.php(210): include('C:\\Users\\ganda\\...')
#2 C:\Users\ganda\Documents\GitHub\Hera After sidang\system\View\View.php(213): CodeIgniter\View\View->CodeIgniter\View\{closure}()
#3 C:\Users\ganda\Documents\GitHub\Hera After sidang\system\Common.php(1089): CodeIgniter\View\View->render('Kasir/Laporan/L...', Array, true)
#4 C:\Users\ganda\Documents\GitHub\Hera After sidang\app\Controllers\Kasir.php(2473): view('Kasir/Laporan/L...', Array)
#5 C:\Users\ganda\Documents\GitHub\Hera After sidang\system\CodeIgniter.php(832): App\Controllers\Kasir->cetakArusKas()
#6 C:\Users\ganda\Documents\GitHub\Hera After sidang\system\CodeIgniter.php(419): CodeIgniter\CodeIgniter->runController(Object(App\Controllers\Kasir))
#7 C:\Users\ganda\Documents\GitHub\Hera After sidang\system\CodeIgniter.php(326): CodeIgniter\CodeIgniter->handleRequest(NULL, Object(Config\Cache), false)
#8 C:\Users\ganda\Documents\GitHub\Hera After sidang\public\index.php(37): CodeIgniter\CodeIgniter->run()
#9 C:\Users\ganda\Documents\GitHub\Hera After sidang\system\Commands\Server\rewrite.php(43): require_once('C:\\Users\\ganda\\...')
#10 {main}
