CRITICAL - 2024-09-22 07:24:02 --> Trying to get property 'fullname' of non-object
#0 C:\Users\ganda\Documents\GitHub\ePos\app\Views\Admin\Templates\Topbar.php(24): CodeIgniter\Debug\Exceptions->errorHandler(8, 'Trying to get p...', 'C:\\Users\\ganda\\...', 24, Array)
#1 C:\Users\ganda\Documents\GitHub\ePos\system\View\View.php(210): include('C:\\Users\\ganda\\...')
#2 C:\Users\ganda\Documents\GitHub\ePos\system\View\View.php(213): CodeIgniter\View\View->CodeIgniter\View\{closure}()
#3 C:\Users\ganda\Documents\GitHub\ePos\system\View\View.php(424): CodeIgniter\View\View->render('Admin/Templates...', NULL, true)
#4 C:\Users\ganda\Documents\GitHub\ePos\app\Views\Admin\Templates\Index.php(55): CodeIgniter\View\View->include('Admin/Templates...')
#5 C:\Users\ganda\Documents\GitHub\ePos\system\View\View.php(210): include('C:\\Users\\ganda\\...')
#6 C:\Users\ganda\Documents\GitHub\ePos\system\View\View.php(213): CodeIgniter\View\View->CodeIgniter\View\{closure}()
#7 C:\Users\ganda\Documents\GitHub\ePos\system\View\View.php(226): CodeIgniter\View\View->render('Admin/Templates...', Array, true)
#8 C:\Users\ganda\Documents\GitHub\ePos\system\Common.php(1089): CodeIgniter\View\View->render('Admin/Posyandu/...', Array, true)
#9 C:\Users\ganda\Documents\GitHub\ePos\app\Controllers\Admin.php(2046): view('Admin/Posyandu/...', Array)
#10 C:\Users\ganda\Documents\GitHub\ePos\system\CodeIgniter.php(832): App\Controllers\Admin->posyandu()
#11 C:\Users\ganda\Documents\GitHub\ePos\system\CodeIgniter.php(419): CodeIgniter\CodeIgniter->runController(Object(App\Controllers\Admin))
#12 C:\Users\ganda\Documents\GitHub\ePos\system\CodeIgniter.php(326): CodeIgniter\CodeIgniter->handleRequest(NULL, Object(Config\Cache), false)
#13 C:\Users\ganda\Documents\GitHub\ePos\public\index.php(37): CodeIgniter\CodeIgniter->run()
#14 C:\Users\ganda\Documents\GitHub\ePos\system\Commands\Server\rewrite.php(43): require_once('C:\\Users\\ganda\\...')
#15 {main}
CRITICAL - 2024-09-22 19:47:58 --> Undefined index: ic
#0 C:\Users\ganda\Documents\GitHub\ePos\app\Views\Admin\Balita\Edit.php(17): CodeIgniter\Debug\Exceptions->errorHandler(8, 'Undefined index...', 'C:\\Users\\ganda\\...', 17, Array)
#1 C:\Users\ganda\Documents\GitHub\ePos\system\View\View.php(210): include('C:\\Users\\ganda\\...')
#2 C:\Users\ganda\Documents\GitHub\ePos\system\View\View.php(213): CodeIgniter\View\View->CodeIgniter\View\{closure}()
#3 C:\Users\ganda\Documents\GitHub\ePos\system\Common.php(1089): CodeIgniter\View\View->render('admin/balita/Ed...', Array, true)
#4 C:\Users\ganda\Documents\GitHub\ePos\app\Controllers\Admin.php(2276): view('admin/balita/Ed...', Array)
#5 C:\Users\ganda\Documents\GitHub\ePos\system\CodeIgniter.php(832): App\Controllers\Admin->editBalita('4')
#6 C:\Users\ganda\Documents\GitHub\ePos\system\CodeIgniter.php(419): CodeIgniter\CodeIgniter->runController(Object(App\Controllers\Admin))
#7 C:\Users\ganda\Documents\GitHub\ePos\system\CodeIgniter.php(326): CodeIgniter\CodeIgniter->handleRequest(NULL, Object(Config\Cache), false)
#8 C:\Users\ganda\Documents\GitHub\ePos\public\index.php(37): CodeIgniter\CodeIgniter->run()
#9 C:\Users\ganda\Documents\GitHub\ePos\system\Commands\Server\rewrite.php(43): require_once('C:\\Users\\ganda\\...')
#10 {main}
ERROR - 2024-09-22 19:58:20 --> Table 'eposyandu.daftar_hadir' doesn't exist
CRITICAL - 2024-09-22 19:58:20 --> Table 'eposyandu.daftar_hadir' doesn't exist
#0 C:\Users\ganda\Documents\GitHub\ePos\system\Database\MySQLi\Connection.php(292): mysqli->query('SELECT *\nFROM `...', 0)
#1 C:\Users\ganda\Documents\GitHub\ePos\system\Database\BaseConnection.php(670): CodeIgniter\Database\MySQLi\Connection->execute('SELECT *\nFROM `...')
#2 C:\Users\ganda\Documents\GitHub\ePos\system\Database\BaseConnection.php(598): CodeIgniter\Database\BaseConnection->simpleQuery('SELECT *\nFROM `...')
#3 C:\Users\ganda\Documents\GitHub\ePos\system\Database\BaseBuilder.php(1455): CodeIgniter\Database\BaseConnection->query('SELECT *\nFROM `...', Array, false)
#4 C:\Users\ganda\Documents\GitHub\ePos\system\Model.php(183): CodeIgniter\Database\BaseBuilder->get()
#5 C:\Users\ganda\Documents\GitHub\ePos\system\BaseModel.php(584): CodeIgniter\Model->doFindAll(0, 0)
#6 C:\Users\ganda\Documents\GitHub\ePos\app\Controllers\Admin.php(2407): CodeIgniter\BaseModel->findAll()
#7 C:\Users\ganda\Documents\GitHub\ePos\system\CodeIgniter.php(832): App\Controllers\Admin->daftar_hadir()
#8 C:\Users\ganda\Documents\GitHub\ePos\system\CodeIgniter.php(419): CodeIgniter\CodeIgniter->runController(Object(App\Controllers\Admin))
#9 C:\Users\ganda\Documents\GitHub\ePos\system\CodeIgniter.php(326): CodeIgniter\CodeIgniter->handleRequest(NULL, Object(Config\Cache), false)
#10 C:\Users\ganda\Documents\GitHub\ePos\public\index.php(37): CodeIgniter\CodeIgniter->run()
#11 C:\Users\ganda\Documents\GitHub\ePos\system\Commands\Server\rewrite.php(43): require_once('C:\\Users\\ganda\\...')
#12 {main}
ERROR - 2024-09-22 20:00:07 --> Table 'eposyandu.daftar_hadir' doesn't exist
CRITICAL - 2024-09-22 20:00:07 --> Table 'eposyandu.daftar_hadir' doesn't exist
#0 C:\Users\ganda\Documents\GitHub\ePos\system\Database\MySQLi\Connection.php(292): mysqli->query('SELECT *\nFROM `...', 0)
#1 C:\Users\ganda\Documents\GitHub\ePos\system\Database\BaseConnection.php(670): CodeIgniter\Database\MySQLi\Connection->execute('SELECT *\nFROM `...')
#2 C:\Users\ganda\Documents\GitHub\ePos\system\Database\BaseConnection.php(598): CodeIgniter\Database\BaseConnection->simpleQuery('SELECT *\nFROM `...')
#3 C:\Users\ganda\Documents\GitHub\ePos\system\Database\BaseBuilder.php(1455): CodeIgniter\Database\BaseConnection->query('SELECT *\nFROM `...', Array, false)
#4 C:\Users\ganda\Documents\GitHub\ePos\system\Model.php(183): CodeIgniter\Database\BaseBuilder->get()
#5 C:\Users\ganda\Documents\GitHub\ePos\system\BaseModel.php(584): CodeIgniter\Model->doFindAll(0, 0)
#6 C:\Users\ganda\Documents\GitHub\ePos\app\Controllers\Admin.php(2407): CodeIgniter\BaseModel->findAll()
#7 C:\Users\ganda\Documents\GitHub\ePos\system\CodeIgniter.php(832): App\Controllers\Admin->daftar_hadir()
#8 C:\Users\ganda\Documents\GitHub\ePos\system\CodeIgniter.php(419): CodeIgniter\CodeIgniter->runController(Object(App\Controllers\Admin))
#9 C:\Users\ganda\Documents\GitHub\ePos\system\CodeIgniter.php(326): CodeIgniter\CodeIgniter->handleRequest(NULL, Object(Config\Cache), false)
#10 C:\Users\ganda\Documents\GitHub\ePos\public\index.php(37): CodeIgniter\CodeIgniter->run()
#11 C:\Users\ganda\Documents\GitHub\ePos\system\Commands\Server\rewrite.php(43): require_once('C:\\Users\\ganda\\...')
#12 {main}
CRITICAL - 2024-09-22 20:03:13 --> Undefined variable: daftar_hadir
#0 C:\Users\ganda\Documents\GitHub\ePos\app\Views\Admin\Daftar_hadir\Index.php(29): CodeIgniter\Debug\Exceptions->errorHandler(8, 'Undefined varia...', 'C:\\Users\\ganda\\...', 29, Array)
#1 C:\Users\ganda\Documents\GitHub\ePos\system\View\View.php(210): include('C:\\Users\\ganda\\...')
#2 C:\Users\ganda\Documents\GitHub\ePos\system\View\View.php(213): CodeIgniter\View\View->CodeIgniter\View\{closure}()
#3 C:\Users\ganda\Documents\GitHub\ePos\system\Common.php(1089): CodeIgniter\View\View->render('Admin/Daftar_ha...', Array, true)
#4 C:\Users\ganda\Documents\GitHub\ePos\app\Controllers\Admin.php(2409): view('Admin/Daftar_ha...', Array)
#5 C:\Users\ganda\Documents\GitHub\ePos\system\CodeIgniter.php(832): App\Controllers\Admin->daftar_hadir()
#6 C:\Users\ganda\Documents\GitHub\ePos\system\CodeIgniter.php(419): CodeIgniter\CodeIgniter->runController(Object(App\Controllers\Admin))
#7 C:\Users\ganda\Documents\GitHub\ePos\system\CodeIgniter.php(326): CodeIgniter\CodeIgniter->handleRequest(NULL, Object(Config\Cache), false)
#8 C:\Users\ganda\Documents\GitHub\ePos\public\index.php(37): CodeIgniter\CodeIgniter->run()
#9 C:\Users\ganda\Documents\GitHub\ePos\system\Commands\Server\rewrite.php(43): require_once('C:\\Users\\ganda\\...')
#10 {main}
CRITICAL - 2024-09-22 20:23:33 --> Undefined property: App\Controllers\Home::$PosyanduModel
#0 C:\Users\ganda\Documents\GitHub\ePos\app\Controllers\Home.php(20): CodeIgniter\Debug\Exceptions->errorHandler(8, 'Undefined prope...', 'C:\\Users\\ganda\\...', 20, Array)
#1 C:\Users\ganda\Documents\GitHub\ePos\system\CodeIgniter.php(832): App\Controllers\Home->index()
#2 C:\Users\ganda\Documents\GitHub\ePos\system\CodeIgniter.php(419): CodeIgniter\CodeIgniter->runController(Object(App\Controllers\Home))
#3 C:\Users\ganda\Documents\GitHub\ePos\system\CodeIgniter.php(326): CodeIgniter\CodeIgniter->handleRequest(NULL, Object(Config\Cache), false)
#4 C:\Users\ganda\Documents\GitHub\ePos\public\index.php(37): CodeIgniter\CodeIgniter->run()
#5 C:\Users\ganda\Documents\GitHub\ePos\system\Commands\Server\rewrite.php(43): require_once('C:\\Users\\ganda\\...')
#6 {main}
CRITICAL - 2024-09-22 20:24:04 --> Invalid argument supplied for foreach()
#0 C:\Users\ganda\Documents\GitHub\ePos\app\Views\front\landing.php(465): CodeIgniter\Debug\Exceptions->errorHandler(2, 'Invalid argumen...', 'C:\\Users\\ganda\\...', 465, Array)
#1 C:\Users\ganda\Documents\GitHub\ePos\system\View\View.php(210): include('C:\\Users\\ganda\\...')
#2 C:\Users\ganda\Documents\GitHub\ePos\system\View\View.php(213): CodeIgniter\View\View->CodeIgniter\View\{closure}()
#3 C:\Users\ganda\Documents\GitHub\ePos\system\Common.php(1089): CodeIgniter\View\View->render('front/landing', Array, true)
#4 C:\Users\ganda\Documents\GitHub\ePos\app\Controllers\Home.php(21): view('front/landing', Array)
#5 C:\Users\ganda\Documents\GitHub\ePos\system\CodeIgniter.php(832): App\Controllers\Home->index()
#6 C:\Users\ganda\Documents\GitHub\ePos\system\CodeIgniter.php(419): CodeIgniter\CodeIgniter->runController(Object(App\Controllers\Home))
#7 C:\Users\ganda\Documents\GitHub\ePos\system\CodeIgniter.php(326): CodeIgniter\CodeIgniter->handleRequest(NULL, Object(Config\Cache), false)
#8 C:\Users\ganda\Documents\GitHub\ePos\public\index.php(37): CodeIgniter\CodeIgniter->run()
#9 C:\Users\ganda\Documents\GitHub\ePos\system\Commands\Server\rewrite.php(43): require_once('C:\\Users\\ganda\\...')
#10 {main}
CRITICAL - 2024-09-22 20:27:37 --> Array to string conversion
#0 C:\Users\ganda\Documents\GitHub\ePos\app\Views\front\landing.php(498): CodeIgniter\Debug\Exceptions->errorHandler(8, 'Array to string...', 'C:\\Users\\ganda\\...', 498, Array)
#1 C:\Users\ganda\Documents\GitHub\ePos\system\View\View.php(210): include('C:\\Users\\ganda\\...')
#2 C:\Users\ganda\Documents\GitHub\ePos\system\View\View.php(213): CodeIgniter\View\View->CodeIgniter\View\{closure}()
#3 C:\Users\ganda\Documents\GitHub\ePos\system\Common.php(1089): CodeIgniter\View\View->render('front/landing', Array, true)
#4 C:\Users\ganda\Documents\GitHub\ePos\app\Controllers\Home.php(21): view('front/landing', Array)
#5 C:\Users\ganda\Documents\GitHub\ePos\system\CodeIgniter.php(832): App\Controllers\Home->index()
#6 C:\Users\ganda\Documents\GitHub\ePos\system\CodeIgniter.php(419): CodeIgniter\CodeIgniter->runController(Object(App\Controllers\Home))
#7 C:\Users\ganda\Documents\GitHub\ePos\system\CodeIgniter.php(326): CodeIgniter\CodeIgniter->handleRequest(NULL, Object(Config\Cache), false)
#8 C:\Users\ganda\Documents\GitHub\ePos\public\index.php(37): CodeIgniter\CodeIgniter->run()
#9 C:\Users\ganda\Documents\GitHub\ePos\system\Commands\Server\rewrite.php(43): require_once('C:\\Users\\ganda\\...')
#10 {main}
CRITICAL - 2024-09-22 20:28:09 --> Undefined variable: jumlah_ibu_hamil
#0 C:\Users\ganda\Documents\GitHub\ePos\app\Views\front\landing.php(507): CodeIgniter\Debug\Exceptions->errorHandler(8, 'Undefined varia...', 'C:\\Users\\ganda\\...', 507, Array)
#1 C:\Users\ganda\Documents\GitHub\ePos\system\View\View.php(210): include('C:\\Users\\ganda\\...')
#2 C:\Users\ganda\Documents\GitHub\ePos\system\View\View.php(213): CodeIgniter\View\View->CodeIgniter\View\{closure}()
#3 C:\Users\ganda\Documents\GitHub\ePos\system\Common.php(1089): CodeIgniter\View\View->render('front/landing', Array, true)
#4 C:\Users\ganda\Documents\GitHub\ePos\app\Controllers\Home.php(21): view('front/landing', Array)
#5 C:\Users\ganda\Documents\GitHub\ePos\system\CodeIgniter.php(832): App\Controllers\Home->index()
#6 C:\Users\ganda\Documents\GitHub\ePos\system\CodeIgniter.php(419): CodeIgniter\CodeIgniter->runController(Object(App\Controllers\Home))
#7 C:\Users\ganda\Documents\GitHub\ePos\system\CodeIgniter.php(326): CodeIgniter\CodeIgniter->handleRequest(NULL, Object(Config\Cache), false)
#8 C:\Users\ganda\Documents\GitHub\ePos\public\index.php(37): CodeIgniter\CodeIgniter->run()
#9 C:\Users\ganda\Documents\GitHub\ePos\system\Commands\Server\rewrite.php(43): require_once('C:\\Users\\ganda\\...')
#10 {main}
