CRITICAL - 2024-03-30 01:09:13 --> Undefined index: jenis_barang
#0 C:\xampp\htdocs\Toko Nolo\app\Views\Admin\Laporan\Lap_barang.php(127): CodeIgniter\Debug\Exceptions->errorHandler(8, 'Undefined index...', 'C:\\xampp\\htdocs...', 127, Array)
#1 C:\xampp\htdocs\Toko Nolo\system\View\View.php(210): include('C:\\xampp\\htdocs...')
#2 C:\xampp\htdocs\Toko Nolo\system\View\View.php(213): CodeIgniter\View\View->CodeIgniter\View\{closure}()
#3 C:\xampp\htdocs\Toko Nolo\system\Common.php(1089): CodeIgniter\View\View->render('Admin/Laporan/L...', Array, true)
#4 C:\xampp\htdocs\Toko Nolo\app\Controllers\Admin.php(1995): view('Admin/Laporan/L...', Array)
#5 C:\xampp\htdocs\Toko Nolo\system\CodeIgniter.php(832): App\Controllers\Admin->cetakDataBarang()
#6 C:\xampp\htdocs\Toko Nolo\system\CodeIgniter.php(419): CodeIgniter\CodeIgniter->runController(Object(App\Controllers\Admin))
#7 C:\xampp\htdocs\Toko Nolo\system\CodeIgniter.php(326): CodeIgniter\CodeIgniter->handleRequest(NULL, Object(Config\Cache), false)
#8 C:\xampp\htdocs\Toko Nolo\public\index.php(37): CodeIgniter\CodeIgniter->run()
#9 C:\xampp\htdocs\Toko Nolo\system\Commands\Server\rewrite.php(43): require_once('C:\\xampp\\htdocs...')
#10 {main}
ERROR - 2024-03-30 01:10:29 --> Unknown column 'transaksi_barang.jenis_barang' in 'field list'
CRITICAL - 2024-03-30 01:10:29 --> Unknown column 'transaksi_barang.jenis_barang' in 'field list'
#0 C:\xampp\htdocs\Toko Nolo\system\Database\MySQLi\Connection.php(292): mysqli->query('SELECT `barang`...', 0)
#1 C:\xampp\htdocs\Toko Nolo\system\Database\BaseConnection.php(670): CodeIgniter\Database\MySQLi\Connection->execute('SELECT `barang`...')
#2 C:\xampp\htdocs\Toko Nolo\system\Database\BaseConnection.php(598): CodeIgniter\Database\BaseConnection->simpleQuery('SELECT `barang`...')
#3 C:\xampp\htdocs\Toko Nolo\system\Database\BaseBuilder.php(1455): CodeIgniter\Database\BaseConnection->query('SELECT `barang`...', Array, false)
#4 C:\xampp\htdocs\Toko Nolo\system\Model.php(183): CodeIgniter\Database\BaseBuilder->get()
#5 C:\xampp\htdocs\Toko Nolo\system\BaseModel.php(584): CodeIgniter\Model->doFindAll(0, 0)
#6 C:\xampp\htdocs\Toko Nolo\app\Controllers\Admin.php(1982): CodeIgniter\BaseModel->findAll()
#7 C:\xampp\htdocs\Toko Nolo\system\CodeIgniter.php(832): App\Controllers\Admin->cetakDataBarang()
#8 C:\xampp\htdocs\Toko Nolo\system\CodeIgniter.php(419): CodeIgniter\CodeIgniter->runController(Object(App\Controllers\Admin))
#9 C:\xampp\htdocs\Toko Nolo\system\CodeIgniter.php(326): CodeIgniter\CodeIgniter->handleRequest(NULL, Object(Config\Cache), false)
#10 C:\xampp\htdocs\Toko Nolo\public\index.php(37): CodeIgniter\CodeIgniter->run()
#11 C:\xampp\htdocs\Toko Nolo\system\Commands\Server\rewrite.php(43): require_once('C:\\xampp\\htdocs...')
#12 {main}
ERROR - 2024-03-30 01:12:48 --> Unknown column 'transaksi_barang.jenis_barang' in 'field list'
CRITICAL - 2024-03-30 01:12:48 --> Unknown column 'transaksi_barang.jenis_barang' in 'field list'
#0 C:\xampp\htdocs\Toko Nolo\system\Database\MySQLi\Connection.php(292): mysqli->query('SELECT `barang`...', 0)
#1 C:\xampp\htdocs\Toko Nolo\system\Database\BaseConnection.php(670): CodeIgniter\Database\MySQLi\Connection->execute('SELECT `barang`...')
#2 C:\xampp\htdocs\Toko Nolo\system\Database\BaseConnection.php(598): CodeIgniter\Database\BaseConnection->simpleQuery('SELECT `barang`...')
#3 C:\xampp\htdocs\Toko Nolo\system\Database\BaseBuilder.php(1455): CodeIgniter\Database\BaseConnection->query('SELECT `barang`...', Array, false)
#4 C:\xampp\htdocs\Toko Nolo\system\Model.php(183): CodeIgniter\Database\BaseBuilder->get()
#5 C:\xampp\htdocs\Toko Nolo\system\BaseModel.php(584): CodeIgniter\Model->doFindAll(0, 0)
#6 C:\xampp\htdocs\Toko Nolo\app\Controllers\Admin.php(1982): CodeIgniter\BaseModel->findAll()
#7 C:\xampp\htdocs\Toko Nolo\system\CodeIgniter.php(832): App\Controllers\Admin->cetakDataBarang()
#8 C:\xampp\htdocs\Toko Nolo\system\CodeIgniter.php(419): CodeIgniter\CodeIgniter->runController(Object(App\Controllers\Admin))
#9 C:\xampp\htdocs\Toko Nolo\system\CodeIgniter.php(326): CodeIgniter\CodeIgniter->handleRequest(NULL, Object(Config\Cache), false)
#10 C:\xampp\htdocs\Toko Nolo\public\index.php(37): CodeIgniter\CodeIgniter->run()
#11 C:\xampp\htdocs\Toko Nolo\system\Commands\Server\rewrite.php(43): require_once('C:\\xampp\\htdocs...')
#12 {main}
