ERROR - 2024-03-15 17:58:41 --> Unknown column 'nama' in 'where clause'
CRITICAL - 2024-03-15 17:58:41 --> Unknown column 'nama' in 'where clause'
#0 C:\xampp\htdocs\Toko Nolo\system\Database\MySQLi\Connection.php(292): mysqli->query('SELECT 1\nFROM `...', 0)
#1 C:\xampp\htdocs\Toko Nolo\system\Database\BaseConnection.php(670): CodeIgniter\Database\MySQLi\Connection->execute('SELECT 1\nFROM `...')
#2 C:\xampp\htdocs\Toko Nolo\system\Database\BaseConnection.php(598): CodeIgniter\Database\BaseConnection->simpleQuery('SELECT 1\nFROM `...')
#3 C:\xampp\htdocs\Toko Nolo\system\Database\BaseBuilder.php(1455): CodeIgniter\Database\BaseConnection->query('SELECT 1\nFROM `...', Array, false)
#4 C:\xampp\htdocs\Toko Nolo\system\Validation\Rules.php(142): CodeIgniter\Database\BaseBuilder->get()
#5 C:\xampp\htdocs\Toko Nolo\system\Validation\Validation.php(292): CodeIgniter\Validation\Rules->is_unique('Ganda', 'nama', Array, NULL)
#6 C:\xampp\htdocs\Toko Nolo\system\Validation\Validation.php(157): CodeIgniter\Validation\Validation->processRules('nama', 'nama', 'Ganda', Array, Array)
#7 C:\xampp\htdocs\Toko Nolo\system\Controller.php(160): CodeIgniter\Validation\Validation->run()
#8 C:\xampp\htdocs\Toko Nolo\app\Controllers\Admin.php(375): CodeIgniter\Controller->validate(Array)
#9 C:\xampp\htdocs\Toko Nolo\system\CodeIgniter.php(832): App\Controllers\Admin->simpanPelanggan()
#10 C:\xampp\htdocs\Toko Nolo\system\CodeIgniter.php(419): CodeIgniter\CodeIgniter->runController(Object(App\Controllers\Admin))
#11 C:\xampp\htdocs\Toko Nolo\system\CodeIgniter.php(326): CodeIgniter\CodeIgniter->handleRequest(NULL, Object(Config\Cache), false)
#12 C:\xampp\htdocs\Toko Nolo\public\index.php(37): CodeIgniter\CodeIgniter->run()
#13 C:\xampp\htdocs\Toko Nolo\system\Commands\Server\rewrite.php(43): require_once('C:\\xampp\\htdocs...')
#14 {main}
CRITICAL - 2024-03-15 18:24:10 --> Undefined variable: validation
#0 C:\xampp\htdocs\Toko Nolo\app\Views\Admin\Pelanggan\Index.php(123): CodeIgniter\Debug\Exceptions->errorHandler(8, 'Undefined varia...', 'C:\\xampp\\htdocs...', 123, Array)
#1 C:\xampp\htdocs\Toko Nolo\system\View\View.php(210): include('C:\\xampp\\htdocs...')
#2 C:\xampp\htdocs\Toko Nolo\system\View\View.php(213): CodeIgniter\View\View->CodeIgniter\View\{closure}()
#3 C:\xampp\htdocs\Toko Nolo\system\Common.php(1089): CodeIgniter\View\View->render('Admin/Pelanggan...', Array, true)
#4 C:\xampp\htdocs\Toko Nolo\app\Controllers\Admin.php(359): view('Admin/Pelanggan...', Array)
#5 C:\xampp\htdocs\Toko Nolo\system\CodeIgniter.php(832): App\Controllers\Admin->pelanggan()
#6 C:\xampp\htdocs\Toko Nolo\system\CodeIgniter.php(419): CodeIgniter\CodeIgniter->runController(Object(App\Controllers\Admin))
#7 C:\xampp\htdocs\Toko Nolo\system\CodeIgniter.php(326): CodeIgniter\CodeIgniter->handleRequest(NULL, Object(Config\Cache), false)
#8 C:\xampp\htdocs\Toko Nolo\public\index.php(37): CodeIgniter\CodeIgniter->run()
#9 C:\xampp\htdocs\Toko Nolo\system\Commands\Server\rewrite.php(43): require_once('C:\\xampp\\htdocs...')
#10 {main}
CRITICAL - 2024-03-15 19:24:15 --> Undefined index: nama
#0 C:\xampp\htdocs\Toko Nolo\app\Views\Admin\Penjualan_barang\list_penjualan.php(45): CodeIgniter\Debug\Exceptions->errorHandler(8, 'Undefined index...', 'C:\\xampp\\htdocs...', 45, Array)
#1 C:\xampp\htdocs\Toko Nolo\system\View\View.php(210): include('C:\\xampp\\htdocs...')
#2 C:\xampp\htdocs\Toko Nolo\system\View\View.php(213): CodeIgniter\View\View->CodeIgniter\View\{closure}()
#3 C:\xampp\htdocs\Toko Nolo\system\Common.php(1089): CodeIgniter\View\View->render('Admin/Penjualan...', Array, true)
#4 C:\xampp\htdocs\Toko Nolo\app\Controllers\Admin.php(902): view('Admin/Penjualan...', Array)
#5 C:\xampp\htdocs\Toko Nolo\system\CodeIgniter.php(832): App\Controllers\Admin->list_penjualan('NHR-20240315071...')
#6 C:\xampp\htdocs\Toko Nolo\system\CodeIgniter.php(419): CodeIgniter\CodeIgniter->runController(Object(App\Controllers\Admin))
#7 C:\xampp\htdocs\Toko Nolo\system\CodeIgniter.php(326): CodeIgniter\CodeIgniter->handleRequest(NULL, Object(Config\Cache), false)
#8 C:\xampp\htdocs\Toko Nolo\public\index.php(37): CodeIgniter\CodeIgniter->run()
#9 C:\xampp\htdocs\Toko Nolo\system\Commands\Server\rewrite.php(43): require_once('C:\\xampp\\htdocs...')
#10 {main}
CRITICAL - 2024-03-15 19:24:49 --> Undefined index: nama_pelanggan
#0 C:\xampp\htdocs\Toko Nolo\app\Views\Admin\Penjualan_barang\list_penjualan.php(45): CodeIgniter\Debug\Exceptions->errorHandler(8, 'Undefined index...', 'C:\\xampp\\htdocs...', 45, Array)
#1 C:\xampp\htdocs\Toko Nolo\system\View\View.php(210): include('C:\\xampp\\htdocs...')
#2 C:\xampp\htdocs\Toko Nolo\system\View\View.php(213): CodeIgniter\View\View->CodeIgniter\View\{closure}()
#3 C:\xampp\htdocs\Toko Nolo\system\Common.php(1089): CodeIgniter\View\View->render('Admin/Penjualan...', Array, true)
#4 C:\xampp\htdocs\Toko Nolo\app\Controllers\Admin.php(902): view('Admin/Penjualan...', Array)
#5 C:\xampp\htdocs\Toko Nolo\system\CodeIgniter.php(832): App\Controllers\Admin->list_penjualan('NHR-20240315071...')
#6 C:\xampp\htdocs\Toko Nolo\system\CodeIgniter.php(419): CodeIgniter\CodeIgniter->runController(Object(App\Controllers\Admin))
#7 C:\xampp\htdocs\Toko Nolo\system\CodeIgniter.php(326): CodeIgniter\CodeIgniter->handleRequest(NULL, Object(Config\Cache), false)
#8 C:\xampp\htdocs\Toko Nolo\public\index.php(37): CodeIgniter\CodeIgniter->run()
#9 C:\xampp\htdocs\Toko Nolo\system\Commands\Server\rewrite.php(43): require_once('C:\\xampp\\htdocs...')
#10 {main}
CRITICAL - 2024-03-15 19:26:09 --> Undefined index: nama_pelanggan
#0 C:\xampp\htdocs\Toko Nolo\app\Views\Admin\Penjualan_barang\list_penjualan.php(45): CodeIgniter\Debug\Exceptions->errorHandler(8, 'Undefined index...', 'C:\\xampp\\htdocs...', 45, Array)
#1 C:\xampp\htdocs\Toko Nolo\system\View\View.php(210): include('C:\\xampp\\htdocs...')
#2 C:\xampp\htdocs\Toko Nolo\system\View\View.php(213): CodeIgniter\View\View->CodeIgniter\View\{closure}()
#3 C:\xampp\htdocs\Toko Nolo\system\Common.php(1089): CodeIgniter\View\View->render('Admin/Penjualan...', Array, true)
#4 C:\xampp\htdocs\Toko Nolo\app\Controllers\Admin.php(902): view('Admin/Penjualan...', Array)
#5 C:\xampp\htdocs\Toko Nolo\system\CodeIgniter.php(832): App\Controllers\Admin->list_penjualan('NHR-20240315071...')
#6 C:\xampp\htdocs\Toko Nolo\system\CodeIgniter.php(419): CodeIgniter\CodeIgniter->runController(Object(App\Controllers\Admin))
#7 C:\xampp\htdocs\Toko Nolo\system\CodeIgniter.php(326): CodeIgniter\CodeIgniter->handleRequest(NULL, Object(Config\Cache), false)
#8 C:\xampp\htdocs\Toko Nolo\public\index.php(37): CodeIgniter\CodeIgniter->run()
#9 C:\xampp\htdocs\Toko Nolo\system\Commands\Server\rewrite.php(43): require_once('C:\\xampp\\htdocs...')
#10 {main}
CRITICAL - 2024-03-15 19:26:16 --> Undefined index: nama_pelanggan
#0 C:\xampp\htdocs\Toko Nolo\app\Views\Admin\Penjualan_barang\list_penjualan.php(45): CodeIgniter\Debug\Exceptions->errorHandler(8, 'Undefined index...', 'C:\\xampp\\htdocs...', 45, Array)
#1 C:\xampp\htdocs\Toko Nolo\system\View\View.php(210): include('C:\\xampp\\htdocs...')
#2 C:\xampp\htdocs\Toko Nolo\system\View\View.php(213): CodeIgniter\View\View->CodeIgniter\View\{closure}()
#3 C:\xampp\htdocs\Toko Nolo\system\Common.php(1089): CodeIgniter\View\View->render('Admin/Penjualan...', Array, true)
#4 C:\xampp\htdocs\Toko Nolo\app\Controllers\Admin.php(902): view('Admin/Penjualan...', Array)
#5 C:\xampp\htdocs\Toko Nolo\system\CodeIgniter.php(832): App\Controllers\Admin->list_penjualan('NHR-20240315071...')
#6 C:\xampp\htdocs\Toko Nolo\system\CodeIgniter.php(419): CodeIgniter\CodeIgniter->runController(Object(App\Controllers\Admin))
#7 C:\xampp\htdocs\Toko Nolo\system\CodeIgniter.php(326): CodeIgniter\CodeIgniter->handleRequest(NULL, Object(Config\Cache), false)
#8 C:\xampp\htdocs\Toko Nolo\public\index.php(37): CodeIgniter\CodeIgniter->run()
#9 C:\xampp\htdocs\Toko Nolo\system\Commands\Server\rewrite.php(43): require_once('C:\\xampp\\htdocs...')
#10 {main}
CRITICAL - 2024-03-15 19:26:30 --> Undefined index: nama
#0 C:\xampp\htdocs\Toko Nolo\app\Views\Admin\Penjualan_barang\list_penjualan.php(45): CodeIgniter\Debug\Exceptions->errorHandler(8, 'Undefined index...', 'C:\\xampp\\htdocs...', 45, Array)
#1 C:\xampp\htdocs\Toko Nolo\system\View\View.php(210): include('C:\\xampp\\htdocs...')
#2 C:\xampp\htdocs\Toko Nolo\system\View\View.php(213): CodeIgniter\View\View->CodeIgniter\View\{closure}()
#3 C:\xampp\htdocs\Toko Nolo\system\Common.php(1089): CodeIgniter\View\View->render('Admin/Penjualan...', Array, true)
#4 C:\xampp\htdocs\Toko Nolo\app\Controllers\Admin.php(902): view('Admin/Penjualan...', Array)
#5 C:\xampp\htdocs\Toko Nolo\system\CodeIgniter.php(832): App\Controllers\Admin->list_penjualan('NHR-20240315071...')
#6 C:\xampp\htdocs\Toko Nolo\system\CodeIgniter.php(419): CodeIgniter\CodeIgniter->runController(Object(App\Controllers\Admin))
#7 C:\xampp\htdocs\Toko Nolo\system\CodeIgniter.php(326): CodeIgniter\CodeIgniter->handleRequest(NULL, Object(Config\Cache), false)
#8 C:\xampp\htdocs\Toko Nolo\public\index.php(37): CodeIgniter\CodeIgniter->run()
#9 C:\xampp\htdocs\Toko Nolo\system\Commands\Server\rewrite.php(43): require_once('C:\\xampp\\htdocs...')
#10 {main}
CRITICAL - 2024-03-15 19:26:33 --> Undefined index: nama
#0 C:\xampp\htdocs\Toko Nolo\app\Views\Admin\Penjualan_barang\list_penjualan.php(45): CodeIgniter\Debug\Exceptions->errorHandler(8, 'Undefined index...', 'C:\\xampp\\htdocs...', 45, Array)
#1 C:\xampp\htdocs\Toko Nolo\system\View\View.php(210): include('C:\\xampp\\htdocs...')
#2 C:\xampp\htdocs\Toko Nolo\system\View\View.php(213): CodeIgniter\View\View->CodeIgniter\View\{closure}()
#3 C:\xampp\htdocs\Toko Nolo\system\Common.php(1089): CodeIgniter\View\View->render('Admin/Penjualan...', Array, true)
#4 C:\xampp\htdocs\Toko Nolo\app\Controllers\Admin.php(902): view('Admin/Penjualan...', Array)
#5 C:\xampp\htdocs\Toko Nolo\system\CodeIgniter.php(832): App\Controllers\Admin->list_penjualan('NHR-20240315071...')
#6 C:\xampp\htdocs\Toko Nolo\system\CodeIgniter.php(419): CodeIgniter\CodeIgniter->runController(Object(App\Controllers\Admin))
#7 C:\xampp\htdocs\Toko Nolo\system\CodeIgniter.php(326): CodeIgniter\CodeIgniter->handleRequest(NULL, Object(Config\Cache), false)
#8 C:\xampp\htdocs\Toko Nolo\public\index.php(37): CodeIgniter\CodeIgniter->run()
#9 C:\xampp\htdocs\Toko Nolo\system\Commands\Server\rewrite.php(43): require_once('C:\\xampp\\htdocs...')
#10 {main}
CRITICAL - 2024-03-15 19:27:32 --> Undefined index: nama
#0 C:\xampp\htdocs\Toko Nolo\app\Views\Admin\Penjualan_barang\list_penjualan.php(45): CodeIgniter\Debug\Exceptions->errorHandler(8, 'Undefined index...', 'C:\\xampp\\htdocs...', 45, Array)
#1 C:\xampp\htdocs\Toko Nolo\system\View\View.php(210): include('C:\\xampp\\htdocs...')
#2 C:\xampp\htdocs\Toko Nolo\system\View\View.php(213): CodeIgniter\View\View->CodeIgniter\View\{closure}()
#3 C:\xampp\htdocs\Toko Nolo\system\Common.php(1089): CodeIgniter\View\View->render('Admin/Penjualan...', Array, true)
#4 C:\xampp\htdocs\Toko Nolo\app\Controllers\Admin.php(902): view('Admin/Penjualan...', Array)
#5 C:\xampp\htdocs\Toko Nolo\system\CodeIgniter.php(832): App\Controllers\Admin->list_penjualan('NHR-20240315071...')
#6 C:\xampp\htdocs\Toko Nolo\system\CodeIgniter.php(419): CodeIgniter\CodeIgniter->runController(Object(App\Controllers\Admin))
#7 C:\xampp\htdocs\Toko Nolo\system\CodeIgniter.php(326): CodeIgniter\CodeIgniter->handleRequest(NULL, Object(Config\Cache), false)
#8 C:\xampp\htdocs\Toko Nolo\public\index.php(37): CodeIgniter\CodeIgniter->run()
#9 C:\xampp\htdocs\Toko Nolo\system\Commands\Server\rewrite.php(43): require_once('C:\\xampp\\htdocs...')
#10 {main}
CRITICAL - 2024-03-15 19:27:38 --> Undefined index: nama
#0 C:\xampp\htdocs\Toko Nolo\app\Views\Admin\Penjualan_barang\list_penjualan.php(45): CodeIgniter\Debug\Exceptions->errorHandler(8, 'Undefined index...', 'C:\\xampp\\htdocs...', 45, Array)
#1 C:\xampp\htdocs\Toko Nolo\system\View\View.php(210): include('C:\\xampp\\htdocs...')
#2 C:\xampp\htdocs\Toko Nolo\system\View\View.php(213): CodeIgniter\View\View->CodeIgniter\View\{closure}()
#3 C:\xampp\htdocs\Toko Nolo\system\Common.php(1089): CodeIgniter\View\View->render('Admin/Penjualan...', Array, true)
#4 C:\xampp\htdocs\Toko Nolo\app\Controllers\Admin.php(902): view('Admin/Penjualan...', Array)
#5 C:\xampp\htdocs\Toko Nolo\system\CodeIgniter.php(832): App\Controllers\Admin->list_penjualan('NHR-20240315071...')
#6 C:\xampp\htdocs\Toko Nolo\system\CodeIgniter.php(419): CodeIgniter\CodeIgniter->runController(Object(App\Controllers\Admin))
#7 C:\xampp\htdocs\Toko Nolo\system\CodeIgniter.php(326): CodeIgniter\CodeIgniter->handleRequest(NULL, Object(Config\Cache), false)
#8 C:\xampp\htdocs\Toko Nolo\public\index.php(37): CodeIgniter\CodeIgniter->run()
#9 C:\xampp\htdocs\Toko Nolo\system\Commands\Server\rewrite.php(43): require_once('C:\\xampp\\htdocs...')
#10 {main}
CRITICAL - 2024-03-15 23:32:46 --> Undefined variable: ramal
#0 C:\xampp\htdocs\Toko Nolo\app\Views\Admin\Perkiraan\Index.php(71): CodeIgniter\Debug\Exceptions->errorHandler(8, 'Undefined varia...', 'C:\\xampp\\htdocs...', 71, Array)
#1 C:\xampp\htdocs\Toko Nolo\system\View\View.php(210): include('C:\\xampp\\htdocs...')
#2 C:\xampp\htdocs\Toko Nolo\system\View\View.php(213): CodeIgniter\View\View->CodeIgniter\View\{closure}()
#3 C:\xampp\htdocs\Toko Nolo\system\Common.php(1089): CodeIgniter\View\View->render('Admin/Perkiraan...', Array, true)
#4 C:\xampp\htdocs\Toko Nolo\app\Controllers\Admin.php(1703): view('Admin/Perkiraan...', Array)
#5 C:\xampp\htdocs\Toko Nolo\system\CodeIgniter.php(832): App\Controllers\Admin->perkiraan()
#6 C:\xampp\htdocs\Toko Nolo\system\CodeIgniter.php(419): CodeIgniter\CodeIgniter->runController(Object(App\Controllers\Admin))
#7 C:\xampp\htdocs\Toko Nolo\system\CodeIgniter.php(326): CodeIgniter\CodeIgniter->handleRequest(NULL, Object(Config\Cache), false)
#8 C:\xampp\htdocs\Toko Nolo\public\index.php(37): CodeIgniter\CodeIgniter->run()
#9 C:\xampp\htdocs\Toko Nolo\system\Commands\Server\rewrite.php(43): require_once('C:\\xampp\\htdocs...')
#10 {main}
