CRITICAL - 2024-01-18 17:54:57 --> Trying to access array offset on value of type null
#0 C:\xampp\htdocs\INVENTARIS_PENGADAAN\app\Views\Pegawai\Permintaan_barang\Edit_permintaan.php(27): CodeIgniter\Debug\Exceptions->errorHandler(8, 'Trying to acces...', 'C:\\xampp\\htdocs...', 27, Array)
#1 C:\xampp\htdocs\INVENTARIS_PENGADAAN\system\View\View.php(210): include('C:\\xampp\\htdocs...')
#2 C:\xampp\htdocs\INVENTARIS_PENGADAAN\system\View\View.php(213): CodeIgniter\View\View->CodeIgniter\View\{closure}()
#3 C:\xampp\htdocs\INVENTARIS_PENGADAAN\system\Common.php(1089): CodeIgniter\View\View->render('Pegawai/Permint...', Array, true)
#4 C:\xampp\htdocs\INVENTARIS_PENGADAAN\app\Controllers\Pegawai.php(266): view('Pegawai/Permint...', Array)
#5 C:\xampp\htdocs\INVENTARIS_PENGADAAN\system\CodeIgniter.php(832): App\Controllers\Pegawai->ubah('63')
#6 C:\xampp\htdocs\INVENTARIS_PENGADAAN\system\CodeIgniter.php(419): CodeIgniter\CodeIgniter->runController(Object(App\Controllers\Pegawai))
#7 C:\xampp\htdocs\INVENTARIS_PENGADAAN\system\CodeIgniter.php(326): CodeIgniter\CodeIgniter->handleRequest(NULL, Object(Config\Cache), false)
#8 C:\xampp\htdocs\INVENTARIS_PENGADAAN\public\index.php(37): CodeIgniter\CodeIgniter->run()
#9 C:\xampp\htdocs\INVENTARIS_PENGADAAN\system\Commands\Server\rewrite.php(43): require_once('C:\\xampp\\htdocs...')
#10 {main}
CRITICAL - 2024-01-18 17:55:37 --> Trying to access array offset on value of type null
#0 C:\xampp\htdocs\INVENTARIS_PENGADAAN\app\Views\Pegawai\Permintaan_barang\Edit_permintaan.php(27): CodeIgniter\Debug\Exceptions->errorHandler(8, 'Trying to acces...', 'C:\\xampp\\htdocs...', 27, Array)
#1 C:\xampp\htdocs\INVENTARIS_PENGADAAN\system\View\View.php(210): include('C:\\xampp\\htdocs...')
#2 C:\xampp\htdocs\INVENTARIS_PENGADAAN\system\View\View.php(213): CodeIgniter\View\View->CodeIgniter\View\{closure}()
#3 C:\xampp\htdocs\INVENTARIS_PENGADAAN\system\Common.php(1089): CodeIgniter\View\View->render('Pegawai/Permint...', Array, true)
#4 C:\xampp\htdocs\INVENTARIS_PENGADAAN\app\Controllers\Pegawai.php(266): view('Pegawai/Permint...', Array)
#5 C:\xampp\htdocs\INVENTARIS_PENGADAAN\system\CodeIgniter.php(832): App\Controllers\Pegawai->ubah('63')
#6 C:\xampp\htdocs\INVENTARIS_PENGADAAN\system\CodeIgniter.php(419): CodeIgniter\CodeIgniter->runController(Object(App\Controllers\Pegawai))
#7 C:\xampp\htdocs\INVENTARIS_PENGADAAN\system\CodeIgniter.php(326): CodeIgniter\CodeIgniter->handleRequest(NULL, Object(Config\Cache), false)
#8 C:\xampp\htdocs\INVENTARIS_PENGADAAN\public\index.php(37): CodeIgniter\CodeIgniter->run()
#9 C:\xampp\htdocs\INVENTARIS_PENGADAAN\system\Commands\Server\rewrite.php(43): require_once('C:\\xampp\\htdocs...')
#10 {main}
CRITICAL - 2024-01-18 17:58:33 --> Trying to access array offset on value of type null
#0 C:\xampp\htdocs\INVENTARIS_PENGADAAN\app\Views\Pegawai\Permintaan_barang\Edit_permintaan.php(27): CodeIgniter\Debug\Exceptions->errorHandler(8, 'Trying to acces...', 'C:\\xampp\\htdocs...', 27, Array)
#1 C:\xampp\htdocs\INVENTARIS_PENGADAAN\system\View\View.php(210): include('C:\\xampp\\htdocs...')
#2 C:\xampp\htdocs\INVENTARIS_PENGADAAN\system\View\View.php(213): CodeIgniter\View\View->CodeIgniter\View\{closure}()
#3 C:\xampp\htdocs\INVENTARIS_PENGADAAN\system\Common.php(1089): CodeIgniter\View\View->render('Pegawai/Permint...', Array, true)
#4 C:\xampp\htdocs\INVENTARIS_PENGADAAN\app\Controllers\Pegawai.php(266): view('Pegawai/Permint...', Array)
#5 C:\xampp\htdocs\INVENTARIS_PENGADAAN\system\CodeIgniter.php(832): App\Controllers\Pegawai->ubah('63')
#6 C:\xampp\htdocs\INVENTARIS_PENGADAAN\system\CodeIgniter.php(419): CodeIgniter\CodeIgniter->runController(Object(App\Controllers\Pegawai))
#7 C:\xampp\htdocs\INVENTARIS_PENGADAAN\system\CodeIgniter.php(326): CodeIgniter\CodeIgniter->handleRequest(NULL, Object(Config\Cache), false)
#8 C:\xampp\htdocs\INVENTARIS_PENGADAAN\public\index.php(37): CodeIgniter\CodeIgniter->run()
#9 C:\xampp\htdocs\INVENTARIS_PENGADAAN\system\Commands\Server\rewrite.php(43): require_once('C:\\xampp\\htdocs...')
#10 {main}
CRITICAL - 2024-01-18 18:05:07 --> Trying to access array offset on value of type null
#0 C:\xampp\htdocs\INVENTARIS_PENGADAAN\app\Views\Pegawai\Permintaan_barang\Edit_permintaan.php(25): CodeIgniter\Debug\Exceptions->errorHandler(8, 'Trying to acces...', 'C:\\xampp\\htdocs...', 25, Array)
#1 C:\xampp\htdocs\INVENTARIS_PENGADAAN\system\View\View.php(210): include('C:\\xampp\\htdocs...')
#2 C:\xampp\htdocs\INVENTARIS_PENGADAAN\system\View\View.php(213): CodeIgniter\View\View->CodeIgniter\View\{closure}()
#3 C:\xampp\htdocs\INVENTARIS_PENGADAAN\system\Common.php(1089): CodeIgniter\View\View->render('Pegawai/Permint...', Array, true)
#4 C:\xampp\htdocs\INVENTARIS_PENGADAAN\app\Controllers\Pegawai.php(266): view('Pegawai/Permint...', Array)
#5 C:\xampp\htdocs\INVENTARIS_PENGADAAN\system\CodeIgniter.php(832): App\Controllers\Pegawai->ubah('63')
#6 C:\xampp\htdocs\INVENTARIS_PENGADAAN\system\CodeIgniter.php(419): CodeIgniter\CodeIgniter->runController(Object(App\Controllers\Pegawai))
#7 C:\xampp\htdocs\INVENTARIS_PENGADAAN\system\CodeIgniter.php(326): CodeIgniter\CodeIgniter->handleRequest(NULL, Object(Config\Cache), false)
#8 C:\xampp\htdocs\INVENTARIS_PENGADAAN\public\index.php(37): CodeIgniter\CodeIgniter->run()
#9 C:\xampp\htdocs\INVENTARIS_PENGADAAN\system\Commands\Server\rewrite.php(43): require_once('C:\\xampp\\htdocs...')
#10 {main}
CRITICAL - 2024-01-18 18:06:02 --> Trying to access array offset on value of type null
#0 C:\xampp\htdocs\INVENTARIS_PENGADAAN\app\Views\Pegawai\Permintaan_barang\Edit_permintaan.php(26): CodeIgniter\Debug\Exceptions->errorHandler(8, 'Trying to acces...', 'C:\\xampp\\htdocs...', 26, Array)
#1 C:\xampp\htdocs\INVENTARIS_PENGADAAN\system\View\View.php(210): include('C:\\xampp\\htdocs...')
#2 C:\xampp\htdocs\INVENTARIS_PENGADAAN\system\View\View.php(213): CodeIgniter\View\View->CodeIgniter\View\{closure}()
#3 C:\xampp\htdocs\INVENTARIS_PENGADAAN\system\Common.php(1089): CodeIgniter\View\View->render('Pegawai/Permint...', Array, true)
#4 C:\xampp\htdocs\INVENTARIS_PENGADAAN\app\Controllers\Pegawai.php(266): view('Pegawai/Permint...', Array)
#5 C:\xampp\htdocs\INVENTARIS_PENGADAAN\system\CodeIgniter.php(832): App\Controllers\Pegawai->ubah('63')
#6 C:\xampp\htdocs\INVENTARIS_PENGADAAN\system\CodeIgniter.php(419): CodeIgniter\CodeIgniter->runController(Object(App\Controllers\Pegawai))
#7 C:\xampp\htdocs\INVENTARIS_PENGADAAN\system\CodeIgniter.php(326): CodeIgniter\CodeIgniter->handleRequest(NULL, Object(Config\Cache), false)
#8 C:\xampp\htdocs\INVENTARIS_PENGADAAN\public\index.php(37): CodeIgniter\CodeIgniter->run()
#9 C:\xampp\htdocs\INVENTARIS_PENGADAAN\system\Commands\Server\rewrite.php(43): require_once('C:\\xampp\\htdocs...')
#10 {main}
CRITICAL - 2024-01-18 18:06:59 --> Trying to access array offset on value of type null
#0 C:\xampp\htdocs\INVENTARIS_PENGADAAN\app\Views\Pegawai\Permintaan_barang\Edit_permintaan.php(26): CodeIgniter\Debug\Exceptions->errorHandler(8, 'Trying to acces...', 'C:\\xampp\\htdocs...', 26, Array)
#1 C:\xampp\htdocs\INVENTARIS_PENGADAAN\system\View\View.php(210): include('C:\\xampp\\htdocs...')
#2 C:\xampp\htdocs\INVENTARIS_PENGADAAN\system\View\View.php(213): CodeIgniter\View\View->CodeIgniter\View\{closure}()
#3 C:\xampp\htdocs\INVENTARIS_PENGADAAN\system\Common.php(1089): CodeIgniter\View\View->render('Pegawai/Permint...', Array, true)
#4 C:\xampp\htdocs\INVENTARIS_PENGADAAN\app\Controllers\Pegawai.php(266): view('Pegawai/Permint...', Array)
#5 C:\xampp\htdocs\INVENTARIS_PENGADAAN\system\CodeIgniter.php(832): App\Controllers\Pegawai->ubah('63')
#6 C:\xampp\htdocs\INVENTARIS_PENGADAAN\system\CodeIgniter.php(419): CodeIgniter\CodeIgniter->runController(Object(App\Controllers\Pegawai))
#7 C:\xampp\htdocs\INVENTARIS_PENGADAAN\system\CodeIgniter.php(326): CodeIgniter\CodeIgniter->handleRequest(NULL, Object(Config\Cache), false)
#8 C:\xampp\htdocs\INVENTARIS_PENGADAAN\public\index.php(37): CodeIgniter\CodeIgniter->run()
#9 C:\xampp\htdocs\INVENTARIS_PENGADAAN\system\Commands\Server\rewrite.php(43): require_once('C:\\xampp\\htdocs...')
#10 {main}
CRITICAL - 2024-01-18 18:10:22 --> Trying to access array offset on value of type null
#0 C:\xampp\htdocs\INVENTARIS_PENGADAAN\app\Views\Pegawai\Permintaan_barang\Edit_permintaan.php(26): CodeIgniter\Debug\Exceptions->errorHandler(8, 'Trying to acces...', 'C:\\xampp\\htdocs...', 26, Array)
#1 C:\xampp\htdocs\INVENTARIS_PENGADAAN\system\View\View.php(210): include('C:\\xampp\\htdocs...')
#2 C:\xampp\htdocs\INVENTARIS_PENGADAAN\system\View\View.php(213): CodeIgniter\View\View->CodeIgniter\View\{closure}()
#3 C:\xampp\htdocs\INVENTARIS_PENGADAAN\system\Common.php(1089): CodeIgniter\View\View->render('Pegawai/Permint...', Array, true)
#4 C:\xampp\htdocs\INVENTARIS_PENGADAAN\app\Controllers\Pegawai.php(266): view('Pegawai/Permint...', Array)
#5 C:\xampp\htdocs\INVENTARIS_PENGADAAN\system\CodeIgniter.php(832): App\Controllers\Pegawai->ubah('66')
#6 C:\xampp\htdocs\INVENTARIS_PENGADAAN\system\CodeIgniter.php(419): CodeIgniter\CodeIgniter->runController(Object(App\Controllers\Pegawai))
#7 C:\xampp\htdocs\INVENTARIS_PENGADAAN\system\CodeIgniter.php(326): CodeIgniter\CodeIgniter->handleRequest(NULL, Object(Config\Cache), false)
#8 C:\xampp\htdocs\INVENTARIS_PENGADAAN\public\index.php(37): CodeIgniter\CodeIgniter->run()
#9 C:\xampp\htdocs\INVENTARIS_PENGADAAN\system\Commands\Server\rewrite.php(43): require_once('C:\\xampp\\htdocs...')
#10 {main}
CRITICAL - 2024-01-18 18:17:25 --> Trying to access array offset on value of type null
#0 C:\xampp\htdocs\INVENTARIS_PENGADAAN\app\Views\Pegawai\Permintaan_barang\Edit_permintaan.php(26): CodeIgniter\Debug\Exceptions->errorHandler(8, 'Trying to acces...', 'C:\\xampp\\htdocs...', 26, Array)
#1 C:\xampp\htdocs\INVENTARIS_PENGADAAN\system\View\View.php(210): include('C:\\xampp\\htdocs...')
#2 C:\xampp\htdocs\INVENTARIS_PENGADAAN\system\View\View.php(213): CodeIgniter\View\View->CodeIgniter\View\{closure}()
#3 C:\xampp\htdocs\INVENTARIS_PENGADAAN\system\Common.php(1089): CodeIgniter\View\View->render('Pegawai/Permint...', Array, true)
#4 C:\xampp\htdocs\INVENTARIS_PENGADAAN\app\Controllers\Pegawai.php(261): view('Pegawai/Permint...', Array)
#5 C:\xampp\htdocs\INVENTARIS_PENGADAAN\system\CodeIgniter.php(832): App\Controllers\Pegawai->ubah('66')
#6 C:\xampp\htdocs\INVENTARIS_PENGADAAN\system\CodeIgniter.php(419): CodeIgniter\CodeIgniter->runController(Object(App\Controllers\Pegawai))
#7 C:\xampp\htdocs\INVENTARIS_PENGADAAN\system\CodeIgniter.php(326): CodeIgniter\CodeIgniter->handleRequest(NULL, Object(Config\Cache), false)
#8 C:\xampp\htdocs\INVENTARIS_PENGADAAN\public\index.php(37): CodeIgniter\CodeIgniter->run()
#9 C:\xampp\htdocs\INVENTARIS_PENGADAAN\system\Commands\Server\rewrite.php(43): require_once('C:\\xampp\\htdocs...')
#10 {main}
CRITICAL - 2024-01-18 18:17:27 --> Trying to access array offset on value of type null
#0 C:\xampp\htdocs\INVENTARIS_PENGADAAN\app\Views\Pegawai\Permintaan_barang\Edit_permintaan.php(26): CodeIgniter\Debug\Exceptions->errorHandler(8, 'Trying to acces...', 'C:\\xampp\\htdocs...', 26, Array)
#1 C:\xampp\htdocs\INVENTARIS_PENGADAAN\system\View\View.php(210): include('C:\\xampp\\htdocs...')
#2 C:\xampp\htdocs\INVENTARIS_PENGADAAN\system\View\View.php(213): CodeIgniter\View\View->CodeIgniter\View\{closure}()
#3 C:\xampp\htdocs\INVENTARIS_PENGADAAN\system\Common.php(1089): CodeIgniter\View\View->render('Pegawai/Permint...', Array, true)
#4 C:\xampp\htdocs\INVENTARIS_PENGADAAN\app\Controllers\Pegawai.php(261): view('Pegawai/Permint...', Array)
#5 C:\xampp\htdocs\INVENTARIS_PENGADAAN\system\CodeIgniter.php(832): App\Controllers\Pegawai->ubah('66')
#6 C:\xampp\htdocs\INVENTARIS_PENGADAAN\system\CodeIgniter.php(419): CodeIgniter\CodeIgniter->runController(Object(App\Controllers\Pegawai))
#7 C:\xampp\htdocs\INVENTARIS_PENGADAAN\system\CodeIgniter.php(326): CodeIgniter\CodeIgniter->handleRequest(NULL, Object(Config\Cache), false)
#8 C:\xampp\htdocs\INVENTARIS_PENGADAAN\public\index.php(37): CodeIgniter\CodeIgniter->run()
#9 C:\xampp\htdocs\INVENTARIS_PENGADAAN\system\Commands\Server\rewrite.php(43): require_once('C:\\xampp\\htdocs...')
#10 {main}
CRITICAL - 2024-01-18 18:21:23 --> Trying to access array offset on value of type null
#0 C:\xampp\htdocs\INVENTARIS_PENGADAAN\app\Views\Pegawai\Permintaan_barang\Edit_permintaan.php(25): CodeIgniter\Debug\Exceptions->errorHandler(8, 'Trying to acces...', 'C:\\xampp\\htdocs...', 25, Array)
#1 C:\xampp\htdocs\INVENTARIS_PENGADAAN\system\View\View.php(210): include('C:\\xampp\\htdocs...')
#2 C:\xampp\htdocs\INVENTARIS_PENGADAAN\system\View\View.php(213): CodeIgniter\View\View->CodeIgniter\View\{closure}()
#3 C:\xampp\htdocs\INVENTARIS_PENGADAAN\system\Common.php(1089): CodeIgniter\View\View->render('Pegawai/Permint...', Array, true)
#4 C:\xampp\htdocs\INVENTARIS_PENGADAAN\app\Controllers\Pegawai.php(261): view('Pegawai/Permint...', Array)
#5 C:\xampp\htdocs\INVENTARIS_PENGADAAN\system\CodeIgniter.php(832): App\Controllers\Pegawai->ubah('66')
#6 C:\xampp\htdocs\INVENTARIS_PENGADAAN\system\CodeIgniter.php(419): CodeIgniter\CodeIgniter->runController(Object(App\Controllers\Pegawai))
#7 C:\xampp\htdocs\INVENTARIS_PENGADAAN\system\CodeIgniter.php(326): CodeIgniter\CodeIgniter->handleRequest(NULL, Object(Config\Cache), false)
#8 C:\xampp\htdocs\INVENTARIS_PENGADAAN\public\index.php(37): CodeIgniter\CodeIgniter->run()
#9 C:\xampp\htdocs\INVENTARIS_PENGADAAN\system\Commands\Server\rewrite.php(43): require_once('C:\\xampp\\htdocs...')
#10 {main}
CRITICAL - 2024-01-18 18:21:26 --> Trying to access array offset on value of type null
#0 C:\xampp\htdocs\INVENTARIS_PENGADAAN\app\Views\Pegawai\Permintaan_barang\Edit_permintaan.php(25): CodeIgniter\Debug\Exceptions->errorHandler(8, 'Trying to acces...', 'C:\\xampp\\htdocs...', 25, Array)
#1 C:\xampp\htdocs\INVENTARIS_PENGADAAN\system\View\View.php(210): include('C:\\xampp\\htdocs...')
#2 C:\xampp\htdocs\INVENTARIS_PENGADAAN\system\View\View.php(213): CodeIgniter\View\View->CodeIgniter\View\{closure}()
#3 C:\xampp\htdocs\INVENTARIS_PENGADAAN\system\Common.php(1089): CodeIgniter\View\View->render('Pegawai/Permint...', Array, true)
#4 C:\xampp\htdocs\INVENTARIS_PENGADAAN\app\Controllers\Pegawai.php(261): view('Pegawai/Permint...', Array)
#5 C:\xampp\htdocs\INVENTARIS_PENGADAAN\system\CodeIgniter.php(832): App\Controllers\Pegawai->ubah('66')
#6 C:\xampp\htdocs\INVENTARIS_PENGADAAN\system\CodeIgniter.php(419): CodeIgniter\CodeIgniter->runController(Object(App\Controllers\Pegawai))
#7 C:\xampp\htdocs\INVENTARIS_PENGADAAN\system\CodeIgniter.php(326): CodeIgniter\CodeIgniter->handleRequest(NULL, Object(Config\Cache), false)
#8 C:\xampp\htdocs\INVENTARIS_PENGADAAN\public\index.php(37): CodeIgniter\CodeIgniter->run()
#9 C:\xampp\htdocs\INVENTARIS_PENGADAAN\system\Commands\Server\rewrite.php(43): require_once('C:\\xampp\\htdocs...')
#10 {main}
CRITICAL - 2024-01-18 18:24:31 --> Trying to access array offset on value of type null
#0 C:\xampp\htdocs\INVENTARIS_PENGADAAN\app\Views\Pegawai\Permintaan_barang\Edit_permintaan.php(69): CodeIgniter\Debug\Exceptions->errorHandler(8, 'Trying to acces...', 'C:\\xampp\\htdocs...', 69, Array)
#1 C:\xampp\htdocs\INVENTARIS_PENGADAAN\system\View\View.php(210): include('C:\\xampp\\htdocs...')
#2 C:\xampp\htdocs\INVENTARIS_PENGADAAN\system\View\View.php(213): CodeIgniter\View\View->CodeIgniter\View\{closure}()
#3 C:\xampp\htdocs\INVENTARIS_PENGADAAN\system\Common.php(1089): CodeIgniter\View\View->render('Pegawai/Permint...', Array, true)
#4 C:\xampp\htdocs\INVENTARIS_PENGADAAN\app\Controllers\Pegawai.php(261): view('Pegawai/Permint...', Array)
#5 C:\xampp\htdocs\INVENTARIS_PENGADAAN\system\CodeIgniter.php(832): App\Controllers\Pegawai->ubah('66')
#6 C:\xampp\htdocs\INVENTARIS_PENGADAAN\system\CodeIgniter.php(419): CodeIgniter\CodeIgniter->runController(Object(App\Controllers\Pegawai))
#7 C:\xampp\htdocs\INVENTARIS_PENGADAAN\system\CodeIgniter.php(326): CodeIgniter\CodeIgniter->handleRequest(NULL, Object(Config\Cache), false)
#8 C:\xampp\htdocs\INVENTARIS_PENGADAAN\public\index.php(37): CodeIgniter\CodeIgniter->run()
#9 C:\xampp\htdocs\INVENTARIS_PENGADAAN\system\Commands\Server\rewrite.php(43): require_once('C:\\xampp\\htdocs...')
#10 {main}
CRITICAL - 2024-01-18 18:24:33 --> Trying to access array offset on value of type null
#0 C:\xampp\htdocs\INVENTARIS_PENGADAAN\app\Views\Pegawai\Permintaan_barang\Edit_permintaan.php(69): CodeIgniter\Debug\Exceptions->errorHandler(8, 'Trying to acces...', 'C:\\xampp\\htdocs...', 69, Array)
#1 C:\xampp\htdocs\INVENTARIS_PENGADAAN\system\View\View.php(210): include('C:\\xampp\\htdocs...')
#2 C:\xampp\htdocs\INVENTARIS_PENGADAAN\system\View\View.php(213): CodeIgniter\View\View->CodeIgniter\View\{closure}()
#3 C:\xampp\htdocs\INVENTARIS_PENGADAAN\system\Common.php(1089): CodeIgniter\View\View->render('Pegawai/Permint...', Array, true)
#4 C:\xampp\htdocs\INVENTARIS_PENGADAAN\app\Controllers\Pegawai.php(261): view('Pegawai/Permint...', Array)
#5 C:\xampp\htdocs\INVENTARIS_PENGADAAN\system\CodeIgniter.php(832): App\Controllers\Pegawai->ubah('66')
#6 C:\xampp\htdocs\INVENTARIS_PENGADAAN\system\CodeIgniter.php(419): CodeIgniter\CodeIgniter->runController(Object(App\Controllers\Pegawai))
#7 C:\xampp\htdocs\INVENTARIS_PENGADAAN\system\CodeIgniter.php(326): CodeIgniter\CodeIgniter->handleRequest(NULL, Object(Config\Cache), false)
#8 C:\xampp\htdocs\INVENTARIS_PENGADAAN\public\index.php(37): CodeIgniter\CodeIgniter->run()
#9 C:\xampp\htdocs\INVENTARIS_PENGADAAN\system\Commands\Server\rewrite.php(43): require_once('C:\\xampp\\htdocs...')
#10 {main}
CRITICAL - 2024-01-18 18:24:34 --> Trying to access array offset on value of type null
#0 C:\xampp\htdocs\INVENTARIS_PENGADAAN\app\Views\Pegawai\Permintaan_barang\Edit_permintaan.php(69): CodeIgniter\Debug\Exceptions->errorHandler(8, 'Trying to acces...', 'C:\\xampp\\htdocs...', 69, Array)
#1 C:\xampp\htdocs\INVENTARIS_PENGADAAN\system\View\View.php(210): include('C:\\xampp\\htdocs...')
#2 C:\xampp\htdocs\INVENTARIS_PENGADAAN\system\View\View.php(213): CodeIgniter\View\View->CodeIgniter\View\{closure}()
#3 C:\xampp\htdocs\INVENTARIS_PENGADAAN\system\Common.php(1089): CodeIgniter\View\View->render('Pegawai/Permint...', Array, true)
#4 C:\xampp\htdocs\INVENTARIS_PENGADAAN\app\Controllers\Pegawai.php(261): view('Pegawai/Permint...', Array)
#5 C:\xampp\htdocs\INVENTARIS_PENGADAAN\system\CodeIgniter.php(832): App\Controllers\Pegawai->ubah('66')
#6 C:\xampp\htdocs\INVENTARIS_PENGADAAN\system\CodeIgniter.php(419): CodeIgniter\CodeIgniter->runController(Object(App\Controllers\Pegawai))
#7 C:\xampp\htdocs\INVENTARIS_PENGADAAN\system\CodeIgniter.php(326): CodeIgniter\CodeIgniter->handleRequest(NULL, Object(Config\Cache), false)
#8 C:\xampp\htdocs\INVENTARIS_PENGADAAN\public\index.php(37): CodeIgniter\CodeIgniter->run()
#9 C:\xampp\htdocs\INVENTARIS_PENGADAAN\system\Commands\Server\rewrite.php(43): require_once('C:\\xampp\\htdocs...')
#10 {main}
CRITICAL - 2024-01-18 18:24:35 --> Trying to access array offset on value of type null
#0 C:\xampp\htdocs\INVENTARIS_PENGADAAN\app\Views\Pegawai\Permintaan_barang\Edit_permintaan.php(69): CodeIgniter\Debug\Exceptions->errorHandler(8, 'Trying to acces...', 'C:\\xampp\\htdocs...', 69, Array)
#1 C:\xampp\htdocs\INVENTARIS_PENGADAAN\system\View\View.php(210): include('C:\\xampp\\htdocs...')
#2 C:\xampp\htdocs\INVENTARIS_PENGADAAN\system\View\View.php(213): CodeIgniter\View\View->CodeIgniter\View\{closure}()
#3 C:\xampp\htdocs\INVENTARIS_PENGADAAN\system\Common.php(1089): CodeIgniter\View\View->render('Pegawai/Permint...', Array, true)
#4 C:\xampp\htdocs\INVENTARIS_PENGADAAN\app\Controllers\Pegawai.php(261): view('Pegawai/Permint...', Array)
#5 C:\xampp\htdocs\INVENTARIS_PENGADAAN\system\CodeIgniter.php(832): App\Controllers\Pegawai->ubah('66')
#6 C:\xampp\htdocs\INVENTARIS_PENGADAAN\system\CodeIgniter.php(419): CodeIgniter\CodeIgniter->runController(Object(App\Controllers\Pegawai))
#7 C:\xampp\htdocs\INVENTARIS_PENGADAAN\system\CodeIgniter.php(326): CodeIgniter\CodeIgniter->handleRequest(NULL, Object(Config\Cache), false)
#8 C:\xampp\htdocs\INVENTARIS_PENGADAAN\public\index.php(37): CodeIgniter\CodeIgniter->run()
#9 C:\xampp\htdocs\INVENTARIS_PENGADAAN\system\Commands\Server\rewrite.php(43): require_once('C:\\xampp\\htdocs...')
#10 {main}
CRITICAL - 2024-01-18 18:24:35 --> Trying to access array offset on value of type null
#0 C:\xampp\htdocs\INVENTARIS_PENGADAAN\app\Views\Pegawai\Permintaan_barang\Edit_permintaan.php(69): CodeIgniter\Debug\Exceptions->errorHandler(8, 'Trying to acces...', 'C:\\xampp\\htdocs...', 69, Array)
#1 C:\xampp\htdocs\INVENTARIS_PENGADAAN\system\View\View.php(210): include('C:\\xampp\\htdocs...')
#2 C:\xampp\htdocs\INVENTARIS_PENGADAAN\system\View\View.php(213): CodeIgniter\View\View->CodeIgniter\View\{closure}()
#3 C:\xampp\htdocs\INVENTARIS_PENGADAAN\system\Common.php(1089): CodeIgniter\View\View->render('Pegawai/Permint...', Array, true)
#4 C:\xampp\htdocs\INVENTARIS_PENGADAAN\app\Controllers\Pegawai.php(261): view('Pegawai/Permint...', Array)
#5 C:\xampp\htdocs\INVENTARIS_PENGADAAN\system\CodeIgniter.php(832): App\Controllers\Pegawai->ubah('66')
#6 C:\xampp\htdocs\INVENTARIS_PENGADAAN\system\CodeIgniter.php(419): CodeIgniter\CodeIgniter->runController(Object(App\Controllers\Pegawai))
#7 C:\xampp\htdocs\INVENTARIS_PENGADAAN\system\CodeIgniter.php(326): CodeIgniter\CodeIgniter->handleRequest(NULL, Object(Config\Cache), false)
#8 C:\xampp\htdocs\INVENTARIS_PENGADAAN\public\index.php(37): CodeIgniter\CodeIgniter->run()
#9 C:\xampp\htdocs\INVENTARIS_PENGADAAN\system\Commands\Server\rewrite.php(43): require_once('C:\\xampp\\htdocs...')
#10 {main}
CRITICAL - 2024-01-18 18:24:36 --> Trying to access array offset on value of type null
#0 C:\xampp\htdocs\INVENTARIS_PENGADAAN\app\Views\Pegawai\Permintaan_barang\Edit_permintaan.php(69): CodeIgniter\Debug\Exceptions->errorHandler(8, 'Trying to acces...', 'C:\\xampp\\htdocs...', 69, Array)
#1 C:\xampp\htdocs\INVENTARIS_PENGADAAN\system\View\View.php(210): include('C:\\xampp\\htdocs...')
#2 C:\xampp\htdocs\INVENTARIS_PENGADAAN\system\View\View.php(213): CodeIgniter\View\View->CodeIgniter\View\{closure}()
#3 C:\xampp\htdocs\INVENTARIS_PENGADAAN\system\Common.php(1089): CodeIgniter\View\View->render('Pegawai/Permint...', Array, true)
#4 C:\xampp\htdocs\INVENTARIS_PENGADAAN\app\Controllers\Pegawai.php(261): view('Pegawai/Permint...', Array)
#5 C:\xampp\htdocs\INVENTARIS_PENGADAAN\system\CodeIgniter.php(832): App\Controllers\Pegawai->ubah('66')
#6 C:\xampp\htdocs\INVENTARIS_PENGADAAN\system\CodeIgniter.php(419): CodeIgniter\CodeIgniter->runController(Object(App\Controllers\Pegawai))
#7 C:\xampp\htdocs\INVENTARIS_PENGADAAN\system\CodeIgniter.php(326): CodeIgniter\CodeIgniter->handleRequest(NULL, Object(Config\Cache), false)
#8 C:\xampp\htdocs\INVENTARIS_PENGADAAN\public\index.php(37): CodeIgniter\CodeIgniter->run()
#9 C:\xampp\htdocs\INVENTARIS_PENGADAAN\system\Commands\Server\rewrite.php(43): require_once('C:\\xampp\\htdocs...')
#10 {main}
CRITICAL - 2024-01-18 18:24:41 --> Trying to access array offset on value of type null
#0 C:\xampp\htdocs\INVENTARIS_PENGADAAN\app\Views\Pegawai\Permintaan_barang\Edit_permintaan.php(69): CodeIgniter\Debug\Exceptions->errorHandler(8, 'Trying to acces...', 'C:\\xampp\\htdocs...', 69, Array)
#1 C:\xampp\htdocs\INVENTARIS_PENGADAAN\system\View\View.php(210): include('C:\\xampp\\htdocs...')
#2 C:\xampp\htdocs\INVENTARIS_PENGADAAN\system\View\View.php(213): CodeIgniter\View\View->CodeIgniter\View\{closure}()
#3 C:\xampp\htdocs\INVENTARIS_PENGADAAN\system\Common.php(1089): CodeIgniter\View\View->render('Pegawai/Permint...', Array, true)
#4 C:\xampp\htdocs\INVENTARIS_PENGADAAN\app\Controllers\Pegawai.php(261): view('Pegawai/Permint...', Array)
#5 C:\xampp\htdocs\INVENTARIS_PENGADAAN\system\CodeIgniter.php(832): App\Controllers\Pegawai->ubah('65')
#6 C:\xampp\htdocs\INVENTARIS_PENGADAAN\system\CodeIgniter.php(419): CodeIgniter\CodeIgniter->runController(Object(App\Controllers\Pegawai))
#7 C:\xampp\htdocs\INVENTARIS_PENGADAAN\system\CodeIgniter.php(326): CodeIgniter\CodeIgniter->handleRequest(NULL, Object(Config\Cache), false)
#8 C:\xampp\htdocs\INVENTARIS_PENGADAAN\public\index.php(37): CodeIgniter\CodeIgniter->run()
#9 C:\xampp\htdocs\INVENTARIS_PENGADAAN\system\Commands\Server\rewrite.php(43): require_once('C:\\xampp\\htdocs...')
#10 {main}
CRITICAL - 2024-01-18 18:25:06 --> Trying to access array offset on value of type null
#0 C:\xampp\htdocs\INVENTARIS_PENGADAAN\app\Views\Pegawai\Permintaan_barang\Edit_permintaan.php(69): CodeIgniter\Debug\Exceptions->errorHandler(8, 'Trying to acces...', 'C:\\xampp\\htdocs...', 69, Array)
#1 C:\xampp\htdocs\INVENTARIS_PENGADAAN\system\View\View.php(210): include('C:\\xampp\\htdocs...')
#2 C:\xampp\htdocs\INVENTARIS_PENGADAAN\system\View\View.php(213): CodeIgniter\View\View->CodeIgniter\View\{closure}()
#3 C:\xampp\htdocs\INVENTARIS_PENGADAAN\system\Common.php(1089): CodeIgniter\View\View->render('Pegawai/Permint...', Array, true)
#4 C:\xampp\htdocs\INVENTARIS_PENGADAAN\app\Controllers\Pegawai.php(261): view('Pegawai/Permint...', Array)
#5 C:\xampp\htdocs\INVENTARIS_PENGADAAN\system\CodeIgniter.php(832): App\Controllers\Pegawai->ubah('65')
#6 C:\xampp\htdocs\INVENTARIS_PENGADAAN\system\CodeIgniter.php(419): CodeIgniter\CodeIgniter->runController(Object(App\Controllers\Pegawai))
#7 C:\xampp\htdocs\INVENTARIS_PENGADAAN\system\CodeIgniter.php(326): CodeIgniter\CodeIgniter->handleRequest(NULL, Object(Config\Cache), false)
#8 C:\xampp\htdocs\INVENTARIS_PENGADAAN\public\index.php(37): CodeIgniter\CodeIgniter->run()
#9 C:\xampp\htdocs\INVENTARIS_PENGADAAN\system\Commands\Server\rewrite.php(43): require_once('C:\\xampp\\htdocs...')
#10 {main}
CRITICAL - 2024-01-18 18:45:04 --> Trying to access array offset on value of type null
#0 C:\xampp\htdocs\INVENTARIS_PENGADAAN\app\Views\Pegawai\Permintaan_barang\Edit_permintaan.php(60): CodeIgniter\Debug\Exceptions->errorHandler(8, 'Trying to acces...', 'C:\\xampp\\htdocs...', 60, Array)
#1 C:\xampp\htdocs\INVENTARIS_PENGADAAN\system\View\View.php(210): include('C:\\xampp\\htdocs...')
#2 C:\xampp\htdocs\INVENTARIS_PENGADAAN\system\View\View.php(213): CodeIgniter\View\View->CodeIgniter\View\{closure}()
#3 C:\xampp\htdocs\INVENTARIS_PENGADAAN\system\Common.php(1089): CodeIgniter\View\View->render('Pegawai/Permint...', Array, true)
#4 C:\xampp\htdocs\INVENTARIS_PENGADAAN\app\Controllers\Pegawai.php(262): view('Pegawai/Permint...', Array)
#5 C:\xampp\htdocs\INVENTARIS_PENGADAAN\system\CodeIgniter.php(832): App\Controllers\Pegawai->ubah('63')
#6 C:\xampp\htdocs\INVENTARIS_PENGADAAN\system\CodeIgniter.php(419): CodeIgniter\CodeIgniter->runController(Object(App\Controllers\Pegawai))
#7 C:\xampp\htdocs\INVENTARIS_PENGADAAN\system\CodeIgniter.php(326): CodeIgniter\CodeIgniter->handleRequest(NULL, Object(Config\Cache), false)
#8 C:\xampp\htdocs\INVENTARIS_PENGADAAN\public\index.php(37): CodeIgniter\CodeIgniter->run()
#9 C:\xampp\htdocs\INVENTARIS_PENGADAAN\system\Commands\Server\rewrite.php(43): require_once('C:\\xampp\\htdocs...')
#10 {main}
CRITICAL - 2024-01-18 19:59:54 --> Invalid argument supplied for foreach()
#0 C:\xampp\htdocs\INVENTARIS_PENGADAAN\app\Views\Pegawai\Permintaan_barang\Edit_permintaan.php(35): CodeIgniter\Debug\Exceptions->errorHandler(2, 'Invalid argumen...', 'C:\\xampp\\htdocs...', 35, Array)
#1 C:\xampp\htdocs\INVENTARIS_PENGADAAN\system\View\View.php(210): include('C:\\xampp\\htdocs...')
#2 C:\xampp\htdocs\INVENTARIS_PENGADAAN\system\View\View.php(213): CodeIgniter\View\View->CodeIgniter\View\{closure}()
#3 C:\xampp\htdocs\INVENTARIS_PENGADAAN\system\Common.php(1089): CodeIgniter\View\View->render('Pegawai/Permint...', Array, true)
#4 C:\xampp\htdocs\INVENTARIS_PENGADAAN\app\Controllers\Pegawai.php(258): view('Pegawai/Permint...', Array)
#5 C:\xampp\htdocs\INVENTARIS_PENGADAAN\system\CodeIgniter.php(832): App\Controllers\Pegawai->ubah('66')
#6 C:\xampp\htdocs\INVENTARIS_PENGADAAN\system\CodeIgniter.php(419): CodeIgniter\CodeIgniter->runController(Object(App\Controllers\Pegawai))
#7 C:\xampp\htdocs\INVENTARIS_PENGADAAN\system\CodeIgniter.php(326): CodeIgniter\CodeIgniter->handleRequest(NULL, Object(Config\Cache), false)
#8 C:\xampp\htdocs\INVENTARIS_PENGADAAN\public\index.php(37): CodeIgniter\CodeIgniter->run()
#9 C:\xampp\htdocs\INVENTARIS_PENGADAAN\system\Commands\Server\rewrite.php(43): require_once('C:\\xampp\\htdocs...')
#10 {main}
CRITICAL - 2024-01-18 20:06:07 --> Undefined property: stdClass::$nama_barang
#0 C:\xampp\htdocs\INVENTARIS_PENGADAAN\app\Views\Pegawai\Permintaan_barang\Detail_permintaan.php(35): CodeIgniter\Debug\Exceptions->errorHandler(8, 'Undefined prope...', 'C:\\xampp\\htdocs...', 35, Array)
#1 C:\xampp\htdocs\INVENTARIS_PENGADAAN\system\View\View.php(210): include('C:\\xampp\\htdocs...')
#2 C:\xampp\htdocs\INVENTARIS_PENGADAAN\system\View\View.php(213): CodeIgniter\View\View->CodeIgniter\View\{closure}()
#3 C:\xampp\htdocs\INVENTARIS_PENGADAAN\system\Common.php(1089): CodeIgniter\View\View->render('Pegawai/Permint...', Array, true)
#4 C:\xampp\htdocs\INVENTARIS_PENGADAAN\app\Controllers\Pegawai.php(322): view('Pegawai/Permint...', Array)
#5 C:\xampp\htdocs\INVENTARIS_PENGADAAN\system\CodeIgniter.php(832): App\Controllers\Pegawai->detailpermin('61')
#6 C:\xampp\htdocs\INVENTARIS_PENGADAAN\system\CodeIgniter.php(419): CodeIgniter\CodeIgniter->runController(Object(App\Controllers\Pegawai))
#7 C:\xampp\htdocs\INVENTARIS_PENGADAAN\system\CodeIgniter.php(326): CodeIgniter\CodeIgniter->handleRequest(NULL, Object(Config\Cache), false)
#8 C:\xampp\htdocs\INVENTARIS_PENGADAAN\public\index.php(37): CodeIgniter\CodeIgniter->run()
#9 C:\xampp\htdocs\INVENTARIS_PENGADAAN\system\Commands\Server\rewrite.php(43): require_once('C:\\xampp\\htdocs...')
#10 {main}
CRITICAL - 2024-01-18 20:10:54 --> Undefined property: stdClass::$nama_barang
#0 C:\xampp\htdocs\INVENTARIS_PENGADAAN\app\Views\Pegawai\Permintaan_barang\Detail_permintaan.php(35): CodeIgniter\Debug\Exceptions->errorHandler(8, 'Undefined prope...', 'C:\\xampp\\htdocs...', 35, Array)
#1 C:\xampp\htdocs\INVENTARIS_PENGADAAN\system\View\View.php(210): include('C:\\xampp\\htdocs...')
#2 C:\xampp\htdocs\INVENTARIS_PENGADAAN\system\View\View.php(213): CodeIgniter\View\View->CodeIgniter\View\{closure}()
#3 C:\xampp\htdocs\INVENTARIS_PENGADAAN\system\Common.php(1089): CodeIgniter\View\View->render('Pegawai/Permint...', Array, true)
#4 C:\xampp\htdocs\INVENTARIS_PENGADAAN\app\Controllers\Pegawai.php(323): view('Pegawai/Permint...', Array)
#5 C:\xampp\htdocs\INVENTARIS_PENGADAAN\system\CodeIgniter.php(832): App\Controllers\Pegawai->detailpermin('61')
#6 C:\xampp\htdocs\INVENTARIS_PENGADAAN\system\CodeIgniter.php(419): CodeIgniter\CodeIgniter->runController(Object(App\Controllers\Pegawai))
#7 C:\xampp\htdocs\INVENTARIS_PENGADAAN\system\CodeIgniter.php(326): CodeIgniter\CodeIgniter->handleRequest(NULL, Object(Config\Cache), false)
#8 C:\xampp\htdocs\INVENTARIS_PENGADAAN\public\index.php(37): CodeIgniter\CodeIgniter->run()
#9 C:\xampp\htdocs\INVENTARIS_PENGADAAN\system\Commands\Server\rewrite.php(43): require_once('C:\\xampp\\htdocs...')
#10 {main}
CRITICAL - 2024-01-18 20:10:58 --> Undefined property: stdClass::$nama_barang
#0 C:\xampp\htdocs\INVENTARIS_PENGADAAN\app\Views\Pegawai\Permintaan_barang\Detail_permintaan.php(35): CodeIgniter\Debug\Exceptions->errorHandler(8, 'Undefined prope...', 'C:\\xampp\\htdocs...', 35, Array)
#1 C:\xampp\htdocs\INVENTARIS_PENGADAAN\system\View\View.php(210): include('C:\\xampp\\htdocs...')
#2 C:\xampp\htdocs\INVENTARIS_PENGADAAN\system\View\View.php(213): CodeIgniter\View\View->CodeIgniter\View\{closure}()
#3 C:\xampp\htdocs\INVENTARIS_PENGADAAN\system\Common.php(1089): CodeIgniter\View\View->render('Pegawai/Permint...', Array, true)
#4 C:\xampp\htdocs\INVENTARIS_PENGADAAN\app\Controllers\Pegawai.php(323): view('Pegawai/Permint...', Array)
#5 C:\xampp\htdocs\INVENTARIS_PENGADAAN\system\CodeIgniter.php(832): App\Controllers\Pegawai->detailpermin('61')
#6 C:\xampp\htdocs\INVENTARIS_PENGADAAN\system\CodeIgniter.php(419): CodeIgniter\CodeIgniter->runController(Object(App\Controllers\Pegawai))
#7 C:\xampp\htdocs\INVENTARIS_PENGADAAN\system\CodeIgniter.php(326): CodeIgniter\CodeIgniter->handleRequest(NULL, Object(Config\Cache), false)
#8 C:\xampp\htdocs\INVENTARIS_PENGADAAN\public\index.php(37): CodeIgniter\CodeIgniter->run()
#9 C:\xampp\htdocs\INVENTARIS_PENGADAAN\system\Commands\Server\rewrite.php(43): require_once('C:\\xampp\\htdocs...')
#10 {main}
CRITICAL - 2024-01-18 20:11:06 --> Undefined property: stdClass::$nama_barang
#0 C:\xampp\htdocs\INVENTARIS_PENGADAAN\app\Views\Pegawai\Permintaan_barang\Detail_permintaan.php(35): CodeIgniter\Debug\Exceptions->errorHandler(8, 'Undefined prope...', 'C:\\xampp\\htdocs...', 35, Array)
#1 C:\xampp\htdocs\INVENTARIS_PENGADAAN\system\View\View.php(210): include('C:\\xampp\\htdocs...')
#2 C:\xampp\htdocs\INVENTARIS_PENGADAAN\system\View\View.php(213): CodeIgniter\View\View->CodeIgniter\View\{closure}()
#3 C:\xampp\htdocs\INVENTARIS_PENGADAAN\system\Common.php(1089): CodeIgniter\View\View->render('Pegawai/Permint...', Array, true)
#4 C:\xampp\htdocs\INVENTARIS_PENGADAAN\app\Controllers\Pegawai.php(323): view('Pegawai/Permint...', Array)
#5 C:\xampp\htdocs\INVENTARIS_PENGADAAN\system\CodeIgniter.php(832): App\Controllers\Pegawai->detailpermin('66')
#6 C:\xampp\htdocs\INVENTARIS_PENGADAAN\system\CodeIgniter.php(419): CodeIgniter\CodeIgniter->runController(Object(App\Controllers\Pegawai))
#7 C:\xampp\htdocs\INVENTARIS_PENGADAAN\system\CodeIgniter.php(326): CodeIgniter\CodeIgniter->handleRequest(NULL, Object(Config\Cache), false)
#8 C:\xampp\htdocs\INVENTARIS_PENGADAAN\public\index.php(37): CodeIgniter\CodeIgniter->run()
#9 C:\xampp\htdocs\INVENTARIS_PENGADAAN\system\Commands\Server\rewrite.php(43): require_once('C:\\xampp\\htdocs...')
#10 {main}
CRITICAL - 2024-01-18 21:34:55 --> Undefined property: stdClass::$tgl_balasan
#0 C:\xampp\htdocs\INVENTARIS_PENGADAAN\app\Views\petugas_pengadaan\pengadaan\detail_pengadaan.php(192): CodeIgniter\Debug\Exceptions->errorHandler(8, 'Undefined prope...', 'C:\\xampp\\htdocs...', 192, Array)
#1 C:\xampp\htdocs\INVENTARIS_PENGADAAN\system\View\View.php(210): include('C:\\xampp\\htdocs...')
#2 C:\xampp\htdocs\INVENTARIS_PENGADAAN\system\View\View.php(213): CodeIgniter\View\View->CodeIgniter\View\{closure}()
#3 C:\xampp\htdocs\INVENTARIS_PENGADAAN\system\Common.php(1089): CodeIgniter\View\View->render('petugas_pengada...', Array, true)
#4 C:\xampp\htdocs\INVENTARIS_PENGADAAN\app\Controllers\Petugas_pengadaan.php(275): view('petugas_pengada...', Array)
#5 C:\xampp\htdocs\INVENTARIS_PENGADAAN\system\CodeIgniter.php(832): App\Controllers\petugas_pengadaan->detailPengadaan('32')
#6 C:\xampp\htdocs\INVENTARIS_PENGADAAN\system\CodeIgniter.php(419): CodeIgniter\CodeIgniter->runController(Object(App\Controllers\petugas_pengadaan))
#7 C:\xampp\htdocs\INVENTARIS_PENGADAAN\system\CodeIgniter.php(326): CodeIgniter\CodeIgniter->handleRequest(NULL, Object(Config\Cache), false)
#8 C:\xampp\htdocs\INVENTARIS_PENGADAAN\public\index.php(37): CodeIgniter\CodeIgniter->run()
#9 C:\xampp\htdocs\INVENTARIS_PENGADAAN\system\Commands\Server\rewrite.php(43): require_once('C:\\xampp\\htdocs...')
#10 {main}
CRITICAL - 2024-01-18 23:27:26 --> Undefined index: satuan
#0 C:\xampp\htdocs\INVENTARIS_PENGADAAN\app\Views\Admin\Barang\Barang_masuk.php(49): CodeIgniter\Debug\Exceptions->errorHandler(8, 'Undefined index...', 'C:\\xampp\\htdocs...', 49, Array)
#1 C:\xampp\htdocs\INVENTARIS_PENGADAAN\system\View\View.php(210): include('C:\\xampp\\htdocs...')
#2 C:\xampp\htdocs\INVENTARIS_PENGADAAN\system\View\View.php(213): CodeIgniter\View\View->CodeIgniter\View\{closure}()
#3 C:\xampp\htdocs\INVENTARIS_PENGADAAN\system\Common.php(1089): CodeIgniter\View\View->render('Admin/Barang/Ba...', Array, true)
#4 C:\xampp\htdocs\INVENTARIS_PENGADAAN\app\Controllers\Admin.php(1164): view('Admin/Barang/Ba...', Array)
#5 C:\xampp\htdocs\INVENTARIS_PENGADAAN\system\CodeIgniter.php(832): App\Controllers\Admin->trans_masuk()
#6 C:\xampp\htdocs\INVENTARIS_PENGADAAN\system\CodeIgniter.php(419): CodeIgniter\CodeIgniter->runController(Object(App\Controllers\Admin))
#7 C:\xampp\htdocs\INVENTARIS_PENGADAAN\system\CodeIgniter.php(326): CodeIgniter\CodeIgniter->handleRequest(NULL, Object(Config\Cache), false)
#8 C:\xampp\htdocs\INVENTARIS_PENGADAAN\public\index.php(37): CodeIgniter\CodeIgniter->run()
#9 C:\xampp\htdocs\INVENTARIS_PENGADAAN\system\Commands\Server\rewrite.php(43): require_once('C:\\xampp\\htdocs...')
#10 {main}
ERROR - 2024-01-18 23:29:48 --> Column 'jenis_transaksi' in where clause is ambiguous
CRITICAL - 2024-01-18 23:29:48 --> Column 'jenis_transaksi' in where clause is ambiguous
#0 C:\xampp\htdocs\INVENTARIS_PENGADAAN\system\Database\MySQLi\Connection.php(292): mysqli->query('SELECT `transak...', 0)
#1 C:\xampp\htdocs\INVENTARIS_PENGADAAN\system\Database\BaseConnection.php(670): CodeIgniter\Database\MySQLi\Connection->execute('SELECT `transak...')
#2 C:\xampp\htdocs\INVENTARIS_PENGADAAN\system\Database\BaseConnection.php(598): CodeIgniter\Database\BaseConnection->simpleQuery('SELECT `transak...')
#3 C:\xampp\htdocs\INVENTARIS_PENGADAAN\system\Database\BaseBuilder.php(1455): CodeIgniter\Database\BaseConnection->query('SELECT `transak...', Array, false)
#4 C:\xampp\htdocs\INVENTARIS_PENGADAAN\app\Controllers\Admin.php(1159): CodeIgniter\Database\BaseBuilder->get()
#5 C:\xampp\htdocs\INVENTARIS_PENGADAAN\system\CodeIgniter.php(832): App\Controllers\Admin->trans_masuk()
#6 C:\xampp\htdocs\INVENTARIS_PENGADAAN\system\CodeIgniter.php(419): CodeIgniter\CodeIgniter->runController(Object(App\Controllers\Admin))
#7 C:\xampp\htdocs\INVENTARIS_PENGADAAN\system\CodeIgniter.php(326): CodeIgniter\CodeIgniter->handleRequest(NULL, Object(Config\Cache), false)
#8 C:\xampp\htdocs\INVENTARIS_PENGADAAN\public\index.php(37): CodeIgniter\CodeIgniter->run()
#9 C:\xampp\htdocs\INVENTARIS_PENGADAAN\system\Commands\Server\rewrite.php(43): require_once('C:\\xampp\\htdocs...')
#10 {main}
ERROR - 2024-01-18 23:30:32 --> Unknown column 'transaksi_barang.id_barang' in 'on clause'
CRITICAL - 2024-01-18 23:30:32 --> Unknown column 'transaksi_barang.id_barang' in 'on clause'
#0 C:\xampp\htdocs\INVENTARIS_PENGADAAN\system\Database\MySQLi\Connection.php(292): mysqli->query('SELECT `transak...', 0)
#1 C:\xampp\htdocs\INVENTARIS_PENGADAAN\system\Database\BaseConnection.php(670): CodeIgniter\Database\MySQLi\Connection->execute('SELECT `transak...')
#2 C:\xampp\htdocs\INVENTARIS_PENGADAAN\system\Database\BaseConnection.php(598): CodeIgniter\Database\BaseConnection->simpleQuery('SELECT `transak...')
#3 C:\xampp\htdocs\INVENTARIS_PENGADAAN\system\Database\BaseBuilder.php(1455): CodeIgniter\Database\BaseConnection->query('SELECT `transak...', Array, false)
#4 C:\xampp\htdocs\INVENTARIS_PENGADAAN\app\Controllers\Admin.php(1160): CodeIgniter\Database\BaseBuilder->get()
#5 C:\xampp\htdocs\INVENTARIS_PENGADAAN\system\CodeIgniter.php(832): App\Controllers\Admin->trans_masuk()
#6 C:\xampp\htdocs\INVENTARIS_PENGADAAN\system\CodeIgniter.php(419): CodeIgniter\CodeIgniter->runController(Object(App\Controllers\Admin))
#7 C:\xampp\htdocs\INVENTARIS_PENGADAAN\system\CodeIgniter.php(326): CodeIgniter\CodeIgniter->handleRequest(NULL, Object(Config\Cache), false)
#8 C:\xampp\htdocs\INVENTARIS_PENGADAAN\public\index.php(37): CodeIgniter\CodeIgniter->run()
#9 C:\xampp\htdocs\INVENTARIS_PENGADAAN\system\Commands\Server\rewrite.php(43): require_once('C:\\xampp\\htdocs...')
#10 {main}
ERROR - 2024-01-18 23:30:48 --> Unknown column 'barang.id_barang' in 'on clause'
CRITICAL - 2024-01-18 23:30:48 --> Unknown column 'barang.id_barang' in 'on clause'
#0 C:\xampp\htdocs\INVENTARIS_PENGADAAN\system\Database\MySQLi\Connection.php(292): mysqli->query('SELECT `transak...', 0)
#1 C:\xampp\htdocs\INVENTARIS_PENGADAAN\system\Database\BaseConnection.php(670): CodeIgniter\Database\MySQLi\Connection->execute('SELECT `transak...')
#2 C:\xampp\htdocs\INVENTARIS_PENGADAAN\system\Database\BaseConnection.php(598): CodeIgniter\Database\BaseConnection->simpleQuery('SELECT `transak...')
#3 C:\xampp\htdocs\INVENTARIS_PENGADAAN\system\Database\BaseBuilder.php(1455): CodeIgniter\Database\BaseConnection->query('SELECT `transak...', Array, false)
#4 C:\xampp\htdocs\INVENTARIS_PENGADAAN\app\Controllers\Admin.php(1160): CodeIgniter\Database\BaseBuilder->get()
#5 C:\xampp\htdocs\INVENTARIS_PENGADAAN\system\CodeIgniter.php(832): App\Controllers\Admin->trans_masuk()
#6 C:\xampp\htdocs\INVENTARIS_PENGADAAN\system\CodeIgniter.php(419): CodeIgniter\CodeIgniter->runController(Object(App\Controllers\Admin))
#7 C:\xampp\htdocs\INVENTARIS_PENGADAAN\system\CodeIgniter.php(326): CodeIgniter\CodeIgniter->handleRequest(NULL, Object(Config\Cache), false)
#8 C:\xampp\htdocs\INVENTARIS_PENGADAAN\public\index.php(37): CodeIgniter\CodeIgniter->run()
#9 C:\xampp\htdocs\INVENTARIS_PENGADAAN\system\Commands\Server\rewrite.php(43): require_once('C:\\xampp\\htdocs...')
#10 {main}
ERROR - 2024-01-18 23:31:03 --> Unknown column 'barang.id' in 'on clause'
CRITICAL - 2024-01-18 23:31:03 --> Unknown column 'barang.id' in 'on clause'
#0 C:\xampp\htdocs\INVENTARIS_PENGADAAN\system\Database\MySQLi\Connection.php(292): mysqli->query('SELECT `transak...', 0)
#1 C:\xampp\htdocs\INVENTARIS_PENGADAAN\system\Database\BaseConnection.php(670): CodeIgniter\Database\MySQLi\Connection->execute('SELECT `transak...')
#2 C:\xampp\htdocs\INVENTARIS_PENGADAAN\system\Database\BaseConnection.php(598): CodeIgniter\Database\BaseConnection->simpleQuery('SELECT `transak...')
#3 C:\xampp\htdocs\INVENTARIS_PENGADAAN\system\Database\BaseBuilder.php(1455): CodeIgniter\Database\BaseConnection->query('SELECT `transak...', Array, false)
#4 C:\xampp\htdocs\INVENTARIS_PENGADAAN\app\Controllers\Admin.php(1160): CodeIgniter\Database\BaseBuilder->get()
#5 C:\xampp\htdocs\INVENTARIS_PENGADAAN\system\CodeIgniter.php(832): App\Controllers\Admin->trans_masuk()
#6 C:\xampp\htdocs\INVENTARIS_PENGADAAN\system\CodeIgniter.php(419): CodeIgniter\CodeIgniter->runController(Object(App\Controllers\Admin))
#7 C:\xampp\htdocs\INVENTARIS_PENGADAAN\system\CodeIgniter.php(326): CodeIgniter\CodeIgniter->handleRequest(NULL, Object(Config\Cache), false)
#8 C:\xampp\htdocs\INVENTARIS_PENGADAAN\public\index.php(37): CodeIgniter\CodeIgniter->run()
#9 C:\xampp\htdocs\INVENTARIS_PENGADAAN\system\Commands\Server\rewrite.php(43): require_once('C:\\xampp\\htdocs...')
#10 {main}
