CRITICAL - 2024-01-12 23:10:18 --> Undefined property: stdClass::$nama_pengadu
#0 C:\xampp\htdocs\INVENTARIS_PENGADAAN\app\Views\petugas_pengadaan\pengadaan\detail_pengadaan.php(59): CodeIgniter\Debug\Exceptions->errorHandler(8, 'Undefined prope...', 'C:\\xampp\\htdocs...', 59, Array)
#1 C:\xampp\htdocs\INVENTARIS_PENGADAAN\system\View\View.php(210): include('C:\\xampp\\htdocs...')
#2 C:\xampp\htdocs\INVENTARIS_PENGADAAN\system\View\View.php(213): CodeIgniter\View\View->CodeIgniter\View\{closure}()
#3 C:\xampp\htdocs\INVENTARIS_PENGADAAN\system\Common.php(1089): CodeIgniter\View\View->render('petugas_pengada...', Array, true)
#4 C:\xampp\htdocs\INVENTARIS_PENGADAAN\app\Controllers\petugas_pengadaan.php(159): view('petugas_pengada...', Array)
#5 C:\xampp\htdocs\INVENTARIS_PENGADAAN\system\CodeIgniter.php(832): App\Controllers\petugas_pengadaan->detailPengadaan('23')
#6 C:\xampp\htdocs\INVENTARIS_PENGADAAN\system\CodeIgniter.php(419): CodeIgniter\CodeIgniter->runController(Object(App\Controllers\petugas_pengadaan))
#7 C:\xampp\htdocs\INVENTARIS_PENGADAAN\system\CodeIgniter.php(326): CodeIgniter\CodeIgniter->handleRequest(NULL, Object(Config\Cache), false)
#8 C:\xampp\htdocs\INVENTARIS_PENGADAAN\public\index.php(37): CodeIgniter\CodeIgniter->run()
#9 C:\xampp\htdocs\INVENTARIS_PENGADAAN\system\Commands\Server\rewrite.php(43): require_once('C:\\xampp\\htdocs...')
#10 {main}
CRITICAL - 2024-01-12 23:14:03 --> Undefined property: stdClass::$tanggal_pengaduan
#0 C:\xampp\htdocs\INVENTARIS_PENGADAAN\app\Views\petugas_pengadaan\pengadaan\detail_pengadaan.php(78): CodeIgniter\Debug\Exceptions->errorHandler(8, 'Undefined prope...', 'C:\\xampp\\htdocs...', 78, Array)
#1 C:\xampp\htdocs\INVENTARIS_PENGADAAN\system\View\View.php(210): include('C:\\xampp\\htdocs...')
#2 C:\xampp\htdocs\INVENTARIS_PENGADAAN\system\View\View.php(213): CodeIgniter\View\View->CodeIgniter\View\{closure}()
#3 C:\xampp\htdocs\INVENTARIS_PENGADAAN\system\Common.php(1089): CodeIgniter\View\View->render('petugas_pengada...', Array, true)
#4 C:\xampp\htdocs\INVENTARIS_PENGADAAN\app\Controllers\petugas_pengadaan.php(159): view('petugas_pengada...', Array)
#5 C:\xampp\htdocs\INVENTARIS_PENGADAAN\system\CodeIgniter.php(832): App\Controllers\petugas_pengadaan->detailPengadaan('23')
#6 C:\xampp\htdocs\INVENTARIS_PENGADAAN\system\CodeIgniter.php(419): CodeIgniter\CodeIgniter->runController(Object(App\Controllers\petugas_pengadaan))
#7 C:\xampp\htdocs\INVENTARIS_PENGADAAN\system\CodeIgniter.php(326): CodeIgniter\CodeIgniter->handleRequest(NULL, Object(Config\Cache), false)
#8 C:\xampp\htdocs\INVENTARIS_PENGADAAN\public\index.php(37): CodeIgniter\CodeIgniter->run()
#9 C:\xampp\htdocs\INVENTARIS_PENGADAAN\system\Commands\Server\rewrite.php(43): require_once('C:\\xampp\\htdocs...')
#10 {main}
CRITICAL - 2024-01-12 23:14:33 --> Undefined property: stdClass::$tanggal_pengajuan
#0 C:\xampp\htdocs\INVENTARIS_PENGADAAN\app\Views\petugas_pengadaan\pengadaan\detail_pengadaan.php(78): CodeIgniter\Debug\Exceptions->errorHandler(8, 'Undefined prope...', 'C:\\xampp\\htdocs...', 78, Array)
#1 C:\xampp\htdocs\INVENTARIS_PENGADAAN\system\View\View.php(210): include('C:\\xampp\\htdocs...')
#2 C:\xampp\htdocs\INVENTARIS_PENGADAAN\system\View\View.php(213): CodeIgniter\View\View->CodeIgniter\View\{closure}()
#3 C:\xampp\htdocs\INVENTARIS_PENGADAAN\system\Common.php(1089): CodeIgniter\View\View->render('petugas_pengada...', Array, true)
#4 C:\xampp\htdocs\INVENTARIS_PENGADAAN\app\Controllers\petugas_pengadaan.php(159): view('petugas_pengada...', Array)
#5 C:\xampp\htdocs\INVENTARIS_PENGADAAN\system\CodeIgniter.php(832): App\Controllers\petugas_pengadaan->detailPengadaan('23')
#6 C:\xampp\htdocs\INVENTARIS_PENGADAAN\system\CodeIgniter.php(419): CodeIgniter\CodeIgniter->runController(Object(App\Controllers\petugas_pengadaan))
#7 C:\xampp\htdocs\INVENTARIS_PENGADAAN\system\CodeIgniter.php(326): CodeIgniter\CodeIgniter->handleRequest(NULL, Object(Config\Cache), false)
#8 C:\xampp\htdocs\INVENTARIS_PENGADAAN\public\index.php(37): CodeIgniter\CodeIgniter->run()
#9 C:\xampp\htdocs\INVENTARIS_PENGADAAN\system\Commands\Server\rewrite.php(43): require_once('C:\\xampp\\htdocs...')
#10 {main}
CRITICAL - 2024-01-12 23:14:46 --> Undefined property: stdClass::$tanggal_diproses
#0 C:\xampp\htdocs\INVENTARIS_PENGADAAN\app\Views\petugas_pengadaan\pengadaan\detail_pengadaan.php(82): CodeIgniter\Debug\Exceptions->errorHandler(8, 'Undefined prope...', 'C:\\xampp\\htdocs...', 82, Array)
#1 C:\xampp\htdocs\INVENTARIS_PENGADAAN\system\View\View.php(210): include('C:\\xampp\\htdocs...')
#2 C:\xampp\htdocs\INVENTARIS_PENGADAAN\system\View\View.php(213): CodeIgniter\View\View->CodeIgniter\View\{closure}()
#3 C:\xampp\htdocs\INVENTARIS_PENGADAAN\system\Common.php(1089): CodeIgniter\View\View->render('petugas_pengada...', Array, true)
#4 C:\xampp\htdocs\INVENTARIS_PENGADAAN\app\Controllers\petugas_pengadaan.php(159): view('petugas_pengada...', Array)
#5 C:\xampp\htdocs\INVENTARIS_PENGADAAN\system\CodeIgniter.php(832): App\Controllers\petugas_pengadaan->detailPengadaan('23')
#6 C:\xampp\htdocs\INVENTARIS_PENGADAAN\system\CodeIgniter.php(419): CodeIgniter\CodeIgniter->runController(Object(App\Controllers\petugas_pengadaan))
#7 C:\xampp\htdocs\INVENTARIS_PENGADAAN\system\CodeIgniter.php(326): CodeIgniter\CodeIgniter->handleRequest(NULL, Object(Config\Cache), false)
#8 C:\xampp\htdocs\INVENTARIS_PENGADAAN\public\index.php(37): CodeIgniter\CodeIgniter->run()
#9 C:\xampp\htdocs\INVENTARIS_PENGADAAN\system\Commands\Server\rewrite.php(43): require_once('C:\\xampp\\htdocs...')
#10 {main}
CRITICAL - 2024-01-12 23:15:09 --> Undefined property: stdClass::$tgl_diproses
#0 C:\xampp\htdocs\INVENTARIS_PENGADAAN\app\Views\petugas_pengadaan\pengadaan\detail_pengadaan.php(82): CodeIgniter\Debug\Exceptions->errorHandler(8, 'Undefined prope...', 'C:\\xampp\\htdocs...', 82, Array)
#1 C:\xampp\htdocs\INVENTARIS_PENGADAAN\system\View\View.php(210): include('C:\\xampp\\htdocs...')
#2 C:\xampp\htdocs\INVENTARIS_PENGADAAN\system\View\View.php(213): CodeIgniter\View\View->CodeIgniter\View\{closure}()
#3 C:\xampp\htdocs\INVENTARIS_PENGADAAN\system\Common.php(1089): CodeIgniter\View\View->render('petugas_pengada...', Array, true)
#4 C:\xampp\htdocs\INVENTARIS_PENGADAAN\app\Controllers\petugas_pengadaan.php(159): view('petugas_pengada...', Array)
#5 C:\xampp\htdocs\INVENTARIS_PENGADAAN\system\CodeIgniter.php(832): App\Controllers\petugas_pengadaan->detailPengadaan('23')
#6 C:\xampp\htdocs\INVENTARIS_PENGADAAN\system\CodeIgniter.php(419): CodeIgniter\CodeIgniter->runController(Object(App\Controllers\petugas_pengadaan))
#7 C:\xampp\htdocs\INVENTARIS_PENGADAAN\system\CodeIgniter.php(326): CodeIgniter\CodeIgniter->handleRequest(NULL, Object(Config\Cache), false)
#8 C:\xampp\htdocs\INVENTARIS_PENGADAAN\public\index.php(37): CodeIgniter\CodeIgniter->run()
#9 C:\xampp\htdocs\INVENTARIS_PENGADAAN\system\Commands\Server\rewrite.php(43): require_once('C:\\xampp\\htdocs...')
#10 {main}
CRITICAL - 2024-01-12 23:16:00 --> Undefined property: stdClass::$tgl_diproses
#0 C:\xampp\htdocs\INVENTARIS_PENGADAAN\app\Views\petugas_pengadaan\pengadaan\detail_pengadaan.php(82): CodeIgniter\Debug\Exceptions->errorHandler(8, 'Undefined prope...', 'C:\\xampp\\htdocs...', 82, Array)
#1 C:\xampp\htdocs\INVENTARIS_PENGADAAN\system\View\View.php(210): include('C:\\xampp\\htdocs...')
#2 C:\xampp\htdocs\INVENTARIS_PENGADAAN\system\View\View.php(213): CodeIgniter\View\View->CodeIgniter\View\{closure}()
#3 C:\xampp\htdocs\INVENTARIS_PENGADAAN\system\Common.php(1089): CodeIgniter\View\View->render('petugas_pengada...', Array, true)
#4 C:\xampp\htdocs\INVENTARIS_PENGADAAN\app\Controllers\petugas_pengadaan.php(159): view('petugas_pengada...', Array)
#5 C:\xampp\htdocs\INVENTARIS_PENGADAAN\system\CodeIgniter.php(832): App\Controllers\petugas_pengadaan->detailPengadaan('23')
#6 C:\xampp\htdocs\INVENTARIS_PENGADAAN\system\CodeIgniter.php(419): CodeIgniter\CodeIgniter->runController(Object(App\Controllers\petugas_pengadaan))
#7 C:\xampp\htdocs\INVENTARIS_PENGADAAN\system\CodeIgniter.php(326): CodeIgniter\CodeIgniter->handleRequest(NULL, Object(Config\Cache), false)
#8 C:\xampp\htdocs\INVENTARIS_PENGADAAN\public\index.php(37): CodeIgniter\CodeIgniter->run()
#9 C:\xampp\htdocs\INVENTARIS_PENGADAAN\system\Commands\Server\rewrite.php(43): require_once('C:\\xampp\\htdocs...')
#10 {main}
