CRITICAL - 2024-09-24 14:04:51 --> Class "App\Models\JadwalimunisasiModel" not found
#0 C:\Users\E-RM7\Documents\GitHub\e-Posyandu\system\CodeIgniter.php(809): App\Controllers\Admin->__construct()
#1 C:\Users\E-RM7\Documents\GitHub\e-Posyandu\system\CodeIgniter.php(410): CodeIgniter\CodeIgniter->createController()
#2 C:\Users\E-RM7\Documents\GitHub\e-Posyandu\system\CodeIgniter.php(326): CodeIgniter\CodeIgniter->handleRequest(NULL, Object(Config\Cache), false)
#3 C:\Users\E-RM7\Documents\GitHub\e-Posyandu\public\index.php(37): CodeIgniter\CodeIgniter->run()
#4 C:\Users\E-RM7\Documents\GitHub\e-Posyandu\system\Commands\Server\rewrite.php(43): require_once('C:\\Users\\E-RM7\\...')
#5 {main}
CRITICAL - 2024-09-24 14:04:53 --> Class "App\Models\JadwalimunisasiModel" not found
#0 C:\Users\E-RM7\Documents\GitHub\e-Posyandu\system\CodeIgniter.php(809): App\Controllers\Admin->__construct()
#1 C:\Users\E-RM7\Documents\GitHub\e-Posyandu\system\CodeIgniter.php(410): CodeIgniter\CodeIgniter->createController()
#2 C:\Users\E-RM7\Documents\GitHub\e-Posyandu\system\CodeIgniter.php(326): CodeIgniter\CodeIgniter->handleRequest(NULL, Object(Config\Cache), false)
#3 C:\Users\E-RM7\Documents\GitHub\e-Posyandu\public\index.php(37): CodeIgniter\CodeIgniter->run()
#4 C:\Users\E-RM7\Documents\GitHub\e-Posyandu\system\Commands\Server\rewrite.php(43): require_once('C:\\Users\\E-RM7\\...')
#5 {main}
CRITICAL - 2024-09-24 14:04:54 --> Class "App\Models\JadwalimunisasiModel" not found
#0 C:\Users\E-RM7\Documents\GitHub\e-Posyandu\system\CodeIgniter.php(809): App\Controllers\Admin->__construct()
#1 C:\Users\E-RM7\Documents\GitHub\e-Posyandu\system\CodeIgniter.php(410): CodeIgniter\CodeIgniter->createController()
#2 C:\Users\E-RM7\Documents\GitHub\e-Posyandu\system\CodeIgniter.php(326): CodeIgniter\CodeIgniter->handleRequest(NULL, Object(Config\Cache), false)
#3 C:\Users\E-RM7\Documents\GitHub\e-Posyandu\public\index.php(37): CodeIgniter\CodeIgniter->run()
#4 C:\Users\E-RM7\Documents\GitHub\e-Posyandu\system\Commands\Server\rewrite.php(43): require_once('C:\\Users\\E-RM7\\...')
#5 {main}
CRITICAL - 2024-09-24 14:05:17 --> Class "App\Models\JadwalimunisasiModel" not found
#0 C:\Users\E-RM7\Documents\GitHub\e-Posyandu\system\CodeIgniter.php(809): App\Controllers\Admin->__construct()
#1 C:\Users\E-RM7\Documents\GitHub\e-Posyandu\system\CodeIgniter.php(410): CodeIgniter\CodeIgniter->createController()
#2 C:\Users\E-RM7\Documents\GitHub\e-Posyandu\system\CodeIgniter.php(326): CodeIgniter\CodeIgniter->handleRequest(NULL, Object(Config\Cache), false)
#3 C:\Users\E-RM7\Documents\GitHub\e-Posyandu\public\index.php(37): CodeIgniter\CodeIgniter->run()
#4 C:\Users\E-RM7\Documents\GitHub\e-Posyandu\system\Commands\Server\rewrite.php(43): require_once('C:\\Users\\E-RM7\\...')
#5 {main}
CRITICAL - 2024-09-24 14:05:18 --> Class "App\Models\JadwalimunisasiModel" not found
#0 C:\Users\E-RM7\Documents\GitHub\e-Posyandu\system\CodeIgniter.php(809): App\Controllers\Admin->__construct()
#1 C:\Users\E-RM7\Documents\GitHub\e-Posyandu\system\CodeIgniter.php(410): CodeIgniter\CodeIgniter->createController()
#2 C:\Users\E-RM7\Documents\GitHub\e-Posyandu\system\CodeIgniter.php(326): CodeIgniter\CodeIgniter->handleRequest(NULL, Object(Config\Cache), false)
#3 C:\Users\E-RM7\Documents\GitHub\e-Posyandu\public\index.php(37): CodeIgniter\CodeIgniter->run()
#4 C:\Users\E-RM7\Documents\GitHub\e-Posyandu\system\Commands\Server\rewrite.php(43): require_once('C:\\Users\\E-RM7\\...')
#5 {main}
CRITICAL - 2024-09-24 14:05:26 --> Class "App\Models\JadwalimunisasiModel" not found
#0 C:\Users\E-RM7\Documents\GitHub\e-Posyandu\system\CodeIgniter.php(809): App\Controllers\Admin->__construct()
#1 C:\Users\E-RM7\Documents\GitHub\e-Posyandu\system\CodeIgniter.php(410): CodeIgniter\CodeIgniter->createController()
#2 C:\Users\E-RM7\Documents\GitHub\e-Posyandu\system\CodeIgniter.php(326): CodeIgniter\CodeIgniter->handleRequest(NULL, Object(Config\Cache), false)
#3 C:\Users\E-RM7\Documents\GitHub\e-Posyandu\public\index.php(37): CodeIgniter\CodeIgniter->run()
#4 C:\Users\E-RM7\Documents\GitHub\e-Posyandu\system\Commands\Server\rewrite.php(43): require_once('C:\\Users\\E-RM7\\...')
#5 {main}
CRITICAL - 2024-09-24 14:05:27 --> Class "App\Models\JadwalimunisasiModel" not found
#0 C:\Users\E-RM7\Documents\GitHub\e-Posyandu\system\CodeIgniter.php(809): App\Controllers\Admin->__construct()
#1 C:\Users\E-RM7\Documents\GitHub\e-Posyandu\system\CodeIgniter.php(410): CodeIgniter\CodeIgniter->createController()
#2 C:\Users\E-RM7\Documents\GitHub\e-Posyandu\system\CodeIgniter.php(326): CodeIgniter\CodeIgniter->handleRequest(NULL, Object(Config\Cache), false)
#3 C:\Users\E-RM7\Documents\GitHub\e-Posyandu\public\index.php(37): CodeIgniter\CodeIgniter->run()
#4 C:\Users\E-RM7\Documents\GitHub\e-Posyandu\system\Commands\Server\rewrite.php(43): require_once('C:\\Users\\E-RM7\\...')
#5 {main}
CRITICAL - 2024-09-24 14:05:46 --> Class "App\Models\JadwalimunisasiModel" not found
#0 C:\Users\E-RM7\Documents\GitHub\e-Posyandu\system\CodeIgniter.php(809): App\Controllers\Admin->__construct()
#1 C:\Users\E-RM7\Documents\GitHub\e-Posyandu\system\CodeIgniter.php(410): CodeIgniter\CodeIgniter->createController()
#2 C:\Users\E-RM7\Documents\GitHub\e-Posyandu\system\CodeIgniter.php(326): CodeIgniter\CodeIgniter->handleRequest(NULL, Object(Config\Cache), false)
#3 C:\Users\E-RM7\Documents\GitHub\e-Posyandu\public\index.php(37): CodeIgniter\CodeIgniter->run()
#4 C:\Users\E-RM7\Documents\GitHub\e-Posyandu\system\Commands\Server\rewrite.php(43): require_once('C:\\Users\\E-RM7\\...')
#5 {main}
CRITICAL - 2024-09-24 14:06:29 --> Class "App\Models\JadwalimunisasiModel" not found
#0 C:\Users\E-RM7\Documents\GitHub\e-Posyandu\system\CodeIgniter.php(809): App\Controllers\Admin->__construct()
#1 C:\Users\E-RM7\Documents\GitHub\e-Posyandu\system\CodeIgniter.php(410): CodeIgniter\CodeIgniter->createController()
#2 C:\Users\E-RM7\Documents\GitHub\e-Posyandu\system\CodeIgniter.php(326): CodeIgniter\CodeIgniter->handleRequest(NULL, Object(Config\Cache), false)
#3 C:\Users\E-RM7\Documents\GitHub\e-Posyandu\public\index.php(37): CodeIgniter\CodeIgniter->run()
#4 C:\Users\E-RM7\Documents\GitHub\e-Posyandu\system\Commands\Server\rewrite.php(43): require_once('C:\\Users\\E-RM7\\...')
#5 {main}
CRITICAL - 2024-09-24 14:06:29 --> Class "App\Models\JadwalimunisasiModel" not found
#0 C:\Users\E-RM7\Documents\GitHub\e-Posyandu\system\CodeIgniter.php(809): App\Controllers\Admin->__construct()
#1 C:\Users\E-RM7\Documents\GitHub\e-Posyandu\system\CodeIgniter.php(410): CodeIgniter\CodeIgniter->createController()
#2 C:\Users\E-RM7\Documents\GitHub\e-Posyandu\system\CodeIgniter.php(326): CodeIgniter\CodeIgniter->handleRequest(NULL, Object(Config\Cache), false)
#3 C:\Users\E-RM7\Documents\GitHub\e-Posyandu\public\index.php(37): CodeIgniter\CodeIgniter->run()
#4 C:\Users\E-RM7\Documents\GitHub\e-Posyandu\system\Commands\Server\rewrite.php(43): require_once('C:\\Users\\E-RM7\\...')
#5 {main}
CRITICAL - 2024-09-24 14:06:30 --> Class "App\Models\JadwalimunisasiModel" not found
#0 C:\Users\E-RM7\Documents\GitHub\e-Posyandu\system\CodeIgniter.php(809): App\Controllers\Admin->__construct()
#1 C:\Users\E-RM7\Documents\GitHub\e-Posyandu\system\CodeIgniter.php(410): CodeIgniter\CodeIgniter->createController()
#2 C:\Users\E-RM7\Documents\GitHub\e-Posyandu\system\CodeIgniter.php(326): CodeIgniter\CodeIgniter->handleRequest(NULL, Object(Config\Cache), false)
#3 C:\Users\E-RM7\Documents\GitHub\e-Posyandu\public\index.php(37): CodeIgniter\CodeIgniter->run()
#4 C:\Users\E-RM7\Documents\GitHub\e-Posyandu\system\Commands\Server\rewrite.php(43): require_once('C:\\Users\\E-RM7\\...')
#5 {main}
CRITICAL - 2024-09-24 14:06:39 --> Call to a member function findAll() on null
#0 C:\Users\E-RM7\Documents\GitHub\e-Posyandu\system\CodeIgniter.php(832): App\Controllers\Admin->Jadwal()
#1 C:\Users\E-RM7\Documents\GitHub\e-Posyandu\system\CodeIgniter.php(419): CodeIgniter\CodeIgniter->runController(Object(App\Controllers\Admin))
#2 C:\Users\E-RM7\Documents\GitHub\e-Posyandu\system\CodeIgniter.php(326): CodeIgniter\CodeIgniter->handleRequest(NULL, Object(Config\Cache), false)
#3 C:\Users\E-RM7\Documents\GitHub\e-Posyandu\public\index.php(37): CodeIgniter\CodeIgniter->run()
#4 C:\Users\E-RM7\Documents\GitHub\e-Posyandu\system\Commands\Server\rewrite.php(43): require_once('C:\\Users\\E-RM7\\...')
#5 {main}
CRITICAL - 2024-09-24 14:14:59 --> Invalid file: Admin/jadawal/tambah.php
#0 C:\Users\E-RM7\Documents\GitHub\e-Posyandu\system\View\View.php(198): CodeIgniter\Exceptions\FrameworkException::forInvalidFile('Admin/jadawal/t...')
#1 C:\Users\E-RM7\Documents\GitHub\e-Posyandu\system\Common.php(1089): CodeIgniter\View\View->render('Admin/jadawal/t...', Array, true)
#2 C:\Users\E-RM7\Documents\GitHub\e-Posyandu\app\Controllers\Admin.php(2426): view('Admin/jadawal/t...')
#3 C:\Users\E-RM7\Documents\GitHub\e-Posyandu\system\CodeIgniter.php(832): App\Controllers\Admin->tambahJadwalPosyandu()
#4 C:\Users\E-RM7\Documents\GitHub\e-Posyandu\system\CodeIgniter.php(419): CodeIgniter\CodeIgniter->runController(Object(App\Controllers\Admin))
#5 C:\Users\E-RM7\Documents\GitHub\e-Posyandu\system\CodeIgniter.php(326): CodeIgniter\CodeIgniter->handleRequest(NULL, Object(Config\Cache), false)
#6 C:\Users\E-RM7\Documents\GitHub\e-Posyandu\public\index.php(37): CodeIgniter\CodeIgniter->run()
#7 C:\Users\E-RM7\Documents\GitHub\e-Posyandu\system\Commands\Server\rewrite.php(43): require_once('C:\\Users\\E-RM7\\...')
#8 {main}
CRITICAL - 2024-09-24 14:15:12 --> Undefined variable $title
#0 C:\Users\E-RM7\Documents\GitHub\e-Posyandu\app\Views\Admin\Templates\Index.php(12): CodeIgniter\Debug\Exceptions->errorHandler(2, 'Undefined varia...', 'C:\\Users\\E-RM7\\...', 12)
#1 C:\Users\E-RM7\Documents\GitHub\e-Posyandu\system\View\View.php(210): include('C:\\Users\\E-RM7\\...')
#2 C:\Users\E-RM7\Documents\GitHub\e-Posyandu\system\View\View.php(213): CodeIgniter\View\View->CodeIgniter\View\{closure}()
#3 C:\Users\E-RM7\Documents\GitHub\e-Posyandu\system\View\View.php(226): CodeIgniter\View\View->render('Admin/Templates...', Array, true)
#4 C:\Users\E-RM7\Documents\GitHub\e-Posyandu\system\Common.php(1089): CodeIgniter\View\View->render('Admin/jadwal/ta...', Array, true)
#5 C:\Users\E-RM7\Documents\GitHub\e-Posyandu\app\Controllers\Admin.php(2426): view('Admin/jadwal/ta...')
#6 C:\Users\E-RM7\Documents\GitHub\e-Posyandu\system\CodeIgniter.php(832): App\Controllers\Admin->tambahJadwalPosyandu()
#7 C:\Users\E-RM7\Documents\GitHub\e-Posyandu\system\CodeIgniter.php(419): CodeIgniter\CodeIgniter->runController(Object(App\Controllers\Admin))
#8 C:\Users\E-RM7\Documents\GitHub\e-Posyandu\system\CodeIgniter.php(326): CodeIgniter\CodeIgniter->handleRequest(NULL, Object(Config\Cache), false)
#9 C:\Users\E-RM7\Documents\GitHub\e-Posyandu\public\index.php(37): CodeIgniter\CodeIgniter->run()
#10 C:\Users\E-RM7\Documents\GitHub\e-Posyandu\system\Commands\Server\rewrite.php(43): require_once('C:\\Users\\E-RM7\\...')
#11 {main}
CRITICAL - 2024-09-24 14:16:09 --> Undefined variable $validation
#0 C:\Users\E-RM7\Documents\GitHub\e-Posyandu\app\Views\Admin\Jadwal\Tambah.php(39): CodeIgniter\Debug\Exceptions->errorHandler(2, 'Undefined varia...', 'C:\\Users\\E-RM7\\...', 39)
#1 C:\Users\E-RM7\Documents\GitHub\e-Posyandu\system\View\View.php(210): include('C:\\Users\\E-RM7\\...')
#2 C:\Users\E-RM7\Documents\GitHub\e-Posyandu\system\View\View.php(213): CodeIgniter\View\View->CodeIgniter\View\{closure}()
#3 C:\Users\E-RM7\Documents\GitHub\e-Posyandu\system\Common.php(1089): CodeIgniter\View\View->render('Admin/jadwal/ta...', Array, true)
#4 C:\Users\E-RM7\Documents\GitHub\e-Posyandu\app\Controllers\Admin.php(2429): view('Admin/jadwal/ta...', Array)
#5 C:\Users\E-RM7\Documents\GitHub\e-Posyandu\system\CodeIgniter.php(832): App\Controllers\Admin->tambahJadwalPosyandu()
#6 C:\Users\E-RM7\Documents\GitHub\e-Posyandu\system\CodeIgniter.php(419): CodeIgniter\CodeIgniter->runController(Object(App\Controllers\Admin))
#7 C:\Users\E-RM7\Documents\GitHub\e-Posyandu\system\CodeIgniter.php(326): CodeIgniter\CodeIgniter->handleRequest(NULL, Object(Config\Cache), false)
#8 C:\Users\E-RM7\Documents\GitHub\e-Posyandu\public\index.php(37): CodeIgniter\CodeIgniter->run()
#9 C:\Users\E-RM7\Documents\GitHub\e-Posyandu\system\Commands\Server\rewrite.php(43): require_once('C:\\Users\\E-RM7\\...')
#10 {main}
CRITICAL - 2024-09-24 14:16:38 --> Undefined variable $users
#0 C:\Users\E-RM7\Documents\GitHub\e-Posyandu\app\Views\Admin\Jadwal\Tambah.php(66): CodeIgniter\Debug\Exceptions->errorHandler(2, 'Undefined varia...', 'C:\\Users\\E-RM7\\...', 66)
#1 C:\Users\E-RM7\Documents\GitHub\e-Posyandu\system\View\View.php(210): include('C:\\Users\\E-RM7\\...')
#2 C:\Users\E-RM7\Documents\GitHub\e-Posyandu\system\View\View.php(213): CodeIgniter\View\View->CodeIgniter\View\{closure}()
#3 C:\Users\E-RM7\Documents\GitHub\e-Posyandu\system\Common.php(1089): CodeIgniter\View\View->render('Admin/jadwal/ta...', Array, true)
#4 C:\Users\E-RM7\Documents\GitHub\e-Posyandu\app\Controllers\Admin.php(2429): view('Admin/jadwal/ta...', Array)
#5 C:\Users\E-RM7\Documents\GitHub\e-Posyandu\system\CodeIgniter.php(832): App\Controllers\Admin->tambahJadwalPosyandu()
#6 C:\Users\E-RM7\Documents\GitHub\e-Posyandu\system\CodeIgniter.php(419): CodeIgniter\CodeIgniter->runController(Object(App\Controllers\Admin))
#7 C:\Users\E-RM7\Documents\GitHub\e-Posyandu\system\CodeIgniter.php(326): CodeIgniter\CodeIgniter->handleRequest(NULL, Object(Config\Cache), false)
#8 C:\Users\E-RM7\Documents\GitHub\e-Posyandu\public\index.php(37): CodeIgniter\CodeIgniter->run()
#9 C:\Users\E-RM7\Documents\GitHub\e-Posyandu\system\Commands\Server\rewrite.php(43): require_once('C:\\Users\\E-RM7\\...')
#10 {main}
CRITICAL - 2024-09-24 14:18:06 --> Undefined property: App\Controllers\Admin::$jadwalPosyanduModel
#0 C:\Users\E-RM7\Documents\GitHub\e-Posyandu\app\Controllers\Admin.php(2451): CodeIgniter\Debug\Exceptions->errorHandler(2, 'Undefined prope...', 'C:\\Users\\E-RM7\\...', 2451)
#1 C:\Users\E-RM7\Documents\GitHub\e-Posyandu\system\CodeIgniter.php(832): App\Controllers\Admin->simpanJadwalPosyandu()
#2 C:\Users\E-RM7\Documents\GitHub\e-Posyandu\system\CodeIgniter.php(419): CodeIgniter\CodeIgniter->runController(Object(App\Controllers\Admin))
#3 C:\Users\E-RM7\Documents\GitHub\e-Posyandu\system\CodeIgniter.php(326): CodeIgniter\CodeIgniter->handleRequest(NULL, Object(Config\Cache), false)
#4 C:\Users\E-RM7\Documents\GitHub\e-Posyandu\public\index.php(37): CodeIgniter\CodeIgniter->run()
#5 C:\Users\E-RM7\Documents\GitHub\e-Posyandu\system\Commands\Server\rewrite.php(43): require_once('C:\\Users\\E-RM7\\...')
#6 {main}
CRITICAL - 2024-09-24 16:47:12 -->  route cannot be found while reverse-routing.
#0 C:\Users\ganda\Documents\GitHub\e-Posyandu\system\HTTP\RedirectResponse.php(56): CodeIgniter\HTTP\Exceptions\HTTPException::forInvalidRedirectRoute('')
#1 C:\Users\ganda\Documents\GitHub\e-Posyandu\vendor\myth\auth\src\Controllers\AuthController.php(199): CodeIgniter\HTTP\RedirectResponse->route(false)
#2 C:\Users\ganda\Documents\GitHub\e-Posyandu\system\CodeIgniter.php(832): Myth\Auth\Controllers\AuthController->attemptRegister()
#3 C:\Users\ganda\Documents\GitHub\e-Posyandu\system\CodeIgniter.php(419): CodeIgniter\CodeIgniter->runController(Object(Myth\Auth\Controllers\AuthController))
#4 C:\Users\ganda\Documents\GitHub\e-Posyandu\system\CodeIgniter.php(326): CodeIgniter\CodeIgniter->handleRequest(NULL, Object(Config\Cache), false)
#5 C:\Users\ganda\Documents\GitHub\e-Posyandu\public\index.php(37): CodeIgniter\CodeIgniter->run()
#6 C:\Users\ganda\Documents\GitHub\e-Posyandu\system\Commands\Server\rewrite.php(43): require_once('C:\\Users\\ganda\\...')
#7 {main}
CRITICAL - 2024-09-24 16:52:48 --> Class 'App\Models\UserModel' not found
#0 C:\Users\ganda\Documents\GitHub\e-Posyandu\system\View\View.php(210): include()
#1 C:\Users\ganda\Documents\GitHub\e-Posyandu\system\View\View.php(213): CodeIgniter\View\View->CodeIgniter\View\{closure}()
#2 C:\Users\ganda\Documents\GitHub\e-Posyandu\system\View\View.php(424): CodeIgniter\View\View->render('Admin/Templates...', NULL, true)
#3 C:\Users\ganda\Documents\GitHub\e-Posyandu\app\Views\Admin\Templates\Index.php(45): CodeIgniter\View\View->include('Admin/Templates...')
#4 C:\Users\ganda\Documents\GitHub\e-Posyandu\system\View\View.php(210): include('C:\\Users\\ganda\\...')
#5 C:\Users\ganda\Documents\GitHub\e-Posyandu\system\View\View.php(213): CodeIgniter\View\View->CodeIgniter\View\{closure}()
#6 C:\Users\ganda\Documents\GitHub\e-Posyandu\system\View\View.php(226): CodeIgniter\View\View->render('Admin/Templates...', Array, true)
#7 C:\Users\ganda\Documents\GitHub\e-Posyandu\system\Common.php(1089): CodeIgniter\View\View->render('Admin/User/Inde...', Array, true)
#8 C:\Users\ganda\Documents\GitHub\e-Posyandu\app\Controllers\Admin.php(1775): view('Admin/User/Inde...', Array)
#9 C:\Users\ganda\Documents\GitHub\e-Posyandu\system\CodeIgniter.php(832): App\Controllers\Admin->kelola_user()
#10 C:\Users\ganda\Documents\GitHub\e-Posyandu\system\CodeIgniter.php(419): CodeIgniter\CodeIgniter->runController(Object(App\Controllers\Admin))
#11 C:\Users\ganda\Documents\GitHub\e-Posyandu\system\CodeIgniter.php(326): CodeIgniter\CodeIgniter->handleRequest(NULL, Object(Config\Cache), false)
#12 C:\Users\ganda\Documents\GitHub\e-Posyandu\public\index.php(37): CodeIgniter\CodeIgniter->run()
#13 C:\Users\ganda\Documents\GitHub\e-Posyandu\system\Commands\Server\rewrite.php(43): require_once('C:\\Users\\ganda\\...')
#14 {main}
