ERROR - 2024-02-17 21:28:33 --> Unknown column 'master_barang.master_barang_id' in 'on clause'
CRITICAL - 2024-02-17 21:28:33 --> Unknown column 'master_barang.master_barang_id' in 'on clause'
#0 C:\Users\Alam\Downloads\rev\system\Database\MySQLi\Connection.php(292): mysqli->query('SELECT *\nFROM `...', 0)
#1 C:\Users\Alam\Downloads\rev\system\Database\BaseConnection.php(670): CodeIgniter\Database\MySQLi\Connection->execute('SELECT *\nFROM `...')
#2 C:\Users\Alam\Downloads\rev\system\Database\BaseConnection.php(598): CodeIgniter\Database\BaseConnection->simpleQuery('SELECT *\nFROM `...')
#3 C:\Users\Alam\Downloads\rev\system\Database\BaseBuilder.php(1455): CodeIgniter\Database\BaseConnection->query('SELECT *\nFROM `...', Array, false)
#4 C:\Users\Alam\Downloads\rev\system\Model.php(183): CodeIgniter\Database\BaseBuilder->get()
#5 C:\Users\Alam\Downloads\rev\system\BaseModel.php(584): CodeIgniter\Model->doFindAll(0, 0)
#6 C:\Users\Alam\Downloads\rev\app\Models\tipeBarangModel.php(19): CodeIgniter\BaseModel->findAll()
#7 C:\Users\Alam\Downloads\rev\app\Controllers\Admin.php(442): App\Models\tipeBarangModel->getTipeBarang()
#8 C:\Users\Alam\Downloads\rev\system\CodeIgniter.php(832): App\Controllers\Admin->master_tipe_barang()
#9 C:\Users\Alam\Downloads\rev\system\CodeIgniter.php(419): CodeIgniter\CodeIgniter->runController(Object(App\Controllers\Admin))
#10 C:\Users\Alam\Downloads\rev\system\CodeIgniter.php(326): CodeIgniter\CodeIgniter->handleRequest(NULL, Object(Config\Cache), false)
#11 C:\Users\Alam\Downloads\rev\public\index.php(37): CodeIgniter\CodeIgniter->run()
#12 C:\Users\Alam\Downloads\rev\system\Commands\Server\rewrite.php(43): require_once('C:\\Users\\Alam\\D...')
#13 {main}
CRITICAL - 2024-02-17 21:29:16 --> Undefined variable $master_brg
#0 C:\Users\Alam\Downloads\rev\app\Views\Admin\Tipe_Barang\Index.php(52): CodeIgniter\Debug\Exceptions->errorHandler(2, 'Undefined varia...', 'C:\\Users\\Alam\\D...', 52)
#1 C:\Users\Alam\Downloads\rev\system\View\View.php(210): include('C:\\Users\\Alam\\D...')
#2 C:\Users\Alam\Downloads\rev\system\View\View.php(213): CodeIgniter\View\View->CodeIgniter\View\{closure}()
#3 C:\Users\Alam\Downloads\rev\system\Common.php(1089): CodeIgniter\View\View->render('Admin/Tipe_bara...', Array, true)
#4 C:\Users\Alam\Downloads\rev\app\Controllers\Admin.php(444): view('Admin/Tipe_bara...', Array)
#5 C:\Users\Alam\Downloads\rev\system\CodeIgniter.php(832): App\Controllers\Admin->master_tipe_barang()
#6 C:\Users\Alam\Downloads\rev\system\CodeIgniter.php(419): CodeIgniter\CodeIgniter->runController(Object(App\Controllers\Admin))
#7 C:\Users\Alam\Downloads\rev\system\CodeIgniter.php(326): CodeIgniter\CodeIgniter->handleRequest(NULL, Object(Config\Cache), false)
#8 C:\Users\Alam\Downloads\rev\public\index.php(37): CodeIgniter\CodeIgniter->run()
#9 C:\Users\Alam\Downloads\rev\system\Commands\Server\rewrite.php(43): require_once('C:\\Users\\Alam\\D...')
#10 {main}
CRITICAL - 2024-02-17 22:15:53 --> There is no data to insert.
#0 C:\Users\Alam\Downloads\rev\system\BaseModel.php(718): CodeIgniter\Database\Exceptions\DataException::forEmptyDataset('insert')
#1 C:\Users\Alam\Downloads\rev\system\Model.php(625): CodeIgniter\BaseModel->insert(Array, true)
#2 C:\Users\Alam\Downloads\rev\app\Controllers\Admin.php(463): CodeIgniter\Model->insert(Array)
#3 C:\Users\Alam\Downloads\rev\system\CodeIgniter.php(832): App\Controllers\Admin->simpanTipe()
#4 C:\Users\Alam\Downloads\rev\system\CodeIgniter.php(419): CodeIgniter\CodeIgniter->runController(Object(App\Controllers\Admin))
#5 C:\Users\Alam\Downloads\rev\system\CodeIgniter.php(326): CodeIgniter\CodeIgniter->handleRequest(NULL, Object(Config\Cache), false)
#6 C:\Users\Alam\Downloads\rev\public\index.php(37): CodeIgniter\CodeIgniter->run()
#7 C:\Users\Alam\Downloads\rev\system\Commands\Server\rewrite.php(43): require_once('C:\\Users\\Alam\\D...')
#8 {main}
CRITICAL - 2024-02-17 22:16:43 --> There is no data to insert.
#0 C:\Users\Alam\Downloads\rev\system\BaseModel.php(718): CodeIgniter\Database\Exceptions\DataException::forEmptyDataset('insert')
#1 C:\Users\Alam\Downloads\rev\system\Model.php(625): CodeIgniter\BaseModel->insert(Array, false)
#2 C:\Users\Alam\Downloads\rev\system\BaseModel.php(658): CodeIgniter\Model->insert(Array, false)
#3 C:\Users\Alam\Downloads\rev\app\Controllers\Admin.php(463): CodeIgniter\BaseModel->save(Array)
#4 C:\Users\Alam\Downloads\rev\system\CodeIgniter.php(832): App\Controllers\Admin->simpanTipe()
#5 C:\Users\Alam\Downloads\rev\system\CodeIgniter.php(419): CodeIgniter\CodeIgniter->runController(Object(App\Controllers\Admin))
#6 C:\Users\Alam\Downloads\rev\system\CodeIgniter.php(326): CodeIgniter\CodeIgniter->handleRequest(NULL, Object(Config\Cache), false)
#7 C:\Users\Alam\Downloads\rev\public\index.php(37): CodeIgniter\CodeIgniter->run()
#8 C:\Users\Alam\Downloads\rev\system\Commands\Server\rewrite.php(43): require_once('C:\\Users\\Alam\\D...')
#9 {main}
CRITICAL - 2024-02-17 22:16:47 --> There is no data to insert.
#0 C:\Users\Alam\Downloads\rev\system\BaseModel.php(718): CodeIgniter\Database\Exceptions\DataException::forEmptyDataset('insert')
#1 C:\Users\Alam\Downloads\rev\system\Model.php(625): CodeIgniter\BaseModel->insert(Array, false)
#2 C:\Users\Alam\Downloads\rev\system\BaseModel.php(658): CodeIgniter\Model->insert(Array, false)
#3 C:\Users\Alam\Downloads\rev\app\Controllers\Admin.php(463): CodeIgniter\BaseModel->save(Array)
#4 C:\Users\Alam\Downloads\rev\system\CodeIgniter.php(832): App\Controllers\Admin->simpanTipe()
#5 C:\Users\Alam\Downloads\rev\system\CodeIgniter.php(419): CodeIgniter\CodeIgniter->runController(Object(App\Controllers\Admin))
#6 C:\Users\Alam\Downloads\rev\system\CodeIgniter.php(326): CodeIgniter\CodeIgniter->handleRequest(NULL, Object(Config\Cache), false)
#7 C:\Users\Alam\Downloads\rev\public\index.php(37): CodeIgniter\CodeIgniter->run()
#8 C:\Users\Alam\Downloads\rev\system\Commands\Server\rewrite.php(43): require_once('C:\\Users\\Alam\\D...')
#9 {main}
CRITICAL - 2024-02-17 22:19:50 --> There is no data to insert.
#0 C:\Users\Alam\Downloads\rev\system\BaseModel.php(718): CodeIgniter\Database\Exceptions\DataException::forEmptyDataset('insert')
#1 C:\Users\Alam\Downloads\rev\system\Model.php(625): CodeIgniter\BaseModel->insert(Array, true)
#2 C:\Users\Alam\Downloads\rev\app\Controllers\Admin.php(463): CodeIgniter\Model->insert(Array)
#3 C:\Users\Alam\Downloads\rev\system\CodeIgniter.php(832): App\Controllers\Admin->simpanTipe()
#4 C:\Users\Alam\Downloads\rev\system\CodeIgniter.php(419): CodeIgniter\CodeIgniter->runController(Object(App\Controllers\Admin))
#5 C:\Users\Alam\Downloads\rev\system\CodeIgniter.php(326): CodeIgniter\CodeIgniter->handleRequest(NULL, Object(Config\Cache), false)
#6 C:\Users\Alam\Downloads\rev\public\index.php(37): CodeIgniter\CodeIgniter->run()
#7 C:\Users\Alam\Downloads\rev\system\Commands\Server\rewrite.php(43): require_once('C:\\Users\\Alam\\D...')
#8 {main}
CRITICAL - 2024-02-17 22:20:11 --> There is no data to insert.
#0 C:\Users\Alam\Downloads\rev\system\BaseModel.php(718): CodeIgniter\Database\Exceptions\DataException::forEmptyDataset('insert')
#1 C:\Users\Alam\Downloads\rev\system\Model.php(625): CodeIgniter\BaseModel->insert(Array, true)
#2 C:\Users\Alam\Downloads\rev\app\Controllers\Admin.php(463): CodeIgniter\Model->insert(Array)
#3 C:\Users\Alam\Downloads\rev\system\CodeIgniter.php(832): App\Controllers\Admin->simpanTipe()
#4 C:\Users\Alam\Downloads\rev\system\CodeIgniter.php(419): CodeIgniter\CodeIgniter->runController(Object(App\Controllers\Admin))
#5 C:\Users\Alam\Downloads\rev\system\CodeIgniter.php(326): CodeIgniter\CodeIgniter->handleRequest(NULL, Object(Config\Cache), false)
#6 C:\Users\Alam\Downloads\rev\public\index.php(37): CodeIgniter\CodeIgniter->run()
#7 C:\Users\Alam\Downloads\rev\system\Commands\Server\rewrite.php(43): require_once('C:\\Users\\Alam\\D...')
#8 {main}
CRITICAL - 2024-02-17 22:22:13 --> There is no data to insert.
#0 C:\Users\Alam\Downloads\rev\system\BaseModel.php(718): CodeIgniter\Database\Exceptions\DataException::forEmptyDataset('insert')
#1 C:\Users\Alam\Downloads\rev\system\Model.php(625): CodeIgniter\BaseModel->insert(Array, true)
#2 C:\Users\Alam\Downloads\rev\app\Controllers\Admin.php(463): CodeIgniter\Model->insert(Array)
#3 C:\Users\Alam\Downloads\rev\system\CodeIgniter.php(832): App\Controllers\Admin->simpanTipe()
#4 C:\Users\Alam\Downloads\rev\system\CodeIgniter.php(419): CodeIgniter\CodeIgniter->runController(Object(App\Controllers\Admin))
#5 C:\Users\Alam\Downloads\rev\system\CodeIgniter.php(326): CodeIgniter\CodeIgniter->handleRequest(NULL, Object(Config\Cache), false)
#6 C:\Users\Alam\Downloads\rev\public\index.php(37): CodeIgniter\CodeIgniter->run()
#7 C:\Users\Alam\Downloads\rev\system\Commands\Server\rewrite.php(43): require_once('C:\\Users\\Alam\\D...')
#8 {main}
CRITICAL - 2024-02-17 22:23:22 --> There is no data to insert.
#0 C:\Users\Alam\Downloads\rev\system\BaseModel.php(718): CodeIgniter\Database\Exceptions\DataException::forEmptyDataset('insert')
#1 C:\Users\Alam\Downloads\rev\system\Model.php(625): CodeIgniter\BaseModel->insert(Array, false)
#2 C:\Users\Alam\Downloads\rev\system\BaseModel.php(658): CodeIgniter\Model->insert(Array, false)
#3 C:\Users\Alam\Downloads\rev\app\Controllers\Admin.php(463): CodeIgniter\BaseModel->save(Array)
#4 C:\Users\Alam\Downloads\rev\system\CodeIgniter.php(832): App\Controllers\Admin->simpanTipe()
#5 C:\Users\Alam\Downloads\rev\system\CodeIgniter.php(419): CodeIgniter\CodeIgniter->runController(Object(App\Controllers\Admin))
#6 C:\Users\Alam\Downloads\rev\system\CodeIgniter.php(326): CodeIgniter\CodeIgniter->handleRequest(NULL, Object(Config\Cache), false)
#7 C:\Users\Alam\Downloads\rev\public\index.php(37): CodeIgniter\CodeIgniter->run()
#8 C:\Users\Alam\Downloads\rev\system\Commands\Server\rewrite.php(43): require_once('C:\\Users\\Alam\\D...')
#9 {main}
CRITICAL - 2024-02-17 22:23:54 --> There is no data to insert.
#0 C:\Users\Alam\Downloads\rev\system\BaseModel.php(718): CodeIgniter\Database\Exceptions\DataException::forEmptyDataset('insert')
#1 C:\Users\Alam\Downloads\rev\system\Model.php(625): CodeIgniter\BaseModel->insert(Array, true)
#2 C:\Users\Alam\Downloads\rev\app\Models\tipeBarangModel.php(29): CodeIgniter\Model->insert(Array)
#3 C:\Users\Alam\Downloads\rev\app\Controllers\Admin.php(463): App\Models\tipeBarangModel->simpanTipe(Array)
#4 C:\Users\Alam\Downloads\rev\system\CodeIgniter.php(832): App\Controllers\Admin->simpanTipe()
#5 C:\Users\Alam\Downloads\rev\system\CodeIgniter.php(419): CodeIgniter\CodeIgniter->runController(Object(App\Controllers\Admin))
#6 C:\Users\Alam\Downloads\rev\system\CodeIgniter.php(326): CodeIgniter\CodeIgniter->handleRequest(NULL, Object(Config\Cache), false)
#7 C:\Users\Alam\Downloads\rev\public\index.php(37): CodeIgniter\CodeIgniter->run()
#8 C:\Users\Alam\Downloads\rev\system\Commands\Server\rewrite.php(43): require_once('C:\\Users\\Alam\\D...')
#9 {main}
CRITICAL - 2024-02-17 22:25:06 --> Undefined array key "detail_master_barang"
#0 C:\Users\Alam\Downloads\rev\app\Views\Admin\Tipe_Barang\Index.php(62): CodeIgniter\Debug\Exceptions->errorHandler(2, 'Undefined array...', 'C:\\Users\\Alam\\D...', 62)
#1 C:\Users\Alam\Downloads\rev\system\View\View.php(210): include('C:\\Users\\Alam\\D...')
#2 C:\Users\Alam\Downloads\rev\system\View\View.php(213): CodeIgniter\View\View->CodeIgniter\View\{closure}()
#3 C:\Users\Alam\Downloads\rev\system\Common.php(1089): CodeIgniter\View\View->render('Admin/Tipe_bara...', Array, true)
#4 C:\Users\Alam\Downloads\rev\app\Controllers\Admin.php(444): view('Admin/Tipe_bara...', Array)
#5 C:\Users\Alam\Downloads\rev\system\CodeIgniter.php(832): App\Controllers\Admin->master_tipe_barang()
#6 C:\Users\Alam\Downloads\rev\system\CodeIgniter.php(419): CodeIgniter\CodeIgniter->runController(Object(App\Controllers\Admin))
#7 C:\Users\Alam\Downloads\rev\system\CodeIgniter.php(326): CodeIgniter\CodeIgniter->handleRequest(NULL, Object(Config\Cache), false)
#8 C:\Users\Alam\Downloads\rev\public\index.php(37): CodeIgniter\CodeIgniter->run()
#9 C:\Users\Alam\Downloads\rev\system\Commands\Server\rewrite.php(43): require_once('C:\\Users\\Alam\\D...')
#10 {main}
CRITICAL - 2024-02-17 22:27:07 --> Undefined array key "nama_barang"
#0 C:\Users\Alam\Downloads\rev\app\Views\Admin\Tipe_Barang\Index.php(59): CodeIgniter\Debug\Exceptions->errorHandler(2, 'Undefined array...', 'C:\\Users\\Alam\\D...', 59)
#1 C:\Users\Alam\Downloads\rev\system\View\View.php(210): include('C:\\Users\\Alam\\D...')
#2 C:\Users\Alam\Downloads\rev\system\View\View.php(213): CodeIgniter\View\View->CodeIgniter\View\{closure}()
#3 C:\Users\Alam\Downloads\rev\system\Common.php(1089): CodeIgniter\View\View->render('Admin/Tipe_bara...', Array, true)
#4 C:\Users\Alam\Downloads\rev\app\Controllers\Admin.php(444): view('Admin/Tipe_bara...', Array)
#5 C:\Users\Alam\Downloads\rev\system\CodeIgniter.php(832): App\Controllers\Admin->master_tipe_barang()
#6 C:\Users\Alam\Downloads\rev\system\CodeIgniter.php(419): CodeIgniter\CodeIgniter->runController(Object(App\Controllers\Admin))
#7 C:\Users\Alam\Downloads\rev\system\CodeIgniter.php(326): CodeIgniter\CodeIgniter->handleRequest(NULL, Object(Config\Cache), false)
#8 C:\Users\Alam\Downloads\rev\public\index.php(37): CodeIgniter\CodeIgniter->run()
#9 C:\Users\Alam\Downloads\rev\system\Commands\Server\rewrite.php(43): require_once('C:\\Users\\Alam\\D...')
#10 {main}
