CRITICAL - 2024-02-07 08:13:37 --> Attempt to read property "fullname" on null
#0 C:\Users\Alam\Downloads\rev\app\Views\Admin\Templates\Topbar.php(27): CodeIgniter\Debug\Exceptions->errorHandler(2, 'Attempt to read...', 'C:\\Users\\Alam\\D...', 27)
#1 C:\Users\Alam\Downloads\rev\system\View\View.php(210): include('C:\\Users\\Alam\\D...')
#2 C:\Users\Alam\Downloads\rev\system\View\View.php(213): CodeIgniter\View\View->CodeIgniter\View\{closure}()
#3 C:\Users\Alam\Downloads\rev\system\View\View.php(424): CodeIgniter\View\View->render('Admin/Templates...', NULL, true)
#4 C:\Users\Alam\Downloads\rev\app\Views\Admin\Templates\Index.php(55): CodeIgniter\View\View->include('Admin/Templates...')
#5 C:\Users\Alam\Downloads\rev\system\View\View.php(210): include('C:\\Users\\Alam\\D...')
#6 C:\Users\Alam\Downloads\rev\system\View\View.php(213): CodeIgniter\View\View->CodeIgniter\View\{closure}()
#7 C:\Users\Alam\Downloads\rev\system\View\View.php(226): CodeIgniter\View\View->render('Admin/Templates...', Array, true)
#8 C:\Users\Alam\Downloads\rev\system\Common.php(1089): CodeIgniter\View\View->render('Admin/Inventari...', Array, true)
#9 C:\Users\Alam\Downloads\rev\app\Controllers\Admin.php(862): view('Admin/Inventari...', Array)
#10 C:\Users\Alam\Downloads\rev\system\CodeIgniter.php(832): App\Controllers\Admin->ubah('KD-202402061112...')
#11 C:\Users\Alam\Downloads\rev\system\CodeIgniter.php(419): CodeIgniter\CodeIgniter->runController(Object(App\Controllers\Admin))
#12 C:\Users\Alam\Downloads\rev\system\CodeIgniter.php(326): CodeIgniter\CodeIgniter->handleRequest(NULL, Object(Config\Cache), false)
#13 C:\Users\Alam\Downloads\rev\public\index.php(37): CodeIgniter\CodeIgniter->run()
#14 C:\Users\Alam\Downloads\rev\system\Commands\Server\rewrite.php(43): require_once('C:\\Users\\Alam\\D...')
#15 {main}
CRITICAL - 2024-02-07 17:38:58 --> Attempt to read property "fullname" on null
#0 C:\Users\Alam\Downloads\rev\app\Views\Admin\Templates\Topbar.php(27): CodeIgniter\Debug\Exceptions->errorHandler(2, 'Attempt to read...', 'C:\\Users\\Alam\\D...', 27)
#1 C:\Users\Alam\Downloads\rev\system\View\View.php(210): include('C:\\Users\\Alam\\D...')
#2 C:\Users\Alam\Downloads\rev\system\View\View.php(213): CodeIgniter\View\View->CodeIgniter\View\{closure}()
#3 C:\Users\Alam\Downloads\rev\system\View\View.php(424): CodeIgniter\View\View->render('Admin/Templates...', NULL, true)
#4 C:\Users\Alam\Downloads\rev\app\Views\Admin\Templates\Index.php(55): CodeIgniter\View\View->include('Admin/Templates...')
#5 C:\Users\Alam\Downloads\rev\system\View\View.php(210): include('C:\\Users\\Alam\\D...')
#6 C:\Users\Alam\Downloads\rev\system\View\View.php(213): CodeIgniter\View\View->CodeIgniter\View\{closure}()
#7 C:\Users\Alam\Downloads\rev\system\View\View.php(226): CodeIgniter\View\View->render('Admin/Templates...', Array, true)
#8 C:\Users\Alam\Downloads\rev\system\Common.php(1089): CodeIgniter\View\View->render('Admin/Inventari...', Array, true)
#9 C:\Users\Alam\Downloads\rev\app\Controllers\Admin.php(431): view('Admin/Inventari...', Array)
#10 C:\Users\Alam\Downloads\rev\system\CodeIgniter.php(832): App\Controllers\Admin->adm_inventaris()
#11 C:\Users\Alam\Downloads\rev\system\CodeIgniter.php(419): CodeIgniter\CodeIgniter->runController(Object(App\Controllers\Admin))
#12 C:\Users\Alam\Downloads\rev\system\CodeIgniter.php(326): CodeIgniter\CodeIgniter->handleRequest(NULL, Object(Config\Cache), false)
#13 C:\Users\Alam\Downloads\rev\public\index.php(37): CodeIgniter\CodeIgniter->run()
#14 C:\Users\Alam\Downloads\rev\system\Commands\Server\rewrite.php(43): require_once('C:\\Users\\Alam\\D...')
#15 {main}
ERROR - 2024-02-07 17:39:27 --> Unknown column 'pengecekan.id_master_barang' in 'on clause'
CRITICAL - 2024-02-07 17:39:27 --> Unknown column 'pengecekan.id_master_barang' in 'on clause'
#0 C:\Users\Alam\Downloads\rev\system\Database\MySQLi\Connection.php(292): mysqli->query('SELECT *\nFROM `...', 0)
#1 C:\Users\Alam\Downloads\rev\system\Database\BaseConnection.php(670): CodeIgniter\Database\MySQLi\Connection->execute('SELECT *\nFROM `...')
#2 C:\Users\Alam\Downloads\rev\system\Database\BaseConnection.php(598): CodeIgniter\Database\BaseConnection->simpleQuery('SELECT *\nFROM `...')
#3 C:\Users\Alam\Downloads\rev\system\Database\BaseBuilder.php(1455): CodeIgniter\Database\BaseConnection->query('SELECT *\nFROM `...', Array, false)
#4 C:\Users\Alam\Downloads\rev\system\Model.php(183): CodeIgniter\Database\BaseBuilder->get()
#5 C:\Users\Alam\Downloads\rev\system\BaseModel.php(584): CodeIgniter\Model->doFindAll(0, 0)
#6 C:\Users\Alam\Downloads\rev\app\Models\pengecekanModel.php(21): CodeIgniter\BaseModel->findAll()
#7 C:\Users\Alam\Downloads\rev\app\Controllers\Admin.php(2531): App\Models\pengecekanModel->getPengecekan()
#8 C:\Users\Alam\Downloads\rev\system\CodeIgniter.php(832): App\Controllers\Admin->Pengecekan()
#9 C:\Users\Alam\Downloads\rev\system\CodeIgniter.php(419): CodeIgniter\CodeIgniter->runController(Object(App\Controllers\Admin))
#10 C:\Users\Alam\Downloads\rev\system\CodeIgniter.php(326): CodeIgniter\CodeIgniter->handleRequest(NULL, Object(Config\Cache), false)
#11 C:\Users\Alam\Downloads\rev\public\index.php(37): CodeIgniter\CodeIgniter->run()
#12 C:\Users\Alam\Downloads\rev\system\Commands\Server\rewrite.php(43): require_once('C:\\Users\\Alam\\D...')
#13 {main}
ERROR - 2024-02-07 20:37:02 --> Error connecting to the database: No connection could be made because the target machine actively refused it
CRITICAL - 2024-02-07 20:37:02 --> Unable to connect to the database.
Main connection [MySQLi]: No connection could be made because the target machine actively refused it
#0 C:\Users\Alam\Downloads\rev\system\Database\BaseConnection.php(577): CodeIgniter\Database\BaseConnection->initialize()
#1 C:\Users\Alam\Downloads\rev\system\Database\BaseBuilder.php(1455): CodeIgniter\Database\BaseConnection->query('SELECT *\nFROM `...', Array, false)
#2 C:\Users\Alam\Downloads\rev\system\Model.php(210): CodeIgniter\Database\BaseBuilder->get()
#3 C:\Users\Alam\Downloads\rev\system\BaseModel.php(622): CodeIgniter\Model->doFirst()
#4 C:\Users\Alam\Downloads\rev\vendor\myth\auth\src\Authentication\LocalAuthenticator.php(140): CodeIgniter\BaseModel->first()
#5 C:\Users\Alam\Downloads\rev\vendor\myth\auth\src\Authentication\LocalAuthenticator.php(19): Myth\Auth\Authentication\LocalAuthenticator->validate(Array, true)
#6 C:\Users\Alam\Downloads\rev\vendor\myth\auth\src\Controllers\AuthController.php(87): Myth\Auth\Authentication\LocalAuthenticator->attempt(Array, false)
#7 C:\Users\Alam\Downloads\rev\system\CodeIgniter.php(832): Myth\Auth\Controllers\AuthController->attemptLogin()
#8 C:\Users\Alam\Downloads\rev\system\CodeIgniter.php(419): CodeIgniter\CodeIgniter->runController(Object(Myth\Auth\Controllers\AuthController))
#9 C:\Users\Alam\Downloads\rev\system\CodeIgniter.php(326): CodeIgniter\CodeIgniter->handleRequest(NULL, Object(Config\Cache), false)
#10 C:\Users\Alam\Downloads\rev\public\index.php(37): CodeIgniter\CodeIgniter->run()
#11 C:\Users\Alam\Downloads\rev\system\Commands\Server\rewrite.php(43): require_once('C:\\Users\\Alam\\D...')
#12 {main}
ERROR - 2024-02-07 21:09:10 --> Operand should contain 1 column(s)
CRITICAL - 2024-02-07 21:09:10 --> Operand should contain 1 column(s)
#0 C:\Users\Alam\Downloads\rev\system\Database\MySQLi\Connection.php(292): mysqli->query('INSERT INTO `pe...', 0)
#1 C:\Users\Alam\Downloads\rev\system\Database\BaseConnection.php(670): CodeIgniter\Database\MySQLi\Connection->execute('INSERT INTO `pe...')
#2 C:\Users\Alam\Downloads\rev\system\Database\BaseConnection.php(598): CodeIgniter\Database\BaseConnection->simpleQuery('INSERT INTO `pe...')
#3 C:\Users\Alam\Downloads\rev\system\Database\BaseBuilder.php(1771): CodeIgniter\Database\BaseConnection->query('INSERT INTO `pe...', Array, false)
#4 C:\Users\Alam\Downloads\rev\system\Model.php(239): CodeIgniter\Database\BaseBuilder->insert()
#5 C:\Users\Alam\Downloads\rev\system\BaseModel.php(738): CodeIgniter\Model->doInsert(Array)
#6 C:\Users\Alam\Downloads\rev\system\Model.php(625): CodeIgniter\BaseModel->insert(Array, true)
#7 C:\Users\Alam\Downloads\rev\app\Controllers\Admin.php(1826): CodeIgniter\Model->insert(Array)
#8 C:\Users\Alam\Downloads\rev\system\CodeIgniter.php(832): App\Controllers\Admin->simpanPengadaan()
#9 C:\Users\Alam\Downloads\rev\system\CodeIgniter.php(419): CodeIgniter\CodeIgniter->runController(Object(App\Controllers\Admin))
#10 C:\Users\Alam\Downloads\rev\system\CodeIgniter.php(326): CodeIgniter\CodeIgniter->handleRequest(NULL, Object(Config\Cache), false)
#11 C:\Users\Alam\Downloads\rev\public\index.php(37): CodeIgniter\CodeIgniter->run()
#12 C:\Users\Alam\Downloads\rev\system\Commands\Server\rewrite.php(43): require_once('C:\\Users\\Alam\\D...')
#13 {main}
CRITICAL - 2024-02-07 21:15:05 --> Undefined variable $dataPengadaan
#0 C:\Users\Alam\Downloads\rev\app\Controllers\Admin.php(1832): CodeIgniter\Debug\Exceptions->errorHandler(2, 'Undefined varia...', 'C:\\Users\\Alam\\D...', 1832)
#1 C:\Users\Alam\Downloads\rev\system\CodeIgniter.php(832): App\Controllers\Admin->simpanPengadaan()
#2 C:\Users\Alam\Downloads\rev\system\CodeIgniter.php(419): CodeIgniter\CodeIgniter->runController(Object(App\Controllers\Admin))
#3 C:\Users\Alam\Downloads\rev\system\CodeIgniter.php(326): CodeIgniter\CodeIgniter->handleRequest(NULL, Object(Config\Cache), false)
#4 C:\Users\Alam\Downloads\rev\public\index.php(37): CodeIgniter\CodeIgniter->run()
#5 C:\Users\Alam\Downloads\rev\system\Commands\Server\rewrite.php(43): require_once('C:\\Users\\Alam\\D...')
#6 {main}
ERROR - 2024-02-07 21:30:43 --> Unknown column 'kode_barang' in 'where clause'
CRITICAL - 2024-02-07 21:30:43 --> Unknown column 'kode_barang' in 'where clause'
#0 C:\Users\Alam\Downloads\rev\system\Database\MySQLi\Connection.php(292): mysqli->query('SELECT *\nFROM `...', 0)
#1 C:\Users\Alam\Downloads\rev\system\Database\BaseConnection.php(670): CodeIgniter\Database\MySQLi\Connection->execute('SELECT *\nFROM `...')
#2 C:\Users\Alam\Downloads\rev\system\Database\BaseConnection.php(598): CodeIgniter\Database\BaseConnection->simpleQuery('SELECT *\nFROM `...')
#3 C:\Users\Alam\Downloads\rev\system\Database\BaseBuilder.php(1455): CodeIgniter\Database\BaseConnection->query('SELECT *\nFROM `...', Array, false)
#4 C:\Users\Alam\Downloads\rev\system\Model.php(210): CodeIgniter\Database\BaseBuilder->get()
#5 C:\Users\Alam\Downloads\rev\system\BaseModel.php(622): CodeIgniter\Model->doFirst()
#6 C:\Users\Alam\Downloads\rev\app\Views\Admin\Inventaris\Index.php(74): CodeIgniter\BaseModel->first()
#7 C:\Users\Alam\Downloads\rev\system\View\View.php(210): include('C:\\Users\\Alam\\D...')
#8 C:\Users\Alam\Downloads\rev\system\View\View.php(213): CodeIgniter\View\View->CodeIgniter\View\{closure}()
#9 C:\Users\Alam\Downloads\rev\system\Common.php(1089): CodeIgniter\View\View->render('Admin/Inventari...', Array, true)
#10 C:\Users\Alam\Downloads\rev\app\Controllers\Admin.php(432): view('Admin/Inventari...', Array)
#11 C:\Users\Alam\Downloads\rev\system\CodeIgniter.php(832): App\Controllers\Admin->adm_inventaris()
#12 C:\Users\Alam\Downloads\rev\system\CodeIgniter.php(419): CodeIgniter\CodeIgniter->runController(Object(App\Controllers\Admin))
#13 C:\Users\Alam\Downloads\rev\system\CodeIgniter.php(326): CodeIgniter\CodeIgniter->handleRequest(NULL, Object(Config\Cache), false)
#14 C:\Users\Alam\Downloads\rev\public\index.php(37): CodeIgniter\CodeIgniter->run()
#15 C:\Users\Alam\Downloads\rev\system\Commands\Server\rewrite.php(43): require_once('C:\\Users\\Alam\\D...')
#16 {main}
ERROR - 2024-02-07 21:31:25 --> Unknown column 'id_pengecekan' in 'order clause'
CRITICAL - 2024-02-07 21:31:25 --> Unknown column 'id_pengecekan' in 'order clause'
#0 C:\Users\Alam\Downloads\rev\system\Database\MySQLi\Connection.php(292): mysqli->query('SELECT *\nFROM `...', 0)
#1 C:\Users\Alam\Downloads\rev\system\Database\BaseConnection.php(670): CodeIgniter\Database\MySQLi\Connection->execute('SELECT *\nFROM `...')
#2 C:\Users\Alam\Downloads\rev\system\Database\BaseConnection.php(598): CodeIgniter\Database\BaseConnection->simpleQuery('SELECT *\nFROM `...')
#3 C:\Users\Alam\Downloads\rev\system\Database\BaseBuilder.php(1455): CodeIgniter\Database\BaseConnection->query('SELECT *\nFROM `...', Array, false)
#4 C:\Users\Alam\Downloads\rev\system\Model.php(210): CodeIgniter\Database\BaseBuilder->get()
#5 C:\Users\Alam\Downloads\rev\system\BaseModel.php(622): CodeIgniter\Model->doFirst()
#6 C:\Users\Alam\Downloads\rev\app\Views\Admin\Inventaris\Index.php(74): CodeIgniter\BaseModel->first()
#7 C:\Users\Alam\Downloads\rev\system\View\View.php(210): include('C:\\Users\\Alam\\D...')
#8 C:\Users\Alam\Downloads\rev\system\View\View.php(213): CodeIgniter\View\View->CodeIgniter\View\{closure}()
#9 C:\Users\Alam\Downloads\rev\system\Common.php(1089): CodeIgniter\View\View->render('Admin/Inventari...', Array, true)
#10 C:\Users\Alam\Downloads\rev\app\Controllers\Admin.php(432): view('Admin/Inventari...', Array)
#11 C:\Users\Alam\Downloads\rev\system\CodeIgniter.php(832): App\Controllers\Admin->adm_inventaris()
#12 C:\Users\Alam\Downloads\rev\system\CodeIgniter.php(419): CodeIgniter\CodeIgniter->runController(Object(App\Controllers\Admin))
#13 C:\Users\Alam\Downloads\rev\system\CodeIgniter.php(326): CodeIgniter\CodeIgniter->handleRequest(NULL, Object(Config\Cache), false)
#14 C:\Users\Alam\Downloads\rev\public\index.php(37): CodeIgniter\CodeIgniter->run()
#15 C:\Users\Alam\Downloads\rev\system\Commands\Server\rewrite.php(43): require_once('C:\\Users\\Alam\\D...')
#16 {main}
CRITICAL - 2024-02-07 21:41:39 --> Undefined array key "tgl_pengecekan"
#0 C:\Users\Alam\Downloads\rev\app\Views\Admin\Inventaris\Index.php(112): CodeIgniter\Debug\Exceptions->errorHandler(2, 'Undefined array...', 'C:\\Users\\Alam\\D...', 112)
#1 C:\Users\Alam\Downloads\rev\system\View\View.php(210): include('C:\\Users\\Alam\\D...')
#2 C:\Users\Alam\Downloads\rev\system\View\View.php(213): CodeIgniter\View\View->CodeIgniter\View\{closure}()
#3 C:\Users\Alam\Downloads\rev\system\Common.php(1089): CodeIgniter\View\View->render('Admin/Inventari...', Array, true)
#4 C:\Users\Alam\Downloads\rev\app\Controllers\Admin.php(432): view('Admin/Inventari...', Array)
#5 C:\Users\Alam\Downloads\rev\system\CodeIgniter.php(832): App\Controllers\Admin->adm_inventaris()
#6 C:\Users\Alam\Downloads\rev\system\CodeIgniter.php(419): CodeIgniter\CodeIgniter->runController(Object(App\Controllers\Admin))
#7 C:\Users\Alam\Downloads\rev\system\CodeIgniter.php(326): CodeIgniter\CodeIgniter->handleRequest(NULL, Object(Config\Cache), false)
#8 C:\Users\Alam\Downloads\rev\public\index.php(37): CodeIgniter\CodeIgniter->run()
#9 C:\Users\Alam\Downloads\rev\system\Commands\Server\rewrite.php(43): require_once('C:\\Users\\Alam\\D...')
#10 {main}
CRITICAL - 2024-02-07 21:57:14 --> Undefined variable $validation
#0 C:\Users\Alam\Downloads\rev\app\Views\Admin\Pengecekan\Index.php(37): CodeIgniter\Debug\Exceptions->errorHandler(2, 'Undefined varia...', 'C:\\Users\\Alam\\D...', 37)
#1 C:\Users\Alam\Downloads\rev\system\View\View.php(210): include('C:\\Users\\Alam\\D...')
#2 C:\Users\Alam\Downloads\rev\system\View\View.php(213): CodeIgniter\View\View->CodeIgniter\View\{closure}()
#3 C:\Users\Alam\Downloads\rev\system\Common.php(1089): CodeIgniter\View\View->render('Admin/Pengeceka...', Array, true)
#4 C:\Users\Alam\Downloads\rev\app\Controllers\Admin.php(2556): view('Admin/Pengeceka...', Array)
#5 C:\Users\Alam\Downloads\rev\system\CodeIgniter.php(832): App\Controllers\Admin->pengecekan('KD-202402061112...')
#6 C:\Users\Alam\Downloads\rev\system\CodeIgniter.php(419): CodeIgniter\CodeIgniter->runController(Object(App\Controllers\Admin))
#7 C:\Users\Alam\Downloads\rev\system\CodeIgniter.php(326): CodeIgniter\CodeIgniter->handleRequest(NULL, Object(Config\Cache), false)
#8 C:\Users\Alam\Downloads\rev\public\index.php(37): CodeIgniter\CodeIgniter->run()
#9 C:\Users\Alam\Downloads\rev\system\Commands\Server\rewrite.php(43): require_once('C:\\Users\\Alam\\D...')
#10 {main}
CRITICAL - 2024-02-07 21:58:29 --> Undefined variable $validation
#0 C:\Users\Alam\Downloads\rev\app\Views\Admin\Pengecekan\Index.php(39): CodeIgniter\Debug\Exceptions->errorHandler(2, 'Undefined varia...', 'C:\\Users\\Alam\\D...', 39)
#1 C:\Users\Alam\Downloads\rev\system\View\View.php(210): include('C:\\Users\\Alam\\D...')
#2 C:\Users\Alam\Downloads\rev\system\View\View.php(213): CodeIgniter\View\View->CodeIgniter\View\{closure}()
#3 C:\Users\Alam\Downloads\rev\system\Common.php(1089): CodeIgniter\View\View->render('Admin/Pengeceka...', Array, true)
#4 C:\Users\Alam\Downloads\rev\app\Controllers\Admin.php(2556): view('Admin/Pengeceka...', Array)
#5 C:\Users\Alam\Downloads\rev\system\CodeIgniter.php(832): App\Controllers\Admin->pengecekan('KD-202402061112...')
#6 C:\Users\Alam\Downloads\rev\system\CodeIgniter.php(419): CodeIgniter\CodeIgniter->runController(Object(App\Controllers\Admin))
#7 C:\Users\Alam\Downloads\rev\system\CodeIgniter.php(326): CodeIgniter\CodeIgniter->handleRequest(NULL, Object(Config\Cache), false)
#8 C:\Users\Alam\Downloads\rev\public\index.php(37): CodeIgniter\CodeIgniter->run()
#9 C:\Users\Alam\Downloads\rev\system\Commands\Server\rewrite.php(43): require_once('C:\\Users\\Alam\\D...')
#10 {main}
CRITICAL - 2024-02-07 22:02:49 --> Undefined array key "keterangan"
#0 C:\Users\Alam\Downloads\rev\app\Views\Admin\Pengecekan\Index.php(62): CodeIgniter\Debug\Exceptions->errorHandler(2, 'Undefined array...', 'C:\\Users\\Alam\\D...', 62)
#1 C:\Users\Alam\Downloads\rev\system\View\View.php(210): include('C:\\Users\\Alam\\D...')
#2 C:\Users\Alam\Downloads\rev\system\View\View.php(213): CodeIgniter\View\View->CodeIgniter\View\{closure}()
#3 C:\Users\Alam\Downloads\rev\system\Common.php(1089): CodeIgniter\View\View->render('Admin/Pengeceka...', Array, true)
#4 C:\Users\Alam\Downloads\rev\app\Controllers\Admin.php(2556): view('Admin/Pengeceka...', Array)
#5 C:\Users\Alam\Downloads\rev\system\CodeIgniter.php(832): App\Controllers\Admin->pengecekan('KD-202402061112...')
#6 C:\Users\Alam\Downloads\rev\system\CodeIgniter.php(419): CodeIgniter\CodeIgniter->runController(Object(App\Controllers\Admin))
#7 C:\Users\Alam\Downloads\rev\system\CodeIgniter.php(326): CodeIgniter\CodeIgniter->handleRequest(NULL, Object(Config\Cache), false)
#8 C:\Users\Alam\Downloads\rev\public\index.php(37): CodeIgniter\CodeIgniter->run()
#9 C:\Users\Alam\Downloads\rev\system\Commands\Server\rewrite.php(43): require_once('C:\\Users\\Alam\\D...')
#10 {main}
CRITICAL - 2024-02-07 22:08:37 --> Undefined variable $validation
#0 C:\Users\Alam\Downloads\rev\app\Views\Admin\Pengecekan\Index.php(49): CodeIgniter\Debug\Exceptions->errorHandler(2, 'Undefined varia...', 'C:\\Users\\Alam\\D...', 49)
#1 C:\Users\Alam\Downloads\rev\system\View\View.php(210): include('C:\\Users\\Alam\\D...')
#2 C:\Users\Alam\Downloads\rev\system\View\View.php(213): CodeIgniter\View\View->CodeIgniter\View\{closure}()
#3 C:\Users\Alam\Downloads\rev\system\Common.php(1089): CodeIgniter\View\View->render('Admin/Pengeceka...', Array, true)
#4 C:\Users\Alam\Downloads\rev\app\Controllers\Admin.php(2556): view('Admin/Pengeceka...', Array)
#5 C:\Users\Alam\Downloads\rev\system\CodeIgniter.php(832): App\Controllers\Admin->pengecekan('KD-202402061112...')
#6 C:\Users\Alam\Downloads\rev\system\CodeIgniter.php(419): CodeIgniter\CodeIgniter->runController(Object(App\Controllers\Admin))
#7 C:\Users\Alam\Downloads\rev\system\CodeIgniter.php(326): CodeIgniter\CodeIgniter->handleRequest(NULL, Object(Config\Cache), false)
#8 C:\Users\Alam\Downloads\rev\public\index.php(37): CodeIgniter\CodeIgniter->run()
#9 C:\Users\Alam\Downloads\rev\system\Commands\Server\rewrite.php(43): require_once('C:\\Users\\Alam\\D...')
#10 {main}
CRITICAL - 2024-02-07 22:19:05 --> Undefined array key "lokasi"
#0 C:\Users\Alam\Downloads\rev\app\Controllers\Admin.php(2567): CodeIgniter\Debug\Exceptions->errorHandler(2, 'Undefined array...', 'C:\\Users\\Alam\\D...', 2567)
#1 C:\Users\Alam\Downloads\rev\system\CodeIgniter.php(832): App\Controllers\Admin->simpanPengecekan()
#2 C:\Users\Alam\Downloads\rev\system\CodeIgniter.php(419): CodeIgniter\CodeIgniter->runController(Object(App\Controllers\Admin))
#3 C:\Users\Alam\Downloads\rev\system\CodeIgniter.php(326): CodeIgniter\CodeIgniter->handleRequest(NULL, Object(Config\Cache), false)
#4 C:\Users\Alam\Downloads\rev\public\index.php(37): CodeIgniter\CodeIgniter->run()
#5 C:\Users\Alam\Downloads\rev\system\Commands\Server\rewrite.php(43): require_once('C:\\Users\\Alam\\D...')
#6 {main}
CRITICAL - 2024-02-07 22:21:21 --> Undefined array key "lokasi"
#0 C:\Users\Alam\Downloads\rev\app\Controllers\Admin.php(2569): CodeIgniter\Debug\Exceptions->errorHandler(2, 'Undefined array...', 'C:\\Users\\Alam\\D...', 2569)
#1 C:\Users\Alam\Downloads\rev\system\CodeIgniter.php(832): App\Controllers\Admin->simpanPengecekan()
#2 C:\Users\Alam\Downloads\rev\system\CodeIgniter.php(419): CodeIgniter\CodeIgniter->runController(Object(App\Controllers\Admin))
#3 C:\Users\Alam\Downloads\rev\system\CodeIgniter.php(326): CodeIgniter\CodeIgniter->handleRequest(NULL, Object(Config\Cache), false)
#4 C:\Users\Alam\Downloads\rev\public\index.php(37): CodeIgniter\CodeIgniter->run()
#5 C:\Users\Alam\Downloads\rev\system\Commands\Server\rewrite.php(43): require_once('C:\\Users\\Alam\\D...')
#6 {main}
ERROR - 2024-02-07 22:30:53 --> Cannot add or update a child row: a foreign key constraint fails (`sidang`.`pengecekan`, CONSTRAINT `pengecekan_ibfk_1` FOREIGN KEY (`id_inventaris`) REFERENCES `inventaris` (`kode_barang`))
CRITICAL - 2024-02-07 22:30:53 --> Cannot add or update a child row: a foreign key constraint fails (`sidang`.`pengecekan`, CONSTRAINT `pengecekan_ibfk_1` FOREIGN KEY (`id_inventaris`) REFERENCES `inventaris` (`kode_barang`))
#0 C:\Users\Alam\Downloads\rev\system\Database\MySQLi\Connection.php(292): mysqli->query('INSERT INTO `pe...', 0)
#1 C:\Users\Alam\Downloads\rev\system\Database\BaseConnection.php(670): CodeIgniter\Database\MySQLi\Connection->execute('INSERT INTO `pe...')
#2 C:\Users\Alam\Downloads\rev\system\Database\BaseConnection.php(598): CodeIgniter\Database\BaseConnection->simpleQuery('INSERT INTO `pe...')
#3 C:\Users\Alam\Downloads\rev\system\Database\BaseBuilder.php(1771): CodeIgniter\Database\BaseConnection->query('INSERT INTO `pe...', Array, false)
#4 C:\Users\Alam\Downloads\rev\system\Model.php(239): CodeIgniter\Database\BaseBuilder->insert()
#5 C:\Users\Alam\Downloads\rev\system\BaseModel.php(738): CodeIgniter\Model->doInsert(Array)
#6 C:\Users\Alam\Downloads\rev\system\Model.php(625): CodeIgniter\BaseModel->insert(Array, false)
#7 C:\Users\Alam\Downloads\rev\system\BaseModel.php(658): CodeIgniter\Model->insert(Array, false)
#8 C:\Users\Alam\Downloads\rev\app\Controllers\Admin.php(850): CodeIgniter\BaseModel->save(Array)
#9 C:\Users\Alam\Downloads\rev\system\CodeIgniter.php(832): App\Controllers\Admin->add_data()
#10 C:\Users\Alam\Downloads\rev\system\CodeIgniter.php(419): CodeIgniter\CodeIgniter->runController(Object(App\Controllers\Admin))
#11 C:\Users\Alam\Downloads\rev\system\CodeIgniter.php(326): CodeIgniter\CodeIgniter->handleRequest(NULL, Object(Config\Cache), false)
#12 C:\Users\Alam\Downloads\rev\public\index.php(37): CodeIgniter\CodeIgniter->run()
#13 C:\Users\Alam\Downloads\rev\system\Commands\Server\rewrite.php(43): require_once('C:\\Users\\Alam\\D...')
#14 {main}
CRITICAL - 2024-02-07 22:35:08 --> Undefined variable $pengecekan
#0 C:\Users\Alam\Downloads\rev\app\Views\Admin\Inventaris\Detail_inv.php(77): CodeIgniter\Debug\Exceptions->errorHandler(2, 'Undefined varia...', 'C:\\Users\\Alam\\D...', 77)
#1 C:\Users\Alam\Downloads\rev\system\View\View.php(210): include('C:\\Users\\Alam\\D...')
#2 C:\Users\Alam\Downloads\rev\system\View\View.php(213): CodeIgniter\View\View->CodeIgniter\View\{closure}()
#3 C:\Users\Alam\Downloads\rev\system\Common.php(1089): CodeIgniter\View\View->render('Admin/Inventari...', Array, true)
#4 C:\Users\Alam\Downloads\rev\app\Controllers\Admin.php(1022): view('Admin/Inventari...', Array)
#5 C:\Users\Alam\Downloads\rev\system\CodeIgniter.php(832): App\Controllers\Admin->detail_inv('KD-202402061112...')
#6 C:\Users\Alam\Downloads\rev\system\CodeIgniter.php(419): CodeIgniter\CodeIgniter->runController(Object(App\Controllers\Admin))
#7 C:\Users\Alam\Downloads\rev\system\CodeIgniter.php(326): CodeIgniter\CodeIgniter->handleRequest(NULL, Object(Config\Cache), false)
#8 C:\Users\Alam\Downloads\rev\public\index.php(37): CodeIgniter\CodeIgniter->run()
#9 C:\Users\Alam\Downloads\rev\system\Commands\Server\rewrite.php(43): require_once('C:\\Users\\Alam\\D...')
#10 {main}
