ERROR - 2024-02-11 11:49:55 --> Unknown table 'sidang.detail_pengadan_barang'
CRITICAL - 2024-02-11 11:49:55 --> Unknown table 'sidang.detail_pengadan_barang'
#0 C:\Users\Alam\Downloads\rev\system\Database\MySQLi\Connection.php(292): mysqli->query('SELECT `detail_...', 0)
#1 C:\Users\Alam\Downloads\rev\system\Database\BaseConnection.php(670): CodeIgniter\Database\MySQLi\Connection->execute('SELECT `detail_...')
#2 C:\Users\Alam\Downloads\rev\system\Database\BaseConnection.php(598): CodeIgniter\Database\BaseConnection->simpleQuery('SELECT `detail_...')
#3 C:\Users\Alam\Downloads\rev\system\Database\BaseBuilder.php(1455): CodeIgniter\Database\BaseConnection->query('SELECT `detail_...', Array, false)
#4 C:\Users\Alam\Downloads\rev\system\Model.php(183): CodeIgniter\Database\BaseBuilder->get()
#5 C:\Users\Alam\Downloads\rev\system\BaseModel.php(584): CodeIgniter\Model->doFindAll(0, 0)
#6 C:\Users\Alam\Downloads\rev\app\Controllers\Petugas_pengadaan.php(390): CodeIgniter\BaseModel->findAll()
#7 C:\Users\Alam\Downloads\rev\system\CodeIgniter.php(832): App\Controllers\Petugas_pengadaan->cetakDataPengadaan()
#8 C:\Users\Alam\Downloads\rev\system\CodeIgniter.php(419): CodeIgniter\CodeIgniter->runController(Object(App\Controllers\Petugas_pengadaan))
#9 C:\Users\Alam\Downloads\rev\system\CodeIgniter.php(326): CodeIgniter\CodeIgniter->handleRequest(NULL, Object(Config\Cache), false)
#10 C:\Users\Alam\Downloads\rev\public\index.php(37): CodeIgniter\CodeIgniter->run()
#11 C:\Users\Alam\Downloads\rev\system\Commands\Server\rewrite.php(43): require_once('C:\\Users\\Alam\\D...')
#12 {main}
ERROR - 2024-02-11 11:50:31 --> Unknown column 'tgl_pengadaan' in 'where clause'
CRITICAL - 2024-02-11 11:50:31 --> Unknown column 'tgl_pengadaan' in 'where clause'
#0 C:\Users\Alam\Downloads\rev\system\Database\MySQLi\Connection.php(292): mysqli->query('SELECT `detail_...', 0)
#1 C:\Users\Alam\Downloads\rev\system\Database\BaseConnection.php(670): CodeIgniter\Database\MySQLi\Connection->execute('SELECT `detail_...')
#2 C:\Users\Alam\Downloads\rev\system\Database\BaseConnection.php(598): CodeIgniter\Database\BaseConnection->simpleQuery('SELECT `detail_...')
#3 C:\Users\Alam\Downloads\rev\system\Database\BaseBuilder.php(1455): CodeIgniter\Database\BaseConnection->query('SELECT `detail_...', Array, false)
#4 C:\Users\Alam\Downloads\rev\system\Model.php(183): CodeIgniter\Database\BaseBuilder->get()
#5 C:\Users\Alam\Downloads\rev\system\BaseModel.php(584): CodeIgniter\Model->doFindAll(0, 0)
#6 C:\Users\Alam\Downloads\rev\app\Controllers\Petugas_pengadaan.php(390): CodeIgniter\BaseModel->findAll()
#7 C:\Users\Alam\Downloads\rev\system\CodeIgniter.php(832): App\Controllers\Petugas_pengadaan->cetakDataPengadaan()
#8 C:\Users\Alam\Downloads\rev\system\CodeIgniter.php(419): CodeIgniter\CodeIgniter->runController(Object(App\Controllers\Petugas_pengadaan))
#9 C:\Users\Alam\Downloads\rev\system\CodeIgniter.php(326): CodeIgniter\CodeIgniter->handleRequest(NULL, Object(Config\Cache), false)
#10 C:\Users\Alam\Downloads\rev\public\index.php(37): CodeIgniter\CodeIgniter->run()
#11 C:\Users\Alam\Downloads\rev\system\Commands\Server\rewrite.php(43): require_once('C:\\Users\\Alam\\D...')
#12 {main}
CRITICAL - 2024-02-11 11:56:52 --> Undefined array key "id"
#0 C:\Users\Alam\Downloads\rev\app\Controllers\Petugas_pengadaan.php(388): CodeIgniter\Debug\Exceptions->errorHandler(2, 'Undefined array...', 'C:\\Users\\Alam\\D...', 388)
#1 C:\Users\Alam\Downloads\rev\system\CodeIgniter.php(832): App\Controllers\Petugas_pengadaan->cetakDataPengadaan()
#2 C:\Users\Alam\Downloads\rev\system\CodeIgniter.php(419): CodeIgniter\CodeIgniter->runController(Object(App\Controllers\Petugas_pengadaan))
#3 C:\Users\Alam\Downloads\rev\system\CodeIgniter.php(326): CodeIgniter\CodeIgniter->handleRequest(NULL, Object(Config\Cache), false)
#4 C:\Users\Alam\Downloads\rev\public\index.php(37): CodeIgniter\CodeIgniter->run()
#5 C:\Users\Alam\Downloads\rev\system\Commands\Server\rewrite.php(43): require_once('C:\\Users\\Alam\\D...')
#6 {main}
CRITICAL - 2024-02-11 11:57:07 --> Undefined array key "pengadan_id"
#0 C:\Users\Alam\Downloads\rev\app\Controllers\Petugas_pengadaan.php(388): CodeIgniter\Debug\Exceptions->errorHandler(2, 'Undefined array...', 'C:\\Users\\Alam\\D...', 388)
#1 C:\Users\Alam\Downloads\rev\system\CodeIgniter.php(832): App\Controllers\Petugas_pengadaan->cetakDataPengadaan()
#2 C:\Users\Alam\Downloads\rev\system\CodeIgniter.php(419): CodeIgniter\CodeIgniter->runController(Object(App\Controllers\Petugas_pengadaan))
#3 C:\Users\Alam\Downloads\rev\system\CodeIgniter.php(326): CodeIgniter\CodeIgniter->handleRequest(NULL, Object(Config\Cache), false)
#4 C:\Users\Alam\Downloads\rev\public\index.php(37): CodeIgniter\CodeIgniter->run()
#5 C:\Users\Alam\Downloads\rev\system\Commands\Server\rewrite.php(43): require_once('C:\\Users\\Alam\\D...')
#6 {main}
CRITICAL - 2024-02-11 11:57:18 --> Undefined array key "pengadan_barang_id"
#0 C:\Users\Alam\Downloads\rev\app\Controllers\Petugas_pengadaan.php(388): CodeIgniter\Debug\Exceptions->errorHandler(2, 'Undefined array...', 'C:\\Users\\Alam\\D...', 388)
#1 C:\Users\Alam\Downloads\rev\system\CodeIgniter.php(832): App\Controllers\Petugas_pengadaan->cetakDataPengadaan()
#2 C:\Users\Alam\Downloads\rev\system\CodeIgniter.php(419): CodeIgniter\CodeIgniter->runController(Object(App\Controllers\Petugas_pengadaan))
#3 C:\Users\Alam\Downloads\rev\system\CodeIgniter.php(326): CodeIgniter\CodeIgniter->handleRequest(NULL, Object(Config\Cache), false)
#4 C:\Users\Alam\Downloads\rev\public\index.php(37): CodeIgniter\CodeIgniter->run()
#5 C:\Users\Alam\Downloads\rev\system\Commands\Server\rewrite.php(43): require_once('C:\\Users\\Alam\\D...')
#6 {main}
CRITICAL - 2024-02-11 12:29:13 --> Array to string conversion
#0 C:\Users\Alam\Downloads\rev\app\Views\Petugas_pengadaan\Laporan\Lap_pengadaan.php(123): CodeIgniter\Debug\Exceptions->errorHandler(2, 'Array to string...', 'C:\\Users\\Alam\\D...', 123)
#1 C:\Users\Alam\Downloads\rev\system\View\View.php(210): include('C:\\Users\\Alam\\D...')
#2 C:\Users\Alam\Downloads\rev\system\View\View.php(213): CodeIgniter\View\View->CodeIgniter\View\{closure}()
#3 C:\Users\Alam\Downloads\rev\system\Common.php(1089): CodeIgniter\View\View->render('Petugas_pengada...', Array, true)
#4 C:\Users\Alam\Downloads\rev\app\Controllers\Petugas_pengadaan.php(411): view('Petugas_pengada...', Array)
#5 C:\Users\Alam\Downloads\rev\system\CodeIgniter.php(832): App\Controllers\Petugas_pengadaan->cetakDataPengadaan()
#6 C:\Users\Alam\Downloads\rev\system\CodeIgniter.php(419): CodeIgniter\CodeIgniter->runController(Object(App\Controllers\Petugas_pengadaan))
#7 C:\Users\Alam\Downloads\rev\system\CodeIgniter.php(326): CodeIgniter\CodeIgniter->handleRequest(NULL, Object(Config\Cache), false)
#8 C:\Users\Alam\Downloads\rev\public\index.php(37): CodeIgniter\CodeIgniter->run()
#9 C:\Users\Alam\Downloads\rev\system\Commands\Server\rewrite.php(43): require_once('C:\\Users\\Alam\\D...')
#10 {main}
CRITICAL - 2024-02-11 12:30:31 --> syntax error, unexpected end of file
#0 C:\Users\Alam\Downloads\rev\system\View\View.php(213): CodeIgniter\View\View->CodeIgniter\View\{closure}()
#1 C:\Users\Alam\Downloads\rev\system\Common.php(1089): CodeIgniter\View\View->render('Petugas_pengada...', Array, true)
#2 C:\Users\Alam\Downloads\rev\app\Controllers\Petugas_pengadaan.php(411): view('Petugas_pengada...', Array)
#3 C:\Users\Alam\Downloads\rev\system\CodeIgniter.php(832): App\Controllers\Petugas_pengadaan->cetakDataPengadaan()
#4 C:\Users\Alam\Downloads\rev\system\CodeIgniter.php(419): CodeIgniter\CodeIgniter->runController(Object(App\Controllers\Petugas_pengadaan))
#5 C:\Users\Alam\Downloads\rev\system\CodeIgniter.php(326): CodeIgniter\CodeIgniter->handleRequest(NULL, Object(Config\Cache), false)
#6 C:\Users\Alam\Downloads\rev\public\index.php(37): CodeIgniter\CodeIgniter->run()
#7 C:\Users\Alam\Downloads\rev\system\Commands\Server\rewrite.php(43): require_once('C:\\Users\\Alam\\D...')
#8 {main}
CRITICAL - 2024-02-11 12:30:47 --> Undefined array key "pengadaan"
#0 C:\Users\Alam\Downloads\rev\app\Views\Petugas_pengadaan\Laporan\Lap_pengadaan.php(125): CodeIgniter\Debug\Exceptions->errorHandler(2, 'Undefined array...', 'C:\\Users\\Alam\\D...', 125)
#1 C:\Users\Alam\Downloads\rev\system\View\View.php(210): include('C:\\Users\\Alam\\D...')
#2 C:\Users\Alam\Downloads\rev\system\View\View.php(213): CodeIgniter\View\View->CodeIgniter\View\{closure}()
#3 C:\Users\Alam\Downloads\rev\system\Common.php(1089): CodeIgniter\View\View->render('Petugas_pengada...', Array, true)
#4 C:\Users\Alam\Downloads\rev\app\Controllers\Petugas_pengadaan.php(411): view('Petugas_pengada...', Array)
#5 C:\Users\Alam\Downloads\rev\system\CodeIgniter.php(832): App\Controllers\Petugas_pengadaan->cetakDataPengadaan()
#6 C:\Users\Alam\Downloads\rev\system\CodeIgniter.php(419): CodeIgniter\CodeIgniter->runController(Object(App\Controllers\Petugas_pengadaan))
#7 C:\Users\Alam\Downloads\rev\system\CodeIgniter.php(326): CodeIgniter\CodeIgniter->handleRequest(NULL, Object(Config\Cache), false)
#8 C:\Users\Alam\Downloads\rev\public\index.php(37): CodeIgniter\CodeIgniter->run()
#9 C:\Users\Alam\Downloads\rev\system\Commands\Server\rewrite.php(43): require_once('C:\\Users\\Alam\\D...')
#10 {main}
CRITICAL - 2024-02-11 12:31:16 --> Undefined array key "data_pengadaan"
#0 C:\Users\Alam\Downloads\rev\app\Views\Petugas_pengadaan\Laporan\Lap_pengadaan.php(125): CodeIgniter\Debug\Exceptions->errorHandler(2, 'Undefined array...', 'C:\\Users\\Alam\\D...', 125)
#1 C:\Users\Alam\Downloads\rev\system\View\View.php(210): include('C:\\Users\\Alam\\D...')
#2 C:\Users\Alam\Downloads\rev\system\View\View.php(213): CodeIgniter\View\View->CodeIgniter\View\{closure}()
#3 C:\Users\Alam\Downloads\rev\system\Common.php(1089): CodeIgniter\View\View->render('Petugas_pengada...', Array, true)
#4 C:\Users\Alam\Downloads\rev\app\Controllers\Petugas_pengadaan.php(411): view('Petugas_pengada...', Array)
#5 C:\Users\Alam\Downloads\rev\system\CodeIgniter.php(832): App\Controllers\Petugas_pengadaan->cetakDataPengadaan()
#6 C:\Users\Alam\Downloads\rev\system\CodeIgniter.php(419): CodeIgniter\CodeIgniter->runController(Object(App\Controllers\Petugas_pengadaan))
#7 C:\Users\Alam\Downloads\rev\system\CodeIgniter.php(326): CodeIgniter\CodeIgniter->handleRequest(NULL, Object(Config\Cache), false)
#8 C:\Users\Alam\Downloads\rev\public\index.php(37): CodeIgniter\CodeIgniter->run()
#9 C:\Users\Alam\Downloads\rev\system\Commands\Server\rewrite.php(43): require_once('C:\\Users\\Alam\\D...')
#10 {main}
CRITICAL - 2024-02-11 12:32:45 --> Undefined array key 0
#0 C:\Users\Alam\Downloads\rev\app\Views\Petugas_pengadaan\Laporan\Lap_pengadaan.php(128): CodeIgniter\Debug\Exceptions->errorHandler(2, 'Undefined array...', 'C:\\Users\\Alam\\D...', 128)
#1 C:\Users\Alam\Downloads\rev\system\View\View.php(210): include('C:\\Users\\Alam\\D...')
#2 C:\Users\Alam\Downloads\rev\system\View\View.php(213): CodeIgniter\View\View->CodeIgniter\View\{closure}()
#3 C:\Users\Alam\Downloads\rev\system\Common.php(1089): CodeIgniter\View\View->render('Petugas_pengada...', Array, true)
#4 C:\Users\Alam\Downloads\rev\app\Controllers\Petugas_pengadaan.php(411): view('Petugas_pengada...', Array)
#5 C:\Users\Alam\Downloads\rev\system\CodeIgniter.php(832): App\Controllers\Petugas_pengadaan->cetakDataPengadaan()
#6 C:\Users\Alam\Downloads\rev\system\CodeIgniter.php(419): CodeIgniter\CodeIgniter->runController(Object(App\Controllers\Petugas_pengadaan))
#7 C:\Users\Alam\Downloads\rev\system\CodeIgniter.php(326): CodeIgniter\CodeIgniter->handleRequest(NULL, Object(Config\Cache), false)
#8 C:\Users\Alam\Downloads\rev\public\index.php(37): CodeIgniter\CodeIgniter->run()
#9 C:\Users\Alam\Downloads\rev\system\Commands\Server\rewrite.php(43): require_once('C:\\Users\\Alam\\D...')
#10 {main}
CRITICAL - 2024-02-11 12:33:01 --> Undefined array key 0
#0 C:\Users\Alam\Downloads\rev\app\Views\Petugas_pengadaan\Laporan\Lap_pengadaan.php(128): CodeIgniter\Debug\Exceptions->errorHandler(2, 'Undefined array...', 'C:\\Users\\Alam\\D...', 128)
#1 C:\Users\Alam\Downloads\rev\system\View\View.php(210): include('C:\\Users\\Alam\\D...')
#2 C:\Users\Alam\Downloads\rev\system\View\View.php(213): CodeIgniter\View\View->CodeIgniter\View\{closure}()
#3 C:\Users\Alam\Downloads\rev\system\Common.php(1089): CodeIgniter\View\View->render('Petugas_pengada...', Array, true)
#4 C:\Users\Alam\Downloads\rev\app\Controllers\Petugas_pengadaan.php(411): view('Petugas_pengada...', Array)
#5 C:\Users\Alam\Downloads\rev\system\CodeIgniter.php(832): App\Controllers\Petugas_pengadaan->cetakDataPengadaan()
#6 C:\Users\Alam\Downloads\rev\system\CodeIgniter.php(419): CodeIgniter\CodeIgniter->runController(Object(App\Controllers\Petugas_pengadaan))
#7 C:\Users\Alam\Downloads\rev\system\CodeIgniter.php(326): CodeIgniter\CodeIgniter->handleRequest(NULL, Object(Config\Cache), false)
#8 C:\Users\Alam\Downloads\rev\public\index.php(37): CodeIgniter\CodeIgniter->run()
#9 C:\Users\Alam\Downloads\rev\system\Commands\Server\rewrite.php(43): require_once('C:\\Users\\Alam\\D...')
#10 {main}
CRITICAL - 2024-02-11 12:33:55 --> Undefined array key "tanggal_pengadaan"
#0 C:\Users\Alam\Downloads\rev\app\Views\Petugas_pengadaan\Laporan\Lap_pengadaan.php(127): CodeIgniter\Debug\Exceptions->errorHandler(2, 'Undefined array...', 'C:\\Users\\Alam\\D...', 127)
#1 C:\Users\Alam\Downloads\rev\system\View\View.php(210): include('C:\\Users\\Alam\\D...')
#2 C:\Users\Alam\Downloads\rev\system\View\View.php(213): CodeIgniter\View\View->CodeIgniter\View\{closure}()
#3 C:\Users\Alam\Downloads\rev\system\Common.php(1089): CodeIgniter\View\View->render('Petugas_pengada...', Array, true)
#4 C:\Users\Alam\Downloads\rev\app\Controllers\Petugas_pengadaan.php(411): view('Petugas_pengada...', Array)
#5 C:\Users\Alam\Downloads\rev\system\CodeIgniter.php(832): App\Controllers\Petugas_pengadaan->cetakDataPengadaan()
#6 C:\Users\Alam\Downloads\rev\system\CodeIgniter.php(419): CodeIgniter\CodeIgniter->runController(Object(App\Controllers\Petugas_pengadaan))
#7 C:\Users\Alam\Downloads\rev\system\CodeIgniter.php(326): CodeIgniter\CodeIgniter->handleRequest(NULL, Object(Config\Cache), false)
#8 C:\Users\Alam\Downloads\rev\public\index.php(37): CodeIgniter\CodeIgniter->run()
#9 C:\Users\Alam\Downloads\rev\system\Commands\Server\rewrite.php(43): require_once('C:\\Users\\Alam\\D...')
#10 {main}
CRITICAL - 2024-02-11 12:34:05 --> Undefined array key "tanggal_pengadaan"
#0 C:\Users\Alam\Downloads\rev\app\Views\Petugas_pengadaan\Laporan\Lap_pengadaan.php(127): CodeIgniter\Debug\Exceptions->errorHandler(2, 'Undefined array...', 'C:\\Users\\Alam\\D...', 127)
#1 C:\Users\Alam\Downloads\rev\system\View\View.php(210): include('C:\\Users\\Alam\\D...')
#2 C:\Users\Alam\Downloads\rev\system\View\View.php(213): CodeIgniter\View\View->CodeIgniter\View\{closure}()
#3 C:\Users\Alam\Downloads\rev\system\Common.php(1089): CodeIgniter\View\View->render('Petugas_pengada...', Array, true)
#4 C:\Users\Alam\Downloads\rev\app\Controllers\Petugas_pengadaan.php(411): view('Petugas_pengada...', Array)
#5 C:\Users\Alam\Downloads\rev\system\CodeIgniter.php(832): App\Controllers\Petugas_pengadaan->cetakDataPengadaan()
#6 C:\Users\Alam\Downloads\rev\system\CodeIgniter.php(419): CodeIgniter\CodeIgniter->runController(Object(App\Controllers\Petugas_pengadaan))
#7 C:\Users\Alam\Downloads\rev\system\CodeIgniter.php(326): CodeIgniter\CodeIgniter->handleRequest(NULL, Object(Config\Cache), false)
#8 C:\Users\Alam\Downloads\rev\public\index.php(37): CodeIgniter\CodeIgniter->run()
#9 C:\Users\Alam\Downloads\rev\system\Commands\Server\rewrite.php(43): require_once('C:\\Users\\Alam\\D...')
#10 {main}
CRITICAL - 2024-02-11 12:39:48 --> syntax error, unexpected end of file
#0 C:\Users\Alam\Downloads\rev\system\View\View.php(213): CodeIgniter\View\View->CodeIgniter\View\{closure}()
#1 C:\Users\Alam\Downloads\rev\system\Common.php(1089): CodeIgniter\View\View->render('Petugas_pengada...', Array, true)
#2 C:\Users\Alam\Downloads\rev\app\Controllers\Petugas_pengadaan.php(412): view('Petugas_pengada...', Array)
#3 C:\Users\Alam\Downloads\rev\system\CodeIgniter.php(832): App\Controllers\Petugas_pengadaan->cetakDataPengadaan()
#4 C:\Users\Alam\Downloads\rev\system\CodeIgniter.php(419): CodeIgniter\CodeIgniter->runController(Object(App\Controllers\Petugas_pengadaan))
#5 C:\Users\Alam\Downloads\rev\system\CodeIgniter.php(326): CodeIgniter\CodeIgniter->handleRequest(NULL, Object(Config\Cache), false)
#6 C:\Users\Alam\Downloads\rev\public\index.php(37): CodeIgniter\CodeIgniter->run()
#7 C:\Users\Alam\Downloads\rev\system\Commands\Server\rewrite.php(43): require_once('C:\\Users\\Alam\\D...')
#8 {main}
CRITICAL - 2024-02-11 12:40:34 --> Undefined variable $detail_pengadaan
#0 C:\Users\Alam\Downloads\rev\app\Views\Petugas_pengadaan\Laporan\Lap_pengadaan.php(128): CodeIgniter\Debug\Exceptions->errorHandler(2, 'Undefined varia...', 'C:\\Users\\Alam\\D...', 128)
#1 C:\Users\Alam\Downloads\rev\system\View\View.php(210): include('C:\\Users\\Alam\\D...')
#2 C:\Users\Alam\Downloads\rev\system\View\View.php(213): CodeIgniter\View\View->CodeIgniter\View\{closure}()
#3 C:\Users\Alam\Downloads\rev\system\Common.php(1089): CodeIgniter\View\View->render('Petugas_pengada...', Array, true)
#4 C:\Users\Alam\Downloads\rev\app\Controllers\Petugas_pengadaan.php(412): view('Petugas_pengada...', Array)
#5 C:\Users\Alam\Downloads\rev\system\CodeIgniter.php(832): App\Controllers\Petugas_pengadaan->cetakDataPengadaan()
#6 C:\Users\Alam\Downloads\rev\system\CodeIgniter.php(419): CodeIgniter\CodeIgniter->runController(Object(App\Controllers\Petugas_pengadaan))
#7 C:\Users\Alam\Downloads\rev\system\CodeIgniter.php(326): CodeIgniter\CodeIgniter->handleRequest(NULL, Object(Config\Cache), false)
#8 C:\Users\Alam\Downloads\rev\public\index.php(37): CodeIgniter\CodeIgniter->run()
#9 C:\Users\Alam\Downloads\rev\system\Commands\Server\rewrite.php(43): require_once('C:\\Users\\Alam\\D...')
#10 {main}
CRITICAL - 2024-02-11 12:41:11 --> Undefined array key 0
#0 C:\Users\Alam\Downloads\rev\app\Views\Petugas_pengadaan\Laporan\Lap_pengadaan.php(128): CodeIgniter\Debug\Exceptions->errorHandler(2, 'Undefined array...', 'C:\\Users\\Alam\\D...', 128)
#1 C:\Users\Alam\Downloads\rev\system\View\View.php(210): include('C:\\Users\\Alam\\D...')
#2 C:\Users\Alam\Downloads\rev\system\View\View.php(213): CodeIgniter\View\View->CodeIgniter\View\{closure}()
#3 C:\Users\Alam\Downloads\rev\system\Common.php(1089): CodeIgniter\View\View->render('Petugas_pengada...', Array, true)
#4 C:\Users\Alam\Downloads\rev\app\Controllers\Petugas_pengadaan.php(412): view('Petugas_pengada...', Array)
#5 C:\Users\Alam\Downloads\rev\system\CodeIgniter.php(832): App\Controllers\Petugas_pengadaan->cetakDataPengadaan()
#6 C:\Users\Alam\Downloads\rev\system\CodeIgniter.php(419): CodeIgniter\CodeIgniter->runController(Object(App\Controllers\Petugas_pengadaan))
#7 C:\Users\Alam\Downloads\rev\system\CodeIgniter.php(326): CodeIgniter\CodeIgniter->handleRequest(NULL, Object(Config\Cache), false)
#8 C:\Users\Alam\Downloads\rev\public\index.php(37): CodeIgniter\CodeIgniter->run()
#9 C:\Users\Alam\Downloads\rev\system\Commands\Server\rewrite.php(43): require_once('C:\\Users\\Alam\\D...')
#10 {main}
CRITICAL - 2024-02-11 12:45:37 --> Cannot access offset of type string on string
#0 C:\Users\Alam\Downloads\rev\system\View\View.php(210): include()
#1 C:\Users\Alam\Downloads\rev\system\View\View.php(213): CodeIgniter\View\View->CodeIgniter\View\{closure}()
#2 C:\Users\Alam\Downloads\rev\system\Common.php(1089): CodeIgniter\View\View->render('Petugas_pengada...', Array, true)
#3 C:\Users\Alam\Downloads\rev\app\Controllers\Petugas_pengadaan.php(412): view('Petugas_pengada...', Array)
#4 C:\Users\Alam\Downloads\rev\system\CodeIgniter.php(832): App\Controllers\Petugas_pengadaan->cetakDataPengadaan()
#5 C:\Users\Alam\Downloads\rev\system\CodeIgniter.php(419): CodeIgniter\CodeIgniter->runController(Object(App\Controllers\Petugas_pengadaan))
#6 C:\Users\Alam\Downloads\rev\system\CodeIgniter.php(326): CodeIgniter\CodeIgniter->handleRequest(NULL, Object(Config\Cache), false)
#7 C:\Users\Alam\Downloads\rev\public\index.php(37): CodeIgniter\CodeIgniter->run()
#8 C:\Users\Alam\Downloads\rev\system\Commands\Server\rewrite.php(43): require_once('C:\\Users\\Alam\\D...')
#9 {main}
CRITICAL - 2024-02-11 12:45:50 --> Cannot access offset of type string on string
#0 C:\Users\Alam\Downloads\rev\system\View\View.php(210): include()
#1 C:\Users\Alam\Downloads\rev\system\View\View.php(213): CodeIgniter\View\View->CodeIgniter\View\{closure}()
#2 C:\Users\Alam\Downloads\rev\system\Common.php(1089): CodeIgniter\View\View->render('Petugas_pengada...', Array, true)
#3 C:\Users\Alam\Downloads\rev\app\Controllers\Petugas_pengadaan.php(412): view('Petugas_pengada...', Array)
#4 C:\Users\Alam\Downloads\rev\system\CodeIgniter.php(832): App\Controllers\Petugas_pengadaan->cetakDataPengadaan()
#5 C:\Users\Alam\Downloads\rev\system\CodeIgniter.php(419): CodeIgniter\CodeIgniter->runController(Object(App\Controllers\Petugas_pengadaan))
#6 C:\Users\Alam\Downloads\rev\system\CodeIgniter.php(326): CodeIgniter\CodeIgniter->handleRequest(NULL, Object(Config\Cache), false)
#7 C:\Users\Alam\Downloads\rev\public\index.php(37): CodeIgniter\CodeIgniter->run()
#8 C:\Users\Alam\Downloads\rev\system\Commands\Server\rewrite.php(43): require_once('C:\\Users\\Alam\\D...')
#9 {main}
CRITICAL - 2024-02-11 12:46:11 --> Cannot access offset of type string on string
#0 C:\Users\Alam\Downloads\rev\system\View\View.php(210): include()
#1 C:\Users\Alam\Downloads\rev\system\View\View.php(213): CodeIgniter\View\View->CodeIgniter\View\{closure}()
#2 C:\Users\Alam\Downloads\rev\system\Common.php(1089): CodeIgniter\View\View->render('Petugas_pengada...', Array, true)
#3 C:\Users\Alam\Downloads\rev\app\Controllers\Petugas_pengadaan.php(412): view('Petugas_pengada...', Array)
#4 C:\Users\Alam\Downloads\rev\system\CodeIgniter.php(832): App\Controllers\Petugas_pengadaan->cetakDataPengadaan()
#5 C:\Users\Alam\Downloads\rev\system\CodeIgniter.php(419): CodeIgniter\CodeIgniter->runController(Object(App\Controllers\Petugas_pengadaan))
#6 C:\Users\Alam\Downloads\rev\system\CodeIgniter.php(326): CodeIgniter\CodeIgniter->handleRequest(NULL, Object(Config\Cache), false)
#7 C:\Users\Alam\Downloads\rev\public\index.php(37): CodeIgniter\CodeIgniter->run()
#8 C:\Users\Alam\Downloads\rev\system\Commands\Server\rewrite.php(43): require_once('C:\\Users\\Alam\\D...')
#9 {main}
CRITICAL - 2024-02-11 12:46:47 --> Cannot access offset of type string on string
#0 C:\Users\Alam\Downloads\rev\system\View\View.php(210): include()
#1 C:\Users\Alam\Downloads\rev\system\View\View.php(213): CodeIgniter\View\View->CodeIgniter\View\{closure}()
#2 C:\Users\Alam\Downloads\rev\system\Common.php(1089): CodeIgniter\View\View->render('Petugas_pengada...', Array, true)
#3 C:\Users\Alam\Downloads\rev\app\Controllers\Petugas_pengadaan.php(412): view('Petugas_pengada...', Array)
#4 C:\Users\Alam\Downloads\rev\system\CodeIgniter.php(832): App\Controllers\Petugas_pengadaan->cetakDataPengadaan()
#5 C:\Users\Alam\Downloads\rev\system\CodeIgniter.php(419): CodeIgniter\CodeIgniter->runController(Object(App\Controllers\Petugas_pengadaan))
#6 C:\Users\Alam\Downloads\rev\system\CodeIgniter.php(326): CodeIgniter\CodeIgniter->handleRequest(NULL, Object(Config\Cache), false)
#7 C:\Users\Alam\Downloads\rev\public\index.php(37): CodeIgniter\CodeIgniter->run()
#8 C:\Users\Alam\Downloads\rev\system\Commands\Server\rewrite.php(43): require_once('C:\\Users\\Alam\\D...')
#9 {main}
CRITICAL - 2024-02-11 12:47:39 --> Cannot access offset of type string on string
#0 C:\Users\Alam\Downloads\rev\system\View\View.php(210): include()
#1 C:\Users\Alam\Downloads\rev\system\View\View.php(213): CodeIgniter\View\View->CodeIgniter\View\{closure}()
#2 C:\Users\Alam\Downloads\rev\system\Common.php(1089): CodeIgniter\View\View->render('Petugas_pengada...', Array, true)
#3 C:\Users\Alam\Downloads\rev\app\Controllers\Petugas_pengadaan.php(412): view('Petugas_pengada...', Array)
#4 C:\Users\Alam\Downloads\rev\system\CodeIgniter.php(832): App\Controllers\Petugas_pengadaan->cetakDataPengadaan()
#5 C:\Users\Alam\Downloads\rev\system\CodeIgniter.php(419): CodeIgniter\CodeIgniter->runController(Object(App\Controllers\Petugas_pengadaan))
#6 C:\Users\Alam\Downloads\rev\system\CodeIgniter.php(326): CodeIgniter\CodeIgniter->handleRequest(NULL, Object(Config\Cache), false)
#7 C:\Users\Alam\Downloads\rev\public\index.php(37): CodeIgniter\CodeIgniter->run()
#8 C:\Users\Alam\Downloads\rev\system\Commands\Server\rewrite.php(43): require_once('C:\\Users\\Alam\\D...')
#9 {main}
CRITICAL - 2024-02-11 12:49:17 --> Undefined array key "pengadaan_barang_id"
#0 C:\Users\Alam\Downloads\rev\app\Views\Petugas_pengadaan\Laporan\Lap_pengadaan.php(129): CodeIgniter\Debug\Exceptions->errorHandler(2, 'Undefined array...', 'C:\\Users\\Alam\\D...', 129)
#1 C:\Users\Alam\Downloads\rev\system\View\View.php(210): include('C:\\Users\\Alam\\D...')
#2 C:\Users\Alam\Downloads\rev\system\View\View.php(213): CodeIgniter\View\View->CodeIgniter\View\{closure}()
#3 C:\Users\Alam\Downloads\rev\system\Common.php(1089): CodeIgniter\View\View->render('Petugas_pengada...', Array, true)
#4 C:\Users\Alam\Downloads\rev\app\Controllers\Petugas_pengadaan.php(412): view('Petugas_pengada...', Array)
#5 C:\Users\Alam\Downloads\rev\system\CodeIgniter.php(832): App\Controllers\Petugas_pengadaan->cetakDataPengadaan()
#6 C:\Users\Alam\Downloads\rev\system\CodeIgniter.php(419): CodeIgniter\CodeIgniter->runController(Object(App\Controllers\Petugas_pengadaan))
#7 C:\Users\Alam\Downloads\rev\system\CodeIgniter.php(326): CodeIgniter\CodeIgniter->handleRequest(NULL, Object(Config\Cache), false)
#8 C:\Users\Alam\Downloads\rev\public\index.php(37): CodeIgniter\CodeIgniter->run()
#9 C:\Users\Alam\Downloads\rev\system\Commands\Server\rewrite.php(43): require_once('C:\\Users\\Alam\\D...')
#10 {main}
CRITICAL - 2024-02-11 12:52:44 --> Undefined array key "detail_pengadaan"
#0 C:\Users\Alam\Downloads\rev\app\Views\Petugas_pengadaan\Laporan\Lap_pengadaan.php(134): CodeIgniter\Debug\Exceptions->errorHandler(2, 'Undefined array...', 'C:\\Users\\Alam\\D...', 134)
#1 C:\Users\Alam\Downloads\rev\system\View\View.php(210): include('C:\\Users\\Alam\\D...')
#2 C:\Users\Alam\Downloads\rev\system\View\View.php(213): CodeIgniter\View\View->CodeIgniter\View\{closure}()
#3 C:\Users\Alam\Downloads\rev\system\Common.php(1089): CodeIgniter\View\View->render('Petugas_pengada...', Array, true)
#4 C:\Users\Alam\Downloads\rev\app\Controllers\Petugas_pengadaan.php(412): view('Petugas_pengada...', Array)
#5 C:\Users\Alam\Downloads\rev\system\CodeIgniter.php(832): App\Controllers\Petugas_pengadaan->cetakDataPengadaan()
#6 C:\Users\Alam\Downloads\rev\system\CodeIgniter.php(419): CodeIgniter\CodeIgniter->runController(Object(App\Controllers\Petugas_pengadaan))
#7 C:\Users\Alam\Downloads\rev\system\CodeIgniter.php(326): CodeIgniter\CodeIgniter->handleRequest(NULL, Object(Config\Cache), false)
#8 C:\Users\Alam\Downloads\rev\public\index.php(37): CodeIgniter\CodeIgniter->run()
#9 C:\Users\Alam\Downloads\rev\system\Commands\Server\rewrite.php(43): require_once('C:\\Users\\Alam\\D...')
#10 {main}
CRITICAL - 2024-02-11 13:18:06 --> Undefined array key "pengadaan_barang_id"
#0 C:\Users\Alam\Downloads\rev\app\Controllers\Petugas_pengadaan.php(392): CodeIgniter\Debug\Exceptions->errorHandler(2, 'Undefined array...', 'C:\\Users\\Alam\\D...', 392)
#1 C:\Users\Alam\Downloads\rev\system\CodeIgniter.php(832): App\Controllers\Petugas_pengadaan->cetakDataPengadaan()
#2 C:\Users\Alam\Downloads\rev\system\CodeIgniter.php(419): CodeIgniter\CodeIgniter->runController(Object(App\Controllers\Petugas_pengadaan))
#3 C:\Users\Alam\Downloads\rev\system\CodeIgniter.php(326): CodeIgniter\CodeIgniter->handleRequest(NULL, Object(Config\Cache), false)
#4 C:\Users\Alam\Downloads\rev\public\index.php(37): CodeIgniter\CodeIgniter->run()
#5 C:\Users\Alam\Downloads\rev\system\Commands\Server\rewrite.php(43): require_once('C:\\Users\\Alam\\D...')
#6 {main}
CRITICAL - 2024-02-11 13:19:10 --> Undefined array key "pengadaan_barang_id"
#0 C:\Users\Alam\Downloads\rev\app\Views\Petugas_pengadaan\Laporan\Lap_pengadaan.php(128): CodeIgniter\Debug\Exceptions->errorHandler(2, 'Undefined array...', 'C:\\Users\\Alam\\D...', 128)
#1 C:\Users\Alam\Downloads\rev\system\View\View.php(210): include('C:\\Users\\Alam\\D...')
#2 C:\Users\Alam\Downloads\rev\system\View\View.php(213): CodeIgniter\View\View->CodeIgniter\View\{closure}()
#3 C:\Users\Alam\Downloads\rev\system\Common.php(1089): CodeIgniter\View\View->render('Petugas_pengada...', Array, true)
#4 C:\Users\Alam\Downloads\rev\app\Controllers\Petugas_pengadaan.php(420): view('Petugas_pengada...', Array)
#5 C:\Users\Alam\Downloads\rev\system\CodeIgniter.php(832): App\Controllers\Petugas_pengadaan->cetakDataPengadaan()
#6 C:\Users\Alam\Downloads\rev\system\CodeIgniter.php(419): CodeIgniter\CodeIgniter->runController(Object(App\Controllers\Petugas_pengadaan))
#7 C:\Users\Alam\Downloads\rev\system\CodeIgniter.php(326): CodeIgniter\CodeIgniter->handleRequest(NULL, Object(Config\Cache), false)
#8 C:\Users\Alam\Downloads\rev\public\index.php(37): CodeIgniter\CodeIgniter->run()
#9 C:\Users\Alam\Downloads\rev\system\Commands\Server\rewrite.php(43): require_once('C:\\Users\\Alam\\D...')
#10 {main}
ERROR - 2024-02-11 13:23:58 --> Unknown table 'sidang.balasan_pengadaan'
CRITICAL - 2024-02-11 13:23:58 --> Unknown table 'sidang.balasan_pengadaan'
#0 C:\Users\Alam\Downloads\rev\system\Database\MySQLi\Connection.php(292): mysqli->query('SELECT `balasan...', 0)
#1 C:\Users\Alam\Downloads\rev\system\Database\BaseConnection.php(670): CodeIgniter\Database\MySQLi\Connection->execute('SELECT `balasan...')
#2 C:\Users\Alam\Downloads\rev\system\Database\BaseConnection.php(598): CodeIgniter\Database\BaseConnection->simpleQuery('SELECT `balasan...')
#3 C:\Users\Alam\Downloads\rev\system\Database\BaseBuilder.php(1455): CodeIgniter\Database\BaseConnection->query('SELECT `balasan...', Array, false)
#4 C:\Users\Alam\Downloads\rev\system\Model.php(183): CodeIgniter\Database\BaseBuilder->get()
#5 C:\Users\Alam\Downloads\rev\system\BaseModel.php(584): CodeIgniter\Model->doFindAll(0, 0)
#6 C:\Users\Alam\Downloads\rev\app\Controllers\Petugas_pengadaan.php(394): CodeIgniter\BaseModel->findAll()
#7 C:\Users\Alam\Downloads\rev\system\CodeIgniter.php(832): App\Controllers\Petugas_pengadaan->cetakDataPengadaan()
#8 C:\Users\Alam\Downloads\rev\system\CodeIgniter.php(419): CodeIgniter\CodeIgniter->runController(Object(App\Controllers\Petugas_pengadaan))
#9 C:\Users\Alam\Downloads\rev\system\CodeIgniter.php(326): CodeIgniter\CodeIgniter->handleRequest(NULL, Object(Config\Cache), false)
#10 C:\Users\Alam\Downloads\rev\public\index.php(37): CodeIgniter\CodeIgniter->run()
#11 C:\Users\Alam\Downloads\rev\system\Commands\Server\rewrite.php(43): require_once('C:\\Users\\Alam\\D...')
#12 {main}
ERROR - 2024-02-11 13:23:59 --> Unknown table 'sidang.balasan_pengadaan'
CRITICAL - 2024-02-11 13:23:59 --> Unknown table 'sidang.balasan_pengadaan'
#0 C:\Users\Alam\Downloads\rev\system\Database\MySQLi\Connection.php(292): mysqli->query('SELECT `balasan...', 0)
#1 C:\Users\Alam\Downloads\rev\system\Database\BaseConnection.php(670): CodeIgniter\Database\MySQLi\Connection->execute('SELECT `balasan...')
#2 C:\Users\Alam\Downloads\rev\system\Database\BaseConnection.php(598): CodeIgniter\Database\BaseConnection->simpleQuery('SELECT `balasan...')
#3 C:\Users\Alam\Downloads\rev\system\Database\BaseBuilder.php(1455): CodeIgniter\Database\BaseConnection->query('SELECT `balasan...', Array, false)
#4 C:\Users\Alam\Downloads\rev\system\Model.php(183): CodeIgniter\Database\BaseBuilder->get()
#5 C:\Users\Alam\Downloads\rev\system\BaseModel.php(584): CodeIgniter\Model->doFindAll(0, 0)
#6 C:\Users\Alam\Downloads\rev\app\Controllers\Petugas_pengadaan.php(394): CodeIgniter\BaseModel->findAll()
#7 C:\Users\Alam\Downloads\rev\system\CodeIgniter.php(832): App\Controllers\Petugas_pengadaan->cetakDataPengadaan()
#8 C:\Users\Alam\Downloads\rev\system\CodeIgniter.php(419): CodeIgniter\CodeIgniter->runController(Object(App\Controllers\Petugas_pengadaan))
#9 C:\Users\Alam\Downloads\rev\system\CodeIgniter.php(326): CodeIgniter\CodeIgniter->handleRequest(NULL, Object(Config\Cache), false)
#10 C:\Users\Alam\Downloads\rev\public\index.php(37): CodeIgniter\CodeIgniter->run()
#11 C:\Users\Alam\Downloads\rev\system\Commands\Server\rewrite.php(43): require_once('C:\\Users\\Alam\\D...')
#12 {main}
ERROR - 2024-02-11 13:25:00 --> Unknown table 'sidang.balasan_pengadaan'
CRITICAL - 2024-02-11 13:25:00 --> Unknown table 'sidang.balasan_pengadaan'
#0 C:\Users\Alam\Downloads\rev\system\Database\MySQLi\Connection.php(292): mysqli->query('SELECT `balasan...', 0)
#1 C:\Users\Alam\Downloads\rev\system\Database\BaseConnection.php(670): CodeIgniter\Database\MySQLi\Connection->execute('SELECT `balasan...')
#2 C:\Users\Alam\Downloads\rev\system\Database\BaseConnection.php(598): CodeIgniter\Database\BaseConnection->simpleQuery('SELECT `balasan...')
#3 C:\Users\Alam\Downloads\rev\system\Database\BaseBuilder.php(1455): CodeIgniter\Database\BaseConnection->query('SELECT `balasan...', Array, false)
#4 C:\Users\Alam\Downloads\rev\system\Model.php(183): CodeIgniter\Database\BaseBuilder->get()
#5 C:\Users\Alam\Downloads\rev\system\BaseModel.php(584): CodeIgniter\Model->doFindAll(0, 0)
#6 C:\Users\Alam\Downloads\rev\app\Controllers\Petugas_pengadaan.php(395): CodeIgniter\BaseModel->findAll()
#7 C:\Users\Alam\Downloads\rev\system\CodeIgniter.php(832): App\Controllers\Petugas_pengadaan->cetakDataPengadaan()
#8 C:\Users\Alam\Downloads\rev\system\CodeIgniter.php(419): CodeIgniter\CodeIgniter->runController(Object(App\Controllers\Petugas_pengadaan))
#9 C:\Users\Alam\Downloads\rev\system\CodeIgniter.php(326): CodeIgniter\CodeIgniter->handleRequest(NULL, Object(Config\Cache), false)
#10 C:\Users\Alam\Downloads\rev\public\index.php(37): CodeIgniter\CodeIgniter->run()
#11 C:\Users\Alam\Downloads\rev\system\Commands\Server\rewrite.php(43): require_once('C:\\Users\\Alam\\D...')
#12 {main}
ERROR - 2024-02-11 13:25:03 --> Unknown table 'sidang.balasan_pengadaan'
CRITICAL - 2024-02-11 13:25:03 --> Unknown table 'sidang.balasan_pengadaan'
#0 C:\Users\Alam\Downloads\rev\system\Database\MySQLi\Connection.php(292): mysqli->query('SELECT `balasan...', 0)
#1 C:\Users\Alam\Downloads\rev\system\Database\BaseConnection.php(670): CodeIgniter\Database\MySQLi\Connection->execute('SELECT `balasan...')
#2 C:\Users\Alam\Downloads\rev\system\Database\BaseConnection.php(598): CodeIgniter\Database\BaseConnection->simpleQuery('SELECT `balasan...')
#3 C:\Users\Alam\Downloads\rev\system\Database\BaseBuilder.php(1455): CodeIgniter\Database\BaseConnection->query('SELECT `balasan...', Array, false)
#4 C:\Users\Alam\Downloads\rev\system\Model.php(183): CodeIgniter\Database\BaseBuilder->get()
#5 C:\Users\Alam\Downloads\rev\system\BaseModel.php(584): CodeIgniter\Model->doFindAll(0, 0)
#6 C:\Users\Alam\Downloads\rev\app\Controllers\Petugas_pengadaan.php(395): CodeIgniter\BaseModel->findAll()
#7 C:\Users\Alam\Downloads\rev\system\CodeIgniter.php(832): App\Controllers\Petugas_pengadaan->cetakDataPengadaan()
#8 C:\Users\Alam\Downloads\rev\system\CodeIgniter.php(419): CodeIgniter\CodeIgniter->runController(Object(App\Controllers\Petugas_pengadaan))
#9 C:\Users\Alam\Downloads\rev\system\CodeIgniter.php(326): CodeIgniter\CodeIgniter->handleRequest(NULL, Object(Config\Cache), false)
#10 C:\Users\Alam\Downloads\rev\public\index.php(37): CodeIgniter\CodeIgniter->run()
#11 C:\Users\Alam\Downloads\rev\system\Commands\Server\rewrite.php(43): require_once('C:\\Users\\Alam\\D...')
#12 {main}
ERROR - 2024-02-11 13:25:27 --> Unknown table 'sidang.balasan_pengadaan'
CRITICAL - 2024-02-11 13:25:27 --> Unknown table 'sidang.balasan_pengadaan'
#0 C:\Users\Alam\Downloads\rev\system\Database\MySQLi\Connection.php(292): mysqli->query('SELECT `balasan...', 0)
#1 C:\Users\Alam\Downloads\rev\system\Database\BaseConnection.php(670): CodeIgniter\Database\MySQLi\Connection->execute('SELECT `balasan...')
#2 C:\Users\Alam\Downloads\rev\system\Database\BaseConnection.php(598): CodeIgniter\Database\BaseConnection->simpleQuery('SELECT `balasan...')
#3 C:\Users\Alam\Downloads\rev\system\Database\BaseBuilder.php(1455): CodeIgniter\Database\BaseConnection->query('SELECT `balasan...', Array, false)
#4 C:\Users\Alam\Downloads\rev\system\Model.php(183): CodeIgniter\Database\BaseBuilder->get()
#5 C:\Users\Alam\Downloads\rev\system\BaseModel.php(584): CodeIgniter\Model->doFindAll(0, 0)
#6 C:\Users\Alam\Downloads\rev\app\Controllers\Petugas_pengadaan.php(395): CodeIgniter\BaseModel->findAll()
#7 C:\Users\Alam\Downloads\rev\system\CodeIgniter.php(832): App\Controllers\Petugas_pengadaan->cetakDataPengadaan()
#8 C:\Users\Alam\Downloads\rev\system\CodeIgniter.php(419): CodeIgniter\CodeIgniter->runController(Object(App\Controllers\Petugas_pengadaan))
#9 C:\Users\Alam\Downloads\rev\system\CodeIgniter.php(326): CodeIgniter\CodeIgniter->handleRequest(NULL, Object(Config\Cache), false)
#10 C:\Users\Alam\Downloads\rev\public\index.php(37): CodeIgniter\CodeIgniter->run()
#11 C:\Users\Alam\Downloads\rev\system\Commands\Server\rewrite.php(43): require_once('C:\\Users\\Alam\\D...')
#12 {main}
ERROR - 2024-02-11 13:25:41 --> Unknown table 'sidang.balasan_pengadaan'
CRITICAL - 2024-02-11 13:25:41 --> Unknown table 'sidang.balasan_pengadaan'
#0 C:\Users\Alam\Downloads\rev\system\Database\MySQLi\Connection.php(292): mysqli->query('SELECT `balasan...', 0)
#1 C:\Users\Alam\Downloads\rev\system\Database\BaseConnection.php(670): CodeIgniter\Database\MySQLi\Connection->execute('SELECT `balasan...')
#2 C:\Users\Alam\Downloads\rev\system\Database\BaseConnection.php(598): CodeIgniter\Database\BaseConnection->simpleQuery('SELECT `balasan...')
#3 C:\Users\Alam\Downloads\rev\system\Database\BaseBuilder.php(1455): CodeIgniter\Database\BaseConnection->query('SELECT `balasan...', Array, false)
#4 C:\Users\Alam\Downloads\rev\system\Model.php(183): CodeIgniter\Database\BaseBuilder->get()
#5 C:\Users\Alam\Downloads\rev\system\BaseModel.php(584): CodeIgniter\Model->doFindAll(0, 0)
#6 C:\Users\Alam\Downloads\rev\app\Controllers\Petugas_pengadaan.php(395): CodeIgniter\BaseModel->findAll()
#7 C:\Users\Alam\Downloads\rev\system\CodeIgniter.php(832): App\Controllers\Petugas_pengadaan->cetakDataPengadaan()
#8 C:\Users\Alam\Downloads\rev\system\CodeIgniter.php(419): CodeIgniter\CodeIgniter->runController(Object(App\Controllers\Petugas_pengadaan))
#9 C:\Users\Alam\Downloads\rev\system\CodeIgniter.php(326): CodeIgniter\CodeIgniter->handleRequest(NULL, Object(Config\Cache), false)
#10 C:\Users\Alam\Downloads\rev\public\index.php(37): CodeIgniter\CodeIgniter->run()
#11 C:\Users\Alam\Downloads\rev\system\Commands\Server\rewrite.php(43): require_once('C:\\Users\\Alam\\D...')
#12 {main}
ERROR - 2024-02-11 13:26:43 --> Unknown table 'sidang.balasan_pengadaan'
CRITICAL - 2024-02-11 13:26:43 --> Unknown table 'sidang.balasan_pengadaan'
#0 C:\Users\Alam\Downloads\rev\system\Database\MySQLi\Connection.php(292): mysqli->query('SELECT `balasan...', 0)
#1 C:\Users\Alam\Downloads\rev\system\Database\BaseConnection.php(670): CodeIgniter\Database\MySQLi\Connection->execute('SELECT `balasan...')
#2 C:\Users\Alam\Downloads\rev\system\Database\BaseConnection.php(598): CodeIgniter\Database\BaseConnection->simpleQuery('SELECT `balasan...')
#3 C:\Users\Alam\Downloads\rev\system\Database\BaseBuilder.php(1455): CodeIgniter\Database\BaseConnection->query('SELECT `balasan...', Array, false)
#4 C:\Users\Alam\Downloads\rev\system\Model.php(183): CodeIgniter\Database\BaseBuilder->get()
#5 C:\Users\Alam\Downloads\rev\system\BaseModel.php(584): CodeIgniter\Model->doFindAll(0, 0)
#6 C:\Users\Alam\Downloads\rev\app\Controllers\Petugas_pengadaan.php(395): CodeIgniter\BaseModel->findAll()
#7 C:\Users\Alam\Downloads\rev\system\CodeIgniter.php(832): App\Controllers\Petugas_pengadaan->cetakDataPengadaan()
#8 C:\Users\Alam\Downloads\rev\system\CodeIgniter.php(419): CodeIgniter\CodeIgniter->runController(Object(App\Controllers\Petugas_pengadaan))
#9 C:\Users\Alam\Downloads\rev\system\CodeIgniter.php(326): CodeIgniter\CodeIgniter->handleRequest(NULL, Object(Config\Cache), false)
#10 C:\Users\Alam\Downloads\rev\public\index.php(37): CodeIgniter\CodeIgniter->run()
#11 C:\Users\Alam\Downloads\rev\system\Commands\Server\rewrite.php(43): require_once('C:\\Users\\Alam\\D...')
#12 {main}
ERROR - 2024-02-11 13:26:44 --> Unknown table 'sidang.balasan_pengadaan'
CRITICAL - 2024-02-11 13:26:44 --> Unknown table 'sidang.balasan_pengadaan'
#0 C:\Users\Alam\Downloads\rev\system\Database\MySQLi\Connection.php(292): mysqli->query('SELECT `balasan...', 0)
#1 C:\Users\Alam\Downloads\rev\system\Database\BaseConnection.php(670): CodeIgniter\Database\MySQLi\Connection->execute('SELECT `balasan...')
#2 C:\Users\Alam\Downloads\rev\system\Database\BaseConnection.php(598): CodeIgniter\Database\BaseConnection->simpleQuery('SELECT `balasan...')
#3 C:\Users\Alam\Downloads\rev\system\Database\BaseBuilder.php(1455): CodeIgniter\Database\BaseConnection->query('SELECT `balasan...', Array, false)
#4 C:\Users\Alam\Downloads\rev\system\Model.php(183): CodeIgniter\Database\BaseBuilder->get()
#5 C:\Users\Alam\Downloads\rev\system\BaseModel.php(584): CodeIgniter\Model->doFindAll(0, 0)
#6 C:\Users\Alam\Downloads\rev\app\Controllers\Petugas_pengadaan.php(395): CodeIgniter\BaseModel->findAll()
#7 C:\Users\Alam\Downloads\rev\system\CodeIgniter.php(832): App\Controllers\Petugas_pengadaan->cetakDataPengadaan()
#8 C:\Users\Alam\Downloads\rev\system\CodeIgniter.php(419): CodeIgniter\CodeIgniter->runController(Object(App\Controllers\Petugas_pengadaan))
#9 C:\Users\Alam\Downloads\rev\system\CodeIgniter.php(326): CodeIgniter\CodeIgniter->handleRequest(NULL, Object(Config\Cache), false)
#10 C:\Users\Alam\Downloads\rev\public\index.php(37): CodeIgniter\CodeIgniter->run()
#11 C:\Users\Alam\Downloads\rev\system\Commands\Server\rewrite.php(43): require_once('C:\\Users\\Alam\\D...')
#12 {main}
CRITICAL - 2024-02-11 17:56:15 --> Attempt to read property "username" on null
#0 C:\Users\Alam\Downloads\rev\app\Controllers\Petugas_pengadaan.php(408): CodeIgniter\Debug\Exceptions->errorHandler(2, 'Attempt to read...', 'C:\\Users\\Alam\\D...', 408)
#1 C:\Users\Alam\Downloads\rev\system\CodeIgniter.php(832): App\Controllers\Petugas_pengadaan->cetakDataPengadaan()
#2 C:\Users\Alam\Downloads\rev\system\CodeIgniter.php(419): CodeIgniter\CodeIgniter->runController(Object(App\Controllers\Petugas_pengadaan))
#3 C:\Users\Alam\Downloads\rev\system\CodeIgniter.php(326): CodeIgniter\CodeIgniter->handleRequest(NULL, Object(Config\Cache), false)
#4 C:\Users\Alam\Downloads\rev\public\index.php(37): CodeIgniter\CodeIgniter->run()
#5 C:\Users\Alam\Downloads\rev\system\Commands\Server\rewrite.php(43): require_once('C:\\Users\\Alam\\D...')
#6 {main}
CRITICAL - 2024-02-11 17:58:06 --> Undefined array key "balasan"
#0 C:\Users\Alam\Downloads\rev\app\Views\Petugas_pengadaan\Laporan\Lap_pengadaan.php(132): CodeIgniter\Debug\Exceptions->errorHandler(2, 'Undefined array...', 'C:\\Users\\Alam\\D...', 132)
#1 C:\Users\Alam\Downloads\rev\system\View\View.php(210): include('C:\\Users\\Alam\\D...')
#2 C:\Users\Alam\Downloads\rev\system\View\View.php(213): CodeIgniter\View\View->CodeIgniter\View\{closure}()
#3 C:\Users\Alam\Downloads\rev\system\Common.php(1089): CodeIgniter\View\View->render('Petugas_pengada...', Array, true)
#4 C:\Users\Alam\Downloads\rev\app\Controllers\Petugas_pengadaan.php(421): view('Petugas_pengada...', Array)
#5 C:\Users\Alam\Downloads\rev\system\CodeIgniter.php(832): App\Controllers\Petugas_pengadaan->cetakDataPengadaan()
#6 C:\Users\Alam\Downloads\rev\system\CodeIgniter.php(419): CodeIgniter\CodeIgniter->runController(Object(App\Controllers\Petugas_pengadaan))
#7 C:\Users\Alam\Downloads\rev\system\CodeIgniter.php(326): CodeIgniter\CodeIgniter->handleRequest(NULL, Object(Config\Cache), false)
#8 C:\Users\Alam\Downloads\rev\public\index.php(37): CodeIgniter\CodeIgniter->run()
#9 C:\Users\Alam\Downloads\rev\system\Commands\Server\rewrite.php(43): require_once('C:\\Users\\Alam\\D...')
#10 {main}
CRITICAL - 2024-02-11 17:58:29 --> Undefined array key "balasan"
#0 C:\Users\Alam\Downloads\rev\app\Views\Petugas_pengadaan\Laporan\Lap_pengadaan.php(134): CodeIgniter\Debug\Exceptions->errorHandler(2, 'Undefined array...', 'C:\\Users\\Alam\\D...', 134)
#1 C:\Users\Alam\Downloads\rev\system\View\View.php(210): include('C:\\Users\\Alam\\D...')
#2 C:\Users\Alam\Downloads\rev\system\View\View.php(213): CodeIgniter\View\View->CodeIgniter\View\{closure}()
#3 C:\Users\Alam\Downloads\rev\system\Common.php(1089): CodeIgniter\View\View->render('Petugas_pengada...', Array, true)
#4 C:\Users\Alam\Downloads\rev\app\Controllers\Petugas_pengadaan.php(421): view('Petugas_pengada...', Array)
#5 C:\Users\Alam\Downloads\rev\system\CodeIgniter.php(832): App\Controllers\Petugas_pengadaan->cetakDataPengadaan()
#6 C:\Users\Alam\Downloads\rev\system\CodeIgniter.php(419): CodeIgniter\CodeIgniter->runController(Object(App\Controllers\Petugas_pengadaan))
#7 C:\Users\Alam\Downloads\rev\system\CodeIgniter.php(326): CodeIgniter\CodeIgniter->handleRequest(NULL, Object(Config\Cache), false)
#8 C:\Users\Alam\Downloads\rev\public\index.php(37): CodeIgniter\CodeIgniter->run()
#9 C:\Users\Alam\Downloads\rev\system\Commands\Server\rewrite.php(43): require_once('C:\\Users\\Alam\\D...')
#10 {main}
CRITICAL - 2024-02-11 17:58:46 --> Undefined variable $balsan
#0 C:\Users\Alam\Downloads\rev\app\Views\Petugas_pengadaan\Laporan\Lap_pengadaan.php(135): CodeIgniter\Debug\Exceptions->errorHandler(2, 'Undefined varia...', 'C:\\Users\\Alam\\D...', 135)
#1 C:\Users\Alam\Downloads\rev\system\View\View.php(210): include('C:\\Users\\Alam\\D...')
#2 C:\Users\Alam\Downloads\rev\system\View\View.php(213): CodeIgniter\View\View->CodeIgniter\View\{closure}()
#3 C:\Users\Alam\Downloads\rev\system\Common.php(1089): CodeIgniter\View\View->render('Petugas_pengada...', Array, true)
#4 C:\Users\Alam\Downloads\rev\app\Controllers\Petugas_pengadaan.php(421): view('Petugas_pengada...', Array)
#5 C:\Users\Alam\Downloads\rev\system\CodeIgniter.php(832): App\Controllers\Petugas_pengadaan->cetakDataPengadaan()
#6 C:\Users\Alam\Downloads\rev\system\CodeIgniter.php(419): CodeIgniter\CodeIgniter->runController(Object(App\Controllers\Petugas_pengadaan))
#7 C:\Users\Alam\Downloads\rev\system\CodeIgniter.php(326): CodeIgniter\CodeIgniter->handleRequest(NULL, Object(Config\Cache), false)
#8 C:\Users\Alam\Downloads\rev\public\index.php(37): CodeIgniter\CodeIgniter->run()
#9 C:\Users\Alam\Downloads\rev\system\Commands\Server\rewrite.php(43): require_once('C:\\Users\\Alam\\D...')
#10 {main}
CRITICAL - 2024-02-11 17:58:49 --> Undefined variable $balsan
#0 C:\Users\Alam\Downloads\rev\app\Views\Petugas_pengadaan\Laporan\Lap_pengadaan.php(135): CodeIgniter\Debug\Exceptions->errorHandler(2, 'Undefined varia...', 'C:\\Users\\Alam\\D...', 135)
#1 C:\Users\Alam\Downloads\rev\system\View\View.php(210): include('C:\\Users\\Alam\\D...')
#2 C:\Users\Alam\Downloads\rev\system\View\View.php(213): CodeIgniter\View\View->CodeIgniter\View\{closure}()
#3 C:\Users\Alam\Downloads\rev\system\Common.php(1089): CodeIgniter\View\View->render('Petugas_pengada...', Array, true)
#4 C:\Users\Alam\Downloads\rev\app\Controllers\Petugas_pengadaan.php(421): view('Petugas_pengada...', Array)
#5 C:\Users\Alam\Downloads\rev\system\CodeIgniter.php(832): App\Controllers\Petugas_pengadaan->cetakDataPengadaan()
#6 C:\Users\Alam\Downloads\rev\system\CodeIgniter.php(419): CodeIgniter\CodeIgniter->runController(Object(App\Controllers\Petugas_pengadaan))
#7 C:\Users\Alam\Downloads\rev\system\CodeIgniter.php(326): CodeIgniter\CodeIgniter->handleRequest(NULL, Object(Config\Cache), false)
#8 C:\Users\Alam\Downloads\rev\public\index.php(37): CodeIgniter\CodeIgniter->run()
#9 C:\Users\Alam\Downloads\rev\system\Commands\Server\rewrite.php(43): require_once('C:\\Users\\Alam\\D...')
#10 {main}
CRITICAL - 2024-02-11 18:02:08 --> Undefined array key "balsan"
#0 C:\Users\Alam\Downloads\rev\app\Views\Petugas_pengadaan\Laporan\Lap_pengadaan.php(148): CodeIgniter\Debug\Exceptions->errorHandler(2, 'Undefined array...', 'C:\\Users\\Alam\\D...', 148)
#1 C:\Users\Alam\Downloads\rev\system\View\View.php(210): include('C:\\Users\\Alam\\D...')
#2 C:\Users\Alam\Downloads\rev\system\View\View.php(213): CodeIgniter\View\View->CodeIgniter\View\{closure}()
#3 C:\Users\Alam\Downloads\rev\system\Common.php(1089): CodeIgniter\View\View->render('Petugas_pengada...', Array, true)
#4 C:\Users\Alam\Downloads\rev\app\Controllers\Petugas_pengadaan.php(421): view('Petugas_pengada...', Array)
#5 C:\Users\Alam\Downloads\rev\system\CodeIgniter.php(832): App\Controllers\Petugas_pengadaan->cetakDataPengadaan()
#6 C:\Users\Alam\Downloads\rev\system\CodeIgniter.php(419): CodeIgniter\CodeIgniter->runController(Object(App\Controllers\Petugas_pengadaan))
#7 C:\Users\Alam\Downloads\rev\system\CodeIgniter.php(326): CodeIgniter\CodeIgniter->handleRequest(NULL, Object(Config\Cache), false)
#8 C:\Users\Alam\Downloads\rev\public\index.php(37): CodeIgniter\CodeIgniter->run()
#9 C:\Users\Alam\Downloads\rev\system\Commands\Server\rewrite.php(43): require_once('C:\\Users\\Alam\\D...')
#10 {main}
ERROR - 2024-02-11 18:10:53 --> Unknown column 'balasan_pengadaan.id_pengadaan_barang' in 'where clause'
CRITICAL - 2024-02-11 18:10:53 --> Unknown column 'balasan_pengadaan.id_pengadaan_barang' in 'where clause'
#0 C:\Users\Alam\Downloads\rev\system\Database\MySQLi\Connection.php(292): mysqli->query('SELECT `balasan...', 0)
#1 C:\Users\Alam\Downloads\rev\system\Database\BaseConnection.php(670): CodeIgniter\Database\MySQLi\Connection->execute('SELECT `balasan...')
#2 C:\Users\Alam\Downloads\rev\system\Database\BaseConnection.php(598): CodeIgniter\Database\BaseConnection->simpleQuery('SELECT `balasan...')
#3 C:\Users\Alam\Downloads\rev\system\Database\BaseBuilder.php(1455): CodeIgniter\Database\BaseConnection->query('SELECT `balasan...', Array, false)
#4 C:\Users\Alam\Downloads\rev\system\Model.php(183): CodeIgniter\Database\BaseBuilder->get()
#5 C:\Users\Alam\Downloads\rev\system\BaseModel.php(584): CodeIgniter\Model->doFindAll(0, 0)
#6 C:\Users\Alam\Downloads\rev\app\Controllers\Petugas_pengadaan.php(395): CodeIgniter\BaseModel->findAll()
#7 C:\Users\Alam\Downloads\rev\system\CodeIgniter.php(832): App\Controllers\Petugas_pengadaan->cetakDataPengadaan()
#8 C:\Users\Alam\Downloads\rev\system\CodeIgniter.php(419): CodeIgniter\CodeIgniter->runController(Object(App\Controllers\Petugas_pengadaan))
#9 C:\Users\Alam\Downloads\rev\system\CodeIgniter.php(326): CodeIgniter\CodeIgniter->handleRequest(NULL, Object(Config\Cache), false)
#10 C:\Users\Alam\Downloads\rev\public\index.php(37): CodeIgniter\CodeIgniter->run()
#11 C:\Users\Alam\Downloads\rev\system\Commands\Server\rewrite.php(43): require_once('C:\\Users\\Alam\\D...')
#12 {main}
ERROR - 2024-02-11 18:13:20 --> Not unique table/alias: 'detail_pengadaan_barang'
CRITICAL - 2024-02-11 18:13:20 --> Not unique table/alias: 'detail_pengadaan_barang'
#0 C:\Users\Alam\Downloads\rev\system\Database\MySQLi\Connection.php(292): mysqli->query('SELECT `balasan...', 0)
#1 C:\Users\Alam\Downloads\rev\system\Database\BaseConnection.php(670): CodeIgniter\Database\MySQLi\Connection->execute('SELECT `balasan...')
#2 C:\Users\Alam\Downloads\rev\system\Database\BaseConnection.php(598): CodeIgniter\Database\BaseConnection->simpleQuery('SELECT `balasan...')
#3 C:\Users\Alam\Downloads\rev\system\Database\BaseBuilder.php(1455): CodeIgniter\Database\BaseConnection->query('SELECT `balasan...', Array, false)
#4 C:\Users\Alam\Downloads\rev\system\Model.php(183): CodeIgniter\Database\BaseBuilder->get()
#5 C:\Users\Alam\Downloads\rev\system\BaseModel.php(584): CodeIgniter\Model->doFindAll(0, 0)
#6 C:\Users\Alam\Downloads\rev\app\Controllers\Petugas_pengadaan.php(395): CodeIgniter\BaseModel->findAll()
#7 C:\Users\Alam\Downloads\rev\system\CodeIgniter.php(832): App\Controllers\Petugas_pengadaan->cetakDataPengadaan()
#8 C:\Users\Alam\Downloads\rev\system\CodeIgniter.php(419): CodeIgniter\CodeIgniter->runController(Object(App\Controllers\Petugas_pengadaan))
#9 C:\Users\Alam\Downloads\rev\system\CodeIgniter.php(326): CodeIgniter\CodeIgniter->handleRequest(NULL, Object(Config\Cache), false)
#10 C:\Users\Alam\Downloads\rev\public\index.php(37): CodeIgniter\CodeIgniter->run()
#11 C:\Users\Alam\Downloads\rev\system\Commands\Server\rewrite.php(43): require_once('C:\\Users\\Alam\\D...')
#12 {main}
CRITICAL - 2024-02-11 18:24:57 --> Unmatched '}'
#0 C:\Users\Alam\Downloads\rev\system\View\View.php(213): CodeIgniter\View\View->CodeIgniter\View\{closure}()
#1 C:\Users\Alam\Downloads\rev\system\Common.php(1089): CodeIgniter\View\View->render('Petugas_pengada...', Array, true)
#2 C:\Users\Alam\Downloads\rev\app\Controllers\Petugas_pengadaan.php(421): view('Petugas_pengada...', Array)
#3 C:\Users\Alam\Downloads\rev\system\CodeIgniter.php(832): App\Controllers\Petugas_pengadaan->cetakDataPengadaan()
#4 C:\Users\Alam\Downloads\rev\system\CodeIgniter.php(419): CodeIgniter\CodeIgniter->runController(Object(App\Controllers\Petugas_pengadaan))
#5 C:\Users\Alam\Downloads\rev\system\CodeIgniter.php(326): CodeIgniter\CodeIgniter->handleRequest(NULL, Object(Config\Cache), false)
#6 C:\Users\Alam\Downloads\rev\public\index.php(37): CodeIgniter\CodeIgniter->run()
#7 C:\Users\Alam\Downloads\rev\system\Commands\Server\rewrite.php(43): require_once('C:\\Users\\Alam\\D...')
#8 {main}
