CRITICAL - 2024-01-14 14:36:58 --> Undefined index: kota_qrcode
#0 C:\xampp\htdocs\INVENTARIS_PENGADAAN\app\Views\admin\laporan\lap_qr.php(89): CodeIgniter\Debug\Exceptions->errorHandler(8, 'Undefined index...', 'C:\\xampp\\htdocs...', 89, Array)
#1 C:\xampp\htdocs\INVENTARIS_PENGADAAN\system\View\View.php(210): include('C:\\xampp\\htdocs...')
#2 C:\xampp\htdocs\INVENTARIS_PENGADAAN\system\View\View.php(213): CodeIgniter\View\View->CodeIgniter\View\{closure}()
#3 C:\xampp\htdocs\INVENTARIS_PENGADAAN\system\Common.php(1089): CodeIgniter\View\View->render('admin/laporan/l...', Array, true)
#4 C:\xampp\htdocs\INVENTARIS_PENGADAAN\app\Controllers\Admin.php(1996): view('admin/laporan/l...', Array)
#5 C:\xampp\htdocs\INVENTARIS_PENGADAAN\system\CodeIgniter.php(832): App\Controllers\Admin->cetak_qr()
#6 C:\xampp\htdocs\INVENTARIS_PENGADAAN\system\CodeIgniter.php(419): CodeIgniter\CodeIgniter->runController(Object(App\Controllers\Admin))
#7 C:\xampp\htdocs\INVENTARIS_PENGADAAN\system\CodeIgniter.php(326): CodeIgniter\CodeIgniter->handleRequest(NULL, Object(Config\Cache), false)
#8 C:\xampp\htdocs\INVENTARIS_PENGADAAN\public\index.php(37): CodeIgniter\CodeIgniter->run()
#9 C:\xampp\htdocs\INVENTARIS_PENGADAAN\system\Commands\Server\rewrite.php(43): require_once('C:\\xampp\\htdocs...')
#10 {main}
ERROR - 2024-01-14 21:42:27 --> Unknown column 'kodeBarang' in 'where clause'
CRITICAL - 2024-01-14 21:42:27 --> Unknown column 'kodeBarang' in 'where clause'
#0 C:\xampp\htdocs\INVENTARIS_PENGADAAN\system\Database\MySQLi\Connection.php(292): mysqli->query('SELECT *\nFROM `...', 0)
#1 C:\xampp\htdocs\INVENTARIS_PENGADAAN\system\Database\BaseConnection.php(670): CodeIgniter\Database\MySQLi\Connection->execute('SELECT *\nFROM `...')
#2 C:\xampp\htdocs\INVENTARIS_PENGADAAN\system\Database\BaseConnection.php(598): CodeIgniter\Database\BaseConnection->simpleQuery('SELECT *\nFROM `...')
#3 C:\xampp\htdocs\INVENTARIS_PENGADAAN\system\Database\BaseBuilder.php(1455): CodeIgniter\Database\BaseConnection->query('SELECT *\nFROM `...', Array, false)
#4 C:\xampp\htdocs\INVENTARIS_PENGADAAN\system\Model.php(210): CodeIgniter\Database\BaseBuilder->get()
#5 C:\xampp\htdocs\INVENTARIS_PENGADAAN\system\BaseModel.php(622): CodeIgniter\Model->doFirst()
#6 C:\xampp\htdocs\INVENTARIS_PENGADAAN\app\Controllers\Admin.php(2020): CodeIgniter\BaseModel->first()
#7 C:\xampp\htdocs\INVENTARIS_PENGADAAN\system\CodeIgniter.php(832): App\Controllers\Admin->cetak_qr_id('80')
#8 C:\xampp\htdocs\INVENTARIS_PENGADAAN\system\CodeIgniter.php(419): CodeIgniter\CodeIgniter->runController(Object(App\Controllers\Admin))
#9 C:\xampp\htdocs\INVENTARIS_PENGADAAN\system\CodeIgniter.php(326): CodeIgniter\CodeIgniter->handleRequest(NULL, Object(Config\Cache), false)
#10 C:\xampp\htdocs\INVENTARIS_PENGADAAN\public\index.php(37): CodeIgniter\CodeIgniter->run()
#11 C:\xampp\htdocs\INVENTARIS_PENGADAAN\system\Commands\Server\rewrite.php(43): require_once('C:\\xampp\\htdocs...')
#12 {main}
CRITICAL - 2024-01-14 21:42:56 --> Undefined variable: kode_barang
#0 C:\xampp\htdocs\INVENTARIS_PENGADAAN\app\Controllers\Admin.php(2020): CodeIgniter\Debug\Exceptions->errorHandler(8, 'Undefined varia...', 'C:\\xampp\\htdocs...', 2020, Array)
#1 C:\xampp\htdocs\INVENTARIS_PENGADAAN\system\CodeIgniter.php(832): App\Controllers\Admin->cetak_qr_id('80')
#2 C:\xampp\htdocs\INVENTARIS_PENGADAAN\system\CodeIgniter.php(419): CodeIgniter\CodeIgniter->runController(Object(App\Controllers\Admin))
#3 C:\xampp\htdocs\INVENTARIS_PENGADAAN\system\CodeIgniter.php(326): CodeIgniter\CodeIgniter->handleRequest(NULL, Object(Config\Cache), false)
#4 C:\xampp\htdocs\INVENTARIS_PENGADAAN\public\index.php(37): CodeIgniter\CodeIgniter->run()
#5 C:\xampp\htdocs\INVENTARIS_PENGADAAN\system\Commands\Server\rewrite.php(43): require_once('C:\\xampp\\htdocs...')
#6 {main}
CRITICAL - 2024-01-14 21:43:11 --> Invalid argument supplied for foreach()
#0 C:\xampp\htdocs\INVENTARIS_PENGADAAN\app\Views\admin\laporan\lap_qr.php(80): CodeIgniter\Debug\Exceptions->errorHandler(2, 'Invalid argumen...', 'C:\\xampp\\htdocs...', 80, Array)
#1 C:\xampp\htdocs\INVENTARIS_PENGADAAN\system\View\View.php(210): include('C:\\xampp\\htdocs...')
#2 C:\xampp\htdocs\INVENTARIS_PENGADAAN\system\View\View.php(213): CodeIgniter\View\View->CodeIgniter\View\{closure}()
#3 C:\xampp\htdocs\INVENTARIS_PENGADAAN\system\Common.php(1089): CodeIgniter\View\View->render('admin/laporan/l...', Array, true)
#4 C:\xampp\htdocs\INVENTARIS_PENGADAAN\app\Controllers\Admin.php(2025): view('admin/laporan/l...', Array)
#5 C:\xampp\htdocs\INVENTARIS_PENGADAAN\system\CodeIgniter.php(832): App\Controllers\Admin->cetak_qr_id('80')
#6 C:\xampp\htdocs\INVENTARIS_PENGADAAN\system\CodeIgniter.php(419): CodeIgniter\CodeIgniter->runController(Object(App\Controllers\Admin))
#7 C:\xampp\htdocs\INVENTARIS_PENGADAAN\system\CodeIgniter.php(326): CodeIgniter\CodeIgniter->handleRequest(NULL, Object(Config\Cache), false)
#8 C:\xampp\htdocs\INVENTARIS_PENGADAAN\public\index.php(37): CodeIgniter\CodeIgniter->run()
#9 C:\xampp\htdocs\INVENTARIS_PENGADAAN\system\Commands\Server\rewrite.php(43): require_once('C:\\xampp\\htdocs...')
#10 {main}
CRITICAL - 2024-01-14 21:59:58 --> Illegal string offset 'kode_barang'
#0 C:\xampp\htdocs\INVENTARIS_PENGADAAN\app\Views\admin\laporan\lap_qr.php(82): CodeIgniter\Debug\Exceptions->errorHandler(2, 'Illegal string ...', 'C:\\xampp\\htdocs...', 82, Array)
#1 C:\xampp\htdocs\INVENTARIS_PENGADAAN\system\View\View.php(210): include('C:\\xampp\\htdocs...')
#2 C:\xampp\htdocs\INVENTARIS_PENGADAAN\system\View\View.php(213): CodeIgniter\View\View->CodeIgniter\View\{closure}()
#3 C:\xampp\htdocs\INVENTARIS_PENGADAAN\system\Common.php(1089): CodeIgniter\View\View->render('admin/laporan/l...', Array, true)
#4 C:\xampp\htdocs\INVENTARIS_PENGADAAN\app\Controllers\Admin.php(2029): view('admin/laporan/l...', Array)
#5 C:\xampp\htdocs\INVENTARIS_PENGADAAN\system\CodeIgniter.php(832): App\Controllers\Admin->cetak_qr_id('80')
#6 C:\xampp\htdocs\INVENTARIS_PENGADAAN\system\CodeIgniter.php(419): CodeIgniter\CodeIgniter->runController(Object(App\Controllers\Admin))
#7 C:\xampp\htdocs\INVENTARIS_PENGADAAN\system\CodeIgniter.php(326): CodeIgniter\CodeIgniter->handleRequest(NULL, Object(Config\Cache), false)
#8 C:\xampp\htdocs\INVENTARIS_PENGADAAN\public\index.php(37): CodeIgniter\CodeIgniter->run()
#9 C:\xampp\htdocs\INVENTARIS_PENGADAAN\system\Commands\Server\rewrite.php(43): require_once('C:\\xampp\\htdocs...')
#10 {main}
CRITICAL - 2024-01-14 22:22:49 --> Illegal string offset 'kode_barang'
#0 C:\xampp\htdocs\INVENTARIS_PENGADAAN\app\Views\admin\laporan\kode_qr.php(82): CodeIgniter\Debug\Exceptions->errorHandler(2, 'Illegal string ...', 'C:\\xampp\\htdocs...', 82, Array)
#1 C:\xampp\htdocs\INVENTARIS_PENGADAAN\system\View\View.php(210): include('C:\\xampp\\htdocs...')
#2 C:\xampp\htdocs\INVENTARIS_PENGADAAN\system\View\View.php(213): CodeIgniter\View\View->CodeIgniter\View\{closure}()
#3 C:\xampp\htdocs\INVENTARIS_PENGADAAN\system\Common.php(1089): CodeIgniter\View\View->render('admin/laporan/k...', Array, true)
#4 C:\xampp\htdocs\INVENTARIS_PENGADAAN\app\Controllers\Admin.php(2029): view('admin/laporan/k...', Array)
#5 C:\xampp\htdocs\INVENTARIS_PENGADAAN\system\CodeIgniter.php(832): App\Controllers\Admin->cetak_qr_id('80')
#6 C:\xampp\htdocs\INVENTARIS_PENGADAAN\system\CodeIgniter.php(419): CodeIgniter\CodeIgniter->runController(Object(App\Controllers\Admin))
#7 C:\xampp\htdocs\INVENTARIS_PENGADAAN\system\CodeIgniter.php(326): CodeIgniter\CodeIgniter->handleRequest(NULL, Object(Config\Cache), false)
#8 C:\xampp\htdocs\INVENTARIS_PENGADAAN\public\index.php(37): CodeIgniter\CodeIgniter->run()
#9 C:\xampp\htdocs\INVENTARIS_PENGADAAN\system\Commands\Server\rewrite.php(43): require_once('C:\\xampp\\htdocs...')
#10 {main}
