ERROR - 2024-09-15 12:06:27 --> Table 'toko_hera.auth_logins' doesn't exist
CRITICAL - 2024-09-15 12:06:27 --> Table 'toko_hera.auth_logins' doesn't exist
#0 C:\xampp\htdocs\ePosyan\system\Database\MySQLi\Connection.php(292): mysqli->query('INSERT INTO `au...', 0)
#1 C:\xampp\htdocs\ePosyan\system\Database\BaseConnection.php(670): CodeIgniter\Database\MySQLi\Connection->execute('INSERT INTO `au...')
#2 C:\xampp\htdocs\ePosyan\system\Database\BaseConnection.php(598): CodeIgniter\Database\BaseConnection->simpleQuery('INSERT INTO `au...')
#3 C:\xampp\htdocs\ePosyan\system\Database\BaseBuilder.php(1771): CodeIgniter\Database\BaseConnection->query('INSERT INTO `au...', Array, false)
#4 C:\xampp\htdocs\ePosyan\system\Model.php(239): CodeIgniter\Database\BaseBuilder->insert()
#5 C:\xampp\htdocs\ePosyan\system\BaseModel.php(738): CodeIgniter\Model->doInsert(Array)
#6 C:\xampp\htdocs\ePosyan\system\Model.php(625): CodeIgniter\BaseModel->insert(Array, true)
#7 C:\xampp\htdocs\ePosyan\vendor\myth\auth\src\Authentication\AuthenticationBase.php(198): CodeIgniter\Model->insert(Array)
#8 C:\xampp\htdocs\ePosyan\vendor\myth\auth\src\Authentication\AuthenticationBase.php(88): Myth\Auth\Authentication\AuthenticationBase->recordLoginAttempt('admin@gmail.com', '::1', 1, true)
#9 C:\xampp\htdocs\ePosyan\vendor\myth\auth\src\Authentication\LocalAuthenticator.php(59): Myth\Auth\Authentication\AuthenticationBase->login(Object(Myth\Auth\Entities\User), false)
#10 C:\xampp\htdocs\ePosyan\vendor\myth\auth\src\Controllers\AuthController.php(87): Myth\Auth\Authentication\LocalAuthenticator->attempt(Array, false)
#11 C:\xampp\htdocs\ePosyan\system\CodeIgniter.php(832): Myth\Auth\Controllers\AuthController->attemptLogin()
#12 C:\xampp\htdocs\ePosyan\system\CodeIgniter.php(419): CodeIgniter\CodeIgniter->runController(Object(Myth\Auth\Controllers\AuthController))
#13 C:\xampp\htdocs\ePosyan\system\CodeIgniter.php(326): CodeIgniter\CodeIgniter->handleRequest(NULL, Object(Config\Cache), false)
#14 C:\xampp\htdocs\ePosyan\public\index.php(37): CodeIgniter\CodeIgniter->run()
#15 C:\xampp\htdocs\ePosyan\system\Commands\Server\rewrite.php(43): require_once('C:\\xampp\\htdocs...')
#16 {main}
ERROR - 2024-09-15 12:17:03 --> Duplicate entry '0' for key 'PRIMARY'
CRITICAL - 2024-09-15 12:17:03 --> Duplicate entry '0' for key 'PRIMARY'
#0 C:\xampp\htdocs\ePosyan\system\Database\MySQLi\Connection.php(292): mysqli->query('INSERT INTO `au...', 0)
#1 C:\xampp\htdocs\ePosyan\system\Database\BaseConnection.php(670): CodeIgniter\Database\MySQLi\Connection->execute('INSERT INTO `au...')
#2 C:\xampp\htdocs\ePosyan\system\Database\BaseConnection.php(598): CodeIgniter\Database\BaseConnection->simpleQuery('INSERT INTO `au...')
#3 C:\xampp\htdocs\ePosyan\system\Database\BaseBuilder.php(1771): CodeIgniter\Database\BaseConnection->query('INSERT INTO `au...', Array, false)
#4 C:\xampp\htdocs\ePosyan\system\Model.php(239): CodeIgniter\Database\BaseBuilder->insert()
#5 C:\xampp\htdocs\ePosyan\system\BaseModel.php(738): CodeIgniter\Model->doInsert(Array)
#6 C:\xampp\htdocs\ePosyan\system\Model.php(625): CodeIgniter\BaseModel->insert(Array, true)
#7 C:\xampp\htdocs\ePosyan\vendor\myth\auth\src\Authentication\AuthenticationBase.php(198): CodeIgniter\Model->insert(Array)
#8 C:\xampp\htdocs\ePosyan\vendor\myth\auth\src\Authentication\AuthenticationBase.php(88): Myth\Auth\Authentication\AuthenticationBase->recordLoginAttempt('pemilik@gmail.c...', '::1', 15, true)
#9 C:\xampp\htdocs\ePosyan\vendor\myth\auth\src\Authentication\LocalAuthenticator.php(59): Myth\Auth\Authentication\AuthenticationBase->login(Object(Myth\Auth\Entities\User), false)
#10 C:\xampp\htdocs\ePosyan\vendor\myth\auth\src\Controllers\AuthController.php(87): Myth\Auth\Authentication\LocalAuthenticator->attempt(Array, false)
#11 C:\xampp\htdocs\ePosyan\system\CodeIgniter.php(832): Myth\Auth\Controllers\AuthController->attemptLogin()
#12 C:\xampp\htdocs\ePosyan\system\CodeIgniter.php(419): CodeIgniter\CodeIgniter->runController(Object(Myth\Auth\Controllers\AuthController))
#13 C:\xampp\htdocs\ePosyan\system\CodeIgniter.php(326): CodeIgniter\CodeIgniter->handleRequest(NULL, Object(Config\Cache), false)
#14 C:\xampp\htdocs\ePosyan\public\index.php(37): CodeIgniter\CodeIgniter->run()
#15 C:\xampp\htdocs\ePosyan\system\Commands\Server\rewrite.php(43): require_once('C:\\xampp\\htdocs...')
#16 {main}
ERROR - 2024-09-15 12:17:22 --> Duplicate entry '0' for key 'PRIMARY'
CRITICAL - 2024-09-15 12:17:22 --> Duplicate entry '0' for key 'PRIMARY'
#0 C:\xampp\htdocs\ePosyan\system\Database\MySQLi\Connection.php(292): mysqli->query('INSERT INTO `au...', 0)
#1 C:\xampp\htdocs\ePosyan\system\Database\BaseConnection.php(670): CodeIgniter\Database\MySQLi\Connection->execute('INSERT INTO `au...')
#2 C:\xampp\htdocs\ePosyan\system\Database\BaseConnection.php(598): CodeIgniter\Database\BaseConnection->simpleQuery('INSERT INTO `au...')
#3 C:\xampp\htdocs\ePosyan\system\Database\BaseBuilder.php(1771): CodeIgniter\Database\BaseConnection->query('INSERT INTO `au...', Array, false)
#4 C:\xampp\htdocs\ePosyan\system\Model.php(239): CodeIgniter\Database\BaseBuilder->insert()
#5 C:\xampp\htdocs\ePosyan\system\BaseModel.php(738): CodeIgniter\Model->doInsert(Array)
#6 C:\xampp\htdocs\ePosyan\system\Model.php(625): CodeIgniter\BaseModel->insert(Array, true)
#7 C:\xampp\htdocs\ePosyan\vendor\myth\auth\src\Authentication\AuthenticationBase.php(198): CodeIgniter\Model->insert(Array)
#8 C:\xampp\htdocs\ePosyan\vendor\myth\auth\src\Authentication\AuthenticationBase.php(88): Myth\Auth\Authentication\AuthenticationBase->recordLoginAttempt('pemilik@gmail.c...', '::1', 15, true)
#9 C:\xampp\htdocs\ePosyan\vendor\myth\auth\src\Authentication\LocalAuthenticator.php(59): Myth\Auth\Authentication\AuthenticationBase->login(Object(Myth\Auth\Entities\User), false)
#10 C:\xampp\htdocs\ePosyan\vendor\myth\auth\src\Controllers\AuthController.php(87): Myth\Auth\Authentication\LocalAuthenticator->attempt(Array, false)
#11 C:\xampp\htdocs\ePosyan\system\CodeIgniter.php(832): Myth\Auth\Controllers\AuthController->attemptLogin()
#12 C:\xampp\htdocs\ePosyan\system\CodeIgniter.php(419): CodeIgniter\CodeIgniter->runController(Object(Myth\Auth\Controllers\AuthController))
#13 C:\xampp\htdocs\ePosyan\system\CodeIgniter.php(326): CodeIgniter\CodeIgniter->handleRequest(NULL, Object(Config\Cache), false)
#14 C:\xampp\htdocs\ePosyan\public\index.php(37): CodeIgniter\CodeIgniter->run()
#15 C:\xampp\htdocs\ePosyan\system\Commands\Server\rewrite.php(43): require_once('C:\\xampp\\htdocs...')
#16 {main}
ERROR - 2024-09-15 12:27:53 --> Duplicate entry '0' for key 'PRIMARY'
CRITICAL - 2024-09-15 12:27:53 --> Duplicate entry '0' for key 'PRIMARY'
#0 C:\xampp\htdocs\ePosyan\system\Database\MySQLi\Connection.php(292): mysqli->query('INSERT INTO `au...', 0)
#1 C:\xampp\htdocs\ePosyan\system\Database\BaseConnection.php(670): CodeIgniter\Database\MySQLi\Connection->execute('INSERT INTO `au...')
#2 C:\xampp\htdocs\ePosyan\system\Database\BaseConnection.php(598): CodeIgniter\Database\BaseConnection->simpleQuery('INSERT INTO `au...')
#3 C:\xampp\htdocs\ePosyan\system\Database\BaseBuilder.php(1771): CodeIgniter\Database\BaseConnection->query('INSERT INTO `au...', Array, false)
#4 C:\xampp\htdocs\ePosyan\system\Model.php(239): CodeIgniter\Database\BaseBuilder->insert()
#5 C:\xampp\htdocs\ePosyan\system\BaseModel.php(738): CodeIgniter\Model->doInsert(Array)
#6 C:\xampp\htdocs\ePosyan\system\Model.php(625): CodeIgniter\BaseModel->insert(Array, true)
#7 C:\xampp\htdocs\ePosyan\vendor\myth\auth\src\Authentication\AuthenticationBase.php(198): CodeIgniter\Model->insert(Array)
#8 C:\xampp\htdocs\ePosyan\vendor\myth\auth\src\Authentication\AuthenticationBase.php(88): Myth\Auth\Authentication\AuthenticationBase->recordLoginAttempt('administrator@g...', '::1', 16, true)
#9 C:\xampp\htdocs\ePosyan\vendor\myth\auth\src\Authentication\LocalAuthenticator.php(59): Myth\Auth\Authentication\AuthenticationBase->login(Object(Myth\Auth\Entities\User), false)
#10 C:\xampp\htdocs\ePosyan\vendor\myth\auth\src\Controllers\AuthController.php(87): Myth\Auth\Authentication\LocalAuthenticator->attempt(Array, false)
#11 C:\xampp\htdocs\ePosyan\system\CodeIgniter.php(832): Myth\Auth\Controllers\AuthController->attemptLogin()
#12 C:\xampp\htdocs\ePosyan\system\CodeIgniter.php(419): CodeIgniter\CodeIgniter->runController(Object(Myth\Auth\Controllers\AuthController))
#13 C:\xampp\htdocs\ePosyan\system\CodeIgniter.php(326): CodeIgniter\CodeIgniter->handleRequest(NULL, Object(Config\Cache), false)
#14 C:\xampp\htdocs\ePosyan\public\index.php(37): CodeIgniter\CodeIgniter->run()
#15 C:\xampp\htdocs\ePosyan\system\Commands\Server\rewrite.php(43): require_once('C:\\xampp\\htdocs...')
#16 {main}
ERROR - 2024-09-15 12:28:00 --> Duplicate entry '0' for key 'PRIMARY'
CRITICAL - 2024-09-15 12:28:00 --> Duplicate entry '0' for key 'PRIMARY'
#0 C:\xampp\htdocs\ePosyan\system\Database\MySQLi\Connection.php(292): mysqli->query('INSERT INTO `au...', 0)
#1 C:\xampp\htdocs\ePosyan\system\Database\BaseConnection.php(670): CodeIgniter\Database\MySQLi\Connection->execute('INSERT INTO `au...')
#2 C:\xampp\htdocs\ePosyan\system\Database\BaseConnection.php(598): CodeIgniter\Database\BaseConnection->simpleQuery('INSERT INTO `au...')
#3 C:\xampp\htdocs\ePosyan\system\Database\BaseBuilder.php(1771): CodeIgniter\Database\BaseConnection->query('INSERT INTO `au...', Array, false)
#4 C:\xampp\htdocs\ePosyan\system\Model.php(239): CodeIgniter\Database\BaseBuilder->insert()
#5 C:\xampp\htdocs\ePosyan\system\BaseModel.php(738): CodeIgniter\Model->doInsert(Array)
#6 C:\xampp\htdocs\ePosyan\system\Model.php(625): CodeIgniter\BaseModel->insert(Array, true)
#7 C:\xampp\htdocs\ePosyan\vendor\myth\auth\src\Authentication\AuthenticationBase.php(198): CodeIgniter\Model->insert(Array)
#8 C:\xampp\htdocs\ePosyan\vendor\myth\auth\src\Authentication\AuthenticationBase.php(88): Myth\Auth\Authentication\AuthenticationBase->recordLoginAttempt('administrator@g...', '::1', 16, true)
#9 C:\xampp\htdocs\ePosyan\vendor\myth\auth\src\Authentication\LocalAuthenticator.php(59): Myth\Auth\Authentication\AuthenticationBase->login(Object(Myth\Auth\Entities\User), false)
#10 C:\xampp\htdocs\ePosyan\vendor\myth\auth\src\Controllers\AuthController.php(87): Myth\Auth\Authentication\LocalAuthenticator->attempt(Array, false)
#11 C:\xampp\htdocs\ePosyan\system\CodeIgniter.php(832): Myth\Auth\Controllers\AuthController->attemptLogin()
#12 C:\xampp\htdocs\ePosyan\system\CodeIgniter.php(419): CodeIgniter\CodeIgniter->runController(Object(Myth\Auth\Controllers\AuthController))
#13 C:\xampp\htdocs\ePosyan\system\CodeIgniter.php(326): CodeIgniter\CodeIgniter->handleRequest(NULL, Object(Config\Cache), false)
#14 C:\xampp\htdocs\ePosyan\public\index.php(37): CodeIgniter\CodeIgniter->run()
#15 C:\xampp\htdocs\ePosyan\system\Commands\Server\rewrite.php(43): require_once('C:\\xampp\\htdocs...')
#16 {main}
ERROR - 2024-09-15 12:28:21 --> Duplicate entry '0' for key 'PRIMARY'
CRITICAL - 2024-09-15 12:28:21 --> Duplicate entry '0' for key 'PRIMARY'
#0 C:\xampp\htdocs\ePosyan\system\Database\MySQLi\Connection.php(292): mysqli->query('INSERT INTO `au...', 0)
#1 C:\xampp\htdocs\ePosyan\system\Database\BaseConnection.php(670): CodeIgniter\Database\MySQLi\Connection->execute('INSERT INTO `au...')
#2 C:\xampp\htdocs\ePosyan\system\Database\BaseConnection.php(598): CodeIgniter\Database\BaseConnection->simpleQuery('INSERT INTO `au...')
#3 C:\xampp\htdocs\ePosyan\system\Database\BaseBuilder.php(1771): CodeIgniter\Database\BaseConnection->query('INSERT INTO `au...', Array, false)
#4 C:\xampp\htdocs\ePosyan\system\Model.php(239): CodeIgniter\Database\BaseBuilder->insert()
#5 C:\xampp\htdocs\ePosyan\system\BaseModel.php(738): CodeIgniter\Model->doInsert(Array)
#6 C:\xampp\htdocs\ePosyan\system\Model.php(625): CodeIgniter\BaseModel->insert(Array, true)
#7 C:\xampp\htdocs\ePosyan\vendor\myth\auth\src\Authentication\AuthenticationBase.php(198): CodeIgniter\Model->insert(Array)
#8 C:\xampp\htdocs\ePosyan\vendor\myth\auth\src\Authentication\AuthenticationBase.php(88): Myth\Auth\Authentication\AuthenticationBase->recordLoginAttempt('admin@gmail.com', '::1', 1, true)
#9 C:\xampp\htdocs\ePosyan\vendor\myth\auth\src\Authentication\LocalAuthenticator.php(59): Myth\Auth\Authentication\AuthenticationBase->login(Object(Myth\Auth\Entities\User), false)
#10 C:\xampp\htdocs\ePosyan\vendor\myth\auth\src\Controllers\AuthController.php(87): Myth\Auth\Authentication\LocalAuthenticator->attempt(Array, false)
#11 C:\xampp\htdocs\ePosyan\system\CodeIgniter.php(832): Myth\Auth\Controllers\AuthController->attemptLogin()
#12 C:\xampp\htdocs\ePosyan\system\CodeIgniter.php(419): CodeIgniter\CodeIgniter->runController(Object(Myth\Auth\Controllers\AuthController))
#13 C:\xampp\htdocs\ePosyan\system\CodeIgniter.php(326): CodeIgniter\CodeIgniter->handleRequest(NULL, Object(Config\Cache), false)
#14 C:\xampp\htdocs\ePosyan\public\index.php(37): CodeIgniter\CodeIgniter->run()
#15 C:\xampp\htdocs\ePosyan\system\Commands\Server\rewrite.php(43): require_once('C:\\xampp\\htdocs...')
#16 {main}
ERROR - 2024-09-15 12:28:26 --> Duplicate entry '0' for key 'PRIMARY'
CRITICAL - 2024-09-15 12:28:26 --> Duplicate entry '0' for key 'PRIMARY'
#0 C:\xampp\htdocs\ePosyan\system\Database\MySQLi\Connection.php(292): mysqli->query('INSERT INTO `au...', 0)
#1 C:\xampp\htdocs\ePosyan\system\Database\BaseConnection.php(670): CodeIgniter\Database\MySQLi\Connection->execute('INSERT INTO `au...')
#2 C:\xampp\htdocs\ePosyan\system\Database\BaseConnection.php(598): CodeIgniter\Database\BaseConnection->simpleQuery('INSERT INTO `au...')
#3 C:\xampp\htdocs\ePosyan\system\Database\BaseBuilder.php(1771): CodeIgniter\Database\BaseConnection->query('INSERT INTO `au...', Array, false)
#4 C:\xampp\htdocs\ePosyan\system\Model.php(239): CodeIgniter\Database\BaseBuilder->insert()
#5 C:\xampp\htdocs\ePosyan\system\BaseModel.php(738): CodeIgniter\Model->doInsert(Array)
#6 C:\xampp\htdocs\ePosyan\system\Model.php(625): CodeIgniter\BaseModel->insert(Array, true)
#7 C:\xampp\htdocs\ePosyan\vendor\myth\auth\src\Authentication\AuthenticationBase.php(198): CodeIgniter\Model->insert(Array)
#8 C:\xampp\htdocs\ePosyan\vendor\myth\auth\src\Authentication\AuthenticationBase.php(88): Myth\Auth\Authentication\AuthenticationBase->recordLoginAttempt('admin@gmail.com', '::1', 1, true)
#9 C:\xampp\htdocs\ePosyan\vendor\myth\auth\src\Authentication\LocalAuthenticator.php(59): Myth\Auth\Authentication\AuthenticationBase->login(Object(Myth\Auth\Entities\User), false)
#10 C:\xampp\htdocs\ePosyan\vendor\myth\auth\src\Controllers\AuthController.php(87): Myth\Auth\Authentication\LocalAuthenticator->attempt(Array, false)
#11 C:\xampp\htdocs\ePosyan\system\CodeIgniter.php(832): Myth\Auth\Controllers\AuthController->attemptLogin()
#12 C:\xampp\htdocs\ePosyan\system\CodeIgniter.php(419): CodeIgniter\CodeIgniter->runController(Object(Myth\Auth\Controllers\AuthController))
#13 C:\xampp\htdocs\ePosyan\system\CodeIgniter.php(326): CodeIgniter\CodeIgniter->handleRequest(NULL, Object(Config\Cache), false)
#14 C:\xampp\htdocs\ePosyan\public\index.php(37): CodeIgniter\CodeIgniter->run()
#15 C:\xampp\htdocs\ePosyan\system\Commands\Server\rewrite.php(43): require_once('C:\\xampp\\htdocs...')
#16 {main}
ERROR - 2024-09-15 12:28:35 --> Duplicate entry '0' for key 'PRIMARY'
CRITICAL - 2024-09-15 12:28:35 --> Duplicate entry '0' for key 'PRIMARY'
#0 C:\xampp\htdocs\ePosyan\system\Database\MySQLi\Connection.php(292): mysqli->query('INSERT INTO `au...', 0)
#1 C:\xampp\htdocs\ePosyan\system\Database\BaseConnection.php(670): CodeIgniter\Database\MySQLi\Connection->execute('INSERT INTO `au...')
#2 C:\xampp\htdocs\ePosyan\system\Database\BaseConnection.php(598): CodeIgniter\Database\BaseConnection->simpleQuery('INSERT INTO `au...')
#3 C:\xampp\htdocs\ePosyan\system\Database\BaseBuilder.php(1771): CodeIgniter\Database\BaseConnection->query('INSERT INTO `au...', Array, false)
#4 C:\xampp\htdocs\ePosyan\system\Model.php(239): CodeIgniter\Database\BaseBuilder->insert()
#5 C:\xampp\htdocs\ePosyan\system\BaseModel.php(738): CodeIgniter\Model->doInsert(Array)
#6 C:\xampp\htdocs\ePosyan\system\Model.php(625): CodeIgniter\BaseModel->insert(Array, true)
#7 C:\xampp\htdocs\ePosyan\vendor\myth\auth\src\Authentication\AuthenticationBase.php(198): CodeIgniter\Model->insert(Array)
#8 C:\xampp\htdocs\ePosyan\vendor\myth\auth\src\Authentication\AuthenticationBase.php(88): Myth\Auth\Authentication\AuthenticationBase->recordLoginAttempt('admin@gmail.com', '::1', 1, true)
#9 C:\xampp\htdocs\ePosyan\vendor\myth\auth\src\Authentication\LocalAuthenticator.php(59): Myth\Auth\Authentication\AuthenticationBase->login(Object(Myth\Auth\Entities\User), false)
#10 C:\xampp\htdocs\ePosyan\vendor\myth\auth\src\Controllers\AuthController.php(87): Myth\Auth\Authentication\LocalAuthenticator->attempt(Array, false)
#11 C:\xampp\htdocs\ePosyan\system\CodeIgniter.php(832): Myth\Auth\Controllers\AuthController->attemptLogin()
#12 C:\xampp\htdocs\ePosyan\system\CodeIgniter.php(419): CodeIgniter\CodeIgniter->runController(Object(Myth\Auth\Controllers\AuthController))
#13 C:\xampp\htdocs\ePosyan\system\CodeIgniter.php(326): CodeIgniter\CodeIgniter->handleRequest(NULL, Object(Config\Cache), false)
#14 C:\xampp\htdocs\ePosyan\public\index.php(37): CodeIgniter\CodeIgniter->run()
#15 C:\xampp\htdocs\ePosyan\system\Commands\Server\rewrite.php(43): require_once('C:\\xampp\\htdocs...')
#16 {main}
ERROR - 2024-09-15 13:52:59 --> Duplicate entry '0' for key 'PRIMARY'
CRITICAL - 2024-09-15 13:52:59 --> Duplicate entry '0' for key 'PRIMARY'
#0 C:\xampp\htdocs\ePosyan\system\Database\MySQLi\Connection.php(292): mysqli->query('INSERT INTO `us...', 0)
#1 C:\xampp\htdocs\ePosyan\system\Database\BaseConnection.php(670): CodeIgniter\Database\MySQLi\Connection->execute('INSERT INTO `us...')
#2 C:\xampp\htdocs\ePosyan\system\Database\BaseConnection.php(598): CodeIgniter\Database\BaseConnection->simpleQuery('INSERT INTO `us...')
#3 C:\xampp\htdocs\ePosyan\system\Database\BaseBuilder.php(1771): CodeIgniter\Database\BaseConnection->query('INSERT INTO `us...', Array, false)
#4 C:\xampp\htdocs\ePosyan\system\Model.php(239): CodeIgniter\Database\BaseBuilder->insert()
#5 C:\xampp\htdocs\ePosyan\system\BaseModel.php(738): CodeIgniter\Model->doInsert(Array)
#6 C:\xampp\htdocs\ePosyan\system\Model.php(625): CodeIgniter\BaseModel->insert(Array, false)
#7 C:\xampp\htdocs\ePosyan\system\BaseModel.php(658): CodeIgniter\Model->insert(Object(Myth\Auth\Entities\User), false)
#8 C:\xampp\htdocs\ePosyan\vendor\myth\auth\src\Controllers\AuthController.php(192): CodeIgniter\BaseModel->save(Object(Myth\Auth\Entities\User))
#9 C:\xampp\htdocs\ePosyan\system\CodeIgniter.php(832): Myth\Auth\Controllers\AuthController->attemptRegister()
#10 C:\xampp\htdocs\ePosyan\system\CodeIgniter.php(419): CodeIgniter\CodeIgniter->runController(Object(Myth\Auth\Controllers\AuthController))
#11 C:\xampp\htdocs\ePosyan\system\CodeIgniter.php(326): CodeIgniter\CodeIgniter->handleRequest(NULL, Object(Config\Cache), false)
#12 C:\xampp\htdocs\ePosyan\public\index.php(37): CodeIgniter\CodeIgniter->run()
#13 C:\xampp\htdocs\ePosyan\system\Commands\Server\rewrite.php(43): require_once('C:\\xampp\\htdocs...')
#14 {main}
CRITICAL - 2024-09-15 14:50:40 --> syntax error, unexpected 'return' (T_RETURN)
#0 C:\xampp\htdocs\ePosyan\system\Router\Router.php(175): CodeIgniter\Router\Router->autoRoute('Admin/kelola_us...')
#1 C:\xampp\htdocs\ePosyan\system\CodeIgniter.php(726): CodeIgniter\Router\Router->handle('Admin/kelola_us...')
#2 C:\xampp\htdocs\ePosyan\system\CodeIgniter.php(368): CodeIgniter\CodeIgniter->tryToRouteIt(Object(CodeIgniter\Router\RouteCollection))
#3 C:\xampp\htdocs\ePosyan\system\CodeIgniter.php(326): CodeIgniter\CodeIgniter->handleRequest(NULL, Object(Config\Cache), false)
#4 C:\xampp\htdocs\ePosyan\public\index.php(37): CodeIgniter\CodeIgniter->run()
#5 C:\xampp\htdocs\ePosyan\system\Commands\Server\rewrite.php(43): require_once('C:\\xampp\\htdocs...')
#6 {main}
CRITICAL - 2024-09-15 14:53:56 --> Call to undefined function App\Controllers\auth()
#0 C:\xampp\htdocs\ePosyan\system\CodeIgniter.php(832): App\Controllers\Admin->kelola_user()
#1 C:\xampp\htdocs\ePosyan\system\CodeIgniter.php(419): CodeIgniter\CodeIgniter->runController(Object(App\Controllers\Admin))
#2 C:\xampp\htdocs\ePosyan\system\CodeIgniter.php(326): CodeIgniter\CodeIgniter->handleRequest(NULL, Object(Config\Cache), false)
#3 C:\xampp\htdocs\ePosyan\public\index.php(37): CodeIgniter\CodeIgniter->run()
#4 C:\xampp\htdocs\ePosyan\system\Commands\Server\rewrite.php(43): require_once('C:\\xampp\\htdocs...')
#5 {main}
CRITICAL - 2024-09-15 15:33:21 --> Undefined variable: groupModel
#0 C:\xampp\htdocs\ePosyan\vendor\myth\auth\src\Controllers\AuthController.php(183): CodeIgniter\Debug\Exceptions->errorHandler(8, 'Undefined varia...', 'C:\\xampp\\htdocs...', 183, Array)
#1 C:\xampp\htdocs\ePosyan\system\CodeIgniter.php(832): Myth\Auth\Controllers\AuthController->attemptRegister()
#2 C:\xampp\htdocs\ePosyan\system\CodeIgniter.php(419): CodeIgniter\CodeIgniter->runController(Object(Myth\Auth\Controllers\AuthController))
#3 C:\xampp\htdocs\ePosyan\system\CodeIgniter.php(326): CodeIgniter\CodeIgniter->handleRequest(NULL, Object(Config\Cache), false)
#4 C:\xampp\htdocs\ePosyan\public\index.php(37): CodeIgniter\CodeIgniter->run()
#5 C:\xampp\htdocs\ePosyan\system\Commands\Server\rewrite.php(43): require_once('C:\\xampp\\htdocs...')
#6 {main}
CRITICAL - 2024-09-15 15:34:27 --> Call to a member function getGroupsForUser() on null
#0 C:\xampp\htdocs\ePosyan\system\CodeIgniter.php(832): Myth\Auth\Controllers\AuthController->attemptRegister()
#1 C:\xampp\htdocs\ePosyan\system\CodeIgniter.php(419): CodeIgniter\CodeIgniter->runController(Object(Myth\Auth\Controllers\AuthController))
#2 C:\xampp\htdocs\ePosyan\system\CodeIgniter.php(326): CodeIgniter\CodeIgniter->handleRequest(NULL, Object(Config\Cache), false)
#3 C:\xampp\htdocs\ePosyan\public\index.php(37): CodeIgniter\CodeIgniter->run()
#4 C:\xampp\htdocs\ePosyan\system\Commands\Server\rewrite.php(43): require_once('C:\\xampp\\htdocs...')
#5 {main}
CRITICAL - 2024-09-15 15:36:15 --> Call to a member function getGroupsForUser() on null
#0 C:\xampp\htdocs\ePosyan\system\CodeIgniter.php(832): Myth\Auth\Controllers\AuthController->attemptRegister()
#1 C:\xampp\htdocs\ePosyan\system\CodeIgniter.php(419): CodeIgniter\CodeIgniter->runController(Object(Myth\Auth\Controllers\AuthController))
#2 C:\xampp\htdocs\ePosyan\system\CodeIgniter.php(326): CodeIgniter\CodeIgniter->handleRequest(NULL, Object(Config\Cache), false)
#3 C:\xampp\htdocs\ePosyan\public\index.php(37): CodeIgniter\CodeIgniter->run()
#4 C:\xampp\htdocs\ePosyan\system\Commands\Server\rewrite.php(43): require_once('C:\\xampp\\htdocs...')
#5 {main}
CRITICAL - 2024-09-15 15:43:15 --> Call to a member function getGroupsForUser() on null
#0 C:\xampp\htdocs\ePosyan\system\CodeIgniter.php(832): Myth\Auth\Controllers\AuthController->attemptRegister()
#1 C:\xampp\htdocs\ePosyan\system\CodeIgniter.php(419): CodeIgniter\CodeIgniter->runController(Object(Myth\Auth\Controllers\AuthController))
#2 C:\xampp\htdocs\ePosyan\system\CodeIgniter.php(326): CodeIgniter\CodeIgniter->handleRequest(NULL, Object(Config\Cache), false)
#3 C:\xampp\htdocs\ePosyan\public\index.php(37): CodeIgniter\CodeIgniter->run()
#4 C:\xampp\htdocs\ePosyan\system\Commands\Server\rewrite.php(43): require_once('C:\\xampp\\htdocs...')
#5 {main}
CRITICAL - 2024-09-15 15:45:13 --> syntax error, unexpected ''group_id'' (T_CONSTANT_ENCAPSED_STRING), expecting ']'
#0 C:\xampp\htdocs\ePosyan\system\Router\Router.php(175): CodeIgniter\Router\Router->autoRoute('Admin/kelola_us...')
#1 C:\xampp\htdocs\ePosyan\system\CodeIgniter.php(726): CodeIgniter\Router\Router->handle('Admin/kelola_us...')
#2 C:\xampp\htdocs\ePosyan\system\CodeIgniter.php(368): CodeIgniter\CodeIgniter->tryToRouteIt(Object(CodeIgniter\Router\RouteCollection))
#3 C:\xampp\htdocs\ePosyan\system\CodeIgniter.php(326): CodeIgniter\CodeIgniter->handleRequest(NULL, Object(Config\Cache), false)
#4 C:\xampp\htdocs\ePosyan\public\index.php(37): CodeIgniter\CodeIgniter->run()
#5 C:\xampp\htdocs\ePosyan\system\Commands\Server\rewrite.php(43): require_once('C:\\xampp\\htdocs...')
#6 {main}
CRITICAL - 2024-09-15 15:45:24 --> Undefined index: group_id
#0 C:\xampp\htdocs\ePosyan\app\Controllers\Admin.php(2968): CodeIgniter\Debug\Exceptions->errorHandler(8, 'Undefined index...', 'C:\\xampp\\htdocs...', 2968, Array)
#1 C:\xampp\htdocs\ePosyan\system\CodeIgniter.php(832): App\Controllers\Admin->kelola_user()
#2 C:\xampp\htdocs\ePosyan\system\CodeIgniter.php(419): CodeIgniter\CodeIgniter->runController(Object(App\Controllers\Admin))
#3 C:\xampp\htdocs\ePosyan\system\CodeIgniter.php(326): CodeIgniter\CodeIgniter->handleRequest(NULL, Object(Config\Cache), false)
#4 C:\xampp\htdocs\ePosyan\public\index.php(37): CodeIgniter\CodeIgniter->run()
#5 C:\xampp\htdocs\ePosyan\system\Commands\Server\rewrite.php(43): require_once('C:\\xampp\\htdocs...')
#6 {main}
CRITICAL - 2024-09-15 15:46:54 --> Trying to get property 'id' of non-object
#0 C:\xampp\htdocs\ePosyan\app\Controllers\Admin.php(2969): CodeIgniter\Debug\Exceptions->errorHandler(8, 'Trying to get p...', 'C:\\xampp\\htdocs...', 2969, Array)
#1 C:\xampp\htdocs\ePosyan\system\CodeIgniter.php(832): App\Controllers\Admin->kelola_user()
#2 C:\xampp\htdocs\ePosyan\system\CodeIgniter.php(419): CodeIgniter\CodeIgniter->runController(Object(App\Controllers\Admin))
#3 C:\xampp\htdocs\ePosyan\system\CodeIgniter.php(326): CodeIgniter\CodeIgniter->handleRequest(NULL, Object(Config\Cache), false)
#4 C:\xampp\htdocs\ePosyan\public\index.php(37): CodeIgniter\CodeIgniter->run()
#5 C:\xampp\htdocs\ePosyan\system\Commands\Server\rewrite.php(43): require_once('C:\\xampp\\htdocs...')
#6 {main}
CRITICAL - 2024-09-15 15:57:57 --> Undefined variable: group_id
#0 C:\xampp\htdocs\ePosyan\app\Views\Admin\User\Index.php(111): CodeIgniter\Debug\Exceptions->errorHandler(8, 'Undefined varia...', 'C:\\xampp\\htdocs...', 111, Array)
#1 C:\xampp\htdocs\ePosyan\system\View\View.php(210): include('C:\\xampp\\htdocs...')
#2 C:\xampp\htdocs\ePosyan\system\View\View.php(213): CodeIgniter\View\View->CodeIgniter\View\{closure}()
#3 C:\xampp\htdocs\ePosyan\system\Common.php(1089): CodeIgniter\View\View->render('Admin/User/Inde...', Array, true)
#4 C:\xampp\htdocs\ePosyan\app\Controllers\Admin.php(3009): view('Admin/User/Inde...', Array)
#5 C:\xampp\htdocs\ePosyan\system\CodeIgniter.php(832): App\Controllers\Admin->kelola_user()
#6 C:\xampp\htdocs\ePosyan\system\CodeIgniter.php(419): CodeIgniter\CodeIgniter->runController(Object(App\Controllers\Admin))
#7 C:\xampp\htdocs\ePosyan\system\CodeIgniter.php(326): CodeIgniter\CodeIgniter->handleRequest(NULL, Object(Config\Cache), false)
#8 C:\xampp\htdocs\ePosyan\public\index.php(37): CodeIgniter\CodeIgniter->run()
#9 C:\xampp\htdocs\ePosyan\system\Commands\Server\rewrite.php(43): require_once('C:\\xampp\\htdocs...')
#10 {main}
CRITICAL - 2024-09-15 15:58:19 --> Undefined variable: groupIds
#0 C:\xampp\htdocs\ePosyan\app\Views\Admin\User\Index.php(111): CodeIgniter\Debug\Exceptions->errorHandler(8, 'Undefined varia...', 'C:\\xampp\\htdocs...', 111, Array)
#1 C:\xampp\htdocs\ePosyan\system\View\View.php(210): include('C:\\xampp\\htdocs...')
#2 C:\xampp\htdocs\ePosyan\system\View\View.php(213): CodeIgniter\View\View->CodeIgniter\View\{closure}()
#3 C:\xampp\htdocs\ePosyan\system\Common.php(1089): CodeIgniter\View\View->render('Admin/User/Inde...', Array, true)
#4 C:\xampp\htdocs\ePosyan\app\Controllers\Admin.php(3009): view('Admin/User/Inde...', Array)
#5 C:\xampp\htdocs\ePosyan\system\CodeIgniter.php(832): App\Controllers\Admin->kelola_user()
#6 C:\xampp\htdocs\ePosyan\system\CodeIgniter.php(419): CodeIgniter\CodeIgniter->runController(Object(App\Controllers\Admin))
#7 C:\xampp\htdocs\ePosyan\system\CodeIgniter.php(326): CodeIgniter\CodeIgniter->handleRequest(NULL, Object(Config\Cache), false)
#8 C:\xampp\htdocs\ePosyan\public\index.php(37): CodeIgniter\CodeIgniter->run()
#9 C:\xampp\htdocs\ePosyan\system\Commands\Server\rewrite.php(43): require_once('C:\\xampp\\htdocs...')
#10 {main}
CRITICAL - 2024-09-15 15:59:42 --> Undefined variable: users
#0 C:\xampp\htdocs\ePosyan\app\Views\Admin\User\Index.php(55): CodeIgniter\Debug\Exceptions->errorHandler(8, 'Undefined varia...', 'C:\\xampp\\htdocs...', 55, Array)
#1 C:\xampp\htdocs\ePosyan\system\View\View.php(210): include('C:\\xampp\\htdocs...')
#2 C:\xampp\htdocs\ePosyan\system\View\View.php(213): CodeIgniter\View\View->CodeIgniter\View\{closure}()
#3 C:\xampp\htdocs\ePosyan\system\Common.php(1089): CodeIgniter\View\View->render('Admin/User/Inde...', Array, true)
#4 C:\xampp\htdocs\ePosyan\app\Controllers\Admin.php(3001): view('Admin/User/Inde...', Array)
#5 C:\xampp\htdocs\ePosyan\system\CodeIgniter.php(832): App\Controllers\Admin->kelola_user()
#6 C:\xampp\htdocs\ePosyan\system\CodeIgniter.php(419): CodeIgniter\CodeIgniter->runController(Object(App\Controllers\Admin))
#7 C:\xampp\htdocs\ePosyan\system\CodeIgniter.php(326): CodeIgniter\CodeIgniter->handleRequest(NULL, Object(Config\Cache), false)
#8 C:\xampp\htdocs\ePosyan\public\index.php(37): CodeIgniter\CodeIgniter->run()
#9 C:\xampp\htdocs\ePosyan\system\Commands\Server\rewrite.php(43): require_once('C:\\xampp\\htdocs...')
#10 {main}
CRITICAL - 2024-09-15 15:59:48 --> Undefined variable: users
#0 C:\xampp\htdocs\ePosyan\app\Views\Admin\User\Index.php(55): CodeIgniter\Debug\Exceptions->errorHandler(8, 'Undefined varia...', 'C:\\xampp\\htdocs...', 55, Array)
#1 C:\xampp\htdocs\ePosyan\system\View\View.php(210): include('C:\\xampp\\htdocs...')
#2 C:\xampp\htdocs\ePosyan\system\View\View.php(213): CodeIgniter\View\View->CodeIgniter\View\{closure}()
#3 C:\xampp\htdocs\ePosyan\system\Common.php(1089): CodeIgniter\View\View->render('Admin/User/Inde...', Array, true)
#4 C:\xampp\htdocs\ePosyan\app\Controllers\Admin.php(3001): view('Admin/User/Inde...', Array)
#5 C:\xampp\htdocs\ePosyan\system\CodeIgniter.php(832): App\Controllers\Admin->kelola_user()
#6 C:\xampp\htdocs\ePosyan\system\CodeIgniter.php(419): CodeIgniter\CodeIgniter->runController(Object(App\Controllers\Admin))
#7 C:\xampp\htdocs\ePosyan\system\CodeIgniter.php(326): CodeIgniter\CodeIgniter->handleRequest(NULL, Object(Config\Cache), false)
#8 C:\xampp\htdocs\ePosyan\public\index.php(37): CodeIgniter\CodeIgniter->run()
#9 C:\xampp\htdocs\ePosyan\system\Commands\Server\rewrite.php(43): require_once('C:\\xampp\\htdocs...')
#10 {main}
CRITICAL - 2024-09-15 16:01:26 --> Undefined variable: users
#0 C:\xampp\htdocs\ePosyan\app\Views\Admin\User\Index.php(55): CodeIgniter\Debug\Exceptions->errorHandler(8, 'Undefined varia...', 'C:\\xampp\\htdocs...', 55, Array)
#1 C:\xampp\htdocs\ePosyan\system\View\View.php(210): include('C:\\xampp\\htdocs...')
#2 C:\xampp\htdocs\ePosyan\system\View\View.php(213): CodeIgniter\View\View->CodeIgniter\View\{closure}()
#3 C:\xampp\htdocs\ePosyan\system\Common.php(1089): CodeIgniter\View\View->render('Admin/User/Inde...', Array, true)
#4 C:\xampp\htdocs\ePosyan\app\Controllers\Admin.php(3005): view('Admin/User/Inde...', Array)
#5 C:\xampp\htdocs\ePosyan\system\CodeIgniter.php(832): App\Controllers\Admin->kelola_user()
#6 C:\xampp\htdocs\ePosyan\system\CodeIgniter.php(419): CodeIgniter\CodeIgniter->runController(Object(App\Controllers\Admin))
#7 C:\xampp\htdocs\ePosyan\system\CodeIgniter.php(326): CodeIgniter\CodeIgniter->handleRequest(NULL, Object(Config\Cache), false)
#8 C:\xampp\htdocs\ePosyan\public\index.php(37): CodeIgniter\CodeIgniter->run()
#9 C:\xampp\htdocs\ePosyan\system\Commands\Server\rewrite.php(43): require_once('C:\\xampp\\htdocs...')
#10 {main}
CRITICAL - 2024-09-15 16:26:03 --> Undefined variable: groupIds
#0 C:\xampp\htdocs\ePosyan\app\Views\Admin\User\Index.php(111): CodeIgniter\Debug\Exceptions->errorHandler(8, 'Undefined varia...', 'C:\\xampp\\htdocs...', 111, Array)
#1 C:\xampp\htdocs\ePosyan\system\View\View.php(210): include('C:\\xampp\\htdocs...')
#2 C:\xampp\htdocs\ePosyan\system\View\View.php(213): CodeIgniter\View\View->CodeIgniter\View\{closure}()
#3 C:\xampp\htdocs\ePosyan\system\Common.php(1089): CodeIgniter\View\View->render('Admin/User/Inde...', Array, true)
#4 C:\xampp\htdocs\ePosyan\app\Controllers\Admin.php(2951): view('Admin/User/Inde...', Array)
#5 C:\xampp\htdocs\ePosyan\system\CodeIgniter.php(832): App\Controllers\Admin->kelola_user()
#6 C:\xampp\htdocs\ePosyan\system\CodeIgniter.php(419): CodeIgniter\CodeIgniter->runController(Object(App\Controllers\Admin))
#7 C:\xampp\htdocs\ePosyan\system\CodeIgniter.php(326): CodeIgniter\CodeIgniter->handleRequest(NULL, Object(Config\Cache), false)
#8 C:\xampp\htdocs\ePosyan\public\index.php(37): CodeIgniter\CodeIgniter->run()
#9 C:\xampp\htdocs\ePosyan\system\Commands\Server\rewrite.php(43): require_once('C:\\xampp\\htdocs...')
#10 {main}
ERROR - 2024-09-15 16:32:36 --> Table 'toko_hera.posyandu' doesn't exist
CRITICAL - 2024-09-15 16:32:36 --> Table 'toko_hera.posyandu' doesn't exist
#0 C:\xampp\htdocs\ePosyan\system\Database\MySQLi\Connection.php(292): mysqli->query('SELECT *\nFROM `...', 0)
#1 C:\xampp\htdocs\ePosyan\system\Database\BaseConnection.php(670): CodeIgniter\Database\MySQLi\Connection->execute('SELECT *\nFROM `...')
#2 C:\xampp\htdocs\ePosyan\system\Database\BaseConnection.php(598): CodeIgniter\Database\BaseConnection->simpleQuery('SELECT *\nFROM `...')
#3 C:\xampp\htdocs\ePosyan\system\Database\BaseBuilder.php(1455): CodeIgniter\Database\BaseConnection->query('SELECT *\nFROM `...', Array, false)
#4 C:\xampp\htdocs\ePosyan\system\Model.php(183): CodeIgniter\Database\BaseBuilder->get()
#5 C:\xampp\htdocs\ePosyan\system\BaseModel.php(584): CodeIgniter\Model->doFindAll(0, 0)
#6 C:\xampp\htdocs\ePosyan\app\Controllers\Admin.php(4390): CodeIgniter\BaseModel->findAll()
#7 C:\xampp\htdocs\ePosyan\system\CodeIgniter.php(832): App\Controllers\Admin->posyandu()
#8 C:\xampp\htdocs\ePosyan\system\CodeIgniter.php(419): CodeIgniter\CodeIgniter->runController(Object(App\Controllers\Admin))
#9 C:\xampp\htdocs\ePosyan\system\CodeIgniter.php(326): CodeIgniter\CodeIgniter->handleRequest(NULL, Object(Config\Cache), false)
#10 C:\xampp\htdocs\ePosyan\public\index.php(37): CodeIgniter\CodeIgniter->run()
#11 C:\xampp\htdocs\ePosyan\system\Commands\Server\rewrite.php(43): require_once('C:\\xampp\\htdocs...')
#12 {main}
CRITICAL - 2024-09-15 16:42:24 --> Undefined variable: users
#0 C:\xampp\htdocs\ePosyan\app\Views\Admin\Posyandu\Tambah.php(89): CodeIgniter\Debug\Exceptions->errorHandler(8, 'Undefined varia...', 'C:\\xampp\\htdocs...', 89, Array)
#1 C:\xampp\htdocs\ePosyan\system\View\View.php(210): include('C:\\xampp\\htdocs...')
#2 C:\xampp\htdocs\ePosyan\system\View\View.php(213): CodeIgniter\View\View->CodeIgniter\View\{closure}()
#3 C:\xampp\htdocs\ePosyan\system\Common.php(1089): CodeIgniter\View\View->render('Admin/Posyandu/...', Array, true)
#4 C:\xampp\htdocs\ePosyan\app\Controllers\Admin.php(4401): view('Admin/Posyandu/...', Array)
#5 C:\xampp\htdocs\ePosyan\system\CodeIgniter.php(832): App\Controllers\Admin->tambahPosyandu()
#6 C:\xampp\htdocs\ePosyan\system\CodeIgniter.php(419): CodeIgniter\CodeIgniter->runController(Object(App\Controllers\Admin))
#7 C:\xampp\htdocs\ePosyan\system\CodeIgniter.php(326): CodeIgniter\CodeIgniter->handleRequest(NULL, Object(Config\Cache), false)
#8 C:\xampp\htdocs\ePosyan\public\index.php(37): CodeIgniter\CodeIgniter->run()
#9 C:\xampp\htdocs\ePosyan\system\Commands\Server\rewrite.php(43): require_once('C:\\xampp\\htdocs...')
#10 {main}
CRITICAL - 2024-09-15 16:43:34 --> Class 'App\Models\UserModel' not found
#0 C:\xampp\htdocs\ePosyan\system\CodeIgniter.php(832): App\Controllers\Admin->tambahPosyandu()
#1 C:\xampp\htdocs\ePosyan\system\CodeIgniter.php(419): CodeIgniter\CodeIgniter->runController(Object(App\Controllers\Admin))
#2 C:\xampp\htdocs\ePosyan\system\CodeIgniter.php(326): CodeIgniter\CodeIgniter->handleRequest(NULL, Object(Config\Cache), false)
#3 C:\xampp\htdocs\ePosyan\public\index.php(37): CodeIgniter\CodeIgniter->run()
#4 C:\xampp\htdocs\ePosyan\system\Commands\Server\rewrite.php(43): require_once('C:\\xampp\\htdocs...')
#5 {main}
CRITICAL - 2024-09-15 16:44:30 --> Cannot use object of type Myth\Auth\Entities\User as array
#0 C:\xampp\htdocs\ePosyan\system\View\View.php(210): include()
#1 C:\xampp\htdocs\ePosyan\system\View\View.php(213): CodeIgniter\View\View->CodeIgniter\View\{closure}()
#2 C:\xampp\htdocs\ePosyan\system\Common.php(1089): CodeIgniter\View\View->render('Admin/Posyandu/...', Array, true)
#3 C:\xampp\htdocs\ePosyan\app\Controllers\Admin.php(4405): view('Admin/Posyandu/...', Array)
#4 C:\xampp\htdocs\ePosyan\system\CodeIgniter.php(832): App\Controllers\Admin->tambahPosyandu()
#5 C:\xampp\htdocs\ePosyan\system\CodeIgniter.php(419): CodeIgniter\CodeIgniter->runController(Object(App\Controllers\Admin))
#6 C:\xampp\htdocs\ePosyan\system\CodeIgniter.php(326): CodeIgniter\CodeIgniter->handleRequest(NULL, Object(Config\Cache), false)
#7 C:\xampp\htdocs\ePosyan\public\index.php(37): CodeIgniter\CodeIgniter->run()
#8 C:\xampp\htdocs\ePosyan\system\Commands\Server\rewrite.php(43): require_once('C:\\xampp\\htdocs...')
#9 {main}
