ERROR - 2024-02-09 19:46:36 --> Unknown column 'status' in 'where clause'
CRITICAL - 2024-02-09 19:46:36 --> Unknown column 'status' in 'where clause'
#0 C:\Users\Alam\Downloads\rev\system\Database\MySQLi\Connection.php(292): mysqli->query('SELECT *\nFROM `...', 0)
#1 C:\Users\Alam\Downloads\rev\system\Database\BaseConnection.php(670): CodeIgniter\Database\MySQLi\Connection->execute('SELECT *\nFROM `...')
#2 C:\Users\Alam\Downloads\rev\system\Database\BaseConnection.php(598): CodeIgniter\Database\BaseConnection->simpleQuery('SELECT *\nFROM `...')
#3 C:\Users\Alam\Downloads\rev\system\Database\BaseBuilder.php(1455): CodeIgniter\Database\BaseConnection->query('SELECT *\nFROM `...', Array, false)
#4 C:\Users\Alam\Downloads\rev\app\Controllers\Admin.php(78): CodeIgniter\Database\BaseBuilder->get()
#5 C:\Users\Alam\Downloads\rev\system\CodeIgniter.php(832): App\Controllers\Admin->index()
#6 C:\Users\Alam\Downloads\rev\system\CodeIgniter.php(419): CodeIgniter\CodeIgniter->runController(Object(App\Controllers\Admin))
#7 C:\Users\Alam\Downloads\rev\system\CodeIgniter.php(326): CodeIgniter\CodeIgniter->handleRequest(NULL, Object(Config\Cache), false)
#8 C:\Users\Alam\Downloads\rev\public\index.php(37): CodeIgniter\CodeIgniter->run()
#9 C:\Users\Alam\Downloads\rev\system\Commands\Server\rewrite.php(43): require_once('C:\\Users\\Alam\\D...')
#10 {main}
CRITICAL - 2024-02-09 20:09:14 --> Undefined array key "nama_barang"
#0 C:\Users\Alam\Downloads\rev\app\Controllers\Admin.php(1842): CodeIgniter\Debug\Exceptions->errorHandler(2, 'Undefined array...', 'C:\\Users\\Alam\\D...', 1842)
#1 C:\Users\Alam\Downloads\rev\system\CodeIgniter.php(832): App\Controllers\Admin->simpanPengadaan()
#2 C:\Users\Alam\Downloads\rev\system\CodeIgniter.php(419): CodeIgniter\CodeIgniter->runController(Object(App\Controllers\Admin))
#3 C:\Users\Alam\Downloads\rev\system\CodeIgniter.php(326): CodeIgniter\CodeIgniter->handleRequest(NULL, Object(Config\Cache), false)
#4 C:\Users\Alam\Downloads\rev\public\index.php(37): CodeIgniter\CodeIgniter->run()
#5 C:\Users\Alam\Downloads\rev\system\Commands\Server\rewrite.php(43): require_once('C:\\Users\\Alam\\D...')
#6 {main}
CRITICAL - 2024-02-09 20:10:44 --> Undefined array key "tanggal"
#0 C:\Users\Alam\Downloads\rev\app\Views\Admin\Pengadaan\Index.php(54): CodeIgniter\Debug\Exceptions->errorHandler(2, 'Undefined array...', 'C:\\Users\\Alam\\D...', 54)
#1 C:\Users\Alam\Downloads\rev\system\View\View.php(210): include('C:\\Users\\Alam\\D...')
#2 C:\Users\Alam\Downloads\rev\system\View\View.php(213): CodeIgniter\View\View->CodeIgniter\View\{closure}()
#3 C:\Users\Alam\Downloads\rev\system\Common.php(1089): CodeIgniter\View\View->render('Admin/Pengadaan...', Array, true)
#4 C:\Users\Alam\Downloads\rev\app\Controllers\Admin.php(1815): view('Admin/Pengadaan...', Array)
#5 C:\Users\Alam\Downloads\rev\system\CodeIgniter.php(832): App\Controllers\Admin->pengadaan()
#6 C:\Users\Alam\Downloads\rev\system\CodeIgniter.php(419): CodeIgniter\CodeIgniter->runController(Object(App\Controllers\Admin))
#7 C:\Users\Alam\Downloads\rev\system\CodeIgniter.php(326): CodeIgniter\CodeIgniter->handleRequest(NULL, Object(Config\Cache), false)
#8 C:\Users\Alam\Downloads\rev\public\index.php(37): CodeIgniter\CodeIgniter->run()
#9 C:\Users\Alam\Downloads\rev\system\Commands\Server\rewrite.php(43): require_once('C:\\Users\\Alam\\D...')
#10 {main}
CRITICAL - 2024-02-09 20:11:57 --> Undefined array key "id"
#0 C:\Users\Alam\Downloads\rev\app\Views\Admin\Pengadaan\Index.php(69): CodeIgniter\Debug\Exceptions->errorHandler(2, 'Undefined array...', 'C:\\Users\\Alam\\D...', 69)
#1 C:\Users\Alam\Downloads\rev\system\View\View.php(210): include('C:\\Users\\Alam\\D...')
#2 C:\Users\Alam\Downloads\rev\system\View\View.php(213): CodeIgniter\View\View->CodeIgniter\View\{closure}()
#3 C:\Users\Alam\Downloads\rev\system\Common.php(1089): CodeIgniter\View\View->render('Admin/Pengadaan...', Array, true)
#4 C:\Users\Alam\Downloads\rev\app\Controllers\Admin.php(1815): view('Admin/Pengadaan...', Array)
#5 C:\Users\Alam\Downloads\rev\system\CodeIgniter.php(832): App\Controllers\Admin->pengadaan()
#6 C:\Users\Alam\Downloads\rev\system\CodeIgniter.php(419): CodeIgniter\CodeIgniter->runController(Object(App\Controllers\Admin))
#7 C:\Users\Alam\Downloads\rev\system\CodeIgniter.php(326): CodeIgniter\CodeIgniter->handleRequest(NULL, Object(Config\Cache), false)
#8 C:\Users\Alam\Downloads\rev\public\index.php(37): CodeIgniter\CodeIgniter->run()
#9 C:\Users\Alam\Downloads\rev\system\Commands\Server\rewrite.php(43): require_once('C:\\Users\\Alam\\D...')
#10 {main}
CRITICAL - 2024-02-09 20:12:27 --> Undefined array key "pengadaan_barang_ids"
#0 C:\Users\Alam\Downloads\rev\app\Views\Admin\Pengadaan\Index.php(69): CodeIgniter\Debug\Exceptions->errorHandler(2, 'Undefined array...', 'C:\\Users\\Alam\\D...', 69)
#1 C:\Users\Alam\Downloads\rev\system\View\View.php(210): include('C:\\Users\\Alam\\D...')
#2 C:\Users\Alam\Downloads\rev\system\View\View.php(213): CodeIgniter\View\View->CodeIgniter\View\{closure}()
#3 C:\Users\Alam\Downloads\rev\system\Common.php(1089): CodeIgniter\View\View->render('Admin/Pengadaan...', Array, true)
#4 C:\Users\Alam\Downloads\rev\app\Controllers\Admin.php(1815): view('Admin/Pengadaan...', Array)
#5 C:\Users\Alam\Downloads\rev\system\CodeIgniter.php(832): App\Controllers\Admin->pengadaan()
#6 C:\Users\Alam\Downloads\rev\system\CodeIgniter.php(419): CodeIgniter\CodeIgniter->runController(Object(App\Controllers\Admin))
#7 C:\Users\Alam\Downloads\rev\system\CodeIgniter.php(326): CodeIgniter\CodeIgniter->handleRequest(NULL, Object(Config\Cache), false)
#8 C:\Users\Alam\Downloads\rev\public\index.php(37): CodeIgniter\CodeIgniter->run()
#9 C:\Users\Alam\Downloads\rev\system\Commands\Server\rewrite.php(43): require_once('C:\\Users\\Alam\\D...')
#10 {main}
CRITICAL - 2024-02-09 20:12:36 --> Undefined array key "status"
#0 C:\Users\Alam\Downloads\rev\app\Views\Admin\Pengadaan\Index.php(71): CodeIgniter\Debug\Exceptions->errorHandler(2, 'Undefined array...', 'C:\\Users\\Alam\\D...', 71)
#1 C:\Users\Alam\Downloads\rev\system\View\View.php(210): include('C:\\Users\\Alam\\D...')
#2 C:\Users\Alam\Downloads\rev\system\View\View.php(213): CodeIgniter\View\View->CodeIgniter\View\{closure}()
#3 C:\Users\Alam\Downloads\rev\system\Common.php(1089): CodeIgniter\View\View->render('Admin/Pengadaan...', Array, true)
#4 C:\Users\Alam\Downloads\rev\app\Controllers\Admin.php(1815): view('Admin/Pengadaan...', Array)
#5 C:\Users\Alam\Downloads\rev\system\CodeIgniter.php(832): App\Controllers\Admin->pengadaan()
#6 C:\Users\Alam\Downloads\rev\system\CodeIgniter.php(419): CodeIgniter\CodeIgniter->runController(Object(App\Controllers\Admin))
#7 C:\Users\Alam\Downloads\rev\system\CodeIgniter.php(326): CodeIgniter\CodeIgniter->handleRequest(NULL, Object(Config\Cache), false)
#8 C:\Users\Alam\Downloads\rev\public\index.php(37): CodeIgniter\CodeIgniter->run()
#9 C:\Users\Alam\Downloads\rev\system\Commands\Server\rewrite.php(43): require_once('C:\\Users\\Alam\\D...')
#10 {main}
ERROR - 2024-02-09 20:19:03 --> Unknown column 'id' in 'where clause'
CRITICAL - 2024-02-09 20:19:03 --> Unknown column 'id' in 'where clause'
#0 C:\Users\Alam\Downloads\rev\system\Database\MySQLi\Connection.php(292): mysqli->query('SELECT *\nFROM `...', 0)
#1 C:\Users\Alam\Downloads\rev\system\Database\BaseConnection.php(670): CodeIgniter\Database\MySQLi\Connection->execute('SELECT *\nFROM `...')
#2 C:\Users\Alam\Downloads\rev\system\Database\BaseConnection.php(598): CodeIgniter\Database\BaseConnection->simpleQuery('SELECT *\nFROM `...')
#3 C:\Users\Alam\Downloads\rev\system\Database\BaseBuilder.php(1455): CodeIgniter\Database\BaseConnection->query('SELECT *\nFROM `...', Array, false)
#4 C:\Users\Alam\Downloads\rev\system\Model.php(210): CodeIgniter\Database\BaseBuilder->get()
#5 C:\Users\Alam\Downloads\rev\system\BaseModel.php(622): CodeIgniter\Model->doFirst()
#6 C:\Users\Alam\Downloads\rev\app\Models\PengadaanModel.php(19): CodeIgniter\BaseModel->first()
#7 C:\Users\Alam\Downloads\rev\app\Controllers\Admin.php(1961): App\Models\PengadaanModel->getPengadaan('1')
#8 C:\Users\Alam\Downloads\rev\system\CodeIgniter.php(832): App\Controllers\Admin->deletePengadaan('1')
#9 C:\Users\Alam\Downloads\rev\system\CodeIgniter.php(419): CodeIgniter\CodeIgniter->runController(Object(App\Controllers\Admin))
#10 C:\Users\Alam\Downloads\rev\system\CodeIgniter.php(326): CodeIgniter\CodeIgniter->handleRequest(NULL, Object(Config\Cache), false)
#11 C:\Users\Alam\Downloads\rev\public\index.php(37): CodeIgniter\CodeIgniter->run()
#12 C:\Users\Alam\Downloads\rev\system\Commands\Server\rewrite.php(43): require_once('C:\\Users\\Alam\\D...')
#13 {main}
ERROR - 2024-02-09 20:19:18 --> Unknown column 'id' in 'where clause'
CRITICAL - 2024-02-09 20:19:18 --> Unknown column 'id' in 'where clause'
#0 C:\Users\Alam\Downloads\rev\system\Database\MySQLi\Connection.php(292): mysqli->query('DELETE FROM `pe...', 0)
#1 C:\Users\Alam\Downloads\rev\system\Database\BaseConnection.php(670): CodeIgniter\Database\MySQLi\Connection->execute('DELETE FROM `pe...')
#2 C:\Users\Alam\Downloads\rev\system\Database\BaseConnection.php(598): CodeIgniter\Database\BaseConnection->simpleQuery('DELETE FROM `pe...')
#3 C:\Users\Alam\Downloads\rev\system\Database\BaseBuilder.php(2225): CodeIgniter\Database\BaseConnection->query('DELETE FROM `pe...', Array, false)
#4 C:\Users\Alam\Downloads\rev\system\Model.php(359): CodeIgniter\Database\BaseBuilder->delete()
#5 C:\Users\Alam\Downloads\rev\system\BaseModel.php(963): CodeIgniter\Model->doDelete(Array, false)
#6 C:\Users\Alam\Downloads\rev\app\Controllers\Admin.php(1964): CodeIgniter\BaseModel->delete(Array)
#7 C:\Users\Alam\Downloads\rev\system\CodeIgniter.php(832): App\Controllers\Admin->deletePengadaan('1')
#8 C:\Users\Alam\Downloads\rev\system\CodeIgniter.php(419): CodeIgniter\CodeIgniter->runController(Object(App\Controllers\Admin))
#9 C:\Users\Alam\Downloads\rev\system\CodeIgniter.php(326): CodeIgniter\CodeIgniter->handleRequest(NULL, Object(Config\Cache), false)
#10 C:\Users\Alam\Downloads\rev\public\index.php(37): CodeIgniter\CodeIgniter->run()
#11 C:\Users\Alam\Downloads\rev\system\Commands\Server\rewrite.php(43): require_once('C:\\Users\\Alam\\D...')
#12 {main}
ERROR - 2024-02-09 20:19:29 --> Unknown column 'id' in 'where clause'
CRITICAL - 2024-02-09 20:19:29 --> Unknown column 'id' in 'where clause'
#0 C:\Users\Alam\Downloads\rev\system\Database\MySQLi\Connection.php(292): mysqli->query('DELETE FROM `pe...', 0)
#1 C:\Users\Alam\Downloads\rev\system\Database\BaseConnection.php(670): CodeIgniter\Database\MySQLi\Connection->execute('DELETE FROM `pe...')
#2 C:\Users\Alam\Downloads\rev\system\Database\BaseConnection.php(598): CodeIgniter\Database\BaseConnection->simpleQuery('DELETE FROM `pe...')
#3 C:\Users\Alam\Downloads\rev\system\Database\BaseBuilder.php(2225): CodeIgniter\Database\BaseConnection->query('DELETE FROM `pe...', Array, false)
#4 C:\Users\Alam\Downloads\rev\system\Model.php(359): CodeIgniter\Database\BaseBuilder->delete()
#5 C:\Users\Alam\Downloads\rev\system\BaseModel.php(963): CodeIgniter\Model->doDelete(Array, false)
#6 C:\Users\Alam\Downloads\rev\app\Controllers\Admin.php(1964): CodeIgniter\BaseModel->delete(Array)
#7 C:\Users\Alam\Downloads\rev\system\CodeIgniter.php(832): App\Controllers\Admin->deletePengadaan('1')
#8 C:\Users\Alam\Downloads\rev\system\CodeIgniter.php(419): CodeIgniter\CodeIgniter->runController(Object(App\Controllers\Admin))
#9 C:\Users\Alam\Downloads\rev\system\CodeIgniter.php(326): CodeIgniter\CodeIgniter->handleRequest(NULL, Object(Config\Cache), false)
#10 C:\Users\Alam\Downloads\rev\public\index.php(37): CodeIgniter\CodeIgniter->run()
#11 C:\Users\Alam\Downloads\rev\system\Commands\Server\rewrite.php(43): require_once('C:\\Users\\Alam\\D...')
#12 {main}
ERROR - 2024-02-09 20:19:47 --> Unknown column 'id' in 'where clause'
CRITICAL - 2024-02-09 20:19:47 --> Unknown column 'id' in 'where clause'
#0 C:\Users\Alam\Downloads\rev\system\Database\MySQLi\Connection.php(292): mysqli->query('DELETE FROM `pe...', 0)
#1 C:\Users\Alam\Downloads\rev\system\Database\BaseConnection.php(670): CodeIgniter\Database\MySQLi\Connection->execute('DELETE FROM `pe...')
#2 C:\Users\Alam\Downloads\rev\system\Database\BaseConnection.php(598): CodeIgniter\Database\BaseConnection->simpleQuery('DELETE FROM `pe...')
#3 C:\Users\Alam\Downloads\rev\system\Database\BaseBuilder.php(2225): CodeIgniter\Database\BaseConnection->query('DELETE FROM `pe...', Array, false)
#4 C:\Users\Alam\Downloads\rev\system\Model.php(359): CodeIgniter\Database\BaseBuilder->delete()
#5 C:\Users\Alam\Downloads\rev\system\BaseModel.php(963): CodeIgniter\Model->doDelete(Array, false)
#6 C:\Users\Alam\Downloads\rev\app\Controllers\Admin.php(1964): CodeIgniter\BaseModel->delete(Array)
#7 C:\Users\Alam\Downloads\rev\system\CodeIgniter.php(832): App\Controllers\Admin->deletePengadaan('1')
#8 C:\Users\Alam\Downloads\rev\system\CodeIgniter.php(419): CodeIgniter\CodeIgniter->runController(Object(App\Controllers\Admin))
#9 C:\Users\Alam\Downloads\rev\system\CodeIgniter.php(326): CodeIgniter\CodeIgniter->handleRequest(NULL, Object(Config\Cache), false)
#10 C:\Users\Alam\Downloads\rev\public\index.php(37): CodeIgniter\CodeIgniter->run()
#11 C:\Users\Alam\Downloads\rev\system\Commands\Server\rewrite.php(43): require_once('C:\\Users\\Alam\\D...')
#12 {main}
ERROR - 2024-02-09 20:20:16 --> Unknown column 'id' in 'where clause'
CRITICAL - 2024-02-09 20:20:16 --> Unknown column 'id' in 'where clause'
#0 C:\Users\Alam\Downloads\rev\system\Database\MySQLi\Connection.php(292): mysqli->query('DELETE FROM `pe...', 0)
#1 C:\Users\Alam\Downloads\rev\system\Database\BaseConnection.php(670): CodeIgniter\Database\MySQLi\Connection->execute('DELETE FROM `pe...')
#2 C:\Users\Alam\Downloads\rev\system\Database\BaseConnection.php(598): CodeIgniter\Database\BaseConnection->simpleQuery('DELETE FROM `pe...')
#3 C:\Users\Alam\Downloads\rev\system\Database\BaseBuilder.php(2225): CodeIgniter\Database\BaseConnection->query('DELETE FROM `pe...', Array, false)
#4 C:\Users\Alam\Downloads\rev\system\Model.php(359): CodeIgniter\Database\BaseBuilder->delete()
#5 C:\Users\Alam\Downloads\rev\system\BaseModel.php(963): CodeIgniter\Model->doDelete(Array, false)
#6 C:\Users\Alam\Downloads\rev\app\Controllers\Admin.php(1964): CodeIgniter\BaseModel->delete(Array)
#7 C:\Users\Alam\Downloads\rev\system\CodeIgniter.php(832): App\Controllers\Admin->deletePengadaan('1')
#8 C:\Users\Alam\Downloads\rev\system\CodeIgniter.php(419): CodeIgniter\CodeIgniter->runController(Object(App\Controllers\Admin))
#9 C:\Users\Alam\Downloads\rev\system\CodeIgniter.php(326): CodeIgniter\CodeIgniter->handleRequest(NULL, Object(Config\Cache), false)
#10 C:\Users\Alam\Downloads\rev\public\index.php(37): CodeIgniter\CodeIgniter->run()
#11 C:\Users\Alam\Downloads\rev\system\Commands\Server\rewrite.php(43): require_once('C:\\Users\\Alam\\D...')
#12 {main}
CRITICAL - 2024-02-09 20:22:25 --> syntax error, unexpected identifier "session"
#0 C:\Users\Alam\Downloads\rev\system\Router\Router.php(175): CodeIgniter\Router\Router->autoRoute('admin/deletePen...')
#1 C:\Users\Alam\Downloads\rev\system\CodeIgniter.php(726): CodeIgniter\Router\Router->handle('admin/deletePen...')
#2 C:\Users\Alam\Downloads\rev\system\CodeIgniter.php(368): CodeIgniter\CodeIgniter->tryToRouteIt(Object(CodeIgniter\Router\RouteCollection))
#3 C:\Users\Alam\Downloads\rev\system\CodeIgniter.php(326): CodeIgniter\CodeIgniter->handleRequest(NULL, Object(Config\Cache), false)
#4 C:\Users\Alam\Downloads\rev\public\index.php(37): CodeIgniter\CodeIgniter->run()
#5 C:\Users\Alam\Downloads\rev\system\Commands\Server\rewrite.php(43): require_once('C:\\Users\\Alam\\D...')
#6 {main}
ERROR - 2024-02-09 20:22:50 --> Unknown column 'id' in 'where clause'
CRITICAL - 2024-02-09 20:22:50 --> Unknown column 'id' in 'where clause'
#0 C:\Users\Alam\Downloads\rev\system\Database\MySQLi\Connection.php(292): mysqli->query('DELETE FROM `pe...', 0)
#1 C:\Users\Alam\Downloads\rev\system\Database\BaseConnection.php(670): CodeIgniter\Database\MySQLi\Connection->execute('DELETE FROM `pe...')
#2 C:\Users\Alam\Downloads\rev\system\Database\BaseConnection.php(598): CodeIgniter\Database\BaseConnection->simpleQuery('DELETE FROM `pe...')
#3 C:\Users\Alam\Downloads\rev\system\Database\BaseBuilder.php(2225): CodeIgniter\Database\BaseConnection->query('DELETE FROM `pe...', Array, false)
#4 C:\Users\Alam\Downloads\rev\system\Model.php(359): CodeIgniter\Database\BaseBuilder->delete()
#5 C:\Users\Alam\Downloads\rev\system\BaseModel.php(963): CodeIgniter\Model->doDelete(Array, true)
#6 C:\Users\Alam\Downloads\rev\app\Controllers\Admin.php(1961): CodeIgniter\BaseModel->delete(Array, true)
#7 C:\Users\Alam\Downloads\rev\system\CodeIgniter.php(832): App\Controllers\Admin->deletePengadaan('1')
#8 C:\Users\Alam\Downloads\rev\system\CodeIgniter.php(419): CodeIgniter\CodeIgniter->runController(Object(App\Controllers\Admin))
#9 C:\Users\Alam\Downloads\rev\system\CodeIgniter.php(326): CodeIgniter\CodeIgniter->handleRequest(NULL, Object(Config\Cache), false)
#10 C:\Users\Alam\Downloads\rev\public\index.php(37): CodeIgniter\CodeIgniter->run()
#11 C:\Users\Alam\Downloads\rev\system\Commands\Server\rewrite.php(43): require_once('C:\\Users\\Alam\\D...')
#12 {main}
ERROR - 2024-02-09 20:23:29 --> Unknown column 'id' in 'where clause'
CRITICAL - 2024-02-09 20:23:29 --> Unknown column 'id' in 'where clause'
#0 C:\Users\Alam\Downloads\rev\system\Database\MySQLi\Connection.php(292): mysqli->query('DELETE FROM `pe...', 0)
#1 C:\Users\Alam\Downloads\rev\system\Database\BaseConnection.php(670): CodeIgniter\Database\MySQLi\Connection->execute('DELETE FROM `pe...')
#2 C:\Users\Alam\Downloads\rev\system\Database\BaseConnection.php(598): CodeIgniter\Database\BaseConnection->simpleQuery('DELETE FROM `pe...')
#3 C:\Users\Alam\Downloads\rev\system\Database\BaseBuilder.php(2225): CodeIgniter\Database\BaseConnection->query('DELETE FROM `pe...', Array, false)
#4 C:\Users\Alam\Downloads\rev\system\Model.php(359): CodeIgniter\Database\BaseBuilder->delete()
#5 C:\Users\Alam\Downloads\rev\system\BaseModel.php(963): CodeIgniter\Model->doDelete(Array, false)
#6 C:\Users\Alam\Downloads\rev\app\Controllers\Admin.php(1960): CodeIgniter\BaseModel->delete(Array)
#7 C:\Users\Alam\Downloads\rev\system\CodeIgniter.php(832): App\Controllers\Admin->deletePengadaan('1')
#8 C:\Users\Alam\Downloads\rev\system\CodeIgniter.php(419): CodeIgniter\CodeIgniter->runController(Object(App\Controllers\Admin))
#9 C:\Users\Alam\Downloads\rev\system\CodeIgniter.php(326): CodeIgniter\CodeIgniter->handleRequest(NULL, Object(Config\Cache), false)
#10 C:\Users\Alam\Downloads\rev\public\index.php(37): CodeIgniter\CodeIgniter->run()
#11 C:\Users\Alam\Downloads\rev\system\Commands\Server\rewrite.php(43): require_once('C:\\Users\\Alam\\D...')
#12 {main}
ERROR - 2024-02-09 20:23:37 --> Unknown column 'id' in 'where clause'
CRITICAL - 2024-02-09 20:23:37 --> Unknown column 'id' in 'where clause'
#0 C:\Users\Alam\Downloads\rev\system\Database\MySQLi\Connection.php(292): mysqli->query('DELETE FROM `pe...', 0)
#1 C:\Users\Alam\Downloads\rev\system\Database\BaseConnection.php(670): CodeIgniter\Database\MySQLi\Connection->execute('DELETE FROM `pe...')
#2 C:\Users\Alam\Downloads\rev\system\Database\BaseConnection.php(598): CodeIgniter\Database\BaseConnection->simpleQuery('DELETE FROM `pe...')
#3 C:\Users\Alam\Downloads\rev\system\Database\BaseBuilder.php(2225): CodeIgniter\Database\BaseConnection->query('DELETE FROM `pe...', Array, false)
#4 C:\Users\Alam\Downloads\rev\system\Model.php(359): CodeIgniter\Database\BaseBuilder->delete()
#5 C:\Users\Alam\Downloads\rev\system\BaseModel.php(963): CodeIgniter\Model->doDelete(Array, false)
#6 C:\Users\Alam\Downloads\rev\app\Controllers\Admin.php(1960): CodeIgniter\BaseModel->delete(Array)
#7 C:\Users\Alam\Downloads\rev\system\CodeIgniter.php(832): App\Controllers\Admin->deletePengadaan('1')
#8 C:\Users\Alam\Downloads\rev\system\CodeIgniter.php(419): CodeIgniter\CodeIgniter->runController(Object(App\Controllers\Admin))
#9 C:\Users\Alam\Downloads\rev\system\CodeIgniter.php(326): CodeIgniter\CodeIgniter->handleRequest(NULL, Object(Config\Cache), false)
#10 C:\Users\Alam\Downloads\rev\public\index.php(37): CodeIgniter\CodeIgniter->run()
#11 C:\Users\Alam\Downloads\rev\system\Commands\Server\rewrite.php(43): require_once('C:\\Users\\Alam\\D...')
#12 {main}
ERROR - 2024-02-09 20:24:42 --> Unknown column 'id' in 'where clause'
CRITICAL - 2024-02-09 20:24:42 --> Unknown column 'id' in 'where clause'
#0 C:\Users\Alam\Downloads\rev\system\Database\MySQLi\Connection.php(292): mysqli->query('SELECT *\nFROM `...', 0)
#1 C:\Users\Alam\Downloads\rev\system\Database\BaseConnection.php(670): CodeIgniter\Database\MySQLi\Connection->execute('SELECT *\nFROM `...')
#2 C:\Users\Alam\Downloads\rev\system\Database\BaseConnection.php(598): CodeIgniter\Database\BaseConnection->simpleQuery('SELECT *\nFROM `...')
#3 C:\Users\Alam\Downloads\rev\system\Database\BaseBuilder.php(1455): CodeIgniter\Database\BaseConnection->query('SELECT *\nFROM `...', Array, false)
#4 C:\Users\Alam\Downloads\rev\app\Controllers\Admin.php(1939): CodeIgniter\Database\BaseBuilder->get()
#5 C:\Users\Alam\Downloads\rev\system\CodeIgniter.php(832): App\Controllers\Admin->detailPengadaan('2')
#6 C:\Users\Alam\Downloads\rev\system\CodeIgniter.php(419): CodeIgniter\CodeIgniter->runController(Object(App\Controllers\Admin))
#7 C:\Users\Alam\Downloads\rev\system\CodeIgniter.php(326): CodeIgniter\CodeIgniter->handleRequest(NULL, Object(Config\Cache), false)
#8 C:\Users\Alam\Downloads\rev\public\index.php(37): CodeIgniter\CodeIgniter->run()
#9 C:\Users\Alam\Downloads\rev\system\Commands\Server\rewrite.php(43): require_once('C:\\Users\\Alam\\D...')
#10 {main}
ERROR - 2024-02-09 20:44:41 --> Unknown column 'pengadaan_barang.id' in 'where clause'
CRITICAL - 2024-02-09 20:44:41 --> Unknown column 'pengadaan_barang.id' in 'where clause'
#0 C:\Users\Alam\Downloads\rev\system\Database\MySQLi\Connection.php(292): mysqli->query('SELECT *\nFROM `...', 0)
#1 C:\Users\Alam\Downloads\rev\system\Database\BaseConnection.php(670): CodeIgniter\Database\MySQLi\Connection->execute('SELECT *\nFROM `...')
#2 C:\Users\Alam\Downloads\rev\system\Database\BaseConnection.php(598): CodeIgniter\Database\BaseConnection->simpleQuery('SELECT *\nFROM `...')
#3 C:\Users\Alam\Downloads\rev\system\Database\BaseBuilder.php(1455): CodeIgniter\Database\BaseConnection->query('SELECT *\nFROM `...', Array, false)
#4 C:\Users\Alam\Downloads\rev\system\Model.php(142): CodeIgniter\Database\BaseBuilder->get()
#5 C:\Users\Alam\Downloads\rev\system\BaseModel.php(523): CodeIgniter\Model->doFind(true, '2')
#6 C:\Users\Alam\Downloads\rev\app\Controllers\Admin.php(1936): CodeIgniter\BaseModel->find('2')
#7 C:\Users\Alam\Downloads\rev\system\CodeIgniter.php(832): App\Controllers\Admin->detailPengadaan('2')
#8 C:\Users\Alam\Downloads\rev\system\CodeIgniter.php(419): CodeIgniter\CodeIgniter->runController(Object(App\Controllers\Admin))
#9 C:\Users\Alam\Downloads\rev\system\CodeIgniter.php(326): CodeIgniter\CodeIgniter->handleRequest(NULL, Object(Config\Cache), false)
#10 C:\Users\Alam\Downloads\rev\public\index.php(37): CodeIgniter\CodeIgniter->run()
#11 C:\Users\Alam\Downloads\rev\system\Commands\Server\rewrite.php(43): require_once('C:\\Users\\Alam\\D...')
#12 {main}
ERROR - 2024-02-09 20:45:06 --> Unknown column 'pengadaan_barang.id' in 'where clause'
CRITICAL - 2024-02-09 20:45:06 --> Unknown column 'pengadaan_barang.id' in 'where clause'
#0 C:\Users\Alam\Downloads\rev\system\Database\MySQLi\Connection.php(292): mysqli->query('SELECT *\nFROM `...', 0)
#1 C:\Users\Alam\Downloads\rev\system\Database\BaseConnection.php(670): CodeIgniter\Database\MySQLi\Connection->execute('SELECT *\nFROM `...')
#2 C:\Users\Alam\Downloads\rev\system\Database\BaseConnection.php(598): CodeIgniter\Database\BaseConnection->simpleQuery('SELECT *\nFROM `...')
#3 C:\Users\Alam\Downloads\rev\system\Database\BaseBuilder.php(1455): CodeIgniter\Database\BaseConnection->query('SELECT *\nFROM `...', Array, false)
#4 C:\Users\Alam\Downloads\rev\system\Model.php(142): CodeIgniter\Database\BaseBuilder->get()
#5 C:\Users\Alam\Downloads\rev\system\BaseModel.php(523): CodeIgniter\Model->doFind(true, '2')
#6 C:\Users\Alam\Downloads\rev\app\Controllers\Admin.php(1936): CodeIgniter\BaseModel->find('2')
#7 C:\Users\Alam\Downloads\rev\system\CodeIgniter.php(832): App\Controllers\Admin->detailPengadaan('2')
#8 C:\Users\Alam\Downloads\rev\system\CodeIgniter.php(419): CodeIgniter\CodeIgniter->runController(Object(App\Controllers\Admin))
#9 C:\Users\Alam\Downloads\rev\system\CodeIgniter.php(326): CodeIgniter\CodeIgniter->handleRequest(NULL, Object(Config\Cache), false)
#10 C:\Users\Alam\Downloads\rev\public\index.php(37): CodeIgniter\CodeIgniter->run()
#11 C:\Users\Alam\Downloads\rev\system\Commands\Server\rewrite.php(43): require_once('C:\\Users\\Alam\\D...')
#12 {main}
CRITICAL - 2024-02-09 20:46:28 --> Undefined variable $detail_brg
#0 C:\Users\Alam\Downloads\rev\app\Views\Admin\Pengadaan\Detail_pengadaan.php(45): CodeIgniter\Debug\Exceptions->errorHandler(2, 'Undefined varia...', 'C:\\Users\\Alam\\D...', 45)
#1 C:\Users\Alam\Downloads\rev\system\View\View.php(210): include('C:\\Users\\Alam\\D...')
#2 C:\Users\Alam\Downloads\rev\system\View\View.php(213): CodeIgniter\View\View->CodeIgniter\View\{closure}()
#3 C:\Users\Alam\Downloads\rev\system\Common.php(1089): CodeIgniter\View\View->render('Admin/Pengadaan...', Array, true)
#4 C:\Users\Alam\Downloads\rev\app\Controllers\Admin.php(1947): view('Admin/Pengadaan...', Array)
#5 C:\Users\Alam\Downloads\rev\system\CodeIgniter.php(832): App\Controllers\Admin->detailPengadaan('2')
#6 C:\Users\Alam\Downloads\rev\system\CodeIgniter.php(419): CodeIgniter\CodeIgniter->runController(Object(App\Controllers\Admin))
#7 C:\Users\Alam\Downloads\rev\system\CodeIgniter.php(326): CodeIgniter\CodeIgniter->handleRequest(NULL, Object(Config\Cache), false)
#8 C:\Users\Alam\Downloads\rev\public\index.php(37): CodeIgniter\CodeIgniter->run()
#9 C:\Users\Alam\Downloads\rev\system\Commands\Server\rewrite.php(43): require_once('C:\\Users\\Alam\\D...')
#10 {main}
CRITICAL - 2024-02-09 20:48:07 --> Undefined variable $detail_brg
#0 C:\Users\Alam\Downloads\rev\app\Views\Admin\Pengadaan\Detail_pengadaan.php(45): CodeIgniter\Debug\Exceptions->errorHandler(2, 'Undefined varia...', 'C:\\Users\\Alam\\D...', 45)
#1 C:\Users\Alam\Downloads\rev\system\View\View.php(210): include('C:\\Users\\Alam\\D...')
#2 C:\Users\Alam\Downloads\rev\system\View\View.php(213): CodeIgniter\View\View->CodeIgniter\View\{closure}()
#3 C:\Users\Alam\Downloads\rev\system\Common.php(1089): CodeIgniter\View\View->render('Admin/Pengadaan...', Array, true)
#4 C:\Users\Alam\Downloads\rev\app\Controllers\Admin.php(1947): view('Admin/Pengadaan...', Array)
#5 C:\Users\Alam\Downloads\rev\system\CodeIgniter.php(832): App\Controllers\Admin->detailPengadaan('2')
#6 C:\Users\Alam\Downloads\rev\system\CodeIgniter.php(419): CodeIgniter\CodeIgniter->runController(Object(App\Controllers\Admin))
#7 C:\Users\Alam\Downloads\rev\system\CodeIgniter.php(326): CodeIgniter\CodeIgniter->handleRequest(NULL, Object(Config\Cache), false)
#8 C:\Users\Alam\Downloads\rev\public\index.php(37): CodeIgniter\CodeIgniter->run()
#9 C:\Users\Alam\Downloads\rev\system\Commands\Server\rewrite.php(43): require_once('C:\\Users\\Alam\\D...')
#10 {main}
CRITICAL - 2024-02-09 20:49:14 --> Undefined variable $detail_pengadaan
#0 C:\Users\Alam\Downloads\rev\app\Views\Admin\Pengadaan\Detail_pengadaan.php(45): CodeIgniter\Debug\Exceptions->errorHandler(2, 'Undefined varia...', 'C:\\Users\\Alam\\D...', 45)
#1 C:\Users\Alam\Downloads\rev\system\View\View.php(210): include('C:\\Users\\Alam\\D...')
#2 C:\Users\Alam\Downloads\rev\system\View\View.php(213): CodeIgniter\View\View->CodeIgniter\View\{closure}()
#3 C:\Users\Alam\Downloads\rev\system\Common.php(1089): CodeIgniter\View\View->render('Admin/Pengadaan...', Array, true)
#4 C:\Users\Alam\Downloads\rev\app\Controllers\Admin.php(1947): view('Admin/Pengadaan...', Array)
#5 C:\Users\Alam\Downloads\rev\system\CodeIgniter.php(832): App\Controllers\Admin->detailPengadaan('2')
#6 C:\Users\Alam\Downloads\rev\system\CodeIgniter.php(419): CodeIgniter\CodeIgniter->runController(Object(App\Controllers\Admin))
#7 C:\Users\Alam\Downloads\rev\system\CodeIgniter.php(326): CodeIgniter\CodeIgniter->handleRequest(NULL, Object(Config\Cache), false)
#8 C:\Users\Alam\Downloads\rev\public\index.php(37): CodeIgniter\CodeIgniter->run()
#9 C:\Users\Alam\Downloads\rev\system\Commands\Server\rewrite.php(43): require_once('C:\\Users\\Alam\\D...')
#10 {main}
CRITICAL - 2024-02-09 20:49:31 --> Undefined variable $detail_pengadaan
#0 C:\Users\Alam\Downloads\rev\app\Views\Admin\Pengadaan\Detail_pengadaan.php(47): CodeIgniter\Debug\Exceptions->errorHandler(2, 'Undefined varia...', 'C:\\Users\\Alam\\D...', 47)
#1 C:\Users\Alam\Downloads\rev\system\View\View.php(210): include('C:\\Users\\Alam\\D...')
#2 C:\Users\Alam\Downloads\rev\system\View\View.php(213): CodeIgniter\View\View->CodeIgniter\View\{closure}()
#3 C:\Users\Alam\Downloads\rev\system\Common.php(1089): CodeIgniter\View\View->render('Admin/Pengadaan...', Array, true)
#4 C:\Users\Alam\Downloads\rev\app\Controllers\Admin.php(1947): view('Admin/Pengadaan...', Array)
#5 C:\Users\Alam\Downloads\rev\system\CodeIgniter.php(832): App\Controllers\Admin->detailPengadaan('2')
#6 C:\Users\Alam\Downloads\rev\system\CodeIgniter.php(419): CodeIgniter\CodeIgniter->runController(Object(App\Controllers\Admin))
#7 C:\Users\Alam\Downloads\rev\system\CodeIgniter.php(326): CodeIgniter\CodeIgniter->handleRequest(NULL, Object(Config\Cache), false)
#8 C:\Users\Alam\Downloads\rev\public\index.php(37): CodeIgniter\CodeIgniter->run()
#9 C:\Users\Alam\Downloads\rev\system\Commands\Server\rewrite.php(43): require_once('C:\\Users\\Alam\\D...')
#10 {main}
CRITICAL - 2024-02-09 20:50:27 --> Undefined variable $detail_pengadaan
#0 C:\Users\Alam\Downloads\rev\app\Views\Admin\Pengadaan\Detail_pengadaan.php(45): CodeIgniter\Debug\Exceptions->errorHandler(2, 'Undefined varia...', 'C:\\Users\\Alam\\D...', 45)
#1 C:\Users\Alam\Downloads\rev\system\View\View.php(210): include('C:\\Users\\Alam\\D...')
#2 C:\Users\Alam\Downloads\rev\system\View\View.php(213): CodeIgniter\View\View->CodeIgniter\View\{closure}()
#3 C:\Users\Alam\Downloads\rev\system\Common.php(1089): CodeIgniter\View\View->render('Admin/Pengadaan...', Array, true)
#4 C:\Users\Alam\Downloads\rev\app\Controllers\Admin.php(1947): view('Admin/Pengadaan...', Array)
#5 C:\Users\Alam\Downloads\rev\system\CodeIgniter.php(832): App\Controllers\Admin->detailPengadaan('2')
#6 C:\Users\Alam\Downloads\rev\system\CodeIgniter.php(419): CodeIgniter\CodeIgniter->runController(Object(App\Controllers\Admin))
#7 C:\Users\Alam\Downloads\rev\system\CodeIgniter.php(326): CodeIgniter\CodeIgniter->handleRequest(NULL, Object(Config\Cache), false)
#8 C:\Users\Alam\Downloads\rev\public\index.php(37): CodeIgniter\CodeIgniter->run()
#9 C:\Users\Alam\Downloads\rev\system\Commands\Server\rewrite.php(43): require_once('C:\\Users\\Alam\\D...')
#10 {main}
CRITICAL - 2024-02-09 20:50:50 --> Undefined array key "jumlah_barang"
#0 C:\Users\Alam\Downloads\rev\app\Views\Admin\Pengadaan\Detail_pengadaan.php(53): CodeIgniter\Debug\Exceptions->errorHandler(2, 'Undefined array...', 'C:\\Users\\Alam\\D...', 53)
#1 C:\Users\Alam\Downloads\rev\system\View\View.php(210): include('C:\\Users\\Alam\\D...')
#2 C:\Users\Alam\Downloads\rev\system\View\View.php(213): CodeIgniter\View\View->CodeIgniter\View\{closure}()
#3 C:\Users\Alam\Downloads\rev\system\Common.php(1089): CodeIgniter\View\View->render('Admin/Pengadaan...', Array, true)
#4 C:\Users\Alam\Downloads\rev\app\Controllers\Admin.php(1947): view('Admin/Pengadaan...', Array)
#5 C:\Users\Alam\Downloads\rev\system\CodeIgniter.php(832): App\Controllers\Admin->detailPengadaan('2')
#6 C:\Users\Alam\Downloads\rev\system\CodeIgniter.php(419): CodeIgniter\CodeIgniter->runController(Object(App\Controllers\Admin))
#7 C:\Users\Alam\Downloads\rev\system\CodeIgniter.php(326): CodeIgniter\CodeIgniter->handleRequest(NULL, Object(Config\Cache), false)
#8 C:\Users\Alam\Downloads\rev\public\index.php(37): CodeIgniter\CodeIgniter->run()
#9 C:\Users\Alam\Downloads\rev\system\Commands\Server\rewrite.php(43): require_once('C:\\Users\\Alam\\D...')
#10 {main}
ERROR - 2024-02-09 21:00:57 --> Unknown column 'pengadaan_barang.id' in 'where clause'
CRITICAL - 2024-02-09 21:00:57 --> Unknown column 'pengadaan_barang.id' in 'where clause'
#0 C:\Users\Alam\Downloads\rev\system\Database\MySQLi\Connection.php(292): mysqli->query('SELECT *\nFROM `...', 0)
#1 C:\Users\Alam\Downloads\rev\system\Database\BaseConnection.php(670): CodeIgniter\Database\MySQLi\Connection->execute('SELECT *\nFROM `...')
#2 C:\Users\Alam\Downloads\rev\system\Database\BaseConnection.php(598): CodeIgniter\Database\BaseConnection->simpleQuery('SELECT *\nFROM `...')
#3 C:\Users\Alam\Downloads\rev\system\Database\BaseBuilder.php(1455): CodeIgniter\Database\BaseConnection->query('SELECT *\nFROM `...', Array, false)
#4 C:\Users\Alam\Downloads\rev\system\Model.php(142): CodeIgniter\Database\BaseBuilder->get()
#5 C:\Users\Alam\Downloads\rev\system\BaseModel.php(523): CodeIgniter\Model->doFind(true, '1')
#6 C:\Users\Alam\Downloads\rev\app\Controllers\Admin.php(1908): CodeIgniter\BaseModel->find('1')
#7 C:\Users\Alam\Downloads\rev\system\CodeIgniter.php(832): App\Controllers\Admin->updatePengadaan('1')
#8 C:\Users\Alam\Downloads\rev\system\CodeIgniter.php(419): CodeIgniter\CodeIgniter->runController(Object(App\Controllers\Admin))
#9 C:\Users\Alam\Downloads\rev\system\CodeIgniter.php(326): CodeIgniter\CodeIgniter->handleRequest(NULL, Object(Config\Cache), false)
#10 C:\Users\Alam\Downloads\rev\public\index.php(37): CodeIgniter\CodeIgniter->run()
#11 C:\Users\Alam\Downloads\rev\system\Commands\Server\rewrite.php(43): require_once('C:\\Users\\Alam\\D...')
#12 {main}
ERROR - 2024-02-09 21:03:49 --> Cannot add or update a child row: a foreign key constraint fails (`sidang`.`detail_pengadaan_barang`, CONSTRAINT `detail_pengadaan_barang_ibfk_1` FOREIGN KEY (`id_pengadaan_barang`) REFERENCES `pengadaan_barang` (`pengadaan_barang_id`) ON DELETE CASCADE ON U)
CRITICAL - 2024-02-09 21:03:49 --> Cannot add or update a child row: a foreign key constraint fails (`sidang`.`detail_pengadaan_barang`, CONSTRAINT `detail_pengadaan_barang_ibfk_1` FOREIGN KEY (`id_pengadaan_barang`) REFERENCES `pengadaan_barang` (`pengadaan_barang_id`) ON DELETE CASCADE ON U)
#0 C:\Users\Alam\Downloads\rev\system\Database\MySQLi\Connection.php(292): mysqli->query('INSERT INTO `de...', 0)
#1 C:\Users\Alam\Downloads\rev\system\Database\BaseConnection.php(670): CodeIgniter\Database\MySQLi\Connection->execute('INSERT INTO `de...')
#2 C:\Users\Alam\Downloads\rev\system\Database\BaseConnection.php(598): CodeIgniter\Database\BaseConnection->simpleQuery('INSERT INTO `de...')
#3 C:\Users\Alam\Downloads\rev\system\Database\BaseBuilder.php(1771): CodeIgniter\Database\BaseConnection->query('INSERT INTO `de...', Array, false)
#4 C:\Users\Alam\Downloads\rev\system\Model.php(239): CodeIgniter\Database\BaseBuilder->insert()
#5 C:\Users\Alam\Downloads\rev\system\BaseModel.php(738): CodeIgniter\Model->doInsert(Array)
#6 C:\Users\Alam\Downloads\rev\system\Model.php(625): CodeIgniter\BaseModel->insert(Array, false)
#7 C:\Users\Alam\Downloads\rev\system\BaseModel.php(658): CodeIgniter\Model->insert(Array, false)
#8 C:\Users\Alam\Downloads\rev\app\Controllers\Admin.php(1851): CodeIgniter\BaseModel->save(Array)
#9 C:\Users\Alam\Downloads\rev\system\CodeIgniter.php(832): App\Controllers\Admin->simpanPengadaan()
#10 C:\Users\Alam\Downloads\rev\system\CodeIgniter.php(419): CodeIgniter\CodeIgniter->runController(Object(App\Controllers\Admin))
#11 C:\Users\Alam\Downloads\rev\system\CodeIgniter.php(326): CodeIgniter\CodeIgniter->handleRequest(NULL, Object(Config\Cache), false)
#12 C:\Users\Alam\Downloads\rev\public\index.php(37): CodeIgniter\CodeIgniter->run()
#13 C:\Users\Alam\Downloads\rev\system\Commands\Server\rewrite.php(43): require_once('C:\\Users\\Alam\\D...')
#14 {main}
CRITICAL - 2024-02-09 21:05:19 --> Too few arguments to function App\Controllers\Admin::detailPengadaan(), 0 passed in C:\Users\Alam\Downloads\rev\system\CodeIgniter.php on line 832 and exactly 1 expected
#0 C:\Users\Alam\Downloads\rev\system\CodeIgniter.php(832): App\Controllers\Admin->detailPengadaan()
#1 C:\Users\Alam\Downloads\rev\system\CodeIgniter.php(419): CodeIgniter\CodeIgniter->runController(Object(App\Controllers\Admin))
#2 C:\Users\Alam\Downloads\rev\system\CodeIgniter.php(326): CodeIgniter\CodeIgniter->handleRequest(NULL, Object(Config\Cache), false)
#3 C:\Users\Alam\Downloads\rev\public\index.php(37): CodeIgniter\CodeIgniter->run()
#4 C:\Users\Alam\Downloads\rev\system\Commands\Server\rewrite.php(43): require_once('C:\\Users\\Alam\\D...')
#5 {main}
CRITICAL - 2024-02-09 21:05:30 --> Too few arguments to function App\Controllers\Admin::deletePengadaan(), 0 passed in C:\Users\Alam\Downloads\rev\system\CodeIgniter.php on line 832 and exactly 1 expected
#0 C:\Users\Alam\Downloads\rev\system\CodeIgniter.php(832): App\Controllers\Admin->deletePengadaan()
#1 C:\Users\Alam\Downloads\rev\system\CodeIgniter.php(419): CodeIgniter\CodeIgniter->runController(Object(App\Controllers\Admin))
#2 C:\Users\Alam\Downloads\rev\system\CodeIgniter.php(326): CodeIgniter\CodeIgniter->handleRequest(NULL, Object(Config\Cache), false)
#3 C:\Users\Alam\Downloads\rev\public\index.php(37): CodeIgniter\CodeIgniter->run()
#4 C:\Users\Alam\Downloads\rev\system\Commands\Server\rewrite.php(43): require_once('C:\\Users\\Alam\\D...')
#5 {main}
CRITICAL - 2024-02-09 21:08:41 --> Undefined array key "pengadaan_barang_id"
#0 C:\Users\Alam\Downloads\rev\app\Views\Admin\Pengadaan\Detail_pengadaan.php(57): CodeIgniter\Debug\Exceptions->errorHandler(2, 'Undefined array...', 'C:\\Users\\Alam\\D...', 57)
#1 C:\Users\Alam\Downloads\rev\system\View\View.php(210): include('C:\\Users\\Alam\\D...')
#2 C:\Users\Alam\Downloads\rev\system\View\View.php(213): CodeIgniter\View\View->CodeIgniter\View\{closure}()
#3 C:\Users\Alam\Downloads\rev\system\Common.php(1089): CodeIgniter\View\View->render('Admin/Pengadaan...', Array, true)
#4 C:\Users\Alam\Downloads\rev\app\Controllers\Admin.php(1947): view('Admin/Pengadaan...', Array)
#5 C:\Users\Alam\Downloads\rev\system\CodeIgniter.php(832): App\Controllers\Admin->detailPengadaan('PB2024020909050...')
#6 C:\Users\Alam\Downloads\rev\system\CodeIgniter.php(419): CodeIgniter\CodeIgniter->runController(Object(App\Controllers\Admin))
#7 C:\Users\Alam\Downloads\rev\system\CodeIgniter.php(326): CodeIgniter\CodeIgniter->handleRequest(NULL, Object(Config\Cache), false)
#8 C:\Users\Alam\Downloads\rev\public\index.php(37): CodeIgniter\CodeIgniter->run()
#9 C:\Users\Alam\Downloads\rev\system\Commands\Server\rewrite.php(43): require_once('C:\\Users\\Alam\\D...')
#10 {main}
ERROR - 2024-02-09 21:15:53 --> Unknown column 'status' in 'where clause'
CRITICAL - 2024-02-09 21:15:53 --> Unknown column 'status' in 'where clause'
#0 C:\Users\Alam\Downloads\rev\system\Database\MySQLi\Connection.php(292): mysqli->query('SELECT *\nFROM `...', 0)
#1 C:\Users\Alam\Downloads\rev\system\Database\BaseConnection.php(670): CodeIgniter\Database\MySQLi\Connection->execute('SELECT *\nFROM `...')
#2 C:\Users\Alam\Downloads\rev\system\Database\BaseConnection.php(598): CodeIgniter\Database\BaseConnection->simpleQuery('SELECT *\nFROM `...')
#3 C:\Users\Alam\Downloads\rev\system\Database\BaseBuilder.php(1455): CodeIgniter\Database\BaseConnection->query('SELECT *\nFROM `...', Array, false)
#4 C:\Users\Alam\Downloads\rev\app\Controllers\Admin.php(1620): CodeIgniter\Database\BaseBuilder->get()
#5 C:\Users\Alam\Downloads\rev\system\CodeIgniter.php(832): App\Controllers\Admin->permintaan_masuk()
#6 C:\Users\Alam\Downloads\rev\system\CodeIgniter.php(419): CodeIgniter\CodeIgniter->runController(Object(App\Controllers\Admin))
#7 C:\Users\Alam\Downloads\rev\system\CodeIgniter.php(326): CodeIgniter\CodeIgniter->handleRequest(NULL, Object(Config\Cache), false)
#8 C:\Users\Alam\Downloads\rev\public\index.php(37): CodeIgniter\CodeIgniter->run()
#9 C:\Users\Alam\Downloads\rev\system\Commands\Server\rewrite.php(43): require_once('C:\\Users\\Alam\\D...')
#10 {main}
ERROR - 2024-02-09 21:16:02 --> Unknown column 'status' in 'where clause'
CRITICAL - 2024-02-09 21:16:02 --> Unknown column 'status' in 'where clause'
#0 C:\Users\Alam\Downloads\rev\system\Database\MySQLi\Connection.php(292): mysqli->query('SELECT *\nFROM `...', 0)
#1 C:\Users\Alam\Downloads\rev\system\Database\BaseConnection.php(670): CodeIgniter\Database\MySQLi\Connection->execute('SELECT *\nFROM `...')
#2 C:\Users\Alam\Downloads\rev\system\Database\BaseConnection.php(598): CodeIgniter\Database\BaseConnection->simpleQuery('SELECT *\nFROM `...')
#3 C:\Users\Alam\Downloads\rev\system\Database\BaseBuilder.php(1455): CodeIgniter\Database\BaseConnection->query('SELECT *\nFROM `...', Array, false)
#4 C:\Users\Alam\Downloads\rev\app\Controllers\Admin.php(1632): CodeIgniter\Database\BaseBuilder->get()
#5 C:\Users\Alam\Downloads\rev\system\CodeIgniter.php(832): App\Controllers\Admin->permintaan_proses()
#6 C:\Users\Alam\Downloads\rev\system\CodeIgniter.php(419): CodeIgniter\CodeIgniter->runController(Object(App\Controllers\Admin))
#7 C:\Users\Alam\Downloads\rev\system\CodeIgniter.php(326): CodeIgniter\CodeIgniter->handleRequest(NULL, Object(Config\Cache), false)
#8 C:\Users\Alam\Downloads\rev\public\index.php(37): CodeIgniter\CodeIgniter->run()
#9 C:\Users\Alam\Downloads\rev\system\Commands\Server\rewrite.php(43): require_once('C:\\Users\\Alam\\D...')
#10 {main}
ERROR - 2024-02-09 21:36:24 --> Unknown column 'master_barang.nama_barang' in 'field list'
CRITICAL - 2024-02-09 21:36:24 --> Unknown column 'master_barang.nama_barang' in 'field list'
#0 C:\Users\Alam\Downloads\rev\system\Database\MySQLi\Connection.php(292): mysqli->query('SELECT `permint...', 0)
#1 C:\Users\Alam\Downloads\rev\system\Database\BaseConnection.php(670): CodeIgniter\Database\MySQLi\Connection->execute('SELECT `permint...')
#2 C:\Users\Alam\Downloads\rev\system\Database\BaseConnection.php(598): CodeIgniter\Database\BaseConnection->simpleQuery('SELECT `permint...')
#3 C:\Users\Alam\Downloads\rev\system\Database\BaseBuilder.php(1455): CodeIgniter\Database\BaseConnection->query('SELECT `permint...', Array, false)
#4 C:\Users\Alam\Downloads\rev\system\Model.php(183): CodeIgniter\Database\BaseBuilder->get()
#5 C:\Users\Alam\Downloads\rev\system\BaseModel.php(584): CodeIgniter\Model->doFindAll(0, 0)
#6 C:\Users\Alam\Downloads\rev\app\Models\detailPermintaanModel.php(45): CodeIgniter\BaseModel->findAll()
#7 C:\Users\Alam\Downloads\rev\app\Controllers\Admin.php(1632): App\Models\detailPermintaanModel->getPermintaanProses()
#8 C:\Users\Alam\Downloads\rev\system\CodeIgniter.php(832): App\Controllers\Admin->permintaan_proses()
#9 C:\Users\Alam\Downloads\rev\system\CodeIgniter.php(419): CodeIgniter\CodeIgniter->runController(Object(App\Controllers\Admin))
#10 C:\Users\Alam\Downloads\rev\system\CodeIgniter.php(326): CodeIgniter\CodeIgniter->handleRequest(NULL, Object(Config\Cache), false)
#11 C:\Users\Alam\Downloads\rev\public\index.php(37): CodeIgniter\CodeIgniter->run()
#12 C:\Users\Alam\Downloads\rev\system\Commands\Server\rewrite.php(43): require_once('C:\\Users\\Alam\\D...')
#13 {main}
ERROR - 2024-02-09 21:36:47 --> Column 'status' in where clause is ambiguous
CRITICAL - 2024-02-09 21:36:47 --> Column 'status' in where clause is ambiguous
#0 C:\Users\Alam\Downloads\rev\system\Database\MySQLi\Connection.php(292): mysqli->query('SELECT `detail_...', 0)
#1 C:\Users\Alam\Downloads\rev\system\Database\BaseConnection.php(670): CodeIgniter\Database\MySQLi\Connection->execute('SELECT `detail_...')
#2 C:\Users\Alam\Downloads\rev\system\Database\BaseConnection.php(598): CodeIgniter\Database\BaseConnection->simpleQuery('SELECT `detail_...')
#3 C:\Users\Alam\Downloads\rev\system\Database\BaseBuilder.php(1455): CodeIgniter\Database\BaseConnection->query('SELECT `detail_...', Array, false)
#4 C:\Users\Alam\Downloads\rev\system\Model.php(183): CodeIgniter\Database\BaseBuilder->get()
#5 C:\Users\Alam\Downloads\rev\system\BaseModel.php(584): CodeIgniter\Model->doFindAll(0, 0)
#6 C:\Users\Alam\Downloads\rev\app\Models\detailPermintaanModel.php(47): CodeIgniter\BaseModel->findAll()
#7 C:\Users\Alam\Downloads\rev\app\Controllers\Admin.php(1632): App\Models\detailPermintaanModel->getPermintaanProses()
#8 C:\Users\Alam\Downloads\rev\system\CodeIgniter.php(832): App\Controllers\Admin->permintaan_proses()
#9 C:\Users\Alam\Downloads\rev\system\CodeIgniter.php(419): CodeIgniter\CodeIgniter->runController(Object(App\Controllers\Admin))
#10 C:\Users\Alam\Downloads\rev\system\CodeIgniter.php(326): CodeIgniter\CodeIgniter->handleRequest(NULL, Object(Config\Cache), false)
#11 C:\Users\Alam\Downloads\rev\public\index.php(37): CodeIgniter\CodeIgniter->run()
#12 C:\Users\Alam\Downloads\rev\system\Commands\Server\rewrite.php(43): require_once('C:\\Users\\Alam\\D...')
#13 {main}
ERROR - 2024-02-09 21:37:04 --> Unknown column 'master_barang.kode_barang' in 'on clause'
CRITICAL - 2024-02-09 21:37:04 --> Unknown column 'master_barang.kode_barang' in 'on clause'
#0 C:\Users\Alam\Downloads\rev\system\Database\MySQLi\Connection.php(292): mysqli->query('SELECT `detail_...', 0)
#1 C:\Users\Alam\Downloads\rev\system\Database\BaseConnection.php(670): CodeIgniter\Database\MySQLi\Connection->execute('SELECT `detail_...')
#2 C:\Users\Alam\Downloads\rev\system\Database\BaseConnection.php(598): CodeIgniter\Database\BaseConnection->simpleQuery('SELECT `detail_...')
#3 C:\Users\Alam\Downloads\rev\system\Database\BaseBuilder.php(1455): CodeIgniter\Database\BaseConnection->query('SELECT `detail_...', Array, false)
#4 C:\Users\Alam\Downloads\rev\system\Model.php(183): CodeIgniter\Database\BaseBuilder->get()
#5 C:\Users\Alam\Downloads\rev\system\BaseModel.php(584): CodeIgniter\Model->doFindAll(0, 0)
#6 C:\Users\Alam\Downloads\rev\app\Models\detailPermintaanModel.php(47): CodeIgniter\BaseModel->findAll()
#7 C:\Users\Alam\Downloads\rev\app\Controllers\Admin.php(1632): App\Models\detailPermintaanModel->getPermintaanProses()
#8 C:\Users\Alam\Downloads\rev\system\CodeIgniter.php(832): App\Controllers\Admin->permintaan_proses()
#9 C:\Users\Alam\Downloads\rev\system\CodeIgniter.php(419): CodeIgniter\CodeIgniter->runController(Object(App\Controllers\Admin))
#10 C:\Users\Alam\Downloads\rev\system\CodeIgniter.php(326): CodeIgniter\CodeIgniter->handleRequest(NULL, Object(Config\Cache), false)
#11 C:\Users\Alam\Downloads\rev\public\index.php(37): CodeIgniter\CodeIgniter->run()
#12 C:\Users\Alam\Downloads\rev\system\Commands\Server\rewrite.php(43): require_once('C:\\Users\\Alam\\D...')
#13 {main}
CRITICAL - 2024-02-09 21:39:07 --> Call to undefined method App\Models\PermintaanModel::getPermintaanSelesai
#0 C:\Users\Alam\Downloads\rev\app\Controllers\Admin.php(1638): CodeIgniter\Model->__call('getPermintaanSe...', Array)
#1 C:\Users\Alam\Downloads\rev\system\CodeIgniter.php(832): App\Controllers\Admin->permintaan_selesai()
#2 C:\Users\Alam\Downloads\rev\system\CodeIgniter.php(419): CodeIgniter\CodeIgniter->runController(Object(App\Controllers\Admin))
#3 C:\Users\Alam\Downloads\rev\system\CodeIgniter.php(326): CodeIgniter\CodeIgniter->handleRequest(NULL, Object(Config\Cache), false)
#4 C:\Users\Alam\Downloads\rev\public\index.php(37): CodeIgniter\CodeIgniter->run()
#5 C:\Users\Alam\Downloads\rev\system\Commands\Server\rewrite.php(43): require_once('C:\\Users\\Alam\\D...')
#6 {main}
CRITICAL - 2024-02-09 21:39:22 --> Call to undefined method App\Models\PermintaanModel::getPermintaanSelesai
#0 C:\Users\Alam\Downloads\rev\app\Controllers\Admin.php(1638): CodeIgniter\Model->__call('getPermintaanSe...', Array)
#1 C:\Users\Alam\Downloads\rev\system\CodeIgniter.php(832): App\Controllers\Admin->permintaan_selesai()
#2 C:\Users\Alam\Downloads\rev\system\CodeIgniter.php(419): CodeIgniter\CodeIgniter->runController(Object(App\Controllers\Admin))
#3 C:\Users\Alam\Downloads\rev\system\CodeIgniter.php(326): CodeIgniter\CodeIgniter->handleRequest(NULL, Object(Config\Cache), false)
#4 C:\Users\Alam\Downloads\rev\public\index.php(37): CodeIgniter\CodeIgniter->run()
#5 C:\Users\Alam\Downloads\rev\system\Commands\Server\rewrite.php(43): require_once('C:\\Users\\Alam\\D...')
#6 {main}
CRITICAL - 2024-02-09 21:39:34 --> Call to undefined method App\Models\PermintaanModel::getPermintaanSelesai
#0 C:\Users\Alam\Downloads\rev\app\Controllers\Admin.php(1638): CodeIgniter\Model->__call('getPermintaanSe...', Array)
#1 C:\Users\Alam\Downloads\rev\system\CodeIgniter.php(832): App\Controllers\Admin->permintaan_selesai()
#2 C:\Users\Alam\Downloads\rev\system\CodeIgniter.php(419): CodeIgniter\CodeIgniter->runController(Object(App\Controllers\Admin))
#3 C:\Users\Alam\Downloads\rev\system\CodeIgniter.php(326): CodeIgniter\CodeIgniter->handleRequest(NULL, Object(Config\Cache), false)
#4 C:\Users\Alam\Downloads\rev\public\index.php(37): CodeIgniter\CodeIgniter->run()
#5 C:\Users\Alam\Downloads\rev\system\Commands\Server\rewrite.php(43): require_once('C:\\Users\\Alam\\D...')
#6 {main}
CRITICAL - 2024-02-09 21:40:15 --> Call to undefined method App\Models\PermintaanModel::getPermintaanSelesai
#0 C:\Users\Alam\Downloads\rev\app\Controllers\Admin.php(1638): CodeIgniter\Model->__call('getPermintaanSe...', Array)
#1 C:\Users\Alam\Downloads\rev\system\CodeIgniter.php(832): App\Controllers\Admin->permintaan_selesai()
#2 C:\Users\Alam\Downloads\rev\system\CodeIgniter.php(419): CodeIgniter\CodeIgniter->runController(Object(App\Controllers\Admin))
#3 C:\Users\Alam\Downloads\rev\system\CodeIgniter.php(326): CodeIgniter\CodeIgniter->handleRequest(NULL, Object(Config\Cache), false)
#4 C:\Users\Alam\Downloads\rev\public\index.php(37): CodeIgniter\CodeIgniter->run()
#5 C:\Users\Alam\Downloads\rev\system\Commands\Server\rewrite.php(43): require_once('C:\\Users\\Alam\\D...')
#6 {main}
ERROR - 2024-02-09 21:40:28 --> Column 'status' in where clause is ambiguous
CRITICAL - 2024-02-09 21:40:28 --> Column 'status' in where clause is ambiguous
#0 C:\Users\Alam\Downloads\rev\system\Database\MySQLi\Connection.php(292): mysqli->query('SELECT `detail_...', 0)
#1 C:\Users\Alam\Downloads\rev\system\Database\BaseConnection.php(670): CodeIgniter\Database\MySQLi\Connection->execute('SELECT `detail_...')
#2 C:\Users\Alam\Downloads\rev\system\Database\BaseConnection.php(598): CodeIgniter\Database\BaseConnection->simpleQuery('SELECT `detail_...')
#3 C:\Users\Alam\Downloads\rev\system\Database\BaseBuilder.php(1455): CodeIgniter\Database\BaseConnection->query('SELECT `detail_...', Array, false)
#4 C:\Users\Alam\Downloads\rev\system\Model.php(183): CodeIgniter\Database\BaseBuilder->get()
#5 C:\Users\Alam\Downloads\rev\system\BaseModel.php(584): CodeIgniter\Model->doFindAll(0, 0)
#6 C:\Users\Alam\Downloads\rev\app\Models\detailPermintaanModel.php(72): CodeIgniter\BaseModel->findAll()
#7 C:\Users\Alam\Downloads\rev\app\Controllers\Admin.php(1638): App\Models\detailPermintaanModel->getPermintaanSelesai()
#8 C:\Users\Alam\Downloads\rev\system\CodeIgniter.php(832): App\Controllers\Admin->permintaan_selesai()
#9 C:\Users\Alam\Downloads\rev\system\CodeIgniter.php(419): CodeIgniter\CodeIgniter->runController(Object(App\Controllers\Admin))
#10 C:\Users\Alam\Downloads\rev\system\CodeIgniter.php(326): CodeIgniter\CodeIgniter->handleRequest(NULL, Object(Config\Cache), false)
#11 C:\Users\Alam\Downloads\rev\public\index.php(37): CodeIgniter\CodeIgniter->run()
#12 C:\Users\Alam\Downloads\rev\system\Commands\Server\rewrite.php(43): require_once('C:\\Users\\Alam\\D...')
#13 {main}
ERROR - 2024-02-09 21:41:19 --> Unknown column 'status' in 'where clause'
CRITICAL - 2024-02-09 21:41:19 --> Unknown column 'status' in 'where clause'
#0 C:\Users\Alam\Downloads\rev\system\Database\MySQLi\Connection.php(292): mysqli->query('SELECT *\nFROM `...', 0)
#1 C:\Users\Alam\Downloads\rev\system\Database\BaseConnection.php(670): CodeIgniter\Database\MySQLi\Connection->execute('SELECT *\nFROM `...')
#2 C:\Users\Alam\Downloads\rev\system\Database\BaseConnection.php(598): CodeIgniter\Database\BaseConnection->simpleQuery('SELECT *\nFROM `...')
#3 C:\Users\Alam\Downloads\rev\system\Database\BaseBuilder.php(1455): CodeIgniter\Database\BaseConnection->query('SELECT *\nFROM `...', Array, false)
#4 C:\Users\Alam\Downloads\rev\app\Controllers\Petugas_pengadaan.php(34): CodeIgniter\Database\BaseBuilder->get()
#5 C:\Users\Alam\Downloads\rev\system\CodeIgniter.php(832): App\Controllers\Petugas_pengadaan->index()
#6 C:\Users\Alam\Downloads\rev\system\CodeIgniter.php(419): CodeIgniter\CodeIgniter->runController(Object(App\Controllers\Petugas_pengadaan))
#7 C:\Users\Alam\Downloads\rev\system\CodeIgniter.php(326): CodeIgniter\CodeIgniter->handleRequest(NULL, Object(Config\Cache), false)
#8 C:\Users\Alam\Downloads\rev\public\index.php(37): CodeIgniter\CodeIgniter->run()
#9 C:\Users\Alam\Downloads\rev\system\Commands\Server\rewrite.php(43): require_once('C:\\Users\\Alam\\D...')
#10 {main}
ERROR - 2024-02-09 21:42:53 --> Unknown column 'status' in 'where clause'
CRITICAL - 2024-02-09 21:42:53 --> Unknown column 'status' in 'where clause'
#0 C:\Users\Alam\Downloads\rev\system\Database\MySQLi\Connection.php(292): mysqli->query('SELECT *\nFROM `...', 0)
#1 C:\Users\Alam\Downloads\rev\system\Database\BaseConnection.php(670): CodeIgniter\Database\MySQLi\Connection->execute('SELECT *\nFROM `...')
#2 C:\Users\Alam\Downloads\rev\system\Database\BaseConnection.php(598): CodeIgniter\Database\BaseConnection->simpleQuery('SELECT *\nFROM `...')
#3 C:\Users\Alam\Downloads\rev\system\Database\BaseBuilder.php(1455): CodeIgniter\Database\BaseConnection->query('SELECT *\nFROM `...', Array, false)
#4 C:\Users\Alam\Downloads\rev\app\Controllers\Petugas_pengadaan.php(188): CodeIgniter\Database\BaseBuilder->get()
#5 C:\Users\Alam\Downloads\rev\system\CodeIgniter.php(832): App\Controllers\Petugas_pengadaan->Pengadaan_masuk()
#6 C:\Users\Alam\Downloads\rev\system\CodeIgniter.php(419): CodeIgniter\CodeIgniter->runController(Object(App\Controllers\Petugas_pengadaan))
#7 C:\Users\Alam\Downloads\rev\system\CodeIgniter.php(326): CodeIgniter\CodeIgniter->handleRequest(NULL, Object(Config\Cache), false)
#8 C:\Users\Alam\Downloads\rev\public\index.php(37): CodeIgniter\CodeIgniter->run()
#9 C:\Users\Alam\Downloads\rev\system\Commands\Server\rewrite.php(43): require_once('C:\\Users\\Alam\\D...')
#10 {main}
CRITICAL - 2024-02-09 21:44:45 --> Undefined array key "tgl_pengajuan"
#0 C:\Users\Alam\Downloads\rev\app\Views\Petugas_pengadaan\Pengadaan\Index.php(58): CodeIgniter\Debug\Exceptions->errorHandler(2, 'Undefined array...', 'C:\\Users\\Alam\\D...', 58)
#1 C:\Users\Alam\Downloads\rev\system\View\View.php(210): include('C:\\Users\\Alam\\D...')
#2 C:\Users\Alam\Downloads\rev\system\View\View.php(213): CodeIgniter\View\View->CodeIgniter\View\{closure}()
#3 C:\Users\Alam\Downloads\rev\system\Common.php(1089): CodeIgniter\View\View->render('Petugas_pengada...', Array, true)
#4 C:\Users\Alam\Downloads\rev\app\Controllers\Petugas_pengadaan.php(181): view('Petugas_pengada...', Array)
#5 C:\Users\Alam\Downloads\rev\system\CodeIgniter.php(832): App\Controllers\Petugas_pengadaan->pengadaan()
#6 C:\Users\Alam\Downloads\rev\system\CodeIgniter.php(419): CodeIgniter\CodeIgniter->runController(Object(App\Controllers\Petugas_pengadaan))
#7 C:\Users\Alam\Downloads\rev\system\CodeIgniter.php(326): CodeIgniter\CodeIgniter->handleRequest(NULL, Object(Config\Cache), false)
#8 C:\Users\Alam\Downloads\rev\public\index.php(37): CodeIgniter\CodeIgniter->run()
#9 C:\Users\Alam\Downloads\rev\system\Commands\Server\rewrite.php(43): require_once('C:\\Users\\Alam\\D...')
#10 {main}
CRITICAL - 2024-02-09 21:56:46 --> Undefined variable $detailPengadaanModel
#0 C:\Users\Alam\Downloads\rev\app\Views\Petugas_pengadaan\Pengadaan\Index.php(50): CodeIgniter\Debug\Exceptions->errorHandler(2, 'Undefined varia...', 'C:\\Users\\Alam\\D...', 50)
#1 C:\Users\Alam\Downloads\rev\system\View\View.php(210): include('C:\\Users\\Alam\\D...')
#2 C:\Users\Alam\Downloads\rev\system\View\View.php(213): CodeIgniter\View\View->CodeIgniter\View\{closure}()
#3 C:\Users\Alam\Downloads\rev\system\Common.php(1089): CodeIgniter\View\View->render('Petugas_pengada...', Array, true)
#4 C:\Users\Alam\Downloads\rev\app\Controllers\Petugas_pengadaan.php(181): view('Petugas_pengada...', Array)
#5 C:\Users\Alam\Downloads\rev\system\CodeIgniter.php(832): App\Controllers\Petugas_pengadaan->pengadaan()
#6 C:\Users\Alam\Downloads\rev\system\CodeIgniter.php(419): CodeIgniter\CodeIgniter->runController(Object(App\Controllers\Petugas_pengadaan))
#7 C:\Users\Alam\Downloads\rev\system\CodeIgniter.php(326): CodeIgniter\CodeIgniter->handleRequest(NULL, Object(Config\Cache), false)
#8 C:\Users\Alam\Downloads\rev\public\index.php(37): CodeIgniter\CodeIgniter->run()
#9 C:\Users\Alam\Downloads\rev\system\Commands\Server\rewrite.php(43): require_once('C:\\Users\\Alam\\D...')
#10 {main}
ERROR - 2024-02-09 22:02:17 --> Unknown column 'id' in 'where clause'
CRITICAL - 2024-02-09 22:02:17 --> Unknown column 'id' in 'where clause'
#0 C:\Users\Alam\Downloads\rev\system\Database\MySQLi\Connection.php(292): mysqli->query('SELECT *\nFROM `...', 0)
#1 C:\Users\Alam\Downloads\rev\system\Database\BaseConnection.php(670): CodeIgniter\Database\MySQLi\Connection->execute('SELECT *\nFROM `...')
#2 C:\Users\Alam\Downloads\rev\system\Database\BaseConnection.php(598): CodeIgniter\Database\BaseConnection->simpleQuery('SELECT *\nFROM `...')
#3 C:\Users\Alam\Downloads\rev\system\Database\BaseBuilder.php(1455): CodeIgniter\Database\BaseConnection->query('SELECT *\nFROM `...', Array, false)
#4 C:\Users\Alam\Downloads\rev\app\Controllers\Petugas_pengadaan.php(324): CodeIgniter\Database\BaseBuilder->get()
#5 C:\Users\Alam\Downloads\rev\system\CodeIgniter.php(832): App\Controllers\Petugas_pengadaan->detailPengadaan('8')
#6 C:\Users\Alam\Downloads\rev\system\CodeIgniter.php(419): CodeIgniter\CodeIgniter->runController(Object(App\Controllers\Petugas_pengadaan))
#7 C:\Users\Alam\Downloads\rev\system\CodeIgniter.php(326): CodeIgniter\CodeIgniter->handleRequest(NULL, Object(Config\Cache), false)
#8 C:\Users\Alam\Downloads\rev\public\index.php(37): CodeIgniter\CodeIgniter->run()
#9 C:\Users\Alam\Downloads\rev\system\Commands\Server\rewrite.php(43): require_once('C:\\Users\\Alam\\D...')
#10 {main}
CRITICAL - 2024-02-09 22:03:03 --> Undefined property: stdClass::$tahun_periode
#0 C:\Users\Alam\Downloads\rev\app\Views\Petugas_pengadaan\Pengadaan\Detail_pengadaan.php(89): CodeIgniter\Debug\Exceptions->errorHandler(2, 'Undefined prope...', 'C:\\Users\\Alam\\D...', 89)
#1 C:\Users\Alam\Downloads\rev\system\View\View.php(210): include('C:\\Users\\Alam\\D...')
#2 C:\Users\Alam\Downloads\rev\system\View\View.php(213): CodeIgniter\View\View->CodeIgniter\View\{closure}()
#3 C:\Users\Alam\Downloads\rev\system\Common.php(1089): CodeIgniter\View\View->render('Petugas_pengada...', Array, true)
#4 C:\Users\Alam\Downloads\rev\app\Controllers\Petugas_pengadaan.php(341): view('Petugas_pengada...', Array)
#5 C:\Users\Alam\Downloads\rev\system\CodeIgniter.php(832): App\Controllers\Petugas_pengadaan->detailPengadaan('8')
#6 C:\Users\Alam\Downloads\rev\system\CodeIgniter.php(419): CodeIgniter\CodeIgniter->runController(Object(App\Controllers\Petugas_pengadaan))
#7 C:\Users\Alam\Downloads\rev\system\CodeIgniter.php(326): CodeIgniter\CodeIgniter->handleRequest(NULL, Object(Config\Cache), false)
#8 C:\Users\Alam\Downloads\rev\public\index.php(37): CodeIgniter\CodeIgniter->run()
#9 C:\Users\Alam\Downloads\rev\system\Commands\Server\rewrite.php(43): require_once('C:\\Users\\Alam\\D...')
#10 {main}
CRITICAL - 2024-02-09 22:06:09 --> There is no data to update.
#0 C:\Users\Alam\Downloads\rev\system\BaseModel.php(846): CodeIgniter\Database\Exceptions\DataException::forEmptyDataset('update')
#1 C:\Users\Alam\Downloads\rev\system\Model.php(651): CodeIgniter\BaseModel->update(Array, Array)
#2 C:\Users\Alam\Downloads\rev\app\Controllers\Petugas_pengadaan.php(238): CodeIgniter\Model->update('8', Array)
#3 C:\Users\Alam\Downloads\rev\system\CodeIgniter.php(832): App\Controllers\Petugas_pengadaan->prosesPengadaan('8')
#4 C:\Users\Alam\Downloads\rev\system\CodeIgniter.php(419): CodeIgniter\CodeIgniter->runController(Object(App\Controllers\Petugas_pengadaan))
#5 C:\Users\Alam\Downloads\rev\system\CodeIgniter.php(326): CodeIgniter\CodeIgniter->handleRequest(NULL, Object(Config\Cache), false)
#6 C:\Users\Alam\Downloads\rev\public\index.php(37): CodeIgniter\CodeIgniter->run()
#7 C:\Users\Alam\Downloads\rev\system\Commands\Server\rewrite.php(43): require_once('C:\\Users\\Alam\\D...')
#8 {main}
CRITICAL - 2024-02-09 22:11:05 --> Undefined property: stdClass::$pengadaan_barang_id
#0 C:\Users\Alam\Downloads\rev\app\Views\Petugas_pengadaan\Pengadaan\Detail_pengadaan.php(23): CodeIgniter\Debug\Exceptions->errorHandler(2, 'Undefined prope...', 'C:\\Users\\Alam\\D...', 23)
#1 C:\Users\Alam\Downloads\rev\system\View\View.php(210): include('C:\\Users\\Alam\\D...')
#2 C:\Users\Alam\Downloads\rev\system\View\View.php(213): CodeIgniter\View\View->CodeIgniter\View\{closure}()
#3 C:\Users\Alam\Downloads\rev\system\Common.php(1089): CodeIgniter\View\View->render('Petugas_pengada...', Array, true)
#4 C:\Users\Alam\Downloads\rev\app\Controllers\Petugas_pengadaan.php(341): view('Petugas_pengada...', Array)
#5 C:\Users\Alam\Downloads\rev\system\CodeIgniter.php(832): App\Controllers\Petugas_pengadaan->detailPengadaan('8')
#6 C:\Users\Alam\Downloads\rev\system\CodeIgniter.php(419): CodeIgniter\CodeIgniter->runController(Object(App\Controllers\Petugas_pengadaan))
#7 C:\Users\Alam\Downloads\rev\system\CodeIgniter.php(326): CodeIgniter\CodeIgniter->handleRequest(NULL, Object(Config\Cache), false)
#8 C:\Users\Alam\Downloads\rev\public\index.php(37): CodeIgniter\CodeIgniter->run()
#9 C:\Users\Alam\Downloads\rev\system\Commands\Server\rewrite.php(43): require_once('C:\\Users\\Alam\\D...')
#10 {main}
CRITICAL - 2024-02-09 22:12:10 --> Trying to access array offset on value of type null
#0 C:\Users\Alam\Downloads\rev\app\Views\Petugas_pengadaan\Pengadaan\list_pengadaan.php(16): CodeIgniter\Debug\Exceptions->errorHandler(2, 'Trying to acces...', 'C:\\Users\\Alam\\D...', 16)
#1 C:\Users\Alam\Downloads\rev\system\View\View.php(210): include('C:\\Users\\Alam\\D...')
#2 C:\Users\Alam\Downloads\rev\system\View\View.php(213): CodeIgniter\View\View->CodeIgniter\View\{closure}()
#3 C:\Users\Alam\Downloads\rev\system\Common.php(1089): CodeIgniter\View\View->render('Petugas_pengada...', Array, true)
#4 C:\Users\Alam\Downloads\rev\app\Controllers\Petugas_pengadaan.php(195): view('Petugas_pengada...', Array)
#5 C:\Users\Alam\Downloads\rev\system\CodeIgniter.php(832): App\Controllers\Petugas_pengadaan->list_pengadaan('Petugas_pengada...', 'pengadaan')
#6 C:\Users\Alam\Downloads\rev\system\CodeIgniter.php(419): CodeIgniter\CodeIgniter->runController(Object(App\Controllers\Petugas_pengadaan))
#7 C:\Users\Alam\Downloads\rev\system\CodeIgniter.php(326): CodeIgniter\CodeIgniter->handleRequest(NULL, Object(Config\Cache), false)
#8 C:\Users\Alam\Downloads\rev\public\index.php(37): CodeIgniter\CodeIgniter->run()
#9 C:\Users\Alam\Downloads\rev\system\Commands\Server\rewrite.php(43): require_once('C:\\Users\\Alam\\D...')
#10 {main}
ERROR - 2024-02-09 22:19:30 --> Unknown column 'status' in 'where clause'
CRITICAL - 2024-02-09 22:19:30 --> Unknown column 'status' in 'where clause'
#0 C:\Users\Alam\Downloads\rev\system\Database\MySQLi\Connection.php(292): mysqli->query('SELECT *\nFROM `...', 0)
#1 C:\Users\Alam\Downloads\rev\system\Database\BaseConnection.php(670): CodeIgniter\Database\MySQLi\Connection->execute('SELECT *\nFROM `...')
#2 C:\Users\Alam\Downloads\rev\system\Database\BaseConnection.php(598): CodeIgniter\Database\BaseConnection->simpleQuery('SELECT *\nFROM `...')
#3 C:\Users\Alam\Downloads\rev\system\Database\BaseBuilder.php(1455): CodeIgniter\Database\BaseConnection->query('SELECT *\nFROM `...', Array, false)
#4 C:\Users\Alam\Downloads\rev\app\Controllers\Petugas_pengadaan.php(202): CodeIgniter\Database\BaseBuilder->get()
#5 C:\Users\Alam\Downloads\rev\system\CodeIgniter.php(832): App\Controllers\Petugas_pengadaan->Pengadaan_masuk()
#6 C:\Users\Alam\Downloads\rev\system\CodeIgniter.php(419): CodeIgniter\CodeIgniter->runController(Object(App\Controllers\Petugas_pengadaan))
#7 C:\Users\Alam\Downloads\rev\system\CodeIgniter.php(326): CodeIgniter\CodeIgniter->handleRequest(NULL, Object(Config\Cache), false)
#8 C:\Users\Alam\Downloads\rev\public\index.php(37): CodeIgniter\CodeIgniter->run()
#9 C:\Users\Alam\Downloads\rev\system\Commands\Server\rewrite.php(43): require_once('C:\\Users\\Alam\\D...')
#10 {main}
ERROR - 2024-02-09 22:19:30 --> Unknown column 'status' in 'where clause'
CRITICAL - 2024-02-09 22:19:30 --> Unknown column 'status' in 'where clause'
#0 C:\Users\Alam\Downloads\rev\system\Database\MySQLi\Connection.php(292): mysqli->query('SELECT *\nFROM `...', 0)
#1 C:\Users\Alam\Downloads\rev\system\Database\BaseConnection.php(670): CodeIgniter\Database\MySQLi\Connection->execute('SELECT *\nFROM `...')
#2 C:\Users\Alam\Downloads\rev\system\Database\BaseConnection.php(598): CodeIgniter\Database\BaseConnection->simpleQuery('SELECT *\nFROM `...')
#3 C:\Users\Alam\Downloads\rev\system\Database\BaseBuilder.php(1455): CodeIgniter\Database\BaseConnection->query('SELECT *\nFROM `...', Array, false)
#4 C:\Users\Alam\Downloads\rev\app\Controllers\Petugas_pengadaan.php(202): CodeIgniter\Database\BaseBuilder->get()
#5 C:\Users\Alam\Downloads\rev\system\CodeIgniter.php(832): App\Controllers\Petugas_pengadaan->Pengadaan_masuk()
#6 C:\Users\Alam\Downloads\rev\system\CodeIgniter.php(419): CodeIgniter\CodeIgniter->runController(Object(App\Controllers\Petugas_pengadaan))
#7 C:\Users\Alam\Downloads\rev\system\CodeIgniter.php(326): CodeIgniter\CodeIgniter->handleRequest(NULL, Object(Config\Cache), false)
#8 C:\Users\Alam\Downloads\rev\public\index.php(37): CodeIgniter\CodeIgniter->run()
#9 C:\Users\Alam\Downloads\rev\system\Commands\Server\rewrite.php(43): require_once('C:\\Users\\Alam\\D...')
#10 {main}
CRITICAL - 2024-02-09 22:20:38 --> Undefined array key "pengadaan_barang_id"
#0 C:\Users\Alam\Downloads\rev\app\Views\Petugas_pengadaan\Pengadaan\Index.php(56): CodeIgniter\Debug\Exceptions->errorHandler(2, 'Undefined array...', 'C:\\Users\\Alam\\D...', 56)
#1 C:\Users\Alam\Downloads\rev\system\View\View.php(210): include('C:\\Users\\Alam\\D...')
#2 C:\Users\Alam\Downloads\rev\system\View\View.php(213): CodeIgniter\View\View->CodeIgniter\View\{closure}()
#3 C:\Users\Alam\Downloads\rev\system\Common.php(1089): CodeIgniter\View\View->render('Petugas_pengada...', Array, true)
#4 C:\Users\Alam\Downloads\rev\app\Controllers\Petugas_pengadaan.php(207): view('Petugas_pengada...', Array)
#5 C:\Users\Alam\Downloads\rev\system\CodeIgniter.php(832): App\Controllers\Petugas_pengadaan->Pengadaan_masuk()
#6 C:\Users\Alam\Downloads\rev\system\CodeIgniter.php(419): CodeIgniter\CodeIgniter->runController(Object(App\Controllers\Petugas_pengadaan))
#7 C:\Users\Alam\Downloads\rev\system\CodeIgniter.php(326): CodeIgniter\CodeIgniter->handleRequest(NULL, Object(Config\Cache), false)
#8 C:\Users\Alam\Downloads\rev\public\index.php(37): CodeIgniter\CodeIgniter->run()
#9 C:\Users\Alam\Downloads\rev\system\Commands\Server\rewrite.php(43): require_once('C:\\Users\\Alam\\D...')
#10 {main}
CRITICAL - 2024-02-09 22:24:26 --> Undefined array key "tahun_periode"
#0 C:\Users\Alam\Downloads\rev\app\Views\Petugas_pengadaan\Pengadaan\Indexx.php(66): CodeIgniter\Debug\Exceptions->errorHandler(2, 'Undefined array...', 'C:\\Users\\Alam\\D...', 66)
#1 C:\Users\Alam\Downloads\rev\system\View\View.php(210): include('C:\\Users\\Alam\\D...')
#2 C:\Users\Alam\Downloads\rev\system\View\View.php(213): CodeIgniter\View\View->CodeIgniter\View\{closure}()
#3 C:\Users\Alam\Downloads\rev\system\Common.php(1089): CodeIgniter\View\View->render('Petugas_pengada...', Array, true)
#4 C:\Users\Alam\Downloads\rev\app\Controllers\Petugas_pengadaan.php(207): view('Petugas_pengada...', Array)
#5 C:\Users\Alam\Downloads\rev\system\CodeIgniter.php(832): App\Controllers\Petugas_pengadaan->Pengadaan_masuk()
#6 C:\Users\Alam\Downloads\rev\system\CodeIgniter.php(419): CodeIgniter\CodeIgniter->runController(Object(App\Controllers\Petugas_pengadaan))
#7 C:\Users\Alam\Downloads\rev\system\CodeIgniter.php(326): CodeIgniter\CodeIgniter->handleRequest(NULL, Object(Config\Cache), false)
#8 C:\Users\Alam\Downloads\rev\public\index.php(37): CodeIgniter\CodeIgniter->run()
#9 C:\Users\Alam\Downloads\rev\system\Commands\Server\rewrite.php(43): require_once('C:\\Users\\Alam\\D...')
#10 {main}
ERROR - 2024-02-09 22:40:36 --> Unknown column 'pengadaan_barang.id' in 'where clause'
CRITICAL - 2024-02-09 22:40:36 --> Unknown column 'pengadaan_barang.id' in 'where clause'
#0 C:\Users\Alam\Downloads\rev\system\Database\MySQLi\Connection.php(292): mysqli->query('SELECT *\nFROM `...', 0)
#1 C:\Users\Alam\Downloads\rev\system\Database\BaseConnection.php(670): CodeIgniter\Database\MySQLi\Connection->execute('SELECT *\nFROM `...')
#2 C:\Users\Alam\Downloads\rev\system\Database\BaseConnection.php(598): CodeIgniter\Database\BaseConnection->simpleQuery('SELECT *\nFROM `...')
#3 C:\Users\Alam\Downloads\rev\system\Database\BaseBuilder.php(1455): CodeIgniter\Database\BaseConnection->query('SELECT *\nFROM `...', Array, false)
#4 C:\Users\Alam\Downloads\rev\system\Model.php(142): CodeIgniter\Database\BaseBuilder->get()
#5 C:\Users\Alam\Downloads\rev\system\BaseModel.php(523): CodeIgniter\Model->doFind(true, '8')
#6 C:\Users\Alam\Downloads\rev\app\Controllers\Petugas_pengadaan.php(258): CodeIgniter\BaseModel->find('8')
#7 C:\Users\Alam\Downloads\rev\system\CodeIgniter.php(832): App\Controllers\Petugas_pengadaan->accPengadaan('8')
#8 C:\Users\Alam\Downloads\rev\system\CodeIgniter.php(419): CodeIgniter\CodeIgniter->runController(Object(App\Controllers\Petugas_pengadaan))
#9 C:\Users\Alam\Downloads\rev\system\CodeIgniter.php(326): CodeIgniter\CodeIgniter->handleRequest(NULL, Object(Config\Cache), false)
#10 C:\Users\Alam\Downloads\rev\public\index.php(37): CodeIgniter\CodeIgniter->run()
#11 C:\Users\Alam\Downloads\rev\system\Commands\Server\rewrite.php(43): require_once('C:\\Users\\Alam\\D...')
#12 {main}
