ERROR - 2024-03-29 13:33:06 --> Unknown column 'transaksi_barang.jumlah' in 'field list'
CRITICAL - 2024-03-29 13:33:06 --> Unknown column 'transaksi_barang.jumlah' in 'field list'
#0 C:\xampp\htdocs\Toko Nolo\system\Database\MySQLi\Connection.php(292): mysqli->query('SELECT `barang`...', 0)
#1 C:\xampp\htdocs\Toko Nolo\system\Database\BaseConnection.php(670): CodeIgniter\Database\MySQLi\Connection->execute('SELECT `barang`...')
#2 C:\xampp\htdocs\Toko Nolo\system\Database\BaseConnection.php(598): CodeIgniter\Database\BaseConnection->simpleQuery('SELECT `barang`...')
#3 C:\xampp\htdocs\Toko Nolo\system\Database\BaseBuilder.php(1455): CodeIgniter\Database\BaseConnection->query('SELECT `barang`...', Array, false)
#4 C:\xampp\htdocs\Toko Nolo\system\Model.php(183): CodeIgniter\Database\BaseBuilder->get()
#5 C:\xampp\htdocs\Toko Nolo\system\BaseModel.php(584): CodeIgniter\Model->doFindAll(0, 0)
#6 C:\xampp\htdocs\Toko Nolo\app\Controllers\Admin.php(1981): CodeIgniter\BaseModel->findAll()
#7 C:\xampp\htdocs\Toko Nolo\system\CodeIgniter.php(832): App\Controllers\Admin->cetakDataBarang()
#8 C:\xampp\htdocs\Toko Nolo\system\CodeIgniter.php(419): CodeIgniter\CodeIgniter->runController(Object(App\Controllers\Admin))
#9 C:\xampp\htdocs\Toko Nolo\system\CodeIgniter.php(326): CodeIgniter\CodeIgniter->handleRequest(NULL, Object(Config\Cache), false)
#10 C:\xampp\htdocs\Toko Nolo\public\index.php(37): CodeIgniter\CodeIgniter->run()
#11 C:\xampp\htdocs\Toko Nolo\system\Commands\Server\rewrite.php(43): require_once('C:\\xampp\\htdocs...')
#12 {main}
ERROR - 2024-03-29 13:33:57 --> Unknown column 'barang.id' in 'group statement'
CRITICAL - 2024-03-29 13:33:57 --> Unknown column 'barang.id' in 'group statement'
#0 C:\xampp\htdocs\Toko Nolo\system\Database\MySQLi\Connection.php(292): mysqli->query('SELECT `barang`...', 0)
#1 C:\xampp\htdocs\Toko Nolo\system\Database\BaseConnection.php(670): CodeIgniter\Database\MySQLi\Connection->execute('SELECT `barang`...')
#2 C:\xampp\htdocs\Toko Nolo\system\Database\BaseConnection.php(598): CodeIgniter\Database\BaseConnection->simpleQuery('SELECT `barang`...')
#3 C:\xampp\htdocs\Toko Nolo\system\Database\BaseBuilder.php(1455): CodeIgniter\Database\BaseConnection->query('SELECT `barang`...', Array, false)
#4 C:\xampp\htdocs\Toko Nolo\system\Model.php(183): CodeIgniter\Database\BaseBuilder->get()
#5 C:\xampp\htdocs\Toko Nolo\system\BaseModel.php(584): CodeIgniter\Model->doFindAll(0, 0)
#6 C:\xampp\htdocs\Toko Nolo\app\Controllers\Admin.php(1981): CodeIgniter\BaseModel->findAll()
#7 C:\xampp\htdocs\Toko Nolo\system\CodeIgniter.php(832): App\Controllers\Admin->cetakDataBarang()
#8 C:\xampp\htdocs\Toko Nolo\system\CodeIgniter.php(419): CodeIgniter\CodeIgniter->runController(Object(App\Controllers\Admin))
#9 C:\xampp\htdocs\Toko Nolo\system\CodeIgniter.php(326): CodeIgniter\CodeIgniter->handleRequest(NULL, Object(Config\Cache), false)
#10 C:\xampp\htdocs\Toko Nolo\public\index.php(37): CodeIgniter\CodeIgniter->run()
#11 C:\xampp\htdocs\Toko Nolo\system\Commands\Server\rewrite.php(43): require_once('C:\\xampp\\htdocs...')
#12 {main}
CRITICAL - 2024-03-29 13:35:14 --> Undefined variable: transaksi_barang_masuk
#0 C:\xampp\htdocs\Toko Nolo\app\Views\Admin\Laporan\Lap_barang.php(134): CodeIgniter\Debug\Exceptions->errorHandler(8, 'Undefined varia...', 'C:\\xampp\\htdocs...', 134, Array)
#1 C:\xampp\htdocs\Toko Nolo\system\View\View.php(210): include('C:\\xampp\\htdocs...')
#2 C:\xampp\htdocs\Toko Nolo\system\View\View.php(213): CodeIgniter\View\View->CodeIgniter\View\{closure}()
#3 C:\xampp\htdocs\Toko Nolo\system\Common.php(1089): CodeIgniter\View\View->render('Admin/Laporan/L...', Array, true)
#4 C:\xampp\htdocs\Toko Nolo\app\Controllers\Admin.php(1995): view('Admin/Laporan/L...', Array)
#5 C:\xampp\htdocs\Toko Nolo\system\CodeIgniter.php(832): App\Controllers\Admin->cetakDataBarang()
#6 C:\xampp\htdocs\Toko Nolo\system\CodeIgniter.php(419): CodeIgniter\CodeIgniter->runController(Object(App\Controllers\Admin))
#7 C:\xampp\htdocs\Toko Nolo\system\CodeIgniter.php(326): CodeIgniter\CodeIgniter->handleRequest(NULL, Object(Config\Cache), false)
#8 C:\xampp\htdocs\Toko Nolo\public\index.php(37): CodeIgniter\CodeIgniter->run()
#9 C:\xampp\htdocs\Toko Nolo\system\Commands\Server\rewrite.php(43): require_once('C:\\xampp\\htdocs...')
#10 {main}
CRITICAL - 2024-03-29 13:35:55 --> Undefined index: tanggal_barang_keluar
#0 C:\xampp\htdocs\Toko Nolo\app\Views\Admin\Laporan\Lap_barang.php(138): CodeIgniter\Debug\Exceptions->errorHandler(8, 'Undefined index...', 'C:\\xampp\\htdocs...', 138, Array)
#1 C:\xampp\htdocs\Toko Nolo\system\View\View.php(210): include('C:\\xampp\\htdocs...')
#2 C:\xampp\htdocs\Toko Nolo\system\View\View.php(213): CodeIgniter\View\View->CodeIgniter\View\{closure}()
#3 C:\xampp\htdocs\Toko Nolo\system\Common.php(1089): CodeIgniter\View\View->render('Admin/Laporan/L...', Array, true)
#4 C:\xampp\htdocs\Toko Nolo\app\Controllers\Admin.php(1995): view('Admin/Laporan/L...', Array)
#5 C:\xampp\htdocs\Toko Nolo\system\CodeIgniter.php(832): App\Controllers\Admin->cetakDataBarang()
#6 C:\xampp\htdocs\Toko Nolo\system\CodeIgniter.php(419): CodeIgniter\CodeIgniter->runController(Object(App\Controllers\Admin))
#7 C:\xampp\htdocs\Toko Nolo\system\CodeIgniter.php(326): CodeIgniter\CodeIgniter->handleRequest(NULL, Object(Config\Cache), false)
#8 C:\xampp\htdocs\Toko Nolo\public\index.php(37): CodeIgniter\CodeIgniter->run()
#9 C:\xampp\htdocs\Toko Nolo\system\Commands\Server\rewrite.php(43): require_once('C:\\xampp\\htdocs...')
#10 {main}
ERROR - 2024-03-29 13:38:06 --> Unknown table 'toko_hera.transaksi_baang'
CRITICAL - 2024-03-29 13:38:06 --> Unknown table 'toko_hera.transaksi_baang'
#0 C:\xampp\htdocs\Toko Nolo\system\Database\MySQLi\Connection.php(292): mysqli->query('SELECT `barang`...', 0)
#1 C:\xampp\htdocs\Toko Nolo\system\Database\BaseConnection.php(670): CodeIgniter\Database\MySQLi\Connection->execute('SELECT `barang`...')
#2 C:\xampp\htdocs\Toko Nolo\system\Database\BaseConnection.php(598): CodeIgniter\Database\BaseConnection->simpleQuery('SELECT `barang`...')
#3 C:\xampp\htdocs\Toko Nolo\system\Database\BaseBuilder.php(1455): CodeIgniter\Database\BaseConnection->query('SELECT `barang`...', Array, false)
#4 C:\xampp\htdocs\Toko Nolo\system\Model.php(183): CodeIgniter\Database\BaseBuilder->get()
#5 C:\xampp\htdocs\Toko Nolo\system\BaseModel.php(584): CodeIgniter\Model->doFindAll(0, 0)
#6 C:\xampp\htdocs\Toko Nolo\app\Controllers\Admin.php(1982): CodeIgniter\BaseModel->findAll()
#7 C:\xampp\htdocs\Toko Nolo\system\CodeIgniter.php(832): App\Controllers\Admin->cetakDataBarang()
#8 C:\xampp\htdocs\Toko Nolo\system\CodeIgniter.php(419): CodeIgniter\CodeIgniter->runController(Object(App\Controllers\Admin))
#9 C:\xampp\htdocs\Toko Nolo\system\CodeIgniter.php(326): CodeIgniter\CodeIgniter->handleRequest(NULL, Object(Config\Cache), false)
#10 C:\xampp\htdocs\Toko Nolo\public\index.php(37): CodeIgniter\CodeIgniter->run()
#11 C:\xampp\htdocs\Toko Nolo\system\Commands\Server\rewrite.php(43): require_once('C:\\xampp\\htdocs...')
#12 {main}
CRITICAL - 2024-03-29 23:12:35 --> Maximum execution time of 60 seconds exceeded
#0 [internal function]: CodeIgniter\Debug\Exceptions->shutdownHandler()
#1 {main}
