ERROR - 2024-10-01 06:00:14 --> Unknown column 'jadwal_imunisasi.user_id' in 'on clause'
CRITICAL - 2024-10-01 06:00:14 --> Unknown column 'jadwal_imunisasi.user_id' in 'on clause'
#0 C:\Users\ganda\Documents\GitHub\e-Posyandu\system\Database\MySQLi\Connection.php(292): mysqli->query('SELECT `jadwal_...', 0)
#1 C:\Users\ganda\Documents\GitHub\e-Posyandu\system\Database\BaseConnection.php(670): CodeIgniter\Database\MySQLi\Connection->execute('SELECT `jadwal_...')
#2 C:\Users\ganda\Documents\GitHub\e-Posyandu\system\Database\BaseConnection.php(598): CodeIgniter\Database\BaseConnection->simpleQuery('SELECT `jadwal_...')
#3 C:\Users\ganda\Documents\GitHub\e-Posyandu\system\Database\BaseBuilder.php(1455): CodeIgniter\Database\BaseConnection->query('SELECT `jadwal_...', Array, false)
#4 C:\Users\ganda\Documents\GitHub\e-Posyandu\app\Models\JadwalimunisasiModel.php(54): CodeIgniter\Database\BaseBuilder->get()
#5 C:\Users\ganda\Documents\GitHub\e-Posyandu\app\Controllers\Admin.php(2436): App\Models\JadwalimunisasiModel->getJadwalWithUsername()
#6 C:\Users\ganda\Documents\GitHub\e-Posyandu\system\CodeIgniter.php(832): App\Controllers\Admin->Jadwal()
#7 C:\Users\ganda\Documents\GitHub\e-Posyandu\system\CodeIgniter.php(419): CodeIgniter\CodeIgniter->runController(Object(App\Controllers\Admin))
#8 C:\Users\ganda\Documents\GitHub\e-Posyandu\system\CodeIgniter.php(326): CodeIgniter\CodeIgniter->handleRequest(NULL, Object(Config\Cache), false)
#9 C:\Users\ganda\Documents\GitHub\e-Posyandu\public\index.php(37): CodeIgniter\CodeIgniter->run()
#10 C:\Users\ganda\Documents\GitHub\e-Posyandu\system\Commands\Server\rewrite.php(43): require_once('C:\\Users\\ganda\\...')
#11 {main}
CRITICAL - 2024-10-01 06:01:32 --> Call to undefined method CodeIgniter\Database\MySQLi\Builder::getResultArray()
#0 C:\Users\ganda\Documents\GitHub\e-Posyandu\app\Controllers\Admin.php(2436): App\Models\JadwalimunisasiModel->getJadwalWithUsername()
#1 C:\Users\ganda\Documents\GitHub\e-Posyandu\system\CodeIgniter.php(832): App\Controllers\Admin->Jadwal()
#2 C:\Users\ganda\Documents\GitHub\e-Posyandu\system\CodeIgniter.php(419): CodeIgniter\CodeIgniter->runController(Object(App\Controllers\Admin))
#3 C:\Users\ganda\Documents\GitHub\e-Posyandu\system\CodeIgniter.php(326): CodeIgniter\CodeIgniter->handleRequest(NULL, Object(Config\Cache), false)
#4 C:\Users\ganda\Documents\GitHub\e-Posyandu\public\index.php(37): CodeIgniter\CodeIgniter->run()
#5 C:\Users\ganda\Documents\GitHub\e-Posyandu\system\Commands\Server\rewrite.php(43): require_once('C:\\Users\\ganda\\...')
#6 {main}
CRITICAL - 2024-10-01 06:03:03 --> Call to undefined method CodeIgniter\Database\MySQLi\Builder::getResultArray()
#0 C:\Users\ganda\Documents\GitHub\e-Posyandu\app\Controllers\Admin.php(2436): App\Models\JadwalimunisasiModel->getJadwalWithUsername()
#1 C:\Users\ganda\Documents\GitHub\e-Posyandu\system\CodeIgniter.php(832): App\Controllers\Admin->Jadwal()
#2 C:\Users\ganda\Documents\GitHub\e-Posyandu\system\CodeIgniter.php(419): CodeIgniter\CodeIgniter->runController(Object(App\Controllers\Admin))
#3 C:\Users\ganda\Documents\GitHub\e-Posyandu\system\CodeIgniter.php(326): CodeIgniter\CodeIgniter->handleRequest(NULL, Object(Config\Cache), false)
#4 C:\Users\ganda\Documents\GitHub\e-Posyandu\public\index.php(37): CodeIgniter\CodeIgniter->run()
#5 C:\Users\ganda\Documents\GitHub\e-Posyandu\system\Commands\Server\rewrite.php(43): require_once('C:\\Users\\ganda\\...')
#6 {main}
CRITICAL - 2024-10-01 06:03:20 --> Call to undefined method CodeIgniter\Database\MySQLi\Builder::finAll()
#0 C:\Users\ganda\Documents\GitHub\e-Posyandu\app\Controllers\Admin.php(2436): App\Models\JadwalimunisasiModel->getJadwalWithUsername()
#1 C:\Users\ganda\Documents\GitHub\e-Posyandu\system\CodeIgniter.php(832): App\Controllers\Admin->Jadwal()
#2 C:\Users\ganda\Documents\GitHub\e-Posyandu\system\CodeIgniter.php(419): CodeIgniter\CodeIgniter->runController(Object(App\Controllers\Admin))
#3 C:\Users\ganda\Documents\GitHub\e-Posyandu\system\CodeIgniter.php(326): CodeIgniter\CodeIgniter->handleRequest(NULL, Object(Config\Cache), false)
#4 C:\Users\ganda\Documents\GitHub\e-Posyandu\public\index.php(37): CodeIgniter\CodeIgniter->run()
#5 C:\Users\ganda\Documents\GitHub\e-Posyandu\system\Commands\Server\rewrite.php(43): require_once('C:\\Users\\ganda\\...')
#6 {main}
CRITICAL - 2024-10-01 06:03:30 --> Call to undefined method CodeIgniter\Database\MySQLi\Builder::findAll()
#0 C:\Users\ganda\Documents\GitHub\e-Posyandu\app\Controllers\Admin.php(2436): App\Models\JadwalimunisasiModel->getJadwalWithUsername()
#1 C:\Users\ganda\Documents\GitHub\e-Posyandu\system\CodeIgniter.php(832): App\Controllers\Admin->Jadwal()
#2 C:\Users\ganda\Documents\GitHub\e-Posyandu\system\CodeIgniter.php(419): CodeIgniter\CodeIgniter->runController(Object(App\Controllers\Admin))
#3 C:\Users\ganda\Documents\GitHub\e-Posyandu\system\CodeIgniter.php(326): CodeIgniter\CodeIgniter->handleRequest(NULL, Object(Config\Cache), false)
#4 C:\Users\ganda\Documents\GitHub\e-Posyandu\public\index.php(37): CodeIgniter\CodeIgniter->run()
#5 C:\Users\ganda\Documents\GitHub\e-Posyandu\system\Commands\Server\rewrite.php(43): require_once('C:\\Users\\ganda\\...')
#6 {main}
CRITICAL - 2024-10-01 06:09:36 --> Undefined variable: jadwal
#0 C:\Users\ganda\Documents\GitHub\e-Posyandu\app\Controllers\Admin.php(2442): CodeIgniter\Debug\Exceptions->errorHandler(8, 'Undefined varia...', 'C:\\Users\\ganda\\...', 2442, Array)
#1 C:\Users\ganda\Documents\GitHub\e-Posyandu\system\CodeIgniter.php(832): App\Controllers\Admin->Jadwal()
#2 C:\Users\ganda\Documents\GitHub\e-Posyandu\system\CodeIgniter.php(419): CodeIgniter\CodeIgniter->runController(Object(App\Controllers\Admin))
#3 C:\Users\ganda\Documents\GitHub\e-Posyandu\system\CodeIgniter.php(326): CodeIgniter\CodeIgniter->handleRequest(NULL, Object(Config\Cache), false)
#4 C:\Users\ganda\Documents\GitHub\e-Posyandu\public\index.php(37): CodeIgniter\CodeIgniter->run()
#5 C:\Users\ganda\Documents\GitHub\e-Posyandu\system\Commands\Server\rewrite.php(43): require_once('C:\\Users\\ganda\\...')
#6 {main}
CRITICAL - 2024-10-01 06:10:00 --> Cannot use object of type Myth\Auth\Entities\User as array
#0 C:\Users\ganda\Documents\GitHub\e-Posyandu\system\CodeIgniter.php(832): App\Controllers\Admin->Jadwal()
#1 C:\Users\ganda\Documents\GitHub\e-Posyandu\system\CodeIgniter.php(419): CodeIgniter\CodeIgniter->runController(Object(App\Controllers\Admin))
#2 C:\Users\ganda\Documents\GitHub\e-Posyandu\system\CodeIgniter.php(326): CodeIgniter\CodeIgniter->handleRequest(NULL, Object(Config\Cache), false)
#3 C:\Users\ganda\Documents\GitHub\e-Posyandu\public\index.php(37): CodeIgniter\CodeIgniter->run()
#4 C:\Users\ganda\Documents\GitHub\e-Posyandu\system\Commands\Server\rewrite.php(43): require_once('C:\\Users\\ganda\\...')
#5 {main}
CRITICAL - 2024-10-01 06:11:13 --> Undefined index: username
#0 C:\Users\ganda\Documents\GitHub\e-Posyandu\app\Views\Admin\Jadwal\Index.php(37): CodeIgniter\Debug\Exceptions->errorHandler(8, 'Undefined index...', 'C:\\Users\\ganda\\...', 37, Array)
#1 C:\Users\ganda\Documents\GitHub\e-Posyandu\system\View\View.php(210): include('C:\\Users\\ganda\\...')
#2 C:\Users\ganda\Documents\GitHub\e-Posyandu\system\View\View.php(213): CodeIgniter\View\View->CodeIgniter\View\{closure}()
#3 C:\Users\ganda\Documents\GitHub\e-Posyandu\system\Common.php(1089): CodeIgniter\View\View->render('admin/jadwal/in...', Array, true)
#4 C:\Users\ganda\Documents\GitHub\e-Posyandu\app\Controllers\Admin.php(2458): view('admin/jadwal/in...', Array)
#5 C:\Users\ganda\Documents\GitHub\e-Posyandu\system\CodeIgniter.php(832): App\Controllers\Admin->Jadwal()
#6 C:\Users\ganda\Documents\GitHub\e-Posyandu\system\CodeIgniter.php(419): CodeIgniter\CodeIgniter->runController(Object(App\Controllers\Admin))
#7 C:\Users\ganda\Documents\GitHub\e-Posyandu\system\CodeIgniter.php(326): CodeIgniter\CodeIgniter->handleRequest(NULL, Object(Config\Cache), false)
#8 C:\Users\ganda\Documents\GitHub\e-Posyandu\public\index.php(37): CodeIgniter\CodeIgniter->run()
#9 C:\Users\ganda\Documents\GitHub\e-Posyandu\system\Commands\Server\rewrite.php(43): require_once('C:\\Users\\ganda\\...')
#10 {main}
CRITICAL - 2024-10-01 06:11:47 --> Undefined index: username
#0 C:\Users\ganda\Documents\GitHub\e-Posyandu\app\Views\Admin\Jadwal\Index.php(37): CodeIgniter\Debug\Exceptions->errorHandler(8, 'Undefined index...', 'C:\\Users\\ganda\\...', 37, Array)
#1 C:\Users\ganda\Documents\GitHub\e-Posyandu\system\View\View.php(210): include('C:\\Users\\ganda\\...')
#2 C:\Users\ganda\Documents\GitHub\e-Posyandu\system\View\View.php(213): CodeIgniter\View\View->CodeIgniter\View\{closure}()
#3 C:\Users\ganda\Documents\GitHub\e-Posyandu\system\Common.php(1089): CodeIgniter\View\View->render('admin/jadwal/in...', Array, true)
#4 C:\Users\ganda\Documents\GitHub\e-Posyandu\app\Controllers\Admin.php(2458): view('admin/jadwal/in...', Array)
#5 C:\Users\ganda\Documents\GitHub\e-Posyandu\system\CodeIgniter.php(832): App\Controllers\Admin->Jadwal()
#6 C:\Users\ganda\Documents\GitHub\e-Posyandu\system\CodeIgniter.php(419): CodeIgniter\CodeIgniter->runController(Object(App\Controllers\Admin))
#7 C:\Users\ganda\Documents\GitHub\e-Posyandu\system\CodeIgniter.php(326): CodeIgniter\CodeIgniter->handleRequest(NULL, Object(Config\Cache), false)
#8 C:\Users\ganda\Documents\GitHub\e-Posyandu\public\index.php(37): CodeIgniter\CodeIgniter->run()
#9 C:\Users\ganda\Documents\GitHub\e-Posyandu\system\Commands\Server\rewrite.php(43): require_once('C:\\Users\\ganda\\...')
#10 {main}
ERROR - 2024-10-01 07:39:22 --> Table 'eposyandu.kas_toko' doesn't exist
CRITICAL - 2024-10-01 07:39:22 --> Table 'eposyandu.kas_toko' doesn't exist
#0 C:\Users\E-RM7\Documents\GitHub\e-Posyandu\system\Database\MySQLi\Connection.php(292): mysqli->query('SELECT *\nFROM `...', 0)
#1 C:\Users\E-RM7\Documents\GitHub\e-Posyandu\system\Database\BaseConnection.php(670): CodeIgniter\Database\MySQLi\Connection->execute('SELECT *\nFROM `...')
#2 C:\Users\E-RM7\Documents\GitHub\e-Posyandu\system\Database\BaseConnection.php(598): CodeIgniter\Database\BaseConnection->simpleQuery('SELECT *\nFROM `...')
#3 C:\Users\E-RM7\Documents\GitHub\e-Posyandu\system\Database\BaseBuilder.php(1455): CodeIgniter\Database\BaseConnection->query('SELECT *\nFROM `...', Array, false)
#4 C:\Users\E-RM7\Documents\GitHub\e-Posyandu\system\Model.php(210): CodeIgniter\Database\BaseBuilder->get()
#5 C:\Users\E-RM7\Documents\GitHub\e-Posyandu\system\BaseModel.php(622): CodeIgniter\Model->doFirst()
#6 C:\Users\E-RM7\Documents\GitHub\e-Posyandu\app\Controllers\Admin.php(144): CodeIgniter\BaseModel->first()
#7 C:\Users\E-RM7\Documents\GitHub\e-Posyandu\system\CodeIgniter.php(832): App\Controllers\Admin->index()
#8 C:\Users\E-RM7\Documents\GitHub\e-Posyandu\system\CodeIgniter.php(419): CodeIgniter\CodeIgniter->runController(Object(App\Controllers\Admin))
#9 C:\Users\E-RM7\Documents\GitHub\e-Posyandu\system\CodeIgniter.php(326): CodeIgniter\CodeIgniter->handleRequest(NULL, Object(Config\Cache), false)
#10 C:\Users\E-RM7\Documents\GitHub\e-Posyandu\public\index.php(37): CodeIgniter\CodeIgniter->run()
#11 C:\Users\E-RM7\Documents\GitHub\e-Posyandu\system\Commands\Server\rewrite.php(43): require_once('C:\\Users\\E-RM7\\...')
#12 {main}
ERROR - 2024-10-01 07:39:48 --> Table 'eposyandu.kas_toko' doesn't exist
CRITICAL - 2024-10-01 07:39:48 --> Table 'eposyandu.kas_toko' doesn't exist
#0 C:\Users\E-RM7\Documents\GitHub\e-Posyandu\system\Database\MySQLi\Connection.php(292): mysqli->query('SELECT *\nFROM `...', 0)
#1 C:\Users\E-RM7\Documents\GitHub\e-Posyandu\system\Database\BaseConnection.php(670): CodeIgniter\Database\MySQLi\Connection->execute('SELECT *\nFROM `...')
#2 C:\Users\E-RM7\Documents\GitHub\e-Posyandu\system\Database\BaseConnection.php(598): CodeIgniter\Database\BaseConnection->simpleQuery('SELECT *\nFROM `...')
#3 C:\Users\E-RM7\Documents\GitHub\e-Posyandu\system\Database\BaseBuilder.php(1455): CodeIgniter\Database\BaseConnection->query('SELECT *\nFROM `...', Array, false)
#4 C:\Users\E-RM7\Documents\GitHub\e-Posyandu\system\Model.php(210): CodeIgniter\Database\BaseBuilder->get()
#5 C:\Users\E-RM7\Documents\GitHub\e-Posyandu\system\BaseModel.php(622): CodeIgniter\Model->doFirst()
#6 C:\Users\E-RM7\Documents\GitHub\e-Posyandu\app\Controllers\Admin.php(144): CodeIgniter\BaseModel->first()
#7 C:\Users\E-RM7\Documents\GitHub\e-Posyandu\system\CodeIgniter.php(832): App\Controllers\Admin->index()
#8 C:\Users\E-RM7\Documents\GitHub\e-Posyandu\system\CodeIgniter.php(419): CodeIgniter\CodeIgniter->runController(Object(App\Controllers\Admin))
#9 C:\Users\E-RM7\Documents\GitHub\e-Posyandu\system\CodeIgniter.php(326): CodeIgniter\CodeIgniter->handleRequest(NULL, Object(Config\Cache), false)
#10 C:\Users\E-RM7\Documents\GitHub\e-Posyandu\public\index.php(37): CodeIgniter\CodeIgniter->run()
#11 C:\Users\E-RM7\Documents\GitHub\e-Posyandu\system\Commands\Server\rewrite.php(43): require_once('C:\\Users\\E-RM7\\...')
#12 {main}
ERROR - 2024-10-01 07:39:51 --> Table 'eposyandu.kas_toko' doesn't exist
CRITICAL - 2024-10-01 07:39:51 --> Table 'eposyandu.kas_toko' doesn't exist
#0 C:\Users\E-RM7\Documents\GitHub\e-Posyandu\system\Database\MySQLi\Connection.php(292): mysqli->query('SELECT *\nFROM `...', 0)
#1 C:\Users\E-RM7\Documents\GitHub\e-Posyandu\system\Database\BaseConnection.php(670): CodeIgniter\Database\MySQLi\Connection->execute('SELECT *\nFROM `...')
#2 C:\Users\E-RM7\Documents\GitHub\e-Posyandu\system\Database\BaseConnection.php(598): CodeIgniter\Database\BaseConnection->simpleQuery('SELECT *\nFROM `...')
#3 C:\Users\E-RM7\Documents\GitHub\e-Posyandu\system\Database\BaseBuilder.php(1455): CodeIgniter\Database\BaseConnection->query('SELECT *\nFROM `...', Array, false)
#4 C:\Users\E-RM7\Documents\GitHub\e-Posyandu\system\Model.php(210): CodeIgniter\Database\BaseBuilder->get()
#5 C:\Users\E-RM7\Documents\GitHub\e-Posyandu\system\BaseModel.php(622): CodeIgniter\Model->doFirst()
#6 C:\Users\E-RM7\Documents\GitHub\e-Posyandu\app\Controllers\Admin.php(144): CodeIgniter\BaseModel->first()
#7 C:\Users\E-RM7\Documents\GitHub\e-Posyandu\system\CodeIgniter.php(832): App\Controllers\Admin->index()
#8 C:\Users\E-RM7\Documents\GitHub\e-Posyandu\system\CodeIgniter.php(419): CodeIgniter\CodeIgniter->runController(Object(App\Controllers\Admin))
#9 C:\Users\E-RM7\Documents\GitHub\e-Posyandu\system\CodeIgniter.php(326): CodeIgniter\CodeIgniter->handleRequest(NULL, Object(Config\Cache), false)
#10 C:\Users\E-RM7\Documents\GitHub\e-Posyandu\public\index.php(37): CodeIgniter\CodeIgniter->run()
#11 C:\Users\E-RM7\Documents\GitHub\e-Posyandu\system\Commands\Server\rewrite.php(43): require_once('C:\\Users\\E-RM7\\...')
#12 {main}
ERROR - 2024-10-01 07:40:13 --> Table 'eposyandu.kas_toko' doesn't exist
CRITICAL - 2024-10-01 07:40:13 --> Table 'eposyandu.kas_toko' doesn't exist
#0 C:\Users\E-RM7\Documents\GitHub\e-Posyandu\system\Database\MySQLi\Connection.php(292): mysqli->query('SELECT *\nFROM `...', 0)
#1 C:\Users\E-RM7\Documents\GitHub\e-Posyandu\system\Database\BaseConnection.php(670): CodeIgniter\Database\MySQLi\Connection->execute('SELECT *\nFROM `...')
#2 C:\Users\E-RM7\Documents\GitHub\e-Posyandu\system\Database\BaseConnection.php(598): CodeIgniter\Database\BaseConnection->simpleQuery('SELECT *\nFROM `...')
#3 C:\Users\E-RM7\Documents\GitHub\e-Posyandu\system\Database\BaseBuilder.php(1455): CodeIgniter\Database\BaseConnection->query('SELECT *\nFROM `...', Array, false)
#4 C:\Users\E-RM7\Documents\GitHub\e-Posyandu\system\Model.php(210): CodeIgniter\Database\BaseBuilder->get()
#5 C:\Users\E-RM7\Documents\GitHub\e-Posyandu\system\BaseModel.php(622): CodeIgniter\Model->doFirst()
#6 C:\Users\E-RM7\Documents\GitHub\e-Posyandu\app\Controllers\Admin.php(144): CodeIgniter\BaseModel->first()
#7 C:\Users\E-RM7\Documents\GitHub\e-Posyandu\system\CodeIgniter.php(832): App\Controllers\Admin->index()
#8 C:\Users\E-RM7\Documents\GitHub\e-Posyandu\system\CodeIgniter.php(419): CodeIgniter\CodeIgniter->runController(Object(App\Controllers\Admin))
#9 C:\Users\E-RM7\Documents\GitHub\e-Posyandu\system\CodeIgniter.php(326): CodeIgniter\CodeIgniter->handleRequest(NULL, Object(Config\Cache), false)
#10 C:\Users\E-RM7\Documents\GitHub\e-Posyandu\public\index.php(37): CodeIgniter\CodeIgniter->run()
#11 C:\Users\E-RM7\Documents\GitHub\e-Posyandu\system\Commands\Server\rewrite.php(43): require_once('C:\\Users\\E-RM7\\...')
#12 {main}
ERROR - 2024-10-01 07:40:31 --> Table 'eposyandu.kas_toko' doesn't exist
CRITICAL - 2024-10-01 07:40:31 --> Table 'eposyandu.kas_toko' doesn't exist
#0 C:\Users\E-RM7\Documents\GitHub\e-Posyandu\system\Database\MySQLi\Connection.php(292): mysqli->query('SELECT *\nFROM `...', 0)
#1 C:\Users\E-RM7\Documents\GitHub\e-Posyandu\system\Database\BaseConnection.php(670): CodeIgniter\Database\MySQLi\Connection->execute('SELECT *\nFROM `...')
#2 C:\Users\E-RM7\Documents\GitHub\e-Posyandu\system\Database\BaseConnection.php(598): CodeIgniter\Database\BaseConnection->simpleQuery('SELECT *\nFROM `...')
#3 C:\Users\E-RM7\Documents\GitHub\e-Posyandu\system\Database\BaseBuilder.php(1455): CodeIgniter\Database\BaseConnection->query('SELECT *\nFROM `...', Array, false)
#4 C:\Users\E-RM7\Documents\GitHub\e-Posyandu\system\Model.php(210): CodeIgniter\Database\BaseBuilder->get()
#5 C:\Users\E-RM7\Documents\GitHub\e-Posyandu\system\BaseModel.php(622): CodeIgniter\Model->doFirst()
#6 C:\Users\E-RM7\Documents\GitHub\e-Posyandu\app\Controllers\Admin.php(144): CodeIgniter\BaseModel->first()
#7 C:\Users\E-RM7\Documents\GitHub\e-Posyandu\system\CodeIgniter.php(832): App\Controllers\Admin->index()
#8 C:\Users\E-RM7\Documents\GitHub\e-Posyandu\system\CodeIgniter.php(419): CodeIgniter\CodeIgniter->runController(Object(App\Controllers\Admin))
#9 C:\Users\E-RM7\Documents\GitHub\e-Posyandu\system\CodeIgniter.php(326): CodeIgniter\CodeIgniter->handleRequest(NULL, Object(Config\Cache), false)
#10 C:\Users\E-RM7\Documents\GitHub\e-Posyandu\public\index.php(37): CodeIgniter\CodeIgniter->run()
#11 C:\Users\E-RM7\Documents\GitHub\e-Posyandu\system\Commands\Server\rewrite.php(43): require_once('C:\\Users\\E-RM7\\...')
#12 {main}
ERROR - 2024-10-01 07:40:37 --> Table 'eposyandu.kas_toko' doesn't exist
CRITICAL - 2024-10-01 07:40:37 --> Table 'eposyandu.kas_toko' doesn't exist
#0 C:\Users\E-RM7\Documents\GitHub\e-Posyandu\system\Database\MySQLi\Connection.php(292): mysqli->query('SELECT *\nFROM `...', 0)
#1 C:\Users\E-RM7\Documents\GitHub\e-Posyandu\system\Database\BaseConnection.php(670): CodeIgniter\Database\MySQLi\Connection->execute('SELECT *\nFROM `...')
#2 C:\Users\E-RM7\Documents\GitHub\e-Posyandu\system\Database\BaseConnection.php(598): CodeIgniter\Database\BaseConnection->simpleQuery('SELECT *\nFROM `...')
#3 C:\Users\E-RM7\Documents\GitHub\e-Posyandu\system\Database\BaseBuilder.php(1455): CodeIgniter\Database\BaseConnection->query('SELECT *\nFROM `...', Array, false)
#4 C:\Users\E-RM7\Documents\GitHub\e-Posyandu\system\Model.php(210): CodeIgniter\Database\BaseBuilder->get()
#5 C:\Users\E-RM7\Documents\GitHub\e-Posyandu\system\BaseModel.php(622): CodeIgniter\Model->doFirst()
#6 C:\Users\E-RM7\Documents\GitHub\e-Posyandu\app\Controllers\Admin.php(144): CodeIgniter\BaseModel->first()
#7 C:\Users\E-RM7\Documents\GitHub\e-Posyandu\system\CodeIgniter.php(832): App\Controllers\Admin->index()
#8 C:\Users\E-RM7\Documents\GitHub\e-Posyandu\system\CodeIgniter.php(419): CodeIgniter\CodeIgniter->runController(Object(App\Controllers\Admin))
#9 C:\Users\E-RM7\Documents\GitHub\e-Posyandu\system\CodeIgniter.php(326): CodeIgniter\CodeIgniter->handleRequest(NULL, Object(Config\Cache), false)
#10 C:\Users\E-RM7\Documents\GitHub\e-Posyandu\public\index.php(37): CodeIgniter\CodeIgniter->run()
#11 C:\Users\E-RM7\Documents\GitHub\e-Posyandu\system\Commands\Server\rewrite.php(43): require_once('C:\\Users\\E-RM7\\...')
#12 {main}
ERROR - 2024-10-01 07:40:38 --> Table 'eposyandu.kas_toko' doesn't exist
CRITICAL - 2024-10-01 07:40:38 --> Table 'eposyandu.kas_toko' doesn't exist
#0 C:\Users\E-RM7\Documents\GitHub\e-Posyandu\system\Database\MySQLi\Connection.php(292): mysqli->query('SELECT *\nFROM `...', 0)
#1 C:\Users\E-RM7\Documents\GitHub\e-Posyandu\system\Database\BaseConnection.php(670): CodeIgniter\Database\MySQLi\Connection->execute('SELECT *\nFROM `...')
#2 C:\Users\E-RM7\Documents\GitHub\e-Posyandu\system\Database\BaseConnection.php(598): CodeIgniter\Database\BaseConnection->simpleQuery('SELECT *\nFROM `...')
#3 C:\Users\E-RM7\Documents\GitHub\e-Posyandu\system\Database\BaseBuilder.php(1455): CodeIgniter\Database\BaseConnection->query('SELECT *\nFROM `...', Array, false)
#4 C:\Users\E-RM7\Documents\GitHub\e-Posyandu\system\Model.php(210): CodeIgniter\Database\BaseBuilder->get()
#5 C:\Users\E-RM7\Documents\GitHub\e-Posyandu\system\BaseModel.php(622): CodeIgniter\Model->doFirst()
#6 C:\Users\E-RM7\Documents\GitHub\e-Posyandu\app\Controllers\Admin.php(144): CodeIgniter\BaseModel->first()
#7 C:\Users\E-RM7\Documents\GitHub\e-Posyandu\system\CodeIgniter.php(832): App\Controllers\Admin->index()
#8 C:\Users\E-RM7\Documents\GitHub\e-Posyandu\system\CodeIgniter.php(419): CodeIgniter\CodeIgniter->runController(Object(App\Controllers\Admin))
#9 C:\Users\E-RM7\Documents\GitHub\e-Posyandu\system\CodeIgniter.php(326): CodeIgniter\CodeIgniter->handleRequest(NULL, Object(Config\Cache), false)
#10 C:\Users\E-RM7\Documents\GitHub\e-Posyandu\public\index.php(37): CodeIgniter\CodeIgniter->run()
#11 C:\Users\E-RM7\Documents\GitHub\e-Posyandu\system\Commands\Server\rewrite.php(43): require_once('C:\\Users\\E-RM7\\...')
#12 {main}
CRITICAL - 2024-10-01 07:52:30 --> Cannot use object of type Myth\Auth\Entities\User as array
#0 C:\Users\E-RM7\Documents\GitHub\e-Posyandu\system\CodeIgniter.php(832): App\Controllers\Admin->tambahJadwalPosyandu()
#1 C:\Users\E-RM7\Documents\GitHub\e-Posyandu\system\CodeIgniter.php(419): CodeIgniter\CodeIgniter->runController(Object(App\Controllers\Admin))
#2 C:\Users\E-RM7\Documents\GitHub\e-Posyandu\system\CodeIgniter.php(326): CodeIgniter\CodeIgniter->handleRequest(NULL, Object(Config\Cache), false)
#3 C:\Users\E-RM7\Documents\GitHub\e-Posyandu\public\index.php(37): CodeIgniter\CodeIgniter->run()
#4 C:\Users\E-RM7\Documents\GitHub\e-Posyandu\system\Commands\Server\rewrite.php(43): require_once('C:\\Users\\E-RM7\\...')
#5 {main}
CRITICAL - 2024-10-01 07:56:09 --> Undefined array key "nama_kader"
#0 C:\Users\E-RM7\Documents\GitHub\e-Posyandu\app\Views\Admin\Jadwal\Tambah.php(45): CodeIgniter\Debug\Exceptions->errorHandler(2, 'Undefined array...', 'C:\\Users\\E-RM7\\...', 45)
#1 C:\Users\E-RM7\Documents\GitHub\e-Posyandu\system\View\View.php(210): include('C:\\Users\\E-RM7\\...')
#2 C:\Users\E-RM7\Documents\GitHub\e-Posyandu\system\View\View.php(213): CodeIgniter\View\View->CodeIgniter\View\{closure}()
#3 C:\Users\E-RM7\Documents\GitHub\e-Posyandu\system\Common.php(1089): CodeIgniter\View\View->render('Admin/jadwal/ta...', Array, true)
#4 C:\Users\E-RM7\Documents\GitHub\e-Posyandu\app\Controllers\Admin.php(2443): view('Admin/jadwal/ta...', Array)
#5 C:\Users\E-RM7\Documents\GitHub\e-Posyandu\system\CodeIgniter.php(832): App\Controllers\Admin->tambahJadwalPosyandu()
#6 C:\Users\E-RM7\Documents\GitHub\e-Posyandu\system\CodeIgniter.php(419): CodeIgniter\CodeIgniter->runController(Object(App\Controllers\Admin))
#7 C:\Users\E-RM7\Documents\GitHub\e-Posyandu\system\CodeIgniter.php(326): CodeIgniter\CodeIgniter->handleRequest(NULL, Object(Config\Cache), false)
#8 C:\Users\E-RM7\Documents\GitHub\e-Posyandu\public\index.php(37): CodeIgniter\CodeIgniter->run()
#9 C:\Users\E-RM7\Documents\GitHub\e-Posyandu\system\Commands\Server\rewrite.php(43): require_once('C:\\Users\\E-RM7\\...')
#10 {main}
CRITICAL - 2024-10-01 07:57:46 --> Undefined variable $posyanduList
#0 C:\Users\E-RM7\Documents\GitHub\e-Posyandu\app\Views\Admin\Jadwal\Tambah.php(43): CodeIgniter\Debug\Exceptions->errorHandler(2, 'Undefined varia...', 'C:\\Users\\E-RM7\\...', 43)
#1 C:\Users\E-RM7\Documents\GitHub\e-Posyandu\system\View\View.php(210): include('C:\\Users\\E-RM7\\...')
#2 C:\Users\E-RM7\Documents\GitHub\e-Posyandu\system\View\View.php(213): CodeIgniter\View\View->CodeIgniter\View\{closure}()
#3 C:\Users\E-RM7\Documents\GitHub\e-Posyandu\system\Common.php(1089): CodeIgniter\View\View->render('Admin/jadwal/ta...', Array, true)
#4 C:\Users\E-RM7\Documents\GitHub\e-Posyandu\app\Controllers\Admin.php(2443): view('Admin/jadwal/ta...', Array)
#5 C:\Users\E-RM7\Documents\GitHub\e-Posyandu\system\CodeIgniter.php(832): App\Controllers\Admin->tambahJadwalPosyandu()
#6 C:\Users\E-RM7\Documents\GitHub\e-Posyandu\system\CodeIgniter.php(419): CodeIgniter\CodeIgniter->runController(Object(App\Controllers\Admin))
#7 C:\Users\E-RM7\Documents\GitHub\e-Posyandu\system\CodeIgniter.php(326): CodeIgniter\CodeIgniter->handleRequest(NULL, Object(Config\Cache), false)
#8 C:\Users\E-RM7\Documents\GitHub\e-Posyandu\public\index.php(37): CodeIgniter\CodeIgniter->run()
#9 C:\Users\E-RM7\Documents\GitHub\e-Posyandu\system\Commands\Server\rewrite.php(43): require_once('C:\\Users\\E-RM7\\...')
#10 {main}
CRITICAL - 2024-10-01 08:00:59 --> Undefined variable $posyandu
#0 C:\Users\E-RM7\Documents\GitHub\e-Posyandu\app\Views\Admin\Jadwal\Tambah.php(42): CodeIgniter\Debug\Exceptions->errorHandler(2, 'Undefined varia...', 'C:\\Users\\E-RM7\\...', 42)
#1 C:\Users\E-RM7\Documents\GitHub\e-Posyandu\system\View\View.php(210): include('C:\\Users\\E-RM7\\...')
#2 C:\Users\E-RM7\Documents\GitHub\e-Posyandu\system\View\View.php(213): CodeIgniter\View\View->CodeIgniter\View\{closure}()
#3 C:\Users\E-RM7\Documents\GitHub\e-Posyandu\system\Common.php(1089): CodeIgniter\View\View->render('Admin/jadwal/ta...', Array, true)
#4 C:\Users\E-RM7\Documents\GitHub\e-Posyandu\app\Controllers\Admin.php(2462): view('Admin/jadwal/ta...', Array)
#5 C:\Users\E-RM7\Documents\GitHub\e-Posyandu\system\CodeIgniter.php(832): App\Controllers\Admin->tambahJadwalPosyandu()
#6 C:\Users\E-RM7\Documents\GitHub\e-Posyandu\system\CodeIgniter.php(419): CodeIgniter\CodeIgniter->runController(Object(App\Controllers\Admin))
#7 C:\Users\E-RM7\Documents\GitHub\e-Posyandu\system\CodeIgniter.php(326): CodeIgniter\CodeIgniter->handleRequest(NULL, Object(Config\Cache), false)
#8 C:\Users\E-RM7\Documents\GitHub\e-Posyandu\public\index.php(37): CodeIgniter\CodeIgniter->run()
#9 C:\Users\E-RM7\Documents\GitHub\e-Posyandu\system\Commands\Server\rewrite.php(43): require_once('C:\\Users\\E-RM7\\...')
#10 {main}
CRITICAL - 2024-10-01 08:01:08 --> Undefined variable $posyandu
#0 C:\Users\E-RM7\Documents\GitHub\e-Posyandu\app\Views\Admin\Jadwal\Tambah.php(42): CodeIgniter\Debug\Exceptions->errorHandler(2, 'Undefined varia...', 'C:\\Users\\E-RM7\\...', 42)
#1 C:\Users\E-RM7\Documents\GitHub\e-Posyandu\system\View\View.php(210): include('C:\\Users\\E-RM7\\...')
#2 C:\Users\E-RM7\Documents\GitHub\e-Posyandu\system\View\View.php(213): CodeIgniter\View\View->CodeIgniter\View\{closure}()
#3 C:\Users\E-RM7\Documents\GitHub\e-Posyandu\system\Common.php(1089): CodeIgniter\View\View->render('Admin/jadwal/ta...', Array, true)
#4 C:\Users\E-RM7\Documents\GitHub\e-Posyandu\app\Controllers\Admin.php(2462): view('Admin/jadwal/ta...', Array)
#5 C:\Users\E-RM7\Documents\GitHub\e-Posyandu\system\CodeIgniter.php(832): App\Controllers\Admin->tambahJadwalPosyandu()
#6 C:\Users\E-RM7\Documents\GitHub\e-Posyandu\system\CodeIgniter.php(419): CodeIgniter\CodeIgniter->runController(Object(App\Controllers\Admin))
#7 C:\Users\E-RM7\Documents\GitHub\e-Posyandu\system\CodeIgniter.php(326): CodeIgniter\CodeIgniter->handleRequest(NULL, Object(Config\Cache), false)
#8 C:\Users\E-RM7\Documents\GitHub\e-Posyandu\public\index.php(37): CodeIgniter\CodeIgniter->run()
#9 C:\Users\E-RM7\Documents\GitHub\e-Posyandu\system\Commands\Server\rewrite.php(43): require_once('C:\\Users\\E-RM7\\...')
#10 {main}
CRITICAL - 2024-10-01 08:06:49 --> Attempt to read property "id" on array
#0 C:\Users\E-RM7\Documents\GitHub\e-Posyandu\app\Views\Admin\Jadwal\Tambah.php(43): CodeIgniter\Debug\Exceptions->errorHandler(2, 'Attempt to read...', 'C:\\Users\\E-RM7\\...', 43)
#1 C:\Users\E-RM7\Documents\GitHub\e-Posyandu\system\View\View.php(210): include('C:\\Users\\E-RM7\\...')
#2 C:\Users\E-RM7\Documents\GitHub\e-Posyandu\system\View\View.php(213): CodeIgniter\View\View->CodeIgniter\View\{closure}()
#3 C:\Users\E-RM7\Documents\GitHub\e-Posyandu\system\Common.php(1089): CodeIgniter\View\View->render('Admin/jadwal/ta...', Array, true)
#4 C:\Users\E-RM7\Documents\GitHub\e-Posyandu\app\Controllers\Admin.php(2443): view('Admin/jadwal/ta...', Array)
#5 C:\Users\E-RM7\Documents\GitHub\e-Posyandu\system\CodeIgniter.php(832): App\Controllers\Admin->tambahJadwalPosyandu()
#6 C:\Users\E-RM7\Documents\GitHub\e-Posyandu\system\CodeIgniter.php(419): CodeIgniter\CodeIgniter->runController(Object(App\Controllers\Admin))
#7 C:\Users\E-RM7\Documents\GitHub\e-Posyandu\system\CodeIgniter.php(326): CodeIgniter\CodeIgniter->handleRequest(NULL, Object(Config\Cache), false)
#8 C:\Users\E-RM7\Documents\GitHub\e-Posyandu\public\index.php(37): CodeIgniter\CodeIgniter->run()
#9 C:\Users\E-RM7\Documents\GitHub\e-Posyandu\system\Commands\Server\rewrite.php(43): require_once('C:\\Users\\E-RM7\\...')
#10 {main}
ERROR - 2024-10-01 08:09:45 --> Column 'kader_posyandu' cannot be null
CRITICAL - 2024-10-01 08:09:45 --> Column 'kader_posyandu' cannot be null
#0 C:\Users\E-RM7\Documents\GitHub\e-Posyandu\system\Database\MySQLi\Connection.php(292): mysqli->query('INSERT INTO `ja...', 0)
#1 C:\Users\E-RM7\Documents\GitHub\e-Posyandu\system\Database\BaseConnection.php(670): CodeIgniter\Database\MySQLi\Connection->execute('INSERT INTO `ja...')
#2 C:\Users\E-RM7\Documents\GitHub\e-Posyandu\system\Database\BaseConnection.php(598): CodeIgniter\Database\BaseConnection->simpleQuery('INSERT INTO `ja...')
#3 C:\Users\E-RM7\Documents\GitHub\e-Posyandu\system\Database\BaseBuilder.php(1771): CodeIgniter\Database\BaseConnection->query('INSERT INTO `ja...', Array, false)
#4 C:\Users\E-RM7\Documents\GitHub\e-Posyandu\system\Model.php(239): CodeIgniter\Database\BaseBuilder->insert()
#5 C:\Users\E-RM7\Documents\GitHub\e-Posyandu\system\BaseModel.php(738): CodeIgniter\Model->doInsert(Array)
#6 C:\Users\E-RM7\Documents\GitHub\e-Posyandu\system\Model.php(625): CodeIgniter\BaseModel->insert(Array, false)
#7 C:\Users\E-RM7\Documents\GitHub\e-Posyandu\system\BaseModel.php(658): CodeIgniter\Model->insert(Array, false)
#8 C:\Users\E-RM7\Documents\GitHub\e-Posyandu\app\Controllers\Admin.php(2469): CodeIgniter\BaseModel->save(Array)
#9 C:\Users\E-RM7\Documents\GitHub\e-Posyandu\system\CodeIgniter.php(832): App\Controllers\Admin->simpanJadwalPosyandu()
#10 C:\Users\E-RM7\Documents\GitHub\e-Posyandu\system\CodeIgniter.php(419): CodeIgniter\CodeIgniter->runController(Object(App\Controllers\Admin))
#11 C:\Users\E-RM7\Documents\GitHub\e-Posyandu\system\CodeIgniter.php(326): CodeIgniter\CodeIgniter->handleRequest(NULL, Object(Config\Cache), false)
#12 C:\Users\E-RM7\Documents\GitHub\e-Posyandu\public\index.php(37): CodeIgniter\CodeIgniter->run()
#13 C:\Users\E-RM7\Documents\GitHub\e-Posyandu\system\Commands\Server\rewrite.php(43): require_once('C:\\Users\\E-RM7\\...')
#14 {main}
