ERROR - 2024-06-22 21:43:59 --> Cannot delete or update a parent row: a foreign key constraint fails (`toko_hera`.`pembayaran_piutang`, CONSTRAINT `pembayaran_piutang_ibfk_1` FOREIGN KEY (`id_piutang`) REFERENCES `piutang` (`id_piutang`))
CRITICAL - 2024-06-22 21:43:59 --> Cannot delete or update a parent row: a foreign key constraint fails (`toko_hera`.`pembayaran_piutang`, CONSTRAINT `pembayaran_piutang_ibfk_1` FOREIGN KEY (`id_piutang`) REFERENCES `piutang` (`id_piutang`))
#0 C:\Users\ganda\Documents\GitHub\hera\system\Database\MySQLi\Connection.php(292): mysqli->query('DELETE FROM `pi...', 0)
#1 C:\Users\ganda\Documents\GitHub\hera\system\Database\BaseConnection.php(670): CodeIgniter\Database\MySQLi\Connection->execute('DELETE FROM `pi...')
#2 C:\Users\ganda\Documents\GitHub\hera\system\Database\BaseConnection.php(598): CodeIgniter\Database\BaseConnection->simpleQuery('DELETE FROM `pi...')
#3 C:\Users\ganda\Documents\GitHub\hera\system\Database\BaseBuilder.php(2225): CodeIgniter\Database\BaseConnection->query('DELETE FROM `pi...', Array, false)
#4 C:\Users\ganda\Documents\GitHub\hera\system\Model.php(359): CodeIgniter\Database\BaseBuilder->delete()
#5 C:\Users\ganda\Documents\GitHub\hera\system\BaseModel.php(963): CodeIgniter\Model->doDelete(Array, false)
#6 C:\Users\ganda\Documents\GitHub\hera\app\Controllers\PenjualanBarangCont.php(856): CodeIgniter\BaseModel->delete(Array)
#7 C:\Users\ganda\Documents\GitHub\hera\system\CodeIgniter.php(832): App\Controllers\PenjualanBarangCont->delete_penjualanBarang('NHR-5453')
#8 C:\Users\ganda\Documents\GitHub\hera\system\CodeIgniter.php(419): CodeIgniter\CodeIgniter->runController(Object(App\Controllers\PenjualanBarangCont))
#9 C:\Users\ganda\Documents\GitHub\hera\system\CodeIgniter.php(326): CodeIgniter\CodeIgniter->handleRequest(NULL, Object(Config\Cache), false)
#10 C:\Users\ganda\Documents\GitHub\hera\public\index.php(37): CodeIgniter\CodeIgniter->run()
#11 C:\Users\ganda\Documents\GitHub\hera\system\Commands\Server\rewrite.php(43): require_once('C:\\Users\\ganda\\...')
#12 {main}
CRITICAL - 2024-06-22 21:51:50 --> Undefined property: App\Controllers\PenjualanBarangCont::$PiutangModel
#0 C:\Users\ganda\Documents\GitHub\hera\app\Controllers\PenjualanBarangCont.php(819): CodeIgniter\Debug\Exceptions->errorHandler(8, 'Undefined prope...', 'C:\\Users\\ganda\\...', 819, Array)
#1 C:\Users\ganda\Documents\GitHub\hera\system\CodeIgniter.php(832): App\Controllers\PenjualanBarangCont->delete_penjualanBarang('NHR-5838')
#2 C:\Users\ganda\Documents\GitHub\hera\system\CodeIgniter.php(419): CodeIgniter\CodeIgniter->runController(Object(App\Controllers\PenjualanBarangCont))
#3 C:\Users\ganda\Documents\GitHub\hera\system\CodeIgniter.php(326): CodeIgniter\CodeIgniter->handleRequest(NULL, Object(Config\Cache), false)
#4 C:\Users\ganda\Documents\GitHub\hera\public\index.php(37): CodeIgniter\CodeIgniter->run()
#5 C:\Users\ganda\Documents\GitHub\hera\system\Commands\Server\rewrite.php(43): require_once('C:\\Users\\ganda\\...')
#6 {main}
CRITICAL - 2024-06-22 21:52:09 --> Undefined property: App\Controllers\PenjualanBarangCont::$PiutangModel
#0 C:\Users\ganda\Documents\GitHub\hera\app\Controllers\PenjualanBarangCont.php(819): CodeIgniter\Debug\Exceptions->errorHandler(8, 'Undefined prope...', 'C:\\Users\\ganda\\...', 819, Array)
#1 C:\Users\ganda\Documents\GitHub\hera\system\CodeIgniter.php(832): App\Controllers\PenjualanBarangCont->delete_penjualanBarang('NHR-5838')
#2 C:\Users\ganda\Documents\GitHub\hera\system\CodeIgniter.php(419): CodeIgniter\CodeIgniter->runController(Object(App\Controllers\PenjualanBarangCont))
#3 C:\Users\ganda\Documents\GitHub\hera\system\CodeIgniter.php(326): CodeIgniter\CodeIgniter->handleRequest(NULL, Object(Config\Cache), false)
#4 C:\Users\ganda\Documents\GitHub\hera\public\index.php(37): CodeIgniter\CodeIgniter->run()
#5 C:\Users\ganda\Documents\GitHub\hera\system\Commands\Server\rewrite.php(43): require_once('C:\\Users\\ganda\\...')
#6 {main}
CRITICAL - 2024-06-22 21:52:26 --> Undefined property: App\Controllers\PenjualanBarangCont::$PembayaranPiutangModel
#0 C:\Users\ganda\Documents\GitHub\hera\app\Controllers\PenjualanBarangCont.php(824): CodeIgniter\Debug\Exceptions->errorHandler(8, 'Undefined prope...', 'C:\\Users\\ganda\\...', 824, Array)
#1 C:\Users\ganda\Documents\GitHub\hera\system\CodeIgniter.php(832): App\Controllers\PenjualanBarangCont->delete_penjualanBarang('NHR-5838')
#2 C:\Users\ganda\Documents\GitHub\hera\system\CodeIgniter.php(419): CodeIgniter\CodeIgniter->runController(Object(App\Controllers\PenjualanBarangCont))
#3 C:\Users\ganda\Documents\GitHub\hera\system\CodeIgniter.php(326): CodeIgniter\CodeIgniter->handleRequest(NULL, Object(Config\Cache), false)
#4 C:\Users\ganda\Documents\GitHub\hera\public\index.php(37): CodeIgniter\CodeIgniter->run()
#5 C:\Users\ganda\Documents\GitHub\hera\system\Commands\Server\rewrite.php(43): require_once('C:\\Users\\ganda\\...')
#6 {main}
CRITICAL - 2024-06-22 21:52:37 --> Undefined property: App\Controllers\PenjualanBarangCont::$pembayaranPiutangModel
#0 C:\Users\ganda\Documents\GitHub\hera\app\Controllers\PenjualanBarangCont.php(824): CodeIgniter\Debug\Exceptions->errorHandler(8, 'Undefined prope...', 'C:\\Users\\ganda\\...', 824, Array)
#1 C:\Users\ganda\Documents\GitHub\hera\system\CodeIgniter.php(832): App\Controllers\PenjualanBarangCont->delete_penjualanBarang('NHR-5838')
#2 C:\Users\ganda\Documents\GitHub\hera\system\CodeIgniter.php(419): CodeIgniter\CodeIgniter->runController(Object(App\Controllers\PenjualanBarangCont))
#3 C:\Users\ganda\Documents\GitHub\hera\system\CodeIgniter.php(326): CodeIgniter\CodeIgniter->handleRequest(NULL, Object(Config\Cache), false)
#4 C:\Users\ganda\Documents\GitHub\hera\public\index.php(37): CodeIgniter\CodeIgniter->run()
#5 C:\Users\ganda\Documents\GitHub\hera\system\Commands\Server\rewrite.php(43): require_once('C:\\Users\\ganda\\...')
#6 {main}
CRITICAL - 2024-06-22 21:53:24 --> Undefined property: App\Controllers\PenjualanBarangCont::$pembayaranPiutangModel
#0 C:\Users\ganda\Documents\GitHub\hera\app\Controllers\PenjualanBarangCont.php(826): CodeIgniter\Debug\Exceptions->errorHandler(8, 'Undefined prope...', 'C:\\Users\\ganda\\...', 826, Array)
#1 C:\Users\ganda\Documents\GitHub\hera\system\CodeIgniter.php(832): App\Controllers\PenjualanBarangCont->delete_penjualanBarang('NHR-5838')
#2 C:\Users\ganda\Documents\GitHub\hera\system\CodeIgniter.php(419): CodeIgniter\CodeIgniter->runController(Object(App\Controllers\PenjualanBarangCont))
#3 C:\Users\ganda\Documents\GitHub\hera\system\CodeIgniter.php(326): CodeIgniter\CodeIgniter->handleRequest(NULL, Object(Config\Cache), false)
#4 C:\Users\ganda\Documents\GitHub\hera\public\index.php(37): CodeIgniter\CodeIgniter->run()
#5 C:\Users\ganda\Documents\GitHub\hera\system\Commands\Server\rewrite.php(43): require_once('C:\\Users\\ganda\\...')
#6 {main}
CRITICAL - 2024-06-22 21:53:44 --> Undefined property: App\Controllers\PenjualanBarangCont::$pembayaranPiutangModel
#0 C:\Users\ganda\Documents\GitHub\hera\app\Controllers\PenjualanBarangCont.php(826): CodeIgniter\Debug\Exceptions->errorHandler(8, 'Undefined prope...', 'C:\\Users\\ganda\\...', 826, Array)
#1 C:\Users\ganda\Documents\GitHub\hera\system\CodeIgniter.php(832): App\Controllers\PenjualanBarangCont->delete_penjualanBarang('NHR-5838')
#2 C:\Users\ganda\Documents\GitHub\hera\system\CodeIgniter.php(419): CodeIgniter\CodeIgniter->runController(Object(App\Controllers\PenjualanBarangCont))
#3 C:\Users\ganda\Documents\GitHub\hera\system\CodeIgniter.php(326): CodeIgniter\CodeIgniter->handleRequest(NULL, Object(Config\Cache), false)
#4 C:\Users\ganda\Documents\GitHub\hera\public\index.php(37): CodeIgniter\CodeIgniter->run()
#5 C:\Users\ganda\Documents\GitHub\hera\system\Commands\Server\rewrite.php(43): require_once('C:\\Users\\ganda\\...')
#6 {main}
CRITICAL - 2024-06-22 21:54:03 --> Undefined property: App\Controllers\PenjualanBarangCont::$pembayaranPiutangModel
#0 C:\Users\ganda\Documents\GitHub\hera\app\Controllers\PenjualanBarangCont.php(826): CodeIgniter\Debug\Exceptions->errorHandler(8, 'Undefined prope...', 'C:\\Users\\ganda\\...', 826, Array)
#1 C:\Users\ganda\Documents\GitHub\hera\system\CodeIgniter.php(832): App\Controllers\PenjualanBarangCont->delete_penjualanBarang('NHR-5838')
#2 C:\Users\ganda\Documents\GitHub\hera\system\CodeIgniter.php(419): CodeIgniter\CodeIgniter->runController(Object(App\Controllers\PenjualanBarangCont))
#3 C:\Users\ganda\Documents\GitHub\hera\system\CodeIgniter.php(326): CodeIgniter\CodeIgniter->handleRequest(NULL, Object(Config\Cache), false)
#4 C:\Users\ganda\Documents\GitHub\hera\public\index.php(37): CodeIgniter\CodeIgniter->run()
#5 C:\Users\ganda\Documents\GitHub\hera\system\Commands\Server\rewrite.php(43): require_once('C:\\Users\\ganda\\...')
#6 {main}
CRITICAL - 2024-06-22 21:55:59 --> Undefined property: App\Controllers\PenjualanBarangCont::$pembayaranPiutangModel
#0 C:\Users\ganda\Documents\GitHub\hera\app\Controllers\PenjualanBarangCont.php(826): CodeIgniter\Debug\Exceptions->errorHandler(8, 'Undefined prope...', 'C:\\Users\\ganda\\...', 826, Array)
#1 C:\Users\ganda\Documents\GitHub\hera\system\CodeIgniter.php(832): App\Controllers\PenjualanBarangCont->delete_penjualanBarang('NHR-5838')
#2 C:\Users\ganda\Documents\GitHub\hera\system\CodeIgniter.php(419): CodeIgniter\CodeIgniter->runController(Object(App\Controllers\PenjualanBarangCont))
#3 C:\Users\ganda\Documents\GitHub\hera\system\CodeIgniter.php(326): CodeIgniter\CodeIgniter->handleRequest(NULL, Object(Config\Cache), false)
#4 C:\Users\ganda\Documents\GitHub\hera\public\index.php(37): CodeIgniter\CodeIgniter->run()
#5 C:\Users\ganda\Documents\GitHub\hera\system\Commands\Server\rewrite.php(43): require_once('C:\\Users\\ganda\\...')
#6 {main}
CRITICAL - 2024-06-22 21:56:42 --> Undefined property: App\Controllers\PenjualanBarangCont::$pembayaranPiutangModel
#0 C:\Users\ganda\Documents\GitHub\hera\app\Controllers\PenjualanBarangCont.php(826): CodeIgniter\Debug\Exceptions->errorHandler(8, 'Undefined prope...', 'C:\\Users\\ganda\\...', 826, Array)
#1 C:\Users\ganda\Documents\GitHub\hera\system\CodeIgniter.php(832): App\Controllers\PenjualanBarangCont->delete_penjualanBarang('NHR-5838')
#2 C:\Users\ganda\Documents\GitHub\hera\system\CodeIgniter.php(419): CodeIgniter\CodeIgniter->runController(Object(App\Controllers\PenjualanBarangCont))
#3 C:\Users\ganda\Documents\GitHub\hera\system\CodeIgniter.php(326): CodeIgniter\CodeIgniter->handleRequest(NULL, Object(Config\Cache), false)
#4 C:\Users\ganda\Documents\GitHub\hera\public\index.php(37): CodeIgniter\CodeIgniter->run()
#5 C:\Users\ganda\Documents\GitHub\hera\system\Commands\Server\rewrite.php(43): require_once('C:\\Users\\ganda\\...')
#6 {main}
CRITICAL - 2024-06-22 21:56:59 --> Undefined variable: PiutangModel
#0 C:\Users\ganda\Documents\GitHub\hera\app\Controllers\PenjualanBarangCont.php(838): CodeIgniter\Debug\Exceptions->errorHandler(8, 'Undefined varia...', 'C:\\Users\\ganda\\...', 838, Array)
#1 C:\Users\ganda\Documents\GitHub\hera\system\CodeIgniter.php(832): App\Controllers\PenjualanBarangCont->delete_penjualanBarang('NHR-5838')
#2 C:\Users\ganda\Documents\GitHub\hera\system\CodeIgniter.php(419): CodeIgniter\CodeIgniter->runController(Object(App\Controllers\PenjualanBarangCont))
#3 C:\Users\ganda\Documents\GitHub\hera\system\CodeIgniter.php(326): CodeIgniter\CodeIgniter->handleRequest(NULL, Object(Config\Cache), false)
#4 C:\Users\ganda\Documents\GitHub\hera\public\index.php(37): CodeIgniter\CodeIgniter->run()
#5 C:\Users\ganda\Documents\GitHub\hera\system\Commands\Server\rewrite.php(43): require_once('C:\\Users\\ganda\\...')
#6 {main}
CRITICAL - 2024-06-22 22:24:17 --> Undefined variable: route
#0 C:\Users\ganda\Documents\GitHub\hera\app\Config\Routes.php(36): CodeIgniter\Debug\Exceptions->errorHandler(8, 'Undefined varia...', 'C:\\Users\\ganda\\...', 36, Array)
#1 C:\Users\ganda\Documents\GitHub\hera\system\CodeIgniter.php(713): require('C:\\Users\\ganda\\...')
#2 C:\Users\ganda\Documents\GitHub\hera\system\CodeIgniter.php(368): CodeIgniter\CodeIgniter->tryToRouteIt(Object(CodeIgniter\Router\RouteCollection))
#3 C:\Users\ganda\Documents\GitHub\hera\system\CodeIgniter.php(326): CodeIgniter\CodeIgniter->handleRequest(NULL, Object(Config\Cache), false)
#4 C:\Users\ganda\Documents\GitHub\hera\public\index.php(37): CodeIgniter\CodeIgniter->run()
#5 C:\Users\ganda\Documents\GitHub\hera\system\Commands\Server\rewrite.php(43): require_once('C:\\Users\\ganda\\...')
#6 {main}
CRITICAL - 2024-06-22 22:24:23 --> Undefined variable: route
#0 C:\Users\ganda\Documents\GitHub\hera\app\Config\Routes.php(36): CodeIgniter\Debug\Exceptions->errorHandler(8, 'Undefined varia...', 'C:\\Users\\ganda\\...', 36, Array)
#1 C:\Users\ganda\Documents\GitHub\hera\system\CodeIgniter.php(713): require('C:\\Users\\ganda\\...')
#2 C:\Users\ganda\Documents\GitHub\hera\system\CodeIgniter.php(368): CodeIgniter\CodeIgniter->tryToRouteIt(Object(CodeIgniter\Router\RouteCollection))
#3 C:\Users\ganda\Documents\GitHub\hera\system\CodeIgniter.php(326): CodeIgniter\CodeIgniter->handleRequest(NULL, Object(Config\Cache), false)
#4 C:\Users\ganda\Documents\GitHub\hera\public\index.php(37): CodeIgniter\CodeIgniter->run()
#5 C:\Users\ganda\Documents\GitHub\hera\system\Commands\Server\rewrite.php(43): require_once('C:\\Users\\ganda\\...')
#6 {main}
CRITICAL - 2024-06-22 22:25:20 --> Undefined variable: route
#0 C:\Users\ganda\Documents\GitHub\hera\app\Config\Routes.php(36): CodeIgniter\Debug\Exceptions->errorHandler(8, 'Undefined varia...', 'C:\\Users\\ganda\\...', 36, Array)
#1 C:\Users\ganda\Documents\GitHub\hera\system\CodeIgniter.php(713): require('C:\\Users\\ganda\\...')
#2 C:\Users\ganda\Documents\GitHub\hera\system\CodeIgniter.php(368): CodeIgniter\CodeIgniter->tryToRouteIt(Object(CodeIgniter\Router\RouteCollection))
#3 C:\Users\ganda\Documents\GitHub\hera\system\CodeIgniter.php(326): CodeIgniter\CodeIgniter->handleRequest(NULL, Object(Config\Cache), false)
#4 C:\Users\ganda\Documents\GitHub\hera\public\index.php(37): CodeIgniter\CodeIgniter->run()
#5 C:\Users\ganda\Documents\GitHub\hera\system\Commands\Server\rewrite.php(43): require_once('C:\\Users\\ganda\\...')
#6 {main}
CRITICAL - 2024-06-22 22:25:30 --> Undefined variable: config
#0 C:\Users\ganda\Documents\GitHub\hera\app\Views\reset.php(70): CodeIgniter\Debug\Exceptions->errorHandler(8, 'Undefined varia...', 'C:\\Users\\ganda\\...', 70, Array)
#1 C:\Users\ganda\Documents\GitHub\hera\system\View\View.php(210): include('C:\\Users\\ganda\\...')
#2 C:\Users\ganda\Documents\GitHub\hera\system\View\View.php(213): CodeIgniter\View\View->CodeIgniter\View\{closure}()
#3 C:\Users\ganda\Documents\GitHub\hera\system\Common.php(1089): CodeIgniter\View\View->render('reset', Array, true)
#4 C:\Users\ganda\Documents\GitHub\hera\app\Controllers\Auth.php(14): view('reset')
#5 C:\Users\ganda\Documents\GitHub\hera\system\CodeIgniter.php(832): App\Controllers\Auth->reset()
#6 C:\Users\ganda\Documents\GitHub\hera\system\CodeIgniter.php(419): CodeIgniter\CodeIgniter->runController(Object(App\Controllers\Auth))
#7 C:\Users\ganda\Documents\GitHub\hera\system\CodeIgniter.php(326): CodeIgniter\CodeIgniter->handleRequest(NULL, Object(Config\Cache), false)
#8 C:\Users\ganda\Documents\GitHub\hera\public\index.php(37): CodeIgniter\CodeIgniter->run()
#9 C:\Users\ganda\Documents\GitHub\hera\system\Commands\Server\rewrite.php(43): require_once('C:\\Users\\ganda\\...')
#10 {main}
CRITICAL - 2024-06-22 22:28:53 --> Invalid file: front/templates/index.php
#0 C:\Users\ganda\Documents\GitHub\hera\system\View\View.php(198): CodeIgniter\Exceptions\FrameworkException::forInvalidFile('front/templates...')
#1 C:\Users\ganda\Documents\GitHub\hera\system\View\View.php(226): CodeIgniter\View\View->render('front/templates...', Array, true)
#2 C:\Users\ganda\Documents\GitHub\hera\system\Common.php(1089): CodeIgniter\View\View->render('reset', Array, true)
#3 C:\Users\ganda\Documents\GitHub\hera\app\Controllers\Auth.php(14): view('reset')
#4 C:\Users\ganda\Documents\GitHub\hera\system\CodeIgniter.php(832): App\Controllers\Auth->reset()
#5 C:\Users\ganda\Documents\GitHub\hera\system\CodeIgniter.php(419): CodeIgniter\CodeIgniter->runController(Object(App\Controllers\Auth))
#6 C:\Users\ganda\Documents\GitHub\hera\system\CodeIgniter.php(326): CodeIgniter\CodeIgniter->handleRequest(NULL, Object(Config\Cache), false)
#7 C:\Users\ganda\Documents\GitHub\hera\public\index.php(37): CodeIgniter\CodeIgniter->run()
#8 C:\Users\ganda\Documents\GitHub\hera\system\Commands\Server\rewrite.php(43): require_once('C:\\Users\\ganda\\...')
#9 {main}
CRITICAL - 2024-06-22 22:36:13 --> reset_password route cannot be found while reverse-routing.
#0 C:\Users\ganda\Documents\GitHub\hera\system\Helpers\url_helper.php(538): CodeIgniter\Router\Exceptions\RouterException::forInvalidRoute('reset_password')
#1 C:\Users\ganda\Documents\GitHub\hera\app\Views\Auth\Reset.php(21): url_to('reset_password')
#2 C:\Users\ganda\Documents\GitHub\hera\system\View\View.php(210): include('C:\\Users\\ganda\\...')
#3 C:\Users\ganda\Documents\GitHub\hera\system\View\View.php(213): CodeIgniter\View\View->CodeIgniter\View\{closure}()
#4 C:\Users\ganda\Documents\GitHub\hera\system\Common.php(1089): CodeIgniter\View\View->render('Auth/Reset', Array, true)
#5 C:\Users\ganda\Documents\GitHub\hera\app\Controllers\Auth.php(14): view('Auth/Reset')
#6 C:\Users\ganda\Documents\GitHub\hera\system\CodeIgniter.php(832): App\Controllers\Auth->reset()
#7 C:\Users\ganda\Documents\GitHub\hera\system\CodeIgniter.php(419): CodeIgniter\CodeIgniter->runController(Object(App\Controllers\Auth))
#8 C:\Users\ganda\Documents\GitHub\hera\system\CodeIgniter.php(326): CodeIgniter\CodeIgniter->handleRequest(NULL, Object(Config\Cache), false)
#9 C:\Users\ganda\Documents\GitHub\hera\public\index.php(37): CodeIgniter\CodeIgniter->run()
#10 C:\Users\ganda\Documents\GitHub\hera\system\Commands\Server\rewrite.php(43): require_once('C:\\Users\\ganda\\...')
#11 {main}
CRITICAL - 2024-06-22 22:36:56 --> syntax error, unexpected '<', expecting end of file
#0 C:\Users\ganda\Documents\GitHub\hera\system\CodeIgniter.php(368): CodeIgniter\CodeIgniter->tryToRouteIt(NULL)
#1 C:\Users\ganda\Documents\GitHub\hera\system\CodeIgniter.php(326): CodeIgniter\CodeIgniter->handleRequest(NULL, Object(Config\Cache), false)
#2 C:\Users\ganda\Documents\GitHub\hera\public\index.php(37): CodeIgniter\CodeIgniter->run()
#3 C:\Users\ganda\Documents\GitHub\hera\system\Commands\Server\rewrite.php(43): require_once('C:\\Users\\ganda\\...')
#4 {main}
CRITICAL - 2024-06-22 22:37:40 --> Undefined variable: route
#0 C:\Users\ganda\Documents\GitHub\hera\app\Config\Routes.php(36): CodeIgniter\Debug\Exceptions->errorHandler(8, 'Undefined varia...', 'C:\\Users\\ganda\\...', 36, Array)
#1 C:\Users\ganda\Documents\GitHub\hera\system\CodeIgniter.php(713): require('C:\\Users\\ganda\\...')
#2 C:\Users\ganda\Documents\GitHub\hera\system\CodeIgniter.php(368): CodeIgniter\CodeIgniter->tryToRouteIt(Object(CodeIgniter\Router\RouteCollection))
#3 C:\Users\ganda\Documents\GitHub\hera\system\CodeIgniter.php(326): CodeIgniter\CodeIgniter->handleRequest(NULL, Object(Config\Cache), false)
#4 C:\Users\ganda\Documents\GitHub\hera\public\index.php(37): CodeIgniter\CodeIgniter->run()
#5 C:\Users\ganda\Documents\GitHub\hera\system\Commands\Server\rewrite.php(43): require_once('C:\\Users\\ganda\\...')
#6 {main}
CRITICAL - 2024-06-22 22:41:15 --> Too few arguments to function App\Controllers\Auth::reset_password(), 0 passed in C:\Users\ganda\Documents\GitHub\hera\system\CodeIgniter.php on line 832 and exactly 1 expected
#0 C:\Users\ganda\Documents\GitHub\hera\system\CodeIgniter.php(832): App\Controllers\Auth->reset_password()
#1 C:\Users\ganda\Documents\GitHub\hera\system\CodeIgniter.php(419): CodeIgniter\CodeIgniter->runController(Object(App\Controllers\Auth))
#2 C:\Users\ganda\Documents\GitHub\hera\system\CodeIgniter.php(326): CodeIgniter\CodeIgniter->handleRequest(NULL, Object(Config\Cache), false)
#3 C:\Users\ganda\Documents\GitHub\hera\public\index.php(37): CodeIgniter\CodeIgniter->run()
#4 C:\Users\ganda\Documents\GitHub\hera\system\Commands\Server\rewrite.php(43): require_once('C:\\Users\\ganda\\...')
#5 {main}
CRITICAL - 2024-06-22 22:41:43 --> Too few arguments to function App\Controllers\Auth::reset_password(), 0 passed in C:\Users\ganda\Documents\GitHub\hera\system\CodeIgniter.php on line 832 and exactly 1 expected
#0 C:\Users\ganda\Documents\GitHub\hera\system\CodeIgniter.php(832): App\Controllers\Auth->reset_password()
#1 C:\Users\ganda\Documents\GitHub\hera\system\CodeIgniter.php(419): CodeIgniter\CodeIgniter->runController(Object(App\Controllers\Auth))
#2 C:\Users\ganda\Documents\GitHub\hera\system\CodeIgniter.php(326): CodeIgniter\CodeIgniter->handleRequest(NULL, Object(Config\Cache), false)
#3 C:\Users\ganda\Documents\GitHub\hera\public\index.php(37): CodeIgniter\CodeIgniter->run()
#4 C:\Users\ganda\Documents\GitHub\hera\system\Commands\Server\rewrite.php(43): require_once('C:\\Users\\ganda\\...')
#5 {main}
CRITICAL - 2024-06-22 22:43:05 --> Too few arguments to function App\Controllers\Auth::reset_password(), 0 passed in C:\Users\ganda\Documents\GitHub\hera\system\CodeIgniter.php on line 832 and exactly 1 expected
#0 C:\Users\ganda\Documents\GitHub\hera\system\CodeIgniter.php(832): App\Controllers\Auth->reset_password()
#1 C:\Users\ganda\Documents\GitHub\hera\system\CodeIgniter.php(419): CodeIgniter\CodeIgniter->runController(Object(App\Controllers\Auth))
#2 C:\Users\ganda\Documents\GitHub\hera\system\CodeIgniter.php(326): CodeIgniter\CodeIgniter->handleRequest(NULL, Object(Config\Cache), false)
#3 C:\Users\ganda\Documents\GitHub\hera\public\index.php(37): CodeIgniter\CodeIgniter->run()
#4 C:\Users\ganda\Documents\GitHub\hera\system\Commands\Server\rewrite.php(43): require_once('C:\\Users\\ganda\\...')
#5 {main}
CRITICAL - 2024-06-22 22:52:46 --> Undefined property: App\Controllers\Auth::$db
#0 C:\Users\ganda\Documents\GitHub\hera\app\Controllers\Auth.php(23): CodeIgniter\Debug\Exceptions->errorHandler(8, 'Undefined prope...', 'C:\\Users\\ganda\\...', 23, Array)
#1 C:\Users\ganda\Documents\GitHub\hera\system\CodeIgniter.php(832): App\Controllers\Auth->reset_password()
#2 C:\Users\ganda\Documents\GitHub\hera\system\CodeIgniter.php(419): CodeIgniter\CodeIgniter->runController(Object(App\Controllers\Auth))
#3 C:\Users\ganda\Documents\GitHub\hera\system\CodeIgniter.php(326): CodeIgniter\CodeIgniter->handleRequest(NULL, Object(Config\Cache), false)
#4 C:\Users\ganda\Documents\GitHub\hera\public\index.php(37): CodeIgniter\CodeIgniter->run()
#5 C:\Users\ganda\Documents\GitHub\hera\system\Commands\Server\rewrite.php(43): require_once('C:\\Users\\ganda\\...')
#6 {main}
CRITICAL - 2024-06-22 22:53:54 --> Class 'App\Controllers\riwayatSaldo' not found
#0 C:\Users\ganda\Documents\GitHub\hera\system\CodeIgniter.php(809): App\Controllers\Auth->__construct()
#1 C:\Users\ganda\Documents\GitHub\hera\system\CodeIgniter.php(410): CodeIgniter\CodeIgniter->createController()
#2 C:\Users\ganda\Documents\GitHub\hera\system\CodeIgniter.php(326): CodeIgniter\CodeIgniter->handleRequest(NULL, Object(Config\Cache), false)
#3 C:\Users\ganda\Documents\GitHub\hera\public\index.php(37): CodeIgniter\CodeIgniter->run()
#4 C:\Users\ganda\Documents\GitHub\hera\system\Commands\Server\rewrite.php(43): require_once('C:\\Users\\ganda\\...')
#5 {main}
CRITICAL - 2024-06-22 22:54:38 --> Class 'App\Controllers\UserModel' not found
#0 C:\Users\ganda\Documents\GitHub\hera\system\CodeIgniter.php(832): App\Controllers\Auth->reset_password()
#1 C:\Users\ganda\Documents\GitHub\hera\system\CodeIgniter.php(419): CodeIgniter\CodeIgniter->runController(Object(App\Controllers\Auth))
#2 C:\Users\ganda\Documents\GitHub\hera\system\CodeIgniter.php(326): CodeIgniter\CodeIgniter->handleRequest(NULL, Object(Config\Cache), false)
#3 C:\Users\ganda\Documents\GitHub\hera\public\index.php(37): CodeIgniter\CodeIgniter->run()
#4 C:\Users\ganda\Documents\GitHub\hera\system\Commands\Server\rewrite.php(43): require_once('C:\\Users\\ganda\\...')
#5 {main}
CRITICAL - 2024-06-22 22:55:17 --> Undefined variable: id
#0 C:\Users\ganda\Documents\GitHub\hera\app\Controllers\Auth.php(38): CodeIgniter\Debug\Exceptions->errorHandler(8, 'Undefined varia...', 'C:\\Users\\ganda\\...', 38, Array)
#1 C:\Users\ganda\Documents\GitHub\hera\system\CodeIgniter.php(832): App\Controllers\Auth->reset_password()
#2 C:\Users\ganda\Documents\GitHub\hera\system\CodeIgniter.php(419): CodeIgniter\CodeIgniter->runController(Object(App\Controllers\Auth))
#3 C:\Users\ganda\Documents\GitHub\hera\system\CodeIgniter.php(326): CodeIgniter\CodeIgniter->handleRequest(NULL, Object(Config\Cache), false)
#4 C:\Users\ganda\Documents\GitHub\hera\public\index.php(37): CodeIgniter\CodeIgniter->run()
#5 C:\Users\ganda\Documents\GitHub\hera\system\Commands\Server\rewrite.php(43): require_once('C:\\Users\\ganda\\...')
#6 {main}
CRITICAL - 2024-06-22 23:00:04 --> Use of undefined constant username - assumed 'username' (this will throw an Error in a future version of PHP)
#0 C:\Users\ganda\Documents\GitHub\hera\app\Controllers\Auth.php(33): CodeIgniter\Debug\Exceptions->errorHandler(2, 'Use of undefine...', 'C:\\Users\\ganda\\...', 33, Array)
#1 C:\Users\ganda\Documents\GitHub\hera\system\CodeIgniter.php(832): App\Controllers\Auth->reset_password()
#2 C:\Users\ganda\Documents\GitHub\hera\system\CodeIgniter.php(419): CodeIgniter\CodeIgniter->runController(Object(App\Controllers\Auth))
#3 C:\Users\ganda\Documents\GitHub\hera\system\CodeIgniter.php(326): CodeIgniter\CodeIgniter->handleRequest(NULL, Object(Config\Cache), false)
#4 C:\Users\ganda\Documents\GitHub\hera\public\index.php(37): CodeIgniter\CodeIgniter->run()
#5 C:\Users\ganda\Documents\GitHub\hera\system\Commands\Server\rewrite.php(43): require_once('C:\\Users\\ganda\\...')
#6 {main}
CRITICAL - 2024-06-22 23:01:36 --> Undefined variable: id
#0 C:\Users\ganda\Documents\GitHub\hera\app\Controllers\Auth.php(42): CodeIgniter\Debug\Exceptions->errorHandler(8, 'Undefined varia...', 'C:\\Users\\ganda\\...', 42, Array)
#1 C:\Users\ganda\Documents\GitHub\hera\system\CodeIgniter.php(832): App\Controllers\Auth->reset_password()
#2 C:\Users\ganda\Documents\GitHub\hera\system\CodeIgniter.php(419): CodeIgniter\CodeIgniter->runController(Object(App\Controllers\Auth))
#3 C:\Users\ganda\Documents\GitHub\hera\system\CodeIgniter.php(326): CodeIgniter\CodeIgniter->handleRequest(NULL, Object(Config\Cache), false)
#4 C:\Users\ganda\Documents\GitHub\hera\public\index.php(37): CodeIgniter\CodeIgniter->run()
#5 C:\Users\ganda\Documents\GitHub\hera\system\Commands\Server\rewrite.php(43): require_once('C:\\Users\\ganda\\...')
#6 {main}
CRITICAL - 2024-06-22 23:03:01 --> Trying to get property 'fullname' of non-object
#0 C:\Users\ganda\Documents\GitHub\hera\app\Views\Admin\Templates\Topbar.php(51): CodeIgniter\Debug\Exceptions->errorHandler(8, 'Trying to get p...', 'C:\\Users\\ganda\\...', 51, Array)
#1 C:\Users\ganda\Documents\GitHub\hera\system\View\View.php(210): include('C:\\Users\\ganda\\...')
#2 C:\Users\ganda\Documents\GitHub\hera\system\View\View.php(213): CodeIgniter\View\View->CodeIgniter\View\{closure}()
#3 C:\Users\ganda\Documents\GitHub\hera\system\View\View.php(424): CodeIgniter\View\View->render('Admin/Templates...', NULL, true)
#4 C:\Users\ganda\Documents\GitHub\hera\app\Views\Admin\Templates\Index.php(129): CodeIgniter\View\View->include('Admin/Templates...')
#5 C:\Users\ganda\Documents\GitHub\hera\system\View\View.php(210): include('C:\\Users\\ganda\\...')
#6 C:\Users\ganda\Documents\GitHub\hera\system\View\View.php(213): CodeIgniter\View\View->CodeIgniter\View\{closure}()
#7 C:\Users\ganda\Documents\GitHub\hera\system\View\View.php(226): CodeIgniter\View\View->render('Admin/Templates...', Array, true)
#8 C:\Users\ganda\Documents\GitHub\hera\system\Common.php(1089): CodeIgniter\View\View->render('Admin/Piutang/I...', Array, true)
#9 C:\Users\ganda\Documents\GitHub\hera\app\Controllers\PenjualanBarangCont.php(926): view('Admin/Piutang/I...', Array)
#10 C:\Users\ganda\Documents\GitHub\hera\system\CodeIgniter.php(832): App\Controllers\PenjualanBarangCont->piutang()
#11 C:\Users\ganda\Documents\GitHub\hera\system\CodeIgniter.php(419): CodeIgniter\CodeIgniter->runController(Object(App\Controllers\PenjualanBarangCont))
#12 C:\Users\ganda\Documents\GitHub\hera\system\CodeIgniter.php(326): CodeIgniter\CodeIgniter->handleRequest(NULL, Object(Config\Cache), false)
#13 C:\Users\ganda\Documents\GitHub\hera\public\index.php(37): CodeIgniter\CodeIgniter->run()
#14 C:\Users\ganda\Documents\GitHub\hera\system\Commands\Server\rewrite.php(43): require_once('C:\\Users\\ganda\\...')
#15 {main}
CRITICAL - 2024-06-22 23:03:02 --> Trying to get property 'username' of non-object
#0 C:\Users\ganda\Documents\GitHub\hera\app\Controllers\Admin.php(189): CodeIgniter\Debug\Exceptions->errorHandler(8, 'Trying to get p...', 'C:\\Users\\ganda\\...', 189, Array)
#1 C:\Users\ganda\Documents\GitHub\hera\system\CodeIgniter.php(832): App\Controllers\Admin->profil()
#2 C:\Users\ganda\Documents\GitHub\hera\system\CodeIgniter.php(419): CodeIgniter\CodeIgniter->runController(Object(App\Controllers\Admin))
#3 C:\Users\ganda\Documents\GitHub\hera\system\CodeIgniter.php(326): CodeIgniter\CodeIgniter->handleRequest(NULL, Object(Config\Cache), false)
#4 C:\Users\ganda\Documents\GitHub\hera\public\index.php(37): CodeIgniter\CodeIgniter->run()
#5 C:\Users\ganda\Documents\GitHub\hera\system\Commands\Server\rewrite.php(43): require_once('C:\\Users\\ganda\\...')
#6 {main}
CRITICAL - 2024-06-22 23:03:08 --> Trying to get property 'username' of non-object
#0 C:\Users\ganda\Documents\GitHub\hera\app\Controllers\Admin.php(189): CodeIgniter\Debug\Exceptions->errorHandler(8, 'Trying to get p...', 'C:\\Users\\ganda\\...', 189, Array)
#1 C:\Users\ganda\Documents\GitHub\hera\system\CodeIgniter.php(832): App\Controllers\Admin->profil()
#2 C:\Users\ganda\Documents\GitHub\hera\system\CodeIgniter.php(419): CodeIgniter\CodeIgniter->runController(Object(App\Controllers\Admin))
#3 C:\Users\ganda\Documents\GitHub\hera\system\CodeIgniter.php(326): CodeIgniter\CodeIgniter->handleRequest(NULL, Object(Config\Cache), false)
#4 C:\Users\ganda\Documents\GitHub\hera\public\index.php(37): CodeIgniter\CodeIgniter->run()
#5 C:\Users\ganda\Documents\GitHub\hera\system\Commands\Server\rewrite.php(43): require_once('C:\\Users\\ganda\\...')
#6 {main}
CRITICAL - 2024-06-22 23:03:10 --> Trying to get property 'fullname' of non-object
#0 C:\Users\ganda\Documents\GitHub\hera\app\Views\Admin\Templates\Topbar.php(51): CodeIgniter\Debug\Exceptions->errorHandler(8, 'Trying to get p...', 'C:\\Users\\ganda\\...', 51, Array)
#1 C:\Users\ganda\Documents\GitHub\hera\system\View\View.php(210): include('C:\\Users\\ganda\\...')
#2 C:\Users\ganda\Documents\GitHub\hera\system\View\View.php(213): CodeIgniter\View\View->CodeIgniter\View\{closure}()
#3 C:\Users\ganda\Documents\GitHub\hera\system\View\View.php(424): CodeIgniter\View\View->render('Admin/Templates...', NULL, true)
#4 C:\Users\ganda\Documents\GitHub\hera\app\Views\Admin\Templates\Index.php(129): CodeIgniter\View\View->include('Admin/Templates...')
#5 C:\Users\ganda\Documents\GitHub\hera\system\View\View.php(210): include('C:\\Users\\ganda\\...')
#6 C:\Users\ganda\Documents\GitHub\hera\system\View\View.php(213): CodeIgniter\View\View->CodeIgniter\View\{closure}()
#7 C:\Users\ganda\Documents\GitHub\hera\system\View\View.php(226): CodeIgniter\View\View->render('Admin/Templates...', Array, true)
#8 C:\Users\ganda\Documents\GitHub\hera\system\Common.php(1089): CodeIgniter\View\View->render('Admin/Perkiraan...', Array, true)
#9 C:\Users\ganda\Documents\GitHub\hera\app\Controllers\Admin.php(1644): view('Admin/Perkiraan...', Array)
#10 C:\Users\ganda\Documents\GitHub\hera\system\CodeIgniter.php(832): App\Controllers\Admin->perkiraan()
#11 C:\Users\ganda\Documents\GitHub\hera\system\CodeIgniter.php(419): CodeIgniter\CodeIgniter->runController(Object(App\Controllers\Admin))
#12 C:\Users\ganda\Documents\GitHub\hera\system\CodeIgniter.php(326): CodeIgniter\CodeIgniter->handleRequest(NULL, Object(Config\Cache), false)
#13 C:\Users\ganda\Documents\GitHub\hera\public\index.php(37): CodeIgniter\CodeIgniter->run()
#14 C:\Users\ganda\Documents\GitHub\hera\system\Commands\Server\rewrite.php(43): require_once('C:\\Users\\ganda\\...')
#15 {main}
CRITICAL - 2024-06-22 23:59:40 -->  route cannot be found while reverse-routing.
#0 C:\Users\ganda\Documents\GitHub\hera\system\HTTP\RedirectResponse.php(56): CodeIgniter\HTTP\Exceptions\HTTPException::forInvalidRedirectRoute('')
#1 C:\Users\ganda\Documents\GitHub\hera\app\Controllers\Auth.php(42): CodeIgniter\HTTP\RedirectResponse->route(false)
#2 C:\Users\ganda\Documents\GitHub\hera\system\CodeIgniter.php(832): App\Controllers\Auth->reset_password()
#3 C:\Users\ganda\Documents\GitHub\hera\system\CodeIgniter.php(419): CodeIgniter\CodeIgniter->runController(Object(App\Controllers\Auth))
#4 C:\Users\ganda\Documents\GitHub\hera\system\CodeIgniter.php(326): CodeIgniter\CodeIgniter->handleRequest(NULL, Object(Config\Cache), false)
#5 C:\Users\ganda\Documents\GitHub\hera\public\index.php(37): CodeIgniter\CodeIgniter->run()
#6 C:\Users\ganda\Documents\GitHub\hera\system\Commands\Server\rewrite.php(43): require_once('C:\\Users\\ganda\\...')
#7 {main}
